,number,value,datetime_start,datetime_complete,duration,params_bagging_fraction,params_bagging_freq,params_feature_fraction,params_lambda_l1,params_lambda_l2,params_min_child_samples,params_num_leaves,state,best_trial,dev_acc,dev_recall_macro,dev_precision_macro,dev_f1_macro,dev_recall_0,dev_precision_0,dev_f1_0,dev_recall_1,dev_precision_1,dev_f1_1,test_acc,test_recall_macro,test_precision_macro,test_f1_macro,test_recall_0,test_precision_0,test_f1_0,test_recall_1,test_precision_1,test_f1_1
0,0,0.5636363636363636,2023-08-24 14:04:01.275316,2023-08-24 14:04:01.797468,0 days 00:00:00.522152,0.9,3,0.6000000000000001,5.026067768688866e-08,1.1542728736680708e-05,80,252,COMPLETE,0.0,,,,,,,,,,,,,,,,,,,,
1,1,0.5486397798242829,2023-08-24 14:04:01.277646,2023-08-24 14:04:01.659799,0 days 00:00:00.382153,0.6000000000000001,2,0.6000000000000001,1.57671953647134e-08,0.3782377497798425,40,86,COMPLETE,0.0,,,,,,,,,,,,,,,,,,,,
2,2,0.6014521984671238,2023-08-24 14:04:01.279380,2023-08-24 14:04:01.452222,0 days 00:00:00.172842,0.6000000000000001,1,0.5,5.2644909444951834e-06,0.00015214196723218636,90,46,COMPLETE,0.0,,,,,,,,,,,,,,,,,,,,
3,3,0.51886501490696,2023-08-24 14:04:01.282241,2023-08-24 14:04:01.735432,0 days 00:00:00.453191,0.6000000000000001,1,1.0,3.1941039294306285e-05,6.363889415711045e-07,40,132,COMPLETE,0.0,,,,,,,,,,,,,,,,,,,,
4,4,0.5616325691374524,2023-08-24 14:04:01.285368,2023-08-24 14:04:01.602952,0 days 00:00:00.317584,0.6000000000000001,2,0.4,1.428380595237334e-08,9.732343979666773e-06,50,142,COMPLETE,0.0,,,,,,,,,,,,,,,,,,,,
5,5,0.5964052287581698,2023-08-24 14:04:01.287574,2023-08-24 14:04:01.553889,0 days 00:00:00.266315,0.7000000000000001,3,0.5,0.1494930093767184,0.11400503455759714,80,84,COMPLETE,0.0,,,,,,,,,,,,,,,,,,,,
6,6,0.6174990321331785,2023-08-24 14:04:01.291232,2023-08-24 14:04:01.410596,0 days 00:00:00.119364,0.5,3,0.4,4.664378368427871e-05,0.0029372605114804007,90,205,COMPLETE,0.0,,,,,,,,,,,,,,,,,,,,
7,7,0.5830163462526987,2023-08-24 14:04:01.293768,2023-08-24 14:04:02.217891,0 days 00:00:00.924123,0.8,3,0.9,1.475537573919688e-08,0.0025567457960735535,30,217,COMPLETE,0.0,,,,,,,,,,,,,,,,,,,,
8,8,0.6124223602484473,2023-08-24 14:04:01.453387,2023-08-24 14:04:01.873245,0 days 00:00:00.419858,0.7000000000000001,3,0.7000000000000001,2.6564116412877852e-08,0.044284034901542736,90,215,COMPLETE,0.0,,,,,,,,,,,,,,,,,,,,
9,9,0.5339308578745199,2023-08-24 14:04:01.496281,2023-08-24 14:04:02.046845,0 days 00:00:00.550564,0.7000000000000001,1,0.4,2.6422527895213364e-07,0.03033983430956679,60,172,COMPLETE,0.0,,,,,,,,,,,,,,,,,,,,
10,10,0.5411764705882353,2023-08-24 14:04:01.596081,2023-08-24 14:04:02.423118,0 days 00:00:00.827037,1.0,2,0.9,6.847056048493654e-05,4.005546699543045e-08,60,98,COMPLETE,0.0,,,,,,,,,,,,,,,,,,,,
11,11,0.634375,2023-08-24 14:04:01.643104,2023-08-24 14:04:01.996571,0 days 00:00:00.353467,0.5,3,1.0,0.00152288236356928,8.78684587965472e-05,60,23,COMPLETE,0.0,,,,,,,,,,,,,,,,,,,,
12,12,0.5337295381086435,2023-08-24 14:04:01.702019,2023-08-24 14:04:02.559143,0 days 00:00:00.857124,1.0,1,0.6000000000000001,0.009364833783841793,0.00018564610887415945,50,256,COMPLETE,0.0,,,,,,,,,,,,,,,,,,,,
13,13,0.6204775310186633,2023-08-24 14:04:01.777482,2023-08-24 14:04:02.257907,0 days 00:00:00.480425,0.6000000000000001,2,0.5,0.0002377502142643819,0.00021810354571098788,80,198,COMPLETE,0.0,,,,,,,,,,,,,,,,,,,,
14,14,0.5964052287581698,2023-08-24 14:04:01.837838,2023-08-24 14:04:02.136886,0 days 00:00:00.299048,0.7000000000000001,3,0.8,0.006669814169714639,2.423025988475296e-08,100,35,COMPLETE,0.0,,,,,,,,,,,,,,,,,,,,
15,15,0.5884322678843226,2023-08-24 14:04:01.927814,2023-08-24 14:04:03.062029,0 days 00:00:01.134215,0.9,1,0.4,0.000874516068534375,3.004248089967106e-06,30,96,COMPLETE,0.0,,,,,,,,,,,,,,,,,,,,
16,16,0.6124223602484473,2023-08-24 14:04:02.036961,2023-08-24 14:04:02.640694,0 days 00:00:00.603733,0.5,1,0.5,4.720780321405539e-06,0.09208916369963355,70,236,COMPLETE,0.0,,,,,,,,,,,,,,,,,,,,
17,17,0.5645933014354066,2023-08-24 14:04:02.087693,2023-08-24 14:04:02.705917,0 days 00:00:00.618224,0.4,2,1.0,0.00503471695348714,1.5757234100173827e-08,10,5,COMPLETE,0.0,,,,,,,,,,,,,,,,,,,,
18,18,0.5462201927955352,2023-08-24 14:04:02.176364,2023-08-24 14:04:03.172393,0 days 00:00:00.996029,0.4,2,1.0,0.0007321442224521635,0.0016901664474846159,20,197,COMPLETE,0.0,,,,,,,,,,,,,,,,,,,,
19,19,0.606060606060606,2023-08-24 14:04:02.309861,2023-08-24 14:04:02.813325,0 days 00:00:00.503464,0.4,2,1.0,0.0013992339068702139,0.00037273425293823297,60,16,COMPLETE,0.0,,,,,,,,,,,,,,,,,,,,
20,20,0.5407712687665588,2023-08-24 14:04:02.319430,2023-08-24 14:04:02.899668,0 days 00:00:00.580238,0.4,2,1.0,0.0020372431848844647,0.00021609234913076502,10,6,COMPLETE,0.0,,,,,,,,,,,,,,,,,,,,
21,21,0.6512820512820513,2023-08-24 14:04:02.464432,2023-08-24 14:04:02.981255,0 days 00:00:00.516823,0.4,2,0.7000000000000001,0.001084197654489689,0.00027693418784450726,70,173,COMPLETE,0.0,,,,,,,,,,,,,,,,,,,,
22,22,0.5262939958592132,2023-08-24 14:04:02.616940,2023-08-24 14:04:03.719565,0 days 00:00:01.102625,0.4,2,1.0,0.0008801594442250465,0.0011624855863843872,10,16,COMPLETE,0.0,,,,,,,,,,,,,,,,,,,,
23,23,0.5554165363361485,2023-08-24 14:04:02.687129,2023-08-24 14:04:03.238053,0 days 00:00:00.550924,0.4,2,1.0,0.001061171831754268,0.0008672751422001694,10,3,COMPLETE,0.0,,,,,,,,,,,,,,,,,,,,
24,24,0.6512820512820513,2023-08-24 14:04:02.759142,2023-08-24 14:04:03.309630,0 days 00:00:00.550488,0.4,2,0.8,0.0005638569727171483,0.0009117518445057191,70,177,COMPLETE,0.0,,,,,,,,,,,,,,,,,,,,
25,25,0.6044001233679449,2023-08-24 14:04:02.852443,2023-08-24 14:04:03.446797,0 days 00:00:00.594354,0.5,2,0.8,0.0006386055180580827,1.3884607618691281e-05,70,169,COMPLETE,0.0,,,,,,,,,,,,,,,,,,,,
26,26,0.6044001233679449,2023-08-24 14:04:02.938946,2023-08-24 14:04:03.530990,0 days 00:00:00.592044,0.5,2,0.8,0.0005349136583566956,1.3087276786892671e-05,70,167,COMPLETE,0.0,,,,,,,,,,,,,,,,,,,,
27,27,0.6124223602484473,2023-08-24 14:04:03.021269,2023-08-24 14:04:03.581903,0 days 00:00:00.560634,0.5,2,0.8,0.08077112173129956,1.674371109320556e-05,70,161,COMPLETE,0.0,,,,,,,,,,,,,,,,,,,,
28,28,0.6044001233679449,2023-08-24 14:04:03.106457,2023-08-24 14:04:03.661110,0 days 00:00:00.554653,0.5,2,0.8,0.0004159051208573459,3.289399710535654e-05,70,169,COMPLETE,0.0,,,,,,,,,,,,,,,,,,,,
29,29,0.6044001233679449,2023-08-24 14:04:03.216901,2023-08-24 14:04:03.825408,0 days 00:00:00.608507,0.5,2,0.7000000000000001,0.0003481399853951007,3.32380284895376e-05,70,171,COMPLETE,0.0,,,,,,,,,,,,,,,,,,,,
30,30,0.6044001233679449,2023-08-24 14:04:03.285757,2023-08-24 14:04:03.999261,0 days 00:00:00.713504,0.5,2,0.7000000000000001,0.00024604064513910533,4.20162053741479e-05,70,167,COMPLETE,0.0,,,,,,,,,,,,,,,,,,,,
31,31,0.6124223602484473,2023-08-24 14:04:03.358310,2023-08-24 14:04:03.944271,0 days 00:00:00.585961,0.5,2,0.8,0.025703253332620614,0.007669823019728869,70,163,COMPLETE,0.0,,,,,,,,,,,,,,,,,,,,
32,32,0.6350877192982456,2023-08-24 14:04:03.487742,2023-08-24 14:04:04.125708,0 days 00:00:00.637966,0.5,3,0.8,0.03864820073553134,5.5217630018240536e-05,70,162,COMPLETE,0.0,,,,,,,,,,,,,,,,,,,,
33,33,0.6350877192982456,2023-08-24 14:04:03.572370,2023-08-24 14:04:04.271935,0 days 00:00:00.699565,0.5,3,0.7000000000000001,0.07364493170211478,0.00825416981545742,70,152,COMPLETE,0.0,,,,,,,,,,,,,,,,,,,,
34,34,0.6124223602484473,2023-08-24 14:04:03.624486,2023-08-24 14:04:04.344059,0 days 00:00:00.719573,0.4,3,0.7000000000000001,0.6714974540599751,0.008025514719232463,50,119,COMPLETE,0.0,,,,,,,,,,,,,,,,,,,,
35,35,0.6267942583732058,2023-08-24 14:04:03.708930,2023-08-24 14:04:04.444963,0 days 00:00:00.736033,0.4,3,0.7000000000000001,0.04138677816675996,0.007837023377679646,50,113,COMPLETE,0.0,,,,,,,,,,,,,,,,,,,,
36,36,0.6267942583732058,2023-08-24 14:04:03.769075,2023-08-24 14:04:04.490371,0 days 00:00:00.721296,0.4,3,0.7000000000000001,0.04086427361186949,0.005141331231440715,50,147,COMPLETE,0.0,,,,,,,,,,,,,,,,,,,,
37,37,0.6267942583732058,2023-08-24 14:04:03.871932,2023-08-24 14:04:04.591749,0 days 00:00:00.719817,0.4,3,0.9,0.03161762112127319,0.005503266863352553,50,117,COMPLETE,0.0,,,,,,,,,,,,,,,,,,,,
38,38,0.6124223602484473,2023-08-24 14:04:04.002982,2023-08-24 14:04:04.675482,0 days 00:00:00.672500,0.6000000000000001,3,0.6000000000000001,0.00015119222519536035,0.0004961504536137468,80,195,COMPLETE,0.0,,,,,,,,,,,,,,,,,,,,
39,39,0.6124223602484473,2023-08-24 14:04:04.049118,2023-08-24 14:04:04.715761,0 days 00:00:00.666643,0.6000000000000001,3,0.6000000000000001,0.6090655459871008,8.933724285333525e-05,80,190,COMPLETE,0.0,,,,,,,,,,,,,,,,,,,,
40,40,0.5964052287581698,2023-08-24 14:04:04.171630,2023-08-24 14:04:04.787179,0 days 00:00:00.615549,0.4,3,0.9,0.8450370694926866,0.0005744906018777948,50,114,COMPLETE,0.0,,,,,,,,,,,,,,,,,,,,
41,41,0.6174990321331785,2023-08-24 14:04:04.313938,2023-08-24 14:04:04.960612,0 days 00:00:00.646674,0.4,3,0.6000000000000001,0.05575063826381296,0.006767422142569886,80,139,COMPLETE,0.0,,,,,,,,,,,,,,,,,,,,
42,42,0.6124223602484473,2023-08-24 14:04:04.386777,2023-08-24 14:04:05.047158,0 days 00:00:00.660381,0.6000000000000001,3,0.6000000000000001,0.029846722499481466,0.0004885260636584213,80,147,COMPLETE,0.0,,,,,,,,,,,,,,,,,,,,
43,43,0.6124223602484473,2023-08-24 14:04:04.534801,2023-08-24 14:04:05.163262,0 days 00:00:00.628461,0.6000000000000001,3,0.6000000000000001,0.31072090278611364,0.0003628161712728873,80,188,COMPLETE,0.0,,,,,,,,,,,,,,,,,,,,
44,44,0.6124223602484473,2023-08-24 14:04:04.539161,2023-08-24 14:04:05.248436,0 days 00:00:00.709275,0.6000000000000001,3,0.6000000000000001,0.2006409429511061,0.0004883705804088556,80,189,COMPLETE,0.0,,,,,,,,,,,,,,,,,,,,
45,45,0.6124223602484473,2023-08-24 14:04:04.646737,2023-08-24 14:04:05.336138,0 days 00:00:00.689401,0.6000000000000001,3,0.6000000000000001,0.37576768985235093,0.0007024606623716359,80,186,COMPLETE,0.0,,,,,,,,,,,,,,,,,,,,
46,46,0.6257839004831911,2023-08-24 14:04:04.758761,2023-08-24 14:04:05.474757,0 days 00:00:00.715996,0.8,3,0.9,0.1879125214092073,0.9006462110023915,90,144,COMPLETE,0.0,,,,,,,,,,,,,,,,,,,,
47,47,0.6095383054287165,2023-08-24 14:04:04.769377,2023-08-24 14:04:05.413732,0 days 00:00:00.644355,0.6000000000000001,3,0.9,0.20535357622370926,0.9721643822089843,90,138,COMPLETE,0.0,,,,,,,,,,,,,,,,,,,,
48,48,0.5326797385620915,2023-08-24 14:04:04.826864,2023-08-24 14:04:05.622809,0 days 00:00:00.795945,0.8,3,0.9,0.0030793949466592137,7.753191928521302e-05,60,140,COMPLETE,0.0,,,,,,,,,,,,,,,,,,,,
49,49,0.6124223602484473,2023-08-24 14:04:05.005548,2023-08-24 14:04:05.701601,0 days 00:00:00.696053,0.6000000000000001,3,0.9,0.003244391672830503,5.9795124165277634e-05,60,60,COMPLETE,0.0,,,,,,,,,,,,,,,,,,,,
50,50,0.6044001233679449,2023-08-24 14:04:05.091948,2023-08-24 14:04:05.782152,0 days 00:00:00.690204,0.6000000000000001,3,0.9,0.16692597145149113,7.844155156303238e-05,60,58,COMPLETE,0.0,,,,,,,,,,,,,,,,,,,,
51,51,0.5411764705882353,2023-08-24 14:04:05.203898,2023-08-24 14:04:05.934639,0 days 00:00:00.730741,0.8,3,0.9,0.013797821835057884,8.486012985919727e-05,60,76,COMPLETE,0.0,,,,,,,,,,,,,,,,,,,,
52,52,0.5326797385620915,2023-08-24 14:04:05.291090,2023-08-24 14:04:06.037490,0 days 00:00:00.746400,0.8,3,0.9,0.0035337747096389305,0.00010597609310176408,60,69,COMPLETE,0.0,,,,,,,,,,,,,,,,,,,,
53,53,0.5326797385620915,2023-08-24 14:04:05.381648,2023-08-24 14:04:06.307360,0 days 00:00:00.925712,0.8,3,0.9,0.002801233042463606,0.00011267962722740758,60,68,COMPLETE,0.0,,,,,,,,,,,,,,,,,,,,
54,54,0.634375,2023-08-24 14:04:05.457965,2023-08-24 14:04:06.140899,0 days 00:00:00.682934,0.5,3,0.9,0.003052532527515539,0.00012362789637849155,60,216,COMPLETE,0.0,,,,,,,,,,,,,,,,,,,,
55,55,0.6267942583732058,2023-08-24 14:04:05.539972,2023-08-24 14:04:06.231241,0 days 00:00:00.691269,0.5,2,0.8,0.0035420791727177807,0.00011424055335253068,60,75,COMPLETE,0.0,,,,,,,,,,,,,,,,,,,,
56,56,0.6267942583732058,2023-08-24 14:04:05.682442,2023-08-24 14:04:06.433232,0 days 00:00:00.750790,0.5,2,0.8,0.010465333587685366,0.00013693946494407145,60,68,COMPLETE,0.0,,,,,,,,,,,,,,,,,,,,
57,57,0.49748123779171377,2023-08-24 14:04:05.748537,2023-08-24 14:04:06.574660,0 days 00:00:00.826123,0.5,1,0.8,0.010930442424304215,0.000131376344930044,40,72,COMPLETE,0.0,,,,,,,,,,,,,,,,,,,,
58,58,0.634375,2023-08-24 14:04:05.827448,2023-08-24 14:04:06.471806,0 days 00:00:00.644358,0.5,3,0.7000000000000001,0.013880180253832837,0.0018823333951403533,60,216,COMPLETE,0.0,,,,,,,,,,,,,,,,,,,,
59,59,0.5566570833746406,2023-08-24 14:04:05.976183,2023-08-24 14:04:06.653746,0 days 00:00:00.677563,0.5,3,0.7000000000000001,0.010594627121634928,0.0019243638805371275,40,154,COMPLETE,0.0,,,,,,,,,,,,,,,,,,,,
60,60,0.5462201927955352,2023-08-24 14:04:06.079519,2023-08-24 14:04:06.777343,0 days 00:00:00.697824,0.5,2,0.7000000000000001,0.02110801594372509,0.00199855553448334,30,212,COMPLETE,0.0,,,,,,,,,,,,,,,,,,,,
61,61,0.5554165363361485,2023-08-24 14:04:06.197498,2023-08-24 14:04:06.925405,0 days 00:00:00.727907,0.5,2,0.8,0.01059084990075624,0.0002086591839708831,40,215,COMPLETE,0.0,,,,,,,,,,,,,,,,,,,,
62,62,0.49748123779171377,2023-08-24 14:04:06.277517,2023-08-24 14:04:06.997853,0 days 00:00:00.720336,0.5,1,0.7000000000000001,0.009620205059564367,0.001926928437872493,40,228,COMPLETE,0.0,,,,,,,,,,,,,,,,,,,,
63,63,0.5554165363361485,2023-08-24 14:04:06.351007,2023-08-24 14:04:07.151651,0 days 00:00:00.800644,0.5,2,0.8,0.0015951868293897337,0.001417657409963945,40,228,COMPLETE,0.0,,,,,,,,,,,,,,,,,,,,
64,64,0.6124223602484473,2023-08-24 14:04:06.513230,2023-08-24 14:04:07.192121,0 days 00:00:00.678891,0.5,1,0.8,0.006854166960216085,0.00025048582887902547,70,223,COMPLETE,0.0,,,,,,,,,,,,,,,,,,,,
65,65,0.6124223602484473,2023-08-24 14:04:06.515523,2023-08-24 14:04:07.076845,0 days 00:00:00.561322,0.5,1,0.8,0.001253445022119247,0.0002231173108065987,70,231,COMPLETE,0.0,,,,,,,,,,,,,,,,,,,,
66,66,0.6512820512820513,2023-08-24 14:04:06.619881,2023-08-24 14:04:07.251878,0 days 00:00:00.631997,0.4,2,1.0,0.001609039673168219,4.967862003678373e-06,70,246,COMPLETE,0.0,,,,,,,,,,,,,,,,,,,,
67,67,0.6512820512820513,2023-08-24 14:04:06.699084,2023-08-24 14:04:07.371942,0 days 00:00:00.672858,0.4,2,0.8,0.0016827786309054503,0.0002346164918291723,70,228,COMPLETE,0.0,,,,,,,,,,,,,,,,,,,,
68,68,0.6597600872410033,2023-08-24 14:04:06.821592,2023-08-24 14:04:07.317199,0 days 00:00:00.495607,0.4,3,0.7000000000000001,0.0016811927950120763,0.00030757313822364526,70,241,COMPLETE,1.0,0.6826923076923077,0.6574532977506672,0.6735294117647059,0.6597600872410033,0.5116279069767442,0.6470588235294118,0.5714285714285715,0.8032786885245902,0.7,0.7480916030534351,0.5343173431734317,0.5251908396946565,0.5361497821623517,0.4908287175688077,0.250381679389313,0.5394736842105263,0.3420229405630866,0.8,0.532825880114177,0.6396344945745288
69,69,0.6597600872410033,2023-08-24 14:04:06.966540,2023-08-24 14:04:07.621736,0 days 00:00:00.655196,0.4,3,0.7000000000000001,0.0014647791145099706,0.0011440719386291186,70,236,COMPLETE,0.0,,,,,,,,,,,,,,,,,,,,
70,70,0.6597600872410033,2023-08-24 14:04:07.040641,2023-08-24 14:04:07.729701,0 days 00:00:00.689060,0.4,3,0.7000000000000001,0.00516593827894378,0.0002613459942539523,70,246,COMPLETE,0.0,,,,,,,,,,,,,,,,,,,,
71,71,0.6512820512820513,2023-08-24 14:04:07.123592,2023-08-24 14:04:07.825523,0 days 00:00:00.701931,0.4,3,1.0,0.08910751818899985,0.000934666701227226,70,180,COMPLETE,0.0,,,,,,,,,,,,,,,,,,,,
72,72,0.6597600872410033,2023-08-24 14:04:07.230756,2023-08-24 14:04:07.888958,0 days 00:00:00.658202,0.4,3,1.0,0.0006796910031626508,0.001187256412346101,70,248,COMPLETE,0.0,,,,,,,,,,,,,,,,,,,,
73,73,0.6597600872410033,2023-08-24 14:04:07.233228,2023-08-24 14:04:07.933034,0 days 00:00:00.699806,0.4,3,1.0,0.005987423222318248,0.0011281163729481582,70,244,COMPLETE,0.0,,,,,,,,,,,,,,,,,,,,
74,74,0.6512820512820513,2023-08-24 14:04:07.299872,2023-08-24 14:04:08.056509,0 days 00:00:00.756637,0.4,2,1.0,0.0017428884289562227,2.4739726569034283e-06,70,245,COMPLETE,0.0,,,,,,,,,,,,,,,,,,,,
75,75,0.6512820512820513,2023-08-24 14:04:07.367390,2023-08-24 14:04:08.007134,0 days 00:00:00.639744,0.4,2,1.0,0.0007352703973581071,4.000283989400889e-06,70,205,COMPLETE,0.0,,,,,,,,,,,,,,,,,,,,
76,76,0.6512820512820513,2023-08-24 14:04:07.419245,2023-08-24 14:04:08.123468,0 days 00:00:00.704223,0.4,2,0.5,0.00010344433482534087,5.565674395431625e-06,70,246,COMPLETE,0.0,,,,,,,,,,,,,,,,,,,,
77,77,0.6512820512820513,2023-08-24 14:04:07.660306,2023-08-24 14:04:08.264401,0 days 00:00:00.604095,0.4,2,0.5,0.0006309296463225829,0.0008751319694583338,70,246,COMPLETE,0.0,,,,,,,,,,,,,,,,,,,,
78,78,0.6512820512820513,2023-08-24 14:04:07.771365,2023-08-24 14:04:08.390268,0 days 00:00:00.618903,0.4,2,0.7000000000000001,0.0007933690994651112,0.0009301281919248487,70,245,COMPLETE,0.0,,,,,,,,,,,,,,,,,,,,
79,79,0.59375,2023-08-24 14:04:07.865300,2023-08-24 14:04:08.602517,0 days 00:00:00.737217,0.4,2,1.0,0.0004545617164042611,0.0007718540401665643,90,243,COMPLETE,0.0,,,,,,,,,,,,,,,,,,,,
80,80,0.6512820512820513,2023-08-24 14:04:07.978314,2023-08-24 14:04:08.710947,0 days 00:00:00.732633,0.4,2,1.0,0.0006108048135021866,0.0009858544153056256,70,244,COMPLETE,0.0,,,,,,,,,,,,,,,,,,,,
81,81,0.6512820512820513,2023-08-24 14:04:07.988058,2023-08-24 14:04:08.935237,0 days 00:00:00.947179,0.4,2,1.0,0.0007682300442267378,0.0006711615897908043,70,246,COMPLETE,0.0,,,,,,,,,,,,,,,,,,,,
82,82,0.6512820512820513,2023-08-24 14:04:08.051409,2023-08-24 14:04:08.878427,0 days 00:00:00.827018,0.4,2,1.0,0.00043190472499148687,0.0009789198064373995,70,246,COMPLETE,0.0,,,,,,,,,,,,,,,,,,,,
83,83,0.59375,2023-08-24 14:04:08.108145,2023-08-24 14:04:08.756400,0 days 00:00:00.648255,0.4,2,1.0,0.0004165573489972582,0.0007850179995523696,90,246,COMPLETE,0.0,,,,,,,,,,,,,,,,,,,,
84,84,0.6142355889724311,2023-08-24 14:04:08.168573,2023-08-24 14:04:08.836866,0 days 00:00:00.668293,0.4,2,1.0,0.00043377976106398535,0.0033298565056366983,80,252,COMPLETE,0.0,,,,,,,,,,,,,,,,,,,,
85,85,0.59375,2023-08-24 14:04:08.313508,2023-08-24 14:04:09.039439,0 days 00:00:00.725931,0.4,2,1.0,0.005391625593024037,0.0008295772694382499,90,250,COMPLETE,0.0,,,,,,,,,,,,,,,,,,,,
86,86,0.603507434235608,2023-08-24 14:04:08.433613,2023-08-24 14:04:08.934860,0 days 00:00:00.501247,0.4,3,1.0,0.0003753265844195693,0.0032009415908590684,100,256,COMPLETE,0.0,,,,,,,,,,,,,,,,,,,,
87,87,0.6174990321331785,2023-08-24 14:04:08.646736,2023-08-24 14:04:09.286532,0 days 00:00:00.639796,0.4,3,1.0,0.00029038015071836056,0.0036012729063898555,80,255,COMPLETE,0.0,,,,,,,,,,,,,,,,,,,,
88,88,0.6142355889724311,2023-08-24 14:04:08.755070,2023-08-24 14:04:09.477773,0 days 00:00:00.722703,0.4,2,0.7000000000000001,0.005899009316993436,0.00034027535470706116,80,253,COMPLETE,0.0,,,,,,,,,,,,,,,,,,,,
89,89,0.6142355889724311,2023-08-24 14:04:08.804368,2023-08-24 14:04:09.539945,0 days 00:00:00.735577,0.4,2,0.7000000000000001,0.005347569757559624,0.0003508842802678933,80,254,COMPLETE,0.0,,,,,,,,,,,,,,,,,,,,
90,90,0.6142355889724311,2023-08-24 14:04:08.926181,2023-08-24 14:04:09.629880,0 days 00:00:00.703699,0.4,2,0.7000000000000001,0.005362254146748427,0.0002971556631839264,80,256,COMPLETE,0.0,,,,,,,,,,,,,,,,,,,,
91,91,0.6174990321331785,2023-08-24 14:04:09.027514,2023-08-24 14:04:09.682195,0 days 00:00:00.654681,0.4,3,0.7000000000000001,0.00023476634099959853,0.00032369002539100843,80,236,COMPLETE,0.0,,,,,,,,,,,,,,,,,,,,
92,92,0.6174990321331785,2023-08-24 14:04:09.031087,2023-08-24 14:04:09.891130,0 days 00:00:00.860043,0.4,3,0.7000000000000001,0.005428928478609136,0.0004079073133995668,80,234,COMPLETE,0.0,,,,,,,,,,,,,,,,,,,,
93,93,0.6174990321331785,2023-08-24 14:04:09.040279,2023-08-24 14:04:09.809975,0 days 00:00:00.769696,0.4,3,0.7000000000000001,0.0012038153134280606,0.0004379388889787861,80,236,COMPLETE,0.0,,,,,,,,,,,,,,,,,,,,
94,94,0.6174990321331785,2023-08-24 14:04:09.106010,2023-08-24 14:04:09.757002,0 days 00:00:00.650992,0.4,3,0.7000000000000001,0.0012597565997134192,0.00031842126957840175,80,236,COMPLETE,0.0,,,,,,,,,,,,,,,,,,,,
95,95,0.6174990321331785,2023-08-24 14:04:09.331040,2023-08-24 14:04:09.971936,0 days 00:00:00.640896,0.4,3,0.7000000000000001,0.001215481423471449,0.0003361093118804427,80,237,COMPLETE,0.0,,,,,,,,,,,,,,,,,,,,
96,96,0.6174990321331785,2023-08-24 14:04:09.520532,2023-08-24 14:04:10.254201,0 days 00:00:00.733669,0.4,3,0.7000000000000001,0.0011784541705633534,0.0003151972180811499,80,236,COMPLETE,0.0,,,,,,,,,,,,,,,,,,,,
97,97,0.6597600872410033,2023-08-24 14:04:09.586612,2023-08-24 14:04:10.377453,0 days 00:00:00.790841,0.4,3,0.7000000000000001,0.0011198163931019152,0.0002941861329879734,70,236,COMPLETE,0.0,,,,,,,,,,,,,,,,,,,,
98,98,0.6597600872410033,2023-08-24 14:04:09.680180,2023-08-24 14:04:10.461480,0 days 00:00:00.781300,0.4,3,0.7000000000000001,0.000967803795947011,0.0003706633507666269,70,236,COMPLETE,0.0,,,,,,,,,,,,,,,,,,,,
99,99,0.6597600872410033,2023-08-24 14:04:09.726238,2023-08-24 14:04:10.536895,0 days 00:00:00.810657,0.4,3,0.7000000000000001,0.001917093782972152,0.00019675243293504113,70,237,COMPLETE,0.0,,,,,,,,,,,,,,,,,,,,
100,100,0.6597600872410033,2023-08-24 14:04:09.863695,2023-08-24 14:04:10.650268,0 days 00:00:00.786573,0.4,3,1.0,0.0020016053249801553,0.0013914018303870736,70,222,COMPLETE,0.0,,,,,,,,,,,,,,,,,,,,
101,101,0.6597600872410033,2023-08-24 14:04:09.866890,2023-08-24 14:04:10.725446,0 days 00:00:00.858556,0.4,3,0.6000000000000001,0.0025605318205049396,0.0001865642712296809,70,205,COMPLETE,0.0,,,,,,,,,,,,,,,,,,,,
