,number,value,datetime_start,datetime_complete,duration,params_bagging_fraction,params_bagging_freq,params_feature_fraction,params_lambda_l1,params_lambda_l2,params_min_child_samples,params_num_leaves,state,best_trial,dev_acc,dev_recall_macro,dev_precision_macro,dev_f1_macro,dev_recall_0,dev_precision_0,dev_f1_0,dev_recall_1,dev_precision_1,dev_f1_1,test_acc,test_recall_macro,test_precision_macro,test_f1_macro,test_recall_0,test_precision_0,test_f1_0,test_recall_1,test_precision_1,test_f1_1
200,200,0.5152319927503493,2023-08-23 23:28:42.821013,2023-08-23 23:28:44.311802,0 days 00:00:01.490789,0.8,1,0.7000000000000001,1.1983103533781726e-07,0.0012489366078028018,100,93,COMPLETE,0.0,,,,,,,,,,,,,,,,,,,,
201,201,0.5152319927503493,2023-08-23 23:28:43.244961,2023-08-23 23:28:44.819400,0 days 00:00:01.574439,0.8,1,0.7000000000000001,1.1963084703559375e-07,4.110160158103212e-05,100,97,COMPLETE,0.0,,,,,,,,,,,,,,,,,,,,
202,202,0.5058030016829551,2023-08-23 23:28:43.370739,2023-08-23 23:28:45.040085,0 days 00:00:01.669346,0.8,1,0.7000000000000001,1.230741115911209e-07,0.0004505969876666141,90,86,COMPLETE,0.0,,,,,,,,,,,,,,,,,,,,
203,203,0.5058030016829551,2023-08-23 23:28:43.826057,2023-08-23 23:28:45.387133,0 days 00:00:01.561076,0.8,1,0.7000000000000001,1.2586396372838324e-07,0.00041024012353030304,90,95,COMPLETE,0.0,,,,,,,,,,,,,,,,,,,,
204,204,0.5152319927503493,2023-08-23 23:28:44.140162,2023-08-23 23:28:45.488504,0 days 00:00:01.348342,0.8,1,0.7000000000000001,1.1899899339824763e-07,3.532684319836788e-05,100,92,COMPLETE,0.0,,,,,,,,,,,,,,,,,,,,
205,205,0.5152319927503493,2023-08-23 23:28:44.361304,2023-08-23 23:28:46.126817,0 days 00:00:01.765513,0.8,1,0.7000000000000001,1.6726830633948086e-07,0.00041331009044858993,100,97,COMPLETE,0.0,,,,,,,,,,,,,,,,,,,,
206,206,0.5152319927503493,2023-08-23 23:28:44.421732,2023-08-23 23:28:46.078356,0 days 00:00:01.656624,0.8,1,0.7000000000000001,2.0485370088009014e-07,3.255901727704648e-05,100,98,COMPLETE,0.0,,,,,,,,,,,,,,,,,,,,
207,207,0.507182320441989,2023-08-23 23:28:44.514293,2023-08-23 23:28:46.419090,0 days 00:00:01.904797,0.8,2,0.8,2.474307782840911e-07,0.00044170212059160623,100,101,COMPLETE,0.0,,,,,,,,,,,,,,,,,,,,
208,208,0.5152319927503493,2023-08-23 23:28:44.594350,2023-08-23 23:28:46.211693,0 days 00:00:01.617343,0.8,1,0.7000000000000001,1.88012254629485e-07,3.213392565264452e-05,100,100,COMPLETE,0.0,,,,,,,,,,,,,,,,,,,,
209,209,0.5152319927503493,2023-08-23 23:28:44.862992,2023-08-23 23:28:46.295595,0 days 00:00:01.432603,0.8,1,0.7000000000000001,2.4645835940194326e-07,0.000444889399785546,100,151,COMPLETE,0.0,,,,,,,,,,,,,,,,,,,,
210,210,0.5152319927503493,2023-08-23 23:28:45.083084,2023-08-23 23:28:46.509910,0 days 00:00:01.426826,0.8,1,0.7000000000000001,1.2516129284527552e-05,0.00014789727059131392,100,151,COMPLETE,0.0,,,,,,,,,,,,,,,,,,,,
211,211,0.5152319927503493,2023-08-23 23:28:45.431899,2023-08-23 23:28:46.744601,0 days 00:00:01.312702,0.8,1,0.7000000000000001,2.15732448887346e-07,3.111566638120381e-05,100,153,COMPLETE,0.0,,,,,,,,,,,,,,,,,,,,
212,212,0.5152319927503493,2023-08-23 23:28:45.531219,2023-08-23 23:28:46.815365,0 days 00:00:01.284146,0.8,1,0.7000000000000001,2.05270919946575e-07,0.00012703239512364294,100,152,COMPLETE,0.0,,,,,,,,,,,,,,,,,,,,
213,213,0.507182320441989,2023-08-23 23:28:46.123558,2023-08-23 23:28:47.856873,0 days 00:00:01.733315,0.8,2,0.8,3.2937565543822125e-07,0.0006749527758520947,100,154,COMPLETE,0.0,,,,,,,,,,,,,,,,,,,,
214,214,0.507182320441989,2023-08-23 23:28:46.179935,2023-08-23 23:28:47.853771,0 days 00:00:01.673836,0.8,2,0.8,2.834925931765999e-07,0.00014013901472779543,100,161,COMPLETE,0.0,,,,,,,,,,,,,,,,,,,,
215,215,0.5152319927503493,2023-08-23 23:28:46.255665,2023-08-23 23:28:48.207458,0 days 00:00:01.951793,0.8,1,0.8,2.7697722788591704e-07,0.00014183700807752548,100,154,COMPLETE,0.0,,,,,,,,,,,,,,,,,,,,
216,216,0.5147744864025964,2023-08-23 23:28:46.342168,2023-08-23 23:28:48.034062,0 days 00:00:01.691894,0.8,1,0.8,0.00023384854522842706,0.0007307642918533733,100,163,COMPLETE,0.0,,,,,,,,,,,,,,,,,,,,
217,217,0.503701724287055,2023-08-23 23:28:46.469093,2023-08-23 23:28:50.269355,0 days 00:00:03.800262,0.8,1,0.8,3.826621565048692e-08,0.00013799157716109186,20,155,COMPLETE,0.0,,,,,,,,,,,,,,,,,,,,
218,218,0.515247936487934,2023-08-23 23:28:46.554521,2023-08-23 23:28:48.145205,0 days 00:00:01.590684,0.8,1,0.7000000000000001,3.7844671688179723e-08,0.13029149093534012,100,160,COMPLETE,0.0,,,,,,,,,,,,,,,,,,,,
219,219,0.5152319927503493,2023-08-23 23:28:46.800335,2023-08-23 23:28:48.385461,0 days 00:00:01.585126,0.8,1,0.7000000000000001,3.6552768900735235e-08,0.0008315346604675858,100,158,COMPLETE,0.0,,,,,,,,,,,,,,,,,,,,
220,220,0.5152319927503493,2023-08-23 23:28:46.864250,2023-08-23 23:28:48.489273,0 days 00:00:01.625023,0.8,1,0.7000000000000001,3.649645756286021e-07,0.000781059588437178,100,163,COMPLETE,0.0,,,,,,,,,,,,,,,,,,,,
221,221,0.5152319927503493,2023-08-23 23:28:47.944584,2023-08-23 23:28:49.400270,0 days 00:00:01.455686,0.8,1,0.7000000000000001,3.295189255070789e-08,0.00023256025505986237,100,175,COMPLETE,0.0,,,,,,,,,,,,,,,,,,,,
222,222,0.5152319927503493,2023-08-23 23:28:47.956387,2023-08-23 23:28:50.011979,0 days 00:00:02.055592,0.8,1,0.7000000000000001,3.724856783631308e-08,0.0008547551777426049,100,160,COMPLETE,0.0,,,,,,,,,,,,,,,,,,,,
223,223,0.5152319927503493,2023-08-23 23:28:48.077403,2023-08-23 23:28:49.787715,0 days 00:00:01.710312,0.8,1,0.7000000000000001,3.7926528302022225e-08,0.0009135328876431003,100,176,COMPLETE,0.0,,,,,,,,,,,,,,,,,,,,
224,224,0.5096206706981858,2023-08-23 23:28:48.188457,2023-08-23 23:28:49.837008,0 days 00:00:01.648551,0.8,1,0.7000000000000001,3.514752906150746e-08,0.8252851900776988,100,159,COMPLETE,0.0,,,,,,,,,,,,,,,,,,,,
225,225,0.5152319927503493,2023-08-23 23:28:48.255826,2023-08-23 23:28:49.885911,0 days 00:00:01.630085,0.8,1,0.7000000000000001,4.069209281197218e-08,0.00023822550313942525,100,160,COMPLETE,0.0,,,,,,,,,,,,,,,,,,,,
226,226,0.5072890084298225,2023-08-23 23:28:48.430602,2023-08-23 23:28:50.167781,0 days 00:00:01.737179,0.8,1,0.7000000000000001,3.739611319013956e-08,0.036845681438168416,100,71,COMPLETE,0.0,,,,,,,,,,,,,,,,,,,,
227,227,0.5152319927503493,2023-08-23 23:28:48.534892,2023-08-23 23:28:49.524334,0 days 00:00:00.989442,0.8,1,0.7000000000000001,3.488230580566797e-08,0.00024062435492306242,100,218,COMPLETE,0.0,,,,,,,,,,,,,,,,,,,,
228,228,0.4984054329318406,2023-08-23 23:28:49.441984,2023-08-23 23:28:50.803679,0 days 00:00:01.361695,0.8,1,0.7000000000000001,3.9170101888185694e-08,0.0290073367543317,100,218,COMPLETE,0.0,,,,,,,,,,,,,,,,,,,,
229,229,0.5142909500248698,2023-08-23 23:28:49.568932,2023-08-23 23:28:50.919576,0 days 00:00:01.350644,0.8,1,0.7000000000000001,2.2833403071639106e-06,0.11559023113900635,100,168,COMPLETE,0.0,,,,,,,,,,,,,,,,,,,,
230,230,0.49222011385199244,2023-08-23 23:28:49.834168,2023-08-23 23:28:51.512399,0 days 00:00:01.678231,0.8,1,0.7000000000000001,9.855453204906251e-08,0.043590601902492386,100,138,COMPLETE,0.0,,,,,,,,,,,,,,,,,,,,
231,231,0.5055127810286417,2023-08-23 23:28:49.887133,2023-08-23 23:28:55.243675,0 days 00:00:05.356542,0.8,1,0.7000000000000001,8.320467093778835e-08,0.14734352689406294,20,245,COMPLETE,0.0,,,,,,,,,,,,,,,,,,,,
232,232,0.5152319927503493,2023-08-23 23:28:49.932733,2023-08-23 23:28:51.876829,0 days 00:00:01.944096,0.8,1,0.7000000000000001,1.3903421191426418e-08,0.0005590960124521439,100,126,COMPLETE,0.0,,,,,,,,,,,,,,,,,,,,
233,233,0.5147744864025964,2023-08-23 23:28:50.059955,2023-08-23 23:28:51.717145,0 days 00:00:01.657190,0.8,1,0.7000000000000001,1.4595689590102265e-08,0.002975058357270822,100,167,COMPLETE,0.0,,,,,,,,,,,,,,,,,,,,
234,234,0.49699248120300754,2023-08-23 23:28:50.213794,2023-08-23 23:28:52.108933,0 days 00:00:01.895139,0.8,1,0.7000000000000001,9.023974485062997e-08,0.07333574451037725,100,147,COMPLETE,0.0,,,,,,,,,,,,,,,,,,,,
235,235,0.5152319927503493,2023-08-23 23:28:50.316273,2023-08-23 23:28:52.061576,0 days 00:00:01.745303,0.8,1,0.7000000000000001,7.681190837842176e-08,0.000346436397136883,100,147,COMPLETE,0.0,,,,,,,,,,,,,,,,,,,,
236,236,0.5138353177930571,2023-08-23 23:28:50.845144,2023-08-23 23:28:52.331945,0 days 00:00:01.486801,0.8,1,0.7000000000000001,9.443570990899802e-08,0.15784335423247686,100,147,COMPLETE,0.0,,,,,,,,,,,,,,,,,,,,
237,237,0.5147744864025964,2023-08-23 23:28:50.970626,2023-08-23 23:28:52.396789,0 days 00:00:01.426163,0.8,1,0.7000000000000001,8.788393576304281e-08,0.0030938973801481824,100,147,COMPLETE,0.0,,,,,,,,,,,,,,,,,,,,
238,238,0.5147744864025964,2023-08-23 23:28:51.558038,2023-08-23 23:28:52.929339,0 days 00:00:01.371301,0.8,1,0.7000000000000001,2.0734316951707297e-08,0.002507884148379034,100,244,COMPLETE,0.0,,,,,,,,,,,,,,,,,,,,
239,239,0.4960669967217326,2023-08-23 23:28:51.758836,2023-08-23 23:28:53.198385,0 days 00:00:01.439549,0.8,1,0.7000000000000001,7.847873306905953e-08,0.21488516659167045,100,148,COMPLETE,0.0,,,,,,,,,,,,,,,,,,,,
240,240,0.49514207772414215,2023-08-23 23:28:51.919306,2023-08-23 23:28:53.610219,0 days 00:00:01.690913,0.8,1,0.7000000000000001,9.293372478139815e-08,0.2946874628378669,100,147,COMPLETE,0.0,,,,,,,,,,,,,,,,,,,,
241,241,0.48948816499695463,2023-08-23 23:28:52.105552,2023-08-23 23:28:53.608226,0 days 00:00:01.502674,0.8,1,0.7000000000000001,8.883343869795498e-08,0.3080140753408511,100,111,COMPLETE,0.0,,,,,,,,,,,,,,,,,,,,
242,242,0.5128536115016175,2023-08-23 23:28:52.154590,2023-08-23 23:28:53.921835,0 days 00:00:01.767245,0.8,1,0.7000000000000001,2.1587520756485612e-08,0.4439753426157121,100,82,COMPLETE,0.0,,,,,,,,,,,,,,,,,,,,
243,243,0.4960669967217326,2023-08-23 23:28:52.382218,2023-08-23 23:28:54.173534,0 days 00:00:01.791316,0.8,1,0.7000000000000001,1.6082802095389445e-07,0.2177688170034368,100,221,COMPLETE,0.0,,,,,,,,,,,,,,,,,,,,
244,244,0.5152319927503493,2023-08-23 23:28:52.444075,2023-08-23 23:28:54.028430,0 days 00:00:01.584355,0.8,1,0.7000000000000001,1.932429147565659e-08,0.0005976215527491246,100,214,COMPLETE,0.0,,,,,,,,,,,,,,,,,,,,
245,245,0.504920109437338,2023-08-23 23:28:52.994958,2023-08-23 23:28:54.385041,0 days 00:00:01.390083,0.8,1,0.7000000000000001,1.644273099146029e-07,0.4501334031337606,100,252,COMPLETE,0.0,,,,,,,,,,,,,,,,,,,,
246,246,0.4848609850672386,2023-08-23 23:28:53.242036,2023-08-23 23:28:54.614084,0 days 00:00:01.372048,0.8,1,0.7000000000000001,2.1972510563212986e-08,0.2516503556419462,100,111,COMPLETE,0.0,,,,,,,,,,,,,,,,,,,,
247,247,0.5152319927503493,2023-08-23 23:28:53.696825,2023-08-23 23:28:54.983475,0 days 00:00:01.286650,0.8,1,0.7000000000000001,2.0623026569635908e-08,0.0009983212593514153,100,124,COMPLETE,0.0,,,,,,,,,,,,,,,,,,,,
248,248,0.5152319927503493,2023-08-23 23:28:53.698160,2023-08-23 23:28:54.931443,0 days 00:00:01.233283,0.8,1,0.7000000000000001,2.0701716645272162e-08,0.0008999904765055275,100,124,COMPLETE,0.0,,,,,,,,,,,,,,,,,,,,
249,249,0.5152319927503493,2023-08-23 23:28:53.969093,2023-08-23 23:28:55.150321,0 days 00:00:01.181228,0.8,1,0.7000000000000001,1.5891731598081245e-07,0.0009411809705754029,100,124,COMPLETE,0.0,,,,,,,,,,,,,,,,,,,,
