,number,value,datetime_start,datetime_complete,duration,params_bagging_fraction,params_bagging_freq,params_feature_fraction,params_lambda_l1,params_lambda_l2,params_min_child_samples,params_num_leaves,state,best_trial,dev_acc,dev_recall_macro,dev_precision_macro,dev_f1_macro,dev_recall_0,dev_precision_0,dev_f1_0,dev_recall_1,dev_precision_1,dev_f1_1,test_acc,test_recall_macro,test_precision_macro,test_f1_macro,test_recall_0,test_precision_0,test_f1_0,test_recall_1,test_precision_1,test_f1_1
100,100,0.5016792375071141,2023-08-23 23:28:18.941209,2023-08-23 23:28:20.572826,0 days 00:00:01.631617,0.7000000000000001,1,0.8,1.0190991731365991e-08,0.0003856146170425049,100,248,COMPLETE,0.0,,,,,,,,,,,,,,,,,,,,
101,101,0.5123968792768014,2023-08-23 23:28:19.333113,2023-08-23 23:28:20.214451,0 days 00:00:00.881338,0.6000000000000001,1,0.8,1.6739014211662882e-08,0.00033283953242526076,100,250,COMPLETE,0.0,,,,,,,,,,,,,,,,,,,,
102,102,0.5123968792768014,2023-08-23 23:28:19.765999,2023-08-23 23:28:20.900407,0 days 00:00:01.134408,0.6000000000000001,1,0.8,1.7774535674672694e-08,0.0004053082833587513,100,244,COMPLETE,0.0,,,,,,,,,,,,,,,,,,,,
103,103,0.5090328094325346,2023-08-23 23:28:20.137218,2023-08-23 23:28:25.857821,0 days 00:00:05.720603,0.7000000000000001,1,0.8,1.0363908437082192e-08,0.0001822168169272273,10,250,COMPLETE,0.0,,,,,,,,,,,,,,,,,,,,
104,104,0.5024930990554433,2023-08-23 23:28:20.262143,2023-08-23 23:28:26.215930,0 days 00:00:05.953787,0.7000000000000001,1,0.8,1.1539370387319165e-08,0.00016446704310456783,10,250,COMPLETE,0.0,,,,,,,,,,,,,,,,,,,,
105,105,0.5152319927503493,2023-08-23 23:28:20.324231,2023-08-23 23:28:21.947769,0 days 00:00:01.623538,0.8,1,0.8,5.5050966204891285e-08,0.00016226474298304674,100,247,COMPLETE,0.0,,,,,,,,,,,,,,,,,,,,
106,106,0.4845745634717693,2023-08-23 23:28:20.451605,2023-08-23 23:28:21.579822,0 days 00:00:01.128217,0.5,1,0.8,5.6320028463712124e-08,0.0001303241237485507,100,223,COMPLETE,0.0,,,,,,,,,,,,,,,,,,,,
107,107,0.5152319927503493,2023-08-23 23:28:20.526999,2023-08-23 23:28:22.352489,0 days 00:00:01.825490,0.8,1,0.8,5.556665150812441e-08,0.00015657736585200177,100,224,COMPLETE,0.0,,,,,,,,,,,,,,,,,,,,
108,108,0.4845745634717693,2023-08-23 23:28:20.623998,2023-08-23 23:28:21.718682,0 days 00:00:01.094684,0.5,1,0.8,5.241448464138233e-08,0.0005155894981907444,100,256,COMPLETE,0.0,,,,,,,,,,,,,,,,,,,,
109,109,0.4937210959024543,2023-08-23 23:28:20.718971,2023-08-23 23:28:26.528926,0 days 00:00:05.809955,0.6000000000000001,1,0.8,4.7527458680908405e-08,0.000574032561899885,10,222,COMPLETE,0.0,,,,,,,,,,,,,,,,,,,,
110,110,0.5123968792768014,2023-08-23 23:28:20.945136,2023-08-23 23:28:22.108226,0 days 00:00:01.163090,0.6000000000000001,1,0.8,5.310222314856394e-08,0.00016140382173922627,100,223,COMPLETE,0.0,,,,,,,,,,,,,,,,,,,,
111,111,0.5123968792768014,2023-08-23 23:28:21.629068,2023-08-23 23:28:22.839355,0 days 00:00:01.210287,0.6000000000000001,1,0.8,4.422159476317704e-08,0.0005363826397950257,100,235,COMPLETE,0.0,,,,,,,,,,,,,,,,,,,,
112,112,0.4832765062419085,2023-08-23 23:28:21.763397,2023-08-23 23:28:26.629006,0 days 00:00:04.865609,0.8,1,0.8,7.238296294030014e-08,0.000971833436146726,10,209,COMPLETE,0.0,,,,,,,,,,,,,,,,,,,,
113,113,0.5074392292394725,2023-08-23 23:28:21.999435,2023-08-23 23:28:27.359844,0 days 00:00:05.360409,0.8,1,0.7000000000000001,7.062230838861698e-08,0.0006051765652926935,10,224,COMPLETE,0.0,,,,,,,,,,,,,,,,,,,,
114,114,0.5058030016829551,2023-08-23 23:28:22.157991,2023-08-23 23:28:23.356628,0 days 00:00:01.198637,0.8,1,0.7000000000000001,4.563039305934469e-08,0.0010657952731621303,90,234,COMPLETE,0.0,,,,,,,,,,,,,,,,,,,,
115,115,0.5058030016829551,2023-08-23 23:28:22.403027,2023-08-23 23:28:24.043538,0 days 00:00:01.640511,0.8,1,0.7000000000000001,7.897800129968616e-08,0.00118922447049329,90,210,COMPLETE,0.0,,,,,,,,,,,,,,,,,,,,
116,116,0.5058030016829551,2023-08-23 23:28:22.889451,2023-08-23 23:28:23.965462,0 days 00:00:01.076011,0.8,1,0.7000000000000001,2.093880052239568e-08,7.43398678871556e-05,90,226,COMPLETE,0.0,,,,,,,,,,,,,,,,,,,,
117,117,0.5058030016829551,2023-08-23 23:28:23.418024,2023-08-23 23:28:24.753748,0 days 00:00:01.335724,0.8,1,0.7000000000000001,2.1581569798897242e-08,7.395608916994712e-05,90,211,COMPLETE,0.0,,,,,,,,,,,,,,,,,,,,
118,118,0.5152319927503493,2023-08-23 23:28:24.031763,2023-08-23 23:28:25.527091,0 days 00:00:01.495328,0.8,1,0.7000000000000001,2.1246057649605362e-08,0.000656818984357272,100,210,COMPLETE,0.0,,,,,,,,,,,,,,,,,,,,
119,119,0.5127092772904014,2023-08-23 23:28:24.112881,2023-08-23 23:28:28.238461,0 days 00:00:04.125580,0.8,1,0.8,6.822680511562721e-08,0.0006713095004826111,10,165,COMPLETE,0.0,,,,,,,,,,,,,,,,,,,,
120,120,0.5046671522364622,2023-08-23 23:28:24.798487,2023-08-23 23:28:28.635502,0 days 00:00:03.837015,0.8,1,0.8,6.689218849066741e-08,0.0006671732392160439,10,166,COMPLETE,0.0,,,,,,,,,,,,,,,,,,,,
121,121,0.5152319927503493,2023-08-23 23:28:25.580564,2023-08-23 23:28:26.845671,0 days 00:00:01.265107,0.8,1,0.7000000000000001,7.154212952925779e-08,0.0007565564431089321,100,162,COMPLETE,0.0,,,,,,,,,,,,,,,,,,,,
122,122,0.5152319927503493,2023-08-23 23:28:25.903146,2023-08-23 23:28:27.248936,0 days 00:00:01.345790,0.8,1,0.7000000000000001,7.08552849326179e-08,0.0007665609573147081,100,220,COMPLETE,0.0,,,,,,,,,,,,,,,,,,,,
123,123,0.5152319927503493,2023-08-23 23:28:26.260944,2023-08-23 23:28:27.703271,0 days 00:00:01.442327,0.8,1,0.7000000000000001,7.681891560302883e-08,0.0007673841351660569,100,119,COMPLETE,0.0,,,,,,,,,,,,,,,,,,,,
124,124,0.5152319927503493,2023-08-23 23:28:26.584181,2023-08-23 23:28:28.141313,0 days 00:00:01.557132,0.8,1,0.7000000000000001,8.136942874396791e-08,0.0007253712887220333,100,228,COMPLETE,0.0,,,,,,,,,,,,,,,,,,,,
125,125,0.5147744864025964,2023-08-23 23:28:26.678591,2023-08-23 23:28:28.239051,0 days 00:00:01.560460,0.8,1,0.7000000000000001,2.8831320242871532e-08,0.001429000115953502,100,120,COMPLETE,0.0,,,,,,,,,,,,,,,,,,,,
126,126,0.5147744864025964,2023-08-23 23:28:26.886847,2023-08-23 23:28:28.361379,0 days 00:00:01.474532,0.8,1,0.7000000000000001,6.250836020212268e-08,0.0014588335684582684,100,164,COMPLETE,0.0,,,,,,,,,,,,,,,,,,,,
127,127,0.5010225371582122,2023-08-23 23:28:27.301039,2023-08-23 23:28:30.789144,0 days 00:00:03.488105,0.8,1,0.7000000000000001,6.520188818585086e-08,0.0002358437811120692,30,165,COMPLETE,0.0,,,,,,,,,,,,,,,,,,,,
128,128,0.5152319927503493,2023-08-23 23:28:27.402560,2023-08-23 23:28:28.832710,0 days 00:00:01.430150,0.8,1,0.7000000000000001,3.372003786390414e-08,0.0002357432690720007,100,165,COMPLETE,0.0,,,,,,,,,,,,,,,,,,,,
129,129,0.5147744864025964,2023-08-23 23:28:27.748303,2023-08-23 23:28:29.265406,0 days 00:00:01.517103,0.8,1,0.7000000000000001,3.1420475824962215e-08,0.0014594038187309062,100,140,COMPLETE,0.0,,,,,,,,,,,,,,,,,,,,
130,130,0.5152319927503493,2023-08-23 23:28:28.194483,2023-08-23 23:28:29.902286,0 days 00:00:01.707803,0.8,1,0.7000000000000001,3.342322787666985e-08,0.0002736988075759892,100,165,COMPLETE,0.0,,,,,,,,,,,,,,,,,,,,
131,131,0.497148277886421,2023-08-23 23:28:28.325727,2023-08-23 23:28:31.396189,0 days 00:00:03.070462,0.8,1,0.7000000000000001,3.338106140693436e-08,0.00024158472538879198,30,99,COMPLETE,0.0,,,,,,,,,,,,,,,,,,,,
132,132,0.4998343608973128,2023-08-23 23:28:28.329672,2023-08-23 23:28:31.961398,0 days 00:00:03.631726,0.8,1,0.7000000000000001,1.4575132126497638e-07,0.0002661630875872517,30,141,COMPLETE,0.0,,,,,,,,,,,,,,,,,,,,
133,133,0.5152319927503493,2023-08-23 23:28:28.412593,2023-08-23 23:28:30.134631,0 days 00:00:01.722038,0.8,1,0.7000000000000001,3.3014820069416385e-08,0.00021840004099015888,100,93,COMPLETE,0.0,,,,,,,,,,,,,,,,,,,,
134,134,0.5152319927503493,2023-08-23 23:28:28.680921,2023-08-23 23:28:29.839126,0 days 00:00:01.158205,0.8,1,0.7000000000000001,3.448682445782113e-08,0.00024409913821260828,100,141,COMPLETE,0.0,,,,,,,,,,,,,,,,,,,,
135,135,0.5152319927503493,2023-08-23 23:28:28.877199,2023-08-23 23:28:30.021292,0 days 00:00:01.144093,0.8,1,0.7000000000000001,1.4410040810792023e-07,0.00011293788311064613,100,93,COMPLETE,0.0,,,,,,,,,,,,,,,,,,,,
136,136,0.5152319927503493,2023-08-23 23:28:29.308098,2023-08-23 23:28:30.527953,0 days 00:00:01.219855,0.8,1,0.7000000000000001,1.422609204529195e-07,0.00010120353318067642,100,94,COMPLETE,0.0,,,,,,,,,,,,,,,,,,,,
137,137,0.5152319927503493,2023-08-23 23:28:29.886523,2023-08-23 23:28:31.314674,0 days 00:00:01.428151,0.8,1,0.7000000000000001,2.9899526618744193e-07,0.00012414508203616571,100,154,COMPLETE,0.0,,,,,,,,,,,,,,,,,,,,
138,138,0.47601915228638453,2023-08-23 23:28:29.966327,2023-08-23 23:28:34.006365,0 days 00:00:04.040038,0.8,1,0.7000000000000001,1.4736254913399823e-07,0.0008054622651538538,30,158,COMPLETE,0.0,,,,,,,,,,,,,,,,,,,,
139,139,0.5152319927503493,2023-08-23 23:28:30.068989,2023-08-23 23:28:31.490601,0 days 00:00:01.421612,0.8,1,0.7000000000000001,1.3601123591699402e-07,0.0009482950119649637,100,150,COMPLETE,0.0,,,,,,,,,,,,,,,,,,,,
140,140,0.5152319927503493,2023-08-23 23:28:30.187079,2023-08-23 23:28:31.633098,0 days 00:00:01.446019,0.8,1,0.7000000000000001,1.392162272724209e-07,0.000908275958724573,100,104,COMPLETE,0.0,,,,,,,,,,,,,,,,,,,,
141,141,0.4952392668224874,2023-08-23 23:28:30.571786,2023-08-23 23:28:33.554097,0 days 00:00:02.982311,0.8,1,0.7000000000000001,2.2649776378373125e-07,0.0011563222255191886,30,119,COMPLETE,0.0,,,,,,,,,,,,,,,,,,,,
142,142,0.5152319927503493,2023-08-23 23:28:30.832816,2023-08-23 23:28:32.240280,0 days 00:00:01.407464,0.8,1,0.7000000000000001,2.248877743123283e-08,0.0009473903666911575,100,120,COMPLETE,0.0,,,,,,,,,,,,,,,,,,,,
143,143,0.5058030016829551,2023-08-23 23:28:31.357521,2023-08-23 23:28:33.336070,0 days 00:00:01.978549,0.8,1,0.7000000000000001,2.279593152582038e-08,0.0007997627687925716,90,119,COMPLETE,0.0,,,,,,,,,,,,,,,,,,,,
144,144,0.5058030016829551,2023-08-23 23:28:31.451495,2023-08-23 23:28:33.093717,0 days 00:00:01.642222,0.8,1,0.7000000000000001,1.1554228221612867e-07,0.0008648580026736651,90,214,COMPLETE,0.0,,,,,,,,,,,,,,,,,,,,
145,145,0.5058030016829551,2023-08-23 23:28:31.536840,2023-08-23 23:28:33.214050,0 days 00:00:01.677210,0.8,1,0.7000000000000001,1.986130213077755e-08,0.0009284553505073191,90,117,COMPLETE,0.0,,,,,,,,,,,,,,,,,,,,
146,146,0.5058030016829551,2023-08-23 23:28:31.675870,2023-08-23 23:28:33.024393,0 days 00:00:01.348523,0.8,1,0.7000000000000001,1.992347236839239e-08,0.00042351500566729727,90,120,COMPLETE,0.0,,,,,,,,,,,,,,,,,,,,
147,147,0.5058030016829551,2023-08-23 23:28:32.008567,2023-08-23 23:28:33.440597,0 days 00:00:01.432030,0.8,1,0.7000000000000001,2.2390480403074953e-08,0.0019290573303938703,90,118,COMPLETE,0.0,,,,,,,,,,,,,,,,,,,,
148,148,0.5152319927503493,2023-08-23 23:28:32.283988,2023-08-23 23:28:33.670890,0 days 00:00:01.386902,0.8,1,0.7000000000000001,8.706511472830657e-08,0.0004642691453412119,100,179,COMPLETE,0.0,,,,,,,,,,,,,,,,,,,,
149,149,0.5147744864025964,2023-08-23 23:28:33.073510,2023-08-23 23:28:34.586670,0 days 00:00:01.513160,0.8,1,0.7000000000000001,8.652208555213089e-08,0.001949367674322032,100,158,COMPLETE,0.0,,,,,,,,,,,,,,,,,,,,
150,150,0.5152319927503493,2023-08-23 23:28:33.151964,2023-08-23 23:28:35.044491,0 days 00:00:01.892527,0.8,1,0.7000000000000001,8.143944777518253e-08,0.0003905194032039597,100,159,COMPLETE,0.0,,,,,,,,,,,,,,,,,,,,
151,151,0.5147744864025964,2023-08-23 23:28:33.280994,2023-08-23 23:28:35.148839,0 days 00:00:01.867845,0.8,1,0.7000000000000001,1.3606544536150694e-08,0.0018910908820097038,100,230,COMPLETE,0.0,,,,,,,,,,,,,,,,,,,,
152,152,0.4792009709056319,2023-08-23 23:28:33.381443,2023-08-23 23:28:35.401017,0 days 00:00:02.019574,0.8,1,0.5,8.81787089634242e-08,0.00047239542001560576,100,180,COMPLETE,0.0,,,,,,,,,,,,,,,,,,,,
153,153,0.5152319927503493,2023-08-23 23:28:33.493819,2023-08-23 23:28:35.231467,0 days 00:00:01.737648,0.8,1,0.7000000000000001,2.1200185446832766e-07,0.00044829408443009845,100,231,COMPLETE,0.0,,,,,,,,,,,,,,,,,,,,
154,154,0.5152319927503493,2023-08-23 23:28:33.605121,2023-08-23 23:28:35.535753,0 days 00:00:01.930632,0.8,1,0.7000000000000001,8.626812968171286e-08,0.0004629083443481281,100,180,COMPLETE,0.0,,,,,,,,,,,,,,,,,,,,
155,155,0.4792009709056319,2023-08-23 23:28:33.713545,2023-08-23 23:28:34.812735,0 days 00:00:01.099190,0.8,1,0.6000000000000001,1.352906685741721e-08,0.0003736924749988239,100,159,COMPLETE,0.0,,,,,,,,,,,,,,,,,,,,
156,156,0.4792009709056319,2023-08-23 23:28:34.054196,2023-08-23 23:28:35.763374,0 days 00:00:01.709178,0.8,1,0.6000000000000001,1.343769303472079e-08,0.00033290053367788293,100,220,COMPLETE,0.0,,,,,,,,,,,,,,,,,,,,
157,157,0.4792009709056319,2023-08-23 23:28:34.632271,2023-08-23 23:28:36.088729,0 days 00:00:01.456458,0.8,1,0.6000000000000001,1.3802283674840656e-08,0.00035728989777366655,100,230,COMPLETE,0.0,,,,,,,,,,,,,,,,,,,,
158,158,0.5152319927503493,2023-08-23 23:28:34.854201,2023-08-23 23:28:36.370831,0 days 00:00:01.516630,0.8,1,0.7000000000000001,4.507911089649701e-08,0.0001594313959980984,100,186,COMPLETE,0.0,,,,,,,,,,,,,,,,,,,,
159,159,0.5152319927503493,2023-08-23 23:28:35.086888,2023-08-23 23:28:36.622804,0 days 00:00:01.535916,0.8,1,0.7000000000000001,3.866544410904504e-08,0.00015603853704086675,100,231,COMPLETE,0.0,,,,,,,,,,,,,,,,,,,,
160,160,0.5152319927503493,2023-08-23 23:28:35.193226,2023-08-23 23:28:36.851932,0 days 00:00:01.658706,0.8,1,0.7000000000000001,4.007038466493255e-08,0.0001539461238016898,100,220,COMPLETE,0.0,,,,,,,,,,,,,,,,,,,,
161,161,0.5152319927503493,2023-08-23 23:28:35.293516,2023-08-23 23:28:36.975905,0 days 00:00:01.682389,0.8,1,0.7000000000000001,4.09714576337112e-08,0.00017548228879897022,100,170,COMPLETE,0.0,,,,,,,,,,,,,,,,,,,,
162,162,0.5152319927503493,2023-08-23 23:28:35.442603,2023-08-23 23:28:37.081568,0 days 00:00:01.638965,0.8,1,0.7000000000000001,4.2911107929687975e-08,0.0001802844609327874,100,172,COMPLETE,0.0,,,,,,,,,,,,,,,,,,,,
163,163,0.5152319927503493,2023-08-23 23:28:35.578400,2023-08-23 23:28:37.160570,0 days 00:00:01.582170,0.8,1,0.7000000000000001,4.364510242647541e-08,0.00020678948956606594,100,219,COMPLETE,0.0,,,,,,,,,,,,,,,,,,,,
164,164,0.5152319927503493,2023-08-23 23:28:35.807536,2023-08-23 23:28:37.277964,0 days 00:00:01.470428,0.8,1,0.7000000000000001,3.453066949631527e-08,0.00018356185810543485,100,170,COMPLETE,0.0,,,,,,,,,,,,,,,,,,,,
165,165,0.5016792375071141,2023-08-23 23:28:36.131871,2023-08-23 23:28:37.468656,0 days 00:00:01.336785,0.7000000000000001,1,0.7000000000000001,4.489513735825282e-08,0.00015537163435095516,100,196,COMPLETE,0.0,,,,,,,,,,,,,,,,,,,,
166,166,0.5016792375071141,2023-08-23 23:28:36.417664,2023-08-23 23:28:37.771642,0 days 00:00:01.353978,0.7000000000000001,1,0.7000000000000001,4.267544158366731e-08,0.00020935633872422966,100,152,COMPLETE,0.0,,,,,,,,,,,,,,,,,,,,
167,167,0.5016792375071141,2023-08-23 23:28:36.666248,2023-08-23 23:28:38.036767,0 days 00:00:01.370519,0.7000000000000001,1,0.7000000000000001,5.342321404015939e-08,4.796071750930636e-05,100,168,COMPLETE,0.0,,,,,,,,,,,,,,,,,,,,
168,168,0.5152319927503493,2023-08-23 23:28:36.894977,2023-08-23 23:28:38.433239,0 days 00:00:01.538262,0.8,1,0.7000000000000001,2.5230516549615328e-08,0.00022021863467103282,100,77,COMPLETE,0.0,,,,,,,,,,,,,,,,,,,,
169,169,0.5152319927503493,2023-08-23 23:28:37.016959,2023-08-23 23:28:38.630461,0 days 00:00:01.613502,0.8,1,0.7000000000000001,2.9589366139042264e-08,0.00023298803268638122,100,170,COMPLETE,0.0,,,,,,,,,,,,,,,,,,,,
170,170,0.5152319927503493,2023-08-23 23:28:37.129091,2023-08-23 23:28:38.947748,0 days 00:00:01.818657,0.8,1,0.7000000000000001,2.579970269906522e-08,6.215766489695788e-05,100,154,COMPLETE,0.0,,,,,,,,,,,,,,,,,,,,
171,171,0.5152319927503493,2023-08-23 23:28:37.203392,2023-08-23 23:28:38.778993,0 days 00:00:01.575601,0.8,1,0.7000000000000001,2.7070391238483264e-08,0.0006201871825473697,100,196,COMPLETE,0.0,,,,,,,,,,,,,,,,,,,,
172,172,0.5016792375071141,2023-08-23 23:28:37.320062,2023-08-23 23:28:38.705712,0 days 00:00:01.385650,0.7000000000000001,1,0.7000000000000001,2.6915517611279878e-08,0.0006112698958137681,100,78,COMPLETE,0.0,,,,,,,,,,,,,,,,,,,,
173,173,0.5152319927503493,2023-08-23 23:28:37.511270,2023-08-23 23:28:39.089005,0 days 00:00:01.577735,0.8,1,0.7000000000000001,2.966967889423973e-08,5.449654155775359e-05,100,79,COMPLETE,0.0,,,,,,,,,,,,,,,,,,,,
174,174,0.5152319927503493,2023-08-23 23:28:37.821058,2023-08-23 23:28:39.259322,0 days 00:00:01.438264,0.8,1,0.7000000000000001,2.3676705098926026e-08,5.977405075853777e-05,100,207,COMPLETE,0.0,,,,,,,,,,,,,,,,,,,,
175,175,0.5152319927503493,2023-08-23 23:28:38.079910,2023-08-23 23:28:39.571904,0 days 00:00:01.491994,0.8,1,0.7000000000000001,2.7525479425640052e-08,0.00029140852288365223,100,85,COMPLETE,0.0,,,,,,,,,,,,,,,,,,,,
176,176,0.5152319927503493,2023-08-23 23:28:38.478432,2023-08-23 23:28:39.787058,0 days 00:00:01.308626,0.8,1,0.7000000000000001,2.5596809785536366e-08,0.0006048563762663101,100,213,COMPLETE,0.0,,,,,,,,,,,,,,,,,,,,
177,177,0.5152319927503493,2023-08-23 23:28:38.673462,2023-08-23 23:28:40.321318,0 days 00:00:01.647856,0.8,1,0.7000000000000001,3.766348526986557e-05,0.0006309065634421594,100,207,COMPLETE,0.0,,,,,,,,,,,,,,,,,,,,
178,178,0.5152319927503493,2023-08-23 23:28:38.756676,2023-08-23 23:28:40.221592,0 days 00:00:01.464916,0.8,1,0.7000000000000001,1.4776234255914524e-06,0.0006373971584467655,100,213,COMPLETE,0.0,,,,,,,,,,,,,,,,,,,,
179,179,0.5152319927503493,2023-08-23 23:28:38.824615,2023-08-23 23:28:40.687258,0 days 00:00:01.862643,0.8,1,0.7000000000000001,4.978776166749749e-07,0.00028881473373495255,100,144,COMPLETE,0.0,,,,,,,,,,,,,,,,,,,,
180,180,0.5152319927503493,2023-08-23 23:28:38.992767,2023-08-23 23:28:40.777816,0 days 00:00:01.785049,0.8,1,0.7000000000000001,6.753577780843524e-06,8.575686429717556e-05,100,134,COMPLETE,0.0,,,,,,,,,,,,,,,,,,,,
181,181,0.5152319927503493,2023-08-23 23:28:39.133111,2023-08-23 23:28:40.922462,0 days 00:00:01.789351,0.8,1,0.7000000000000001,1.014759535453881e-08,8.988416897848497e-05,100,207,COMPLETE,0.0,,,,,,,,,,,,,,,,,,,,
182,182,0.5152319927503493,2023-08-23 23:28:39.300601,2023-08-23 23:28:40.621621,0 days 00:00:01.321020,0.8,1,0.7000000000000001,6.32537816879219e-07,9.998538130660578e-05,100,145,COMPLETE,0.0,,,,,,,,,,,,,,,,,,,,
183,183,0.5152319927503493,2023-08-23 23:28:39.613508,2023-08-23 23:28:41.168537,0 days 00:00:01.555029,0.8,1,0.7000000000000001,6.249098807921525e-08,9.705852618338593e-05,100,134,COMPLETE,0.0,,,,,,,,,,,,,,,,,,,,
184,184,0.5152319927503493,2023-08-23 23:28:39.830632,2023-08-23 23:28:41.115346,0 days 00:00:01.284714,0.8,1,0.7000000000000001,6.242755372635705e-05,0.00028018899178046364,100,225,COMPLETE,0.0,,,,,,,,,,,,,,,,,,,,
185,185,0.5152319927503493,2023-08-23 23:28:40.262311,2023-08-23 23:28:41.631148,0 days 00:00:01.368837,0.8,1,0.7000000000000001,1.0088383128898394e-08,9.070347144145672e-05,100,226,COMPLETE,0.0,,,,,,,,,,,,,,,,,,,,
186,186,0.5152319927503493,2023-08-23 23:28:40.375405,2023-08-23 23:28:41.879607,0 days 00:00:01.504202,0.8,1,0.7000000000000001,6.060374757426674e-08,0.0001028319748627867,100,144,COMPLETE,0.0,,,,,,,,,,,,,,,,,,,,
187,187,0.49905514159906095,2023-08-23 23:28:40.667214,2023-08-23 23:28:42.312393,0 days 00:00:01.645179,0.8,1,0.9,6.165218178144267e-08,0.0002667838836461763,100,133,COMPLETE,0.0,,,,,,,,,,,,,,,,,,,,
188,188,0.5152319927503493,2023-08-23 23:28:40.730491,2023-08-23 23:28:42.442412,0 days 00:00:01.711921,0.8,1,0.7000000000000001,6.636501442939697e-08,0.00011357258399510988,100,106,COMPLETE,0.0,,,,,,,,,,,,,,,,,,,,
189,189,0.5152319927503493,2023-08-23 23:28:40.824343,2023-08-23 23:28:42.531950,0 days 00:00:01.707607,0.8,1,0.7000000000000001,6.547797373199028e-08,0.00028302567601318484,100,226,COMPLETE,0.0,,,,,,,,,,,,,,,,,,,,
190,190,0.5152319927503493,2023-08-23 23:28:40.963977,2023-08-23 23:28:42.581720,0 days 00:00:01.617743,0.8,1,0.7000000000000001,5.620415243128235e-08,0.00012312265719430923,100,226,COMPLETE,0.0,,,,,,,,,,,,,,,,,,,,
191,191,0.49905514159906095,2023-08-23 23:28:41.158021,2023-08-23 23:28:42.654351,0 days 00:00:01.496330,0.8,1,0.9,6.162569219800795e-08,0.00010942701844819494,100,108,COMPLETE,0.0,,,,,,,,,,,,,,,,,,,,
192,192,0.5152319927503493,2023-08-23 23:28:41.213706,2023-08-23 23:28:42.776277,0 days 00:00:01.562571,0.8,1,0.7000000000000001,6.29330009468273e-08,0.00028494112721476914,100,92,COMPLETE,0.0,,,,,,,,,,,,,,,,,,,,
193,193,0.49905514159906095,2023-08-23 23:28:41.672107,2023-08-23 23:28:43.203077,0 days 00:00:01.530970,0.8,1,0.9,6.826366715083458e-08,0.001265959042238406,100,106,COMPLETE,0.0,,,,,,,,,,,,,,,,,,,,
194,194,0.49905514159906095,2023-08-23 23:28:41.921470,2023-08-23 23:28:43.328776,0 days 00:00:01.407306,0.8,1,0.9,1.6338273964698024e-08,0.0013876328231741354,100,106,COMPLETE,0.0,,,,,,,,,,,,,,,,,,,,
195,195,0.5152319927503493,2023-08-23 23:28:42.358772,2023-08-23 23:28:43.782379,0 days 00:00:01.423607,0.8,1,0.7000000000000001,1.9193607663091567e-08,0.0011731970150590718,100,88,COMPLETE,0.0,,,,,,,,,,,,,,,,,,,,
196,196,0.5058030016829551,2023-08-23 23:28:42.486461,2023-08-23 23:28:44.096886,0 days 00:00:01.610425,0.8,1,0.7000000000000001,1.640288273198686e-08,0.001440910940822532,90,89,COMPLETE,0.0,,,,,,,,,,,,,,,,,,,,
197,197,0.5058030016829551,2023-08-23 23:28:42.576169,2023-08-23 23:28:44.550721,0 days 00:00:01.974552,0.8,1,0.7000000000000001,1.799126771127178e-08,0.0015138958824578862,90,90,COMPLETE,0.0,,,,,,,,,,,,,,,,,,,,
198,198,0.5152319927503493,2023-08-23 23:28:42.628763,2023-08-23 23:28:44.379765,0 days 00:00:01.751002,0.8,1,0.7000000000000001,1.1408607976529937e-07,0.0013442679956890708,100,163,COMPLETE,0.0,,,,,,,,,,,,,,,,,,,,
199,199,0.5152319927503493,2023-08-23 23:28:42.703092,2023-08-23 23:28:44.472334,0 days 00:00:01.769242,0.8,1,0.7000000000000001,1.1380546438442553e-07,0.0012863768575618808,100,94,COMPLETE,0.0,,,,,,,,,,,,,,,,,,,,
