,number,value,datetime_start,datetime_complete,duration,params_bagging_fraction,params_bagging_freq,params_feature_fraction,params_lambda_l1,params_lambda_l2,params_min_child_samples,params_num_leaves,state,best_trial,dev_acc,dev_recall_macro,dev_precision_macro,dev_f1_macro,dev_recall_0,dev_precision_0,dev_f1_0,dev_recall_1,dev_precision_1,dev_f1_1,test_acc,test_recall_macro,test_precision_macro,test_f1_macro,test_recall_0,test_precision_0,test_f1_0,test_recall_1,test_precision_1,test_f1_1
0,0,0.5962700653715791,2023-08-24 13:25:44.038103,2023-08-24 13:25:45.685938,0 days 00:00:01.647835,1.0,3,0.6000000000000001,0.4965384206381457,0.0029397668393505356,50,57,COMPLETE,0.0,,,,,,,,,,,,,,,,,,,,
1,1,0.5750949797260401,2023-08-24 13:25:44.040656,2023-08-24 13:25:47.729622,0 days 00:00:03.688966,0.9,3,0.7000000000000001,0.04958925546876137,6.045756895309112e-06,40,146,COMPLETE,0.0,,,,,,,,,,,,,,,,,,,,
2,2,0.6297064568560419,2023-08-24 13:25:44.044267,2023-08-24 13:25:44.417768,0 days 00:00:00.373501,0.4,1,0.7000000000000001,5.7623729399519245e-05,0.0004537058549406474,90,4,COMPLETE,0.0,,,,,,,,,,,,,,,,,,,,
3,3,0.6037337217891696,2023-08-24 13:25:44.047920,2023-08-24 13:25:47.246749,0 days 00:00:03.198829,1.0,1,0.9,0.0019250882984144491,1.3719704548528919e-05,10,122,COMPLETE,0.0,,,,,,,,,,,,,,,,,,,,
4,4,0.5932449842839398,2023-08-24 13:25:44.050836,2023-08-24 13:25:45.418562,0 days 00:00:01.367726,0.5,1,0.5,3.875680796809924e-07,0.08719879465936586,60,90,COMPLETE,0.0,,,,,,,,,,,,,,,,,,,,
5,5,0.60172816055169,2023-08-24 13:25:44.053321,2023-08-24 13:25:48.350942,0 days 00:00:04.297621,0.9,3,0.7000000000000001,4.733830918939416e-06,1.7890329110509465e-06,30,159,COMPLETE,0.0,,,,,,,,,,,,,,,,,,,,
6,6,0.5972042022854123,2023-08-24 13:25:44.055823,2023-08-24 13:25:44.715257,0 days 00:00:00.659434,1.0,2,0.9,0.026750196178056986,0.021722086407134196,20,18,COMPLETE,0.0,,,,,,,,,,,,,,,,,,,,
7,7,0.6002987303958178,2023-08-24 13:25:44.059732,2023-08-24 13:25:45.636668,0 days 00:00:01.576936,0.6000000000000001,1,1.0,0.3546657277050852,0.2705275177731183,60,129,COMPLETE,0.0,,,,,,,,,,,,,,,,,,,,
8,8,0.6192036552018553,2023-08-24 13:25:44.461732,2023-08-24 13:25:48.128900,0 days 00:00:03.667168,0.7000000000000001,1,0.8,2.6153481186680757e-06,0.12891437855653634,30,173,COMPLETE,0.0,,,,,,,,,,,,,,,,,,,,
9,9,0.5991083306367526,2023-08-24 13:25:44.759038,2023-08-24 13:25:46.021106,0 days 00:00:01.262068,0.5,2,0.5,0.04290403006362286,4.680332656118174e-07,50,42,COMPLETE,0.0,,,,,,,,,,,,,,,,,,,,
10,10,0.6060375954996977,2023-08-24 13:25:45.469495,2023-08-24 13:25:48.673472,0 days 00:00:03.203977,0.7000000000000001,2,1.0,0.37177183753119863,0.00031835272240288457,40,107,COMPLETE,0.0,,,,,,,,,,,,,,,,,,,,
11,11,0.5971282372598161,2023-08-24 13:25:45.732318,2023-08-24 13:25:46.197360,0 days 00:00:00.465042,1.0,3,0.7000000000000001,0.04913808031439525,0.04629896000612154,20,12,COMPLETE,0.0,,,,,,,,,,,,,,,,,,,,
12,12,0.5817870965172902,2023-08-24 13:25:45.736522,2023-08-24 13:25:47.418073,0 days 00:00:01.681551,1.0,2,1.0,1.3857222912951677e-06,1.4818677300672627e-08,100,99,COMPLETE,0.0,,,,,,,,,,,,,,,,,,,,
13,13,0.6028760834208304,2023-08-24 13:25:46.062585,2023-08-24 13:25:47.190952,0 days 00:00:01.128367,0.7000000000000001,2,1.0,0.00012766528057036756,0.031191221442431447,100,220,COMPLETE,0.0,,,,,,,,,,,,,,,,,,,,
14,14,0.5962046861985297,2023-08-24 13:25:46.247275,2023-08-24 13:25:47.730941,0 days 00:00:01.483666,0.7000000000000001,2,0.4,2.4735042488557602e-08,0.128110114082832,60,94,COMPLETE,0.0,,,,,,,,,,,,,,,,,,,,
15,15,0.5969957330141138,2023-08-24 13:25:47.240016,2023-08-24 13:25:48.909897,0 days 00:00:01.669881,0.8,2,0.5,0.004888399557844012,0.233264096193926,100,236,COMPLETE,0.0,,,,,,,,,,,,,,,,,,,,
16,16,0.6270883881260036,2023-08-24 13:25:47.297644,2023-08-24 13:25:49.517460,0 days 00:00:02.219816,0.5,3,0.9,0.09275818714038116,0.42911206442982636,50,211,COMPLETE,0.0,,,,,,,,,,,,,,,,,,,,
17,17,0.6067400767716102,2023-08-24 13:25:47.460457,2023-08-24 13:25:48.576737,0 days 00:00:01.116280,0.4,1,0.7000000000000001,9.560732000946445e-06,0.00021828479671522993,80,192,COMPLETE,0.0,,,,,,,,,,,,,,,,,,,,
18,18,0.6046099290780143,2023-08-24 13:25:47.819804,2023-08-24 13:25:49.024690,0 days 00:00:01.204886,0.4,1,0.8,0.0005666613777362577,0.00026795228632000943,80,200,COMPLETE,0.0,,,,,,,,,,,,,,,,,,,,
19,19,0.6046099290780143,2023-08-24 13:25:47.833321,2023-08-24 13:25:49.127342,0 days 00:00:01.294021,0.4,1,0.8,0.0003300840636089249,0.0003738017195230027,80,218,COMPLETE,0.0,,,,,,,,,,,,,,,,,,,,
20,20,0.6166718442580512,2023-08-24 13:25:48.171379,2023-08-24 13:25:50.192663,0 days 00:00:02.021284,0.8,1,0.8,1.2189457472841025e-05,0.0008776202617279359,80,198,COMPLETE,0.0,,,,,,,,,,,,,,,,,,,,
21,21,0.6046099290780143,2023-08-24 13:25:48.394015,2023-08-24 13:25:49.705687,0 days 00:00:01.311672,0.4,1,0.8,0.00010716610533210202,0.0006423390872460026,80,199,COMPLETE,0.0,,,,,,,,,,,,,,,,,,,,
22,22,0.6166718442580512,2023-08-24 13:25:48.623186,2023-08-24 13:25:50.726015,0 days 00:00:02.102829,0.8,1,0.8,8.640060158798754e-05,0.0008573132287862007,80,196,COMPLETE,0.0,,,,,,,,,,,,,,,,,,,,
23,23,0.6166718442580512,2023-08-24 13:25:48.719931,2023-08-24 13:25:50.847506,0 days 00:00:02.127575,0.8,1,0.8,6.947750337001506e-05,0.002029223827290124,80,238,COMPLETE,0.0,,,,,,,,,,,,,,,,,,,,
24,24,0.6046099290780143,2023-08-24 13:25:48.952018,2023-08-24 13:25:50.108266,0 days 00:00:01.156248,0.4,1,0.8,8.252710654896738e-05,0.0026250715959499848,80,183,COMPLETE,0.0,,,,,,,,,,,,,,,,,,,,
25,25,0.6077396657871592,2023-08-24 13:25:49.065187,2023-08-24 13:25:50.542203,0 days 00:00:01.477016,0.6000000000000001,1,0.8,3.126947432126547e-05,0.680142768913444,80,176,COMPLETE,0.0,,,,,,,,,,,,,,,,,,,,
26,26,0.6044639927821522,2023-08-24 13:25:49.167618,2023-08-24 13:25:51.052336,0 days 00:00:01.884718,0.6000000000000001,1,0.8,3.2236355281323e-05,0.7103948326253736,70,162,COMPLETE,0.0,,,,,,,,,,,,,,,,,,,,
27,27,0.6047028720505894,2023-08-24 13:25:49.561155,2023-08-24 13:25:51.173371,0 days 00:00:01.612216,0.5,3,0.9,2.354556845242438e-05,0.0031088870566998794,70,246,COMPLETE,0.0,,,,,,,,,,,,,,,,,,,,
28,28,0.6003866381352027,2023-08-24 13:25:49.771170,2023-08-24 13:25:52.397808,0 days 00:00:02.626638,0.6000000000000001,1,0.9,2.135394811450797e-05,0.8248705496613545,40,254,COMPLETE,0.0,,,,,,,,,,,,,,,,,,,,
29,29,0.6036899497151897,2023-08-24 13:25:50.157470,2023-08-24 13:25:52.791300,0 days 00:00:02.633830,0.6000000000000001,3,0.9,3.986190329569028e-05,0.8265784664580759,40,168,COMPLETE,0.0,,,,,,,,,,,,,,,,,,,,
30,30,0.5988384046052632,2023-08-24 13:25:50.257618,2023-08-24 13:25:52.468297,0 days 00:00:02.210679,0.5,3,0.9,3.060806230839255e-05,0.6320400930546475,40,251,COMPLETE,0.0,,,,,,,,,,,,,,,,,,,,
31,31,0.6086346086346087,2023-08-24 13:25:50.587342,2023-08-24 13:25:52.724674,0 days 00:00:02.137332,0.5,3,0.9,0.0012014001422821833,0.8462472693358115,40,243,COMPLETE,0.0,,,,,,,,,,,,,,,,,,,,
32,32,0.5971238618297442,2023-08-24 13:25:50.769162,2023-08-24 13:25:53.046792,0 days 00:00:02.277630,0.5,3,0.9,0.0020609533689355795,0.849389717714789,40,242,COMPLETE,0.0,,,,,,,,,,,,,,,,,,,,
33,33,0.5945267115583155,2023-08-24 13:25:50.891214,2023-08-24 13:25:52.930755,0 days 00:00:02.039541,0.5,3,0.9,0.0030544486800892535,0.01579675622897079,40,162,COMPLETE,0.0,,,,,,,,,,,,,,,,,,,,
34,34,0.5859814884487041,2023-08-24 13:25:51.096265,2023-08-24 13:25:53.162611,0 days 00:00:02.066346,0.5,3,0.9,0.0015056704078397394,0.011593810948198485,40,149,COMPLETE,0.0,,,,,,,,,,,,,,,,,,,,
35,35,0.5836201634290346,2023-08-24 13:25:51.219108,2023-08-24 13:25:53.219230,0 days 00:00:02.000122,0.5,2,0.6000000000000001,2.805203516427037e-06,0.00951656142739831,40,255,COMPLETE,0.0,,,,,,,,,,,,,,,,,,,,
36,36,0.592688300947084,2023-08-24 13:25:52.445243,2023-08-24 13:25:54.673886,0 days 00:00:02.228643,0.5,3,0.6000000000000001,2.2083204995728336e-06,0.010403132099042858,50,53,COMPLETE,0.0,,,,,,,,,,,,,,,,,,,,
37,37,0.6086346086346087,2023-08-24 13:25:52.510926,2023-08-24 13:25:54.436164,0 days 00:00:01.925238,0.5,2,0.6000000000000001,0.001115871083033543,0.01734643326898249,30,62,COMPLETE,0.0,,,,,,,,,,,,,,,,,,,,
38,38,0.6122314454699664,2023-08-24 13:25:52.770418,2023-08-24 13:25:54.857624,0 days 00:00:02.087206,0.9,2,0.6000000000000001,3.250277497066389e-06,0.013379755771337739,90,70,COMPLETE,0.0,,,,,,,,,,,,,,,,,,,,
39,39,0.5872196219819202,2023-08-24 13:25:52.837416,2023-08-24 13:25:54.337884,0 days 00:00:01.500468,0.8,1,0.6000000000000001,1.277569215022015e-06,0.011524936575370107,90,62,COMPLETE,0.0,,,,,,,,,,,,,,,,,,,,
40,40,0.6118368777301826,2023-08-24 13:25:52.985373,2023-08-24 13:25:55.308492,0 days 00:00:02.323119,0.9,1,0.6000000000000001,3.3302681929102465e-06,4.699623766115076e-05,90,70,COMPLETE,0.0,,,,,,,,,,,,,,,,,,,,
41,41,0.6115062675243279,2023-08-24 13:25:53.091066,2023-08-24 13:25:55.240959,0 days 00:00:02.149893,0.9,1,0.6000000000000001,3.687239005043996e-06,0.00876738974772055,90,145,COMPLETE,0.0,,,,,,,,,,,,,,,,,,,,
42,42,0.6118368777301826,2023-08-24 13:25:53.203504,2023-08-24 13:25:55.041727,0 days 00:00:01.838223,0.9,1,0.6000000000000001,4.0065148917347905e-06,5.897822735109835e-05,90,215,COMPLETE,0.0,,,,,,,,,,,,,,,,,,,,
43,43,0.6118368777301826,2023-08-24 13:25:53.278226,2023-08-24 13:25:54.198136,0 days 00:00:00.919910,0.9,1,0.6000000000000001,5.282396320058188e-07,5.646327693107292e-05,90,213,COMPLETE,0.0,,,,,,,,,,,,,,,,,,,,
44,44,0.6031776294884017,2023-08-24 13:25:54.240906,2023-08-24 13:25:56.657879,0 days 00:00:02.416973,0.8,1,0.7000000000000001,8.081170070501642e-06,0.0848156549727071,10,79,COMPLETE,0.0,,,,,,,,,,,,,,,,,,,,
45,45,0.5982850554834991,2023-08-24 13:25:54.377871,2023-08-24 13:25:58.811294,0 days 00:00:04.433423,0.7000000000000001,2,0.7000000000000001,0.761687063086494,0.09335842788893736,10,135,COMPLETE,0.0,,,,,,,,,,,,,,,,,,,,
46,46,0.6069087085601188,2023-08-24 13:25:54.490231,2023-08-24 13:25:58.416183,0 days 00:00:03.925952,0.9,1,0.7000000000000001,7.302227823005691e-06,0.1316457471392345,10,133,COMPLETE,0.0,,,,,,,,,,,,,,,,,,,,
47,47,0.5919387174572566,2023-08-24 13:25:54.717624,2023-08-24 13:25:57.829402,0 days 00:00:03.111778,0.9,1,0.7000000000000001,7.934580202691465e-06,0.0720009777888709,10,130,COMPLETE,0.0,,,,,,,,,,,,,,,,,,,,
48,48,0.6079161311861694,2023-08-24 13:25:54.902248,2023-08-24 13:25:56.563230,0 days 00:00:01.660982,0.8,1,0.7000000000000001,9.620756703964956e-06,0.08017441069016484,70,137,COMPLETE,0.0,,,,,,,,,,,,,,,,,,,,
49,49,0.6058104891017693,2023-08-24 13:25:55.085547,2023-08-24 13:25:58.889342,0 days 00:00:03.803795,0.8,1,0.7000000000000001,9.458524576402519e-06,0.16147970810587176,10,142,COMPLETE,0.0,,,,,,,,,,,,,,,,,,,,
50,50,0.6062416589672519,2023-08-24 13:25:55.296836,2023-08-24 13:25:57.592782,0 days 00:00:02.295946,0.8,1,0.7000000000000001,8.678096427598815e-06,0.07086151544411158,70,121,COMPLETE,0.0,,,,,,,,,,,,,,,,,,,,
51,51,0.5998673765919685,2023-08-24 13:25:55.353940,2023-08-24 13:25:59.179307,0 days 00:00:03.825367,0.8,1,0.7000000000000001,1.1039962439764409e-05,0.07464883693339242,10,128,COMPLETE,0.0,,,,,,,,,,,,,,,,,,,,
52,52,0.5842187942623162,2023-08-24 13:25:56.608532,2023-08-24 13:26:01.233709,0 days 00:00:04.625177,0.7000000000000001,1,0.7000000000000001,0.9060526055983471,0.05591581530062622,10,182,COMPLETE,0.0,,,,,,,,,,,,,,,,,,,,
53,53,0.5939222972315714,2023-08-24 13:25:56.708538,2023-08-24 13:25:58.751499,0 days 00:00:02.042961,0.7000000000000001,1,0.7000000000000001,0.0002289592401346163,0.04029380923217626,60,187,COMPLETE,0.0,,,,,,,,,,,,,,,,,,,,
54,54,0.6117458688927233,2023-08-24 13:25:57.632240,2023-08-24 13:25:58.473803,0 days 00:00:00.841563,0.7000000000000001,2,0.8,0.00022120391502765995,0.20939186693719636,60,28,COMPLETE,0.0,,,,,,,,,,,,,,,,,,,,
55,55,0.6025958641291751,2023-08-24 13:25:57.876245,2023-08-24 13:25:59.256186,0 days 00:00:01.379941,0.7000000000000001,2,0.8,0.6885954069309721,0.0007685562888254196,60,37,COMPLETE,0.0,,,,,,,,,,,,,,,,,,,,
56,56,0.5978281393905995,2023-08-24 13:25:58.462557,2023-08-24 13:26:00.560078,0 days 00:00:02.097521,0.7000000000000001,2,0.8,0.00026445247408064354,0.0009211527616311119,60,230,COMPLETE,0.0,,,,,,,,,,,,,,,,,,,,
57,57,0.5964681650531425,2023-08-24 13:25:58.521713,2023-08-24 13:25:58.957702,0 days 00:00:00.435989,0.7000000000000001,2,1.0,0.1246881288694346,0.0009703970861837715,20,2,COMPLETE,0.0,,,,,,,,,,,,,,,,,,,,
58,58,0.5876542829406599,2023-08-24 13:25:58.797840,2023-08-24 13:26:02.980486,0 days 00:00:04.182646,0.8,1,0.8,0.15906023844096814,0.0008956099427585043,30,229,COMPLETE,0.0,,,,,,,,,,,,,,,,,,,,
59,59,0.5929010178896729,2023-08-24 13:25:58.856376,2023-08-24 13:26:03.035733,0 days 00:00:04.179357,0.8,1,0.8,7.735493565921533e-05,0.0016532838458578319,30,228,COMPLETE,0.0,,,,,,,,,,,,,,,,,,,,
60,60,0.5939761452884629,2023-08-24 13:25:58.936082,2023-08-24 13:26:03.463048,0 days 00:00:04.526966,0.8,1,0.8,6.538883075154685e-05,0.0008350830019834639,30,230,COMPLETE,0.0,,,,,,,,,,,,,,,,,,,,
61,61,0.6002987303958178,2023-08-24 13:25:59.008814,2023-08-24 13:26:00.480715,0 days 00:00:01.471901,0.8,1,0.8,0.00038871995194124,0.001180442002478186,100,230,COMPLETE,0.0,,,,,,,,,,,,,,,,,,,,
62,62,0.6002987303958178,2023-08-24 13:25:59.225337,2023-08-24 13:26:00.685014,0 days 00:00:01.459677,0.8,1,0.8,8.870998357310828e-05,0.0017349807255344503,100,224,COMPLETE,0.0,,,,,,,,,,,,,,,,,,,,
63,63,0.6100490969574373,2023-08-24 13:25:59.302746,2023-08-24 13:26:00.613161,0 days 00:00:01.310415,0.8,1,0.8,6.77532305471868e-05,0.0031967972753158993,100,227,COMPLETE,0.0,,,,,,,,,,,,,,,,,,,,
64,64,0.5907310346237853,2023-08-24 13:26:00.537271,2023-08-24 13:26:03.302361,0 days 00:00:02.765090,0.4,1,0.8,6.47885259703321e-05,0.0034841492180821827,30,205,COMPLETE,0.0,,,,,,,,,,,,,,,,,,,,
65,65,0.5932887625195318,2023-08-24 13:26:00.607028,2023-08-24 13:26:02.433033,0 days 00:00:01.826005,0.4,1,0.8,7.741027182951311e-05,0.00015808060028159565,50,206,COMPLETE,0.0,,,,,,,,,,,,,,,,,,,,
66,66,0.5932887625195318,2023-08-24 13:26:00.669765,2023-08-24 13:26:02.368559,0 days 00:00:01.698794,0.4,1,0.8,7.259645210947263e-05,0.0002973603921098323,50,204,COMPLETE,0.0,,,,,,,,,,,,,,,,,,,,
67,67,0.6059807592544082,2023-08-24 13:26:00.728414,2023-08-24 13:26:02.286738,0 days 00:00:01.558324,0.4,1,0.8,0.008907665871128503,0.0001251674096224629,50,201,COMPLETE,0.0,,,,,,,,,,,,,,,,,,,,
68,68,0.5968221006575853,2023-08-24 13:26:01.282910,2023-08-24 13:26:03.184576,0 days 00:00:01.901666,1.0,1,0.5,5.658363104297304e-05,0.005781805786499567,80,204,COMPLETE,0.0,,,,,,,,,,,,,,,,,,,,
69,69,0.5820662547832349,2023-08-24 13:26:02.334386,2023-08-24 13:26:05.084080,0 days 00:00:02.749694,1.0,1,0.9,6.768753641896727e-05,0.005124063560388459,80,206,COMPLETE,0.0,,,,,,,,,,,,,,,,,,,,
70,70,0.5968221006575853,2023-08-24 13:26:02.420883,2023-08-24 13:26:04.469579,0 days 00:00:02.048696,1.0,1,0.5,0.00015674321937769547,0.004988676809526702,80,106,COMPLETE,0.0,,,,,,,,,,,,,,,,,,,,
71,71,0.6097442269856063,2023-08-24 13:26:02.484236,2023-08-24 13:26:04.336356,0 days 00:00:01.852120,0.6000000000000001,1,0.5,0.00014856122818573757,0.00045130093228821805,80,177,COMPLETE,0.0,,,,,,,,,,,,,,,,,,,,
72,72,0.5934073291957457,2023-08-24 13:26:03.026719,2023-08-24 13:26:05.440706,0 days 00:00:02.413987,1.0,2,0.5,4.489197591722627e-05,0.004750270765151558,80,173,COMPLETE,0.0,,,,,,,,,,,,,,,,,,,,
73,73,0.5934073291957457,2023-08-24 13:26:03.097043,2023-08-24 13:26:05.675398,0 days 00:00:02.578355,1.0,2,0.5,1.7479990046120976e-05,0.00046565537351190715,80,171,COMPLETE,0.0,,,,,,,,,,,,,,,,,,,,
74,74,0.6053275542913901,2023-08-24 13:26:03.229381,2023-08-24 13:26:04.629429,0 days 00:00:01.400048,0.6000000000000001,2,0.9,1.9846989582085034e-05,0.022462751978330704,90,109,COMPLETE,0.0,,,,,,,,,,,,,,,,,,,,
75,75,0.5899104795260013,2023-08-24 13:26:03.344103,2023-08-24 13:26:04.746080,0 days 00:00:01.401977,0.6000000000000001,2,0.4,2.1937685735552807e-05,0.02418700039020287,80,108,COMPLETE,0.0,,,,,,,,,,,,,,,,,,,,
76,76,0.5899104795260013,2023-08-24 13:26:03.505282,2023-08-24 13:26:04.820114,0 days 00:00:01.314832,0.6000000000000001,2,0.4,2.0804058414612326e-05,0.03405016377619741,80,174,COMPLETE,0.0,,,,,,,,,,,,,,,,,,,,
77,77,0.5880988733521215,2023-08-24 13:26:04.377885,2023-08-24 13:26:07.064970,0 days 00:00:02.687085,1.0,2,0.9,2.5092292203463448e-05,0.42255993649678053,90,112,COMPLETE,0.0,,,,,,,,,,,,,,,,,,,,
78,78,0.6109367579955814,2023-08-24 13:26:04.512096,2023-08-24 13:26:06.634471,0 days 00:00:02.122375,0.9,2,0.4,2.538913571797771e-05,0.027828326255615446,90,195,COMPLETE,0.0,,,,,,,,,,,,,,,,,,,,
79,79,0.5958242028302853,2023-08-24 13:26:04.673017,2023-08-24 13:26:06.466654,0 days 00:00:01.793637,0.9,1,0.4,1.7506454948883425e-05,0.32601812099386,90,74,COMPLETE,0.0,,,,,,,,,,,,,,,,,,,,
80,80,0.5947951955651369,2023-08-24 13:26:04.791213,2023-08-24 13:26:07.194075,0 days 00:00:02.402862,0.9,1,0.9,1.8125609042009762e-06,0.3384229697075381,90,193,COMPLETE,0.0,,,,,,,,,,,,,,,,,,,,
81,81,0.6003866381352027,2023-08-24 13:26:04.868793,2023-08-24 13:26:06.992961,0 days 00:00:02.124168,0.9,1,0.9,1.7554495914562439e-06,0.3176706357373113,90,193,COMPLETE,0.0,,,,,,,,,,,,,,,,,,,,
82,82,0.6031518256209272,2023-08-24 13:26:05.128755,2023-08-24 13:26:06.909968,0 days 00:00:01.781213,0.9,3,0.6000000000000001,1.4213565516150896e-06,0.00038582860652640246,90,193,COMPLETE,0.0,,,,,,,,,,,,,,,,,,,,
83,83,0.5919613486842105,2023-08-24 13:26:05.484880,2023-08-24 13:26:07.253157,0 days 00:00:01.768277,0.9,3,0.6000000000000001,5.255336895665503e-06,0.44106224775458047,90,79,COMPLETE,0.0,,,,,,,,,,,,,,,,,,,,
84,84,0.5901067711852953,2023-08-24 13:26:05.717965,2023-08-24 13:26:07.415074,0 days 00:00:01.697109,0.9,3,0.6000000000000001,1.9867945845942326e-06,0.29635849332106473,90,78,COMPLETE,0.0,,,,,,,,,,,,,,,,,,,,
85,85,0.6129888072271311,2023-08-24 13:26:06.512876,2023-08-24 13:26:07.576210,0 days 00:00:01.063334,0.9,3,0.6000000000000001,4.23389403288957e-06,0.4077602947242524,70,16,COMPLETE,0.0,,,,,,,,,,,,,,,,,,,,
86,86,0.6031518256209272,2023-08-24 13:26:06.682418,2023-08-24 13:26:08.728667,0 days 00:00:02.046249,0.9,3,0.6000000000000001,1.7163010648030188e-06,0.3458042308081677,70,48,COMPLETE,0.0,,,,,,,,,,,,,,,,,,,,
87,87,0.5943039069356275,2023-08-24 13:26:06.958712,2023-08-24 13:26:08.796277,0 days 00:00:01.837565,0.9,1,1.0,4.4084075374895695e-06,0.0016614455922658873,70,47,COMPLETE,0.0,,,,,,,,,,,,,,,,,,,,
88,88,0.6123275059533912,2023-08-24 13:26:07.052224,2023-08-24 13:26:09.487092,0 days 00:00:02.434868,0.9,1,0.6000000000000001,4.209000421779767e-06,6.43633510688737e-05,70,218,COMPLETE,0.0,,,,,,,,,,,,,,,,,,,,
89,89,0.6123275059533912,2023-08-24 13:26:07.112058,2023-08-24 13:26:09.755045,0 days 00:00:02.642987,0.9,1,0.6000000000000001,4.797308816395227e-06,0.00023799295824779196,70,218,COMPLETE,0.0,,,,,,,,,,,,,,,,,,,,
90,90,0.6123275059533912,2023-08-24 13:26:07.239068,2023-08-24 13:26:09.896741,0 days 00:00:02.657673,0.9,1,0.6000000000000001,4.550690370560392e-06,6.856670976078489e-05,70,217,COMPLETE,0.0,,,,,,,,,,,,,,,,,,,,
91,91,0.6123275059533912,2023-08-24 13:26:07.304391,2023-08-24 13:26:09.704537,0 days 00:00:02.400146,0.9,1,0.6000000000000001,3.6638079579889206e-06,5.41454490110282e-05,70,215,COMPLETE,0.0,,,,,,,,,,,,,,,,,,,,
92,92,0.6123275059533912,2023-08-24 13:26:07.459597,2023-08-24 13:26:10.081610,0 days 00:00:02.622013,0.9,1,0.6000000000000001,5.139798674823755e-06,6.644766804952254e-05,70,216,COMPLETE,0.0,,,,,,,,,,,,,,,,,,,,
93,93,0.6000779045251288,2023-08-24 13:26:07.621751,2023-08-24 13:26:08.249315,0 days 00:00:00.627564,0.9,3,0.6000000000000001,4.835800984544063e-06,0.18272546528665223,70,12,COMPLETE,0.0,,,,,,,,,,,,,,,,,,,,
94,94,0.5968844487895838,2023-08-24 13:26:08.297419,2023-08-24 13:26:09.093216,0 days 00:00:00.795797,0.8,3,1.0,8.930495092357878e-07,0.1346857103142679,70,18,COMPLETE,0.0,,,,,,,,,,,,,,,,,,,,
95,95,0.6136034276353097,2023-08-24 13:26:08.778068,2023-08-24 13:26:09.272557,0 days 00:00:00.494489,0.8,3,1.0,3.826195540464948e-05,0.00020527323682676638,70,3,COMPLETE,0.0,,,,,,,,,,,,,,,,,,,,
96,96,0.6127888539419303,2023-08-24 13:26:08.850383,2023-08-24 13:26:09.942662,0 days 00:00:01.092279,0.8,3,0.7000000000000001,7.999040299199682e-07,0.12911602099920552,20,18,COMPLETE,0.0,,,,,,,,,,,,,,,,,,,,
97,97,0.6001266059905304,2023-08-24 13:26:09.139922,2023-08-24 13:26:10.663107,0 days 00:00:01.523185,0.7000000000000001,3,0.7000000000000001,1.2718635719547505e-05,0.00021750833587906668,100,34,COMPLETE,0.0,,,,,,,,,,,,,,,,,,,,
98,98,0.5902766725797457,2023-08-24 13:26:09.317555,2023-08-24 13:26:10.770322,0 days 00:00:01.452767,0.8,3,1.0,2.9656895932277177e-06,0.00017836774210962304,20,32,COMPLETE,0.0,,,,,,,,,,,,,,,,,,,,
99,99,0.5905196647324307,2023-08-24 13:26:09.530798,2023-08-24 13:26:14.175550,0 days 00:00:04.644752,0.8,3,1.0,4.172277894414046e-05,0.00018549157286546164,20,154,COMPLETE,0.0,,,,,,,,,,,,,,,,,,,,
100,100,0.5983523933788728,2023-08-24 13:26:09.751541,2023-08-24 13:26:12.299301,0 days 00:00:02.547760,0.8,3,1.0,4.316539703560222e-05,0.00020648228365185018,70,219,COMPLETE,0.0,,,,,,,,,,,,,,,,,,,,
101,101,0.5983523933788728,2023-08-24 13:26:09.808692,2023-08-24 13:26:12.743169,0 days 00:00:02.934477,0.8,3,1.0,1.3949091899486413e-05,0.00020296140009940194,70,238,COMPLETE,0.0,,,,,,,,,,,,,,,,,,,,
102,102,0.5893470150246686,2023-08-24 13:26:09.941505,2023-08-24 13:26:10.418118,0 days 00:00:00.476613,0.8,3,0.7000000000000001,1.20894992358226e-05,0.0005457809719819664,60,2,COMPLETE,0.0,,,,,,,,,,,,,,,,,,,,
