,number,value,datetime_start,datetime_complete,duration,params_bagging_fraction,params_bagging_freq,params_feature_fraction,params_lambda_l1,params_lambda_l2,params_min_child_samples,params_num_leaves,state,best_trial,dev_acc,dev_recall_macro,dev_precision_macro,dev_f1_macro,dev_recall_0,dev_precision_0,dev_f1_0,dev_recall_1,dev_precision_1,dev_f1_1,test_acc,test_recall_macro,test_precision_macro,test_f1_macro,test_recall_0,test_precision_0,test_f1_0,test_recall_1,test_precision_1,test_f1_1
102,102,0.6597600872410033,2023-08-24 14:04:09.953801,2023-08-24 14:04:10.590448,0 days 00:00:00.636647,0.4,3,0.6000000000000001,0.0020942350525931385,0.0014060724713617645,70,178,COMPLETE,0.0,,,,,,,,,,,,,,,,,,,,
103,103,0.5188811188811189,2023-08-24 14:04:10.021431,2023-08-24 14:04:10.847599,0 days 00:00:00.826168,1.0,3,0.6000000000000001,0.002051705613268353,0.0005566355943296107,70,176,COMPLETE,0.0,,,,,,,,,,,,,,,,,,,,
104,104,0.5486397798242829,2023-08-24 14:04:10.298551,2023-08-24 14:04:10.977956,0 days 00:00:00.679405,0.9,3,0.6000000000000001,0.0023062700168624745,0.00017994951810442454,70,200,COMPLETE,0.0,,,,,,,,,,,,,,,,,,,,
105,105,0.5188811188811189,2023-08-24 14:04:10.419760,2023-08-24 14:04:11.243203,0 days 00:00:00.823443,1.0,3,0.6000000000000001,0.0020167786006604457,0.0013678758420926493,70,223,COMPLETE,0.0,,,,,,,,,,,,,,,,,,,,
106,106,0.5933834586466165,2023-08-24 14:04:10.515635,2023-08-24 14:04:11.339906,0 days 00:00:00.824271,0.4,3,0.6000000000000001,0.0022520305990209486,0.0001641984718227375,60,223,COMPLETE,0.0,,,,,,,,,,,,,,,,,,,,
107,107,0.5486397798242829,2023-08-24 14:04:10.589492,2023-08-24 14:04:11.609811,0 days 00:00:01.020319,0.9,3,0.6000000000000001,0.0027123281791539603,0.0015521018071761581,70,222,COMPLETE,0.0,,,,,,,,,,,,,,,,,,,,
108,108,0.6597600872410033,2023-08-24 14:04:10.645164,2023-08-24 14:04:11.413497,0 days 00:00:00.768333,0.4,3,0.6000000000000001,0.0019841605513106803,0.0005020997154545628,70,222,COMPLETE,0.0,,,,,,,,,,,,,,,,,,,,
109,109,0.51886501490696,2023-08-24 14:04:10.698656,2023-08-24 14:04:11.812249,0 days 00:00:01.113593,0.9,3,0.6000000000000001,0.0020436302131890565,0.001304842400299317,60,208,COMPLETE,0.0,,,,,,,,,,,,,,,,,,,,
110,110,0.5486397798242829,2023-08-24 14:04:10.774434,2023-08-24 14:04:11.759939,0 days 00:00:00.985505,0.9,3,0.6000000000000001,0.002329776779900023,0.00016754302807699841,70,206,COMPLETE,0.0,,,,,,,,,,,,,,,,,,,,
111,111,0.5933834586466165,2023-08-24 14:04:10.892993,2023-08-24 14:04:11.655973,0 days 00:00:00.762980,0.4,3,0.6000000000000001,0.002243942213014376,0.00017123984780122238,60,223,COMPLETE,0.0,,,,,,,,,,,,,,,,,,,,
112,112,0.5933834586466165,2023-08-24 14:04:11.027662,2023-08-24 14:04:11.519201,0 days 00:00:00.491539,0.4,3,0.6000000000000001,0.002217405937300167,0.0016033801242481389,60,223,COMPLETE,0.0,,,,,,,,,,,,,,,,,,,,
113,113,0.5933834586466165,2023-08-24 14:04:11.287532,2023-08-24 14:04:11.962854,0 days 00:00:00.675322,0.4,3,0.4,0.003779495834309715,0.0013893402044981831,60,222,COMPLETE,0.0,,,,,,,,,,,,,,,,,,,,
114,114,0.5933834586466165,2023-08-24 14:04:11.389621,2023-08-24 14:04:12.155939,0 days 00:00:00.766318,0.4,3,0.5,0.003720557373385547,0.0014742341882915807,60,211,COMPLETE,0.0,,,,,,,,,,,,,,,,,,,,
115,115,0.5933834586466165,2023-08-24 14:04:11.459070,2023-08-24 14:04:12.294633,0 days 00:00:00.835563,0.4,3,0.5,0.0035927989222181763,0.0015820965125557648,60,210,COMPLETE,0.0,,,,,,,,,,,,,,,,,,,,
116,116,0.5933834586466165,2023-08-24 14:04:11.578583,2023-08-24 14:04:12.438841,0 days 00:00:00.860258,0.4,3,0.5,0.0038896622694665293,0.002469409551653911,60,209,COMPLETE,0.0,,,,,,,,,,,,,,,,,,,,
117,117,0.6597600872410033,2023-08-24 14:04:11.711022,2023-08-24 14:04:12.557859,0 days 00:00:00.846837,0.4,3,0.4,0.0039412825077467855,0.0005188421582696698,70,206,COMPLETE,0.0,,,,,,,,,,,,,,,,,,,,
118,118,0.6597600872410033,2023-08-24 14:04:11.715492,2023-08-24 14:04:12.378845,0 days 00:00:00.663353,0.4,3,0.6000000000000001,0.004292436828249619,0.0005110148183266939,70,208,COMPLETE,0.0,,,,,,,,,,,,,,,,,,,,
119,119,0.6597600872410033,2023-08-24 14:04:11.804484,2023-08-24 14:04:12.502952,0 days 00:00:00.698468,0.4,3,0.5,0.00411225004493376,0.0006154817653279578,70,211,COMPLETE,0.0,,,,,,,,,,,,,,,,,,,,
120,120,0.6597600872410033,2023-08-24 14:04:11.861659,2023-08-24 14:04:12.614690,0 days 00:00:00.753031,0.4,3,0.5,0.003635063002142711,0.0005157779632227388,70,231,COMPLETE,0.0,,,,,,,,,,,,,,,,,,,,
121,121,0.6597600872410033,2023-08-24 14:04:12.008063,2023-08-24 14:04:12.703226,0 days 00:00:00.695163,0.4,3,0.7000000000000001,0.0009015870247230211,0.0005644920326316886,70,211,COMPLETE,0.0,,,,,,,,,,,,,,,,,,,,
122,122,0.6597600872410033,2023-08-24 14:04:12.198303,2023-08-24 14:04:12.791773,0 days 00:00:00.593470,0.4,3,0.7000000000000001,0.001023252082833755,0.0006001356001008346,70,239,COMPLETE,0.0,,,,,,,,,,,,,,,,,,,,
123,123,0.6597600872410033,2023-08-24 14:04:12.336916,2023-08-24 14:04:13.086140,0 days 00:00:00.749224,0.4,3,0.7000000000000001,0.0009798494201981101,0.0006578600095896736,70,241,COMPLETE,0.0,,,,,,,,,,,,,,,,,,,,
124,124,0.6597600872410033,2023-08-24 14:04:12.424170,2023-08-24 14:04:13.228299,0 days 00:00:00.804129,0.4,3,0.7000000000000001,0.0009289356395508388,0.0005448825193510687,70,240,COMPLETE,0.0,,,,,,,,,,,,,,,,,,,,
125,125,0.6597600872410033,2023-08-24 14:04:12.483583,2023-08-24 14:04:13.330878,0 days 00:00:00.847295,0.4,3,0.7000000000000001,0.000852659891743686,0.0005221687908528295,70,230,COMPLETE,0.0,,,,,,,,,,,,,,,,,,,,
126,126,0.6267942583732058,2023-08-24 14:04:12.548535,2023-08-24 14:04:13.518502,0 days 00:00:00.969967,0.7000000000000001,3,0.7000000000000001,0.0009448870377668437,0.000649496274864017,70,240,COMPLETE,0.0,,,,,,,,,,,,,,,,,,,,
127,127,0.6267942583732058,2023-08-24 14:04:12.601708,2023-08-24 14:04:13.568830,0 days 00:00:00.967122,0.7000000000000001,3,0.7000000000000001,0.0008592018475134341,0.00022308549950157743,70,240,COMPLETE,0.0,,,,,,,,,,,,,,,,,,,,
128,128,0.6597600872410033,2023-08-24 14:04:12.671307,2023-08-24 14:04:13.401188,0 days 00:00:00.729881,0.4,3,0.4,0.0010277285568134158,0.00025581578324679875,70,240,COMPLETE,0.0,,,,,,,,,,,,,,,,,,,,
129,129,0.6597600872410033,2023-08-24 14:04:12.768832,2023-08-24 14:04:13.450787,0 days 00:00:00.681955,0.4,3,0.4,0.007634672773507939,0.0002319437640089135,70,240,COMPLETE,0.0,,,,,,,,,,,,,,,,,,,,
130,130,0.6597600872410033,2023-08-24 14:04:12.853159,2023-08-24 14:04:13.633659,0 days 00:00:00.780500,0.4,3,0.7000000000000001,0.0008717259943668052,0.0043813306614337915,70,199,COMPLETE,0.0,,,,,,,,,,,,,,,,,,,,
131,131,0.6142355889724311,2023-08-24 14:04:13.130875,2023-08-24 14:04:13.805323,0 days 00:00:00.674448,0.7000000000000001,3,0.4,0.007593164758243163,0.0002159165807264919,70,230,COMPLETE,0.0,,,,,,,,,,,,,,,,,,,,
132,132,0.6142355889724311,2023-08-24 14:04:13.283589,2023-08-24 14:04:14.064111,0 days 00:00:00.780522,0.7000000000000001,3,0.4,0.008153182026558767,0.0026529329642736247,70,229,COMPLETE,0.0,,,,,,,,,,,,,,,,,,,,
133,133,0.6597600872410033,2023-08-24 14:04:13.373977,2023-08-24 14:04:14.200271,0 days 00:00:00.826294,0.4,3,0.4,0.007111786273641487,0.00023057964105854055,70,197,COMPLETE,0.0,,,,,,,,,,,,,,,,,,,,
134,134,0.6142355889724311,2023-08-24 14:04:13.449353,2023-08-24 14:04:14.530019,0 days 00:00:01.080666,0.7000000000000001,3,0.4,0.007533292869603017,5.678896335632067e-05,70,218,COMPLETE,0.0,,,,,,,,,,,,,,,,,,,,
135,135,0.6267942583732058,2023-08-24 14:04:13.505373,2023-08-24 14:04:14.617971,0 days 00:00:01.112598,0.7000000000000001,3,0.7000000000000001,0.0014346854669962004,0.0010738632531099343,70,201,COMPLETE,0.0,,,,,,,,,,,,,,,,,,,,
136,136,0.6597600872410033,2023-08-24 14:04:13.565419,2023-08-24 14:04:14.278373,0 days 00:00:00.712954,0.4,3,0.7000000000000001,0.007101673869053563,0.0025220277088063878,70,201,COMPLETE,0.0,,,,,,,,,,,,,,,,,,,,
137,137,0.6597600872410033,2023-08-24 14:04:13.632602,2023-08-24 14:04:14.413119,0 days 00:00:00.780517,0.4,3,0.4,0.00718568598875533,0.002731309674481437,70,230,COMPLETE,0.0,,,,,,,,,,,,,,,,,,,,
138,138,0.6597600872410033,2023-08-24 14:04:13.680330,2023-08-24 14:04:14.351783,0 days 00:00:00.671453,0.4,3,0.6000000000000001,0.014295830956515602,0.0025644118639375248,70,218,COMPLETE,0.0,,,,,,,,,,,,,,,,,,,,
139,139,0.6597600872410033,2023-08-24 14:04:13.863510,2023-08-24 14:04:14.467142,0 days 00:00:00.603632,0.4,3,0.6000000000000001,0.015575964654429196,0.002519062063762556,70,215,COMPLETE,0.0,,,,,,,,,,,,,,,,,,,,
140,140,0.6597600872410033,2023-08-24 14:04:14.106774,2023-08-24 14:04:14.687957,0 days 00:00:00.581183,0.4,3,0.6000000000000001,0.0014843900795317613,0.0011420572571955077,70,195,COMPLETE,0.0,,,,,,,,,,,,,,,,,,,,
141,141,0.6597600872410033,2023-08-24 14:04:14.244982,2023-08-24 14:04:15.035160,0 days 00:00:00.790178,0.4,3,0.6000000000000001,0.0015776767908019583,0.001056505096847728,70,219,COMPLETE,0.0,,,,,,,,,,,,,,,,,,,,
142,142,0.6597600872410033,2023-08-24 14:04:14.340610,2023-08-24 14:04:15.302143,0 days 00:00:00.961533,0.4,3,0.6000000000000001,0.0014659696213523,9.644393240036041e-05,70,218,COMPLETE,0.0,,,,,,,,,,,,,,,,,,,,
143,143,0.6597600872410033,2023-08-24 14:04:14.401358,2023-08-24 14:04:15.162861,0 days 00:00:00.761503,0.4,3,0.6000000000000001,0.0015219440863078154,0.0010801129553548781,70,192,COMPLETE,0.0,,,,,,,,,,,,,,,,,,,,
144,144,0.6174990321331785,2023-08-24 14:04:14.460868,2023-08-24 14:04:15.558737,0 days 00:00:01.097869,0.4,3,0.6000000000000001,0.0017336000188771868,0.0010360644843512656,80,250,COMPLETE,0.0,,,,,,,,,,,,,,,,,,,,
145,145,0.530827067669173,2023-08-24 14:04:14.524607,2023-08-24 14:04:15.632944,0 days 00:00:01.108337,0.4,3,0.6000000000000001,0.0005572726310567867,0.0010839543220684058,20,250,COMPLETE,0.0,,,,,,,,,,,,,,,,,,,,
146,146,0.6174990321331785,2023-08-24 14:04:14.580077,2023-08-24 14:04:15.232913,0 days 00:00:00.652836,0.4,3,0.6000000000000001,0.0017288799724130893,0.0010136315104289006,80,192,COMPLETE,0.0,,,,,,,,,,,,,,,,,,,,
147,147,0.6174990321331785,2023-08-24 14:04:14.666388,2023-08-24 14:04:15.352390,0 days 00:00:00.686002,0.4,3,0.6000000000000001,0.002801706721485614,0.00012640712330313174,80,249,COMPLETE,0.0,,,,,,,,,,,,,,,,,,,,
148,148,0.6597600872410033,2023-08-24 14:04:14.739205,2023-08-24 14:04:15.412038,0 days 00:00:00.672833,0.4,3,0.6000000000000001,0.004576934668367662,0.0004261526192469198,70,193,COMPLETE,0.0,,,,,,,,,,,,,,,,,,,,
149,149,0.6174990321331785,2023-08-24 14:04:15.078709,2023-08-24 14:04:15.714022,0 days 00:00:00.635313,0.4,3,0.5,0.004218260377074988,0.00014683106117956604,80,192,COMPLETE,0.0,,,,,,,,,,,,,,,,,,,,
150,150,0.6174990321331785,2023-08-24 14:04:15.219507,2023-08-24 14:04:16.138865,0 days 00:00:00.919358,0.4,3,0.5,0.0029012067683156853,0.0003958022327855996,80,249,COMPLETE,0.0,,,,,,,,,,,,,,,,,,,,
151,151,0.6174990321331785,2023-08-24 14:04:15.282344,2023-08-24 14:04:16.077324,0 days 00:00:00.794980,0.4,3,0.5,0.00283752224285366,0.00046420432726443237,80,250,COMPLETE,0.0,,,,,,,,,,,,,,,,,,,,
152,152,0.6174990321331785,2023-08-24 14:04:15.349655,2023-08-24 14:04:16.032250,0 days 00:00:00.682595,0.4,3,0.5,0.004354068110159981,0.00042750105376602977,80,250,COMPLETE,0.0,,,,,,,,,,,,,,,,,,,,
153,153,0.6597600872410033,2023-08-24 14:04:15.398909,2023-08-24 14:04:16.233292,0 days 00:00:00.834383,0.4,3,0.5,0.004185092185968207,0.0003975985025913553,70,226,COMPLETE,0.0,,,,,,,,,,,,,,,,,,,,
154,154,0.5933834586466165,2023-08-24 14:04:15.461943,2023-08-24 14:04:16.372135,0 days 00:00:00.910192,0.4,3,0.5,0.004585949903957177,0.0004279211011602215,60,233,COMPLETE,0.0,,,,,,,,,,,,,,,,,,,,
155,155,0.5933834586466165,2023-08-24 14:04:15.605273,2023-08-24 14:04:16.298282,0 days 00:00:00.693009,0.4,3,0.5,0.004143055780777263,0.00037081582989861633,60,183,COMPLETE,0.0,,,,,,,,,,,,,,,,,,,,
156,156,0.5933834586466165,2023-08-24 14:04:15.674861,2023-08-24 14:04:16.419772,0 days 00:00:00.744911,0.4,3,0.5,0.0031237045393082757,0.0003959693933422594,60,234,COMPLETE,0.0,,,,,,,,,,,,,,,,,,,,
157,157,0.5933834586466165,2023-08-24 14:04:15.760224,2023-08-24 14:04:16.463239,0 days 00:00:00.703015,0.4,3,0.5,0.002841525697272746,0.00044517720420171115,60,226,COMPLETE,0.0,,,,,,,,,,,,,,,,,,,,
158,158,0.6597600872410033,2023-08-24 14:04:16.076399,2023-08-24 14:04:16.967994,0 days 00:00:00.891595,0.4,3,0.5,0.0030790277477335645,0.000436914143246124,70,233,COMPLETE,0.0,,,,,,,,,,,,,,,,,,,,
159,159,0.6597600872410033,2023-08-24 14:04:16.124960,2023-08-24 14:04:17.028080,0 days 00:00:00.903120,0.4,3,0.5,0.0031515228265692964,0.0006576662001496925,70,234,COMPLETE,0.0,,,,,,,,,,,,,,,,,,,,
160,160,0.6597600872410033,2023-08-24 14:04:16.182268,2023-08-24 14:04:16.914485,0 days 00:00:00.732217,0.4,3,0.5,0.004396646052441712,0.0006992444274474258,70,226,COMPLETE,0.0,,,,,,,,,,,,,,,,,,,,
161,161,0.6597600872410033,2023-08-24 14:04:16.283261,2023-08-24 14:04:17.235424,0 days 00:00:00.952163,0.4,3,0.7000000000000001,0.002593915182402032,0.0007157665528350973,70,182,COMPLETE,0.0,,,,,,,,,,,,,,,,,,,,
162,162,0.6597600872410033,2023-08-24 14:04:16.345608,2023-08-24 14:04:17.286756,0 days 00:00:00.941148,0.4,3,0.7000000000000001,0.0006155436202837247,0.0007354803301870218,70,231,COMPLETE,0.0,,,,,,,,,,,,,,,,,,,,
163,163,0.6597600872410033,2023-08-24 14:04:16.461031,2023-08-24 14:04:17.083834,0 days 00:00:00.622803,0.4,3,0.7000000000000001,0.0005914602764481901,0.0006537506101332372,70,106,COMPLETE,0.0,,,,,,,,,,,,,,,,,,,,
164,164,0.6597600872410033,2023-08-24 14:04:16.462445,2023-08-24 14:04:17.148509,0 days 00:00:00.686064,0.4,3,0.7000000000000001,0.0006294793142316202,0.0007531103978688957,70,130,COMPLETE,0.0,,,,,,,,,,,,,,,,,,,,
165,165,0.6597600872410033,2023-08-24 14:04:16.521705,2023-08-24 14:04:17.345831,0 days 00:00:00.824126,0.4,3,0.7000000000000001,0.0006460195321974663,0.0006368226797008882,70,129,COMPLETE,0.0,,,,,,,,,,,,,,,,,,,,
166,166,0.6597600872410033,2023-08-24 14:04:17.025297,2023-08-24 14:04:17.847168,0 days 00:00:00.821871,0.4,3,0.7000000000000001,0.0006319901754921977,0.0007064389637577931,70,206,COMPLETE,0.0,,,,,,,,,,,,,,,,,,,,
167,167,0.6597600872410033,2023-08-24 14:04:17.070088,2023-08-24 14:04:17.799245,0 days 00:00:00.729157,0.4,3,0.7000000000000001,0.000593307767125206,0.000657687492641844,70,212,COMPLETE,0.0,,,,,,,,,,,,,,,,,,,,
168,168,0.6597600872410033,2023-08-24 14:04:17.076356,2023-08-24 14:04:17.924889,0 days 00:00:00.848533,0.4,3,0.7000000000000001,0.0005936406624675375,0.000661071594297353,70,205,COMPLETE,0.0,,,,,,,,,,,,,,,,,,,,
169,169,0.6597600872410033,2023-08-24 14:04:17.134904,2023-08-24 14:04:18.005426,0 days 00:00:00.870522,0.4,3,0.7000000000000001,0.0022493676215773325,0.00026409913595512406,70,212,COMPLETE,0.0,,,,,,,,,,,,,,,,,,,,
170,170,0.6597600872410033,2023-08-24 14:04:17.211502,2023-08-24 14:04:18.001357,0 days 00:00:00.789855,0.4,3,0.7000000000000001,0.001975987512910851,0.00023502696699045128,70,204,COMPLETE,0.0,,,,,,,,,,,,,,,,,,,,
171,171,0.6597600872410033,2023-08-24 14:04:17.282658,2023-08-24 14:04:18.211047,0 days 00:00:00.928389,0.4,3,0.7000000000000001,0.002023141757753054,0.0002739277459081079,70,215,COMPLETE,0.0,,,,,,,,,,,,,,,,,,,,
172,172,0.6597600872410033,2023-08-24 14:04:17.344823,2023-08-24 14:04:18.095045,0 days 00:00:00.750222,0.4,3,0.7000000000000001,0.0019368567620886494,0.0002669127859449461,70,212,COMPLETE,0.0,,,,,,,,,,,,,,,,,,,,
173,173,0.6597600872410033,2023-08-24 14:04:17.407016,2023-08-24 14:04:18.051971,0 days 00:00:00.644955,0.4,3,0.7000000000000001,0.0020162902403995236,0.0003005158542112551,70,206,COMPLETE,0.0,,,,,,,,,,,,,,,,,,,,
174,174,0.6597600872410033,2023-08-24 14:04:17.843692,2023-08-24 14:04:18.726846,0 days 00:00:00.883154,0.4,3,1.0,0.002072667046863386,0.0002486513348043146,70,204,COMPLETE,0.0,,,,,,,,,,,,,,,,,,,,
175,175,0.6597600872410033,2023-08-24 14:04:17.891911,2023-08-24 14:04:18.617236,0 days 00:00:00.725325,0.4,3,1.0,0.001994538870678734,0.0002834277594471009,70,215,COMPLETE,0.0,,,,,,,,,,,,,,,,,,,,
176,176,0.6350877192982456,2023-08-24 14:04:17.970264,2023-08-24 14:04:18.928947,0 days 00:00:00.958683,0.5,3,1.0,0.0018410032528703138,0.00015917705637387222,70,212,COMPLETE,0.0,,,,,,,,,,,,,,,,,,,,
177,177,0.6597600872410033,2023-08-24 14:04:18.093659,2023-08-24 14:04:18.869193,0 days 00:00:00.775534,0.4,3,1.0,0.001224576154216436,0.00187719165696636,70,241,COMPLETE,0.0,,,,,,,,,,,,,,,,,,,,
178,178,0.6597600872410033,2023-08-24 14:04:18.101238,2023-08-24 14:04:19.019511,0 days 00:00:00.918273,0.4,3,1.0,0.001261036732405375,0.00016379818961420896,70,242,COMPLETE,0.0,,,,,,,,,,,,,,,,,,,,
179,179,0.6597600872410033,2023-08-24 14:04:18.189214,2023-08-24 14:04:19.065206,0 days 00:00:00.875992,0.4,3,1.0,0.001088688077525947,0.0018049896938989258,70,240,COMPLETE,0.0,,,,,,,,,,,,,,,,,,,,
180,180,0.6597600872410033,2023-08-24 14:04:18.197137,2023-08-24 14:04:18.977763,0 days 00:00:00.780626,0.4,3,1.0,0.0010856295611447106,0.0001555129703530276,70,242,COMPLETE,0.0,,,,,,,,,,,,,,,,,,,,
181,181,0.6597600872410033,2023-08-24 14:04:18.265318,2023-08-24 14:04:18.822186,0 days 00:00:00.556868,0.4,3,1.0,0.0010542549268690957,0.0018551680363417327,70,242,COMPLETE,0.0,,,,,,,,,,,,,,,,,,,,
182,182,0.6597600872410033,2023-08-24 14:04:18.659806,2023-08-24 14:04:19.282427,0 days 00:00:00.622621,0.4,3,0.7000000000000001,0.0012318228999871673,0.00014868970600166647,70,242,COMPLETE,0.0,,,,,,,,,,,,,,,,,,,,
183,183,0.6597600872410033,2023-08-24 14:04:18.770317,2023-08-24 14:04:19.532248,0 days 00:00:00.761931,0.4,3,0.7000000000000001,0.0010119018664596039,0.00015884545750673021,70,241,COMPLETE,0.0,,,,,,,,,,,,,,,,,,,,
184,184,0.6597600872410033,2023-08-24 14:04:18.913838,2023-08-24 14:04:19.806517,0 days 00:00:00.892679,0.4,3,0.7000000000000001,0.00028560555120169206,0.00015642206972186785,70,237,COMPLETE,0.0,,,,,,,,,,,,,,,,,,,,
185,185,0.6597600872410033,2023-08-24 14:04:18.918723,2023-08-24 14:04:19.742962,0 days 00:00:00.824239,0.4,3,0.7000000000000001,0.0002566926925939657,0.00013787695087126353,70,238,COMPLETE,0.0,,,,,,,,,,,,,,,,,,,,
186,186,0.6597600872410033,2023-08-24 14:04:18.976734,2023-08-24 14:04:19.690066,0 days 00:00:00.713332,0.4,3,0.7000000000000001,0.0012001554797663994,0.00010100973825633425,70,237,COMPLETE,0.0,,,,,,,,,,,,,,,,,,,,
187,187,0.6597600872410033,2023-08-24 14:04:19.107409,2023-08-24 14:04:19.905242,0 days 00:00:00.797833,0.4,3,0.7000000000000001,0.0003118752555246119,0.0005502830400735867,70,237,COMPLETE,0.0,,,,,,,,,,,,,,,,,,,,
188,188,0.6597600872410033,2023-08-24 14:04:19.117381,2023-08-24 14:04:19.848768,0 days 00:00:00.731387,0.4,3,0.7000000000000001,0.00035840265151418273,0.0005392193864857821,70,235,COMPLETE,0.0,,,,,,,,,,,,,,,,,,,,
189,189,0.6597600872410033,2023-08-24 14:04:19.118657,2023-08-24 14:04:19.954370,0 days 00:00:00.835713,0.4,3,0.7000000000000001,0.0003727645825661234,0.001286548156346337,70,237,COMPLETE,0.0,,,,,,,,,,,,,,,,,,,,
190,190,0.6597600872410033,2023-08-24 14:04:19.327595,2023-08-24 14:04:20.030735,0 days 00:00:00.703140,0.4,3,0.7000000000000001,0.00024057163726038118,0.0013205864773722696,70,238,COMPLETE,0.0,,,,,,,,,,,,,,,,,,,,
191,191,0.6597600872410033,2023-08-24 14:04:19.573974,2023-08-24 14:04:20.197681,0 days 00:00:00.623707,0.4,3,0.7000000000000001,0.0002412380139392737,0.0005236532390276638,70,235,COMPLETE,0.0,,,,,,,,,,,,,,,,,,,,
192,192,0.6597600872410033,2023-08-24 14:04:19.786309,2023-08-24 14:04:20.746009,0 days 00:00:00.959700,0.4,3,0.7000000000000001,0.005246227295389692,0.0012067345312501588,70,226,COMPLETE,0.0,,,,,,,,,,,,,,,,,,,,
193,193,0.6597600872410033,2023-08-24 14:04:19.789831,2023-08-24 14:04:20.631890,0 days 00:00:00.842059,0.4,3,0.7000000000000001,0.010857862403132662,0.0010504089698869783,70,227,COMPLETE,0.0,,,,,,,,,,,,,,,,,,,,
194,194,0.6597600872410033,2023-08-24 14:04:19.891560,2023-08-24 14:04:20.680614,0 days 00:00:00.789054,0.4,3,0.7000000000000001,0.005932723826167188,0.0012670824178345767,70,224,COMPLETE,0.0,,,,,,,,,,,,,,,,,,,,
195,195,0.6597600872410033,2023-08-24 14:04:19.896271,2023-08-24 14:04:20.558623,0 days 00:00:00.662352,0.4,3,0.7000000000000001,0.005581481029550653,0.0014202547541279798,70,226,COMPLETE,0.0,,,,,,,,,,,,,,,,,,,,
196,196,0.6597600872410033,2023-08-24 14:04:19.953343,2023-08-24 14:04:20.788880,0 days 00:00:00.835537,0.4,3,0.6000000000000001,0.005713572901589148,0.0013647317391685637,70,226,COMPLETE,0.0,,,,,,,,,,,,,,,,,,,,
197,197,0.5933834586466165,2023-08-24 14:04:19.999334,2023-08-24 14:04:20.867179,0 days 00:00:00.867845,0.4,3,0.6000000000000001,0.00549800834861093,0.0009568091977698578,60,227,COMPLETE,0.0,,,,,,,,,,,,,,,,,,,,
198,198,0.6597600872410033,2023-08-24 14:04:20.075041,2023-08-24 14:04:20.868643,0 days 00:00:00.793602,0.4,3,0.7000000000000001,0.004612238683919859,0.0009990300571256175,70,227,COMPLETE,0.0,,,,,,,,,,,,,,,,,,,,
199,199,0.6597600872410033,2023-08-24 14:04:20.240526,2023-08-24 14:04:20.973075,0 days 00:00:00.732549,0.4,3,0.7000000000000001,0.0008474573538035861,0.0009336340011336777,70,227,COMPLETE,0.0,,,,,,,,,,,,,,,,,,,,
200,200,0.6597600872410033,2023-08-24 14:04:20.612823,2023-08-24 14:04:21.455524,0 days 00:00:00.842701,0.4,3,0.7000000000000001,0.009480031426145981,0.0007890031494637996,70,222,COMPLETE,0.0,,,,,,,,,,,,,,,,,,,,
201,201,0.6597600872410033,2023-08-24 14:04:20.678201,2023-08-24 14:04:21.563297,0 days 00:00:00.885096,0.4,3,0.6000000000000001,0.0007858275733552263,0.0009261964533003232,70,222,COMPLETE,0.0,,,,,,,,,,,,,,,,,,,,
202,202,0.6597600872410033,2023-08-24 14:04:20.725717,2023-08-24 14:04:21.517457,0 days 00:00:00.791740,0.4,3,0.6000000000000001,0.0009871143670144179,0.0005252200967925815,70,256,COMPLETE,0.0,,,,,,,,,,,,,,,,,,,,
203,203,0.5933834586466165,2023-08-24 14:04:20.834419,2023-08-24 14:04:21.770297,0 days 00:00:00.935878,0.4,3,0.8,0.0028138224007469934,0.0005487718982869533,60,246,COMPLETE,0.0,,,,,,,,,,,,,,,,,,,,
204,204,0.5933834586466165,2023-08-24 14:04:20.838238,2023-08-24 14:04:21.674242,0 days 00:00:00.836004,0.4,3,0.8,0.0009015880958615282,0.0005433116519660058,60,246,COMPLETE,0.0,,,,,,,,,,,,,,,,,,,,
