,number,value,datetime_start,datetime_complete,duration,params_bagging_fraction,params_bagging_freq,params_feature_fraction,params_lambda_l1,params_lambda_l2,params_min_child_samples,params_num_leaves,state,best_trial,dev_acc,dev_recall_macro,dev_precision_macro,dev_f1_macro,dev_recall_0,dev_precision_0,dev_f1_0,dev_recall_1,dev_precision_1,dev_f1_1,test_acc,test_recall_macro,test_precision_macro,test_f1_macro,test_recall_0,test_precision_0,test_f1_0,test_recall_1,test_precision_1,test_f1_1
211,211,0.6057159521726451,2023-08-24 12:19:18.234744,2023-08-24 12:19:19.302051,0 days 00:00:01.067307,0.8,3,0.8,0.00018245660487921115,8.477245518566084e-07,50,191,COMPLETE,0.0,,,,,,,,,,,,,,,,,,,,
212,212,0.6057159521726451,2023-08-24 12:19:18.371449,2023-08-24 12:19:19.141343,0 days 00:00:00.769894,0.8,3,0.8,0.00025957648453913925,7.535180117916303e-07,50,250,COMPLETE,0.0,,,,,,,,,,,,,,,,,,,,
213,213,0.6057159521726451,2023-08-24 12:19:18.861393,2023-08-24 12:19:19.895990,0 days 00:00:01.034597,0.8,3,0.8,0.0002571874278120701,8.544632842921491e-07,50,133,COMPLETE,0.0,,,,,,,,,,,,,,,,,,,,
214,214,0.5897435897435898,2023-08-24 12:19:18.921032,2023-08-24 12:19:20.087845,0 days 00:00:01.166813,0.8,3,0.8,0.00023230144804610252,2.2436695451318968e-06,20,256,COMPLETE,0.0,,,,,,,,,,,,,,,,,,,,
215,215,0.6057159521726451,2023-08-24 12:19:19.055720,2023-08-24 12:19:20.142637,0 days 00:00:01.086917,0.8,3,0.8,0.00026434960259081095,3.1410819300840854e-05,50,256,COMPLETE,0.0,,,,,,,,,,,,,,,,,,,,
216,216,0.5099749373433584,2023-08-24 12:19:19.185452,2023-08-24 12:19:21.342117,0 days 00:00:02.156665,0.6000000000000001,3,0.8,0.0001321628099416518,3.309719624154505e-05,10,256,COMPLETE,0.0,,,,,,,,,,,,,,,,,,,,
217,217,0.5566570833746406,2023-08-24 12:19:19.296283,2023-08-24 12:19:20.251057,0 days 00:00:00.954774,0.6000000000000001,3,0.8,0.00012076709518238593,2.209284870400596e-06,50,180,COMPLETE,0.0,,,,,,,,,,,,,,,,,,,,
218,218,0.5897435897435898,2023-08-24 12:19:19.347655,2023-08-24 12:19:20.552092,0 days 00:00:01.204437,0.8,3,0.8,0.00029299364944920786,2.4058822280879348e-06,30,256,COMPLETE,0.0,,,,,,,,,,,,,,,,,,,,
219,219,0.5897435897435898,2023-08-24 12:19:19.399042,2023-08-24 12:19:20.783546,0 days 00:00:01.384504,0.8,3,0.8,0.00012157627412054903,2.368299544055242e-06,20,256,COMPLETE,0.0,,,,,,,,,,,,,,,,,,,,
220,220,0.5897435897435898,2023-08-24 12:19:19.402504,2023-08-24 12:19:20.892933,0 days 00:00:01.490429,0.8,3,0.8,0.00012542452960225922,2.330707171699617e-06,20,255,COMPLETE,0.0,,,,,,,,,,,,,,,,,,,,
221,221,0.5933834586466165,2023-08-24 12:19:19.943077,2023-08-24 12:19:20.425705,0 days 00:00:00.482628,1.0,3,0.8,0.0022244702748703813,8.169055638109784e-06,100,256,COMPLETE,0.0,,,,,,,,,,,,,,,,,,,,
222,222,0.6020017662643509,2023-08-24 12:19:20.133355,2023-08-24 12:19:21.254582,0 days 00:00:01.121227,0.6000000000000001,3,0.8,0.000123481863916808,2.2413369504966005e-07,30,249,COMPLETE,0.0,,,,,,,,,,,,,,,,,,,,
223,223,0.5897435897435898,2023-08-24 12:19:20.187541,2023-08-24 12:19:21.541456,0 days 00:00:01.353915,0.8,3,0.8,0.0001224970195248695,8.917199235057605e-06,30,250,COMPLETE,0.0,,,,,,,,,,,,,,,,,,,,
224,224,0.5897435897435898,2023-08-24 12:19:20.297438,2023-08-24 12:19:21.445807,0 days 00:00:01.148369,0.8,3,0.8,0.0019685313374936233,8.596440953229512e-06,30,247,COMPLETE,0.0,,,,,,,,,,,,,,,,,,,,
225,225,0.606060606060606,2023-08-24 12:19:20.473451,2023-08-24 12:19:22.132887,0 days 00:00:01.659436,0.8,3,0.8,9.95164405341837e-06,2.9776772663687344e-06,10,203,COMPLETE,0.0,,,,,,,,,,,,,,,,,,,,
226,226,0.6057159521726451,2023-08-24 12:19:20.602264,2023-08-24 12:19:21.197833,0 days 00:00:00.595569,0.8,3,0.8,0.0009248017314431803,2.3131214150861386e-07,50,250,COMPLETE,0.0,,,,,,,,,,,,,,,,,,,,
227,227,0.6057159521726451,2023-08-24 12:19:20.828918,2023-08-24 12:19:21.589711,0 days 00:00:00.760793,0.8,3,0.8,0.0009164167629565373,8.396880155259299e-06,50,248,COMPLETE,0.0,,,,,,,,,,,,,,,,,,,,
228,228,0.6057159521726451,2023-08-24 12:19:20.939274,2023-08-24 12:19:21.722483,0 days 00:00:00.783209,0.8,3,0.8,0.002986297133942575,2.800265743792585e-05,50,196,COMPLETE,0.0,,,,,,,,,,,,,,,,,,,,
229,229,0.6057159521726451,2023-08-24 12:19:21.243826,2023-08-24 12:19:22.351075,0 days 00:00:01.107249,0.8,3,0.8,0.004201305657500633,2.632720145233132e-05,50,190,COMPLETE,0.0,,,,,,,,,,,,,,,,,,,,
230,230,0.6057159521726451,2023-08-24 12:19:21.299220,2023-08-24 12:19:22.432105,0 days 00:00:01.132885,0.8,3,0.8,1.0457133414644458e-05,2.663579193736551e-05,50,196,COMPLETE,0.0,,,,,,,,,,,,,,,,,,,,
231,231,0.6057159521726451,2023-08-24 12:19:21.413189,2023-08-24 12:19:22.612867,0 days 00:00:01.199678,0.8,3,0.8,0.004119972693970867,2.0051176231035436e-05,50,194,COMPLETE,0.0,,,,,,,,,,,,,,,,,,,,
232,232,0.6057159521726451,2023-08-24 12:19:21.492389,2023-08-24 12:19:22.785165,0 days 00:00:01.292776,0.8,3,0.8,0.003129290728777049,1.796895421661688e-05,50,205,COMPLETE,0.0,,,,,,,,,,,,,,,,,,,,
233,233,0.6057159521726451,2023-08-24 12:19:21.586768,2023-08-24 12:19:22.660517,0 days 00:00:01.073749,0.8,3,0.8,0.0037497788875366666,2.5163255653039228e-05,50,195,COMPLETE,0.0,,,,,,,,,,,,,,,,,,,,
234,234,0.6057159521726451,2023-08-24 12:19:21.635040,2023-08-24 12:19:22.706958,0 days 00:00:01.071918,0.8,3,0.8,0.003435832545431184,2.7202724478212117e-05,50,194,COMPLETE,0.0,,,,,,,,,,,,,,,,,,,,
235,235,0.6140625,2023-08-24 12:19:21.766900,2023-08-24 12:19:22.853766,0 days 00:00:01.086866,0.8,3,0.8,0.011417861596137894,1.9913348659948227e-05,50,203,COMPLETE,0.0,,,,,,,,,,,,,,,,,,,,
236,236,0.6142355889724311,2023-08-24 12:19:22.176936,2023-08-24 12:19:23.836924,0 days 00:00:01.659988,0.8,3,0.8,1.213143001484227e-05,3.4845218357115068e-06,10,204,COMPLETE,0.0,,,,,,,,,,,,,,,,,,,,
237,237,0.606060606060606,2023-08-24 12:19:22.394430,2023-08-24 12:19:23.891184,0 days 00:00:01.496754,0.8,3,0.8,1.0865155401515283e-05,1.622783116636254e-06,10,203,COMPLETE,0.0,,,,,,,,,,,,,,,,,,,,
238,238,0.6142355889724311,2023-08-24 12:19:22.479849,2023-08-24 12:19:24.711321,0 days 00:00:02.231472,0.8,3,0.8,3.6818193160288286e-06,3.751281678051773e-06,10,214,COMPLETE,0.0,,,,,,,,,,,,,,,,,,,,
239,239,0.606060606060606,2023-08-24 12:19:22.705672,2023-08-24 12:19:25.357248,0 days 00:00:02.651576,0.8,3,0.8,9.351256912992962e-06,1.3897904781637512e-06,10,202,COMPLETE,0.0,,,,,,,,,,,,,,,,,,,,
240,240,0.6185188856944581,2023-08-24 12:19:22.756500,2023-08-24 12:19:24.974765,0 days 00:00:02.218265,0.8,3,0.8,7.4517199165668175e-06,1.507724984573863e-06,10,203,COMPLETE,1.0,0.6442307692307693,0.6178040411742279,0.6298319327731092,0.6185188856944581,0.46511627906976744,0.5882352941176471,0.5194805194805194,0.7704918032786885,0.6714285714285714,0.7175572519083969,0.5461254612546126,0.5439312977099237,0.5446981364033783,0.5428898827171701,0.4778625954198473,0.5341296928327645,0.5044319097502014,0.61,0.5552665799739922,0.5813478556841388
241,241,0.6142355889724311,2023-08-24 12:19:22.760701,2023-08-24 12:19:25.252264,0 days 00:00:02.491563,0.8,3,0.8,2.963396631274328e-06,3.981511562075013e-06,10,204,COMPLETE,0.0,,,,,,,,,,,,,,,,,,,,
242,242,0.5772776841479133,2023-08-24 12:19:22.850259,2023-08-24 12:19:25.040887,0 days 00:00:02.190628,0.8,3,0.8,7.611183914848546e-05,3.641254654271779e-06,10,204,COMPLETE,0.0,,,,,,,,,,,,,,,,,,,,
243,243,0.6140625,2023-08-24 12:19:22.903967,2023-08-24 12:19:23.598953,0 days 00:00:00.694986,0.8,3,0.8,0.008233607158368418,1.4303170010391042e-06,50,202,COMPLETE,0.0,,,,,,,,,,,,,,,,,,,,
244,244,0.5571041424699961,2023-08-24 12:19:23.645934,2023-08-24 12:19:25.419466,0 days 00:00:01.773532,0.8,3,0.8,0.007629985210810333,1.4352288348569026e-06,10,210,COMPLETE,0.0,,,,,,,,,,,,,,,,,,,,
245,245,0.5815916004317536,2023-08-24 12:19:23.884167,2023-08-24 12:19:25.723984,0 days 00:00:01.839817,0.8,3,0.8,0.010175634643976219,3.7909289737129184e-06,10,204,COMPLETE,0.0,,,,,,,,,,,,,,,,,,,,
246,246,0.6185188856944581,2023-08-24 12:19:23.951246,2023-08-24 12:19:25.814259,0 days 00:00:01.863013,0.8,3,0.8,6.123303085914438e-06,3.2165821188619983e-06,10,202,COMPLETE,0.0,,,,,,,,,,,,,,,,,,,,
247,247,0.5978982849211857,2023-08-24 12:19:24.757616,2023-08-24 12:19:26.206532,0 days 00:00:01.448916,0.8,3,0.8,7.856743938654614e-06,3.3720549592280353e-06,10,209,COMPLETE,0.0,,,,,,,,,,,,,,,,,,,,
248,248,0.6142355889724311,2023-08-24 12:19:25.028419,2023-08-24 12:19:26.322284,0 days 00:00:01.293865,0.8,3,0.8,4.550213639760243e-06,1.5705298854621602e-06,10,203,COMPLETE,0.0,,,,,,,,,,,,,,,,,,,,
249,249,0.6176470588235294,2023-08-24 12:19:25.099971,2023-08-24 12:19:26.373176,0 days 00:00:01.273205,0.8,3,0.8,5.648103274561551e-06,1.6460522792278298e-06,10,203,COMPLETE,0.0,,,,,,,,,,,,,,,,,,,,
