,number,value,datetime_start,datetime_complete,duration,params_bagging_fraction,params_bagging_freq,params_feature_fraction,params_lambda_l1,params_lambda_l2,params_min_child_samples,params_num_leaves,state,best_trial,dev_acc,dev_recall_macro,dev_precision_macro,dev_f1_macro,dev_recall_0,dev_precision_0,dev_f1_0,dev_recall_1,dev_precision_1,dev_f1_1,test_acc,test_recall_macro,test_precision_macro,test_f1_macro,test_recall_0,test_precision_0,test_f1_0,test_recall_1,test_precision_1,test_f1_1
211,211,0.6374431455701769,2023-08-23 23:47:36.731202,2023-08-23 23:47:37.983770,0 days 00:00:01.252568,0.9,3,1.0,6.626644525446736e-07,0.01842716950284028,10,13,COMPLETE,0.0,,,,,,,,,,,,,,,,,,,,
212,212,0.6284196844468493,2023-08-23 23:47:36.905899,2023-08-23 23:47:38.076796,0 days 00:00:01.170897,0.9,2,1.0,1.7223734054703515e-06,0.01607085901106347,10,14,COMPLETE,0.0,,,,,,,,,,,,,,,,,,,,
213,213,0.6324023926395572,2023-08-23 23:47:37.057573,2023-08-23 23:47:38.167093,0 days 00:00:01.109520,0.9,2,1.0,6.3015372765977976e-06,0.019195483749734607,10,12,COMPLETE,0.0,,,,,,,,,,,,,,,,,,,,
214,214,0.6299866323190046,2023-08-23 23:47:37.238230,2023-08-23 23:47:38.416618,0 days 00:00:01.178388,0.9,2,1.0,8.56500674588904e-06,0.01828860540766388,10,17,COMPLETE,0.0,,,,,,,,,,,,,,,,,,,,
215,215,0.6343294133629602,2023-08-23 23:47:37.451686,2023-08-23 23:47:38.466822,0 days 00:00:01.015136,0.9,3,1.0,1.5734439277990822e-05,0.016705980701113184,10,15,COMPLETE,0.0,,,,,,,,,,,,,,,,,,,,
216,216,0.6362219097889151,2023-08-23 23:47:37.724348,2023-08-23 23:47:38.621414,0 days 00:00:00.897066,0.9,3,1.0,9.27849445163898e-06,0.010903373296763904,10,12,COMPLETE,0.0,,,,,,,,,,,,,,,,,,,,
217,217,0.6374431455701769,2023-08-23 23:47:37.953603,2023-08-23 23:47:39.114168,0 days 00:00:01.160565,0.9,3,1.0,7.767458352633168e-06,0.01788577385253074,10,13,COMPLETE,0.0,,,,,,,,,,,,,,,,,,,,
218,218,0.634936432082059,2023-08-23 23:47:38.029202,2023-08-23 23:47:39.343211,0 days 00:00:01.314009,0.9,3,1.0,6.1690204262555675e-06,0.01871423792865286,10,15,COMPLETE,0.0,,,,,,,,,,,,,,,,,,,,
219,219,0.6371565431131385,2023-08-23 23:47:38.134159,2023-08-23 23:47:39.442861,0 days 00:00:01.308702,0.9,3,1.0,1.5946851219335188e-05,0.01240627094651924,10,14,COMPLETE,0.0,,,,,,,,,,,,,,,,,,,,
220,220,0.6324752613788912,2023-08-23 23:47:38.218350,2023-08-23 23:47:39.783429,0 days 00:00:01.565079,0.9,3,1.0,8.871517700913988e-06,0.00983001264318487,10,16,COMPLETE,0.0,,,,,,,,,,,,,,,,,,,,
221,221,0.6343294133629602,2023-08-23 23:47:38.304058,2023-08-23 23:47:39.709814,0 days 00:00:01.405756,0.9,3,1.0,9.151650049120238e-06,0.014077006970903319,10,15,COMPLETE,0.0,,,,,,,,,,,,,,,,,,,,
222,222,0.6355967687002944,2023-08-23 23:47:38.458613,2023-08-23 23:47:39.858209,0 days 00:00:01.399596,0.9,3,1.0,7.728700828522471e-07,0.010172513930647609,10,15,COMPLETE,0.0,,,,,,,,,,,,,,,,,,,,
223,223,0.6308828811619513,2023-08-23 23:47:38.514911,2023-08-23 23:47:39.530512,0 days 00:00:01.015601,0.9,3,1.0,7.496797682718098e-07,0.010931496066668465,10,6,COMPLETE,0.0,,,,,,,,,,,,,,,,,,,,
224,224,0.6264547562383176,2023-08-23 23:47:38.663437,2023-08-23 23:47:39.583472,0 days 00:00:00.920035,0.9,3,1.0,4.2866903878876015e-06,0.011217093354830248,10,7,COMPLETE,0.0,,,,,,,,,,,,,,,,,,,,
225,225,0.630556370552695,2023-08-23 23:47:39.158371,2023-08-23 23:47:39.965137,0 days 00:00:00.806766,0.9,3,1.0,4.303031298966097e-06,0.011561547992317582,10,8,COMPLETE,0.0,,,,,,,,,,,,,,,,,,,,
226,226,0.630556370552695,2023-08-23 23:47:39.387509,2023-08-23 23:47:40.373027,0 days 00:00:00.985518,0.9,3,1.0,1.6822865867603493e-05,0.01028303174112251,10,8,COMPLETE,0.0,,,,,,,,,,,,,,,,,,,,
227,227,0.6299572913572163,2023-08-23 23:47:39.485911,2023-08-23 23:47:40.646449,0 days 00:00:01.160538,0.9,3,1.0,2.103060829198241e-05,0.013052710699033404,10,10,COMPLETE,0.0,,,,,,,,,,,,,,,,,,,,
228,228,0.6264547562383176,2023-08-23 23:47:39.575872,2023-08-23 23:47:40.794140,0 days 00:00:01.218268,0.9,3,1.0,1.3988699646336748e-05,0.022549177231559688,10,7,COMPLETE,0.0,,,,,,,,,,,,,,,,,,,,
229,229,0.6327609013636447,2023-08-23 23:47:39.629404,2023-08-23 23:47:41.156225,0 days 00:00:01.526821,0.9,3,1.0,7.643827993683348e-06,0.023318384001205363,10,16,COMPLETE,0.0,,,,,,,,,,,,,,,,,,,,
230,230,0.6280078641252405,2023-08-23 23:47:39.753554,2023-08-23 23:47:41.034028,0 days 00:00:01.280474,0.9,3,1.0,7.6194937773368365e-06,0.02107808461791198,10,10,COMPLETE,0.0,,,,,,,,,,,,,,,,,,,,
231,231,0.6302417649400408,2023-08-23 23:47:39.830524,2023-08-23 23:47:40.839247,0 days 00:00:01.008723,0.9,3,1.0,1.5099355778439733e-05,0.020209440476845742,10,8,COMPLETE,0.0,,,,,,,,,,,,,,,,,,,,
232,232,0.6317647880973456,2023-08-23 23:47:39.907723,2023-08-23 23:47:40.977436,0 days 00:00:01.069713,0.9,3,1.0,1.7798229809484174e-05,0.024538964176060822,10,9,COMPLETE,0.0,,,,,,,,,,,,,,,,,,,,
233,233,0.62961232324214,2023-08-23 23:47:40.010531,2023-08-23 23:47:41.342425,0 days 00:00:01.331894,0.9,3,1.0,1.8965771304484317e-05,0.024411121557625974,10,21,COMPLETE,0.0,,,,,,,,,,,,,,,,,,,,
234,234,0.6343487429967964,2023-08-23 23:47:40.414198,2023-08-23 23:47:41.507455,0 days 00:00:01.093257,0.9,3,1.0,2.1445572208302265e-05,0.02536997332473556,10,19,COMPLETE,0.0,,,,,,,,,,,,,,,,,,,,
235,235,0.6337153309092507,2023-08-23 23:47:40.688893,2023-08-23 23:47:41.749429,0 days 00:00:01.060536,0.9,3,1.0,1.354765645734235e-05,0.025021574925965868,10,22,COMPLETE,0.0,,,,,,,,,,,,,,,,,,,,
236,236,0.634642892681228,2023-08-23 23:47:40.880883,2023-08-23 23:47:42.219172,0 days 00:00:01.338289,0.9,3,1.0,8.818243409143733e-06,0.04160424917641091,10,22,COMPLETE,0.0,,,,,,,,,,,,,,,,,,,,
237,237,0.6367462364368606,2023-08-23 23:47:40.889782,2023-08-23 23:47:42.668480,0 days 00:00:01.778698,0.9,3,1.0,2.5609024635535523e-05,0.00543492600818364,10,22,COMPLETE,0.0,,,,,,,,,,,,,,,,,,,,
238,238,0.6290154554218366,2023-08-23 23:47:41.021064,2023-08-23 23:47:42.327882,0 days 00:00:01.306818,0.9,3,1.0,6.097727871078545e-06,0.005612099083177356,10,21,COMPLETE,0.0,,,,,,,,,,,,,,,,,,,,
239,239,0.6340393312842135,2023-08-23 23:47:41.080217,2023-08-23 23:47:42.566515,0 days 00:00:01.486298,0.9,3,1.0,5.892128132230375e-06,0.04057981329179284,10,21,COMPLETE,0.0,,,,,,,,,,,,,,,,,,,,
240,240,0.6367462364368606,2023-08-23 23:47:41.202451,2023-08-23 23:47:42.808526,0 days 00:00:01.606075,0.9,3,1.0,5.014802454743571e-06,0.005448341870238127,10,22,COMPLETE,0.0,,,,,,,,,,,,,,,,,,,,
241,241,0.6334073396891733,2023-08-23 23:47:41.387262,2023-08-23 23:47:42.973254,0 days 00:00:01.585992,0.9,3,1.0,5.478766784391454e-06,0.0427497805561705,10,21,COMPLETE,0.0,,,,,,,,,,,,,,,,,,,,
242,242,0.6405432476980893,2023-08-23 23:47:41.554857,2023-08-23 23:47:43.030261,0 days 00:00:01.475404,0.9,3,1.0,3.5334567411681236e-06,0.005317900748303338,10,22,COMPLETE,0.0,,,,,,,,,,,,,,,,,,,,
243,243,0.6355967687002944,2023-08-23 23:47:41.792954,2023-08-23 23:47:42.871551,0 days 00:00:01.078597,0.9,3,1.0,5.551241347780675e-06,0.005422377950420957,10,15,COMPLETE,0.0,,,,,,,,,,,,,,,,,,,,
244,244,0.6355967687002944,2023-08-23 23:47:42.263645,2023-08-23 23:47:43.278114,0 days 00:00:01.014469,0.9,3,1.0,5.679864620850349e-06,0.005344972918283989,10,15,COMPLETE,0.0,,,,,,,,,,,,,,,,,,,,
245,245,0.639956680994588,2023-08-23 23:47:42.381212,2023-08-23 23:47:43.387950,0 days 00:00:01.006738,0.9,3,1.0,3.2825451330740533e-05,0.04350124491897186,10,15,COMPLETE,0.0,,,,,,,,,,,,,,,,,,,,
246,246,0.633392377578424,2023-08-23 23:47:42.612268,2023-08-23 23:47:43.659679,0 days 00:00:01.047411,0.9,3,1.0,4.575405215002444e-06,0.06458416048446076,10,15,COMPLETE,0.0,,,,,,,,,,,,,,,,,,,,
247,247,0.6349741756070382,2023-08-23 23:47:42.713435,2023-08-23 23:47:43.714941,0 days 00:00:01.001506,0.9,3,1.0,5.011422452396944e-05,0.00612457797273511,10,14,COMPLETE,0.0,,,,,,,,,,,,,,,,,,,,
248,248,0.6355967687002944,2023-08-23 23:47:42.859601,2023-08-23 23:47:43.828237,0 days 00:00:00.968636,0.9,3,1.0,2.4127871766021338e-05,0.005875164906304705,10,15,COMPLETE,0.0,,,,,,,,,,,,,,,,,,,,
249,249,0.6324624042889065,2023-08-23 23:47:42.918208,2023-08-23 23:47:43.929149,0 days 00:00:01.010941,0.9,3,1.0,3.2732291807559255e-06,0.005447639496569833,10,25,COMPLETE,0.0,,,,,,,,,,,,,,,,,,,,
