,number,value,datetime_start,datetime_complete,duration,params_bagging_fraction,params_bagging_freq,params_feature_fraction,params_lambda_l1,params_lambda_l2,params_min_child_samples,params_num_leaves,state,best_trial,dev_acc,dev_recall_macro,dev_precision_macro,dev_f1_macro,dev_recall_0,dev_precision_0,dev_f1_0,dev_recall_1,dev_precision_1,dev_f1_1,test_acc,test_recall_macro,test_precision_macro,test_f1_macro,test_recall_0,test_precision_0,test_f1_0,test_recall_1,test_precision_1,test_f1_1
103,103,0.531621882251121,2023-08-23 23:35:08.936566,2023-08-23 23:35:11.754741,0 days 00:00:02.818175,0.4,2,1.0,0.0029795672141649148,0.001635048417472654,20,86,COMPLETE,0.0,,,,,,,,,,,,,,,,,,,,
104,104,0.533545507960046,2023-08-23 23:35:09.386630,2023-08-23 23:35:10.561886,0 days 00:00:01.175256,0.4,2,1.0,0.003004488362898358,1.262038788734175e-06,70,254,COMPLETE,0.0,,,,,,,,,,,,,,,,,,,,
105,105,0.5265548078394489,2023-08-23 23:35:09.625867,2023-08-23 23:35:11.990236,0 days 00:00:02.364369,0.5,2,1.0,0.0006268680616253595,0.0013017419569528166,20,77,COMPLETE,0.0,,,,,,,,,,,,,,,,,,,,
106,106,0.5315476112745527,2023-08-23 23:35:09.762487,2023-08-23 23:35:10.868080,0 days 00:00:01.105593,0.5,2,1.0,0.18739520694558232,0.0018483051027464907,100,60,COMPLETE,0.0,,,,,,,,,,,,,,,,,,,,
107,107,0.5271050960234788,2023-08-23 23:35:09.883717,2023-08-23 23:35:10.941319,0 days 00:00:01.057602,0.5,2,1.0,0.0007735409295386652,0.0012259390699784131,100,76,COMPLETE,0.0,,,,,,,,,,,,,,,,,,,,
108,108,0.5271050960234788,2023-08-23 23:35:09.948754,2023-08-23 23:35:11.161909,0 days 00:00:01.213155,0.5,2,1.0,0.0007301834610093774,0.0007251447825649006,100,85,COMPLETE,0.0,,,,,,,,,,,,,,,,,,,,
109,109,0.5265336020752851,2023-08-23 23:35:10.072974,2023-08-23 23:35:14.314911,0 days 00:00:04.241937,0.5,2,1.0,0.022338894532781678,0.0006637420763694099,20,152,COMPLETE,0.0,,,,,,,,,,,,,,,,,,,,
110,110,0.5265548078394489,2023-08-23 23:35:10.315634,2023-08-23 23:35:12.591891,0 days 00:00:02.276257,0.5,2,1.0,0.0008017642792063244,0.00068569130473399,20,77,COMPLETE,0.0,,,,,,,,,,,,,,,,,,,,
111,111,0.5271050960234788,2023-08-23 23:35:10.610065,2023-08-23 23:35:11.661338,0 days 00:00:01.051273,0.5,2,1.0,0.0006139439224649583,0.0008054100042192153,100,76,COMPLETE,0.0,,,,,,,,,,,,,,,,,,,,
112,112,0.5380847326976235,2023-08-23 23:35:10.918438,2023-08-23 23:35:13.701946,0 days 00:00:02.783508,0.5,2,1.0,0.0007455385835953923,0.0006531869129409497,20,97,COMPLETE,0.0,,,,,,,,,,,,,,,,,,,,
113,113,0.5374188391929524,2023-08-23 23:35:10.986355,2023-08-23 23:35:12.049348,0 days 00:00:01.062993,0.4,2,1.0,0.023003236775819478,0.0008752329730332529,100,99,COMPLETE,0.0,,,,,,,,,,,,,,,,,,,,
114,114,0.5199686784117958,2023-08-23 23:35:11.217867,2023-08-23 23:35:12.669223,0 days 00:00:01.451356,0.4,2,1.0,0.01484560077460968,0.00029611191851868933,40,153,COMPLETE,0.0,,,,,,,,,,,,,,,,,,,,
115,115,0.5388701110574602,2023-08-23 23:35:11.706153,2023-08-23 23:35:12.834229,0 days 00:00:01.128076,0.4,2,1.0,0.01880830126833786,0.0053652260292093076,90,97,COMPLETE,0.0,,,,,,,,,,,,,,,,,,,,
116,116,0.5388701110574602,2023-08-23 23:35:11.807127,2023-08-23 23:35:12.752858,0 days 00:00:00.945731,0.4,2,0.9,0.015022524887006602,0.005452553796961527,90,97,COMPLETE,0.0,,,,,,,,,,,,,,,,,,,,
117,117,0.5388701110574602,2023-08-23 23:35:12.036548,2023-08-23 23:35:13.054466,0 days 00:00:01.017918,0.4,2,0.9,0.01764355538636801,0.0002661569990702245,90,152,COMPLETE,0.0,,,,,,,,,,,,,,,,,,,,
118,118,0.536455710368754,2023-08-23 23:35:12.099361,2023-08-23 23:35:13.276503,0 days 00:00:01.177142,0.4,2,1.0,0.04208349126710203,0.0005803941686448839,100,99,COMPLETE,0.0,,,,,,,,,,,,,,,,,,,,
119,119,0.5374188391929524,2023-08-23 23:35:12.640878,2023-08-23 23:35:14.001876,0 days 00:00:01.360998,0.4,2,1.0,0.01988896103677877,0.0009652947393048533,100,97,COMPLETE,0.0,,,,,,,,,,,,,,,,,,,,
120,120,0.5374188391929524,2023-08-23 23:35:12.714411,2023-08-23 23:35:13.800586,0 days 00:00:01.086175,0.4,2,0.9,0.01970132723050908,2.745837952390339e-06,100,97,COMPLETE,0.0,,,,,,,,,,,,,,,,,,,,
121,121,0.5388701110574602,2023-08-23 23:35:12.800870,2023-08-23 23:35:14.077025,0 days 00:00:01.276155,0.4,2,0.9,0.022281592498536645,0.00587061108398461,90,95,COMPLETE,0.0,,,,,,,,,,,,,,,,,,,,
122,122,0.5388701110574602,2023-08-23 23:35:12.880437,2023-08-23 23:35:14.242361,0 days 00:00:01.361924,0.4,2,0.9,0.02050416420087922,0.00531714818089937,90,96,COMPLETE,0.0,,,,,,,,,,,,,,,,,,,,
123,123,0.5388701110574602,2023-08-23 23:35:13.107561,2023-08-23 23:35:14.160090,0 days 00:00:01.052529,0.4,2,0.9,0.01906029466251065,0.006824629494576035,90,100,COMPLETE,0.0,,,,,,,,,,,,,,,,,,,,
124,124,0.5388701110574602,2023-08-23 23:35:13.319740,2023-08-23 23:35:14.393771,0 days 00:00:01.074031,0.4,2,0.9,0.023431315057502948,0.0021182384865678005,90,129,COMPLETE,0.0,,,,,,,,,,,,,,,,,,,,
125,125,0.5200295642766545,2023-08-23 23:35:13.744933,2023-08-23 23:35:15.246320,0 days 00:00:01.501387,0.4,2,0.9,0.019364673261874042,0.004203028768755196,40,129,COMPLETE,0.0,,,,,,,,,,,,,,,,,,,,
126,126,0.5218763117391912,2023-08-23 23:35:13.852668,2023-08-23 23:35:17.322949,0 days 00:00:03.470281,0.4,2,0.9,0.007920640751600585,0.004790325618465228,10,130,COMPLETE,0.0,,,,,,,,,,,,,,,,,,,,
127,127,0.5388701110574602,2023-08-23 23:35:14.055019,2023-08-23 23:35:15.174526,0 days 00:00:01.119507,0.4,2,0.9,0.022012487519085598,0.005454837280937837,90,129,COMPLETE,0.0,,,,,,,,,,,,,,,,,,,,
128,128,0.519480034931728,2023-08-23 23:35:14.126792,2023-08-23 23:35:16.205443,0 days 00:00:02.078651,0.4,2,0.9,0.009379893500749524,0.004605206218197877,40,129,COMPLETE,0.0,,,,,,,,,,,,,,,,,,,,
129,129,0.521944984349993,2023-08-23 23:35:14.206986,2023-08-23 23:35:15.685480,0 days 00:00:01.478494,0.4,2,0.9,0.008745765381642717,0.005403939779669755,90,129,COMPLETE,0.0,,,,,,,,,,,,,,,,,,,,
130,130,0.521944984349993,2023-08-23 23:35:14.290973,2023-08-23 23:35:15.407819,0 days 00:00:01.116846,0.4,2,0.9,0.008361923289789587,0.006030044941361045,90,116,COMPLETE,0.0,,,,,,,,,,,,,,,,,,,,
131,131,0.5258009789327991,2023-08-23 23:35:14.366684,2023-08-23 23:35:16.713732,0 days 00:00:02.347048,0.4,2,0.9,0.008190794131266882,0.007077528798896944,40,115,COMPLETE,0.0,,,,,,,,,,,,,,,,,,,,
132,132,0.5388701110574602,2023-08-23 23:35:14.440772,2023-08-23 23:35:15.552907,0 days 00:00:01.112135,0.4,2,0.9,0.010916364754378674,0.004761793000801848,90,127,COMPLETE,0.0,,,,,,,,,,,,,,,,,,,,
133,133,0.521944984349993,2023-08-23 23:35:15.240482,2023-08-23 23:35:16.313336,0 days 00:00:01.072854,0.4,2,0.9,0.008379981228849923,0.005807220976737155,90,128,COMPLETE,0.0,,,,,,,,,,,,,,,,,,,,
134,134,0.5388701110574602,2023-08-23 23:35:15.313646,2023-08-23 23:35:16.578514,0 days 00:00:01.264868,0.4,2,0.9,0.008424403906049985,0.010539807064515832,90,116,COMPLETE,0.0,,,,,,,,,,,,,,,,,,,,
135,135,0.5300664619566573,2023-08-23 23:35:15.453524,2023-08-23 23:35:16.795329,0 days 00:00:01.341805,0.4,2,0.9,0.045050618442532005,0.007449766007120764,90,126,COMPLETE,0.0,,,,,,,,,,,,,,,,,,,,
136,136,0.5388701110574602,2023-08-23 23:35:15.599212,2023-08-23 23:35:16.470861,0 days 00:00:00.871649,0.4,2,0.9,0.008445600451300949,0.007862062985941816,90,136,COMPLETE,0.0,,,,,,,,,,,,,,,,,,,,
137,137,0.5350003042683604,2023-08-23 23:35:15.729286,2023-08-23 23:35:16.895691,0 days 00:00:01.166405,0.4,2,0.8,0.009902921061856565,0.007763935991021493,90,135,COMPLETE,0.0,,,,,,,,,,,,,,,,,,,,
138,138,0.5223388806527587,2023-08-23 23:35:16.250410,2023-08-23 23:35:17.385390,0 days 00:00:01.134980,0.4,2,0.8,0.043245147323898246,0.009439040932467481,90,135,COMPLETE,0.0,,,,,,,,,,,,,,,,,,,,
139,139,0.5224310974166705,2023-08-23 23:35:16.358849,2023-08-23 23:35:17.552731,0 days 00:00:01.193882,0.4,2,0.9,0.036280162940916516,0.009309220897784784,90,135,COMPLETE,0.0,,,,,,,,,,,,,,,,,,,,
140,140,0.5325876103289537,2023-08-23 23:35:16.514615,2023-08-23 23:35:17.644233,0 days 00:00:01.129618,0.4,2,0.8,0.015263110718134036,0.008551989224741353,90,135,COMPLETE,0.0,,,,,,,,,,,,,,,,,,,,
141,141,0.5305931141008708,2023-08-23 23:35:16.622441,2023-08-23 23:35:17.797395,0 days 00:00:01.174954,0.4,2,0.8,0.012822511617748366,0.008742598781178975,90,135,COMPLETE,0.0,,,,,,,,,,,,,,,,,,,,
142,142,0.5305931141008708,2023-08-23 23:35:16.759052,2023-08-23 23:35:18.072571,0 days 00:00:01.313519,0.4,2,0.8,0.01416767047354719,0.009444285415283096,90,106,COMPLETE,0.0,,,,,,,,,,,,,,,,,,,,
143,143,0.5305931141008708,2023-08-23 23:35:16.845355,2023-08-23 23:35:17.961796,0 days 00:00:01.116441,0.4,2,0.8,0.012373994784162585,0.013681595538134155,90,135,COMPLETE,0.0,,,,,,,,,,,,,,,,,,,,
144,144,0.5325876103289537,2023-08-23 23:35:16.948004,2023-08-23 23:35:18.147760,0 days 00:00:01.199756,0.4,2,0.8,0.013688727257369863,0.014587608511478552,90,161,COMPLETE,0.0,,,,,,,,,,,,,,,,,,,,
145,145,0.5305931141008708,2023-08-23 23:35:17.369116,2023-08-23 23:35:18.729322,0 days 00:00:01.360206,0.4,2,0.8,0.012384811335551273,0.013400850654902824,90,104,COMPLETE,0.0,,,,,,,,,,,,,,,,,,,,
146,146,0.5388701110574602,2023-08-23 23:35:17.434614,2023-08-23 23:35:18.663336,0 days 00:00:01.228722,0.4,2,0.9,0.016045167703456903,0.00261024577342663,90,104,COMPLETE,0.0,,,,,,,,,,,,,,,,,,,,
147,147,0.5388701110574602,2023-08-23 23:35:17.598697,2023-08-23 23:35:18.908527,0 days 00:00:01.309830,0.4,2,0.9,0.016440475513910775,0.0027424101475244807,90,105,COMPLETE,0.0,,,,,,,,,,,,,,,,,,,,
148,148,0.5388701110574602,2023-08-23 23:35:17.696120,2023-08-23 23:35:18.798002,0 days 00:00:01.101882,0.4,2,0.9,0.014656222229796376,0.014459616140458544,90,106,COMPLETE,0.0,,,,,,,,,,,,,,,,,,,,
149,149,0.5330022048029961,2023-08-23 23:35:17.841048,2023-08-23 23:35:18.977818,0 days 00:00:01.136770,0.4,2,0.9,0.005196214646045217,0.002729135706051919,80,102,COMPLETE,0.0,,,,,,,,,,,,,,,,,,,,
150,150,0.5330022048029961,2023-08-23 23:35:18.017719,2023-08-23 23:35:19.257983,0 days 00:00:01.240264,0.4,2,0.9,0.004968095154158669,0.002588036650182147,80,164,COMPLETE,0.0,,,,,,,,,,,,,,,,,,,,
151,151,0.5383742294097347,2023-08-23 23:35:18.119218,2023-08-23 23:35:19.378021,0 days 00:00:01.258803,0.4,2,0.9,0.003978006651881635,0.024792309309906054,80,104,COMPLETE,0.0,,,,,,,,,,,,,,,,,,,,
152,152,0.5340376147847812,2023-08-23 23:35:18.199322,2023-08-23 23:35:19.152298,0 days 00:00:00.952976,0.4,2,0.9,4.1552701466286815e-05,0.0024719482999409465,80,149,COMPLETE,0.0,,,,,,,,,,,,,,,,,,,,
153,153,0.5450580663215335,2023-08-23 23:35:18.710445,2023-08-23 23:35:20.068990,0 days 00:00:01.358545,0.4,2,0.9,0.004527927458360019,0.0024592597177739996,80,104,COMPLETE,0.0,,,,,,,,,,,,,,,,,,,,
154,154,0.5291141312750677,2023-08-23 23:35:18.775149,2023-08-23 23:35:19.994310,0 days 00:00:01.219161,0.4,2,0.9,0.02714892472566375,0.002434364603724732,80,108,COMPLETE,0.0,,,,,,,,,,,,,,,,,,,,
155,155,0.5315790700928043,2023-08-23 23:35:18.849240,2023-08-23 23:35:20.394805,0 days 00:00:01.545565,0.4,2,0.9,0.006109403065130757,0.0026328590752342433,80,108,COMPLETE,0.0,,,,,,,,,,,,,,,,,,,,
156,156,0.5450580663215335,2023-08-23 23:35:18.965098,2023-08-23 23:35:20.450359,0 days 00:00:01.485261,0.4,2,0.9,0.004501883955897455,0.003412835447981068,80,93,COMPLETE,0.0,,,,,,,,,,,,,,,,,,,,
157,157,0.5291141312750677,2023-08-23 23:35:19.028651,2023-08-23 23:35:20.253190,0 days 00:00:01.224539,0.4,2,0.9,0.027509601925776297,0.0027276434406683695,80,93,COMPLETE,0.0,,,,,,,,,,,,,,,,,,,,
158,158,0.5450580663215335,2023-08-23 23:35:19.203801,2023-08-23 23:35:20.627923,0 days 00:00:01.424122,0.4,2,0.9,0.0041180085456492075,0.0034117866616001913,80,109,COMPLETE,0.0,,,,,,,,,,,,,,,,,,,,
159,159,0.5383845618668711,2023-08-23 23:35:19.304809,2023-08-23 23:35:20.691988,0 days 00:00:01.387179,0.4,2,0.9,0.025650674974976057,0.02563971713905702,90,110,COMPLETE,0.0,,,,,,,,,,,,,,,,,,,,
160,160,0.5388701110574602,2023-08-23 23:35:19.427502,2023-08-23 23:35:20.550173,0 days 00:00:01.122671,0.4,2,0.9,0.023675988928915766,0.003224205452444071,90,110,COMPLETE,0.0,,,,,,,,,,,,,,,,,,,,
161,161,0.5388701110574602,2023-08-23 23:35:20.038137,2023-08-23 23:35:21.089141,0 days 00:00:01.051004,0.4,2,0.9,0.020179472746598443,0.0035775752518770795,90,115,COMPLETE,0.0,,,,,,,,,,,,,,,,,,,,
162,162,0.521944984349993,2023-08-23 23:35:20.112990,2023-08-23 23:35:21.218379,0 days 00:00:01.105389,0.4,2,0.9,0.00673686189456489,0.003844313547511647,90,117,COMPLETE,0.0,,,,,,,,,,,,,,,,,,,,
163,163,0.521944984349993,2023-08-23 23:35:20.297397,2023-08-23 23:35:21.386290,0 days 00:00:01.088893,0.4,2,0.9,0.006374783503039474,0.004263924799275588,90,116,COMPLETE,0.0,,,,,,,,,,,,,,,,,,,,
164,164,0.5388701110574602,2023-08-23 23:35:20.439625,2023-08-23 23:35:21.937001,0 days 00:00:01.497376,0.4,2,0.9,0.019180740516667155,0.003705648262148508,90,118,COMPLETE,0.0,,,,,,,,,,,,,,,,,,,,
165,165,0.5306430222212273,2023-08-23 23:35:20.494184,2023-08-23 23:35:21.771792,0 days 00:00:01.277608,0.4,2,0.9,0.0038660126047314375,0.0037962657950086948,90,118,COMPLETE,0.0,,,,,,,,,,,,,,,,,,,,
166,166,0.5214586415499961,2023-08-23 23:35:20.600406,2023-08-23 23:35:22.093284,0 days 00:00:01.492878,0.4,2,0.9,0.004577173875019533,0.004009181483254876,90,118,COMPLETE,0.0,,,,,,,,,,,,,,,,,,,,
167,167,0.5450580663215335,2023-08-23 23:35:20.672109,2023-08-23 23:35:22.023240,0 days 00:00:01.351131,0.4,2,0.9,0.00404858881631557,0.003516695064474564,80,117,COMPLETE,0.0,,,,,,,,,,,,,,,,,,,,
168,168,0.5296825308002948,2023-08-23 23:35:20.736112,2023-08-23 23:35:21.854214,0 days 00:00:01.118102,0.4,2,0.9,0.004042003589218386,0.003954774847092196,90,118,COMPLETE,0.0,,,,,,,,,,,,,,,,,,,,
169,169,0.5306430222212273,2023-08-23 23:35:21.135679,2023-08-23 23:35:22.204229,0 days 00:00:01.068550,0.4,2,0.9,0.0035861073259771557,0.004302423159209353,90,119,COMPLETE,0.0,,,,,,,,,,,,,,,,,,,,
170,170,0.5450580663215335,2023-08-23 23:35:21.263342,2023-08-23 23:35:22.341886,0 days 00:00:01.078544,0.4,2,0.9,0.004056935853239283,0.0018533780879273114,80,94,COMPLETE,0.0,,,,,,,,,,,,,,,,,,,,
171,171,0.5340376147847812,2023-08-23 23:35:21.429419,2023-08-23 23:35:22.503146,0 days 00:00:01.073727,0.4,2,0.9,0.0027561907387968565,0.0017519542964339265,80,93,COMPLETE,0.0,,,,,,,,,,,,,,,,,,,,
172,172,0.5368954874049845,2023-08-23 23:35:21.815521,2023-08-23 23:35:23.039638,0 days 00:00:01.224117,0.4,2,0.9,0.0037482201148831456,0.0015971364382633656,80,90,COMPLETE,0.0,,,,,,,,,,,,,,,,,,,,
173,173,0.5262716091181332,2023-08-23 23:35:21.906684,2023-08-23 23:35:23.313130,0 days 00:00:01.406446,0.4,2,0.9,0.0020653211155534923,0.0013996629229581488,90,93,COMPLETE,0.0,,,,,,,,,,,,,,,,,,,,
174,174,0.5340376147847812,2023-08-23 23:35:21.986452,2023-08-23 23:35:23.856195,0 days 00:00:01.869743,0.4,2,0.9,0.002338808717984789,0.001644170089941203,80,86,COMPLETE,0.0,,,,,,,,,,,,,,,,,,,,
175,175,0.5340376147847812,2023-08-23 23:35:22.076297,2023-08-23 23:35:23.383889,0 days 00:00:01.307592,0.4,2,0.9,0.002208266145898868,0.0018084657579473396,80,90,COMPLETE,0.0,,,,,,,,,,,,,,,,,,,,
176,176,0.5368540178445462,2023-08-23 23:35:22.149537,2023-08-23 23:35:23.444132,0 days 00:00:01.294595,0.4,2,0.9,0.007052811868056029,0.0019691850131848486,80,93,COMPLETE,0.0,,,,,,,,,,,,,,,,,,,,
177,177,0.5340376147847812,2023-08-23 23:35:22.254321,2023-08-23 23:35:23.584681,0 days 00:00:01.330360,0.4,2,0.9,0.0022147810098189567,0.001407865146451303,80,94,COMPLETE,0.0,,,,,,,,,,,,,,,,,,,,
178,178,0.5340376147847812,2023-08-23 23:35:22.390032,2023-08-23 23:35:23.810379,0 days 00:00:01.420347,0.4,2,0.9,0.002106933203743489,0.0017728201949401819,80,94,COMPLETE,0.0,,,,,,,,,,,,,,,,,,,,
179,179,0.5340376147847812,2023-08-23 23:35:22.548091,2023-08-23 23:35:23.709111,0 days 00:00:01.161020,0.4,2,0.9,0.002471993408341093,0.001269649105877747,80,94,COMPLETE,0.0,,,,,,,,,,,,,,,,,,,,
180,180,0.5340376147847812,2023-08-23 23:35:23.083593,2023-08-23 23:35:24.065637,0 days 00:00:00.982044,0.4,2,0.9,0.002040108113414028,0.0011979242130862595,80,85,COMPLETE,0.0,,,,,,,,,,,,,,,,,,,,
181,181,0.5340376147847812,2023-08-23 23:35:23.358019,2023-08-23 23:35:24.605974,0 days 00:00:01.247955,0.4,2,0.9,0.002097656829889112,0.0017129128539682048,80,86,COMPLETE,0.0,,,,,,,,,,,,,,,,,,,,
182,182,0.5344765191437766,2023-08-23 23:35:23.434122,2023-08-23 23:35:24.827580,0 days 00:00:01.393458,0.4,2,0.9,0.00696983793587648,0.006013959726488927,80,124,COMPLETE,0.0,,,,,,,,,,,,,,,,,,,,
183,183,0.5344765191437766,2023-08-23 23:35:23.491889,2023-08-23 23:35:24.731681,0 days 00:00:01.239792,0.4,2,0.9,0.010254044245839294,0.005519928322314952,80,85,COMPLETE,0.0,,,,,,,,,,,,,,,,,,,,
184,184,0.5344765191437766,2023-08-23 23:35:23.629137,2023-08-23 23:35:25.059317,0 days 00:00:01.430180,0.4,2,0.9,0.009755564084916906,0.007431984542379631,80,83,COMPLETE,0.0,,,,,,,,,,,,,,,,,,,,
185,185,0.5344765191437766,2023-08-23 23:35:23.753713,2023-08-23 23:35:25.390161,0 days 00:00:01.636448,0.4,2,0.9,0.008901380947508808,0.010850389843253212,80,85,COMPLETE,0.0,,,,,,,,,,,,,,,,,,,,
186,186,0.5344765191437766,2023-08-23 23:35:23.855111,2023-08-23 23:35:25.128819,0 days 00:00:01.273708,0.4,2,0.9,0.009400007907023913,0.005545732292292254,80,84,COMPLETE,0.0,,,,,,,,,,,,,,,,,,,,
187,187,0.5388081749530427,2023-08-23 23:35:23.903440,2023-08-23 23:35:25.575160,0 days 00:00:01.671720,0.4,2,0.9,0.008647607219177062,0.006350546658953967,70,125,COMPLETE,0.0,,,,,,,,,,,,,,,,,,,,
188,188,0.5388701110574602,2023-08-23 23:35:24.109212,2023-08-23 23:35:25.199843,0 days 00:00:01.090631,0.4,2,0.9,0.009489635794887272,0.0062298350979556995,90,100,COMPLETE,0.0,,,,,,,,,,,,,,,,,,,,
189,189,0.5388701110574602,2023-08-23 23:35:24.664585,2023-08-23 23:35:25.778696,0 days 00:00:01.114111,0.4,2,0.9,0.009544437091760368,0.005682263444529666,90,99,COMPLETE,0.0,,,,,,,,,,,,,,,,,,,,
190,190,0.5388701110574602,2023-08-23 23:35:24.793844,2023-08-23 23:35:26.100727,0 days 00:00:01.306883,0.4,2,0.9,0.009942911440487675,0.006674111418815328,90,125,COMPLETE,0.0,,,,,,,,,,,,,,,,,,,,
191,191,0.5388701110574602,2023-08-23 23:35:24.895809,2023-08-23 23:35:26.035759,0 days 00:00:01.139950,0.4,2,0.9,0.010622691355514323,0.0067546457738135255,90,101,COMPLETE,0.0,,,,,,,,,,,,,,,,,,,,
192,192,0.5320821631301172,2023-08-23 23:35:25.105657,2023-08-23 23:35:26.318445,0 days 00:00:01.212788,0.4,2,0.9,0.05056143454214563,0.010642394499603554,90,99,COMPLETE,0.0,,,,,,,,,,,,,,,,,,,,
193,193,0.5320821631301172,2023-08-23 23:35:25.179171,2023-08-23 23:35:26.439671,0 days 00:00:01.260500,0.4,2,0.9,0.047863994099827334,0.01078565908681116,90,102,COMPLETE,0.0,,,,,,,,,,,,,,,,,,,,
194,194,0.5300664619566573,2023-08-23 23:35:25.246998,2023-08-23 23:35:26.584954,0 days 00:00:01.337956,0.4,2,0.9,0.04419933841359319,0.010929472328543065,90,100,COMPLETE,0.0,,,,,,,,,,,,,,,,,,,,
195,195,0.523900497827948,2023-08-23 23:35:25.439788,2023-08-23 23:35:26.664995,0 days 00:00:01.225207,0.4,2,0.9,0.05231242580725062,0.017237507615806124,90,101,COMPLETE,0.0,,,,,,,,,,,,,,,,,,,,
196,196,0.5300664619566573,2023-08-23 23:35:25.619059,2023-08-23 23:35:26.779081,0 days 00:00:01.160022,0.4,2,0.9,0.037279483009904496,0.01762337187220548,90,103,COMPLETE,0.0,,,,,,,,,,,,,,,,,,,,
197,197,0.5320821631301172,2023-08-23 23:35:25.822795,2023-08-23 23:35:26.900834,0 days 00:00:01.078039,0.4,2,0.9,0.049118479581357066,0.012195002047481427,90,102,COMPLETE,0.0,,,,,,,,,,,,,,,,,,,,
198,198,0.5388701110574602,2023-08-23 23:35:26.079899,2023-08-23 23:35:27.258498,0 days 00:00:01.178599,0.4,2,0.9,0.01926996315615687,0.002774972230888946,90,111,COMPLETE,0.0,,,,,,,,,,,,,,,,,,,,
199,199,0.5388701110574602,2023-08-23 23:35:26.150815,2023-08-23 23:35:27.197610,0 days 00:00:01.046795,0.4,2,0.9,0.017473563945343513,0.003163732286631782,90,106,COMPLETE,0.0,,,,,,,,,,,,,,,,,,,,
200,200,0.5388701110574602,2023-08-23 23:35:26.361486,2023-08-23 23:35:27.430090,0 days 00:00:01.068604,0.4,2,0.9,0.016535604993317708,0.0027885192161187255,90,111,COMPLETE,0.0,,,,,,,,,,,,,,,,,,,,
201,201,0.5388701110574602,2023-08-23 23:35:26.483918,2023-08-23 23:35:27.519637,0 days 00:00:01.035719,0.4,2,0.9,0.01716969906450877,0.003457612130060718,90,110,COMPLETE,0.0,,,,,,,,,,,,,,,,,,,,
202,202,0.5388701110574602,2023-08-23 23:35:26.627833,2023-08-23 23:35:27.795052,0 days 00:00:01.167219,0.4,2,0.9,0.01647248651825587,0.002779768051085408,90,111,COMPLETE,0.0,,,,,,,,,,,,,,,,,,,,
203,203,0.5388701110574602,2023-08-23 23:35:26.718915,2023-08-23 23:35:27.943202,0 days 00:00:01.224287,0.4,2,0.9,0.020329739765634028,0.002746063806908167,90,112,COMPLETE,0.0,,,,,,,,,,,,,,,,,,,,
204,204,0.5388701110574602,2023-08-23 23:35:26.829245,2023-08-23 23:35:28.063901,0 days 00:00:01.234656,0.4,2,1.0,0.015029789469123301,0.0029865419669272207,90,114,COMPLETE,0.0,,,,,,,,,,,,,,,,,,,,
205,205,0.5388701110574602,2023-08-23 23:35:26.949866,2023-08-23 23:35:27.999065,0 days 00:00:01.049199,0.4,2,1.0,0.015943090549203905,0.0025390598131323893,90,112,COMPLETE,0.0,,,,,,,,,,,,,,,,,,,,
206,206,0.5388701110574602,2023-08-23 23:35:27.242310,2023-08-23 23:35:28.417328,0 days 00:00:01.175018,0.4,2,1.0,0.017983721526178227,0.002492115778637181,90,111,COMPLETE,0.0,,,,,,,,,,,,,,,,,,,,
207,207,0.5214586415499961,2023-08-23 23:35:27.302510,2023-08-23 23:35:28.312524,0 days 00:00:01.010014,0.4,2,1.0,0.005685342129508876,0.002529435413485202,90,113,COMPLETE,0.0,,,,,,,,,,,,,,,,,,,,
208,208,0.5388701110574602,2023-08-23 23:35:27.476202,2023-08-23 23:35:28.571220,0 days 00:00:01.095018,0.4,2,0.9,0.014440182517431567,0.002297796656862575,90,107,COMPLETE,0.0,,,,,,,,,,,,,,,,,,,,
209,209,0.5286719496179562,2023-08-23 23:35:27.562620,2023-08-23 23:35:28.662978,0 days 00:00:01.100358,0.4,2,1.0,0.03176945246389662,0.0024715590806918897,90,106,COMPLETE,0.0,,,,,,,,,,,,,,,,,,,,
210,210,0.5388701110574602,2023-08-23 23:35:27.838803,2023-08-23 23:35:28.887556,0 days 00:00:01.048753,0.4,2,1.0,0.005518121605665176,0.018423290211177928,90,106,COMPLETE,0.0,,,,,,,,,,,,,,,,,,,,
211,211,0.5301628833707128,2023-08-23 23:35:27.987474,2023-08-23 23:35:29.156910,0 days 00:00:01.169436,0.4,2,1.0,0.005155401823271902,0.019912173893927854,90,105,COMPLETE,0.0,,,,,,,,,,,,,,,,,,,,
