,number,value,datetime_start,datetime_complete,duration,params_bagging_fraction,params_bagging_freq,params_feature_fraction,params_lambda_l1,params_lambda_l2,params_min_child_samples,params_num_leaves,state,best_trial,dev_acc,dev_recall_macro,dev_precision_macro,dev_f1_macro,dev_recall_0,dev_precision_0,dev_f1_0,dev_recall_1,dev_precision_1,dev_f1_1,test_acc,test_recall_macro,test_precision_macro,test_f1_macro,test_recall_0,test_precision_0,test_f1_0,test_recall_1,test_precision_1,test_f1_1
0,0,0.500802063185042,2023-08-23 22:11:24.488271,2023-08-23 22:11:29.038076,0 days 00:00:04.549805,0.6000000000000001,3,0.4,8.553671316829262e-08,1.2662085677637572e-05,10,172,COMPLETE,0.0,,,,,,,,,,,,,,,,,,,,
1,1,0.5295948203842941,2023-08-23 22:11:24.490390,2023-08-23 22:11:26.935865,0 days 00:00:02.445475,1.0,1,0.6000000000000001,0.0026037530491895043,5.135166705495558e-06,70,235,COMPLETE,0.0,,,,,,,,,,,,,,,,,,,,
2,2,0.5124076747640868,2023-08-23 22:11:24.492493,2023-08-23 22:11:27.460629,0 days 00:00:02.968136,1.0,2,0.8,1.7825918704087506e-07,0.021363299257724483,50,135,COMPLETE,0.0,,,,,,,,,,,,,,,,,,,,
3,3,0.5270993179880648,2023-08-23 22:11:24.494542,2023-08-23 22:11:25.149501,0 days 00:00:00.654959,0.8,3,0.6000000000000001,0.06463883138017451,1.1656709070112644e-08,60,23,COMPLETE,0.0,,,,,,,,,,,,,,,,,,,,
4,4,0.5358732728218766,2023-08-23 22:11:24.497861,2023-08-23 22:11:25.730449,0 days 00:00:01.232588,1.0,1,0.4,0.0006477439879198709,8.19234236458836e-05,100,46,COMPLETE,0.0,,,,,,,,,,,,,,,,,,,,
5,5,0.5098156137827821,2023-08-23 22:11:24.504047,2023-08-23 22:11:26.726442,0 days 00:00:02.222395,1.0,1,0.8,2.0089816028535066e-07,4.009229949409098e-05,70,184,COMPLETE,0.0,,,,,,,,,,,,,,,,,,,,
6,6,0.5173759966863416,2023-08-23 22:11:24.510273,2023-08-23 22:11:27.940718,0 days 00:00:03.430445,1.0,1,0.4,1.4248476331726727e-08,0.14490353038196369,40,173,COMPLETE,0.0,,,,,,,,,,,,,,,,,,,,
7,7,0.5323411114762822,2023-08-23 22:11:24.511770,2023-08-23 22:11:26.363313,0 days 00:00:01.851543,0.7000000000000001,3,0.4,0.058004558039518254,7.318748463163566e-07,70,94,COMPLETE,0.0,,,,,,,,,,,,,,,,,,,,
8,8,0.5219944082013048,2023-08-23 22:11:25.192082,2023-08-23 22:11:26.537060,0 days 00:00:01.344978,1.0,3,0.9,7.303238692364327e-07,4.995850264494976e-06,90,208,COMPLETE,0.0,,,,,,,,,,,,,,,,,,,,
9,9,0.5184672383549421,2023-08-23 22:11:25.776990,2023-08-23 22:11:27.038967,0 days 00:00:01.261977,0.8,2,1.0,0.052949186609511,0.00021656241003268197,10,27,COMPLETE,0.0,,,,,,,,,,,,,,,,,,,,
10,10,0.5509435951502372,2023-08-23 22:11:26.409071,2023-08-23 22:11:27.513241,0 days 00:00:01.104170,0.4,1,1.0,0.20443393252850905,4.413822273148821e-08,100,130,COMPLETE,0.0,,,,,,,,,,,,,,,,,,,,
11,11,0.49699248120300754,2023-08-23 22:11:26.584421,2023-08-23 22:11:29.558940,0 days 00:00:02.974519,0.9,3,0.6000000000000001,7.056259402547801e-05,0.012494899688884476,50,182,COMPLETE,0.0,,,,,,,,,,,,,,,,,,,,
12,12,0.530318146546946,2023-08-23 22:11:26.776409,2023-08-23 22:11:27.223868,0 days 00:00:00.447459,0.8,1,0.5,0.008758294463696656,0.00012892842598749964,80,10,COMPLETE,0.0,,,,,,,,,,,,,,,,,,,,
13,13,0.5466978424464561,2023-08-23 22:11:26.982363,2023-08-23 22:11:28.023042,0 days 00:00:01.040679,0.4,2,0.7000000000000001,0.0012790004198622296,0.0033541887027862464,90,87,COMPLETE,0.0,,,,,,,,,,,,,,,,,,,,
14,14,0.52851421935457,2023-08-23 22:11:27.082779,2023-08-23 22:11:29.202138,0 days 00:00:02.119359,0.5,2,0.4,7.993495375707822e-05,0.04218232285077832,40,110,COMPLETE,0.0,,,,,,,,,,,,,,,,,,,,
15,15,0.524891821175446,2023-08-23 22:11:27.266796,2023-08-23 22:11:31.409797,0 days 00:00:04.143001,0.9,1,0.4,0.00016135873417616998,3.865206593084107e-08,30,253,COMPLETE,0.0,,,,,,,,,,,,,,,,,,,,
16,16,0.5423990553350608,2023-08-23 22:11:27.504266,2023-08-23 22:11:28.535362,0 days 00:00:01.031096,0.5,2,1.0,2.176591633606632e-08,3.978407373871843e-06,100,215,COMPLETE,0.0,,,,,,,,,,,,,,,,,,,,
17,17,0.5320285067215192,2023-08-23 22:11:27.560557,2023-08-23 22:11:29.716534,0 days 00:00:02.155977,0.4,2,1.0,0.4100610728350492,1.4736891171479777e-08,30,135,COMPLETE,0.0,,,,,,,,,,,,,,,,,,,,
18,18,0.5372708779035483,2023-08-23 22:11:27.984410,2023-08-23 22:11:28.926423,0 days 00:00:00.942013,0.4,2,1.0,0.5973501729635469,1.0259143149744115e-08,100,94,COMPLETE,0.0,,,,,,,,,,,,,,,,,,,,
19,19,0.5414483174653133,2023-08-23 22:11:28.074741,2023-08-23 22:11:28.799696,0 days 00:00:00.724955,0.4,2,1.0,0.56314222362687,0.009653460051773638,100,95,COMPLETE,0.0,,,,,,,,,,,,,,,,,,,,
20,20,0.533073581086872,2023-08-23 22:11:28.580549,2023-08-23 22:11:29.669189,0 days 00:00:01.088640,0.4,2,0.7000000000000001,0.5963389764284265,0.003421987958332934,90,88,COMPLETE,0.0,,,,,,,,,,,,,,,,,,,,
21,21,0.5246151261210173,2023-08-23 22:11:28.842691,2023-08-23 22:11:30.067308,0 days 00:00:01.224617,0.4,2,0.7000000000000001,4.180698803615779e-05,1.5812099114857603e-08,90,120,COMPLETE,0.0,,,,,,,,,,,,,,,,,,,,
22,22,0.514156155530074,2023-08-23 22:11:28.975954,2023-08-23 22:11:32.055420,0 days 00:00:03.079466,0.5,1,0.7000000000000001,4.38090456454125e-05,0.002422911674343065,30,122,COMPLETE,0.0,,,,,,,,,,,,,,,,,,,,
23,23,0.5301966292134832,2023-08-23 22:11:29.083147,2023-08-23 22:11:31.924812,0 days 00:00:02.841665,0.5,1,0.7000000000000001,4.803923964181049e-05,0.001064996776564663,30,131,COMPLETE,0.0,,,,,,,,,,,,,,,,,,,,
24,24,0.5511078520180016,2023-08-23 22:11:29.249222,2023-08-23 22:11:30.605155,0 days 00:00:01.355933,0.5,1,0.7000000000000001,0.00023416145490123307,0.0012540794211384882,80,56,COMPLETE,0.0,,,,,,,,,,,,,,,,,,,,
25,25,0.5175682241105886,2023-08-23 22:11:29.605779,2023-08-23 22:11:30.833557,0 days 00:00:01.227778,0.5,1,0.8,1.1962369400135101e-05,0.0012702937862892508,80,61,COMPLETE,0.0,,,,,,,,,,,,,,,,,,,,
26,26,0.5175682241105886,2023-08-23 22:11:29.716388,2023-08-23 22:11:30.896728,0 days 00:00:01.180340,0.5,1,0.8,0.0006919768505678208,3.2906943742948355e-07,80,51,COMPLETE,0.0,,,,,,,,,,,,,,,,,,,,
27,27,0.5308368094070105,2023-08-23 22:11:29.774572,2023-08-23 22:11:31.283179,0 days 00:00:01.508607,0.5,1,0.8,0.0004427521732778968,0.6957735447298434,80,60,COMPLETE,0.0,,,,,,,,,,,,,,,,,,,,
28,28,0.5281038257062441,2023-08-23 22:11:30.116417,2023-08-23 22:11:31.478005,0 days 00:00:01.361588,0.5,1,0.9,2.3055665955911206e-06,1.3484596731474447e-07,80,255,COMPLETE,0.0,,,,,,,,,,,,,,,,,,,,
29,29,0.5175682241105886,2023-08-23 22:11:30.650056,2023-08-23 22:11:31.983980,0 days 00:00:01.333924,0.5,1,0.8,0.0009719189448877106,0.0018671497344118024,80,63,COMPLETE,0.0,,,,,,,,,,,,,,,,,,,,
30,30,0.5264666674531362,2023-08-23 22:11:30.883163,2023-08-23 22:11:32.415359,0 days 00:00:01.532196,0.6000000000000001,1,0.9,0.0008199608131908363,0.5284385545613507,80,67,COMPLETE,0.0,,,,,,,,,,,,,,,,,,,,
31,31,0.5236315086782377,2023-08-23 22:11:30.949020,2023-08-23 22:11:32.231323,0 days 00:00:01.282303,0.6000000000000001,1,0.9,0.008367456157118163,0.9092206675564011,90,69,COMPLETE,0.0,,,,,,,,,,,,,,,,,,,,
32,32,0.5451741571340001,2023-08-23 22:11:31.332702,2023-08-23 22:11:32.963286,0 days 00:00:01.630584,0.6000000000000001,1,0.9,0.003159869794730381,0.0005035987709706303,90,145,COMPLETE,0.0,,,,,,,,,,,,,,,,,,,,
33,33,0.5241282312430283,2023-08-23 22:11:31.454596,2023-08-23 22:11:32.778079,0 days 00:00:01.323483,0.6000000000000001,1,0.9,0.007876749778179017,0.0007474226473672935,90,145,COMPLETE,0.0,,,,,,,,,,,,,,,,,,,,
34,34,0.5451741571340001,2023-08-23 22:11:31.524987,2023-08-23 22:11:32.847508,0 days 00:00:01.322521,0.6000000000000001,1,0.9,0.003296453965167846,0.0005950213790830048,90,75,COMPLETE,0.0,,,,,,,,,,,,,,,,,,,,
35,35,0.5451741571340001,2023-08-23 22:11:31.972956,2023-08-23 22:11:33.552236,0 days 00:00:01.579280,0.6000000000000001,1,0.9,0.0035457251708120733,0.00032571754405695666,90,74,COMPLETE,0.0,,,,,,,,,,,,,,,,,,,,
36,36,0.5222746969180584,2023-08-23 22:11:32.036933,2023-08-23 22:11:33.456633,0 days 00:00:01.419700,0.6000000000000001,2,0.9,0.002973106748449646,0.00041423584031227375,90,148,COMPLETE,0.0,,,,,,,,,,,,,,,,,,,,
37,37,0.5315003632144742,2023-08-23 22:11:32.122539,2023-08-23 22:11:33.672372,0 days 00:00:01.549833,0.6000000000000001,2,0.9,0.005901775906599176,0.0004515455440604752,90,151,COMPLETE,0.0,,,,,,,,,,,,,,,,,,,,
38,38,0.5395832752816667,2023-08-23 22:11:32.286036,2023-08-23 22:11:33.611477,0 days 00:00:01.325441,0.6000000000000001,2,0.9,9.223189763190565e-06,1.0509130403885927e-06,100,209,COMPLETE,0.0,,,,,,,,,,,,,,,,,,,,
39,39,0.5352073498011715,2023-08-23 22:11:32.459966,2023-08-23 22:11:33.846825,0 days 00:00:01.386859,0.6000000000000001,2,0.5,8.473782199497392e-06,2.1560677385165686e-06,100,156,COMPLETE,0.0,,,,,,,,,,,,,,,,,,,,
40,40,0.5367095501550846,2023-08-23 22:11:32.833866,2023-08-23 22:11:33.958958,0 days 00:00:01.125092,0.4,2,0.5,9.5206313890583e-06,1.5299285455073592e-06,100,156,COMPLETE,0.0,,,,,,,,,,,,,,,,,,,,
41,41,0.535404383576131,2023-08-23 22:11:32.896089,2023-08-23 22:11:34.236532,0 days 00:00:01.340443,0.6000000000000001,2,0.6000000000000001,0.00325679973466858,0.000378920508857231,100,148,COMPLETE,0.0,,,,,,,,,,,,,,,,,,,,
42,42,0.5365810359231412,2023-08-23 22:11:33.015343,2023-08-23 22:11:35.110947,0 days 00:00:02.095604,0.7000000000000001,2,0.6000000000000001,0.00248701219463226,4.257854381675651e-05,60,150,COMPLETE,0.0,,,,,,,,,,,,,,,,,,,,
43,43,0.5067478389700091,2023-08-23 22:11:33.497773,2023-08-23 22:11:35.693031,0 days 00:00:02.195258,0.7000000000000001,1,0.6000000000000001,0.023612197731007093,4.858194414607894e-05,60,149,COMPLETE,0.0,,,,,,,,,,,,,,,,,,,,
44,44,0.5148542997444128,2023-08-23 22:11:33.598263,2023-08-23 22:11:35.839023,0 days 00:00:02.240760,0.7000000000000001,3,0.6000000000000001,0.00022717262275899898,5.004384733133878e-05,60,163,COMPLETE,0.0,,,,,,,,,,,,,,,,,,,,
45,45,0.5148542997444128,2023-08-23 22:11:33.658895,2023-08-23 22:11:35.585420,0 days 00:00:01.926525,0.7000000000000001,3,0.6000000000000001,0.0002468548135411053,3.592597220700302e-05,60,151,COMPLETE,0.0,,,,,,,,,,,,,,,,,,,,
46,46,0.5478162709632239,2023-08-23 22:11:33.717889,2023-08-23 22:11:36.093428,0 days 00:00:02.375539,0.7000000000000001,3,0.6000000000000001,0.019953794719734942,6.419004182464231e-05,60,159,COMPLETE,0.0,,,,,,,,,,,,,,,,,,,,
47,47,0.5255312886480237,2023-08-23 22:11:33.901285,2023-08-23 22:11:35.308404,0 days 00:00:01.407119,0.7000000000000001,3,0.6000000000000001,0.018723329430948364,2.6025066322009796e-05,60,40,COMPLETE,0.0,,,,,,,,,,,,,,,,,,,,
48,48,0.5160282877045883,2023-08-23 22:11:34.010682,2023-08-23 22:11:34.783719,0 days 00:00:00.773037,0.7000000000000001,1,0.6000000000000001,0.02435936038183254,2.571263113180265e-05,60,26,COMPLETE,0.0,,,,,,,,,,,,,,,,,,,,
49,49,0.4998058922486305,2023-08-23 22:11:34.277901,2023-08-23 22:11:35.978129,0 days 00:00:01.700228,0.7000000000000001,1,0.6000000000000001,0.02364056618242971,2.5072521610463572e-05,70,37,COMPLETE,0.0,,,,,,,,,,,,,,,,,,,,
50,50,0.5429455085269296,2023-08-23 22:11:34.827504,2023-08-23 22:11:36.641392,0 days 00:00:01.813888,0.7000000000000001,1,1.0,0.0017005827697534931,0.00011662161016493604,70,39,COMPLETE,0.0,,,,,,,,,,,,,,,,,,,,
51,51,0.5320901198625646,2023-08-23 22:11:35.151849,2023-08-23 22:11:36.463384,0 days 00:00:01.311535,0.4,3,1.0,0.00023667048987530755,0.00011060204956557034,70,109,COMPLETE,0.0,,,,,,,,,,,,,,,,,,,,
52,52,0.5198796391769291,2023-08-23 22:11:35.350665,2023-08-23 22:11:36.730031,0 days 00:00:01.379366,0.4,1,1.0,0.17162702170553995,0.00011631513905353598,70,108,COMPLETE,0.0,,,,,,,,,,,,,,,,,,,,
53,53,0.5315003632144742,2023-08-23 22:11:35.631881,2023-08-23 22:11:37.056518,0 days 00:00:01.424637,0.4,1,1.0,0.12468857743353479,0.0001227257575566948,70,112,COMPLETE,0.0,,,,,,,,,,,,,,,,,,,,
54,54,0.5556077228456213,2023-08-23 22:11:35.740343,2023-08-23 22:11:37.345464,0 days 00:00:01.605121,0.4,1,1.0,0.11734677483828163,0.00011662207534825958,70,107,COMPLETE,0.0,,,,,,,,,,,,,,,,,,,,
55,55,0.5310714958257485,2023-08-23 22:11:35.880543,2023-08-23 22:11:37.278818,0 days 00:00:01.398275,0.4,1,1.0,0.11449811735268192,0.00012844210027634695,70,79,COMPLETE,0.0,,,,,,,,,,,,,,,,,,,,
56,56,0.5548231135140755,2023-08-23 22:11:36.022473,2023-08-23 22:11:37.486535,0 days 00:00:01.464062,0.4,1,1.0,0.17924511159082387,9.456404471526205e-06,70,82,COMPLETE,0.0,,,,,,,,,,,,,,,,,,,,
57,57,0.5338312071785813,2023-08-23 22:11:36.137941,2023-08-23 22:11:38.070213,0 days 00:00:01.932272,0.8,3,0.7000000000000001,0.16966083115049715,0.0001609582420855703,70,192,COMPLETE,0.0,,,,,,,,,,,,,,,,,,,,
58,58,0.5170030126966441,2023-08-23 22:11:36.508424,2023-08-23 22:11:38.538762,0 days 00:00:02.030338,0.8,1,0.7000000000000001,0.1630529559618071,0.006567251112433231,70,185,COMPLETE,0.0,,,,,,,,,,,,,,,,,,,,
59,59,0.5347845011822927,2023-08-23 22:11:36.686813,2023-08-23 22:11:38.357296,0 days 00:00:01.670483,0.8,1,0.7000000000000001,0.1805310529397369,1.3039089027434452e-05,90,188,COMPLETE,0.0,,,,,,,,,,,,,,,,,,,,
60,60,0.5283550365729655,2023-08-23 22:11:36.773999,2023-08-23 22:11:39.400975,0 days 00:00:02.626976,0.8,3,0.8,0.11437030751012137,0.005250997643859282,50,170,COMPLETE,0.0,,,,,,,,,,,,,,,,,,,,
61,61,0.522608604845447,2023-08-23 22:11:37.103457,2023-08-23 22:11:39.349266,0 days 00:00:02.245809,0.8,3,0.8,0.0558624604817439,0.004646359597423999,50,84,COMPLETE,0.0,,,,,,,,,,,,,,,,,,,,
62,62,0.5350776607943293,2023-08-23 22:11:37.324091,2023-08-23 22:11:39.515946,0 days 00:00:02.191855,0.5,3,0.8,0.046620095776726475,0.005052939039214562,50,189,COMPLETE,0.0,,,,,,,,,,,,,,,,,,,,
63,63,0.5497048772910842,2023-08-23 22:11:37.395345,2023-08-23 22:11:40.195618,0 days 00:00:02.800273,0.8,3,0.7000000000000001,0.05894403045005692,9.673527398453718e-06,50,183,COMPLETE,0.0,,,,,,,,,,,,,,,,,,,,
64,64,0.5287486873412316,2023-08-23 22:11:37.536861,2023-08-23 22:11:40.811878,0 days 00:00:03.275017,0.8,3,0.7000000000000001,0.35043375548204087,1.1083215782050589e-05,40,189,COMPLETE,0.0,,,,,,,,,,,,,,,,,,,,
65,65,0.5527074989417473,2023-08-23 22:11:38.115544,2023-08-23 22:11:39.626151,0 days 00:00:01.510607,0.4,1,0.8,0.3535734069089744,5.290664407996184e-06,50,87,COMPLETE,0.0,,,,,,,,,,,,,,,,,,,,
66,66,0.5063473476944009,2023-08-23 22:11:38.399762,2023-08-23 22:11:39.832286,0 days 00:00:01.432524,0.4,3,0.8,0.0595374623660307,1.0396637490097237e-05,50,85,COMPLETE,0.0,,,,,,,,,,,,,,,,,,,,
67,67,0.5121332704552038,2023-08-23 22:11:38.581441,2023-08-23 22:11:39.895385,0 days 00:00:01.313944,0.4,3,0.5,0.050958760912040255,8.51785796844482e-06,50,87,COMPLETE,0.0,,,,,,,,,,,,,,,,,,,,
68,68,0.5393210948870839,2023-08-23 22:11:39.393541,2023-08-23 22:11:41.165638,0 days 00:00:01.772097,0.4,1,1.0,0.79202427853993,9.502971902265083e-06,50,174,COMPLETE,0.0,,,,,,,,,,,,,,,,,,,,
69,69,0.5469829053116574,2023-08-23 22:11:39.447260,2023-08-23 22:11:40.733220,0 days 00:00:01.285960,0.4,1,1.0,0.3141440256414855,0.0017776593960232888,80,98,COMPLETE,0.0,,,,,,,,,,,,,,,,,,,,
70,70,0.5526116945141779,2023-08-23 22:11:39.560586,2023-08-23 22:11:40.907644,0 days 00:00:01.347058,0.4,1,1.0,0.8932480895458822,0.00024108601043035762,80,100,COMPLETE,0.0,,,,,,,,,,,,,,,,,,,,
71,71,0.5179559353531897,2023-08-23 22:11:39.670539,2023-08-23 22:11:41.554401,0 days 00:00:01.883862,0.4,1,1.0,0.8669763012461886,1.0393784681841746e-05,40,96,COMPLETE,0.0,,,,,,,,,,,,,,,,,,,,
72,72,0.5364423170850835,2023-08-23 22:11:39.884725,2023-08-23 22:11:41.870992,0 days 00:00:01.986267,0.4,1,1.0,0.7983195394752702,4.136758684175541e-06,40,98,COMPLETE,0.0,,,,,,,,,,,,,,,,,,,,
73,73,0.5300999091734786,2023-08-23 22:11:39.943578,2023-08-23 22:11:42.070981,0 days 00:00:02.127403,0.4,1,0.7000000000000001,0.38364868981295286,3.9130663729111485e-06,40,99,COMPLETE,0.0,,,,,,,,,,,,,,,,,,,,
74,74,0.5114011612438769,2023-08-23 22:11:40.237305,2023-08-23 22:11:43.414748,0 days 00:00:03.177443,0.9,1,1.0,0.39008373529765566,3.7502316700956305e-06,40,101,COMPLETE,0.0,,,,,,,,,,,,,,,,,,,,
75,75,0.5314521737858436,2023-08-23 22:11:40.780644,2023-08-23 22:11:42.623959,0 days 00:00:01.843315,0.9,1,0.7000000000000001,0.8952986391853754,3.7736389700238726e-06,40,53,COMPLETE,0.0,,,,,,,,,,,,,,,,,,,,
76,76,0.522761744478381,2023-08-23 22:11:40.867505,2023-08-23 22:11:44.474100,0 days 00:00:03.606595,0.9,1,1.0,0.8119356824507219,3.904531328868894e-06,40,229,COMPLETE,0.0,,,,,,,,,,,,,,,,,,,,
77,77,0.5142922336541653,2023-08-23 22:11:40.956543,2023-08-23 22:11:44.112580,0 days 00:00:03.156037,0.9,1,1.0,0.8671920332625024,3.455192212207138e-06,40,124,COMPLETE,0.0,,,,,,,,,,,,,,,,,,,,
78,78,0.5136320337001454,2023-08-23 22:11:41.207696,2023-08-23 22:11:44.544765,0 days 00:00:03.337069,0.9,1,1.0,0.8678274184029738,0.0002064078946542722,40,125,COMPLETE,0.0,,,,,,,,,,,,,,,,,,,,
79,79,0.5393590242636565,2023-08-23 22:11:41.600189,2023-08-23 22:11:45.131150,0 days 00:00:03.530961,0.9,1,1.0,0.4373247730035463,7.38953006378566e-05,10,135,COMPLETE,0.0,,,,,,,,,,,,,,,,,,,,
80,80,0.5246151261210173,2023-08-23 22:11:41.919688,2023-08-23 22:11:44.264598,0 days 00:00:02.344910,0.9,1,1.0,0.31777357682753055,0.00023540958849638878,80,131,COMPLETE,0.0,,,,,,,,,,,,,,,,,,,,
81,81,0.5192238591448077,2023-08-23 22:11:42.116752,2023-08-23 22:11:44.431144,0 days 00:00:02.314392,0.9,1,1.0,0.34821520447325227,0.00024138509611080616,60,137,COMPLETE,0.0,,,,,,,,,,,,,,,,,,,,
82,82,0.5408237390709025,2023-08-23 22:11:42.668079,2023-08-23 22:11:44.192292,0 days 00:00:01.524213,0.5,1,1.0,0.27961150388692385,0.0002028618236202338,60,122,COMPLETE,0.0,,,,,,,,,,,,,,,,,,,,
83,83,0.5351082807832725,2023-08-23 22:11:43.456172,2023-08-23 22:11:47.345485,0 days 00:00:03.889313,0.5,1,1.0,0.0842994356161203,0.00019577156462972583,10,123,COMPLETE,0.0,,,,,,,,,,,,,,,,,,,,
84,84,0.5312395937395937,2023-08-23 22:11:44.156975,2023-08-23 22:11:46.354944,0 days 00:00:02.197969,0.5,1,1.0,0.2716131563469008,0.00022879880029307468,60,136,COMPLETE,0.0,,,,,,,,,,,,,,,,,,,,
85,85,0.5210006566158928,2023-08-23 22:11:44.252258,2023-08-23 22:11:46.083780,0 days 00:00:01.831522,0.5,1,0.9,0.10596544764190598,5.636810017120982e-07,80,139,COMPLETE,0.0,,,,,,,,,,,,,,,,,,,,
86,86,0.544664431990084,2023-08-23 22:11:44.323211,2023-08-23 22:11:45.244525,0 days 00:00:00.921314,0.5,1,0.9,0.09684073674396353,7.62443985040574e-05,60,14,COMPLETE,0.0,,,,,,,,,,,,,,,,,,,,
87,87,0.5399774863216315,2023-08-23 22:11:44.517616,2023-08-23 22:11:45.888719,0 days 00:00:01.371103,0.4,1,0.9,0.2298961808874723,0.0009542861982515136,80,114,COMPLETE,0.0,,,,,,,,,,,,,,,,,,,,
88,88,0.5561625272607931,2023-08-23 22:11:44.527468,2023-08-23 22:11:45.386391,0 days 00:00:00.858923,0.4,1,0.9,0.08593114531716568,0.0009488899829959679,80,14,COMPLETE,0.0,,,,,,,,,,,,,,,,,,,,
89,89,0.534473080538192,2023-08-23 22:11:44.600402,2023-08-23 22:11:45.817589,0 days 00:00:01.217187,0.4,1,0.9,0.2420660831043838,7.173190563596907e-05,80,115,COMPLETE,0.0,,,,,,,,,,,,,,,,,,,,
90,90,0.5353072069949475,2023-08-23 22:11:45.175458,2023-08-23 22:11:46.469619,0 days 00:00:01.294161,0.4,1,0.9,0.08531480050747703,0.000801046853320399,80,115,COMPLETE,0.0,,,,,,,,,,,,,,,,,,,,
91,91,0.5479392317936993,2023-08-23 22:11:45.286861,2023-08-23 22:11:46.582043,0 days 00:00:01.295182,0.4,1,0.9,0.2146118481442423,0.0008370811305271777,80,103,COMPLETE,0.0,,,,,,,,,,,,,,,,,,,,
92,92,0.5280088995179428,2023-08-23 22:11:45.433596,2023-08-23 22:11:45.696485,0 days 00:00:00.262889,0.4,1,0.9,0.21381573011524438,0.001171719772057881,80,4,COMPLETE,0.0,,,,,,,,,,,,,,,,,,,,
93,93,0.5273538435371925,2023-08-23 22:11:45.741379,2023-08-23 22:11:47.103866,0 days 00:00:01.362487,0.5,1,0.9,0.036013422129259565,0.000797273400219936,80,54,COMPLETE,0.0,,,,,,,,,,,,,,,,,,,,
94,94,0.5328775620808766,2023-08-23 22:11:45.859474,2023-08-23 22:11:47.400538,0 days 00:00:01.541064,0.5,1,0.9,0.08729836492329916,0.0008095179518282456,70,105,COMPLETE,0.0,,,,,,,,,,,,,,,,,,,,
95,95,0.5329720673316054,2023-08-23 22:11:45.938885,2023-08-23 22:11:47.619530,0 days 00:00:01.680645,0.5,1,0.8,0.09598740558656632,6.123856809963358e-07,70,69,COMPLETE,0.0,,,,,,,,,,,,,,,,,,,,
96,96,0.5317951222688939,2023-08-23 22:11:46.125624,2023-08-23 22:11:47.535008,0 days 00:00:01.409384,0.4,1,0.8,0.03518333763679634,1.2655469614420722e-07,70,198,COMPLETE,0.0,,,,,,,,,,,,,,,,,,,,
97,97,0.5316368173429337,2023-08-23 22:11:46.396226,2023-08-23 22:11:47.712124,0 days 00:00:01.315898,0.4,1,0.8,0.03588014931337446,0.0005676199524001607,70,104,COMPLETE,0.0,,,,,,,,,,,,,,,,,,,,
98,98,0.5482453406470111,2023-08-23 22:11:46.517513,2023-08-23 22:11:47.838435,0 days 00:00:01.320922,0.4,1,1.0,0.5427202691612879,0.0005111790284273958,70,70,COMPLETE,0.0,,,,,,,,,,,,,,,,,,,,
99,99,0.5416477560240178,2023-08-23 22:11:46.626046,2023-08-23 22:11:47.951400,0 days 00:00:01.325354,0.4,1,0.8,0.5192994313008198,0.0005201726221130367,70,79,COMPLETE,0.0,,,,,,,,,,,,,,,,,,,,
100,100,0.5199315313044757,2023-08-23 22:11:47.146730,2023-08-23 22:11:48.376182,0 days 00:00:01.229452,0.4,1,0.8,0.08310175943400334,0.0003649010879463029,70,72,COMPLETE,0.0,,,,,,,,,,,,,,,,,,,,
101,101,0.5565738502106539,2023-08-23 22:11:47.388498,2023-08-23 22:11:48.861688,0 days 00:00:01.473190,0.4,1,0.8,0.5394724860766636,0.0004444296344784696,70,106,COMPLETE,0.0,,,,,,,,,,,,,,,,,,,,
102,102,0.5317951222688939,2023-08-23 22:11:47.446319,2023-08-23 22:11:48.743689,0 days 00:00:01.297370,0.4,1,0.8,0.03424607132281198,0.002448719742232661,70,77,COMPLETE,0.0,,,,,,,,,,,,,,,,,,,,
103,103,0.5301966292134832,2023-08-23 22:11:47.577172,2023-08-23 22:11:48.805967,0 days 00:00:01.228795,0.4,1,0.8,0.01254053179634358,0.00033545368127621615,90,80,COMPLETE,0.0,,,,,,,,,,,,,,,,,,,,
