,number,value,datetime_start,datetime_complete,duration,params_bagging_fraction,params_bagging_freq,params_feature_fraction,params_lambda_l1,params_lambda_l2,params_min_child_samples,params_num_leaves,state,best_trial,dev_acc,dev_recall_macro,dev_precision_macro,dev_f1_macro,dev_recall_0,dev_precision_0,dev_f1_0,dev_recall_1,dev_precision_1,dev_f1_1,test_acc,test_recall_macro,test_precision_macro,test_f1_macro,test_recall_0,test_precision_0,test_f1_0,test_recall_1,test_precision_1,test_f1_1
200,200,0.7159663865546219,2023-08-24 14:04:50.574263,2023-08-24 14:04:51.501877,0 days 00:00:00.927614,0.4,2,0.7000000000000001,5.854316402773963e-06,3.3374674813830263e-07,30,249,COMPLETE,0.0,,,,,,,,,,,,,,,,,,,,
201,201,0.6941176470588236,2023-08-24 14:04:51.106409,2023-08-24 14:04:51.761980,0 days 00:00:00.655571,0.4,2,0.7000000000000001,5.274619393799711e-06,1.0999798880360384e-06,40,247,COMPLETE,0.0,,,,,,,,,,,,,,,,,,,,
202,202,0.7159663865546219,2023-08-24 14:04:51.280276,2023-08-24 14:04:52.127313,0 days 00:00:00.847037,0.4,2,0.7000000000000001,5.281215516034398e-06,3.070985437640805e-07,30,246,COMPLETE,0.0,,,,,,,,,,,,,,,,,,,,
203,203,0.7159663865546219,2023-08-24 14:04:51.376151,2023-08-24 14:04:52.526969,0 days 00:00:01.150818,0.4,2,0.7000000000000001,6.7211531857454525e-06,1.1210659726588076e-06,30,247,COMPLETE,0.0,,,,,,,,,,,,,,,,,,,,
204,204,0.7159663865546219,2023-08-24 14:04:51.426602,2023-08-24 14:04:52.471142,0 days 00:00:01.044540,0.4,2,0.7000000000000001,4.108230769190605e-06,3.063637400870222e-07,30,247,COMPLETE,0.0,,,,,,,,,,,,,,,,,,,,
205,205,0.6941176470588236,2023-08-24 14:04:51.543094,2023-08-24 14:04:52.385709,0 days 00:00:00.842615,0.4,2,0.7000000000000001,4.1589849211762736e-05,9.90667931718502e-08,40,235,COMPLETE,0.0,,,,,,,,,,,,,,,,,,,,
206,206,0.6941176470588236,2023-08-24 14:04:51.590405,2023-08-24 14:04:52.724595,0 days 00:00:01.134190,0.8,2,0.7000000000000001,4.202626569692342e-05,9.006760551177081e-08,40,190,COMPLETE,0.0,,,,,,,,,,,,,,,,,,,,
207,207,0.6722689075630253,2023-08-24 14:04:51.601021,2023-08-24 14:04:52.240873,0 days 00:00:00.639852,0.4,2,0.7000000000000001,0.006024560120288312,1.062448754798812e-06,40,3,COMPLETE,0.0,,,,,,,,,,,,,,,,,,,,
208,208,0.7159663865546219,2023-08-24 14:04:51.699785,2023-08-24 14:04:52.593752,0 days 00:00:00.893967,0.4,2,0.7000000000000001,1.0528285535318276e-05,9.024493444092312e-08,30,234,COMPLETE,0.0,,,,,,,,,,,,,,,,,,,,
209,209,0.7159663865546219,2023-08-24 14:04:51.804894,2023-08-24 14:04:52.662586,0 days 00:00:00.857692,0.4,2,0.7000000000000001,4.167601141244927e-05,7.134448399281151e-07,30,223,COMPLETE,0.0,,,,,,,,,,,,,,,,,,,,
210,210,0.7159663865546219,2023-08-24 14:04:52.180812,2023-08-24 14:04:52.870639,0 days 00:00:00.689827,0.4,2,0.7000000000000001,1.0882220635948588e-05,7.245800128730536e-07,30,234,COMPLETE,0.0,,,,,,,,,,,,,,,,,,,,
211,211,0.7159663865546219,2023-08-24 14:04:52.287299,2023-08-24 14:04:52.939994,0 days 00:00:00.652695,0.4,2,0.7000000000000001,1.1224517377772053e-05,8.261496278439462e-08,30,232,COMPLETE,0.0,,,,,,,,,,,,,,,,,,,,
212,212,0.7159663865546219,2023-08-24 14:04:52.426081,2023-08-24 14:04:53.270891,0 days 00:00:00.844810,0.4,2,0.7000000000000001,1.2553190996618035e-05,7.237495412655036e-07,30,189,COMPLETE,0.0,,,,,,,,,,,,,,,,,,,,
213,213,0.7159663865546219,2023-08-24 14:04:52.511115,2023-08-24 14:04:53.542772,0 days 00:00:01.031657,0.4,2,0.7000000000000001,1.192250133109375e-05,1.8285055993790414e-07,30,190,COMPLETE,0.0,,,,,,,,,,,,,,,,,,,,
214,214,0.7159663865546219,2023-08-24 14:04:52.575984,2023-08-24 14:04:53.680441,0 days 00:00:01.104457,0.4,2,0.7000000000000001,1.1226228668862278e-05,7.521273185053629e-07,30,234,COMPLETE,0.0,,,,,,,,,,,,,,,,,,,,
215,215,0.7159663865546219,2023-08-24 14:04:52.642024,2023-08-24 14:04:53.610763,0 days 00:00:00.968739,0.4,2,0.7000000000000001,1.1619403230721521e-05,1.6740193446593396e-07,30,197,COMPLETE,0.0,,,,,,,,,,,,,,,,,,,,
216,216,0.6807452101196148,2023-08-24 14:04:52.708116,2023-08-24 14:04:53.458682,0 days 00:00:00.750566,0.4,2,0.7000000000000001,8.141137240733662e-06,1.9405342138566637e-07,50,197,COMPLETE,0.0,,,,,,,,,,,,,,,,,,,,
217,217,0.7159663865546219,2023-08-24 14:04:52.769257,2023-08-24 14:04:53.743375,0 days 00:00:00.974118,0.4,2,0.7000000000000001,1.09263511294569e-05,1.864078217318678e-07,30,197,COMPLETE,0.0,,,,,,,,,,,,,,,,,,,,
218,218,0.7159663865546219,2023-08-24 14:04:52.921016,2023-08-24 14:04:53.807973,0 days 00:00:00.886957,0.4,2,0.7000000000000001,1.1828997483360828e-05,1.7564493760801062e-07,30,197,COMPLETE,0.0,,,,,,,,,,,,,,,,,,,,
219,219,0.7159663865546219,2023-08-24 14:04:52.986850,2023-08-24 14:04:53.807511,0 days 00:00:00.820661,0.4,2,0.7000000000000001,8.557742389550716e-06,1.767482925640447e-07,30,197,COMPLETE,0.0,,,,,,,,,,,,,,,,,,,,
220,220,0.7159663865546219,2023-08-24 14:04:53.331069,2023-08-24 14:04:53.980757,0 days 00:00:00.649688,0.4,2,0.7000000000000001,0.0009491873057522293,1.8625081966346492e-07,30,215,COMPLETE,0.0,,,,,,,,,,,,,,,,,,,,
221,221,0.7159663865546219,2023-08-24 14:04:53.498322,2023-08-24 14:04:54.280724,0 days 00:00:00.782402,0.4,2,0.7000000000000001,2.2755632636873777e-05,1.6647426178997978e-07,30,209,COMPLETE,0.0,,,,,,,,,,,,,,,,,,,,
222,222,0.7159663865546219,2023-08-24 14:04:53.588639,2023-08-24 14:04:54.588305,0 days 00:00:00.999666,0.4,2,0.7000000000000001,2.2236288338073804e-05,1.4706242753283726e-07,30,217,COMPLETE,0.0,,,,,,,,,,,,,,,,,,,,
223,223,0.7159663865546219,2023-08-24 14:04:53.654359,2023-08-24 14:04:54.499861,0 days 00:00:00.845502,0.4,2,0.7000000000000001,0.016710359501634235,4.118461937181997e-07,30,214,COMPLETE,0.0,,,,,,,,,,,,,,,,,,,,
224,224,0.7159663865546219,2023-08-24 14:04:53.723050,2023-08-24 14:04:54.650884,0 days 00:00:00.927834,0.4,2,0.7000000000000001,0.018227935035926977,4.458683377984714e-07,30,216,COMPLETE,0.0,,,,,,,,,,,,,,,,,,,,
225,225,0.664380798709157,2023-08-24 14:04:53.791556,2023-08-24 14:04:55.051301,0 days 00:00:01.259745,0.9,2,0.7000000000000001,2.5163749473134073e-06,4.436590952010245e-07,30,214,COMPLETE,0.0,,,,,,,,,,,,,,,,,,,,
226,226,0.7159663865546219,2023-08-24 14:04:53.897114,2023-08-24 14:04:54.651471,0 days 00:00:00.754357,0.4,2,0.7000000000000001,2.276050282012084e-05,4.03741922174188e-07,30,216,COMPLETE,0.0,,,,,,,,,,,,,,,,,,,,
227,227,0.7159663865546219,2023-08-24 14:04:53.900308,2023-08-24 14:04:54.744262,0 days 00:00:00.843954,0.4,2,0.7000000000000001,2.106189775612257e-05,3.733362783744654e-05,30,214,COMPLETE,0.0,,,,,,,,,,,,,,,,,,,,
228,228,0.7159663865546219,2023-08-24 14:04:54.024579,2023-08-24 14:04:54.809734,0 days 00:00:00.785155,0.4,2,0.7000000000000001,2.279086343434206e-05,6.412950180200794e-07,30,209,COMPLETE,0.0,,,,,,,,,,,,,,,,,,,,
229,229,0.7072255239286831,2023-08-24 14:04:54.320244,2023-08-24 14:04:54.910103,0 days 00:00:00.589859,0.4,2,0.7000000000000001,0.03775443971073763,5.99506916418064e-07,30,218,COMPLETE,0.0,,,,,,,,,,,,,,,,,,,,
230,230,0.7159663865546219,2023-08-24 14:04:54.542146,2023-08-24 14:04:55.430925,0 days 00:00:00.888779,0.4,2,0.7000000000000001,2.102531302673466e-05,4.1617883241565e-05,30,221,COMPLETE,0.0,,,,,,,,,,,,,,,,,,,,
231,231,0.7159663865546219,2023-08-24 14:04:54.629135,2023-08-24 14:04:55.782965,0 days 00:00:01.153830,0.4,2,0.7000000000000001,2.3655637224830584e-06,6.899348959841414e-07,30,256,COMPLETE,0.0,,,,,,,,,,,,,,,,,,,,
232,232,0.7159663865546219,2023-08-24 14:04:54.693670,2023-08-24 14:04:55.833340,0 days 00:00:01.139670,0.4,2,0.7000000000000001,0.00032442582590729057,7.754886853963394e-07,30,223,COMPLETE,0.0,,,,,,,,,,,,,,,,,,,,
233,233,0.7159663865546219,2023-08-24 14:04:54.738731,2023-08-24 14:04:55.966257,0 days 00:00:01.227526,0.4,2,1.0,2.7453027131590874e-06,5.975778463711217e-07,30,223,COMPLETE,0.0,,,,,,,,,,,,,,,,,,,,
234,234,0.7159663865546219,2023-08-24 14:04:54.795666,2023-08-24 14:04:55.891339,0 days 00:00:01.095673,0.4,2,0.6000000000000001,2.404615688406957e-06,6.064236817096723e-07,30,223,COMPLETE,0.0,,,,,,,,,,,,,,,,,,,,
235,235,0.7159663865546219,2023-08-24 14:04:54.852441,2023-08-24 14:04:55.733822,0 days 00:00:00.881381,0.4,2,0.6000000000000001,7.707129177069863e-06,2.731375296578449e-07,30,225,COMPLETE,0.0,,,,,,,,,,,,,,,,,,,,
236,236,0.7159663865546219,2023-08-24 14:04:54.957421,2023-08-24 14:04:55.670055,0 days 00:00:00.712634,0.4,2,0.6000000000000001,3.2475534007595425e-06,1.2884823077547427e-06,30,225,COMPLETE,0.0,,,,,,,,,,,,,,,,,,,,
237,237,0.7159663865546219,2023-08-24 14:04:55.100330,2023-08-24 14:04:55.616450,0 days 00:00:00.516120,0.4,2,1.0,2.653853882517684e-06,1.2850392285688887e-06,30,256,COMPLETE,0.0,,,,,,,,,,,,,,,,,,,,
238,238,0.7159663865546219,2023-08-24 14:04:55.475419,2023-08-24 14:04:56.169179,0 days 00:00:00.693760,0.4,2,0.6000000000000001,0.00029930842370758283,2.1934712350580554e-06,30,225,COMPLETE,0.0,,,,,,,,,,,,,,,,,,,,
239,239,0.7159663865546219,2023-08-24 14:04:55.661833,2023-08-24 14:04:56.668263,0 days 00:00:01.006430,0.4,2,0.6000000000000001,8.20047229607294e-06,2.0451925535315605e-06,30,225,COMPLETE,0.0,,,,,,,,,,,,,,,,,,,,
240,240,0.7159663865546219,2023-08-24 14:04:55.722473,2023-08-24 14:04:56.911495,0 days 00:00:01.189022,0.4,2,0.7000000000000001,7.622594113331599e-06,8.194310693270828e-07,30,227,COMPLETE,0.0,,,,,,,,,,,,,,,,,,,,
241,241,0.7159663865546219,2023-08-24 14:04:55.781820,2023-08-24 14:04:56.803654,0 days 00:00:01.021834,0.4,2,0.7000000000000001,0.00029169992605480887,1.8587300650066282e-06,30,242,COMPLETE,0.0,,,,,,,,,,,,,,,,,,,,
242,242,0.7159663865546219,2023-08-24 14:04:55.939198,2023-08-24 14:04:57.037139,0 days 00:00:01.097941,0.4,2,0.9,1.5276725594950047e-05,1.0750634977491573e-07,30,231,COMPLETE,0.0,,,,,,,,,,,,,,,,,,,,
243,243,0.7159663865546219,2023-08-24 14:04:55.947312,2023-08-24 14:04:56.859647,0 days 00:00:00.912335,0.4,2,0.7000000000000001,1.6216695226643502e-05,2.8163589078410287e-06,30,232,COMPLETE,0.0,,,,,,,,,,,,,,,,,,,,
244,244,0.7159663865546219,2023-08-24 14:04:55.951423,2023-08-24 14:04:56.724558,0 days 00:00:00.773135,0.4,2,0.7000000000000001,1.611862682671257e-05,2.680206998442013e-07,30,230,COMPLETE,0.0,,,,,,,,,,,,,,,,,,,,
245,245,0.7159663865546219,2023-08-24 14:04:56.020185,2023-08-24 14:04:56.990437,0 days 00:00:00.970252,0.4,2,0.7000000000000001,8.714488957006926e-06,2.404817594812729e-06,30,242,COMPLETE,0.0,,,,,,,,,,,,,,,,,,,,
246,246,0.7072255239286831,2023-08-24 14:04:56.213744,2023-08-24 14:04:57.082083,0 days 00:00:00.868339,0.4,1,0.7000000000000001,0.002874273591976027,1.1506091383302579e-07,30,241,COMPLETE,0.0,,,,,,,,,,,,,,,,,,,,
247,247,0.7072255239286831,2023-08-24 14:04:56.714538,2023-08-24 14:04:57.345039,0 days 00:00:00.630501,0.4,1,0.7000000000000001,1.3878053558595562e-05,3.6131794790809427e-06,30,242,COMPLETE,0.0,,,,,,,,,,,,,,,,,,,,
248,248,0.7159663865546219,2023-08-24 14:04:56.769481,2023-08-24 14:04:57.401222,0 days 00:00:00.631741,0.4,2,0.7000000000000001,5.6716222883428805e-05,4.095786447745931e-06,30,242,COMPLETE,0.0,,,,,,,,,,,,,,,,,,,,
249,249,0.7072255239286831,2023-08-24 14:04:56.850831,2023-08-24 14:04:57.442441,0 days 00:00:00.591610,0.4,1,0.7000000000000001,7.909585716215904e-06,1.1682087771342173e-07,30,236,COMPLETE,0.0,,,,,,,,,,,,,,,,,,,,
