,number,value,datetime_start,datetime_complete,duration,params_bagging_fraction,params_bagging_freq,params_feature_fraction,params_lambda_l1,params_lambda_l2,params_min_child_samples,params_num_leaves,state,best_trial,dev_acc,dev_recall_macro,dev_precision_macro,dev_f1_macro,dev_recall_0,dev_precision_0,dev_f1_0,dev_recall_1,dev_precision_1,dev_f1_1,test_acc,test_recall_macro,test_precision_macro,test_f1_macro,test_recall_0,test_precision_0,test_f1_0,test_recall_1,test_precision_1,test_f1_1
100,100,0.6941176470588236,2023-08-24 14:04:39.039011,2023-08-24 14:04:39.752732,0 days 00:00:00.713721,0.4,2,0.5,3.0638395696152962e-06,1.3072248422236614e-07,40,232,COMPLETE,0.0,,,,,,,,,,,,,,,,,,,,
101,101,0.6941176470588236,2023-08-24 14:04:39.129234,2023-08-24 14:04:40.072479,0 days 00:00:00.943245,0.4,2,0.5,3.621900423106575e-06,7.863201798947874e-08,40,232,COMPLETE,0.0,,,,,,,,,,,,,,,,,,,,
102,102,0.6939624556062911,2023-08-24 14:04:39.236623,2023-08-24 14:04:40.227565,0 days 00:00:00.990942,0.4,2,0.6000000000000001,3.66668149306416e-06,6.974975732965508e-08,20,214,COMPLETE,0.0,,,,,,,,,,,,,,,,,,,,
103,103,0.6939624556062911,2023-08-24 14:04:39.245495,2023-08-24 14:04:40.318184,0 days 00:00:01.072689,0.4,2,0.6000000000000001,3.3366454231146528e-06,7.50511875710023e-08,20,220,COMPLETE,0.0,,,,,,,,,,,,,,,,,,,,
104,104,0.6941176470588236,2023-08-24 14:04:39.323888,2023-08-24 14:04:39.936950,0 days 00:00:00.613062,0.4,2,0.6000000000000001,3.4273202068764796e-06,6.735225998586016e-08,40,182,COMPLETE,0.0,,,,,,,,,,,,,,,,,,,,
105,105,0.6939624556062911,2023-08-24 14:04:39.718907,2023-08-24 14:04:40.508839,0 days 00:00:00.789932,0.4,2,0.6000000000000001,2.0289124222728273e-05,7.878030486994126e-08,20,220,COMPLETE,0.0,,,,,,,,,,,,,,,,,,,,
106,106,0.6939624556062911,2023-08-24 14:04:39.795011,2023-08-24 14:04:40.680281,0 days 00:00:00.885270,0.4,2,0.6000000000000001,1.9813821642750535e-06,7.22218736582171e-08,20,218,COMPLETE,0.0,,,,,,,,,,,,,,,,,,,,
107,107,0.6939624556062911,2023-08-24 14:04:39.925950,2023-08-24 14:04:41.109773,0 days 00:00:01.183823,0.4,2,0.7000000000000001,1.948963042412376e-06,7.056037534315875e-08,20,218,COMPLETE,0.0,,,,,,,,,,,,,,,,,,,,
108,108,0.6939624556062911,2023-08-24 14:04:39.985484,2023-08-24 14:04:41.018011,0 days 00:00:01.032527,0.4,2,0.7000000000000001,2.0457683819250772e-06,6.980050808944679e-08,20,218,COMPLETE,0.0,,,,,,,,,,,,,,,,,,,,
109,109,0.6939624556062911,2023-08-24 14:04:40.115844,2023-08-24 14:04:41.151698,0 days 00:00:01.035854,0.4,2,0.6000000000000001,1.8580707351671038e-06,4.691362210570028e-07,20,221,COMPLETE,0.0,,,,,,,,,,,,,,,,,,,,
110,110,0.6939624556062911,2023-08-24 14:04:40.128557,2023-08-24 14:04:40.930316,0 days 00:00:00.801759,0.4,2,0.6000000000000001,1.8793269442635023e-06,5.9168755879844955e-08,20,217,COMPLETE,0.0,,,,,,,,,,,,,,,,,,,,
111,111,0.6939624556062911,2023-08-24 14:04:40.272214,2023-08-24 14:04:41.282328,0 days 00:00:01.010114,0.4,2,0.7000000000000001,2.0300205804183256e-06,4.5426768160729076e-07,20,218,COMPLETE,0.0,,,,,,,,,,,,,,,,,,,,
112,112,0.6939624556062911,2023-08-24 14:04:40.380681,2023-08-24 14:04:41.229396,0 days 00:00:00.848715,0.4,2,0.7000000000000001,1.8736923227513998e-06,1.0990820628111107e-07,20,220,COMPLETE,0.0,,,,,,,,,,,,,,,,,,,,
113,113,0.7159663865546219,2023-08-24 14:04:40.552768,2023-08-24 14:04:40.976040,0 days 00:00:00.423272,0.4,2,0.7000000000000001,1.9421848787932152e-06,4.520442413699919e-07,30,215,COMPLETE,0.0,,,,,,,,,,,,,,,,,,,,
114,114,0.7159663865546219,2023-08-24 14:04:40.729833,2023-08-24 14:04:41.448068,0 days 00:00:00.718235,0.4,2,0.7000000000000001,6.601293221673687e-05,4.845343361341641e-07,30,209,COMPLETE,0.0,,,,,,,,,,,,,,,,,,,,
115,115,0.7159663865546219,2023-08-24 14:04:40.974473,2023-08-24 14:04:42.013235,0 days 00:00:01.038762,0.4,2,0.7000000000000001,1.7754407275528034e-05,5.079927219366962e-07,30,240,COMPLETE,0.0,,,,,,,,,,,,,,,,,,,,
116,116,0.7159663865546219,2023-08-24 14:04:41.058889,2023-08-24 14:04:41.932689,0 days 00:00:00.873800,0.4,2,0.7000000000000001,6.224372314051177e-06,1.2816051559623257e-07,30,236,COMPLETE,0.0,,,,,,,,,,,,,,,,,,,,
117,117,0.7159663865546219,2023-08-24 14:04:41.060653,2023-08-24 14:04:42.059821,0 days 00:00:00.999168,0.4,2,0.7000000000000001,6.7170784962793815e-06,1.1227560404960257e-07,30,192,COMPLETE,0.0,,,,,,,,,,,,,,,,,,,,
118,118,0.7159663865546219,2023-08-24 14:04:41.198233,2023-08-24 14:04:42.184661,0 days 00:00:00.986428,0.4,2,0.7000000000000001,5.918070786461175e-06,1.8458829492414735e-07,30,238,COMPLETE,0.0,,,,,,,,,,,,,,,,,,,,
119,119,0.7159663865546219,2023-08-24 14:04:41.212233,2023-08-24 14:04:42.311391,0 days 00:00:01.099158,0.4,2,0.7000000000000001,6.219040603581698e-06,1.8246482747700975e-07,30,237,COMPLETE,0.0,,,,,,,,,,,,,,,,,,,,
120,120,0.7159663865546219,2023-08-24 14:04:41.271551,2023-08-24 14:04:42.142163,0 days 00:00:00.870612,0.4,2,0.7000000000000001,7.96853134618126e-05,1.6996163105831796e-07,30,196,COMPLETE,0.0,,,,,,,,,,,,,,,,,,,,
121,121,0.6685514547136835,2023-08-24 14:04:41.344082,2023-08-24 14:04:41.810290,0 days 00:00:00.466208,0.4,2,0.7000000000000001,6.3464305668136065e-06,1.9363038344453267e-07,90,237,COMPLETE,0.0,,,,,,,,,,,,,,,,,,,,
122,122,0.7159663865546219,2023-08-24 14:04:41.490502,2023-08-24 14:04:42.247389,0 days 00:00:00.756887,0.4,2,0.7000000000000001,7.464721889696463e-06,2.0229711899066383e-07,30,238,COMPLETE,0.0,,,,,,,,,,,,,,,,,,,,
123,123,0.7159663865546219,2023-08-24 14:04:41.852712,2023-08-24 14:04:42.487986,0 days 00:00:00.635274,0.4,2,0.7000000000000001,7.965194647533028e-05,6.259786502822778e-07,30,227,COMPLETE,0.0,,,,,,,,,,,,,,,,,,,,
124,124,0.7159663865546219,2023-08-24 14:04:41.974942,2023-08-24 14:04:42.806863,0 days 00:00:00.831921,0.4,2,0.7000000000000001,7.450402505901662e-06,1.3377436973159593e-06,30,228,COMPLETE,0.0,,,,,,,,,,,,,,,,,,,,
125,125,0.7159663865546219,2023-08-24 14:04:42.056226,2023-08-24 14:04:43.058298,0 days 00:00:01.002072,0.4,2,0.7000000000000001,5.376770147530089e-06,6.235046563714088e-07,30,256,COMPLETE,0.0,,,,,,,,,,,,,,,,,,,,
126,126,0.7159663865546219,2023-08-24 14:04:42.107896,2023-08-24 14:04:43.112417,0 days 00:00:01.004521,0.4,2,0.7000000000000001,1.789040853546142e-05,5.586035607637188e-07,30,240,COMPLETE,0.0,,,,,,,,,,,,,,,,,,,,
127,127,0.7159663865546219,2023-08-24 14:04:42.229503,2023-08-24 14:04:43.156352,0 days 00:00:00.926849,0.4,2,0.7000000000000001,1.7216892177223998e-05,6.499262215798408e-07,30,210,COMPLETE,0.0,,,,,,,,,,,,,,,,,,,,
128,128,0.7159663865546219,2023-08-24 14:04:42.234639,2023-08-24 14:04:43.211054,0 days 00:00:00.976415,0.4,2,0.7000000000000001,9.626404498723657e-06,6.341108276938465e-07,30,228,COMPLETE,0.0,,,,,,,,,,,,,,,,,,,,
129,129,0.7159663865546219,2023-08-24 14:04:42.295014,2023-08-24 14:04:43.266069,0 days 00:00:00.971055,0.4,2,0.7000000000000001,1.569294241823043e-05,1.3579412224312865e-06,30,227,COMPLETE,0.0,,,,,,,,,,,,,,,,,,,,
130,130,0.7159663865546219,2023-08-24 14:04:42.356351,2023-08-24 14:04:43.266577,0 days 00:00:00.910226,0.4,2,0.7000000000000001,1.2423885971628962e-05,5.618509071212333e-07,30,227,COMPLETE,0.0,,,,,,,,,,,,,,,,,,,,
131,131,0.6941176470588236,2023-08-24 14:04:42.539000,2023-08-24 14:04:42.977733,0 days 00:00:00.438733,0.4,2,0.7000000000000001,1.8655485071943387e-05,1.1376295749771023e-07,40,209,COMPLETE,0.0,,,,,,,,,,,,,,,,,,,,
132,132,0.6941176470588236,2023-08-24 14:04:42.848435,2023-08-24 14:04:43.465674,0 days 00:00:00.617239,0.4,2,0.7000000000000001,2.0399340720997764e-05,1.1265055099010538e-07,40,253,COMPLETE,0.0,,,,,,,,,,,,,,,,,,,,
133,133,0.6941176470588236,2023-08-24 14:04:43.019145,2023-08-24 14:04:44.030307,0 days 00:00:01.011162,0.4,2,0.7000000000000001,1.3387363266301272e-05,4.38230736776164e-07,40,256,COMPLETE,0.0,,,,,,,,,,,,,,,,,,,,
134,134,0.7159663865546219,2023-08-24 14:04:43.105435,2023-08-24 14:04:44.379393,0 days 00:00:01.273958,0.4,2,0.7000000000000001,1.2941271015038714e-05,4.0911567037877256e-07,30,251,COMPLETE,0.0,,,,,,,,,,,,,,,,,,,,
135,135,0.6941176470588236,2023-08-24 14:04:43.157176,2023-08-24 14:04:43.961815,0 days 00:00:00.804639,0.4,2,0.7000000000000001,9.80923459969335e-06,4.001372118107096e-07,40,252,COMPLETE,0.0,,,,,,,,,,,,,,,,,,,,
136,136,0.6941176470588236,2023-08-24 14:04:43.202164,2023-08-24 14:04:44.194173,0 days 00:00:00.992009,0.4,2,0.7000000000000001,1.2239152059338156e-05,3.5072887785610813e-07,40,193,COMPLETE,0.0,,,,,,,,,,,,,,,,,,,,
137,137,0.6941176470588236,2023-08-24 14:04:43.261432,2023-08-24 14:04:43.899234,0 days 00:00:00.637802,0.4,2,0.7000000000000001,1.4029567259684369e-05,3.453332780048771e-07,40,252,COMPLETE,0.0,,,,,,,,,,,,,,,,,,,,
138,138,0.6941176470588236,2023-08-24 14:04:43.354059,2023-08-24 14:04:44.248336,0 days 00:00:00.894277,0.4,2,0.7000000000000001,4.836357442160344e-06,1.2610898866656447e-07,40,253,COMPLETE,0.0,,,,,,,,,,,,,,,,,,,,
139,139,0.6941176470588236,2023-08-24 14:04:43.361609,2023-08-24 14:04:44.077647,0 days 00:00:00.716038,0.4,2,0.7000000000000001,4.716749815643122e-06,3.291763995616275e-07,40,241,COMPLETE,0.0,,,,,,,,,,,,,,,,,,,,
140,140,0.6941176470588236,2023-08-24 14:04:43.512103,2023-08-24 14:04:44.322391,0 days 00:00:00.810288,0.4,2,0.7000000000000001,5.314144887763782e-06,3.7981840355415865e-07,40,240,COMPLETE,0.0,,,,,,,,,,,,,,,,,,,,
141,141,0.7159663865546219,2023-08-24 14:04:43.945735,2023-08-24 14:04:45.117504,0 days 00:00:01.171769,0.4,2,0.6000000000000001,4.441180909462394e-06,4.1148450447653746e-07,30,23,COMPLETE,0.0,,,,,,,,,,,,,,,,,,,,
142,142,0.7159663865546219,2023-08-24 14:04:44.011055,2023-08-24 14:04:45.282077,0 days 00:00:01.271022,0.4,2,0.6000000000000001,4.9574382898433675e-06,2.8031804632081184e-07,30,193,COMPLETE,0.0,,,,,,,,,,,,,,,,,,,,
143,143,0.7159663865546219,2023-08-24 14:04:44.073117,2023-08-24 14:04:45.366971,0 days 00:00:01.293854,0.4,2,0.6000000000000001,5.162194804019711e-06,2.7972232470213735e-07,30,194,COMPLETE,0.0,,,,,,,,,,,,,,,,,,,,
144,144,0.7159663865546219,2023-08-24 14:04:44.140244,2023-08-24 14:04:44.923619,0 days 00:00:00.783375,0.4,2,0.6000000000000001,4.7558855563639245e-06,2.540445191163867e-07,30,194,COMPLETE,0.0,,,,,,,,,,,,,,,,,,,,
145,145,0.7159663865546219,2023-08-24 14:04:44.250402,2023-08-24 14:04:45.035463,0 days 00:00:00.785061,0.4,2,0.6000000000000001,2.594475721483431e-06,2.417829805769899e-07,30,199,COMPLETE,0.0,,,,,,,,,,,,,,,,,,,,
146,146,0.7072255239286831,2023-08-24 14:04:44.299442,2023-08-24 14:04:45.182811,0 days 00:00:00.883369,0.4,1,0.6000000000000001,6.469071348706766e-07,2.397234705606012e-07,30,31,COMPLETE,0.0,,,,,,,,,,,,,,,,,,,,
147,147,0.7159663865546219,2023-08-24 14:04:44.366229,2023-08-24 14:04:44.978420,0 days 00:00:00.612191,0.4,2,0.6000000000000001,4.8427099919015406e-05,5.294772535289437e-08,30,199,COMPLETE,0.0,,,,,,,,,,,,,,,,,,,,
148,148,0.7159663865546219,2023-08-24 14:04:44.429825,2023-08-24 14:04:45.224463,0 days 00:00:00.794638,0.4,2,0.6000000000000001,7.070909742433061e-06,2.106110054370937e-07,30,234,COMPLETE,0.0,,,,,,,,,,,,,,,,,,,,
149,149,0.7159663865546219,2023-08-24 14:04:44.965877,2023-08-24 14:04:45.858417,0 days 00:00:00.892540,0.4,2,0.6000000000000001,7.395827261811382e-06,4.872935430525389e-08,30,200,COMPLETE,0.0,,,,,,,,,,,,,,,,,,,,
150,150,0.7159663865546219,2023-08-24 14:04:45.077034,2023-08-24 14:04:45.959638,0 days 00:00:00.882604,0.4,2,0.7000000000000001,6.640860901087719e-06,1.678822672407091e-07,30,232,COMPLETE,0.0,,,,,,,,,,,,,,,,,,,,
151,151,0.7159663865546219,2023-08-24 14:04:45.080135,2023-08-24 14:04:46.226257,0 days 00:00:01.146122,0.4,2,0.7000000000000001,7.1637065965653135e-06,1.5962047734284906e-07,30,232,COMPLETE,0.0,,,,,,,,,,,,,,,,,,,,
152,152,0.7072255239286831,2023-08-24 14:04:45.162211,2023-08-24 14:04:46.065660,0 days 00:00:00.903449,0.4,1,0.7000000000000001,1.3780783295728624e-06,1.2789794745531893e-07,30,235,COMPLETE,0.0,,,,,,,,,,,,,,,,,,,,
153,153,0.7159663865546219,2023-08-24 14:04:45.279611,2023-08-24 14:04:46.152087,0 days 00:00:00.872476,0.4,2,0.7000000000000001,1.348317546708235e-06,1.4609848936314371e-07,30,212,COMPLETE,0.0,,,,,,,,,,,,,,,,,,,,
154,154,0.7159663865546219,2023-08-24 14:04:45.324955,2023-08-24 14:04:46.336017,0 days 00:00:01.011062,0.4,2,0.7000000000000001,2.5578938987114416e-05,1.5053454489735214e-07,30,233,COMPLETE,0.0,,,,,,,,,,,,,,,,,,,,
155,155,0.7159663865546219,2023-08-24 14:04:45.350734,2023-08-24 14:04:46.110644,0 days 00:00:00.759910,0.4,2,0.7000000000000001,2.6355819491661207e-05,1.6594869073855954e-07,30,233,COMPLETE,0.0,,,,,,,,,,,,,,,,,,,,
156,156,0.7159663865546219,2023-08-24 14:04:45.421656,2023-08-24 14:04:46.290388,0 days 00:00:00.868732,0.4,2,0.7000000000000001,2.65596870750639e-05,1.40381353631445e-07,30,212,COMPLETE,0.0,,,,,,,,,,,,,,,,,,,,
157,157,0.7159663865546219,2023-08-24 14:04:45.914070,2023-08-24 14:04:46.570503,0 days 00:00:00.656433,0.4,2,0.7000000000000001,1.2425802632531843e-06,1.578302978626588e-07,30,212,COMPLETE,0.0,,,,,,,,,,,,,,,,,,,,
158,158,0.7072255239286831,2023-08-24 14:04:46.008021,2023-08-24 14:04:46.907218,0 days 00:00:00.899197,0.4,1,0.7000000000000001,2.9078198695821232e-05,1.227386313890034e-07,30,207,COMPLETE,0.0,,,,,,,,,,,,,,,,,,,,
159,159,0.7159663865546219,2023-08-24 14:04:46.108730,2023-08-24 14:04:47.109125,0 days 00:00:01.000395,0.4,2,0.7000000000000001,2.962546733639216e-05,1.6175878759887978e-07,30,212,COMPLETE,0.0,,,,,,,,,,,,,,,,,,,,
160,160,0.7159663865546219,2023-08-24 14:04:46.193349,2023-08-24 14:04:46.973268,0 days 00:00:00.779919,0.4,2,0.7000000000000001,3.322471084829656e-05,9.929534535443982e-08,30,185,COMPLETE,0.0,,,,,,,,,,,,,,,,,,,,
161,161,0.7159663865546219,2023-08-24 14:04:46.198088,2023-08-24 14:04:47.058717,0 days 00:00:00.860629,0.4,2,0.7000000000000001,3.2433600510062475e-06,1.1321104314585854e-07,30,184,COMPLETE,0.0,,,,,,,,,,,,,,,,,,,,
162,162,0.7159663865546219,2023-08-24 14:04:46.268410,2023-08-24 14:04:47.330892,0 days 00:00:01.062482,0.4,2,0.7000000000000001,3.5725111069458156e-05,2.595228862126189e-08,30,209,COMPLETE,0.0,,,,,,,,,,,,,,,,,,,,
163,163,0.7159663865546219,2023-08-24 14:04:46.332937,2023-08-24 14:04:47.220242,0 days 00:00:00.887305,0.4,2,0.7000000000000001,3.1837995975759833e-06,1.0228119383678495e-07,30,182,COMPLETE,0.0,,,,,,,,,,,,,,,,,,,,
164,164,0.7159663865546219,2023-08-24 14:04:46.394984,2023-08-24 14:04:47.174313,0 days 00:00:00.779329,0.4,2,0.7000000000000001,2.8042544583070344e-06,2.6438232937240093e-08,30,182,COMPLETE,0.0,,,,,,,,,,,,,,,,,,,,
165,165,0.7159663865546219,2023-08-24 14:04:46.612090,2023-08-24 14:04:47.176222,0 days 00:00:00.564132,0.4,2,0.8,3.070401332693786e-06,9.783871732984106e-08,30,224,COMPLETE,0.0,,,,,,,,,,,,,,,,,,,,
166,166,0.6941176470588236,2023-08-24 14:04:46.948912,2023-08-24 14:04:47.736864,0 days 00:00:00.787952,0.4,2,0.8,2.5448337907521828e-06,2.6998387710653134e-08,60,184,COMPLETE,0.0,,,,,,,,,,,,,,,,,,,,
167,167,0.6941176470588236,2023-08-24 14:04:47.016139,2023-08-24 14:04:47.849368,0 days 00:00:00.833229,0.4,2,0.8,6.869631001737269e-05,8.634774573611375e-07,60,223,COMPLETE,0.0,,,,,,,,,,,,,,,,,,,,
168,168,0.7159663865546219,2023-08-24 14:04:47.098959,2023-08-24 14:04:48.109968,0 days 00:00:01.011009,0.4,2,0.7000000000000001,9.029298750934332e-06,2.5336638562203694e-08,30,237,COMPLETE,0.0,,,,,,,,,,,,,,,,,,,,
169,169,0.7159663865546219,2023-08-24 14:04:47.152647,2023-08-24 14:04:48.163704,0 days 00:00:01.011057,0.4,2,0.7000000000000001,8.966740890891693e-06,3.1362910509297206e-08,30,225,COMPLETE,0.0,,,,,,,,,,,,,,,,,,,,
170,170,0.6939624556062911,2023-08-24 14:04:47.269968,2023-08-24 14:04:48.327192,0 days 00:00:01.057224,0.4,2,0.7000000000000001,6.719964230230987e-05,8.645417230796571e-07,20,241,COMPLETE,0.0,,,,,,,,,,,,,,,,,,,,
171,171,0.6939624556062911,2023-08-24 14:04:47.319957,2023-08-24 14:04:48.378450,0 days 00:00:01.058493,0.4,2,0.7000000000000001,6.133292183839849e-05,8.260350211580938e-07,20,238,COMPLETE,0.0,,,,,,,,,,,,,,,,,,,,
172,172,0.6939624556062911,2023-08-24 14:04:47.331543,2023-08-24 14:04:48.272088,0 days 00:00:00.940545,0.4,2,0.6000000000000001,1.0028447136582955e-05,5.39645518727099e-08,20,240,COMPLETE,0.0,,,,,,,,,,,,,,,,,,,,
173,173,0.6941176470588236,2023-08-24 14:04:47.386850,2023-08-24 14:04:47.974674,0 days 00:00:00.587824,0.4,2,0.6000000000000001,6.978048189365203e-05,9.675104076888773e-07,60,241,COMPLETE,0.0,,,,,,,,,,,,,,,,,,,,
174,174,0.6939624556062911,2023-08-24 14:04:47.778287,2023-08-24 14:04:48.524734,0 days 00:00:00.746447,0.4,2,0.7000000000000001,1.0956954787907423e-05,4.891354023056363e-08,20,239,COMPLETE,0.0,,,,,,,,,,,,,,,,,,,,
175,175,0.6939624556062911,2023-08-24 14:04:47.890291,2023-08-24 14:04:48.647698,0 days 00:00:00.757407,0.4,2,0.7000000000000001,7.231871013174987e-06,4.979540981880434e-08,20,239,COMPLETE,0.0,,,,,,,,,,,,,,,,,,,,
176,176,0.6939624556062911,2023-08-24 14:04:48.015818,2023-08-24 14:04:48.718776,0 days 00:00:00.702958,0.4,2,0.7000000000000001,7.904532372814385e-06,4.9632784346680245e-08,20,238,COMPLETE,0.0,,,,,,,,,,,,,,,,,,,,
177,177,0.6939624556062911,2023-08-24 14:04:48.150899,2023-08-24 14:04:49.210211,0 days 00:00:01.059312,0.4,2,0.7000000000000001,9.787118643978905e-06,5.242336128436133e-08,20,240,COMPLETE,0.0,,,,,,,,,,,,,,,,,,,,
178,178,0.7159663865546219,2023-08-24 14:04:48.209591,2023-08-24 14:04:49.087512,0 days 00:00:00.877921,0.4,2,0.7000000000000001,8.259933701552372e-05,2.2262968580514619e-07,30,239,COMPLETE,0.0,,,,,,,,,,,,,,,,,,,,
179,179,0.7159663865546219,2023-08-24 14:04:48.314712,2023-08-24 14:04:49.443011,0 days 00:00:01.128299,0.4,2,0.7000000000000001,0.00013589660108614143,7.303071353843528e-07,30,238,COMPLETE,0.0,,,,,,,,,,,,,,,,,,,,
180,180,0.7159663865546219,2023-08-24 14:04:48.375149,2023-08-24 14:04:49.312670,0 days 00:00:00.937521,0.4,2,0.7000000000000001,0.00013949397993534487,1.53545984185546e-06,30,228,COMPLETE,0.0,,,,,,,,,,,,,,,,,,,,
181,181,0.7159663865546219,2023-08-24 14:04:48.432328,2023-08-24 14:04:49.161997,0 days 00:00:00.729669,0.4,2,0.7000000000000001,9.979552418374954e-05,2.1094889074254295e-07,30,248,COMPLETE,0.0,,,,,,,,,,,,,,,,,,,,
182,182,0.7159663865546219,2023-08-24 14:04:48.586146,2023-08-24 14:04:49.508425,0 days 00:00:00.922279,0.4,2,0.7000000000000001,0.0002028530985321181,2.2324013806534282e-07,30,229,COMPLETE,0.0,,,,,,,,,,,,,,,,,,,,
183,183,0.7159663865546219,2023-08-24 14:04:48.695686,2023-08-24 14:04:49.559063,0 days 00:00:00.863377,0.4,2,0.7000000000000001,0.00015753361347574913,1.6916942700550417e-06,30,81,COMPLETE,0.0,,,,,,,,,,,,,,,,,,,,
184,184,0.7159663865546219,2023-08-24 14:04:48.761722,2023-08-24 14:04:49.392257,0 days 00:00:00.630535,0.4,2,0.7000000000000001,0.0001300019325698349,2.2425135012763687e-07,30,228,COMPLETE,0.0,,,,,,,,,,,,,,,,,,,,
185,185,0.7159663865546219,2023-08-24 14:04:49.129230,2023-08-24 14:04:50.065920,0 days 00:00:00.936690,0.4,2,0.7000000000000001,1.8018446276082474e-05,5.960314220092872e-07,30,228,COMPLETE,0.0,,,,,,,,,,,,,,,,,,,,
186,186,0.7159663865546219,2023-08-24 14:04:49.205635,2023-08-24 14:04:50.342701,0 days 00:00:01.137066,0.4,2,0.6000000000000001,0.00016613833172518557,5.06102415354984e-07,30,229,COMPLETE,0.0,,,,,,,,,,,,,,,,,,,,
187,187,0.7159663865546219,2023-08-24 14:04:49.255361,2023-08-24 14:04:50.214830,0 days 00:00:00.959469,0.4,2,0.6000000000000001,0.00014035513986655868,1.6367650350899592e-06,30,70,COMPLETE,0.0,,,,,,,,,,,,,,,,,,,,
188,188,0.7159663865546219,2023-08-24 14:04:49.356802,2023-08-24 14:04:50.447360,0 days 00:00:01.090558,0.4,2,0.7000000000000001,1.561581548797111e-05,5.352585675249618e-07,30,228,COMPLETE,0.0,,,,,,,,,,,,,,,,,,,,
189,189,0.7159663865546219,2023-08-24 14:04:49.433025,2023-08-24 14:04:50.259264,0 days 00:00:00.826239,0.4,2,0.7000000000000001,1.635456432422535e-05,5.594770576669562e-07,30,228,COMPLETE,0.0,,,,,,,,,,,,,,,,,,,,
190,190,0.7159663865546219,2023-08-24 14:04:49.491676,2023-08-24 14:04:50.153529,0 days 00:00:00.661853,0.4,2,0.6000000000000001,2.0642575707780713e-05,1.6221410823361792e-06,30,229,COMPLETE,0.0,,,,,,,,,,,,,,,,,,,,
191,191,0.7159663865546219,2023-08-24 14:04:49.602349,2023-08-24 14:04:50.260416,0 days 00:00:00.658067,0.4,2,0.6000000000000001,1.79141149028373e-05,4.932774819667707e-07,30,225,COMPLETE,0.0,,,,,,,,,,,,,,,,,,,,
192,192,0.7159663865546219,2023-08-24 14:04:49.606382,2023-08-24 14:04:50.522815,0 days 00:00:00.916433,0.4,2,0.6000000000000001,1.6429296570616824e-05,5.11920543835685e-07,30,203,COMPLETE,0.0,,,,,,,,,,,,,,,,,,,,
193,193,0.7159663865546219,2023-08-24 14:04:50.108531,2023-08-24 14:04:51.063945,0 days 00:00:00.955414,0.4,2,0.6000000000000001,5.910242050426609e-06,5.01063830265608e-07,30,222,COMPLETE,0.0,,,,,,,,,,,,,,,,,,,,
194,194,0.7159663865546219,2023-08-24 14:04:50.197064,2023-08-24 14:04:51.377487,0 days 00:00:01.180423,0.4,2,0.6000000000000001,5.989525987654539e-06,4.4427541190620496e-07,30,216,COMPLETE,0.0,,,,,,,,,,,,,,,,,,,,
195,195,0.6941176470588236,2023-08-24 14:04:50.261128,2023-08-24 14:04:51.237530,0 days 00:00:00.976402,0.4,2,0.7000000000000001,4.022749198366934e-06,1.0484263274437258e-05,40,206,COMPLETE,0.0,,,,,,,,,,,,,,,,,,,,
196,196,0.6941176470588236,2023-08-24 14:04:50.340106,2023-08-24 14:04:51.652173,0 days 00:00:01.312067,0.8,2,0.7000000000000001,4.025785251030398e-06,1.1499281954751938e-06,40,245,COMPLETE,0.0,,,,,,,,,,,,,,,,,,,,
197,197,0.7159663865546219,2023-08-24 14:04:50.343659,2023-08-24 14:04:51.334414,0 days 00:00:00.990755,0.4,2,0.7000000000000001,5.279827352107645e-06,2.734879475689015e-07,30,204,COMPLETE,0.0,,,,,,,,,,,,,,,,,,,,
198,198,0.7159663865546219,2023-08-24 14:04:50.395953,2023-08-24 14:04:51.445987,0 days 00:00:01.050034,0.4,2,0.7000000000000001,5.255777352510455e-06,3.152802568933404e-07,30,246,COMPLETE,0.0,,,,,,,,,,,,,,,,,,,,
199,199,0.7159663865546219,2023-08-24 14:04:50.494773,2023-08-24 14:04:51.499099,0 days 00:00:01.004326,0.4,2,0.7000000000000001,6.141561785604175e-06,3.276052833854923e-07,30,246,COMPLETE,0.0,,,,,,,,,,,,,,,,,,,,
