,number,value,datetime_start,datetime_complete,duration,params_bagging_fraction,params_bagging_freq,params_feature_fraction,params_lambda_l1,params_lambda_l2,params_min_child_samples,params_num_leaves,state,best_trial,dev_acc,dev_recall_macro,dev_precision_macro,dev_f1_macro,dev_recall_0,dev_precision_0,dev_f1_0,dev_recall_1,dev_precision_1,dev_f1_1,test_acc,test_recall_macro,test_precision_macro,test_f1_macro,test_recall_0,test_precision_0,test_f1_0,test_recall_1,test_precision_1,test_f1_1
103,103,0.5171700310105494,2023-08-24 13:42:31.407136,2023-08-24 13:42:34.750359,0 days 00:00:03.343223,1.0,2,1.0,0.05440063139723892,0.008298655393246368,50,130,COMPLETE,0.0,,,,,,,,,,,,,,,,,,,,
104,104,0.5298910334021794,2023-08-24 13:42:31.814713,2023-08-24 13:42:34.298883,0 days 00:00:02.484170,1.0,2,1.0,0.02054202879376364,0.008064183040365377,60,128,COMPLETE,0.0,,,,,,,,,,,,,,,,,,,,
105,105,0.5329720673316054,2023-08-24 13:42:32.379060,2023-08-24 13:42:34.839320,0 days 00:00:02.460260,1.0,2,0.7000000000000001,0.020223893224504276,0.15184012982512837,60,180,COMPLETE,0.0,,,,,,,,,,,,,,,,,,,,
106,106,0.5432299654285045,2023-08-24 13:42:32.634136,2023-08-24 13:42:34.962516,0 days 00:00:02.328380,1.0,2,1.0,0.021655324990122245,0.0002396457493201891,60,179,COMPLETE,0.0,,,,,,,,,,,,,,,,,,,,
107,107,0.5086241433842911,2023-08-24 13:42:33.098076,2023-08-24 13:42:34.634696,0 days 00:00:01.536620,0.5,2,0.7000000000000001,0.022216782870607635,0.00021593120885638755,60,77,COMPLETE,0.0,,,,,,,,,,,,,,,,,,,,
108,108,0.529059331015522,2023-08-24 13:42:33.155184,2023-08-24 13:42:35.138758,0 days 00:00:01.983574,1.0,2,0.7000000000000001,0.021465337379901046,0.05497275906981817,60,73,COMPLETE,0.0,,,,,,,,,,,,,,,,,,,,
109,109,0.5360362298152921,2023-08-24 13:42:33.215383,2023-08-24 13:42:35.248724,0 days 00:00:02.033341,1.0,2,0.7000000000000001,0.017149143226860553,0.022999062554909164,60,75,COMPLETE,0.0,,,,,,,,,,,,,,,,,,,,
110,110,0.5347845011822927,2023-08-24 13:42:33.582084,2023-08-24 13:42:35.396062,0 days 00:00:01.813978,1.0,2,0.7000000000000001,0.02183580876818291,0.0019111646719596775,60,72,COMPLETE,0.0,,,,,,,,,,,,,,,,,,,,
111,111,0.5335291984421892,2023-08-24 13:42:34.340051,2023-08-24 13:42:36.521703,0 days 00:00:02.181652,1.0,2,0.7000000000000001,0.4653856588869858,0.002012829314510483,60,76,COMPLETE,0.0,,,,,,,,,,,,,,,,,,,,
112,112,0.5283775252525253,2023-08-24 13:42:34.676013,2023-08-24 13:42:37.486496,0 days 00:00:02.810483,1.0,2,0.7000000000000001,0.6565137768562772,0.022700002908901902,60,111,COMPLETE,0.0,,,,,,,,,,,,,,,,,,,,
113,113,0.5366618878430884,2023-08-24 13:42:34.800080,2023-08-24 13:42:37.428124,0 days 00:00:02.628044,1.0,2,0.7000000000000001,0.014894027067213413,0.02330292326834718,60,112,COMPLETE,0.0,,,,,,,,,,,,,,,,,,,,
114,114,0.5503234025237189,2023-08-24 13:42:34.889014,2023-08-24 13:42:37.816605,0 days 00:00:02.927591,1.0,2,0.7000000000000001,0.01339858121574645,0.005659329370927579,60,123,COMPLETE,0.0,,,,,,,,,,,,,,,,,,,,
115,115,0.5302568315507318,2023-08-24 13:42:35.010707,2023-08-24 13:42:36.456151,0 days 00:00:01.445444,0.5,2,0.7000000000000001,0.014106540184861991,0.0007683822591241581,60,171,COMPLETE,0.0,,,,,,,,,,,,,,,,,,,,
116,116,0.5370442454911121,2023-08-24 13:42:35.193673,2023-08-24 13:42:37.739166,0 days 00:00:02.545493,0.5,2,1.0,0.013166876693601353,0.024051639518849366,30,156,COMPLETE,0.0,,,,,,,,,,,,,,,,,,,,
117,117,0.5133320114716855,2023-08-24 13:42:35.298423,2023-08-24 13:42:37.338521,0 days 00:00:02.040098,0.5,2,1.0,0.42510166806104266,0.0006591294294456006,30,142,COMPLETE,0.0,,,,,,,,,,,,,,,,,,,,
118,118,0.5288410496828142,2023-08-24 13:42:35.438522,2023-08-24 13:42:36.674547,0 days 00:00:01.236025,0.5,2,1.0,0.012468871422170858,0.024229047883203653,60,110,COMPLETE,0.0,,,,,,,,,,,,,,,,,,,,
119,119,0.5165690480388124,2023-08-24 13:42:36.504286,2023-08-24 13:42:39.116867,0 days 00:00:02.612581,1.0,2,1.0,0.19320969139513297,0.0005831465065827569,60,158,COMPLETE,0.0,,,,,,,,,,,,,,,,,,,,
120,120,0.5358958248538231,2023-08-24 13:42:36.562118,2023-08-24 13:42:38.713526,0 days 00:00:02.151408,1.0,2,1.0,0.6044614585055614,0.0005273920275153121,100,113,COMPLETE,0.0,,,,,,,,,,,,,,,,,,,,
121,121,0.5140418283827095,2023-08-24 13:42:36.721244,2023-08-24 13:42:40.180711,0 days 00:00:03.459467,1.0,2,1.0,0.19742935857484895,0.000594711627161276,30,142,COMPLETE,0.0,,,,,,,,,,,,,,,,,,,,
122,122,0.5457367067174628,2023-08-24 13:42:37.404400,2023-08-24 13:42:40.071254,0 days 00:00:02.666854,1.0,2,0.8,0.18120324859054995,0.0053667802473386875,60,112,COMPLETE,0.0,,,,,,,,,,,,,,,,,,,,
123,123,0.5189923573982352,2023-08-24 13:42:37.473086,2023-08-24 13:42:39.304353,0 days 00:00:01.831267,1.0,2,0.8,0.20213553864997283,0.0002772523424652331,100,122,COMPLETE,0.0,,,,,,,,,,,,,,,,,,,,
124,124,0.5236315086782377,2023-08-24 13:42:37.538457,2023-08-24 13:42:41.019928,0 days 00:00:03.481471,1.0,3,0.8,0.21941186786218966,0.0002284855683968846,30,122,COMPLETE,0.0,,,,,,,,,,,,,,,,,,,,
125,125,0.5363402256161193,2023-08-24 13:42:37.795124,2023-08-24 13:42:39.762538,0 days 00:00:01.967414,1.0,3,0.8,0.2038722189846137,0.0002915215130606407,100,122,COMPLETE,0.0,,,,,,,,,,,,,,,,,,,,
126,126,0.5166051277796215,2023-08-24 13:42:37.877144,2023-08-24 13:42:41.269472,0 days 00:00:03.392328,0.8,3,0.8,0.005208479925658087,0.00023350293075312547,40,122,COMPLETE,0.0,,,,,,,,,,,,,,,,,,,,
127,127,0.5416738030362009,2023-08-24 13:42:38.764073,2023-08-24 13:42:42.049994,0 days 00:00:03.285921,1.0,3,0.8,0.20813048508355142,0.00019232672996451043,40,122,COMPLETE,0.0,,,,,,,,,,,,,,,,,,,,
128,128,0.5393590242636565,2023-08-24 13:42:39.170272,2023-08-24 13:42:41.511995,0 days 00:00:02.341723,1.0,2,0.8,0.20288295507248513,0.005319681145177771,60,121,COMPLETE,0.0,,,,,,,,,,,,,,,,,,,,
129,129,0.5317951222688939,2023-08-24 13:42:39.356381,2023-08-24 13:42:41.982458,0 days 00:00:02.626077,1.0,3,0.8,0.0059983187119477645,0.005153790176386385,60,103,COMPLETE,0.0,,,,,,,,,,,,,,,,,,,,
130,130,0.5470949397740942,2023-08-24 13:42:39.821233,2023-08-24 13:42:42.749604,0 days 00:00:02.928371,1.0,2,0.8,0.005983315509652677,0.056330014241909164,60,104,COMPLETE,0.0,,,,,,,,,,,,,,,,,,,,
131,131,0.5391635280894446,2023-08-24 13:42:40.126680,2023-08-24 13:42:41.845290,0 days 00:00:01.718610,1.0,2,0.8,0.005033699579686945,0.004586891241653949,60,62,COMPLETE,0.0,,,,,,,,,,,,,,,,,,,,
132,132,0.5428425740925741,2023-08-24 13:42:40.228906,2023-08-24 13:42:43.293718,0 days 00:00:03.064812,1.0,2,0.8,0.005224034506130293,0.0010043524853240277,60,180,COMPLETE,0.0,,,,,,,,,,,,,,,,,,,,
133,133,0.5358807858807859,2023-08-24 13:42:41.065184,2023-08-24 13:42:43.528826,0 days 00:00:02.463642,0.8,2,0.8,0.00651676353344282,0.006080926538279973,60,181,COMPLETE,0.0,,,,,,,,,,,,,,,,,,,,
134,134,0.5491860761229407,2023-08-24 13:42:41.317196,2023-08-24 13:42:43.711076,0 days 00:00:02.393880,1.0,2,0.8,0.08830698543260379,0.006038507439444093,60,201,COMPLETE,0.0,,,,,,,,,,,,,,,,,,,,
135,135,0.5318277069977023,2023-08-24 13:42:41.564076,2023-08-24 13:42:44.845975,0 days 00:00:03.281899,1.0,2,0.8,0.08508790738836171,0.0010906665214258527,50,202,COMPLETE,0.0,,,,,,,,,,,,,,,,,,,,
136,136,0.5384928951067955,2023-08-24 13:42:41.908940,2023-08-24 13:42:44.788963,0 days 00:00:02.880023,1.0,2,0.8,0.33251170613727365,0.006067595333102907,50,103,COMPLETE,0.0,,,,,,,,,,,,,,,,,,,,
137,137,0.5394483157067809,2023-08-24 13:42:42.037864,2023-08-24 13:42:44.333285,0 days 00:00:02.295421,0.7000000000000001,2,0.7000000000000001,0.08273262531783829,0.0009091587936172296,50,224,COMPLETE,0.0,,,,,,,,,,,,,,,,,,,,
138,138,0.5291695192503671,2023-08-24 13:42:42.098636,2023-08-24 13:42:46.071476,0 days 00:00:03.972840,1.0,3,0.8,0.08626845279828137,7.712404806063874e-05,40,202,COMPLETE,0.0,,,,,,,,,,,,,,,,,,,,
139,139,0.5199271524311692,2023-08-24 13:42:42.795024,2023-08-24 13:42:45.349204,0 days 00:00:02.554180,1.0,2,0.8,0.0032793678947542547,0.0569031208790977,50,92,COMPLETE,0.0,,,,,,,,,,,,,,,,,,,,
140,140,0.5316368173429337,2023-08-24 13:42:43.339107,2023-08-24 13:42:45.720568,0 days 00:00:02.381461,1.0,2,0.8,0.003083927454109969,0.002179854546762123,60,181,COMPLETE,0.0,,,,,,,,,,,,,,,,,,,,
141,141,0.5246809284915911,2023-08-24 13:42:43.575615,2023-08-24 13:42:46.710836,0 days 00:00:03.135221,1.0,2,0.8,0.0025669712526504673,0.0009294462831609218,50,198,COMPLETE,0.0,,,,,,,,,,,,,,,,,,,,
142,142,0.5316368173429337,2023-08-24 13:42:43.752164,2023-08-24 13:42:45.975958,0 days 00:00:02.223794,1.0,2,0.8,0.002928292185424159,0.002094847031237657,60,200,COMPLETE,0.0,,,,,,,,,,,,,,,,,,,,
143,143,0.5310714958257485,2023-08-24 13:42:44.379360,2023-08-24 13:42:46.611966,0 days 00:00:02.232606,1.0,2,0.8,0.002064001699781123,0.05760322082191345,70,210,COMPLETE,0.0,,,,,,,,,,,,,,,,,,,,
144,144,0.5316368173429337,2023-08-24 13:42:44.837304,2023-08-24 13:42:47.538304,0 days 00:00:02.701000,1.0,2,0.8,0.002916382214144133,0.0023218950121100886,60,202,COMPLETE,0.0,,,,,,,,,,,,,,,,,,,,
145,145,0.5405219780219781,2023-08-24 13:42:44.893646,2023-08-24 13:42:47.777650,0 days 00:00:02.884004,1.0,2,0.8,0.028212093243364093,0.05034617377632577,60,183,COMPLETE,0.0,,,,,,,,,,,,,,,,,,,,
146,146,0.5334044734584563,2023-08-24 13:42:45.394797,2023-08-24 13:42:47.862509,0 days 00:00:02.467712,1.0,2,0.8,0.02841136058898576,0.0018466739993751053,60,178,COMPLETE,0.0,,,,,,,,,,,,,,,,,,,,
147,147,0.5415087518650707,2023-08-24 13:42:45.766498,2023-08-24 13:42:48.347380,0 days 00:00:02.580882,0.9,2,0.8,0.03026978556487731,0.011230136617012205,70,199,COMPLETE,0.0,,,,,,,,,,,,,,,,,,,,
148,148,0.5498510295542159,2023-08-24 13:42:46.044982,2023-08-24 13:42:48.669798,0 days 00:00:02.624816,1.0,2,0.8,0.028321635288988265,0.008367843078853578,60,192,COMPLETE,0.0,,,,,,,,,,,,,,,,,,,,
149,149,0.5253611280654804,2023-08-24 13:42:46.122862,2023-08-24 13:42:48.604549,0 days 00:00:02.481687,1.0,2,0.8,0.03133470768130529,0.00746937899874389,60,189,COMPLETE,0.0,,,,,,,,,,,,,,,,,,,,
150,150,0.5205917450832142,2023-08-24 13:42:46.654687,2023-08-24 13:42:49.036287,0 days 00:00:02.381600,0.9,2,0.5,0.036952486060084354,0.010384894116358295,60,187,COMPLETE,0.0,,,,,,,,,,,,,,,,,,,,
151,151,0.526612819716268,2023-08-24 13:42:46.758502,2023-08-24 13:42:49.386859,0 days 00:00:02.628357,0.9,2,0.5,0.03757107822545112,0.011262982030846455,60,171,COMPLETE,0.0,,,,,,,,,,,,,,,,,,,,
152,152,0.5387659144931785,2023-08-24 13:42:47.586014,2023-08-24 13:42:50.097210,0 days 00:00:02.511196,0.9,2,0.7000000000000001,0.028635876597178905,0.00983225670463747,60,190,COMPLETE,0.0,,,,,,,,,,,,,,,,,,,,
153,153,0.513720208998323,2023-08-24 13:42:47.831947,2023-08-24 13:42:50.480374,0 days 00:00:02.648427,0.9,2,0.5,0.010738012489587277,0.010870436817685724,70,174,COMPLETE,0.0,,,,,,,,,,,,,,,,,,,,
154,154,0.5281038257062441,2023-08-24 13:42:47.908932,2023-08-24 13:42:50.305278,0 days 00:00:02.396346,0.9,2,0.7000000000000001,0.011350249401579549,0.009183343921476083,60,191,COMPLETE,0.0,,,,,,,,,,,,,,,,,,,,
155,155,0.5324525939200485,2023-08-24 13:42:48.393066,2023-08-24 13:42:50.751374,0 days 00:00:02.358308,0.9,2,0.7000000000000001,0.010223854981476883,0.008666122900532192,60,191,COMPLETE,0.0,,,,,,,,,,,,,,,,,,,,
156,156,0.5324525939200485,2023-08-24 13:42:48.650463,2023-08-24 13:42:51.604018,0 days 00:00:02.953555,0.9,2,0.7000000000000001,0.008599652694495814,0.010545919002566491,60,168,COMPLETE,0.0,,,,,,,,,,,,,,,,,,,,
157,157,0.4899014842348782,2023-08-24 13:42:48.729878,2023-08-24 13:42:51.317808,0 days 00:00:02.587930,1.0,2,0.5,0.013309335740065847,0.018081125440966146,60,174,COMPLETE,0.0,,,,,,,,,,,,,,,,,,,,
158,158,0.5343451972823038,2023-08-24 13:42:49.080051,2023-08-24 13:42:52.095091,0 days 00:00:03.015040,1.0,2,0.7000000000000001,0.011888148824924116,0.017882851575027066,60,192,COMPLETE,0.0,,,,,,,,,,,,,,,,,,,,
159,159,0.5441121302312693,2023-08-24 13:42:49.434038,2023-08-24 13:42:52.144565,0 days 00:00:02.710527,1.0,2,0.7000000000000001,0.012679240661032756,0.018288410007711142,60,191,COMPLETE,0.0,,,,,,,,,,,,,,,,,,,,
160,160,0.5441121302312693,2023-08-24 13:42:50.144088,2023-08-24 13:42:52.642372,0 days 00:00:02.498284,1.0,2,0.7000000000000001,0.012891648509578892,0.0178582591322582,60,174,COMPLETE,0.0,,,,,,,,,,,,,,,,,,,,
161,161,0.5092669002205787,2023-08-24 13:42:50.358874,2023-08-24 13:42:52.818114,0 days 00:00:02.459240,1.0,2,0.4,0.009805256570882118,0.0030839874218012656,70,94,COMPLETE,0.0,,,,,,,,,,,,,,,,,,,,
162,162,0.5548231135140755,2023-08-24 13:42:50.526327,2023-08-24 13:42:53.146617,0 days 00:00:02.620290,1.0,2,0.8,0.008065741875831187,0.004350274522446431,60,107,COMPLETE,0.0,,,,,,,,,,,,,,,,,,,,
163,163,0.5208407940833009,2023-08-24 13:42:50.797565,2023-08-24 13:42:53.446238,0 days 00:00:02.648673,1.0,2,0.8,0.05102425746235665,0.017942105207117125,60,108,COMPLETE,0.0,,,,,,,,,,,,,,,,,,,,
164,164,0.5455485950456187,2023-08-24 13:42:51.363088,2023-08-24 13:42:53.748347,0 days 00:00:02.385259,1.0,2,0.8,0.04752823907971659,0.000402801492880693,60,93,COMPLETE,0.0,,,,,,,,,,,,,,,,,,,,
165,165,0.5362740765771621,2023-08-24 13:42:51.648121,2023-08-24 13:42:54.029967,0 days 00:00:02.381846,1.0,2,0.8,0.04366810619951693,0.0045566376399304685,70,94,COMPLETE,0.0,,,,,,,,,,,,,,,,,,,,
166,166,0.5397268841863859,2023-08-24 13:42:52.194498,2023-08-24 13:42:54.412452,0 days 00:00:02.217954,1.0,2,0.8,0.04901876072422578,0.09021920046898575,70,80,COMPLETE,0.0,,,,,,,,,,,,,,,,,,,,
167,167,0.5337105968820354,2023-08-24 13:42:52.213583,2023-08-24 13:42:54.721384,0 days 00:00:02.507801,1.0,2,0.8,0.01788404394477827,0.004410022869243568,70,107,COMPLETE,0.0,,,,,,,,,,,,,,,,,,,,
168,168,0.5439744171609517,2023-08-24 13:42:52.692198,2023-08-24 13:42:55.678769,0 days 00:00:02.986571,1.0,2,0.7000000000000001,0.017076000773733918,0.0387260915701117,60,109,COMPLETE,0.0,,,,,,,,,,,,,,,,,,,,
169,169,0.52739512559995,2023-08-24 13:42:52.861324,2023-08-24 13:42:55.293047,0 days 00:00:02.431723,1.0,2,0.7000000000000001,0.00633546631489177,0.03698896475340094,60,106,COMPLETE,0.0,,,,,,,,,,,,,,,,,,,,
170,170,0.5393210948870839,2023-08-24 13:42:53.195989,2023-08-24 13:42:55.980959,0 days 00:00:02.784970,1.0,2,0.7000000000000001,0.004232762356788391,0.005128599571818253,60,107,COMPLETE,0.0,,,,,,,,,,,,,,,,,,,,
171,171,0.5327953866578161,2023-08-24 13:42:53.490989,2023-08-24 13:42:56.079585,0 days 00:00:02.588596,1.0,2,0.7000000000000001,0.006596819115873624,0.031068859087289607,60,160,COMPLETE,0.0,,,,,,,,,,,,,,,,,,,,
172,172,0.5356245832914722,2023-08-24 13:42:53.793555,2023-08-24 13:42:56.477341,0 days 00:00:02.683786,1.0,2,0.7000000000000001,0.021043916571803097,0.004354778332369716,60,101,COMPLETE,0.0,,,,,,,,,,,,,,,,,,,,
173,173,0.5379522796158257,2023-08-24 13:42:54.074592,2023-08-24 13:42:56.777474,0 days 00:00:02.702882,1.0,2,0.7000000000000001,0.017245238232268346,0.030017688922775676,60,100,COMPLETE,0.0,,,,,,,,,,,,,,,,,,,,
174,174,0.5420469631596415,2023-08-24 13:42:54.456039,2023-08-24 13:42:57.032135,0 days 00:00:02.576096,1.0,2,0.7000000000000001,0.014725097639908995,0.031148763004740274,60,115,COMPLETE,0.0,,,,,,,,,,,,,,,,,,,,
175,175,0.5422628071966877,2023-08-24 13:42:54.773495,2023-08-24 13:42:57.394248,0 days 00:00:02.620753,1.0,2,0.7000000000000001,0.017537137998216747,0.026389522431013692,60,80,COMPLETE,0.0,,,,,,,,,,,,,,,,,,,,
176,176,0.5306957063666482,2023-08-24 13:42:55.339784,2023-08-24 13:42:57.232068,0 days 00:00:01.892284,1.0,2,0.7000000000000001,0.017128095764608307,0.00637576888720924,60,81,COMPLETE,0.0,,,,,,,,,,,,,,,,,,,,
177,177,0.5522733020758351,2023-08-24 13:42:55.725193,2023-08-24 13:42:58.645439,0 days 00:00:02.920246,1.0,2,0.7000000000000001,0.016532584651817846,0.023999951865651233,60,115,COMPLETE,0.0,,,,,,,,,,,,,,,,,,,,
178,178,0.538978578403873,2023-08-24 13:42:56.031438,2023-08-24 13:42:58.316944,0 days 00:00:02.285506,1.0,2,0.7000000000000001,0.01851136172051228,0.029320436361260704,60,101,COMPLETE,0.0,,,,,,,,,,,,,,,,,,,,
179,179,0.534356008818123,2023-08-24 13:42:56.124651,2023-08-24 13:42:58.965883,0 days 00:00:02.841232,1.0,2,0.7000000000000001,0.016740891143265112,0.14439763838169994,60,115,COMPLETE,0.0,,,,,,,,,,,,,,,,,,,,
180,180,0.5393210948870839,2023-08-24 13:42:56.521918,2023-08-24 13:42:59.458223,0 days 00:00:02.936305,1.0,2,0.7000000000000001,0.016720953005556243,0.029100494317341692,60,115,COMPLETE,0.0,,,,,,,,,,,,,,,,,,,,
181,181,0.5362740765771621,2023-08-24 13:42:56.823720,2023-08-24 13:42:59.538209,0 days 00:00:02.714489,1.0,2,0.7000000000000001,0.016806801053685292,0.130949790901825,60,115,COMPLETE,0.0,,,,,,,,,,,,,,,,,,,,
182,182,0.5318277069977023,2023-08-24 13:42:57.075949,2023-08-24 13:42:59.931397,0 days 00:00:02.855448,1.0,2,0.7000000000000001,0.025022424794174238,0.11999789324160565,50,117,COMPLETE,0.0,,,,,,,,,,,,,,,,,,,,
183,183,0.5418771413154422,2023-08-24 13:42:57.281466,2023-08-24 13:43:00.028778,0 days 00:00:02.747312,1.0,2,0.7000000000000001,0.02335868118440376,0.016123722802494266,50,209,COMPLETE,0.0,,,,,,,,,,,,,,,,,,,,
184,184,0.5327530490983009,2023-08-24 13:42:57.442218,2023-08-24 13:43:00.282079,0 days 00:00:02.839861,1.0,2,0.8,0.0010314159758036455,0.018134602351927886,50,115,COMPLETE,0.0,,,,,,,,,,,,,,,,,,,,
185,185,0.5356958811396408,2023-08-24 13:42:58.365365,2023-08-24 13:43:01.796484,0 days 00:00:03.431119,1.0,2,0.8,0.09564771931008284,0.13093168564982713,50,115,COMPLETE,0.0,,,,,,,,,,,,,,,,,,,,
186,186,0.5203923728591286,2023-08-24 13:42:58.696264,2023-08-24 13:43:01.435157,0 days 00:00:02.738893,1.0,2,0.7000000000000001,0.008055741399865332,0.11630586581344914,50,113,COMPLETE,0.0,,,,,,,,,,,,,,,,,,,,
187,187,0.5227319222598159,2023-08-24 13:42:59.013741,2023-08-24 13:43:01.704748,0 days 00:00:02.691007,1.0,2,0.7000000000000001,0.008041979926364132,0.017509543485060602,50,92,COMPLETE,0.0,,,,,,,,,,,,,,,,,,,,
188,188,0.5447723497216538,2023-08-24 13:42:59.502889,2023-08-24 13:43:02.296566,0 days 00:00:02.793677,1.0,2,0.8,0.0013777656974760277,0.0068352502395445935,50,211,COMPLETE,0.0,,,,,,,,,,,,,,,,,,,,
189,189,0.5374022724903575,2023-08-24 13:42:59.586944,2023-08-24 13:43:01.952772,0 days 00:00:02.365828,1.0,2,0.8,0.00799792119476707,0.01687300274838559,50,90,COMPLETE,0.0,,,,,,,,,,,,,,,,,,,,
190,190,0.5446477656483154,2023-08-24 13:42:59.988230,2023-08-24 13:43:02.521628,0 days 00:00:02.533398,1.0,2,0.8,0.008055611203759545,0.016338339467167534,60,92,COMPLETE,0.0,,,,,,,,,,,,,,,,,,,,
191,191,0.5378045795643321,2023-08-24 13:43:00.096137,2023-08-24 13:43:02.757642,0 days 00:00:02.661505,1.0,2,0.8,0.007630225085388183,0.05604195343163279,60,90,COMPLETE,0.0,,,,,,,,,,,,,,,,,,,,
192,192,0.5450693616219949,2023-08-24 13:43:00.337057,2023-08-24 13:43:03.295687,0 days 00:00:02.958630,1.0,2,0.8,0.08909386728619632,0.043768311000395,60,229,COMPLETE,0.0,,,,,,,,,,,,,,,,,,,,
193,193,0.538201381951382,2023-08-24 13:43:01.484036,2023-08-24 13:43:03.895942,0 days 00:00:02.411906,1.0,2,0.8,0.08287965098544381,0.06429845501662614,60,91,COMPLETE,0.0,,,,,,,,,,,,,,,,,,,,
194,194,0.5407041367547972,2023-08-24 13:43:01.749682,2023-08-24 13:43:05.051073,0 days 00:00:03.301391,1.0,2,0.8,0.08268375365839375,0.06246137191410031,60,132,COMPLETE,0.0,,,,,,,,,,,,,,,,,,,,
195,195,0.5499594690116274,2023-08-24 13:43:01.853256,2023-08-24 13:43:04.589998,0 days 00:00:02.736742,1.0,2,0.8,0.04775994738615982,0.05948142184463192,60,132,COMPLETE,0.0,,,,,,,,,,,,,,,,,,,,
196,196,0.5051803004379384,2023-08-24 13:43:01.999155,2023-08-24 13:43:04.824586,0 days 00:00:02.825431,1.0,2,0.6000000000000001,0.058345274705980894,0.07194237501058308,60,97,COMPLETE,0.0,,,,,,,,,,,,,,,,,,,,
197,197,0.54764563594742,2023-08-24 13:43:02.342095,2023-08-24 13:43:04.727426,0 days 00:00:02.385331,1.0,2,0.8,0.0016283923874268204,0.006852361344195537,60,130,COMPLETE,0.0,,,,,,,,,,,,,,,,,,,,
198,198,0.5501858542798472,2023-08-24 13:43:02.566638,2023-08-24 13:43:05.284505,0 days 00:00:02.717867,1.0,2,0.8,0.00025124943488954207,0.007582077669503939,60,229,COMPLETE,0.0,,,,,,,,,,,,,,,,,,,,
199,199,0.5366618878430884,2023-08-24 13:43:02.802621,2023-08-24 13:43:05.602738,0 days 00:00:02.800117,1.0,2,0.8,0.004644495599280381,0.04349086388265626,60,224,COMPLETE,0.0,,,,,,,,,,,,,,,,,,,,
200,200,0.5405219780219781,2023-08-24 13:43:03.347095,2023-08-24 13:43:05.969535,0 days 00:00:02.622440,1.0,2,0.8,0.001487467723233145,0.0444068611454067,60,229,COMPLETE,0.0,,,,,,,,,,,,,,,,,,,,
201,201,0.5405219780219781,2023-08-24 13:43:03.944883,2023-08-24 13:43:06.597670,0 days 00:00:02.652787,1.0,2,0.8,0.0015455820065819793,0.04477463495921691,60,226,COMPLETE,0.0,,,,,,,,,,,,,,,,,,,,
202,202,0.5403273436719138,2023-08-24 13:43:04.636001,2023-08-24 13:43:07.179264,0 days 00:00:02.543263,1.0,2,0.8,0.05807004504180467,0.07365661821884062,60,223,COMPLETE,0.0,,,,,,,,,,,,,,,,,,,,
203,203,0.5384928951067955,2023-08-24 13:43:04.776485,2023-08-24 13:43:07.366953,0 days 00:00:02.590468,1.0,2,0.8,0.00017242629871858792,0.082000384881924,60,209,COMPLETE,0.0,,,,,,,,,,,,,,,,,,,,
204,204,0.5405219780219781,2023-08-24 13:43:04.886599,2023-08-24 13:43:07.720874,0 days 00:00:02.834275,1.0,2,0.8,0.0014983759119358868,0.05043394996881612,60,220,COMPLETE,0.0,,,,,,,,,,,,,,,,,,,,
205,205,0.5405219780219781,2023-08-24 13:43:05.100404,2023-08-24 13:43:08.437729,0 days 00:00:03.337325,1.0,2,0.8,0.0015551944750791912,0.044616488064218265,60,229,COMPLETE,0.0,,,,,,,,,,,,,,,,,,,,
206,206,0.54764563594742,2023-08-24 13:43:05.331525,2023-08-24 13:43:07.959521,0 days 00:00:02.627996,1.0,2,0.8,0.0015630572389653313,0.007649202073962198,60,223,COMPLETE,0.0,,,,,,,,,,,,,,,,,,,,
207,207,0.5397268841863859,2023-08-24 13:43:05.650815,2023-08-24 13:43:08.332086,0 days 00:00:02.681271,1.0,2,0.8,0.0012372209203973718,0.0033287455083630055,60,225,COMPLETE,0.0,,,,,,,,,,,,,,,,,,,,
208,208,0.5397268841863859,2023-08-24 13:43:06.018758,2023-08-24 13:43:08.660134,0 days 00:00:02.641376,1.0,2,0.8,0.00035994225083680833,0.007053542886646474,60,224,COMPLETE,0.0,,,,,,,,,,,,,,,,,,,,
209,209,0.5530939996538436,2023-08-24 13:43:06.644390,2023-08-24 13:43:09.202371,0 days 00:00:02.557981,1.0,2,0.8,0.00012972282341586308,0.006444647606517676,60,232,COMPLETE,0.0,,,,,,,,,,,,,,,,,,,,
