,number,value,datetime_start,datetime_complete,duration,params_bagging_fraction,params_bagging_freq,params_feature_fraction,params_lambda_l1,params_lambda_l2,params_min_child_samples,params_num_leaves,state,best_trial,dev_acc,dev_recall_macro,dev_precision_macro,dev_f1_macro,dev_recall_0,dev_precision_0,dev_f1_0,dev_recall_1,dev_precision_1,dev_f1_1,test_acc,test_recall_macro,test_precision_macro,test_f1_macro,test_recall_0,test_precision_0,test_f1_0,test_recall_1,test_precision_1,test_f1_1
0,0,0.6181933866769498,2023-08-24 12:36:32.428710,2023-08-24 12:36:34.762567,0 days 00:00:02.333857,0.9,2,0.6000000000000001,0.008684716874037917,0.00015534035836877426,70,178,COMPLETE,0.0,,,,,,,,,,,,,,,,,,,,
1,1,0.6064876086674452,2023-08-24 12:36:32.431292,2023-08-24 12:36:33.274043,0 days 00:00:00.842751,1.0,1,0.4,1.2283561034500648e-08,0.06840628050324786,70,24,COMPLETE,0.0,,,,,,,,,,,,,,,,,,,,
2,2,0.6043223726627982,2023-08-24 12:36:32.433436,2023-08-24 12:36:34.162888,0 days 00:00:01.729452,0.9,3,0.7000000000000001,4.224025553988382e-05,0.9167772119539868,30,57,COMPLETE,0.0,,,,,,,,,,,,,,,,,,,,
3,3,0.6248142941118209,2023-08-24 12:36:32.435627,2023-08-24 12:36:34.370184,0 days 00:00:01.934557,0.6000000000000001,2,0.4,0.37267040538567386,0.009145509105841434,80,57,COMPLETE,0.0,,,,,,,,,,,,,,,,,,,,
4,4,0.6138050470064325,2023-08-24 12:36:32.441884,2023-08-24 12:36:34.974044,0 days 00:00:02.532160,0.9,2,0.7000000000000001,2.5271161524481178e-05,0.00010296733933143451,100,144,COMPLETE,0.0,,,,,,,,,,,,,,,,,,,,
5,5,0.6005805694521648,2023-08-24 12:36:32.448352,2023-08-24 12:36:33.219639,0 days 00:00:00.771287,0.4,2,1.0,1.7063967524407166e-08,0.021291626785530388,100,255,COMPLETE,0.0,,,,,,,,,,,,,,,,,,,,
6,6,0.6176626185005696,2023-08-24 12:36:32.453900,2023-08-24 12:36:34.087966,0 days 00:00:01.634066,0.9,3,0.5,0.3761883382963301,2.7263762001701578e-05,80,177,COMPLETE,0.0,,,,,,,,,,,,,,,,,,,,
7,7,0.6087512975294525,2023-08-24 12:36:32.455150,2023-08-24 12:36:35.977617,0 days 00:00:03.522467,1.0,1,0.7000000000000001,0.012762233166035504,0.003982533905033864,50,135,COMPLETE,0.0,,,,,,,,,,,,,,,,,,,,
8,8,0.6141269256491786,2023-08-24 12:36:33.267834,2023-08-24 12:36:38.627938,0 days 00:00:05.360104,0.5,3,0.6000000000000001,0.007419158124550864,0.0005095952939093104,10,188,COMPLETE,0.0,,,,,,,,,,,,,,,,,,,,
9,9,0.6234581527653527,2023-08-24 12:36:33.325407,2023-08-24 12:36:34.427174,0 days 00:00:01.101767,0.4,2,0.6000000000000001,2.6188590280083866e-07,3.87889081712112e-06,80,107,COMPLETE,0.0,,,,,,,,,,,,,,,,,,,,
10,10,0.6270518035223918,2023-08-24 12:36:34.146769,2023-08-24 12:36:35.079825,0 days 00:00:00.933056,0.5,2,0.8,0.12101567508121756,0.010363022494359591,70,16,COMPLETE,0.0,,,,,,,,,,,,,,,,,,,,
11,11,0.605226192537859,2023-08-24 12:36:34.209860,2023-08-24 12:36:35.635875,0 days 00:00:01.426015,0.4,3,0.4,1.0477413538743605e-06,6.354772912174271e-08,60,108,COMPLETE,0.0,,,,,,,,,,,,,,,,,,,,
12,12,0.6092860271572492,2023-08-24 12:36:34.412373,2023-08-24 12:36:37.187890,0 days 00:00:02.775517,0.9,2,0.9,5.077298021685179e-06,0.004591462984010755,60,116,COMPLETE,0.0,,,,,,,,,,,,,,,,,,,,
13,13,0.6086346086346087,2023-08-24 12:36:34.473610,2023-08-24 12:36:35.885159,0 days 00:00:01.411549,0.8,3,0.4,0.32016465709060893,4.803981875035184e-07,80,42,COMPLETE,0.0,,,,,,,,,,,,,,,,,,,,
14,14,0.6254788096453093,2023-08-24 12:36:34.812893,2023-08-24 12:36:37.402649,0 days 00:00:02.589756,0.9,3,0.5,1.7244180121107295e-08,1.7069448490476503e-05,70,104,COMPLETE,0.0,,,,,,,,,,,,,,,,,,,,
15,15,0.616160759817239,2023-08-24 12:36:35.027210,2023-08-24 12:36:37.477611,0 days 00:00:02.450401,0.4,3,0.6000000000000001,2.3705779411251937e-06,1.071985417453526e-05,20,64,COMPLETE,0.0,,,,,,,,,,,,,,,,,,,,
16,16,0.6207439149238989,2023-08-24 12:36:35.124065,2023-08-24 12:36:38.330137,0 days 00:00:03.206072,0.9,1,0.9,0.04645585538889436,0.0051299154940465325,50,126,COMPLETE,0.0,,,,,,,,,,,,,,,,,,,,
17,17,0.6111171662125341,2023-08-24 12:36:35.680116,2023-08-24 12:36:36.193778,0 days 00:00:00.513662,0.6000000000000001,1,0.9,0.004203568482061039,0.0020490235969379414,20,6,COMPLETE,0.0,,,,,,,,,,,,,,,,,,,,
18,18,0.6041264751967683,2023-08-24 12:36:35.932876,2023-08-24 12:36:36.685587,0 days 00:00:00.752711,0.6000000000000001,1,0.9,0.008485580283713101,0.0024375245983063953,40,8,COMPLETE,0.0,,,,,,,,,,,,,,,,,,,,
19,19,0.6067400767716102,2023-08-24 12:36:36.026510,2023-08-24 12:36:36.441624,0 days 00:00:00.415114,0.6000000000000001,1,0.9,0.011184672306962788,0.0021058061901651033,40,4,COMPLETE,0.0,,,,,,,,,,,,,,,,,,,,
20,20,0.6283849465352034,2023-08-24 12:36:36.236226,2023-08-24 12:36:38.509811,0 days 00:00:02.273585,0.6000000000000001,2,0.9,0.9982889206068022,0.0024338108666051763,50,70,COMPLETE,0.0,,,,,,,,,,,,,,,,,,,,
21,21,0.6204683398950132,2023-08-24 12:36:36.484901,2023-08-24 12:36:38.077456,0 days 00:00:01.592555,0.6000000000000001,2,0.8,0.8784181186430219,0.2578892445226572,90,64,COMPLETE,0.0,,,,,,,,,,,,,,,,,,,,
22,22,0.6207013854527461,2023-08-24 12:36:36.738741,2023-08-24 12:36:37.990968,0 days 00:00:01.252227,0.5,2,0.8,0.4649220059149265,0.19517974884376021,90,72,COMPLETE,0.0,,,,,,,,,,,,,,,,,,,,
23,23,0.6198608377628664,2023-08-24 12:36:37.233910,2023-08-24 12:36:38.690998,0 days 00:00:01.457088,0.5,2,0.8,0.7125114716207741,0.15740395998754472,90,73,COMPLETE,0.0,,,,,,,,,,,,,,,,,,,,
24,24,0.619917006076752,2023-08-24 12:36:37.457085,2023-08-24 12:36:40.518416,0 days 00:00:03.061331,0.7000000000000001,3,0.8,0.00040821277500162784,1.3486009481265451e-05,10,88,COMPLETE,0.0,,,,,,,,,,,,,,,,,,,,
25,25,0.6136071210514477,2023-08-24 12:36:37.538788,2023-08-24 12:36:39.248570,0 days 00:00:01.709782,0.7000000000000001,3,0.8,0.0004998812080686092,1.2712017138296267e-08,90,84,COMPLETE,0.0,,,,,,,,,,,,,,,,,,,,
26,26,0.6166689115947328,2023-08-24 12:36:38.037772,2023-08-24 12:36:40.405443,0 days 00:00:02.367671,0.7000000000000001,3,0.8,0.0002678141012285433,0.00013385875934545077,70,244,COMPLETE,0.0,,,,,,,,,,,,,,,,,,,,
27,27,0.6107858830996169,2023-08-24 12:36:38.125334,2023-08-24 12:36:40.839843,0 days 00:00:02.714509,0.7000000000000001,3,0.5,0.0005880832918789642,0.0003201980331218462,50,246,COMPLETE,0.0,,,,,,,,,,,,,,,,,,,,
28,28,0.6094872653292474,2023-08-24 12:36:38.374387,2023-08-24 12:36:40.188355,0 days 00:00:01.813968,0.7000000000000001,2,0.5,0.0004725775231154605,0.000550870342424056,70,89,COMPLETE,0.0,,,,,,,,,,,,,,,,,,,,
29,29,0.6189574554061075,2023-08-24 12:36:38.555567,2023-08-24 12:36:41.037650,0 days 00:00:02.482083,0.7000000000000001,2,0.8,0.0008349571134205428,0.00047162958691853547,70,89,COMPLETE,0.0,,,,,,,,,,,,,,,,,,,,
30,30,0.6189574554061075,2023-08-24 12:36:38.672310,2023-08-24 12:36:40.952552,0 days 00:00:02.280242,0.7000000000000001,2,0.8,0.0006631911686709082,0.0003578841111502777,70,86,COMPLETE,0.0,,,,,,,,,,,,,,,,,,,,
31,31,0.6023111495959097,2023-08-24 12:36:38.735137,2023-08-24 12:36:39.782218,0 days 00:00:01.047081,0.7000000000000001,2,1.0,0.00100539073795779,0.0005998298484073224,70,33,COMPLETE,0.0,,,,,,,,,,,,,,,,,,,,
32,32,0.6220164260289381,2023-08-24 12:36:39.296497,2023-08-24 12:36:40.782225,0 days 00:00:01.485728,0.7000000000000001,2,1.0,0.000382156001686255,0.0004066347731000745,70,33,COMPLETE,0.0,,,,,,,,,,,,,,,,,,,,
33,33,0.6198608377628664,2023-08-24 12:36:39.823517,2023-08-24 12:36:42.110429,0 days 00:00:02.286912,0.8,2,0.5,0.06195036434331056,0.020248728874174258,60,92,COMPLETE,0.0,,,,,,,,,,,,,,,,,,,,
34,34,0.6081989532977048,2023-08-24 12:36:40.231745,2023-08-24 12:36:42.563809,0 days 00:00:02.332064,0.8,2,0.5,0.05931730515169935,0.02507874255678167,60,94,COMPLETE,0.0,,,,,,,,,,,,,,,,,,,,
35,35,0.6252772868157483,2023-08-24 12:36:40.446206,2023-08-24 12:36:43.177131,0 days 00:00:02.730925,0.8,2,0.5,0.0980097279574182,0.02568667108367136,60,94,COMPLETE,0.0,,,,,,,,,,,,,,,,,,,,
36,36,0.6234581527653527,2023-08-24 12:36:40.562155,2023-08-24 12:36:41.991533,0 days 00:00:01.429378,0.5,2,0.5,0.0836154774629496,0.01959931026073882,60,156,COMPLETE,0.0,,,,,,,,,,,,,,,,,,,,
37,37,0.6244685851839225,2023-08-24 12:36:40.828232,2023-08-24 12:36:43.413750,0 days 00:00:02.585518,0.8,2,0.5,0.04083154637397741,0.031145602100201335,60,151,COMPLETE,0.0,,,,,,,,,,,,,,,,,,,,
38,38,0.6251921552808603,2023-08-24 12:36:40.883024,2023-08-24 12:36:42.838555,0 days 00:00:01.955531,0.8,2,0.5,0.08933609374326128,0.019076259465505327,60,47,COMPLETE,0.0,,,,,,,,,,,,,,,,,,,,
39,39,0.621713803989002,2023-08-24 12:36:41.004347,2023-08-24 12:36:43.071578,0 days 00:00:02.067231,0.8,2,0.4,0.09210913164986022,0.017356797513238587,60,48,COMPLETE,0.0,,,,,,,,,,,,,,,,,,,,
40,40,0.6181250805931657,2023-08-24 12:36:41.086117,2023-08-24 12:36:42.296440,0 days 00:00:01.210323,0.5,2,0.4,0.10900852389674931,0.021050800809030448,60,51,COMPLETE,0.0,,,,,,,,,,,,,,,,,,,,
41,41,0.6110513765052796,2023-08-24 12:36:42.034502,2023-08-24 12:36:44.592173,0 days 00:00:02.557671,0.8,2,0.4,0.10459848341931476,0.021990715692049967,80,53,COMPLETE,0.0,,,,,,,,,,,,,,,,,,,,
42,42,0.6212401951701563,2023-08-24 12:36:42.153952,2023-08-24 12:36:43.987987,0 days 00:00:01.834035,0.8,2,0.4,0.13821808333238705,0.058016172813972124,80,46,COMPLETE,0.0,,,,,,,,,,,,,,,,,,,,
43,43,0.6241832092638544,2023-08-24 12:36:42.344455,2023-08-24 12:36:43.489860,0 days 00:00:01.145405,0.8,2,0.4,5.9060940662094327e-05,5.122209056531127e-05,80,20,COMPLETE,0.0,,,,,,,,,,,,,,,,,,,,
44,44,0.6081989532977048,2023-08-24 12:36:42.606653,2023-08-24 12:36:43.741860,0 days 00:00:01.135207,1.0,2,0.7000000000000001,0.24637424728740934,0.009524786272716636,80,19,COMPLETE,0.0,,,,,,,,,,,,,,,,,,,,
45,45,0.6041264751967683,2023-08-24 12:36:42.897368,2023-08-24 12:36:43.922884,0 days 00:00:01.025516,1.0,2,0.7000000000000001,0.2102262368585908,0.06743185045455159,40,17,COMPLETE,0.0,,,,,,,,,,,,,,,,,,,,
46,46,0.6321116847218289,2023-08-24 12:36:43.115304,2023-08-24 12:36:44.318804,0 days 00:00:01.203500,1.0,1,0.7000000000000001,0.027666870072543818,0.09226390832381719,40,22,COMPLETE,0.0,,,,,,,,,,,,,,,,,,,,
47,47,0.6216882940020623,2023-08-24 12:36:43.237356,2023-08-24 12:36:44.276188,0 days 00:00:01.038832,1.0,1,0.7000000000000001,0.2362174267851737,0.8558945119884992,40,19,COMPLETE,0.0,,,,,,,,,,,,,,,,,,,,
48,48,0.6028760834208304,2023-08-24 12:36:43.460314,2023-08-24 12:36:46.675632,0 days 00:00:03.215318,1.0,2,0.7000000000000001,0.2216745488510214,0.056296478462396084,40,108,COMPLETE,0.0,,,,,,,,,,,,,,,,,,,,
49,49,0.6107451554214605,2023-08-24 12:36:43.533981,2023-08-24 12:36:44.544758,0 days 00:00:01.010777,1.0,2,0.7000000000000001,0.18865132978569743,0.07703222044574612,40,21,COMPLETE,0.0,,,,,,,,,,,,,,,,,,,,
50,50,0.6220164260289381,2023-08-24 12:36:43.787103,2023-08-24 12:36:47.062134,0 days 00:00:03.275031,1.0,2,0.6000000000000001,0.19841355212167844,0.0013343249164738413,40,110,COMPLETE,0.0,,,,,,,,,,,,,,,,,,,,
51,51,0.6087430760691093,2023-08-24 12:36:43.967108,2023-08-24 12:36:45.584076,0 days 00:00:01.616968,0.9,2,0.6000000000000001,0.9896770653970729,0.7573106678352962,50,39,COMPLETE,0.0,,,,,,,,,,,,,,,,,,,,
52,52,0.6171145797213913,2023-08-24 12:36:44.038193,2023-08-24 12:36:46.546832,0 days 00:00:02.508639,0.9,1,0.6000000000000001,0.979089246589606,0.872935825078195,50,110,COMPLETE,0.0,,,,,,,,,,,,,,,,,,,,
53,53,0.6291442215486005,2023-08-24 12:36:44.316406,2023-08-24 12:36:47.363243,0 days 00:00:03.046837,0.9,2,0.6000000000000001,0.907566144259658,0.0076298668367979034,50,110,COMPLETE,0.0,,,,,,,,,,,,,,,,,,,,
54,54,0.616160759817239,2023-08-24 12:36:44.375329,2023-08-24 12:36:47.639899,0 days 00:00:03.264570,0.9,1,0.6000000000000001,0.028037534788179882,0.00931443377461824,50,117,COMPLETE,0.0,,,,,,,,,,,,,,,,,,,,
55,55,0.6192036552018553,2023-08-24 12:36:44.588278,2023-08-24 12:36:47.859692,0 days 00:00:03.271414,0.9,1,0.6000000000000001,0.9311751330956541,0.006721186394276627,50,131,COMPLETE,0.0,,,,,,,,,,,,,,,,,,,,
56,56,0.6199589391101757,2023-08-24 12:36:44.644774,2023-08-24 12:36:48.138445,0 days 00:00:03.493671,0.9,1,0.6000000000000001,0.02433478027377056,0.0011641272492667316,30,113,COMPLETE,0.0,,,,,,,,,,,,,,,,,,,,
57,57,0.6115062675243279,2023-08-24 12:36:45.632528,2023-08-24 12:36:48.793332,0 days 00:00:03.160804,0.9,1,0.6000000000000001,0.025404812855251927,0.006532805115949545,30,112,COMPLETE,0.0,,,,,,,,,,,,,,,,,,,,
58,58,0.6276186475838885,2023-08-24 12:36:46.594694,2023-08-24 12:36:49.590891,0 days 00:00:02.996197,0.9,1,0.6000000000000001,0.019922945923663164,0.007639180023051425,50,122,COMPLETE,0.0,,,,,,,,,,,,,,,,,,,,
59,59,0.6248142941118209,2023-08-24 12:36:46.721877,2023-08-24 12:36:48.983181,0 days 00:00:02.261304,0.9,1,0.6000000000000001,0.02863546495289762,0.007883572766766279,30,63,COMPLETE,0.0,,,,,,,,,,,,,,,,,,,,
60,60,0.6204865194897009,2023-08-24 12:36:47.108408,2023-08-24 12:36:49.517796,0 days 00:00:02.409388,0.9,1,0.9,0.0371643175192694,0.008162072886429648,30,62,COMPLETE,0.0,,,,,,,,,,,,,,,,,,,,
61,61,0.6247496541614188,2023-08-24 12:36:47.413710,2023-08-24 12:36:50.979662,0 days 00:00:03.565952,0.9,1,0.6000000000000001,0.023410677307462994,0.007563531862464362,50,125,COMPLETE,0.0,,,,,,,,,,,,,,,,,,,,
62,62,0.6070408433509247,2023-08-24 12:36:47.681637,2023-08-24 12:36:50.183898,0 days 00:00:02.502261,0.9,3,0.6000000000000001,0.4564248555756616,0.005125101921600054,30,72,COMPLETE,0.0,,,,,,,,,,,,,,,,,,,,
63,63,0.6232700677293914,2023-08-24 12:36:47.907841,2023-08-24 12:36:50.442116,0 days 00:00:02.534275,0.9,3,0.9,0.38323248477095834,0.0032750996070585385,30,75,COMPLETE,0.0,,,,,,,,,,,,,,,,,,,,
64,64,0.6128308641358833,2023-08-24 12:36:48.185158,2023-08-24 12:36:50.865451,0 days 00:00:02.680293,0.6000000000000001,3,0.9,0.42861410542166456,0.003390266973103119,30,71,COMPLETE,0.0,,,,,,,,,,,,,,,,,,,,
65,65,0.6125153554537803,2023-08-24 12:36:48.836597,2023-08-24 12:36:51.222704,0 days 00:00:02.386107,0.6000000000000001,3,0.9,0.57072956072872,0.003990429012361909,30,71,COMPLETE,0.0,,,,,,,,,,,,,,,,,,,,
66,66,0.6015883742333262,2023-08-24 12:36:49.032690,2023-08-24 12:36:51.569169,0 days 00:00:02.536479,0.6000000000000001,3,0.9,0.4427814335450658,0.0028958322139044095,50,76,COMPLETE,0.0,,,,,,,,,,,,,,,,,,,,
67,67,0.6087859777272797,2023-08-24 12:36:49.563522,2023-08-24 12:36:52.037672,0 days 00:00:02.474150,0.6000000000000001,3,0.9,0.47618569548749334,6.661151999552516e-05,50,75,COMPLETE,0.0,,,,,,,,,,,,,,,,,,,,
68,68,0.6136071210514477,2023-08-24 12:36:49.643128,2023-08-24 12:36:51.925286,0 days 00:00:02.282158,0.6000000000000001,3,0.5,0.5600076739387609,0.003180740188991944,50,100,COMPLETE,0.0,,,,,,,,,,,,,,,,,,,,
69,69,0.6021414569876924,2023-08-24 12:36:50.226224,2023-08-24 12:36:52.229729,0 days 00:00:02.003505,0.6000000000000001,3,0.5,0.40290473170439733,0.0029221942313647285,50,98,COMPLETE,0.0,,,,,,,,,,,,,,,,,,,,
70,70,0.6240134161228075,2023-08-24 12:36:50.487393,2023-08-24 12:36:52.789373,0 days 00:00:02.301980,0.6000000000000001,1,0.5,0.003790694768179367,0.0027898388092547437,50,100,COMPLETE,0.0,,,,,,,,,,,,,,,,,,,,
71,71,0.6082715687936269,2023-08-24 12:36:50.908865,2023-08-24 12:36:52.607225,0 days 00:00:01.698360,0.4,1,0.5,2.4157601773084846e-08,0.0011666159599993812,50,124,COMPLETE,0.0,,,,,,,,,,,,,,,,,,,,
72,72,0.5936940275461676,2023-08-24 12:36:51.035063,2023-08-24 12:36:54.607031,0 days 00:00:03.571968,1.0,1,0.5,0.003941004416736103,0.0016242412516135555,50,144,COMPLETE,0.0,,,,,,,,,,,,,,,,,,,,
73,73,0.6171145797213913,2023-08-24 12:36:51.268791,2023-08-24 12:36:52.900845,0 days 00:00:01.632054,0.4,1,0.5,0.0041845870146896,0.0014248246212135007,50,165,COMPLETE,0.0,,,,,,,,,,,,,,,,,,,,
74,74,0.6222552597197819,2023-08-24 12:36:51.613161,2023-08-24 12:36:53.046090,0 days 00:00:01.432929,0.5,1,0.7000000000000001,4.416338621745808e-08,0.11905461922040746,70,139,COMPLETE,0.0,,,,,,,,,,,,,,,,,,,,
75,75,0.6019225738277583,2023-08-24 12:36:51.976144,2023-08-24 12:36:53.903266,0 days 00:00:01.927122,0.5,1,0.8,0.004814121420794848,0.0014512269280540602,70,139,COMPLETE,0.0,,,,,,,,,,,,,,,,,,,,
76,76,0.6222667077302124,2023-08-24 12:36:52.085369,2023-08-24 12:36:53.408066,0 days 00:00:01.322697,0.4,1,0.8,0.012279290436852629,0.00018554844356720112,70,144,COMPLETE,0.0,,,,,,,,,,,,,,,,,,,,
77,77,0.6067277226131946,2023-08-24 12:36:52.274234,2023-08-24 12:36:53.555062,0 days 00:00:01.280828,0.4,1,0.8,1.0688548370342422e-08,0.00019526916838149842,70,137,COMPLETE,0.0,,,,,,,,,,,,,,,,,,,,
78,78,0.6258312231074876,2023-08-24 12:36:52.648379,2023-08-24 12:36:55.188123,0 days 00:00:02.539744,0.8,2,0.5,0.00532317807098603,0.11743838039964938,70,141,COMPLETE,0.0,,,,,,,,,,,,,,,,,,,,
79,79,0.5919387174572566,2023-08-24 12:36:52.834318,2023-08-24 12:36:53.606905,0 days 00:00:00.772587,0.5,2,0.5,0.06405634623254429,0.03269291327570633,70,9,COMPLETE,0.0,,,,,,,,,,,,,,,,,,,,
80,80,0.6211551445253853,2023-08-24 12:36:52.945102,2023-08-24 12:36:54.361808,0 days 00:00:01.416706,0.8,2,0.7000000000000001,0.10625660606335038,0.01220988062334266,70,36,COMPLETE,0.0,,,,,,,,,,,,,,,,,,,,
81,81,0.626039227827119,2023-08-24 12:36:53.089432,2023-08-24 12:36:54.711266,0 days 00:00:01.621834,0.8,2,0.8,0.06674940331044467,0.03873337300332449,60,30,COMPLETE,0.0,,,,,,,,,,,,,,,,,,,,
82,82,0.6215861059231935,2023-08-24 12:36:53.450717,2023-08-24 12:36:54.652481,0 days 00:00:01.201764,0.8,2,0.5,0.061058323599660506,0.03909913763911032,60,28,COMPLETE,0.0,,,,,,,,,,,,,,,,,,,,
83,83,0.6194695723684212,2023-08-24 12:36:53.597144,2023-08-24 12:36:55.112091,0 days 00:00:01.514947,0.8,2,0.5,0.07097327775645762,0.011642401757363635,60,32,COMPLETE,0.0,,,,,,,,,,,,,,,,,,,,
84,84,0.6235357091388221,2023-08-24 12:36:53.656372,2023-08-24 12:36:55.290649,0 days 00:00:01.634277,0.8,2,0.7000000000000001,0.131897161161453,0.015382586932141389,60,32,COMPLETE,0.0,,,,,,,,,,,,,,,,,,,,
85,85,0.6116503349245208,2023-08-24 12:36:53.947063,2023-08-24 12:36:55.410860,0 days 00:00:01.463797,0.8,2,0.7000000000000001,0.13498675469621338,0.011265512696861948,60,32,COMPLETE,0.0,,,,,,,,,,,,,,,,,,,,
86,86,0.6137466810487886,2023-08-24 12:36:54.403805,2023-08-24 12:36:55.620547,0 days 00:00:01.216742,0.8,2,0.5,0.1263242363691524,0.03719922945515353,60,28,COMPLETE,0.0,,,,,,,,,,,,,,,,,,,,
87,87,0.5921310579343765,2023-08-24 12:36:54.648133,2023-08-24 12:36:55.072101,0 days 00:00:00.423968,0.8,2,0.5,0.14325099092413948,0.014172004718052132,60,2,COMPLETE,0.0,,,,,,,,,,,,,,,,,,,,
88,88,0.6219866734162606,2023-08-24 12:36:54.698423,2023-08-24 12:36:56.757353,0 days 00:00:02.058930,0.8,2,0.4,0.13562004725476154,0.013333529265765535,60,43,COMPLETE,0.0,,,,,,,,,,,,,,,,,,,,
89,89,0.6186758002626768,2023-08-24 12:36:54.759431,2023-08-24 12:36:56.472114,0 days 00:00:01.712683,0.8,2,1.0,0.11135132692827272,0.04770559646217841,60,30,COMPLETE,0.0,,,,,,,,,,,,,,,,,,,,
90,90,0.6131210315522124,2023-08-24 12:36:55.158947,2023-08-24 12:36:56.376778,0 days 00:00:01.217831,0.8,2,1.0,0.1446561145334545,0.04128883660686556,60,11,COMPLETE,0.0,,,,,,,,,,,,,,,,,,,,
91,91,0.6158246292714378,2023-08-24 12:36:55.164247,2023-08-24 12:36:56.213753,0 days 00:00:01.049506,0.8,2,1.0,0.12275757289993044,0.01960076594415785,60,12,COMPLETE,0.0,,,,,,,,,,,,,,,,,,,,
92,92,0.6260910264520874,2023-08-24 12:36:55.240507,2023-08-24 12:36:58.455491,0 days 00:00:03.214984,0.8,2,1.0,0.014467760446931495,0.1101859258016964,60,120,COMPLETE,0.0,,,,,,,,,,,,,,,,,,,,
93,93,0.6168340395890173,2023-08-24 12:36:55.343409,2023-08-24 12:36:57.720580,0 days 00:00:02.377171,0.7000000000000001,2,0.8,0.01590280906889773,0.10677543892856928,80,120,COMPLETE,0.0,,,,,,,,,,,,,,,,,,,,
94,94,0.6110460113269338,2023-08-24 12:36:55.463953,2023-08-24 12:36:59.438887,0 days 00:00:03.974934,0.7000000000000001,2,0.8,0.044172734618654785,0.036394347741161806,40,197,COMPLETE,0.0,,,,,,,,,,,,,,,,,,,,
95,95,0.6230001649348508,2023-08-24 12:36:55.670028,2023-08-24 12:36:57.618706,0 days 00:00:01.948678,0.7000000000000001,2,1.0,0.01727941576972582,0.29487259836299146,80,207,COMPLETE,0.0,,,,,,,,,,,,,,,,,,,,
96,96,0.6168340395890173,2023-08-24 12:36:56.261750,2023-08-24 12:36:58.068512,0 days 00:00:01.806762,0.7000000000000001,2,0.8,0.016243624051619186,0.11590820132219488,80,119,COMPLETE,0.0,,,,,,,,,,,,,,,,,,,,
97,97,0.599007139885334,2023-08-24 12:36:56.419799,2023-08-24 12:36:59.254884,0 days 00:00:02.835085,0.7000000000000001,2,0.8,0.01652096785845441,0.10135497676772319,40,82,COMPLETE,0.0,,,,,,,,,,,,,,,,,,,,
98,98,0.6148149675875857,2023-08-24 12:36:56.531232,2023-08-24 12:36:59.319255,0 days 00:00:02.788023,0.7000000000000001,2,0.4,0.015811968961470357,0.07188639176401501,40,119,COMPLETE,0.0,,,,,,,,,,,,,,,,,,,,
99,99,0.6204683398950132,2023-08-24 12:36:56.802631,2023-08-24 12:36:58.680027,0 days 00:00:01.877396,0.7000000000000001,2,0.6000000000000001,0.3005645993724318,0.08419391005085931,80,120,COMPLETE,0.0,,,,,,,,,,,,,,,,,,,,
100,100,0.6115062675243279,2023-08-24 12:36:57.679303,2023-08-24 12:36:59.980335,0 days 00:00:02.301032,1.0,2,0.6000000000000001,0.008617987992523488,0.10545271676878587,40,56,COMPLETE,0.0,,,,,,,,,,,,,,,,,,,,
101,101,0.6104969066507975,2023-08-24 12:36:57.774578,2023-08-24 12:37:00.625833,0 days 00:00:02.851255,1.0,2,0.6000000000000001,0.045551755570282335,0.02466886719123355,40,83,COMPLETE,0.0,,,,,,,,,,,,,,,,,,,,
102,102,0.6178432060785002,2023-08-24 12:36:58.112679,2023-08-24 12:37:00.675865,0 days 00:00:02.563186,1.0,2,0.6000000000000001,0.03887515252474053,0.0248506997296895,40,81,COMPLETE,0.0,,,,,,,,,,,,,,,,,,,,
103,103,0.6018671561370088,2023-08-24 12:36:58.498595,2023-08-24 12:37:01.194576,0 days 00:00:02.695981,1.0,2,0.8,0.007527088578659312,0.07117511270350962,40,82,COMPLETE,0.0,,,,,,,,,,,,,,,,,,,,
