,number,value,datetime_start,datetime_complete,duration,params_bagging_fraction,params_bagging_freq,params_feature_fraction,params_lambda_l1,params_lambda_l2,params_min_child_samples,params_num_leaves,state,best_trial,dev_acc,dev_recall_macro,dev_precision_macro,dev_f1_macro,dev_recall_0,dev_precision_0,dev_f1_0,dev_recall_1,dev_precision_1,dev_f1_1,test_acc,test_recall_macro,test_precision_macro,test_f1_macro,test_recall_0,test_precision_0,test_f1_0,test_recall_1,test_precision_1,test_f1_1
212,212,0.8261092659626077,2023-08-23 22:27:55.123629,2023-08-23 22:28:02.111031,0 days 00:00:06.987402,0.9,2,1.0,1.587300225163545e-08,0.02961237436930255,40,186,COMPLETE,0.0,,,,,,,,,,,,,,,,,,,,
213,213,0.8241243124497226,2023-08-23 22:27:55.580535,2023-08-23 22:28:02.489809,0 days 00:00:06.909274,0.9,2,1.0,6.707627166224166e-08,0.0009608423631364274,40,188,COMPLETE,0.0,,,,,,,,,,,,,,,,,,,,
214,214,0.821250284592445,2023-08-23 22:27:56.163346,2023-08-23 22:28:02.914818,0 days 00:00:06.751472,0.9,2,1.0,7.561973572594051e-08,0.0010297077655018268,40,181,COMPLETE,0.0,,,,,,,,,,,,,,,,,,,,
215,215,0.8255781101672593,2023-08-23 22:27:56.392158,2023-08-23 22:28:02.799318,0 days 00:00:06.407160,0.9,2,1.0,2.3893220990131132e-08,0.00015161828449177488,50,185,COMPLETE,0.0,,,,,,,,,,,,,,,,,,,,
216,216,0.82510731015434,2023-08-23 22:27:56.514431,2023-08-23 22:27:58.952459,0 days 00:00:02.438028,0.4,2,1.0,2.1971480048888203e-08,0.0008882409115736883,50,183,COMPLETE,0.0,,,,,,,,,,,,,,,,,,,,
217,217,0.8275107626861817,2023-08-23 22:27:57.616440,2023-08-23 22:28:04.463895,0 days 00:00:06.847455,0.9,2,1.0,1.3516206362631977e-08,0.0008707249515566259,40,186,COMPLETE,0.0,,,,,,,,,,,,,,,,,,,,
218,218,0.8236538505055708,2023-08-23 22:27:59.010832,2023-08-23 22:28:05.476179,0 days 00:00:06.465347,0.9,2,1.0,2.9312540702571245e-08,0.0015790896391995604,40,188,COMPLETE,0.0,,,,,,,,,,,,,,,,,,,,
219,219,0.8246031088687333,2023-08-23 22:28:01.020339,2023-08-23 22:28:08.027141,0 days 00:00:07.006802,0.9,2,1.0,1.0078271045784704e-07,0.00164431158284558,40,194,COMPLETE,0.0,,,,,,,,,,,,,,,,,,,,
220,220,0.8318786460491103,2023-08-23 22:28:01.667777,2023-08-23 22:28:07.204003,0 days 00:00:05.536226,0.9,2,1.0,1.0038960970681618e-08,0.0016198533940521222,50,178,COMPLETE,0.0,,,,,,,,,,,,,,,,,,,,
221,221,0.828994362743726,2023-08-23 22:28:02.169749,2023-08-23 22:28:07.925458,0 days 00:00:05.755709,0.9,2,1.0,1.3492766679921986e-08,0.0016005903327508098,50,169,COMPLETE,0.0,,,,,,,,,,,,,,,,,,,,
222,222,0.8212339377198794,2023-08-23 22:28:02.549717,2023-08-23 22:28:08.113295,0 days 00:00:05.563578,0.9,2,1.0,1.5307012380116136e-08,0.0017246914642664274,50,179,COMPLETE,0.0,,,,,,,,,,,,,,,,,,,,
223,223,0.8275344215259189,2023-08-23 22:28:02.854618,2023-08-23 22:28:08.398212,0 days 00:00:05.543594,0.9,2,1.0,1.0135517655626362e-08,0.0014291020059421923,50,194,COMPLETE,0.0,,,,,,,,,,,,,,,,,,,,
224,224,0.8270056036317208,2023-08-23 22:28:02.964822,2023-08-23 22:28:09.003967,0 days 00:00:06.039145,0.9,2,1.0,1.3764563865312503e-08,0.0017769416207089694,50,195,COMPLETE,0.0,,,,,,,,,,,,,,,,,,,,
225,225,0.8207550096919637,2023-08-23 22:28:04.520946,2023-08-23 22:28:06.391343,0 days 00:00:01.870397,0.5,2,0.8,0.002280214599400645,0.0018668243046708625,50,32,COMPLETE,0.0,,,,,,,,,,,,,,,,,,,,
226,226,0.8265954099697336,2023-08-23 22:28:05.538737,2023-08-23 22:28:10.489760,0 days 00:00:04.951023,0.9,2,0.8,1.0987166768607523e-08,0.0016314676331309213,50,170,COMPLETE,0.0,,,,,,,,,,,,,,,,,,,,
227,227,0.8241328468379354,2023-08-23 22:28:06.448650,2023-08-23 22:28:12.085133,0 days 00:00:05.636483,0.9,2,1.0,3.377816135031279e-06,0.0014867245147601863,50,171,COMPLETE,0.0,,,,,,,,,,,,,,,,,,,,
228,228,0.8255214477665409,2023-08-23 22:28:07.258635,2023-08-23 22:28:13.024199,0 days 00:00:05.765564,0.9,2,1.0,1.0852054252213908e-08,0.0033480259129343667,50,171,COMPLETE,0.0,,,,,,,,,,,,,,,,,,,,
229,229,0.8255943856597687,2023-08-23 22:28:07.978544,2023-08-23 22:28:13.687640,0 days 00:00:05.709096,0.9,2,1.0,1.9416146889067338e-08,0.003327414239913245,50,194,COMPLETE,0.0,,,,,,,,,,,,,,,,,,,,
230,230,0.821176867039807,2023-08-23 22:28:08.074932,2023-08-23 22:28:13.753260,0 days 00:00:05.678328,0.9,2,1.0,1.1130598175271292e-08,0.0029736601227974987,50,179,COMPLETE,0.0,,,,,,,,,,,,,,,,,,,,
231,231,0.8264982916771387,2023-08-23 22:28:08.165239,2023-08-23 22:28:13.812715,0 days 00:00:05.647476,0.9,2,1.0,1.1212184619813142e-08,0.003574518417154546,50,171,COMPLETE,0.0,,,,,,,,,,,,,,,,,,,,
232,232,0.8217212899631661,2023-08-23 22:28:08.458388,2023-08-23 22:28:14.027648,0 days 00:00:05.569260,0.9,2,1.0,1.7313614072247882e-08,0.0035406043066995283,50,173,COMPLETE,0.0,,,,,,,,,,,,,,,,,,,,
233,233,0.8235985416773137,2023-08-23 22:28:09.050096,2023-08-23 22:28:14.690322,0 days 00:00:05.640226,0.9,1,1.0,3.4745239426760087e-06,0.0034630175349901547,50,172,COMPLETE,0.0,,,,,,,,,,,,,,,,,,,,
234,234,0.8250534382496524,2023-08-23 22:28:10.546492,2023-08-23 22:28:16.402338,0 days 00:00:05.855846,0.9,1,1.0,3.3999983194341992e-06,0.0033778933793700474,50,158,COMPLETE,0.0,,,,,,,,,,,,,,,,,,,,
235,235,0.8217294412976583,2023-08-23 22:28:12.142141,2023-08-23 22:28:17.269410,0 days 00:00:05.127269,0.9,1,1.0,1.995832869057527e-08,0.002938386177742519,50,115,COMPLETE,0.0,,,,,,,,,,,,,,,,,,,,
236,236,0.8362558328126454,2023-08-23 22:28:13.076344,2023-08-23 22:28:18.173584,0 days 00:00:05.097240,0.8,1,1.0,1.9419989341032744e-08,0.0026366456902726623,50,115,COMPLETE,1.0,0.8363109608884597,0.8362103219018624,0.836389164188966,0.8362558328126454,0.8271484375,0.8394449950445986,0.8332513526807673,0.8452722063037249,0.8333333333333334,0.8392603129445234,0.8124774612333213,0.8100135648654321,0.8132718345484302,0.8109531685757168,0.7695852534562212,0.8199672667757774,0.7939778129952456,0.8504418762746431,0.8065764023210832,0.8279285241561879
237,237,0.82321735431255,2023-08-23 22:28:13.734912,2023-08-23 22:28:21.325554,0 days 00:00:07.590642,0.8,1,1.0,2.9748129262046935e-06,0.0025919309175075804,50,115,COMPLETE,0.0,,,,,,,,,,,,,,,,,,,,
238,238,0.8285006152428604,2023-08-23 22:28:13.805888,2023-08-23 22:28:18.963536,0 days 00:00:05.157648,1.0,1,1.0,6.47112506418342e-06,0.007000325545973528,60,117,COMPLETE,0.0,,,,,,,,,,,,,,,,,,,,
239,239,0.8275189715903802,2023-08-23 22:28:13.875143,2023-08-23 22:28:19.275245,0 days 00:00:05.400102,1.0,1,1.0,6.414572249957677e-06,0.006556878779937717,60,159,COMPLETE,0.0,,,,,,,,,,,,,,,,,,,,
240,240,0.8250991498772875,2023-08-23 22:28:14.078447,2023-08-23 22:28:19.197304,0 days 00:00:05.118857,1.0,1,1.0,6.604501130097638e-06,0.007375369582653314,60,116,COMPLETE,0.0,,,,,,,,,,,,,,,,,,,,
241,241,0.8217128051294147,2023-08-23 22:28:14.745118,2023-08-23 22:28:19.755485,0 days 00:00:05.010367,1.0,1,1.0,6.15369171675291e-06,0.006422302309176474,60,161,COMPLETE,0.0,,,,,,,,,,,,,,,,,,,,
242,242,0.8327858829678998,2023-08-23 22:28:16.451989,2023-08-23 22:28:21.667354,0 days 00:00:05.215365,1.0,1,1.0,6.518167296107954e-06,0.005540129342244935,60,157,COMPLETE,0.0,,,,,,,,,,,,,,,,,,,,
243,243,0.8235985416773137,2023-08-23 22:28:17.323936,2023-08-23 22:28:20.698698,0 days 00:00:03.374762,1.0,1,0.4,0.0045582896731956165,0.006552483327880383,60,163,COMPLETE,0.0,,,,,,,,,,,,,,,,,,,,
244,244,0.8270317559559914,2023-08-23 22:28:18.228203,2023-08-23 22:28:22.673967,0 days 00:00:04.445764,0.8,1,1.0,4.626728303741186e-08,0.0006102309219575297,60,119,COMPLETE,0.0,,,,,,,,,,,,,,,,,,,,
245,245,0.8178561688783567,2023-08-23 22:28:19.021085,2023-08-23 22:28:23.513151,0 days 00:00:04.492066,0.8,1,1.0,2.76449498258003e-08,0.000632053649530665,50,161,COMPLETE,0.0,,,,,,,,,,,,,,,,,,,,
246,246,0.8182977253847805,2023-08-23 22:28:19.252825,2023-08-23 22:28:23.656227,0 days 00:00:04.403402,0.8,1,1.0,0.0002080067693956922,7.355280963567917e-05,50,161,COMPLETE,0.0,,,,,,,,,,,,,,,,,,,,
247,247,0.8274746986366165,2023-08-23 22:28:19.325591,2023-08-23 22:28:23.598481,0 days 00:00:04.272890,0.8,1,1.0,0.005096678870360769,0.0023507059731936344,50,122,COMPLETE,0.0,,,,,,,,,,,,,,,,,,,,
248,248,0.822731240832569,2023-08-23 22:28:19.811004,2023-08-23 22:28:23.102707,0 days 00:00:03.291703,0.8,1,1.0,0.000903224790714422,0.002139653007254002,60,109,COMPLETE,0.0,,,,,,,,,,,,,,,,,,,,
249,249,0.8250534382496524,2023-08-23 22:28:20.757029,2023-08-23 22:28:23.876249,0 days 00:00:03.119220,0.8,1,1.0,3.2097943470792723e-07,0.0491026152134542,50,122,COMPLETE,0.0,,,,,,,,,,,,,,,,,,,,
