,number,value,datetime_start,datetime_complete,duration,params_bagging_fraction,params_bagging_freq,params_feature_fraction,params_lambda_l1,params_lambda_l2,params_min_child_samples,params_num_leaves,state,best_trial,dev_acc,dev_recall_macro,dev_precision_macro,dev_f1_macro,dev_recall_0,dev_precision_0,dev_f1_0,dev_recall_1,dev_precision_1,dev_f1_1,test_acc,test_recall_macro,test_precision_macro,test_f1_macro,test_recall_0,test_precision_0,test_f1_0,test_recall_1,test_precision_1,test_f1_1
206,206,0.7131766209057674,2023-08-24 13:31:34.382585,2023-08-24 13:31:35.329132,0 days 00:00:00.946547,0.4,2,0.7000000000000001,2.5430155530847426e-08,0.0037104569085768657,50,6,COMPLETE,0.0,,,,,,,,,,,,,,,,,,,,
207,207,0.7088363109608884,2023-08-24 13:31:34.501940,2023-08-24 13:31:35.591904,0 days 00:00:01.089964,0.5,2,0.7000000000000001,2.6252054553173686e-08,0.0023406820292201065,40,7,COMPLETE,0.0,,,,,,,,,,,,,,,,,,,,
208,208,0.7112499976684716,2023-08-24 13:31:34.562542,2023-08-24 13:31:35.540247,0 days 00:00:00.977705,0.5,2,0.7000000000000001,2.9539329419624198e-08,0.06337482656584972,50,6,COMPLETE,0.0,,,,,,,,,,,,,,,,,,,,
209,209,0.7117331932552692,2023-08-24 13:31:34.667923,2023-08-24 13:31:35.692599,0 days 00:00:01.024676,0.5,2,0.7000000000000001,3.2120191176617305e-08,0.0031762550588104233,40,6,COMPLETE,0.0,,,,,,,,,,,,,,,,,,,,
210,210,0.7069037834939177,2023-08-24 13:31:34.740459,2023-08-24 13:31:35.894867,0 days 00:00:01.154408,0.5,2,0.7000000000000001,3.5095647993125956e-08,0.0032134577065119773,50,7,COMPLETE,0.0,,,,,,,,,,,,,,,,,,,,
211,211,0.7155896991821524,2023-08-24 13:31:34.812178,2023-08-24 13:31:35.784507,0 days 00:00:00.972329,0.5,2,0.7000000000000001,3.3911652335410794e-08,0.007671188924474769,50,6,COMPLETE,0.0,,,,,,,,,,,,,,,,,,,,
212,212,0.7155896991821524,2023-08-24 13:31:34.989666,2023-08-24 13:31:35.837555,0 days 00:00:00.847889,0.5,2,0.7000000000000001,2.2983999334996847e-07,0.002143640264502624,50,6,COMPLETE,0.0,,,,,,,,,,,,,,,,,,,,
213,213,0.7011061145816357,2023-08-24 13:31:35.160511,2023-08-24 13:31:36.038449,0 days 00:00:00.877938,0.5,2,0.7000000000000001,2.1277446015755766e-07,0.00191272317242022,50,11,COMPLETE,0.0,,,,,,,,,,,,,,,,,,,,
214,214,0.7035093135261573,2023-08-24 13:31:35.370770,2023-08-24 13:31:36.122389,0 days 00:00:00.751619,0.5,2,0.7000000000000001,6.247564300688813e-07,0.002686539037135717,50,12,COMPLETE,0.0,,,,,,,,,,,,,,,,,,,,
215,215,0.7035093135261573,2023-08-24 13:31:35.582041,2023-08-24 13:31:36.798188,0 days 00:00:01.216147,0.5,2,0.7000000000000001,3.6085408462181886e-08,0.0029328692837796723,50,12,COMPLETE,0.0,,,,,,,,,,,,,,,,,,,,
216,216,0.7035093135261573,2023-08-24 13:31:35.639353,2023-08-24 13:31:36.585567,0 days 00:00:00.946214,0.5,2,0.7000000000000001,2.2725499004012884e-07,0.002876373970261733,50,12,COMPLETE,0.0,,,,,,,,,,,,,,,,,,,,
217,217,0.6977101963461632,2023-08-24 13:31:35.739078,2023-08-24 13:31:37.077934,0 days 00:00:01.338856,0.4,2,0.7000000000000001,6.474241077955596e-07,0.0041863550174322806,50,13,COMPLETE,0.0,,,,,,,,,,,,,,,,,,,,
218,218,0.7011061145816357,2023-08-24 13:31:35.828761,2023-08-24 13:31:36.904376,0 days 00:00:01.075615,0.5,2,0.7000000000000001,3.7573917392470565e-08,0.0031420022197191583,50,11,COMPLETE,0.0,,,,,,,,,,,,,,,,,,,,
219,219,0.7035093135261573,2023-08-24 13:31:35.880683,2023-08-24 13:31:37.238031,0 days 00:00:01.357348,0.5,2,0.7000000000000001,3.7079486260419466e-08,0.00427611975825775,50,12,COMPLETE,0.0,,,,,,,,,,,,,,,,,,,,
220,220,0.7011061145816357,2023-08-24 13:31:35.940440,2023-08-24 13:31:37.020274,0 days 00:00:01.079834,0.5,2,0.7000000000000001,3.763565441545891e-08,0.00413280216580551,50,11,COMPLETE,0.0,,,,,,,,,,,,,,,,,,,,
221,221,0.7059169443915279,2023-08-24 13:31:36.087038,2023-08-24 13:31:37.238496,0 days 00:00:01.151458,0.5,2,0.7000000000000001,3.799892857726201e-08,0.004189222452445315,50,14,COMPLETE,0.0,,,,,,,,,,,,,,,,,,,,
222,222,0.7035231391069653,2023-08-24 13:31:36.165048,2023-08-24 13:31:37.185786,0 days 00:00:01.020738,0.5,2,0.7000000000000001,2.1597060092287483e-08,0.003465381421754192,50,13,COMPLETE,0.0,,,,,,,,,,,,,,,,,,,,
223,223,0.7035231391069653,2023-08-24 13:31:36.627092,2023-08-24 13:31:37.453141,0 days 00:00:00.826049,0.5,2,0.7000000000000001,9.379536897502909e-07,0.004401207249302624,50,13,COMPLETE,0.0,,,,,,,,,,,,,,,,,,,,
224,224,0.6996030968704818,2023-08-24 13:31:36.840614,2023-08-24 13:31:37.592636,0 days 00:00:00.752022,0.5,2,0.7000000000000001,1.9601374707366966e-08,0.0041919347099574735,50,15,COMPLETE,0.0,,,,,,,,,,,,,,,,,,,,
225,225,0.6965508294882705,2023-08-24 13:31:36.948247,2023-08-24 13:31:37.780479,0 days 00:00:00.832232,0.5,2,0.7000000000000001,1.9337864602515202e-08,0.004073107319562714,50,2,COMPLETE,0.0,,,,,,,,,,,,,,,,,,,,
226,226,0.6996030968704818,2023-08-24 13:31:37.062929,2023-08-24 13:31:38.461911,0 days 00:00:01.398982,0.5,2,0.7000000000000001,2.0855175867567815e-08,0.0013847042447666478,50,15,COMPLETE,0.0,,,,,,,,,,,,,,,,,,,,
227,227,0.7140127305333128,2023-08-24 13:31:37.127858,2023-08-24 13:31:37.974986,0 days 00:00:00.847128,0.5,2,0.7000000000000001,2.0120584395955052e-08,0.007121272953996513,40,3,COMPLETE,0.0,,,,,,,,,,,,,,,,,,,,
228,228,0.6965508294882705,2023-08-24 13:31:37.229972,2023-08-24 13:31:38.133589,0 days 00:00:00.903617,0.5,2,0.7000000000000001,7.457338644577643e-08,0.0013969725485647741,40,2,COMPLETE,0.0,,,,,,,,,,,,,,,,,,,,
229,229,0.6970100639875567,2023-08-24 13:31:37.282356,2023-08-24 13:31:38.081980,0 days 00:00:00.799624,0.4,2,0.7000000000000001,7.45514524396123e-08,0.001278381794277383,40,2,COMPLETE,0.0,,,,,,,,,,,,,,,,,,,,
230,230,0.7112262980684033,2023-08-24 13:31:37.328880,2023-08-24 13:31:38.511494,0 days 00:00:01.182614,0.4,2,0.7000000000000001,6.801651107857246e-08,0.0014769488104978935,70,6,COMPLETE,0.0,,,,,,,,,,,,,,,,,,,,
231,231,0.6970100639875567,2023-08-24 13:31:37.493644,2023-08-24 13:31:38.250591,0 days 00:00:00.756947,0.4,2,0.7000000000000001,6.721545853126847e-08,0.006610339656629934,40,2,COMPLETE,0.0,,,,,,,,,,,,,,,,,,,,
232,232,0.6970100639875567,2023-08-24 13:31:37.637436,2023-08-24 13:31:38.314766,0 days 00:00:00.677330,0.4,2,0.7000000000000001,1.5577577250954246e-07,0.0011851975720662412,40,2,COMPLETE,0.0,,,,,,,,,,,,,,,,,,,,
233,233,0.6970100639875567,2023-08-24 13:31:37.825214,2023-08-24 13:31:38.401830,0 days 00:00:00.576616,0.4,2,0.7000000000000001,7.549368375199277e-08,0.007482846681453266,40,2,COMPLETE,0.0,,,,,,,,,,,,,,,,,,,,
234,234,0.7126989112008126,2023-08-24 13:31:38.018572,2023-08-24 13:31:38.801933,0 days 00:00:00.783361,0.4,2,0.7000000000000001,1.2621912514246682e-07,0.001304385238361986,40,6,COMPLETE,0.0,,,,,,,,,,,,,,,,,,,,
235,235,0.6970100639875567,2023-08-24 13:31:38.124441,2023-08-24 13:31:39.022030,0 days 00:00:00.897589,0.4,2,0.7000000000000001,1.5199377908517048e-07,0.007088450940946417,40,2,COMPLETE,0.0,,,,,,,,,,,,,,,,,,,,
236,236,0.7093136797731852,2023-08-24 13:31:38.177272,2023-08-24 13:31:39.355432,0 days 00:00:01.178160,0.4,2,0.7000000000000001,2.0461169775855503e-08,0.0064558860723840416,40,7,COMPLETE,0.0,,,,,,,,,,,,,,,,,,,,
237,237,0.7112489204983148,2023-08-24 13:31:38.301050,2023-08-24 13:31:39.354872,0 days 00:00:01.053822,0.4,2,0.7000000000000001,1.382377248181915e-07,0.006843069460135339,40,7,COMPLETE,0.0,,,,,,,,,,,,,,,,,,,,
238,238,0.7112489204983148,2023-08-24 13:31:38.359674,2023-08-24 13:31:39.266684,0 days 00:00:00.907010,0.4,2,0.7000000000000001,2.1729767120280884e-08,0.008640587711355192,40,7,COMPLETE,0.0,,,,,,,,,,,,,,,,,,,,
239,239,0.6996613688123567,2023-08-24 13:31:38.443006,2023-08-24 13:31:39.584355,0 days 00:00:01.141349,0.4,2,0.7000000000000001,2.68817843290141e-08,0.005888002818324188,40,9,COMPLETE,0.0,,,,,,,,,,,,,,,,,,,,
240,240,0.7093136797731852,2023-08-24 13:31:38.506756,2023-08-24 13:31:39.464715,0 days 00:00:00.957959,0.4,2,0.7000000000000001,1.283958395746865e-07,0.006344497983252544,40,7,COMPLETE,0.0,,,,,,,,,,,,,,,,,,,,
241,241,0.7097995922131124,2023-08-24 13:31:38.555371,2023-08-24 13:31:39.584760,0 days 00:00:01.029389,0.4,2,0.7000000000000001,2.2230180824775802e-08,0.0059268254362209154,40,8,COMPLETE,0.0,,,,,,,,,,,,,,,,,,,,
242,242,0.7097995922131124,2023-08-24 13:31:38.845400,2023-08-24 13:31:39.693115,0 days 00:00:00.847715,0.4,2,0.7000000000000001,2.0987276948099274e-08,0.006276615863867296,40,8,COMPLETE,0.0,,,,,,,,,,,,,,,,,,,,
243,243,0.7097995922131124,2023-08-24 13:31:39.066247,2023-08-24 13:31:39.820351,0 days 00:00:00.754104,0.4,2,0.7000000000000001,2.214401134391126e-08,0.002027659119337188,40,8,COMPLETE,0.0,,,,,,,,,,,,,,,,,,,,
244,244,0.7097995922131124,2023-08-24 13:31:39.311413,2023-08-24 13:31:40.260198,0 days 00:00:00.948785,0.4,2,0.7000000000000001,3.0345886967045195e-07,0.0020188168272648565,40,8,COMPLETE,0.0,,,,,,,,,,,,,,,,,,,,
245,245,0.7097995922131124,2023-08-24 13:31:39.443690,2023-08-24 13:31:40.444495,0 days 00:00:01.000805,0.4,2,0.7000000000000001,0.009802413831677894,0.002338318465730814,40,8,COMPLETE,0.0,,,,,,,,,,,,,,,,,,,,
246,246,0.6846907382947793,2023-08-24 13:31:39.445409,2023-08-24 13:31:40.739822,0 days 00:00:01.294413,0.4,2,0.7000000000000001,1.4312894827876599e-08,0.001874067690825856,40,129,COMPLETE,0.0,,,,,,,,,,,,,,,,,,,,
247,247,0.6996613688123567,2023-08-24 13:31:39.511246,2023-08-24 13:31:40.355205,0 days 00:00:00.843959,0.4,2,0.7000000000000001,4.3776424400239635e-08,0.001992916597004876,40,9,COMPLETE,0.0,,,,,,,,,,,,,,,,,,,,
248,248,0.7064219499002107,2023-08-24 13:31:39.667397,2023-08-24 13:31:40.401783,0 days 00:00:00.734386,0.4,2,0.7000000000000001,3.179407308407955e-07,0.022166207710084235,40,8,COMPLETE,0.0,,,,,,,,,,,,,,,,,,,,
249,249,0.7112489204983148,2023-08-24 13:31:39.673897,2023-08-24 13:31:40.306356,0 days 00:00:00.632459,0.4,2,0.7000000000000001,2.7035323499446323e-07,0.0222834754678081,40,7,COMPLETE,0.0,,,,,,,,,,,,,,,,,,,,
