,number,value,datetime_start,datetime_complete,duration,params_bagging_fraction,params_bagging_freq,params_feature_fraction,params_lambda_l1,params_lambda_l2,params_min_child_samples,params_num_leaves,state,best_trial,dev_acc,dev_recall_macro,dev_precision_macro,dev_f1_macro,dev_recall_0,dev_precision_0,dev_f1_0,dev_recall_1,dev_precision_1,dev_f1_1,test_acc,test_recall_macro,test_precision_macro,test_f1_macro,test_recall_0,test_precision_0,test_f1_0,test_recall_1,test_precision_1,test_f1_1
100,100,0.51886501490696,2023-08-24 14:31:02.726735,2023-08-24 14:31:03.697309,0 days 00:00:00.970574,0.7000000000000001,2,0.5,9.854375109356385e-06,8.516192814886045e-08,20,238,COMPLETE,0.0,,,,,,,,,,,,,,,,,,,,
101,101,0.5693581780538302,2023-08-24 14:31:02.974138,2023-08-24 14:31:03.844499,0 days 00:00:00.870361,0.6000000000000001,2,0.5,3.2996525407249147e-06,5.411712524182234e-07,20,236,COMPLETE,0.0,,,,,,,,,,,,,,,,,,,,
102,102,0.46866854342612874,2023-08-24 14:31:03.234330,2023-08-24 14:31:04.097409,0 days 00:00:00.863079,0.6000000000000001,2,0.5,4.578990536075479e-06,7.862692953825819e-08,50,234,COMPLETE,0.0,,,,,,,,,,,,,,,,,,,,
103,103,0.46866854342612874,2023-08-24 14:31:03.287160,2023-08-24 14:31:04.296600,0 days 00:00:01.009440,0.6000000000000001,2,0.5,1.1613919819734923e-06,1.1888251415945021e-07,30,233,COMPLETE,0.0,,,,,,,,,,,,,,,,,,,,
104,104,0.530827067669173,2023-08-24 14:31:03.343498,2023-08-24 14:31:05.008958,0 days 00:00:01.665460,0.6000000000000001,2,0.5,1.2549451246904061e-05,4.879696619017737e-07,10,256,COMPLETE,0.0,,,,,,,,,,,,,,,,,,,,
105,105,0.46866854342612874,2023-08-24 14:31:03.407395,2023-08-24 14:31:04.433864,0 days 00:00:01.026469,0.6000000000000001,2,0.5,1.1363846519108462e-06,5.203166160603773e-07,30,256,COMPLETE,0.0,,,,,,,,,,,,,,,,,,,,
106,106,0.530827067669173,2023-08-24 14:31:03.477769,2023-08-24 14:31:05.122933,0 days 00:00:01.645164,0.6000000000000001,2,0.5,1.4182413058700327e-05,5.116822761425478e-07,10,226,COMPLETE,0.0,,,,,,,,,,,,,,,,,,,,
107,107,0.5751633986928104,2023-08-24 14:31:03.687552,2023-08-24 14:31:05.347606,0 days 00:00:01.660054,0.6000000000000001,2,0.5,1.0843749078504464e-06,3.698726241353274e-07,10,224,COMPLETE,0.0,,,,,,,,,,,,,,,,,,,,
108,108,0.5771035345636535,2023-08-24 14:31:03.741675,2023-08-24 14:31:05.164443,0 days 00:00:01.422768,0.6000000000000001,2,0.4,1.0259659314740852e-06,6.190210950462374e-07,10,226,COMPLETE,0.0,,,,,,,,,,,,,,,,,,,,
109,109,0.4673495518565941,2023-08-24 14:31:03.888148,2023-08-24 14:31:04.602295,0 days 00:00:00.714147,0.6000000000000001,2,0.4,9.465553493204349e-07,4.224099945785492e-06,30,256,COMPLETE,0.0,,,,,,,,,,,,,,,,,,,,
110,110,0.5326797385620915,2023-08-24 14:31:04.141723,2023-08-24 14:31:05.440514,0 days 00:00:01.298791,0.5,2,0.4,1.1252838220190104e-06,4.56610468798819e-06,10,255,COMPLETE,0.0,,,,,,,,,,,,,,,,,,,,
111,111,0.5326797385620915,2023-08-24 14:31:04.352278,2023-08-24 14:31:05.512307,0 days 00:00:01.160029,0.5,2,0.4,7.023174535995197e-07,4.1808956094392526e-07,10,253,COMPLETE,0.0,,,,,,,,,,,,,,,,,,,,
112,112,0.5326797385620915,2023-08-24 14:31:04.480855,2023-08-24 14:31:05.611644,0 days 00:00:01.130789,0.5,2,0.4,7.619745665681697e-07,1.4857142920087925e-07,10,223,COMPLETE,0.0,,,,,,,,,,,,,,,,,,,,
113,113,0.5326797385620915,2023-08-24 14:31:04.649416,2023-08-24 14:31:05.791887,0 days 00:00:01.142471,0.5,2,0.4,3.8017945947799917e-07,2.0815019315444163e-06,10,228,COMPLETE,0.0,,,,,,,,,,,,,,,,,,,,
114,114,0.5326797385620915,2023-08-24 14:31:05.053896,2023-08-24 14:31:06.366548,0 days 00:00:01.312652,0.5,2,0.4,1.8980132046207838e-07,4.1329816117741334e-06,10,224,COMPLETE,0.0,,,,,,,,,,,,,,,,,,,,
115,115,0.5120425398811386,2023-08-24 14:31:05.207387,2023-08-24 14:31:05.980143,0 days 00:00:00.772756,0.5,1,0.4,3.6518965727040926e-07,1.272675643262744e-07,10,10,COMPLETE,0.0,,,,,,,,,,,,,,,,,,,,
116,116,0.5693581780538302,2023-08-24 14:31:05.210534,2023-08-24 14:31:06.419065,0 days 00:00:01.208531,0.5,1,0.4,3.8121913712931495e-07,4.628654766358497e-06,10,161,COMPLETE,0.0,,,,,,,,,,,,,,,,,,,,
117,117,0.5326797385620915,2023-08-24 14:31:05.391200,2023-08-24 14:31:06.766654,0 days 00:00:01.375454,0.5,2,0.4,1.9576174763675872e-07,2.141345844403868e-06,10,190,COMPLETE,0.0,,,,,,,,,,,,,,,,,,,,
118,118,0.5771035345636535,2023-08-24 14:31:05.489058,2023-08-24 14:31:06.591110,0 days 00:00:01.102052,0.7000000000000001,2,0.4,4.901296770740283e-07,3.089583002696689e-06,20,92,COMPLETE,0.0,,,,,,,,,,,,,,,,,,,,
119,119,0.5337295381086435,2023-08-24 14:31:05.573775,2023-08-24 14:31:06.511057,0 days 00:00:00.937282,0.7000000000000001,2,0.4,3.2642641720445434e-07,2.1784507706469095e-06,20,15,COMPLETE,0.0,,,,,,,,,,,,,,,,,,,,
120,120,0.5337295381086435,2023-08-24 14:31:05.657058,2023-08-24 14:31:06.632815,0 days 00:00:00.975757,0.7000000000000001,2,0.4,3.943014406208991e-07,2.3894580230491106e-06,20,15,COMPLETE,0.0,,,,,,,,,,,,,,,,,,,,
121,121,0.5771035345636535,2023-08-24 14:31:05.836453,2023-08-24 14:31:06.868580,0 days 00:00:01.032127,0.7000000000000001,2,0.4,4.89231520894197e-07,3.329102548567507e-06,20,159,COMPLETE,0.0,,,,,,,,,,,,,,,,,,,,
122,122,0.5771035345636535,2023-08-24 14:31:06.023629,2023-08-24 14:31:06.916725,0 days 00:00:00.893096,0.7000000000000001,2,0.4,5.077368701387312e-05,2.461902182889237e-06,20,249,COMPLETE,0.0,,,,,,,,,,,,,,,,,,,,
123,123,0.5771035345636535,2023-08-24 14:31:06.411314,2023-08-24 14:31:07.670519,0 days 00:00:01.259205,0.7000000000000001,2,0.4,8.121180936075618e-08,2.619826902333346e-06,20,162,COMPLETE,0.0,,,,,,,,,,,,,,,,,,,,
124,124,0.5771035345636535,2023-08-24 14:31:06.465800,2023-08-24 14:31:07.955338,0 days 00:00:01.489538,0.7000000000000001,2,0.4,7.722303599735149e-08,6.6049284648895565e-06,20,144,COMPLETE,0.0,,,,,,,,,,,,,,,,,,,,
125,125,0.5771035345636535,2023-08-24 14:31:06.556612,2023-08-24 14:31:08.085655,0 days 00:00:01.529043,0.7000000000000001,2,0.4,5.360695944535374e-07,7.1390870522751765e-06,20,173,COMPLETE,0.0,,,,,,,,,,,,,,,,,,,,
126,126,0.5260416666666667,2023-08-24 14:31:06.679587,2023-08-24 14:31:07.550909,0 days 00:00:00.871322,0.7000000000000001,2,0.6000000000000001,2.1920137209814466e-06,7.304188714676625e-06,30,189,COMPLETE,0.0,,,,,,,,,,,,,,,,,,,,
127,127,0.5260416666666667,2023-08-24 14:31:06.681250,2023-08-24 14:31:07.807005,0 days 00:00:01.125755,0.7000000000000001,2,0.6000000000000001,7.138373479898608e-08,7.191999143407796e-06,30,146,COMPLETE,0.0,,,,,,,,,,,,,,,,,,,,
128,128,0.5771035345636535,2023-08-24 14:31:06.814094,2023-08-24 14:31:08.030884,0 days 00:00:01.216790,0.7000000000000001,2,0.4,2.3733230803597837e-06,6.0900734846679925e-06,20,249,COMPLETE,0.0,,,,,,,,,,,,,,,,,,,,
129,129,0.5120425398811386,2023-08-24 14:31:06.958272,2023-08-24 14:31:07.609307,0 days 00:00:00.651035,0.7000000000000001,2,0.4,8.152133099750826e-08,7.401447652999631e-06,30,143,COMPLETE,0.0,,,,,,,,,,,,,,,,,,,,
130,130,0.5120425398811386,2023-08-24 14:31:06.976531,2023-08-24 14:31:07.870870,0 days 00:00:00.894339,0.7000000000000001,2,0.4,9.106474310136415e-08,6.655562542241142e-06,30,170,COMPLETE,0.0,,,,,,,,,,,,,,,,,,,,
131,131,0.5771035345636535,2023-08-24 14:31:07.590188,2023-08-24 14:31:08.732433,0 days 00:00:01.142245,0.7000000000000001,2,0.4,7.046217989018892e-08,1.1256900403866408e-05,20,177,COMPLETE,0.0,,,,,,,,,,,,,,,,,,,,
132,132,0.5771035345636535,2023-08-24 14:31:07.651773,2023-08-24 14:31:08.853275,0 days 00:00:01.201502,0.7000000000000001,2,0.4,2.4381823333627816e-06,8.761659844129117e-07,20,172,COMPLETE,0.0,,,,,,,,,,,,,,,,,,,,
133,133,0.5771035345636535,2023-08-24 14:31:07.720143,2023-08-24 14:31:08.920435,0 days 00:00:01.200292,0.7000000000000001,2,0.4,6.099761812024776e-07,1.3619612142317707e-05,20,125,COMPLETE,0.0,,,,,,,,,,,,,,,,,,,,
134,134,0.5771035345636535,2023-08-24 14:31:07.851389,2023-08-24 14:31:09.120295,0 days 00:00:01.268906,0.7000000000000001,2,0.4,0.00010914231268385998,1.3852587420163392e-05,20,175,COMPLETE,0.0,,,,,,,,,,,,,,,,,,,,
135,135,0.5771035345636535,2023-08-24 14:31:07.921384,2023-08-24 14:31:09.311495,0 days 00:00:01.390111,0.7000000000000001,2,0.4,2.1404627748263107e-06,1.2701221582384893e-05,20,175,COMPLETE,0.0,,,,,,,,,,,,,,,,,,,,
136,136,0.5047619047619047,2023-08-24 14:31:08.009597,2023-08-24 14:31:08.793094,0 days 00:00:00.783497,0.4,2,0.9,0.00012917580266607134,8.732456131991401e-07,20,124,COMPLETE,0.0,,,,,,,,,,,,,,,,,,,,
137,137,0.5260416666666667,2023-08-24 14:31:08.074796,2023-08-24 14:31:09.000226,0 days 00:00:00.925430,0.4,2,0.4,6.378411424349562e-07,9.38881650940187e-07,20,179,COMPLETE,0.0,,,,,,,,,,,,,,,,,,,,
138,138,0.5693581780538302,2023-08-24 14:31:08.144292,2023-08-24 14:31:09.209538,0 days 00:00:01.065246,0.4,2,0.4,1.6069327425543426e-06,1.2938164839485146e-05,10,126,COMPLETE,0.0,,,,,,,,,,,,,,,,,,,,
139,139,0.5630252100840336,2023-08-24 14:31:08.780049,2023-08-24 14:31:10.208540,0 days 00:00:01.428491,0.4,2,0.9,0.00011419796164027519,9.135824198843086e-07,10,123,COMPLETE,0.0,,,,,,,,,,,,,,,,,,,,
140,140,0.5771035345636535,2023-08-24 14:31:08.836471,2023-08-24 14:31:10.574823,0 days 00:00:01.738352,0.6000000000000001,2,0.4,1.6527019428803856e-06,1.6271433550108514e-07,10,111,COMPLETE,0.0,,,,,,,,,,,,,,,,,,,,
141,141,0.5771035345636535,2023-08-24 14:31:08.897135,2023-08-24 14:31:10.702690,0 days 00:00:01.805555,0.6000000000000001,2,0.4,1.6540738245738255e-06,2.352334733808635e-07,10,137,COMPLETE,0.0,,,,,,,,,,,,,,,,,,,,
142,142,0.5771035345636535,2023-08-24 14:31:08.968985,2023-08-24 14:31:10.807372,0 days 00:00:01.838387,0.6000000000000001,2,0.4,1.8872993634170547e-05,1.8425125079934532e-07,10,136,COMPLETE,0.0,,,,,,,,,,,,,,,,,,,,
143,143,0.5848739495798319,2023-08-24 14:31:09.051262,2023-08-24 14:31:10.012523,0 days 00:00:00.961261,0.6000000000000001,2,0.4,2.3347685825491113e-07,3.512196752923664e-07,10,29,COMPLETE,0.0,,,,,,,,,,,,,,,,,,,,
144,144,0.51886501490696,2023-08-24 14:31:09.165471,2023-08-24 14:31:10.854372,0 days 00:00:01.688901,0.6000000000000001,2,0.7000000000000001,1.5044025672549944e-06,2.3042142981983987e-07,10,135,COMPLETE,0.0,,,,,,,,,,,,,,,,,,,,
145,145,0.530827067669173,2023-08-24 14:31:09.259835,2023-08-24 14:31:10.746480,0 days 00:00:01.486645,0.6000000000000001,2,0.7000000000000001,8.782310480521772e-06,2.517268279737425e-07,10,136,COMPLETE,0.0,,,,,,,,,,,,,,,,,,,,
146,146,0.5188811188811189,2023-08-24 14:31:09.357478,2023-08-24 14:31:11.045950,0 days 00:00:01.688472,0.6000000000000001,2,1.0,1.859364363389278e-05,7.080430045801992e-08,10,213,COMPLETE,0.0,,,,,,,,,,,,,,,,,,,,
147,147,0.44708860759493674,2023-08-24 14:31:10.057691,2023-08-24 14:31:10.254420,0 days 00:00:00.196729,0.6000000000000001,2,0.7000000000000001,2.398528182633623e-07,2.7869769249936835e-07,10,2,COMPLETE,0.0,,,,,,,,,,,,,,,,,,,,
148,148,0.5630252100840336,2023-08-24 14:31:10.296736,2023-08-24 14:31:11.425209,0 days 00:00:01.128473,0.6000000000000001,2,0.4,1.7590940347926465e-05,1.9821680783440395e-07,10,30,COMPLETE,0.0,,,,,,,,,,,,,,,,,,,,
149,149,0.5987905327911583,2023-08-24 14:31:10.304838,2023-08-24 14:31:11.351272,0 days 00:00:01.046434,0.6000000000000001,2,0.4,8.225020295287273e-06,1.9378474592389403e-07,10,27,COMPLETE,0.0,,,,,,,,,,,,,,,,,,,,
150,150,0.5771035345636535,2023-08-24 14:31:10.617433,2023-08-24 14:31:11.955731,0 days 00:00:01.338298,0.6000000000000001,2,0.4,3.3787625921020826e-08,1.7317690891335314e-07,10,209,COMPLETE,0.0,,,,,,,,,,,,,,,,,,,,
151,151,0.5554165363361485,2023-08-24 14:31:10.791871,2023-08-24 14:31:12.134075,0 days 00:00:01.342204,1.0,2,1.0,0.15504815079976558,9.482580928170609e-05,10,29,COMPLETE,0.0,,,,,,,,,,,,,,,,,,,,
152,152,0.5188811188811189,2023-08-24 14:31:10.793799,2023-08-24 14:31:12.711790,0 days 00:00:01.917991,0.6000000000000001,2,1.0,1.757702082538178e-05,2.325279940326827e-08,10,203,COMPLETE,0.0,,,,,,,,,,,,,,,,,,,,
153,153,0.5326797385620915,2023-08-24 14:31:10.850687,2023-08-24 14:31:13.159564,0 days 00:00:02.308877,1.0,2,1.0,3.0176486704421935e-08,6.725445442645684e-08,10,210,COMPLETE,0.0,,,,,,,,,,,,,,,,,,,,
154,154,0.5616325691374524,2023-08-24 14:31:10.901639,2023-08-24 14:31:11.910963,0 days 00:00:01.009324,0.6000000000000001,2,1.0,1.7212207361857856e-07,7.424520283924095e-08,20,28,COMPLETE,0.0,,,,,,,,,,,,,,,,,,,,
155,155,0.51886501490696,2023-08-24 14:31:11.089782,2023-08-24 14:31:12.229249,0 days 00:00:01.139467,0.7000000000000001,2,0.6000000000000001,2.5620067239322984e-08,1.076822395156984e-07,20,207,COMPLETE,0.0,,,,,,,,,,,,,,,,,,,,
156,156,0.51886501490696,2023-08-24 14:31:11.394278,2023-08-24 14:31:12.310042,0 days 00:00:00.915764,0.7000000000000001,2,0.6000000000000001,2.26442683301996e-08,3.6707413760539895e-07,20,206,COMPLETE,0.0,,,,,,,,,,,,,,,,,,,,
157,157,0.5478260869565217,2023-08-24 14:31:11.476491,2023-08-24 14:31:12.434558,0 days 00:00:00.958067,0.7000000000000001,2,0.6000000000000001,2.480700735966087e-08,2.434890887626947e-08,20,27,COMPLETE,0.0,,,,,,,,,,,,,,,,,,,,
158,158,0.5462201927955352,2023-08-24 14:31:11.995692,2023-08-24 14:31:13.801585,0 days 00:00:01.805893,1.0,2,0.4,0.07185213882757666,1.1586236691912576e-07,10,62,COMPLETE,0.0,,,,,,,,,,,,,,,,,,,,
159,159,0.5771035345636535,2023-08-24 14:31:12.011018,2023-08-24 14:31:13.385164,0 days 00:00:01.374146,0.7000000000000001,2,0.4,2.2518417367580212e-08,3.865086320608113e-07,10,43,COMPLETE,0.0,,,,,,,,,,,,,,,,,,,,
160,160,0.5673262303399289,2023-08-24 14:31:12.176391,2023-08-24 14:31:13.989688,0 days 00:00:01.813297,0.7000000000000001,2,0.4,3.0297297956091265e-07,9.676322208433412e-08,10,58,COMPLETE,0.0,,,,,,,,,,,,,,,,,,,,
161,161,0.49650349650349646,2023-08-24 14:31:12.274039,2023-08-24 14:31:12.901227,0 days 00:00:00.627188,0.6000000000000001,2,0.4,6.6884320463487546e-06,3.923921679181241e-07,10,8,COMPLETE,0.0,,,,,,,,,,,,,,,,,,,,
162,162,0.5771035345636535,2023-08-24 14:31:12.355523,2023-08-24 14:31:13.863874,0 days 00:00:01.508351,0.6000000000000001,2,0.4,7.406003194822657e-06,1.512724109111412e-06,10,241,COMPLETE,0.0,,,,,,,,,,,,,,,,,,,,
163,163,0.5616325691374524,2023-08-24 14:31:12.480882,2023-08-24 14:31:13.916714,0 days 00:00:01.435832,0.6000000000000001,2,0.4,2.7794544724558675e-07,1.3352318502569467e-06,10,41,COMPLETE,0.0,,,,,,,,,,,,,,,,,,,,
164,164,0.5771035345636535,2023-08-24 14:31:12.755787,2023-08-24 14:31:14.145872,0 days 00:00:01.390085,0.6000000000000001,2,0.4,0.002371331992931688,1.400411429434076e-06,10,46,COMPLETE,0.0,,,,,,,,,,,,,,,,,,,,
165,165,0.5771035345636535,2023-08-24 14:31:12.945457,2023-08-24 14:31:14.187905,0 days 00:00:01.242448,0.6000000000000001,2,0.4,8.315880418354664e-07,1.619526613072593e-06,10,242,COMPLETE,0.0,,,,,,,,,,,,,,,,,,,,
166,166,0.40792378296735216,2023-08-24 14:31:13.202060,2023-08-24 14:31:13.501697,0 days 00:00:00.299637,0.6000000000000001,2,0.4,2.968770675157417e-07,1.6508034625523434e-06,70,65,COMPLETE,0.0,,,,,,,,,,,,,,,,,,,,
167,167,0.40792378296735216,2023-08-24 14:31:13.424685,2023-08-24 14:31:13.739332,0 days 00:00:00.314647,0.6000000000000001,2,0.4,2.737821019864608e-07,1.5751674012208139e-06,70,241,COMPLETE,0.0,,,,,,,,,,,,,,,,,,,,
168,168,0.5771035345636535,2023-08-24 14:31:13.545322,2023-08-24 14:31:14.394447,0 days 00:00:00.849125,0.7000000000000001,2,0.4,4.952296225637511e-06,1.3305359459112495e-06,20,244,COMPLETE,0.0,,,,,,,,,,,,,,,,,,,,
169,169,0.5486397798242829,2023-08-24 14:31:13.784685,2023-08-24 14:31:15.090938,0 days 00:00:01.306253,0.7000000000000001,2,0.4,5.1623571866360805e-06,3.7791922584622753e-06,20,16,COMPLETE,0.0,,,,,,,,,,,,,,,,,,,,
170,170,0.5478260869565217,2023-08-24 14:31:13.861523,2023-08-24 14:31:15.029964,0 days 00:00:01.168441,0.7000000000000001,2,0.4,4.765180757572188e-06,2.7295789450936726e-05,20,18,COMPLETE,0.0,,,,,,,,,,,,,,,,,,,,
171,171,0.5771035345636535,2023-08-24 14:31:13.906149,2023-08-24 14:31:15.384628,0 days 00:00:01.478479,0.7000000000000001,2,0.4,1.0226877595473233e-05,3.888435367647869e-06,20,248,COMPLETE,0.0,,,,,,,,,,,,,,,,,,,,
172,172,0.3944147355912062,2023-08-24 14:31:13.965633,2023-08-24 14:31:14.710397,0 days 00:00:00.744764,0.7000000000000001,2,0.4,6.401438139571149e-06,5.10823886408773e-06,90,247,COMPLETE,0.0,,,,,,,,,,,,,,,,,,,,
173,173,0.5771035345636535,2023-08-24 14:31:14.049202,2023-08-24 14:31:15.343750,0 days 00:00:01.294548,0.7000000000000001,2,0.4,4.166839156641068e-06,6.763104844696223e-07,20,86,COMPLETE,0.0,,,,,,,,,,,,,,,,,,,,
174,174,0.5486397798242829,2023-08-24 14:31:14.226795,2023-08-24 14:31:14.979942,0 days 00:00:00.753147,0.7000000000000001,2,0.4,4.2396294434713935e-06,4.227391681859173e-06,20,16,COMPLETE,0.0,,,,,,,,,,,,,,,,,,,,
175,175,0.51886501490696,2023-08-24 14:31:14.230143,2023-08-24 14:31:15.494905,0 days 00:00:01.264762,0.7000000000000001,2,0.5,4.608642907097564e-06,4.1836459264555115e-06,20,100,COMPLETE,0.0,,,,,,,,,,,,,,,,,,,,
176,176,0.5412587412587413,2023-08-24 14:31:14.435192,2023-08-24 14:31:15.240546,0 days 00:00:00.805354,0.7000000000000001,2,0.5,1.0721335764801623e-05,4.010399613214453e-06,20,18,COMPLETE,0.0,,,,,,,,,,,,,,,,,,,,
177,177,0.5339308578745199,2023-08-24 14:31:14.757438,2023-08-24 14:31:15.567552,0 days 00:00:00.810114,0.7000000000000001,2,0.5,1.0301091250789604e-05,3.6020612273390023e-06,20,17,COMPLETE,0.0,,,,,,,,,,,,,,,,,,,,
178,178,0.5771035345636535,2023-08-24 14:31:15.024672,2023-08-24 14:31:16.307774,0 days 00:00:01.283102,0.7000000000000001,2,0.4,1.1954785995169689e-05,6.626091225948039e-07,20,251,COMPLETE,0.0,,,,,,,,,,,,,,,,,,,,
179,179,0.5771035345636535,2023-08-24 14:31:15.079700,2023-08-24 14:31:16.578806,0 days 00:00:01.499106,0.7000000000000001,2,0.4,1.0989908967081902e-05,5.981824055864568e-07,20,95,COMPLETE,0.0,,,,,,,,,,,,,,,,,,,,
180,180,0.5771035345636535,2023-08-24 14:31:15.146007,2023-08-24 14:31:16.463690,0 days 00:00:01.317683,0.7000000000000001,2,0.4,1.003990744952031e-05,7.569906119162121e-07,20,84,COMPLETE,0.0,,,,,,,,,,,,,,,,,,,,
181,181,0.5771035345636535,2023-08-24 14:31:15.291206,2023-08-24 14:31:16.640693,0 days 00:00:01.349487,0.7000000000000001,2,0.4,4.6172150977579374e-05,5.9178780983416794e-05,20,94,COMPLETE,0.0,,,,,,,,,,,,,,,,,,,,
182,182,0.51886501490696,2023-08-24 14:31:15.431546,2023-08-24 14:31:16.771456,0 days 00:00:01.339910,0.7000000000000001,2,0.8,2.5317224549297967e-06,5.1829947778613134e-05,20,238,COMPLETE,0.0,,,,,,,,,,,,,,,,,,,,
183,183,0.5478260869565217,2023-08-24 14:31:15.438215,2023-08-24 14:31:16.715651,0 days 00:00:01.277436,0.9,2,0.4,2.9959378896686716e-06,5.958725661871847e-07,20,231,COMPLETE,0.0,,,,,,,,,,,,,,,,,,,,
184,184,0.5706573515401715,2023-08-24 14:31:15.539961,2023-08-24 14:31:16.940112,0 days 00:00:01.400151,0.9,2,0.8,3.0040335149434437e-05,6.513076029505639e-07,20,110,COMPLETE,0.0,,,,,,,,,,,,,,,,,,,,
185,185,0.4809027777777778,2023-08-24 14:31:15.612593,2023-08-24 14:31:16.122247,0 days 00:00:00.509654,0.4,2,0.4,2.8380382432818186e-06,4.0147311696275405e-05,30,239,COMPLETE,0.0,,,,,,,,,,,,,,,,,,,,
186,186,0.5771035345636535,2023-08-24 14:31:16.164728,2023-08-24 14:31:17.129473,0 days 00:00:00.964745,0.7000000000000001,2,0.4,6.63153982799894e-07,0.0007633839396996282,20,231,COMPLETE,0.0,,,,,,,,,,,,,,,,,,,,
187,187,0.5771035345636535,2023-08-24 14:31:16.348990,2023-08-24 14:31:17.266009,0 days 00:00:00.917019,0.7000000000000001,2,0.4,6.75600187660471e-07,2.6251054438842478e-06,20,106,COMPLETE,0.0,,,,,,,,,,,,,,,,,,,,
188,188,0.5771035345636535,2023-08-24 14:31:16.505939,2023-08-24 14:31:17.423663,0 days 00:00:00.917724,0.7000000000000001,2,0.4,2.784520252213079e-06,1.0367547729277664e-06,20,230,COMPLETE,0.0,,,,,,,,,,,,,,,,,,,,
189,189,0.5771035345636535,2023-08-24 14:31:16.620990,2023-08-24 14:31:17.840639,0 days 00:00:01.219649,0.7000000000000001,2,0.4,3.0250729886373625e-06,1.0267095588690395e-06,20,236,COMPLETE,0.0,,,,,,,,,,,,,,,,,,,,
190,190,0.5771035345636535,2023-08-24 14:31:16.681969,2023-08-24 14:31:18.066920,0 days 00:00:01.384951,0.7000000000000001,2,0.4,2.9713193265644758e-05,2.630538264829674e-06,20,228,COMPLETE,0.0,,,,,,,,,,,,,,,,,,,,
191,191,0.5771035345636535,2023-08-24 14:31:16.765347,2023-08-24 14:31:18.220892,0 days 00:00:01.455545,0.7000000000000001,2,0.4,6.461230869753462e-07,1.123449275734156e-06,20,110,COMPLETE,0.0,,,,,,,,,,,,,,,,,,,,
192,192,0.5771035345636535,2023-08-24 14:31:16.821543,2023-08-24 14:31:18.164661,0 days 00:00:01.343118,0.7000000000000001,2,0.4,3.374758517355726e-05,1.0033872637157687e-06,20,73,COMPLETE,0.0,,,,,,,,,,,,,,,,,,,,
193,193,0.5771035345636535,2023-08-24 14:31:16.983784,2023-08-24 14:31:18.320445,0 days 00:00:01.336661,0.7000000000000001,2,0.4,6.601793254150214e-07,0.0004084392627579663,20,231,COMPLETE,0.0,,,,,,,,,,,,,,,,,,,,
194,194,0.5339308578745199,2023-08-24 14:31:17.173499,2023-08-24 14:31:17.699031,0 days 00:00:00.525532,0.7000000000000001,2,0.4,1.0740725332567067e-06,2.1301220330427107e-06,30,8,COMPLETE,0.0,,,,,,,,,,,,,,,,,,,,
195,195,0.5120425398811386,2023-08-24 14:31:17.308054,2023-08-24 14:31:17.957350,0 days 00:00:00.649296,0.7000000000000001,2,0.4,6.202931540657882e-05,1.0398869733408705e-06,30,194,COMPLETE,0.0,,,,,,,,,,,,,,,,,,,,
196,196,0.5120425398811386,2023-08-24 14:31:17.466059,2023-08-24 14:31:18.270199,0 days 00:00:00.804140,0.7000000000000001,2,0.4,1.3850477433602627e-06,2.286096557551411e-06,30,130,COMPLETE,0.0,,,,,,,,,,,,,,,,,,,,
197,197,0.5673262303399289,2023-08-24 14:31:17.744350,2023-08-24 14:31:18.993736,0 days 00:00:01.249386,0.7000000000000001,2,0.4,4.182021356802917e-08,1.0975564133088857e-06,10,220,COMPLETE,0.0,,,,,,,,,,,,,,,,,,,,
198,198,0.5853269537480064,2023-08-24 14:31:17.883244,2023-08-24 14:31:19.044668,0 days 00:00:01.161424,0.6000000000000001,3,0.4,1.4775443007068798e-08,3.464826102415183e-07,10,224,COMPLETE,0.0,,,,,,,,,,,,,,,,,,,,
199,199,0.5853269537480064,2023-08-24 14:31:17.999907,2023-08-24 14:31:19.363374,0 days 00:00:01.363467,0.6000000000000001,3,0.4,1.375589990823545e-06,3.366285717501593e-07,10,224,COMPLETE,0.0,,,,,,,,,,,,,,,,,,,,
200,200,0.5771035345636535,2023-08-24 14:31:18.108343,2023-08-24 14:31:19.671796,0 days 00:00:01.563453,0.6000000000000001,2,0.4,1.4382499186971321e-06,2.9845785335734513e-07,10,223,COMPLETE,0.0,,,,,,,,,,,,,,,,,,,,
