,number,value,datetime_start,datetime_complete,duration,params_bagging_fraction,params_bagging_freq,params_feature_fraction,params_lambda_l1,params_lambda_l2,params_min_child_samples,params_num_leaves,state,best_trial,dev_acc,dev_recall_macro,dev_precision_macro,dev_f1_macro,dev_recall_0,dev_precision_0,dev_f1_0,dev_recall_1,dev_precision_1,dev_f1_1,test_acc,test_recall_macro,test_precision_macro,test_f1_macro,test_recall_0,test_precision_0,test_f1_0,test_recall_1,test_precision_1,test_f1_1
102,102,0.5726638023630504,2023-08-24 14:21:44.285672,2023-08-24 14:21:46.951824,0 days 00:00:02.666152,1.0,3,0.4,1.3607975225016558e-05,1.361610433886153e-07,40,93,COMPLETE,0.0,,,,,,,,,,,,,,,,,,,,
103,103,0.5742521378842628,2023-08-24 14:21:44.398238,2023-08-24 14:21:46.875377,0 days 00:00:02.477139,1.0,3,0.5,1.482555096581461e-05,2.0399339157094177e-07,40,102,COMPLETE,0.0,,,,,,,,,,,,,,,,,,,,
104,104,0.5749435113353921,2023-08-24 14:21:44.584686,2023-08-24 14:21:47.287538,0 days 00:00:02.702852,1.0,3,0.8,1.3732478834819351e-05,1.6108806272036455e-07,40,158,COMPLETE,0.0,,,,,,,,,,,,,,,,,,,,
105,105,0.5749435113353921,2023-08-24 14:21:44.870194,2023-08-24 14:21:47.226036,0 days 00:00:02.355842,1.0,3,0.5,1.5521845679625177e-05,1.7334435562125148e-07,40,157,COMPLETE,0.0,,,,,,,,,,,,,,,,,,,,
106,106,0.5749435113353921,2023-08-24 14:21:45.398279,2023-08-24 14:21:48.014609,0 days 00:00:02.616330,1.0,3,0.8,1.3867787771071026e-05,1.919775875188916e-06,40,206,COMPLETE,0.0,,,,,,,,,,,,,,,,,,,,
107,107,0.5749435113353921,2023-08-24 14:21:45.889537,2023-08-24 14:21:48.138594,0 days 00:00:02.249057,1.0,3,0.9,1.2494330192044297e-05,1.5653680729735186e-08,40,212,COMPLETE,0.0,,,,,,,,,,,,,,,,,,,,
108,108,0.5749435113353921,2023-08-24 14:21:45.966472,2023-08-24 14:21:48.744258,0 days 00:00:02.777786,1.0,3,0.5,3.802509670697723e-05,6.693680209120083e-08,40,209,COMPLETE,0.0,,,,,,,,,,,,,,,,,,,,
109,109,0.5749435113353921,2023-08-24 14:21:46.925097,2023-08-24 14:21:49.816183,0 days 00:00:02.891086,1.0,3,0.7000000000000001,4.603152661986936e-05,6.235965172682467e-08,40,209,COMPLETE,0.0,,,,,,,,,,,,,,,,,,,,
110,110,0.5749435113353921,2023-08-24 14:21:47.007029,2023-08-24 14:21:49.677254,0 days 00:00:02.670225,1.0,3,0.7000000000000001,3.950241236417777e-05,5.990888428365363e-08,40,136,COMPLETE,0.0,,,,,,,,,,,,,,,,,,,,
111,111,0.577904322167943,2023-08-24 14:21:47.118002,2023-08-24 14:21:50.438028,0 days 00:00:03.320026,1.0,3,0.7000000000000001,4.726449031034244e-05,5.448680691729398e-08,50,155,COMPLETE,0.0,,,,,,,,,,,,,,,,,,,,
112,112,0.577904322167943,2023-08-24 14:21:47.275223,2023-08-24 14:21:49.737434,0 days 00:00:02.462211,1.0,3,0.7000000000000001,4.5744883544357145e-05,5.816736734348346e-08,50,157,COMPLETE,0.0,,,,,,,,,,,,,,,,,,,,
113,113,0.577904322167943,2023-08-24 14:21:47.348909,2023-08-24 14:21:49.951867,0 days 00:00:02.602958,1.0,3,0.7000000000000001,5.43717922471414e-05,6.425813406115419e-08,50,136,COMPLETE,0.0,,,,,,,,,,,,,,,,,,,,
114,114,0.5704263159179092,2023-08-24 14:21:48.059730,2023-08-24 14:21:50.070590,0 days 00:00:02.010860,0.7000000000000001,3,0.7000000000000001,4.2144696758976777e-05,6.643132076222657e-08,50,136,COMPLETE,0.0,,,,,,,,,,,,,,,,,,,,
115,115,0.577904322167943,2023-08-24 14:21:48.181721,2023-08-24 14:21:50.249921,0 days 00:00:02.068200,1.0,3,0.7000000000000001,3.729916811789291e-05,6.690880289995553e-08,50,139,COMPLETE,0.0,,,,,,,,,,,,,,,,,,,,
116,116,0.5704263159179092,2023-08-24 14:21:48.792672,2023-08-24 14:21:50.196597,0 days 00:00:01.403925,0.7000000000000001,3,0.7000000000000001,5.195495514048407e-05,6.087850317121847e-08,50,137,COMPLETE,0.0,,,,,,,,,,,,,,,,,,,,
117,117,0.577904322167943,2023-08-24 14:21:49.724375,2023-08-24 14:21:52.354210,0 days 00:00:02.629835,1.0,3,0.6000000000000001,4.8261502322291406e-05,5.2489600691950843e-08,50,123,COMPLETE,0.0,,,,,,,,,,,,,,,,,,,,
118,118,0.577904322167943,2023-08-24 14:21:49.784216,2023-08-24 14:21:52.917790,0 days 00:00:03.133574,1.0,3,0.8,3.5456339911333375e-05,8.518520629243626e-08,50,176,COMPLETE,0.0,,,,,,,,,,,,,,,,,,,,
119,119,0.577904322167943,2023-08-24 14:21:49.860980,2023-08-24 14:21:51.996906,0 days 00:00:02.135926,1.0,3,0.8,2.0283652873743354e-05,8.358474443925055e-08,50,122,COMPLETE,0.0,,,,,,,,,,,,,,,,,,,,
120,120,0.577904322167943,2023-08-24 14:21:49.997911,2023-08-24 14:21:52.690928,0 days 00:00:02.693017,1.0,3,0.8,3.5774539801268375e-05,8.830981545936688e-08,50,126,COMPLETE,0.0,,,,,,,,,,,,,,,,,,,,
121,121,0.577904322167943,2023-08-24 14:21:50.121505,2023-08-24 14:21:52.444532,0 days 00:00:02.323027,1.0,3,0.8,3.060562751727479e-05,1.4372495089625028e-08,50,126,COMPLETE,0.0,,,,,,,,,,,,,,,,,,,,
122,122,0.577904322167943,2023-08-24 14:21:50.240087,2023-08-24 14:21:52.577143,0 days 00:00:02.337056,1.0,3,0.6000000000000001,3.185495638387435e-05,9.311452693305961e-08,50,124,COMPLETE,0.0,,,,,,,,,,,,,,,,,,,,
123,123,0.577904322167943,2023-08-24 14:21:50.299981,2023-08-24 14:21:53.464466,0 days 00:00:03.164485,1.0,3,0.8,2.0176430654580544e-05,1.5054782052362046e-08,50,116,COMPLETE,0.0,,,,,,,,,,,,,,,,,,,,
124,124,0.577904322167943,2023-08-24 14:21:50.489037,2023-08-24 14:21:52.739764,0 days 00:00:02.250727,1.0,3,0.8,1.935804255848036e-05,1.8040679065912527e-08,50,127,COMPLETE,0.0,,,,,,,,,,,,,,,,,,,,
125,125,0.577904322167943,2023-08-24 14:21:52.039647,2023-08-24 14:21:54.842337,0 days 00:00:02.802690,1.0,3,0.8,1.9448672320310482e-05,1.053404540360883e-07,50,114,COMPLETE,0.0,,,,,,,,,,,,,,,,,,,,
126,126,0.577904322167943,2023-08-24 14:21:52.411011,2023-08-24 14:21:54.912203,0 days 00:00:02.501192,1.0,3,0.8,2.7783448153180058e-05,1.0094831880760028e-07,50,115,COMPLETE,0.0,,,,,,,,,,,,,,,,,,,,
127,127,0.577904322167943,2023-08-24 14:21:52.489402,2023-08-24 14:21:55.153659,0 days 00:00:02.664257,1.0,3,0.8,5.660490068980392e-06,3.8243186731325715e-07,50,178,COMPLETE,0.0,,,,,,,,,,,,,,,,,,,,
128,128,0.577904322167943,2023-08-24 14:21:52.631794,2023-08-24 14:21:55.473571,0 days 00:00:02.841777,1.0,3,0.8,1.8673501957558786e-05,1.044250688780484e-07,50,178,COMPLETE,0.0,,,,,,,,,,,,,,,,,,,,
129,129,0.577904322167943,2023-08-24 14:21:52.733843,2023-08-24 14:21:55.102227,0 days 00:00:02.368384,1.0,3,0.8,1.8670047361535628e-05,3.6201535406818443e-06,50,179,COMPLETE,0.0,,,,,,,,,,,,,,,,,,,,
130,130,0.5756068481156504,2023-08-24 14:21:52.787730,2023-08-24 14:21:55.563031,0 days 00:00:02.775301,1.0,3,0.8,7.952555281060576e-05,0.17717075536678822,50,179,COMPLETE,0.0,,,,,,,,,,,,,,,,,,,,
131,131,0.577904322167943,2023-08-24 14:21:52.966895,2023-08-24 14:21:55.286485,0 days 00:00:02.319590,1.0,3,0.8,8.449125591371395e-05,4.322433071686808e-07,50,113,COMPLETE,0.0,,,,,,,,,,,,,,,,,,,,
132,132,0.577904322167943,2023-08-24 14:21:53.521461,2023-08-24 14:21:55.788726,0 days 00:00:02.267265,1.0,3,0.8,8.604187173174333e-05,1.1866513659486175e-06,50,167,COMPLETE,0.0,,,,,,,,,,,,,,,,,,,,
133,133,0.577904322167943,2023-08-24 14:21:54.898526,2023-08-24 14:21:58.043506,0 days 00:00:03.144980,1.0,3,0.8,8.515522549315157e-05,6.061506311697085e-06,50,235,COMPLETE,0.0,,,,,,,,,,,,,,,,,,,,
134,134,0.5733591528985209,2023-08-24 14:21:54.954164,2023-08-24 14:21:56.831040,0 days 00:00:01.876876,0.9,3,0.9,5.544575206435486e-06,3.7587720006438346e-07,60,168,COMPLETE,0.0,,,,,,,,,,,,,,,,,,,,
135,135,0.5733591528985209,2023-08-24 14:21:55.144627,2023-08-24 14:21:57.341793,0 days 00:00:02.197166,0.9,3,0.9,5.830437540330312e-06,4.2359697093565777e-07,60,172,COMPLETE,0.0,,,,,,,,,,,,,,,,,,,,
136,136,0.5691230086391377,2023-08-24 14:21:55.233590,2023-08-24 14:21:57.119103,0 days 00:00:01.885513,0.9,3,0.9,9.491310372274506e-05,0.15399412603217294,60,167,COMPLETE,0.0,,,,,,,,,,,,,,,,,,,,
137,137,0.5685026171297554,2023-08-24 14:21:55.332908,2023-08-24 14:21:57.548529,0 days 00:00:02.215621,0.9,3,0.9,8.874131220256237e-06,0.19539096172533735,60,168,COMPLETE,0.0,,,,,,,,,,,,,,,,,,,,
138,138,0.5715880968475505,2023-08-24 14:21:55.519360,2023-08-24 14:21:56.877799,0 days 00:00:01.358439,1.0,3,0.9,7.853289274000637e-06,1.978374932727481e-08,60,168,COMPLETE,0.0,,,,,,,,,,,,,,,,,,,,
139,139,0.5715880968475505,2023-08-24 14:21:55.608197,2023-08-24 14:21:57.273311,0 days 00:00:01.665114,1.0,3,0.9,1.0181421383439812e-05,2.9202345472730037e-08,60,168,COMPLETE,0.0,,,,,,,,,,,,,,,,,,,,
140,140,0.5715880968475505,2023-08-24 14:21:55.837320,2023-08-24 14:21:57.598354,0 days 00:00:01.761034,1.0,3,0.9,8.095180100780212e-06,2.591540614585973e-08,60,189,COMPLETE,0.0,,,,,,,,,,,,,,,,,,,,
141,141,0.577904322167943,2023-08-24 14:21:56.922386,2023-08-24 14:21:59.307889,0 days 00:00:02.385503,1.0,3,0.8,0.00015008517172662974,2.7520676995086873e-08,50,187,COMPLETE,0.0,,,,,,,,,,,,,,,,,,,,
142,142,0.577904322167943,2023-08-24 14:21:56.937153,2023-08-24 14:21:59.629380,0 days 00:00:02.692227,1.0,3,0.8,9.369913409013391e-06,2.5331191758126822e-08,50,147,COMPLETE,0.0,,,,,,,,,,,,,,,,,,,,
143,143,0.577904322167943,2023-08-24 14:21:57.178326,2023-08-24 14:21:59.545178,0 days 00:00:02.366852,1.0,3,0.8,9.398884979687858e-06,2.6986446524108026e-08,50,189,COMPLETE,0.0,,,,,,,,,,,,,,,,,,,,
144,144,0.5756068481156504,2023-08-24 14:21:57.318973,2023-08-24 14:22:00.503064,0 days 00:00:03.184091,1.0,3,0.8,2.680407807467293e-05,0.026337407686904905,50,186,COMPLETE,0.0,,,,,,,,,,,,,,,,,,,,
145,145,0.577904322167943,2023-08-24 14:21:57.389781,2023-08-24 14:21:59.210514,0 days 00:00:01.820733,1.0,3,0.8,2.778688026591266e-05,2.3198941773282674e-08,50,189,COMPLETE,0.0,,,,,,,,,,,,,,,,,,,,
146,146,0.577904322167943,2023-08-24 14:21:57.595950,2023-08-24 14:22:00.238957,0 days 00:00:02.643007,1.0,3,0.8,2.780394419488802e-05,2.48496589565436e-08,50,189,COMPLETE,0.0,,,,,,,,,,,,,,,,,,,,
147,147,0.5748954326333233,2023-08-24 14:21:57.654097,2023-08-24 14:22:00.566918,0 days 00:00:02.912821,1.0,3,0.8,2.7279878371617643e-05,0.0479363650236353,50,187,COMPLETE,0.0,,,,,,,,,,,,,,,,,,,,
148,148,0.577904322167943,2023-08-24 14:21:58.094796,2023-08-24 14:22:00.671711,0 days 00:00:02.576915,1.0,3,0.8,2.652941007189329e-05,2.1383886288634327e-08,50,188,COMPLETE,0.0,,,,,,,,,,,,,,,,,,,,
149,149,0.577904322167943,2023-08-24 14:21:59.252152,2023-08-24 14:22:01.641631,0 days 00:00:02.389479,1.0,3,0.8,2.591664633696301e-05,0.03128419104391283,50,184,COMPLETE,0.0,,,,,,,,,,,,,,,,,,,,
150,150,0.577904322167943,2023-08-24 14:21:59.350040,2023-08-24 14:22:01.757272,0 days 00:00:02.407232,1.0,3,0.8,2.636794769181993e-05,3.987320131187939e-08,50,183,COMPLETE,0.0,,,,,,,,,,,,,,,,,,,,
151,151,0.5772026651881021,2023-08-24 14:21:59.592289,2023-08-24 14:22:02.089543,0 days 00:00:02.497254,1.0,3,0.8,2.6730461482533116e-05,0.02319413306641932,50,185,COMPLETE,0.0,,,,,,,,,,,,,,,,,,,,
152,152,0.5772026651881021,2023-08-24 14:21:59.675009,2023-08-24 14:22:02.090239,0 days 00:00:02.415230,1.0,3,0.8,2.6569563186864666e-05,0.037195386143201004,50,182,COMPLETE,0.0,,,,,,,,,,,,,,,,,,,,
153,153,0.577904322167943,2023-08-24 14:22:00.281841,2023-08-24 14:22:03.012932,0 days 00:00:02.731091,1.0,3,0.8,2.4727742583771464e-05,1.0828874452178823e-08,50,180,COMPLETE,0.0,,,,,,,,,,,,,,,,,,,,
154,154,0.577904322167943,2023-08-24 14:22:00.564205,2023-08-24 14:22:03.079316,0 days 00:00:02.515111,1.0,3,0.8,1.6911837921808624e-05,2.6036631114754616e-07,50,182,COMPLETE,0.0,,,,,,,,,,,,,,,,,,,,
155,155,0.577904322167943,2023-08-24 14:22:00.622751,2023-08-24 14:22:03.420473,0 days 00:00:02.797722,1.0,3,0.8,1.765169327048159e-05,4.6196308505471606e-05,50,204,COMPLETE,0.0,,,,,,,,,,,,,,,,,,,,
156,156,0.577904322167943,2023-08-24 14:22:00.717821,2023-08-24 14:22:03.711751,0 days 00:00:02.993930,1.0,3,0.8,1.3494815891893453e-05,4.030995628867855e-05,50,181,COMPLETE,0.0,,,,,,,,,,,,,,,,,,,,
157,157,0.577904322167943,2023-08-24 14:22:01.684276,2023-08-24 14:22:03.864401,0 days 00:00:02.180125,1.0,3,0.8,1.6074644324244403e-05,1.2784122599398057e-08,50,107,COMPLETE,0.0,,,,,,,,,,,,,,,,,,,,
158,158,0.577904322167943,2023-08-24 14:22:01.804719,2023-08-24 14:22:04.203269,0 days 00:00:02.398550,1.0,3,0.8,1.5813374503886106e-05,1.5064476783581922e-08,50,118,COMPLETE,0.0,,,,,,,,,,,,,,,,,,,,
159,159,0.577904322167943,2023-08-24 14:22:02.178320,2023-08-24 14:22:04.531909,0 days 00:00:02.353589,1.0,3,0.8,1.5670829450584176e-05,1.3708607426509588e-08,50,108,COMPLETE,0.0,,,,,,,,,,,,,,,,,,,,
160,160,0.577904322167943,2023-08-24 14:22:02.193170,2023-08-24 14:22:04.643993,0 days 00:00:02.450823,1.0,3,0.8,1.706336058028277e-05,1.252203118329286e-08,50,107,COMPLETE,0.0,,,,,,,,,,,,,,,,,,,,
161,161,0.577904322167943,2023-08-24 14:22:03.060303,2023-08-24 14:22:05.921862,0 days 00:00:02.861559,1.0,3,0.8,1.6148715925184755e-05,3.1685145160025106e-05,50,119,COMPLETE,0.0,,,,,,,,,,,,,,,,,,,,
162,162,0.577904322167943,2023-08-24 14:22:03.129781,2023-08-24 14:22:05.329284,0 days 00:00:02.199503,1.0,3,0.8,1.5527429016043247e-05,4.261711090861985e-08,50,201,COMPLETE,0.0,,,,,,,,,,,,,,,,,,,,
163,163,0.5749435113353921,2023-08-24 14:22:03.464686,2023-08-24 14:22:05.984616,0 days 00:00:02.519930,1.0,3,0.8,1.2300162591461754e-05,4.447758256313853e-08,40,194,COMPLETE,0.0,,,,,,,,,,,,,,,,,,,,
164,164,0.5749435113353921,2023-08-24 14:22:03.759303,2023-08-24 14:22:06.648678,0 days 00:00:02.889375,1.0,3,0.8,5.173475997519369e-05,1.763076627816286e-08,40,107,COMPLETE,0.0,,,,,,,,,,,,,,,,,,,,
165,165,0.5749435113353921,2023-08-24 14:22:03.908603,2023-08-24 14:22:06.400440,0 days 00:00:02.491837,1.0,3,0.8,4.919885629225032e-05,3.987384157285191e-08,40,174,COMPLETE,0.0,,,,,,,,,,,,,,,,,,,,
166,166,0.5726638023630504,2023-08-24 14:22:04.247334,2023-08-24 14:22:06.783089,0 days 00:00:02.535755,1.0,2,0.8,5.266461322904583e-05,4.64382035651261e-08,40,108,COMPLETE,0.0,,,,,,,,,,,,,,,,,,,,
167,167,0.5749435113353921,2023-08-24 14:22:04.577161,2023-08-24 14:22:07.622168,0 days 00:00:03.045007,1.0,2,0.8,5.1668553953400567e-05,4.835990017939169e-08,40,174,COMPLETE,0.0,,,,,,,,,,,,,,,,,,,,
168,168,0.5726638023630504,2023-08-24 14:22:04.686622,2023-08-24 14:22:06.724957,0 days 00:00:02.038335,1.0,3,0.8,6.221950513447218e-05,4.905395137684142e-08,40,92,COMPLETE,0.0,,,,,,,,,,,,,,,,,,,,
169,169,0.5749435113353921,2023-08-24 14:22:05.375771,2023-08-24 14:22:07.841284,0 days 00:00:02.465513,1.0,3,0.8,6.22786308025899e-05,4.194940406652598e-08,40,194,COMPLETE,0.0,,,,,,,,,,,,,,,,,,,,
170,170,0.5749435113353921,2023-08-24 14:22:05.968083,2023-08-24 14:22:08.665649,0 days 00:00:02.697566,1.0,3,0.8,5.760428001837234e-05,4.7412132207447895e-08,40,194,COMPLETE,0.0,,,,,,,,,,,,,,,,,,,,
171,171,0.5749435113353921,2023-08-24 14:22:06.030438,2023-08-24 14:22:08.484773,0 days 00:00:02.454335,1.0,2,0.8,5.13497787772077e-05,1.1594508691260724e-07,40,132,COMPLETE,0.0,,,,,,,,,,,,,,,,,,,,
172,172,0.5756068481156504,2023-08-24 14:22:06.443753,2023-08-24 14:22:08.831301,0 days 00:00:02.387548,1.0,2,0.8,3.7120553357684046e-05,1.228166670901765e-07,50,91,COMPLETE,0.0,,,,,,,,,,,,,,,,,,,,
173,173,0.5679540646891841,2023-08-24 14:22:06.693159,2023-08-24 14:22:08.662185,0 days 00:00:01.969026,0.8,2,0.8,3.7450248672942964e-05,1.2773016638236103e-07,50,128,COMPLETE,0.0,,,,,,,,,,,,,,,,,,,,
174,174,0.577904322167943,2023-08-24 14:22:06.770972,2023-08-24 14:22:09.253033,0 days 00:00:02.482061,1.0,2,0.8,3.8840575856017474e-05,1.2131555511446356e-07,50,132,COMPLETE,0.0,,,,,,,,,,,,,,,,,,,,
175,175,0.577904322167943,2023-08-24 14:22:06.848370,2023-08-24 14:22:09.529978,0 days 00:00:02.681608,1.0,3,0.8,3.665957640679553e-05,1.2491945810079547e-07,50,132,COMPLETE,0.0,,,,,,,,,,,,,,,,,,,,
176,176,0.5756068481156504,2023-08-24 14:22:07.665498,2023-08-24 14:22:09.787462,0 days 00:00:02.121964,1.0,3,0.8,3.506799767296488e-05,1.3147165880447823e-07,50,83,COMPLETE,0.0,,,,,,,,,,,,,,,,,,,,
177,177,0.5756068481156504,2023-08-24 14:22:07.884229,2023-08-24 14:22:09.923611,0 days 00:00:02.039382,1.0,3,0.8,3.968014116488732e-05,1.1972415525607098e-07,50,98,COMPLETE,0.0,,,,,,,,,,,,,,,,,,,,
178,178,0.577904322167943,2023-08-24 14:22:08.532422,2023-08-24 14:22:10.657854,0 days 00:00:02.125432,1.0,3,0.8,3.9128950598001e-05,8.047922125255928e-08,50,160,COMPLETE,0.0,,,,,,,,,,,,,,,,,,,,
179,179,0.577904322167943,2023-08-24 14:22:08.756366,2023-08-24 14:22:11.115683,0 days 00:00:02.359317,1.0,3,0.8,1.0259758101219175e-05,7.371306776793752e-08,50,161,COMPLETE,0.0,,,,,,,,,,,,,,,,,,,,
180,180,0.577904322167943,2023-08-24 14:22:08.771786,2023-08-24 14:22:11.643284,0 days 00:00:02.871498,1.0,3,0.8,3.45279104820787e-05,3.1155200476285774e-08,50,161,COMPLETE,0.0,,,,,,,,,,,,,,,,,,,,
181,181,0.5756068481156504,2023-08-24 14:22:08.891580,2023-08-24 14:22:11.522094,0 days 00:00:02.630514,1.0,3,0.8,1.0663664754285817e-05,8.761144107026533e-08,50,97,COMPLETE,0.0,,,,,,,,,,,,,,,,,,,,
182,182,0.577904322167943,2023-08-24 14:22:09.295339,2023-08-24 14:22:12.021841,0 days 00:00:02.726502,1.0,3,0.8,2.1630490839701198e-05,3.142372214997563e-08,50,161,COMPLETE,0.0,,,,,,,,,,,,,,,,,,,,
183,183,0.577904322167943,2023-08-24 14:22:09.573871,2023-08-24 14:22:12.154965,0 days 00:00:02.581094,1.0,3,0.8,2.0854565492481198e-05,8.20870180336892e-08,50,172,COMPLETE,0.0,,,,,,,,,,,,,,,,,,,,
184,184,0.577904322167943,2023-08-24 14:22:09.835435,2023-08-24 14:22:12.252333,0 days 00:00:02.416898,1.0,3,0.8,1.0243481245192524e-05,0.001133887241787607,50,96,COMPLETE,0.0,,,,,,,,,,,,,,,,,,,,
185,185,0.577904322167943,2023-08-24 14:22:09.968695,2023-08-24 14:22:11.918036,0 days 00:00:01.949341,1.0,3,0.8,1.057703767240356e-05,7.826904411464433e-08,50,173,COMPLETE,0.0,,,,,,,,,,,,,,,,,,,,
186,186,0.574587009167964,2023-08-24 14:22:10.701386,2023-08-24 14:22:14.207689,0 days 00:00:03.506303,1.0,3,0.8,1.0277682019485489e-05,0.0011229115729787448,20,152,COMPLETE,0.0,,,,,,,,,,,,,,,,,,,,
187,187,0.577904322167943,2023-08-24 14:22:11.158987,2023-08-24 14:22:13.393209,0 days 00:00:02.234222,1.0,3,0.8,6.959513401721474e-06,0.001499646979385453,50,111,COMPLETE,0.0,,,,,,,,,,,,,,,,,,,,
188,188,0.577904322167943,2023-08-24 14:22:11.566512,2023-08-24 14:22:13.587340,0 days 00:00:02.020828,1.0,3,0.8,2.102134025567361e-05,2.8285558054402915e-08,50,112,COMPLETE,0.0,,,,,,,,,,,,,,,,,,,,
189,189,0.577904322167943,2023-08-24 14:22:11.694803,2023-08-24 14:22:14.304534,0 days 00:00:02.609731,1.0,3,0.8,2.336353387955649e-05,2.0085857103235058e-08,50,175,COMPLETE,0.0,,,,,,,,,,,,,,,,,,,,
190,190,0.577904322167943,2023-08-24 14:22:11.963381,2023-08-24 14:22:14.535896,0 days 00:00:02.572515,1.0,3,0.8,2.5232412316644384e-05,1.935951017921407e-08,50,113,COMPLETE,0.0,,,,,,,,,,,,,,,,,,,,
191,191,0.577904322167943,2023-08-24 14:22:12.072983,2023-08-24 14:22:14.430519,0 days 00:00:02.357536,1.0,3,0.8,2.1212575431663642e-05,2.081909371273416e-08,50,174,COMPLETE,0.0,,,,,,,,,,,,,,,,,,,,
192,192,0.577904322167943,2023-08-24 14:22:12.220605,2023-08-24 14:22:15.299363,0 days 00:00:03.078758,1.0,3,0.8,2.2107577603916357e-05,2.0365263431017872e-08,50,113,COMPLETE,0.0,,,,,,,,,,,,,,,,,,,,
193,193,0.577904322167943,2023-08-24 14:22:12.314569,2023-08-24 14:22:14.975061,0 days 00:00:02.660492,1.0,3,0.8,2.155702077822897e-05,2.183244721090474e-08,50,113,COMPLETE,0.0,,,,,,,,,,,,,,,,,,,,
194,194,0.577904322167943,2023-08-24 14:22:13.437676,2023-08-24 14:22:15.881443,0 days 00:00:02.443767,1.0,1,0.8,2.1124068648580672e-05,2.0088057176588154e-08,50,177,COMPLETE,0.0,,,,,,,,,,,,,,,,,,,,
195,195,0.5715880968475505,2023-08-24 14:22:13.630834,2023-08-24 14:22:15.236803,0 days 00:00:01.605969,1.0,1,0.8,2.0825369460455886e-05,1.9404528765656635e-08,60,177,COMPLETE,0.0,,,,,,,,,,,,,,,,,,,,
196,196,0.5715880968475505,2023-08-24 14:22:14.250316,2023-08-24 14:22:16.339589,0 days 00:00:02.089273,1.0,3,0.7000000000000001,2.2386173240977308e-05,1.785327504847511e-08,60,177,COMPLETE,0.0,,,,,,,,,,,,,,,,,,,,
197,197,0.5667957576849756,2023-08-24 14:22:14.357097,2023-08-24 14:22:15.431443,0 days 00:00:01.074346,1.0,3,0.7000000000000001,1.9434252064574004e-05,2.0200096569942477e-08,50,23,COMPLETE,0.0,,,,,,,,,,,,,,,,,,,,
198,198,0.577904322167943,2023-08-24 14:22:14.483198,2023-08-24 14:22:17.197131,0 days 00:00:02.713933,1.0,1,0.8,4.494342926798956e-06,3.211326291312806e-08,50,247,COMPLETE,0.0,,,,,,,,,,,,,,,,,,,,
199,199,0.577904322167943,2023-08-24 14:22:14.580406,2023-08-24 14:22:17.047232,0 days 00:00:02.466826,1.0,3,0.8,1.6815526548443615e-06,0.00019236296917447948,50,251,COMPLETE,0.0,,,,,,,,,,,,,,,,,,,,
200,200,0.5748954326333233,2023-08-24 14:22:15.015595,2023-08-24 14:22:17.826670,0 days 00:00:02.811075,1.0,3,0.8,2.7259605327096457e-06,0.005721466371636588,50,239,COMPLETE,0.0,,,,,,,,,,,,,,,,,,,,
201,201,0.577904322167943,2023-08-24 14:22:15.283255,2023-08-24 14:22:17.942919,0 days 00:00:02.659664,1.0,3,0.8,2.7122972037384856e-06,2.2133684720034647e-07,50,253,COMPLETE,0.0,,,,,,,,,,,,,,,,,,,,
202,202,0.577904322167943,2023-08-24 14:22:15.342875,2023-08-24 14:22:17.766079,0 days 00:00:02.423204,1.0,3,0.8,2.1682073569360043e-06,3.123885532590383e-08,50,240,COMPLETE,0.0,,,,,,,,,,,,,,,,,,,,
203,203,0.577904322167943,2023-08-24 14:22:15.480417,2023-08-24 14:22:18.043819,0 days 00:00:02.563402,1.0,3,0.8,2.7929403975473704e-06,3.3848491583774645e-08,50,252,COMPLETE,0.0,,,,,,,,,,,,,,,,,,,,
204,204,0.577904322167943,2023-08-24 14:22:15.924961,2023-08-24 14:22:18.583644,0 days 00:00:02.658683,1.0,3,0.8,4.7042812569161125e-06,3.5114293062077566e-08,50,251,COMPLETE,0.0,,,,,,,,,,,,,,,,,,,,
205,205,0.5748954326333233,2023-08-24 14:22:16.385731,2023-08-24 14:22:19.067110,0 days 00:00:02.681379,1.0,3,0.8,2.7527559479393004e-06,0.005535326747320921,50,242,COMPLETE,0.0,,,,,,,,,,,,,,,,,,,,
206,206,0.5748954326333233,2023-08-24 14:22:17.096858,2023-08-24 14:22:19.498818,0 days 00:00:02.401960,1.0,3,0.8,9.476870786230909e-07,0.005052742937935361,50,123,COMPLETE,0.0,,,,,,,,,,,,,,,,,,,,
207,207,0.577904322167943,2023-08-24 14:22:17.243008,2023-08-24 14:22:19.651843,0 days 00:00:02.408835,1.0,3,0.8,6.359495165471455e-06,6.31115766681363e-08,50,143,COMPLETE,0.0,,,,,,,,,,,,,,,,,,,,
208,208,0.577904322167943,2023-08-24 14:22:17.810462,2023-08-24 14:22:20.684323,0 days 00:00:02.873861,1.0,3,0.8,0.00011604797756071369,0.0036206713881982142,50,255,COMPLETE,0.0,,,,,,,,,,,,,,,,,,,,
