,number,value,datetime_start,datetime_complete,duration,params_bagging_fraction,params_bagging_freq,params_feature_fraction,params_lambda_l1,params_lambda_l2,params_min_child_samples,params_num_leaves,state,best_trial,dev_acc,dev_recall_macro,dev_precision_macro,dev_f1_macro,dev_recall_0,dev_precision_0,dev_f1_0,dev_recall_1,dev_precision_1,dev_f1_1,test_acc,test_recall_macro,test_precision_macro,test_f1_macro,test_recall_0,test_precision_0,test_f1_0,test_recall_1,test_precision_1,test_f1_1
0,0,0.4801209753638712,2023-08-23 23:27:57.963871,2023-08-23 23:27:59.430975,0 days 00:00:01.467104,0.7000000000000001,1,0.5,0.002225996397876227,0.021180509328452262,90,222,COMPLETE,0.0,,,,,,,,,,,,,,,,,,,,
1,1,0.4992947239037985,2023-08-23 23:27:57.966296,2023-08-23 23:27:58.954968,0 days 00:00:00.988672,0.7000000000000001,3,0.7000000000000001,3.2858377430014583e-07,0.002593262889694037,50,29,COMPLETE,0.0,,,,,,,,,,,,,,,,,,,,
2,2,0.48552752440561386,2023-08-23 23:27:57.969669,2023-08-23 23:27:58.410544,0 days 00:00:00.440875,0.5,1,1.0,0.22501149795854547,7.554135179247215e-05,40,15,COMPLETE,0.0,,,,,,,,,,,,,,,,,,,,
3,3,0.4874848163501398,2023-08-23 23:27:57.970767,2023-08-23 23:28:01.887753,0 days 00:00:03.916986,0.9,1,0.5,0.17693347892093392,0.2606768849308058,20,171,COMPLETE,0.0,,,,,,,,,,,,,,,,,,,,
4,4,0.4845745634717693,2023-08-23 23:27:57.973361,2023-08-23 23:27:58.880587,0 days 00:00:00.907226,0.5,1,0.8,1.260946316775764e-07,3.2485032142157044e-05,100,109,COMPLETE,0.0,,,,,,,,,,,,,,,,,,,,
5,5,0.4903286622325439,2023-08-23 23:27:57.975919,2023-08-23 23:27:59.019543,0 days 00:00:01.043624,0.8,3,0.6000000000000001,5.396936143270151e-08,0.00023434228570750723,40,33,COMPLETE,0.0,,,,,,,,,,,,,,,,,,,,
6,6,0.4796979432509768,2023-08-23 23:27:57.976772,2023-08-23 23:27:58.630306,0 days 00:00:00.653534,0.4,3,1.0,0.0008363713502229071,4.616414287982334e-08,80,217,COMPLETE,0.0,,,,,,,,,,,,,,,,,,,,
7,7,0.4926705728328289,2023-08-23 23:27:57.977689,2023-08-23 23:27:58.569233,0 days 00:00:00.591544,0.6000000000000001,2,0.8,2.4619915672472904e-07,9.383430362979147e-08,20,20,COMPLETE,0.0,,,,,,,,,,,,,,,,,,,,
8,8,0.5050406571523399,2023-08-23 23:27:58.453412,2023-08-23 23:28:00.717443,0 days 00:00:02.264031,1.0,3,1.0,2.572535853708515e-08,1.2106196856154464e-05,80,250,COMPLETE,0.0,,,,,,,,,,,,,,,,,,,,
9,9,0.48076389037233247,2023-08-23 23:27:58.609293,2023-08-23 23:27:59.518907,0 days 00:00:00.909614,0.5,1,0.5,3.434185858244128e-06,0.00516316233275472,10,25,COMPLETE,0.0,,,,,,,,,,,,,,,,,,,,
10,10,0.47944534035255904,2023-08-23 23:27:58.675062,2023-08-23 23:27:59.729550,0 days 00:00:01.054488,1.0,3,0.4,0.031089261562420388,0.003104781780342764,20,32,COMPLETE,0.0,,,,,,,,,,,,,,,,,,,,
11,11,0.48926093467435633,2023-08-23 23:27:58.927037,2023-08-23 23:28:00.907422,0 days 00:00:01.980385,1.0,2,1.0,0.020040632506355578,8.579242548666655e-05,80,206,COMPLETE,0.0,,,,,,,,,,,,,,,,,,,,
12,12,0.4834463112882089,2023-08-23 23:27:58.998276,2023-08-23 23:28:00.219066,0 days 00:00:01.220790,0.6000000000000001,3,1.0,0.0008357380206356724,0.003111235707411125,80,195,COMPLETE,0.0,,,,,,,,,,,,,,,,,,,,
13,13,0.48469890393294646,2023-08-23 23:27:59.060533,2023-08-23 23:28:01.553191,0 days 00:00:02.492658,0.9,2,0.8,0.005755684980770072,0.0003773421037367624,30,100,COMPLETE,0.0,,,,,,,,,,,,,,,,,,,,
14,14,0.48416466349989723,2023-08-23 23:27:59.478982,2023-08-23 23:28:02.793496,0 days 00:00:03.314514,0.7000000000000001,2,0.6000000000000001,0.0011618895427492483,0.07411815083382292,30,227,COMPLETE,0.0,,,,,,,,,,,,,,,,,,,,
15,15,0.5021696201384258,2023-08-23 23:27:59.562068,2023-08-23 23:28:00.796741,0 days 00:00:01.234673,0.5,3,0.4,4.011223607020327e-07,0.00026185001653863087,60,82,COMPLETE,0.0,,,,,,,,,,,,,,,,,,,,
16,16,0.4844950566478293,2023-08-23 23:27:59.768480,2023-08-23 23:28:01.817270,0 days 00:00:02.048790,0.7000000000000001,3,0.8,0.2710488618960425,0.021848818361122898,20,67,COMPLETE,0.0,,,,,,,,,,,,,,,,,,,,
17,17,0.49643065268065273,2023-08-23 23:28:00.264045,2023-08-23 23:28:02.430509,0 days 00:00:02.166464,0.9,2,0.7000000000000001,4.88937226626589e-06,0.915317410092067,60,96,COMPLETE,0.0,,,,,,,,,,,,,,,,,,,,
18,18,0.4925243540049168,2023-08-23 23:28:00.764672,2023-08-23 23:28:03.102591,0 days 00:00:02.337919,1.0,2,0.8,1.3748880656965793e-08,0.40422508555342457,60,114,COMPLETE,0.0,,,,,,,,,,,,,,,,,,,,
19,19,0.4968573730862208,2023-08-23 23:28:00.848742,2023-08-23 23:28:03.278637,0 days 00:00:02.429895,1.0,2,0.8,1.1189403870288314e-08,0.23570366962393796,70,109,COMPLETE,0.0,,,,,,,,,,,,,,,,,,,,
20,20,0.5089019851116625,2023-08-23 23:28:00.959093,2023-08-23 23:28:03.628876,0 days 00:00:02.669783,0.9,2,0.8,1.3233336742758073e-08,0.33422503283511806,60,109,COMPLETE,0.0,,,,,,,,,,,,,,,,,,,,
21,21,0.5033272829450104,2023-08-23 23:28:01.595878,2023-08-23 23:28:03.964983,0 days 00:00:02.369105,0.9,3,0.4,1.9570804732564806e-08,0.35702809980585565,60,157,COMPLETE,0.0,,,,,,,,,,,,,,,,,,,,
22,22,0.49922484612809354,2023-08-23 23:28:01.863424,2023-08-23 23:28:04.554066,0 days 00:00:02.690642,0.9,2,0.4,7.596907416727085e-06,3.7466336567215386e-06,60,162,COMPLETE,0.0,,,,,,,,,,,,,,,,,,,,
23,23,0.49794497238147595,2023-08-23 23:28:01.944428,2023-08-23 23:28:02.938720,0 days 00:00:00.994292,0.4,2,0.4,1.2120210069934585e-08,5.124517186979442e-06,60,251,COMPLETE,0.0,,,,,,,,,,,,,,,,,,,,
24,24,0.4979307462764533,2023-08-23 23:28:02.473416,2023-08-23 23:28:03.742308,0 days 00:00:01.268892,0.4,3,0.4,1.991758506481252e-05,4.841083042239072e-06,60,256,COMPLETE,0.0,,,,,,,,,,,,,,,,,,,,
25,25,0.5005449870930947,2023-08-23 23:28:02.837465,2023-08-23 23:28:04.264982,0 days 00:00:01.427517,0.4,3,0.9,1.135061856830243e-08,3.582810821284622e-06,60,157,COMPLETE,0.0,,,,,,,,,,,,,,,,,,,,
26,26,0.5032756434137307,2023-08-23 23:28:02.986563,2023-08-23 23:28:04.989934,0 days 00:00:02.003371,0.8,3,0.9,1.1234930567250893e-08,3.4032840684766215e-06,70,158,COMPLETE,0.0,,,,,,,,,,,,,,,,,,,,
27,27,0.49218668308721863,2023-08-23 23:28:03.145113,2023-08-23 23:28:04.720030,0 days 00:00:01.574917,0.6000000000000001,3,0.9,4.239545127081507e-06,2.1007893629059547e-06,70,155,COMPLETE,0.0,,,,,,,,,,,,,,,,,,,,
28,28,0.5022417210259963,2023-08-23 23:28:03.325826,2023-08-23 23:28:05.728931,0 days 00:00:02.403105,0.8,3,0.9,1.1384303630270264e-06,5.302415605889094e-06,50,150,COMPLETE,0.0,,,,,,,,,,,,,,,,,,,,
29,29,0.5032756434137307,2023-08-23 23:28:03.670834,2023-08-23 23:28:05.623490,0 days 00:00:01.952656,0.8,3,0.9,1.1481245281782832e-06,5.683685170729701e-06,70,147,COMPLETE,0.0,,,,,,,,,,,,,,,,,,,,
30,30,0.5032756434137307,2023-08-23 23:28:03.784623,2023-08-23 23:28:06.057267,0 days 00:00:02.272644,0.8,3,0.9,8.117680113537136e-07,0.0007254628079207,70,145,COMPLETE,0.0,,,,,,,,,,,,,,,,,,,,
31,31,0.5049503913715019,2023-08-23 23:28:04.006978,2023-08-23 23:28:05.810221,0 days 00:00:01.803243,0.8,3,0.9,6.639630349521762e-08,0.06910784362683552,70,149,COMPLETE,0.0,,,,,,,,,,,,,,,,,,,,
32,32,0.507182320441989,2023-08-23 23:28:04.308956,2023-08-23 23:28:06.219935,0 days 00:00:01.910979,0.8,2,0.9,5.3668039995677956e-08,0.07178998383579177,70,138,COMPLETE,0.0,,,,,,,,,,,,,,,,,,,,
33,33,0.4997678555592072,2023-08-23 23:28:04.614965,2023-08-23 23:28:06.564482,0 days 00:00:01.949517,0.8,3,0.9,8.813001557504196e-08,0.033484088024234485,70,135,COMPLETE,0.0,,,,,,,,,,,,,,,,,,,,
34,34,0.4930634488127676,2023-08-23 23:28:04.762614,2023-08-23 23:28:06.466101,0 days 00:00:01.703487,0.8,3,0.9,9.026313169096036e-07,0.8146157493572775,100,144,COMPLETE,0.0,,,,,,,,,,,,,,,,,,,,
35,35,0.5058030016829551,2023-08-23 23:28:05.031886,2023-08-23 23:28:06.646737,0 days 00:00:01.614851,0.8,2,0.6000000000000001,9.168525922295213e-07,0.060800950416459214,100,132,COMPLETE,0.0,,,,,,,,,,,,,,,,,,,,
36,36,0.49186967914795654,2023-08-23 23:28:05.667083,2023-08-23 23:28:07.454162,0 days 00:00:01.787079,0.9,2,0.6000000000000001,4.7138751958829775e-08,0.05291914098876912,90,128,COMPLETE,0.0,,,,,,,,,,,,,,,,,,,,
37,37,0.5025903217170431,2023-08-23 23:28:05.773685,2023-08-23 23:28:07.938102,0 days 00:00:02.164417,0.9,2,0.6000000000000001,5.3467873180953656e-08,0.07702371100566409,90,129,COMPLETE,0.0,,,,,,,,,,,,,,,,,,,,
38,38,0.5086361737677527,2023-08-23 23:28:05.875799,2023-08-23 23:28:07.578215,0 days 00:00:01.702416,0.9,3,0.9,6.674937299096365e-08,0.03052025627891554,90,127,COMPLETE,0.0,,,,,,,,,,,,,,,,,,,,
39,39,0.4996974385735238,2023-08-23 23:28:06.101315,2023-08-23 23:28:07.812794,0 days 00:00:01.711479,0.9,2,0.7000000000000001,4.676338167376343e-08,0.0466025552912846,90,130,COMPLETE,0.0,,,,,,,,,,,,,,,,,,,,
40,40,0.5066622074100872,2023-08-23 23:28:06.263178,2023-08-23 23:28:08.516644,0 days 00:00:02.253466,0.9,2,1.0,5.9486034197136494e-08,0.08601844689373182,90,128,COMPLETE,0.0,,,,,,,,,,,,,,,,,,,,
41,41,0.4972781483097508,2023-08-23 23:28:06.509061,2023-08-23 23:28:08.430003,0 days 00:00:01.920942,0.9,2,1.0,5.93968039078975e-08,0.07351519252184666,90,184,COMPLETE,0.0,,,,,,,,,,,,,,,,,,,,
42,42,0.49607683133513275,2023-08-23 23:28:06.606985,2023-08-23 23:28:08.840481,0 days 00:00:02.233496,0.9,2,1.0,7.238403168365779e-08,0.0798632385108145,90,182,COMPLETE,0.0,,,,,,,,,,,,,,,,,,,,
43,43,0.5098156137827821,2023-08-23 23:28:06.688515,2023-08-23 23:28:08.238503,0 days 00:00:01.549988,0.9,1,0.7000000000000001,3.765438122673781e-08,0.008169408288004882,90,182,COMPLETE,0.0,,,,,,,,,,,,,,,,,,,,
44,44,0.5095069321380173,2023-08-23 23:28:07.499802,2023-08-23 23:28:09.249523,0 days 00:00:01.749721,0.9,1,1.0,2.422109817466164e-07,0.011176681090806214,100,181,COMPLETE,0.0,,,,,,,,,,,,,,,,,,,,
45,45,0.5098156137827821,2023-08-23 23:28:07.624524,2023-08-23 23:28:09.534417,0 days 00:00:01.909893,0.9,1,0.7000000000000001,1.1867309136001748e-07,0.00887623498291325,90,176,COMPLETE,0.0,,,,,,,,,,,,,,,,,,,,
46,46,0.4963284496153212,2023-08-23 23:28:07.855139,2023-08-23 23:28:09.476760,0 days 00:00:01.621621,0.7000000000000001,1,0.6000000000000001,1.4686336130008336e-07,0.012471766586176363,100,68,COMPLETE,0.0,,,,,,,,,,,,,,,,,,,,
47,47,0.5016792375071141,2023-08-23 23:28:07.985564,2023-08-23 23:28:09.296985,0 days 00:00:01.311421,0.7000000000000001,1,0.7000000000000001,1.867555656917849e-07,0.00934562700645874,100,175,COMPLETE,0.0,,,,,,,,,,,,,,,,,,,,
48,48,0.5113053866344629,2023-08-23 23:28:08.294907,2023-08-23 23:28:09.945507,0 days 00:00:01.650600,0.9,1,0.7000000000000001,2.3056448685158632e-07,0.01341158184978664,100,175,COMPLETE,0.0,,,,,,,,,,,,,,,,,,,,
49,49,0.5016792375071141,2023-08-23 23:28:08.471518,2023-08-23 23:28:09.588508,0 days 00:00:01.116990,0.7000000000000001,1,0.7000000000000001,1.8569368739910922e-07,0.010619533045474411,100,172,COMPLETE,0.0,,,,,,,,,,,,,,,,,,,,
50,50,0.503550835949153,2023-08-23 23:28:08.560978,2023-08-23 23:28:10.264405,0 days 00:00:01.703427,1.0,1,0.8,1.7091528497679137e-07,0.008617159692315407,80,60,COMPLETE,0.0,,,,,,,,,,,,,,,,,,,,
51,51,0.5021486667784671,2023-08-23 23:28:08.883396,2023-08-23 23:28:10.575656,0 days 00:00:01.692260,1.0,1,0.8,1.7121991257474663e-07,0.013764440770311732,80,60,COMPLETE,0.0,,,,,,,,,,,,,,,,,,,,
52,52,0.5072498971576329,2023-08-23 23:28:09.294297,2023-08-23 23:28:11.365056,0 days 00:00:02.070759,1.0,1,0.8,1.7457752743372544e-07,0.011169871580495743,80,62,COMPLETE,0.0,,,,,,,,,,,,,,,,,,,,
53,53,0.5121332704552038,2023-08-23 23:28:09.339122,2023-08-23 23:28:10.788375,0 days 00:00:01.449253,1.0,1,0.8,1.3741866194742619e-07,0.011419327196158123,80,49,COMPLETE,0.0,,,,,,,,,,,,,,,,,,,,
54,54,0.49264476718818173,2023-08-23 23:28:09.529908,2023-08-23 23:28:11.686360,0 days 00:00:02.156452,1.0,1,0.8,3.0315665603514617e-07,0.011412965997823625,80,232,COMPLETE,0.0,,,,,,,,,,,,,,,,,,,,
55,55,0.489665527596562,2023-08-23 23:28:09.582264,2023-08-23 23:28:12.075034,0 days 00:00:02.492770,1.0,1,0.7000000000000001,2.5366239105330823e-07,0.014405173819911339,80,227,COMPLETE,0.0,,,,,,,,,,,,,,,,,,,,
56,56,0.5010225371582122,2023-08-23 23:28:09.638907,2023-08-23 23:28:11.424750,0 days 00:00:01.785843,1.0,1,0.8,2.7727852661074058e-08,0.0016974469642847714,80,229,COMPLETE,0.0,,,,,,,,,,,,,,,,,,,,
57,57,0.5085591481879457,2023-08-23 23:28:09.986523,2023-08-23 23:28:11.568706,0 days 00:00:01.582183,1.0,1,0.5,4.2121352530721644e-07,0.0023261718188300508,80,231,COMPLETE,0.0,,,,,,,,,,,,,,,,,,,,
58,58,0.5010225371582122,2023-08-23 23:28:10.304213,2023-08-23 23:28:12.365539,0 days 00:00:02.061326,1.0,1,0.7000000000000001,2.519349577723302e-08,0.0017176393007365353,80,203,COMPLETE,0.0,,,,,,,,,,,,,,,,,,,,
59,59,0.5048577087459606,2023-08-23 23:28:10.617710,2023-08-23 23:28:12.245002,0 days 00:00:01.627292,1.0,1,0.7000000000000001,2.535494645953825e-08,0.0021198004283862434,100,210,COMPLETE,0.0,,,,,,,,,,,,,,,,,,,,
60,60,0.5048577087459606,2023-08-23 23:28:10.832632,2023-08-23 23:28:12.475252,0 days 00:00:01.642620,1.0,1,0.7000000000000001,2.4929146819676947e-08,0.0013473210238022103,100,202,COMPLETE,0.0,,,,,,,,,,,,,,,,,,,,
61,61,0.5048577087459606,2023-08-23 23:28:11.412613,2023-08-23 23:28:13.285217,0 days 00:00:01.872604,1.0,1,0.7000000000000001,2.7061214100035807e-08,0.0026021484039267418,100,202,COMPLETE,0.0,,,,,,,,,,,,,,,,,,,,
62,62,0.4915719711690425,2023-08-23 23:28:11.476972,2023-08-23 23:28:13.184838,0 days 00:00:01.707866,1.0,1,0.7000000000000001,3.612450212194883e-07,0.004143197776357062,100,205,COMPLETE,0.0,,,,,,,,,,,,,,,,,,,,
63,63,0.5110154578816879,2023-08-23 23:28:11.613867,2023-08-23 23:28:13.183415,0 days 00:00:01.569548,0.9,1,0.7000000000000001,2.6728800713202188e-08,0.004291650778483792,100,203,COMPLETE,0.0,,,,,,,,,,,,,,,,,,,,
64,64,0.5110154578816879,2023-08-23 23:28:11.728206,2023-08-23 23:28:13.394405,0 days 00:00:01.666199,0.9,1,0.7000000000000001,2.8959294021187354e-08,0.005351846984383335,100,202,COMPLETE,0.0,,,,,,,,,,,,,,,,,,,,
65,65,0.5110154578816879,2023-08-23 23:28:12.117685,2023-08-23 23:28:13.764752,0 days 00:00:01.647067,0.9,1,0.7000000000000001,2.9943070071918346e-08,0.005406199963213186,100,201,COMPLETE,0.0,,,,,,,,,,,,,,,,,,,,
66,66,0.5110154578816879,2023-08-23 23:28:12.295246,2023-08-23 23:28:13.885095,0 days 00:00:01.589849,0.9,1,0.7000000000000001,2.4110197084871668e-08,0.005735453388248006,100,197,COMPLETE,0.0,,,,,,,,,,,,,,,,,,,,
67,67,0.4787753647492873,2023-08-23 23:28:12.410543,2023-08-23 23:28:13.679086,0 days 00:00:01.268543,0.9,1,0.7000000000000001,4.782399949593993e-07,0.0060356169046154335,50,46,COMPLETE,0.0,,,,,,,,,,,,,,,,,,,,
68,68,0.5025330970499322,2023-08-23 23:28:12.519235,2023-08-23 23:28:14.303947,0 days 00:00:01.784712,0.9,1,0.7000000000000001,1.0138648305196207e-07,0.004907716258762681,90,192,COMPLETE,0.0,,,,,,,,,,,,,,,,,,,,
69,69,0.4482259570494865,2023-08-23 23:28:13.263537,2023-08-23 23:28:14.112116,0 days 00:00:00.848579,0.9,1,0.6000000000000001,9.759984196484596e-08,0.003936258151768502,50,6,COMPLETE,0.0,,,,,,,,,,,,,,,,,,,,
70,70,0.35999466703155397,2023-08-23 23:28:13.265464,2023-08-23 23:28:13.954581,0 days 00:00:00.689117,0.9,1,0.6000000000000001,1.1129640809713437e-07,0.004724349405642688,40,2,COMPLETE,0.0,,,,,,,,,,,,,,,,,,,,
71,71,0.48786089238845143,2023-08-23 23:28:13.341105,2023-08-23 23:28:16.710291,0 days 00:00:03.369186,0.9,1,0.6000000000000001,1.0382680512032128e-07,0.00523834368439832,40,189,COMPLETE,0.0,,,,,,,,,,,,,,,,,,,,
72,72,0.4950542593491481,2023-08-23 23:28:13.438020,2023-08-23 23:28:15.501724,0 days 00:00:02.063704,0.9,1,0.6000000000000001,1.0523446518961388e-07,0.004489027691306051,90,191,COMPLETE,0.0,,,,,,,,,,,,,,,,,,,,
73,73,0.4950542593491481,2023-08-23 23:28:13.721807,2023-08-23 23:28:15.303922,0 days 00:00:01.582115,0.9,1,0.6000000000000001,1.1083334121515482e-07,0.0048956618629165,90,191,COMPLETE,0.0,,,,,,,,,,,,,,,,,,,,
74,74,0.5010225371582122,2023-08-23 23:28:13.812436,2023-08-23 23:28:15.549169,0 days 00:00:01.736733,0.9,1,0.6000000000000001,9.21898501993501e-08,0.0225285721467887,90,192,COMPLETE,0.0,,,,,,,,,,,,,,,,,,,,
75,75,0.4950542593491481,2023-08-23 23:28:13.927538,2023-08-23 23:28:15.784437,0 days 00:00:01.856899,0.9,1,0.6000000000000001,1.5542767478075435e-08,0.0046029747203365605,90,217,COMPLETE,0.0,,,,,,,,,,,,,,,,,,,,
76,76,0.4913527785155213,2023-08-23 23:28:13.998638,2023-08-23 23:28:15.176666,0 days 00:00:01.178028,0.9,1,0.6000000000000001,1.795959339269381e-08,0.0007550689061092236,90,193,COMPLETE,0.0,,,,,,,,,,,,,,,,,,,,
77,77,0.4935920170758292,2023-08-23 23:28:14.161914,2023-08-23 23:28:16.096963,0 days 00:00:01.935049,0.8,1,0.6000000000000001,1.5645878327539002e-08,0.0009223327114514555,90,189,COMPLETE,0.0,,,,,,,,,,,,,,,,,,,,
78,78,0.48694989817967016,2023-08-23 23:28:14.344618,2023-08-23 23:28:16.290615,0 days 00:00:01.945997,0.9,1,0.7000000000000001,3.4930995629165166e-08,0.02454727433837604,90,216,COMPLETE,0.0,,,,,,,,,,,,,,,,,,,,
79,79,0.523558411199697,2023-08-23 23:28:15.226230,2023-08-23 23:28:17.000139,0 days 00:00:01.773909,0.9,1,0.7000000000000001,3.653309171243423e-08,0.021449776568762794,100,220,COMPLETE,1.0,0.5414798206278026,0.5263522319973932,0.528163036558625,0.523558411199697,0.6612903225806451,0.5764499121265377,0.6159624413145539,0.39141414141414144,0.47987616099071206,0.4311543810848401,0.5372340425531915,0.521905986278528,0.5235353645861824,0.5185871964679912,0.6613418530351438,0.5718232044198895,0.6133333333333334,0.38247011952191234,0.4752475247524752,0.423841059602649
80,80,0.5152319927503493,2023-08-23 23:28:15.348681,2023-08-23 23:28:16.894653,0 days 00:00:01.545972,0.8,1,0.7000000000000001,3.607312653974081e-08,0.0011000619017797952,100,216,COMPLETE,0.0,,,,,,,,,,,,,,,,,,,,
81,81,0.5081919235734034,2023-08-23 23:28:15.593525,2023-08-23 23:28:16.790445,0 days 00:00:01.196920,0.8,1,0.7000000000000001,3.63925112493562e-08,0.021470954856723835,100,216,COMPLETE,0.0,,,,,,,,,,,,,,,,,,,,
82,82,0.5081919235734034,2023-08-23 23:28:15.600917,2023-08-23 23:28:17.144463,0 days 00:00:01.543546,0.8,1,0.7000000000000001,3.767392345264355e-08,0.019043979054181096,100,217,COMPLETE,0.0,,,,,,,,,,,,,,,,,,,,
83,83,0.492810170461898,2023-08-23 23:28:15.827608,2023-08-23 23:28:17.391853,0 days 00:00:01.564245,0.8,1,0.7000000000000001,3.7518322196774974e-08,0.02479840072523923,100,166,COMPLETE,0.0,,,,,,,,,,,,,,,,,,,,
84,84,0.5081919235734034,2023-08-23 23:28:16.142333,2023-08-23 23:28:17.631310,0 days 00:00:01.488977,0.8,1,0.7000000000000001,3.151285423033151e-08,0.018168074576654387,100,238,COMPLETE,0.0,,,,,,,,,,,,,,,,,,,,
85,85,0.5152319927503493,2023-08-23 23:28:16.331095,2023-08-23 23:28:17.745367,0 days 00:00:01.414272,0.8,1,0.7000000000000001,3.068774574828122e-08,0.00046243871537243877,100,166,COMPLETE,0.0,,,,,,,,,,,,,,,,,,,,
86,86,0.5081919235734034,2023-08-23 23:28:16.764328,2023-08-23 23:28:18.337554,0 days 00:00:01.573226,0.8,1,0.7000000000000001,1.022748784684526e-08,0.019552925605288277,100,174,COMPLETE,0.0,,,,,,,,,,,,,,,,,,,,
87,87,0.5152319927503493,2023-08-23 23:28:16.833531,2023-08-23 23:28:18.710774,0 days 00:00:01.877243,0.8,1,0.7000000000000001,1.0957597218999907e-08,0.000472094543094715,100,175,COMPLETE,0.0,,,,,,,,,,,,,,,,,,,,
88,88,0.5147744864025964,2023-08-23 23:28:16.941340,2023-08-23 23:28:18.529557,0 days 00:00:01.588217,0.8,1,0.7000000000000001,4.4485524488046606e-08,0.0026657359594799888,100,240,COMPLETE,0.0,,,,,,,,,,,,,,,,,,,,
89,89,0.5152319927503493,2023-08-23 23:28:17.056388,2023-08-23 23:28:18.600131,0 days 00:00:01.543743,0.8,1,0.7000000000000001,1.031254801572312e-08,0.0004551853237299019,100,164,COMPLETE,0.0,,,,,,,,,,,,,,,,,,,,
90,90,0.5152319927503493,2023-08-23 23:28:17.193633,2023-08-23 23:28:18.793805,0 days 00:00:01.600172,0.8,1,0.7000000000000001,1.9349332419897446e-08,0.00040670252681582994,100,240,COMPLETE,0.0,,,,,,,,,,,,,,,,,,,,
91,91,0.5147744864025964,2023-08-23 23:28:17.432325,2023-08-23 23:28:18.851762,0 days 00:00:01.419437,0.8,1,0.8,1.7667685497618313e-08,0.0026476124433747203,100,236,COMPLETE,0.0,,,,,,,,,,,,,,,,,,,,
92,92,0.5110154578816879,2023-08-23 23:28:17.684250,2023-08-23 23:28:19.292771,0 days 00:00:01.608521,0.9,1,0.8,1.1135507738969001e-08,0.002818913217640058,100,238,COMPLETE,0.0,,,,,,,,,,,,,,,,,,,,
93,93,0.5123968792768014,2023-08-23 23:28:17.790866,2023-08-23 23:28:18.897933,0 days 00:00:01.107067,0.6000000000000001,1,0.8,1.6671641787899278e-08,0.0005223747664883416,100,240,COMPLETE,0.0,,,,,,,,,,,,,,,,,,,,
94,94,0.5152319927503493,2023-08-23 23:28:18.382919,2023-08-23 23:28:19.723505,0 days 00:00:01.340586,0.8,1,0.8,2.0085909456026514e-08,0.0004397817539445271,100,210,COMPLETE,0.0,,,,,,,,,,,,,,,,,,,,
95,95,0.5123968792768014,2023-08-23 23:28:18.574636,2023-08-23 23:28:20.089977,0 days 00:00:01.515341,0.6000000000000001,1,0.8,1.712167347573649e-08,0.0004355616000657966,100,239,COMPLETE,0.0,,,,,,,,,,,,,,,,,,,,
96,96,0.5016792375071141,2023-08-23 23:28:18.646957,2023-08-23 23:28:20.401066,0 days 00:00:01.754109,0.7000000000000001,1,0.8,1.0444887328710558e-08,0.00030089921785412995,100,241,COMPLETE,0.0,,,,,,,,,,,,,,,,,,,,
97,97,0.5016792375071141,2023-08-23 23:28:18.756154,2023-08-23 23:28:20.482980,0 days 00:00:01.726826,0.7000000000000001,1,0.8,1.8154672131099442e-08,0.00033404309639933634,100,246,COMPLETE,0.0,,,,,,,,,,,,,,,,,,,,
98,98,0.5016792375071141,2023-08-23 23:28:18.836076,2023-08-23 23:28:20.277720,0 days 00:00:01.441644,0.7000000000000001,1,0.8,1.632048009948565e-08,0.0003101425322008334,100,239,COMPLETE,0.0,,,,,,,,,,,,,,,,,,,,
99,99,0.5016792375071141,2023-08-23 23:28:18.896672,2023-08-23 23:28:20.667139,0 days 00:00:01.770467,0.7000000000000001,1,0.8,1.5419761523534457e-08,0.00020726895427860208,100,242,COMPLETE,0.0,,,,,,,,,,,,,,,,,,,,
