,number,value,datetime_start,datetime_complete,duration,params_bagging_fraction,params_bagging_freq,params_feature_fraction,params_lambda_l1,params_lambda_l2,params_min_child_samples,params_num_leaves,state,best_trial,dev_acc,dev_recall_macro,dev_precision_macro,dev_f1_macro,dev_recall_0,dev_precision_0,dev_f1_0,dev_recall_1,dev_precision_1,dev_f1_1,test_acc,test_recall_macro,test_precision_macro,test_f1_macro,test_recall_0,test_precision_0,test_f1_0,test_recall_1,test_precision_1,test_f1_1
104,104,0.5260311447811448,2023-08-23 23:27:26.244675,2023-08-23 23:27:26.985980,0 days 00:00:00.741305,0.4,1,0.8,0.5949395749578945,4.486951659615417e-08,90,108,COMPLETE,0.0,,,,,,,,,,,,,,,,,,,,
105,105,0.531958229942101,2023-08-23 23:27:26.428700,2023-08-23 23:27:28.723457,0 days 00:00:02.294757,0.5,1,0.8,0.1682427594311153,1.309205676156382e-07,10,105,COMPLETE,0.0,,,,,,,,,,,,,,,,,,,,
106,106,0.526014366779283,2023-08-23 23:27:27.032791,2023-08-23 23:27:27.857079,0 days 00:00:00.824288,0.5,1,0.9,0.38484341599464816,4.7269247783815835e-08,90,208,COMPLETE,0.0,,,,,,,,,,,,,,,,,,,,
107,107,0.5196852024438232,2023-08-23 23:27:27.900109,2023-08-23 23:27:32.283159,0 days 00:00:04.383050,0.5,2,0.9,0.013155413484916395,4.254207919046806e-08,10,140,COMPLETE,0.0,,,,,,,,,,,,,,,,,,,,
108,108,0.49922484612809354,2023-08-23 23:27:28.688092,2023-08-23 23:27:34.294493,0 days 00:00:05.606401,0.4,1,0.9,0.2522090878739749,7.77525838385777e-06,10,207,COMPLETE,0.0,,,,,,,,,,,,,,,,,,,,
109,109,0.49674130853485343,2023-08-23 23:27:28.774590,2023-08-23 23:27:33.364961,0 days 00:00:04.590371,0.5,1,0.9,0.21463890860879895,4.7516608181563413e-08,10,139,COMPLETE,0.0,,,,,,,,,,,,,,,,,,,,
110,110,0.5172563087580406,2023-08-23 23:27:28.987687,2023-08-23 23:27:32.413967,0 days 00:00:03.426280,0.5,1,0.9,0.24488419567285322,7.360487507407345e-06,10,138,COMPLETE,0.0,,,,,,,,,,,,,,,,,,,,
111,111,0.49428393911152524,2023-08-23 23:27:29.300418,2023-08-23 23:27:31.827063,0 days 00:00:02.526645,0.5,1,0.8,0.21549782515485277,4.6875246388092206e-08,10,120,COMPLETE,0.0,,,,,,,,,,,,,,,,,,,,
112,112,0.513720208998323,2023-08-23 23:27:29.745544,2023-08-23 23:27:33.014683,0 days 00:00:03.269139,0.5,2,0.8,0.23182130357152225,1.1297749231773678e-07,10,117,COMPLETE,0.0,,,,,,,,,,,,,,,,,,,,
113,113,0.51022283721214,2023-08-23 23:27:29.748566,2023-08-23 23:27:34.722369,0 days 00:00:04.973803,0.5,2,0.8,0.21228072672104098,4.42048588433761e-08,10,209,COMPLETE,0.0,,,,,,,,,,,,,,,,,,,,
114,114,0.5311760480054091,2023-08-23 23:27:30.675548,2023-08-23 23:27:31.628349,0 days 00:00:00.952801,0.5,1,0.8,0.2519068454160699,3.7461288295155645e-08,90,207,COMPLETE,0.0,,,,,,,,,,,,,,,,,,,,
115,115,0.5292987209375591,2023-08-23 23:27:31.672965,2023-08-23 23:27:32.761737,0 days 00:00:01.088772,0.5,1,0.8,0.2345146853424441,4.072353903100262e-08,90,210,COMPLETE,0.0,,,,,,,,,,,,,,,,,,,,
116,116,0.5198910858174105,2023-08-23 23:27:31.884797,2023-08-23 23:27:32.890102,0 days 00:00:01.005305,0.5,1,0.7000000000000001,0.12708153983988435,3.549188210936849e-07,90,212,COMPLETE,0.0,,,,,,,,,,,,,,,,,,,,
117,117,0.5288051036632442,2023-08-23 23:27:32.336160,2023-08-23 23:27:33.520447,0 days 00:00:01.184287,0.5,1,0.7000000000000001,0.08068850267058085,3.260894437685931e-07,90,213,COMPLETE,0.0,,,,,,,,,,,,,,,,,,,,
118,118,0.5292987209375591,2023-08-23 23:27:32.463054,2023-08-23 23:27:33.580502,0 days 00:00:01.117448,0.5,1,0.8,0.1158817378693387,1.6472584073106594e-08,90,65,COMPLETE,0.0,,,,,,,,,,,,,,,,,,,,
119,119,0.5198910858174105,2023-08-23 23:27:32.805822,2023-08-23 23:27:34.406298,0 days 00:00:01.600476,0.5,1,0.8,0.12682290743314367,1.1033877531830844e-07,90,207,COMPLETE,0.0,,,,,,,,,,,,,,,,,,,,
120,120,0.5212963690148956,2023-08-23 23:27:32.936411,2023-08-23 23:27:34.196643,0 days 00:00:01.260232,0.5,1,0.8,0.06758786941660534,1.6598618186695094e-08,90,220,COMPLETE,0.0,,,,,,,,,,,,,,,,,,,,
121,121,0.5330702861952862,2023-08-23 23:27:33.059726,2023-08-23 23:27:34.078027,0 days 00:00:01.018301,0.5,1,0.8,0.07653439580741986,1.9460623152609026e-07,90,205,COMPLETE,0.0,,,,,,,,,,,,,,,,,,,,
122,122,0.5330702861952862,2023-08-23 23:27:33.415635,2023-08-23 23:27:34.580146,0 days 00:00:01.164511,0.5,1,0.8,0.07443453368811169,1.6250740699904626e-08,90,218,COMPLETE,0.0,,,,,,,,,,,,,,,,,,,,
123,123,0.5335291984421892,2023-08-23 23:27:33.563513,2023-08-23 23:27:34.924103,0 days 00:00:01.360590,0.5,1,0.8,0.31942916525864895,1.575482122663401e-08,90,205,COMPLETE,0.0,,,,,,,,,,,,,,,,,,,,
124,124,0.5330702861952862,2023-08-23 23:27:33.626148,2023-08-23 23:27:34.840298,0 days 00:00:01.214150,0.5,1,0.8,0.07797989465564195,2.047251415239963e-08,90,65,COMPLETE,0.0,,,,,,,,,,,,,,,,,,,,
125,125,0.5208219217859693,2023-08-23 23:27:34.119951,2023-08-23 23:27:35.347358,0 days 00:00:01.227407,0.5,1,0.8,0.06389291615070303,6.905780725143805e-07,90,220,COMPLETE,0.0,,,,,,,,,,,,,,,,,,,,
126,126,0.5279081157084855,2023-08-23 23:27:34.247225,2023-08-23 23:27:35.614919,0 days 00:00:01.367694,0.5,1,0.8,0.04720979783916947,2.2944516035783351e-07,90,202,COMPLETE,0.0,,,,,,,,,,,,,,,,,,,,
127,127,0.5211642841521363,2023-08-23 23:27:34.338237,2023-08-23 23:27:35.785070,0 days 00:00:01.446833,0.5,1,0.8,0.05204968395554763,2.224897873818823e-07,90,67,COMPLETE,0.0,,,,,,,,,,,,,,,,,,,,
128,128,0.5330702861952862,2023-08-23 23:27:34.450567,2023-08-23 23:27:35.840575,0 days 00:00:01.390008,0.5,1,0.8,0.07711952601645422,2.1079730756260866e-07,90,217,COMPLETE,0.0,,,,,,,,,,,,,,,,,,,,
129,129,0.507177727809485,2023-08-23 23:27:34.621088,2023-08-23 23:27:35.534803,0 days 00:00:00.913715,0.5,1,0.8,0.05086707467073095,1.4542487466577834e-08,90,22,COMPLETE,0.0,,,,,,,,,,,,,,,,,,,,
130,130,0.5096823203865706,2023-08-23 23:27:34.764910,2023-08-23 23:27:35.658867,0 days 00:00:00.893957,0.5,1,0.8,0.08439191039197462,1.9347244048680612e-07,90,19,COMPLETE,0.0,,,,,,,,,,,,,,,,,,,,
131,131,0.5037369207772795,2023-08-23 23:27:34.882921,2023-08-23 23:27:35.936899,0 days 00:00:01.053978,0.5,1,0.8,0.07766776389538846,1.5530589936603965e-08,90,20,COMPLETE,0.0,,,,,,,,,,,,,,,,,,,,
132,132,0.5246222414049474,2023-08-23 23:27:34.967440,2023-08-23 23:27:36.109993,0 days 00:00:01.142553,0.5,1,0.8,0.08022765101705404,1.1883584947893383e-08,90,65,COMPLETE,0.0,,,,,,,,,,,,,,,,,,,,
133,133,0.5236315086782377,2023-08-23 23:27:35.391454,2023-08-23 23:27:36.486406,0 days 00:00:01.094952,0.5,1,0.7000000000000001,0.09430305697904012,2.1240121578255287e-08,90,197,COMPLETE,0.0,,,,,,,,,,,,,,,,,,,,
134,134,0.515677385345282,2023-08-23 23:27:35.576480,2023-08-23 23:27:37.563869,0 days 00:00:01.987389,0.5,1,0.7000000000000001,0.08580101435938613,2.158318323397927e-08,90,216,COMPLETE,0.0,,,,,,,,,,,,,,,,,,,,
135,135,0.5288051036632442,2023-08-23 23:27:35.657440,2023-08-23 23:27:37.243239,0 days 00:00:01.585799,0.5,1,0.7000000000000001,0.082077166381346,2.324635505691878e-08,90,216,COMPLETE,0.0,,,,,,,,,,,,,,,,,,,,
136,136,0.5213122103333927,2023-08-23 23:27:35.706507,2023-08-23 23:27:37.060530,0 days 00:00:01.354023,0.5,1,0.7000000000000001,0.024096288778636094,2.2855457953036277e-08,90,217,COMPLETE,0.0,,,,,,,,,,,,,,,,,,,,
137,137,0.5213122103333927,2023-08-23 23:27:35.827916,2023-08-23 23:27:37.329443,0 days 00:00:01.501527,0.5,1,0.7000000000000001,0.023624495499907305,1.409900862182258e-08,90,62,COMPLETE,0.0,,,,,,,,,,,,,,,,,,,,
138,138,0.5161726479959752,2023-08-23 23:27:35.885055,2023-08-23 23:27:37.384600,0 days 00:00:01.499545,0.5,1,0.7000000000000001,0.025130138074629133,2.328001074569188e-08,90,216,COMPLETE,0.0,,,,,,,,,,,,,,,,,,,,
139,139,0.5349279456397689,2023-08-23 23:27:35.986572,2023-08-23 23:27:37.513314,0 days 00:00:01.526742,0.5,1,0.7000000000000001,0.1068672715288234,2.7938840930076183e-07,90,61,COMPLETE,0.0,,,,,,,,,,,,,,,,,,,,
140,140,0.5213122103333927,2023-08-23 23:27:36.151880,2023-08-23 23:27:37.120776,0 days 00:00:00.968896,0.5,1,0.7000000000000001,0.022578317873702618,2.4409434349731685e-08,90,214,COMPLETE,0.0,,,,,,,,,,,,,,,,,,,,
141,141,0.5171129226127045,2023-08-23 23:27:36.532081,2023-08-23 23:27:37.715596,0 days 00:00:01.183515,0.5,1,0.8,0.028387751615788947,2.6620306528984772e-08,80,202,COMPLETE,0.0,,,,,,,,,,,,,,,,,,,,
142,142,0.5311851240625016,2023-08-23 23:27:37.104603,2023-08-23 23:27:38.470943,0 days 00:00:01.366340,0.5,1,0.8,0.1476334942118475,2.8591535857017954e-07,80,202,COMPLETE,0.0,,,,,,,,,,,,,,,,,,,,
143,143,0.5208473084018111,2023-08-23 23:27:37.166003,2023-08-23 23:27:38.694667,0 days 00:00:01.528664,0.5,1,0.8,0.035106256015301186,2.8335770722782763e-07,80,230,COMPLETE,0.0,,,,,,,,,,,,,,,,,,,,
144,144,0.5189599361826968,2023-08-23 23:27:37.296078,2023-08-23 23:27:39.037579,0 days 00:00:01.741501,0.5,1,0.7000000000000001,0.12791816200741218,1.0189790033997143e-08,80,229,COMPLETE,0.0,,,,,,,,,,,,,,,,,,,,
145,145,0.5311851240625016,2023-08-23 23:27:37.441124,2023-08-23 23:27:38.927875,0 days 00:00:01.486751,0.5,1,0.8,0.14900000811936925,2.695123030098053e-07,80,204,COMPLETE,0.0,,,,,,,,,,,,,,,,,,,,
146,146,0.5282179866402869,2023-08-23 23:27:37.447420,2023-08-23 23:27:38.805316,0 days 00:00:01.357896,0.5,1,0.8,0.1367420181381089,3.228588900027617e-08,80,201,COMPLETE,0.0,,,,,,,,,,,,,,,,,,,,
147,147,0.5372708779035483,2023-08-23 23:27:37.558760,2023-08-23 23:27:39.258142,0 days 00:00:01.699382,0.5,1,0.7000000000000001,0.13717628234144771,3.1155434051381776e-08,80,40,COMPLETE,0.0,,,,,,,,,,,,,,,,,,,,
148,148,0.5199315313044757,2023-08-23 23:27:37.613031,2023-08-23 23:27:39.090788,0 days 00:00:01.477757,0.5,1,0.8,0.15255736728023092,3.423180835014768e-07,80,200,COMPLETE,0.0,,,,,,,,,,,,,,,,,,,,
149,149,0.5169523728820292,2023-08-23 23:27:37.765058,2023-08-23 23:27:39.152508,0 days 00:00:01.387450,0.5,1,0.8,0.1402511625619725,2.999687733062652e-07,100,42,COMPLETE,0.0,,,,,,,,,,,,,,,,,,,,
150,150,0.5282179866402869,2023-08-23 23:27:38.514271,2023-08-23 23:27:39.760822,0 days 00:00:01.246551,0.5,1,0.7000000000000001,0.13460132715731452,2.6707622791870555e-07,80,229,COMPLETE,0.0,,,,,,,,,,,,,,,,,,,,
151,151,0.5063303952306772,2023-08-23 23:27:38.745240,2023-08-23 23:27:39.913660,0 days 00:00:01.168420,0.5,1,0.7000000000000001,0.1184490149050075,3.437675488238488e-07,100,84,COMPLETE,0.0,,,,,,,,,,,,,,,,,,,,
152,152,0.5063303952306772,2023-08-23 23:27:38.853810,2023-08-23 23:27:40.093306,0 days 00:00:01.239496,0.5,1,0.7000000000000001,0.1133677868014921,2.8188592597392206e-07,100,46,COMPLETE,0.0,,,,,,,,,,,,,,,,,,,,
153,153,0.5063550764550057,2023-08-23 23:27:38.970116,2023-08-23 23:27:41.048894,0 days 00:00:02.078778,1.0,1,0.8,0.14831997857524098,1.612700658779406e-07,80,57,COMPLETE,0.0,,,,,,,,,,,,,,,,,,,,
154,154,0.5142392603185175,2023-08-23 23:27:39.081147,2023-08-23 23:27:40.487153,0 days 00:00:01.406006,0.5,1,0.8,0.15726467286632606,3.211466890236518e-07,80,48,COMPLETE,0.0,,,,,,,,,,,,,,,,,,,,
155,155,0.51757960794428,2023-08-23 23:27:39.134916,2023-08-23 23:27:40.559047,0 days 00:00:01.424131,0.5,1,0.8,0.36680671975305973,1.506461013014672e-07,100,58,COMPLETE,0.0,,,,,,,,,,,,,,,,,,,,
156,156,0.5054087418659636,2023-08-23 23:27:39.202027,2023-08-23 23:27:41.329567,0 days 00:00:02.127540,1.0,1,0.8,0.29826541540535306,1.5966434650179947e-07,100,59,COMPLETE,0.0,,,,,,,,,,,,,,,,,,,,
157,157,0.49607683133513275,2023-08-23 23:27:39.317097,2023-08-23 23:27:41.403488,0 days 00:00:02.086391,1.0,1,0.8,0.3436140895839878,1.503278204158155e-07,80,59,COMPLETE,0.0,,,,,,,,,,,,,,,,,,,,
158,158,0.5199315313044757,2023-08-23 23:27:39.800993,2023-08-23 23:27:40.967249,0 days 00:00:01.166256,0.5,1,0.8,0.33878465066857316,1.648107875662444e-07,80,58,COMPLETE,0.0,,,,,,,,,,,,,,,,,,,,
159,159,0.5188053789221307,2023-08-23 23:27:39.968147,2023-08-23 23:27:41.140596,0 days 00:00:01.172449,0.5,1,0.8,0.3330613637019756,1.5667873136268614e-07,80,57,COMPLETE,0.0,,,,,,,,,,,,,,,,,,,,
160,160,0.5213383838383838,2023-08-23 23:27:40.136310,2023-08-23 23:27:41.222994,0 days 00:00:01.086684,0.5,1,0.8,0.29433656850164897,1.493006271282699e-07,80,60,COMPLETE,0.0,,,,,,,,,,,,,,,,,,,,
161,161,0.516112554923915,2023-08-23 23:27:40.530601,2023-08-23 23:27:41.753273,0 days 00:00:01.222672,0.5,1,0.8,0.2968829706412405,1.6152621171529334e-07,80,58,COMPLETE,0.0,,,,,,,,,,,,,,,,,,,,
162,162,0.504920109437338,2023-08-23 23:27:40.608296,2023-08-23 23:27:41.839395,0 days 00:00:01.231099,0.6000000000000001,1,0.8,0.04951156394327982,7.540670009936808e-07,90,38,COMPLETE,0.0,,,,,,,,,,,,,,,,,,,,
163,163,0.5100884546453142,2023-08-23 23:27:41.010486,2023-08-23 23:27:42.420608,0 days 00:00:01.410122,1.0,1,0.8,0.05589007590362145,6.150198180282267e-07,90,39,COMPLETE,0.0,,,,,,,,,,,,,,,,,,,,
164,164,0.502965728777724,2023-08-23 23:27:41.092033,2023-08-23 23:27:43.206929,0 days 00:00:02.114896,0.6000000000000001,1,0.8,0.04868625945896644,7.139513855352663e-08,90,206,COMPLETE,0.0,,,,,,,,,,,,,,,,,,,,
165,165,0.4937260494531087,2023-08-23 23:27:41.183294,2023-08-23 23:27:42.690188,0 days 00:00:01.506894,0.6000000000000001,1,0.8,0.047053981026872325,6.685856200128471e-07,90,38,COMPLETE,0.0,,,,,,,,,,,,,,,,,,,,
166,166,0.5128536115016175,2023-08-23 23:27:41.269424,2023-08-23 23:27:42.802213,0 days 00:00:01.532789,0.6000000000000001,1,0.8,0.052193575896780656,6.38988646486177e-08,90,194,COMPLETE,0.0,,,,,,,,,,,,,,,,,,,,
167,167,0.5132936507936507,2023-08-23 23:27:41.376032,2023-08-23 23:27:43.030141,0 days 00:00:01.654109,0.6000000000000001,1,0.8,0.04693625475640752,5.718958994033102e-07,90,194,COMPLETE,0.0,,,,,,,,,,,,,,,,,,,,
168,168,0.5180565141088085,2023-08-23 23:27:41.452933,2023-08-23 23:27:42.975345,0 days 00:00:01.522412,0.5,1,0.7000000000000001,0.04578675645406732,6.288798295905484e-08,90,210,COMPLETE,0.0,,,,,,,,,,,,,,,,,,,,
169,169,0.5279081157084855,2023-08-23 23:27:41.797045,2023-08-23 23:27:42.894945,0 days 00:00:01.097900,0.5,1,0.7000000000000001,0.047060313651375536,7.66947727810093e-08,90,222,COMPLETE,0.0,,,,,,,,,,,,,,,,,,,,
170,170,0.5358732728218766,2023-08-23 23:27:41.884275,2023-08-23 23:27:43.147345,0 days 00:00:01.263070,0.5,1,0.7000000000000001,0.07013030035496345,6.644378504923002e-08,90,223,COMPLETE,0.0,,,,,,,,,,,,,,,,,,,,
171,171,0.5288051036632442,2023-08-23 23:27:42.463232,2023-08-23 23:27:43.536398,0 days 00:00:01.073166,0.5,1,0.7000000000000001,0.08201679549791419,7.268169473624598e-08,90,209,COMPLETE,0.0,,,,,,,,,,,,,,,,,,,,
172,172,0.5330702861952862,2023-08-23 23:27:42.736944,2023-08-23 23:27:44.009537,0 days 00:00:01.272593,0.5,1,0.7000000000000001,0.07660771797751016,6.682481815707868e-08,90,222,COMPLETE,0.0,,,,,,,,,,,,,,,,,,,,
173,173,0.5330702861952862,2023-08-23 23:27:42.856034,2023-08-23 23:27:44.350045,0 days 00:00:01.494011,0.5,1,0.7000000000000001,0.07904056054379774,3.6708414670470584e-08,90,222,COMPLETE,0.0,,,,,,,,,,,,,,,,,,,,
174,174,0.5288051036632442,2023-08-23 23:27:42.940787,2023-08-23 23:27:44.468142,0 days 00:00:01.527355,0.5,1,0.7000000000000001,0.08061572238860969,3.500186989355621e-08,90,207,COMPLETE,0.0,,,,,,,,,,,,,,,,,,,,
175,175,0.5020190281857115,2023-08-23 23:27:43.074602,2023-08-23 23:27:45.543757,0 days 00:00:02.469155,0.9,1,0.7000000000000001,0.08604384829077025,3.093332012148023e-08,70,207,COMPLETE,0.0,,,,,,,,,,,,,,,,,,,,
176,176,0.5147406523967945,2023-08-23 23:27:43.087427,2023-08-23 23:27:44.785381,0 days 00:00:01.697954,0.5,1,0.7000000000000001,0.07863422845766058,3.351938571456454e-08,70,207,COMPLETE,0.0,,,,,,,,,,,,,,,,,,,,
177,177,0.5031271536424733,2023-08-23 23:27:43.195513,2023-08-23 23:27:45.765170,0 days 00:00:02.569657,0.9,1,0.7000000000000001,0.19662717982603986,3.495977136953811e-08,70,204,COMPLETE,0.0,,,,,,,,,,,,,,,,,,,,
178,178,0.5255219688076471,2023-08-23 23:27:43.258259,2023-08-23 23:27:44.404596,0 days 00:00:01.146337,0.5,1,0.7000000000000001,0.09105922355435735,2.993340849577155e-08,90,222,COMPLETE,0.0,,,,,,,,,,,,,,,,,,,,
179,179,0.5232106840239926,2023-08-23 23:27:43.580659,2023-08-23 23:27:44.718570,0 days 00:00:01.137911,0.5,1,0.7000000000000001,0.18395786471464134,4.0037830440968274e-08,90,223,COMPLETE,0.0,,,,,,,,,,,,,,,,,,,,
180,180,0.5034773687496985,2023-08-23 23:27:44.051766,2023-08-23 23:27:45.849597,0 days 00:00:01.797831,0.9,1,0.7000000000000001,0.19662970204325195,3.6821874319305914e-08,90,221,COMPLETE,0.0,,,,,,,,,,,,,,,,,,,,
181,181,0.5232106840239926,2023-08-23 23:27:44.393947,2023-08-23 23:27:45.424097,0 days 00:00:01.030150,0.5,1,0.7000000000000001,0.1912157150698893,3.380128622038216e-08,90,224,COMPLETE,0.0,,,,,,,,,,,,,,,,,,,,
182,182,0.5269515110259779,2023-08-23 23:27:44.450052,2023-08-23 23:27:46.254081,0 days 00:00:01.804029,0.5,1,0.7000000000000001,0.20714725412560808,3.2498168885734536e-08,70,239,COMPLETE,0.0,,,,,,,,,,,,,,,,,,,,
183,183,0.5218088265437516,2023-08-23 23:27:44.513488,2023-08-23 23:27:46.072658,0 days 00:00:01.559170,0.5,1,0.7000000000000001,0.2189604119107433,5.130118034511603e-08,70,221,COMPLETE,0.0,,,,,,,,,,,,,,,,,,,,
184,184,0.4857679009003968,2023-08-23 23:27:44.761785,2023-08-23 23:27:46.801603,0 days 00:00:02.039818,0.9,1,0.7000000000000001,0.19574306576299205,1.3896901352397983e-08,70,238,COMPLETE,0.0,,,,,,,,,,,,,,,,,,,,
185,185,0.5269515110259779,2023-08-23 23:27:44.828339,2023-08-23 23:27:45.962754,0 days 00:00:01.134415,0.5,1,0.8,0.20098253668702287,1.470916073511254e-08,90,69,COMPLETE,0.0,,,,,,,,,,,,,,,,,,,,
186,186,0.5068127584744149,2023-08-23 23:27:45.466790,2023-08-23 23:27:46.849855,0 days 00:00:01.383065,0.5,1,0.8,0.01612851354760213,1.2853541686109634e-08,90,72,COMPLETE,0.0,,,,,,,,,,,,,,,,,,,,
187,187,0.5292987209375591,2023-08-23 23:27:45.589659,2023-08-23 23:27:46.709696,0 days 00:00:01.120037,0.5,1,0.8,0.11972856024969618,1.614076374682272e-08,90,237,COMPLETE,0.0,,,,,,,,,,,,,,,,,,,,
188,188,0.5292987209375591,2023-08-23 23:27:45.806560,2023-08-23 23:27:47.112138,0 days 00:00:01.305578,0.5,1,0.8,0.12461152556879242,1.301939181944762e-08,90,214,COMPLETE,0.0,,,,,,,,,,,,,,,,,,,,
189,189,0.5292987209375591,2023-08-23 23:27:45.891433,2023-08-23 23:27:47.377350,0 days 00:00:01.485917,0.5,1,0.8,0.11527750592046301,1.1844923954264355e-08,90,215,COMPLETE,0.0,,,,,,,,,,,,,,,,,,,,
190,190,0.5292987209375591,2023-08-23 23:27:46.004620,2023-08-23 23:27:47.460023,0 days 00:00:01.455403,0.5,1,0.8,0.11585681059503379,9.846396268810252e-08,90,213,COMPLETE,0.0,,,,,,,,,,,,,,,,,,,,
191,191,0.5349279456397689,2023-08-23 23:27:46.115719,2023-08-23 23:27:47.326438,0 days 00:00:01.210719,0.5,1,0.8,0.10891156443361702,1.0419248328275221e-07,90,236,COMPLETE,0.0,,,,,,,,,,,,,,,,,,,,
192,192,0.5292987209375591,2023-08-23 23:27:46.297186,2023-08-23 23:27:47.531571,0 days 00:00:01.234385,0.5,1,0.8,0.12163989388808796,1.0842409677153117e-07,90,211,COMPLETE,0.0,,,,,,,,,,,,,,,,,,,,
193,193,0.5292987209375591,2023-08-23 23:27:46.753135,2023-08-23 23:27:48.058963,0 days 00:00:01.305828,0.5,1,0.8,0.11887545853002762,1.64333335757718e-08,90,236,COMPLETE,0.0,,,,,,,,,,,,,,,,,,,,
194,194,0.5246151261210173,2023-08-23 23:27:46.845922,2023-08-23 23:27:48.174957,0 days 00:00:01.329035,0.5,1,0.8,0.10413348643807391,1.6206649802516136e-08,90,90,COMPLETE,0.0,,,,,,,,,,,,,,,,,,,,
195,195,0.5292987209375591,2023-08-23 23:27:46.893343,2023-08-23 23:27:48.118619,0 days 00:00:01.225276,0.5,1,0.8,0.11803388610952846,1.844431272496413e-08,90,252,COMPLETE,0.0,,,,,,,,,,,,,,,,,,,,
196,196,0.5292987209375591,2023-08-23 23:27:47.154547,2023-08-23 23:27:48.377010,0 days 00:00:01.222463,0.5,1,0.8,0.11467503559614373,1.013071192765136e-07,90,90,COMPLETE,0.0,,,,,,,,,,,,,,,,,,,,
197,197,0.5107861060329068,2023-08-23 23:27:47.369010,2023-08-23 23:27:48.898208,0 days 00:00:01.529198,0.5,1,0.8,0.001673005077517778,8.22115260067568e-08,90,77,COMPLETE,0.0,,,,,,,,,,,,,,,,,,,,
198,198,0.5368183043138183,2023-08-23 23:27:47.423288,2023-08-23 23:27:48.794206,0 days 00:00:01.370918,0.5,1,0.8,0.033740381671150003,1.9262283924414636e-08,90,31,COMPLETE,0.0,,,,,,,,,,,,,,,,,,,,
199,199,0.5246151261210173,2023-08-23 23:27:47.504621,2023-08-23 23:27:48.681602,0 days 00:00:01.176981,0.5,1,0.8,0.10184318615020665,1.8840010254412455e-08,90,251,COMPLETE,0.0,,,,,,,,,,,,,,,,,,,,
200,200,0.5321278567625658,2023-08-23 23:27:47.580043,2023-08-23 23:27:48.974525,0 days 00:00:01.394482,0.5,1,0.8,0.0660856303214766,1.9682033248247087e-08,90,235,COMPLETE,0.0,,,,,,,,,,,,,,,,,,,,
201,201,0.5107861060329068,2023-08-23 23:27:48.111569,2023-08-23 23:27:49.419117,0 days 00:00:01.307548,0.5,1,0.8,0.0004101734385909729,1.9658611134744886e-08,90,234,COMPLETE,0.0,,,,,,,,,,,,,,,,,,,,
202,202,0.527266081871345,2023-08-23 23:27:48.164323,2023-08-23 23:27:49.574520,0 days 00:00:01.410197,0.5,1,0.8,0.06856941769160486,1.0001958219854121e-07,90,232,COMPLETE,0.0,,,,,,,,,,,,,,,,,,,,
203,203,0.5373047058031596,2023-08-23 23:27:48.218159,2023-08-23 23:27:49.724310,0 days 00:00:01.506151,0.5,1,0.8,0.034686723913052636,8.587337914841663e-08,90,77,COMPLETE,1.0,0.5594170403587444,0.5417175790159661,0.5460619143183185,0.5373047058031596,0.6995967741935484,0.5871404399323181,0.6384544618215272,0.3838383838383838,0.5049833887043189,0.4361549497847919,0.5638297872340425,0.548333821264463,0.5522190249285766,0.5454202177981825,0.689297124600639,0.5919067215363512,0.6369003690036901,0.4073705179282869,0.5125313283208021,0.4539400665926749
204,204,0.5118208497475081,2023-08-23 23:27:48.422200,2023-08-23 23:27:49.655920,0 days 00:00:01.233720,0.5,1,0.8,0.029321554685825323,5.412814533586508e-08,80,30,COMPLETE,0.0,,,,,,,,,,,,,,,,,,,,
205,205,0.5213330271919179,2023-08-23 23:27:48.724725,2023-08-23 23:27:50.099201,0 days 00:00:01.374476,0.5,1,0.8,0.031409206074216545,5.703445236987223e-08,80,232,COMPLETE,0.0,,,,,,,,,,,,,,,,,,,,
206,206,0.4997022860180755,2023-08-23 23:27:48.837256,2023-08-23 23:27:49.967115,0 days 00:00:01.129859,0.5,1,0.8,0.031130446149327345,5.601286719269248e-08,80,25,COMPLETE,0.0,,,,,,,,,,,,,,,,,,,,
207,207,0.5321278567625658,2023-08-23 23:27:48.940742,2023-08-23 23:27:50.621981,0 days 00:00:01.681239,0.5,1,0.8,0.06378335619670197,5.8294697249977574e-08,80,232,COMPLETE,0.0,,,,,,,,,,,,,,,,,,,,
208,208,0.5208473084018111,2023-08-23 23:27:49.016941,2023-08-23 23:27:50.425297,0 days 00:00:01.408356,0.5,1,0.8,0.03254343702795257,5.5065828907429086e-08,80,232,COMPLETE,0.0,,,,,,,,,,,,,,,,,,,,
