,number,value,datetime_start,datetime_complete,duration,params_bagging_fraction,params_bagging_freq,params_feature_fraction,params_lambda_l1,params_lambda_l2,params_min_child_samples,params_num_leaves,state,best_trial,dev_acc,dev_recall_macro,dev_precision_macro,dev_f1_macro,dev_recall_0,dev_precision_0,dev_f1_0,dev_recall_1,dev_precision_1,dev_f1_1,test_acc,test_recall_macro,test_precision_macro,test_f1_macro,test_recall_0,test_precision_0,test_f1_0,test_recall_1,test_precision_1,test_f1_1
102,102,0.6921840797301126,2023-08-23 22:54:50.551768,2023-08-23 22:54:54.181092,0 days 00:00:03.629324,0.9,3,0.5,0.7415664340665953,0.006474777452208399,30,60,COMPLETE,0.0,,,,,,,,,,,,,,,,,,,,
103,103,0.6861590931270576,2023-08-23 22:54:50.791977,2023-08-23 22:54:56.088617,0 days 00:00:05.296640,0.9,3,0.5,0.33992407426632143,0.00011421473648771034,30,189,COMPLETE,0.0,,,,,,,,,,,,,,,,,,,,
104,104,0.6849080864171365,2023-08-23 22:54:50.863500,2023-08-23 22:54:54.562889,0 days 00:00:03.699389,0.9,3,0.5,0.29667818234715687,0.006931693620830715,30,108,COMPLETE,0.0,,,,,,,,,,,,,,,,,,,,
105,105,0.6670168754449769,2023-08-23 22:54:52.025792,2023-08-23 22:54:55.728445,0 days 00:00:03.702653,0.9,3,0.6000000000000001,0.7560094943986039,0.059955156949797285,30,107,COMPLETE,0.0,,,,,,,,,,,,,,,,,,,,
106,106,0.6763802835499251,2023-08-23 22:54:52.108122,2023-08-23 22:54:56.221545,0 days 00:00:04.113423,0.9,3,0.6000000000000001,0.8128539115616743,0.00014680194989109694,30,107,COMPLETE,0.0,,,,,,,,,,,,,,,,,,,,
107,107,0.6921908573700988,2023-08-23 22:54:53.275326,2023-08-23 22:54:57.120028,0 days 00:00:03.844702,0.9,3,0.6000000000000001,0.6807872965453879,0.00013094142452929248,30,109,COMPLETE,0.0,,,,,,,,,,,,,,,,,,,,
108,108,0.6834427668201939,2023-08-23 22:54:53.773610,2023-08-23 22:54:57.592808,0 days 00:00:03.819198,0.9,3,0.5,0.7897547283408785,0.00043706351054418756,30,111,COMPLETE,0.0,,,,,,,,,,,,,,,,,,,,
109,109,0.6740370164494678,2023-08-23 22:54:54.236221,2023-08-23 22:54:57.921177,0 days 00:00:03.684956,0.9,3,0.6000000000000001,0.6627977870190425,0.0008689624875004455,30,110,COMPLETE,0.0,,,,,,,,,,,,,,,,,,,,
110,110,0.67655726828064,2023-08-23 22:54:54.609397,2023-08-23 22:54:58.300182,0 days 00:00:03.690785,0.9,3,0.5,0.701200681194475,0.000498575469914263,30,110,COMPLETE,0.0,,,,,,,,,,,,,,,,,,,,
111,111,0.676585931444458,2023-08-23 22:54:55.574006,2023-08-23 22:54:59.718483,0 days 00:00:04.144477,0.9,3,0.5,0.3013998496887454,0.000944515029409453,30,109,COMPLETE,0.0,,,,,,,,,,,,,,,,,,,,
112,112,0.6670168754449769,2023-08-23 22:54:55.781729,2023-08-23 22:54:59.184361,0 days 00:00:03.402632,0.9,3,0.5,0.3330549345598289,0.006818587853194715,30,93,COMPLETE,0.0,,,,,,,,,,,,,,,,,,,,
113,113,0.6890583989501312,2023-08-23 22:54:56.135185,2023-08-23 22:54:59.770075,0 days 00:00:03.634890,0.9,3,0.5,0.31708532611914053,0.0009299750233897376,30,99,COMPLETE,0.0,,,,,,,,,,,,,,,,,,,,
114,114,0.6634739759778256,2023-08-23 22:54:56.270359,2023-08-23 22:54:59.001007,0 days 00:00:02.730648,0.9,3,0.5,0.08171907530386611,0.0009299070624618127,30,90,COMPLETE,0.0,,,,,,,,,,,,,,,,,,,,
115,115,0.6829794632629684,2023-08-23 22:54:57.168923,2023-08-23 22:55:00.501386,0 days 00:00:03.332463,0.9,3,0.5,0.6549577831706065,0.006774886361338567,30,94,COMPLETE,0.0,,,,,,,,,,,,,,,,,,,,
116,116,0.681270357255729,2023-08-23 22:54:57.646595,2023-08-23 22:55:01.027978,0 days 00:00:03.381383,0.9,3,0.5,0.072407341546684,0.005103492420972934,20,94,COMPLETE,0.0,,,,,,,,,,,,,,,,,,,,
117,117,0.6833363670045014,2023-08-23 22:54:57.967658,2023-08-23 22:55:01.110789,0 days 00:00:03.143131,0.9,3,0.5,0.07945272058566773,0.008372556033187515,20,94,COMPLETE,0.0,,,,,,,,,,,,,,,,,,,,
118,118,0.6884499026662763,2023-08-23 22:54:58.347449,2023-08-23 22:55:01.781886,0 days 00:00:03.434437,0.9,3,0.5,0.3397716531534391,0.0005978221440740071,20,94,COMPLETE,0.0,,,,,,,,,,,,,,,,,,,,
119,119,0.6857329486131041,2023-08-23 22:54:59.046744,2023-08-23 22:55:02.714869,0 days 00:00:03.668125,0.9,3,0.5,0.3643189237100393,0.007816291831135636,20,99,COMPLETE,0.0,,,,,,,,,,,,,,,,,,,,
120,120,0.6684138562639641,2023-08-23 22:54:59.233017,2023-08-23 22:55:02.856776,0 days 00:00:03.623759,0.9,3,0.5,0.3441298740599987,0.00011171059262240122,20,98,COMPLETE,0.0,,,,,,,,,,,,,,,,,,,,
121,121,0.6681816719119057,2023-08-23 22:54:59.768256,2023-08-23 22:55:03.756446,0 days 00:00:03.988190,0.9,3,0.5,0.1930557880673579,0.0006906278545989676,20,101,COMPLETE,0.0,,,,,,,,,,,,,,,,,,,,
122,122,0.6588953906169797,2023-08-23 22:54:59.827101,2023-08-23 22:55:02.627914,0 days 00:00:02.800813,0.5,3,0.5,0.18544888218425318,0.005236937205968523,20,82,COMPLETE,0.0,,,,,,,,,,,,,,,,,,,,
123,123,0.6597616170718221,2023-08-23 22:55:00.544833,2023-08-23 22:55:04.841662,0 days 00:00:04.296829,0.5,3,0.7000000000000001,0.1453682717105334,0.00021098107217631953,20,98,COMPLETE,0.0,,,,,,,,,,,,,,,,,,,,
124,124,0.6673815879481759,2023-08-23 22:55:01.071901,2023-08-23 22:55:04.434365,0 days 00:00:03.362464,0.5,3,0.7000000000000001,0.14889435873935897,0.000107049301103272,20,82,COMPLETE,0.0,,,,,,,,,,,,,,,,,,,,
125,125,0.6752821259555879,2023-08-23 22:55:01.200483,2023-08-23 22:55:04.156423,0 days 00:00:02.955940,0.5,3,0.7000000000000001,0.12235879707096974,8.705393934758678e-05,20,82,COMPLETE,0.0,,,,,,,,,,,,,,,,,,,,
126,126,0.6651578724848981,2023-08-23 22:55:01.834857,2023-08-23 22:55:04.953143,0 days 00:00:03.118286,0.5,3,0.5,0.16596328062681734,0.00010756571612845465,20,84,COMPLETE,0.0,,,,,,,,,,,,,,,,,,,,
127,127,0.6566060979365569,2023-08-23 22:55:02.674453,2023-08-23 22:55:07.181192,0 days 00:00:04.506739,0.5,3,0.5,0.1291715316611433,0.0002133159998927684,20,117,COMPLETE,0.0,,,,,,,,,,,,,,,,,,,,
128,128,0.6797078180223343,2023-08-23 22:55:02.785628,2023-08-23 22:55:07.354091,0 days 00:00:04.568463,0.9,3,0.5,0.1275716511953596,0.00010729760077581335,20,124,COMPLETE,0.0,,,,,,,,,,,,,,,,,,,,
129,129,0.6671504745434707,2023-08-23 22:55:02.904137,2023-08-23 22:55:07.088929,0 days 00:00:04.184792,0.7000000000000001,3,0.5,0.15247599614291235,0.003467643004138081,20,126,COMPLETE,0.0,,,,,,,,,,,,,,,,,,,,
130,130,0.681503719467944,2023-08-23 22:55:03.801939,2023-08-23 22:55:07.786750,0 days 00:00:03.984811,0.8,3,0.5,0.38751999166426754,9.893039230968984e-05,20,118,COMPLETE,0.0,,,,,,,,,,,,,,,,,,,,
131,131,0.6752979976564077,2023-08-23 22:55:04.206543,2023-08-23 22:55:08.309576,0 days 00:00:04.103033,0.8,3,0.5,0.37125975406995443,0.0012902083183199326,20,117,COMPLETE,0.0,,,,,,,,,,,,,,,,,,,,
132,132,0.6692127423965388,2023-08-23 22:55:04.499355,2023-08-23 22:55:09.110456,0 days 00:00:04.611101,0.7000000000000001,3,0.5,0.36610775781261135,0.00022652378534477983,20,116,COMPLETE,0.0,,,,,,,,,,,,,,,,,,,,
133,133,0.6707085700614454,2023-08-23 22:55:04.896666,2023-08-23 22:55:09.441435,0 days 00:00:04.544769,0.7000000000000001,3,0.5,0.38163673984670177,0.0033549509140532075,30,127,COMPLETE,0.0,,,,,,,,,,,,,,,,,,,,
134,134,0.668867043543827,2023-08-23 22:55:05.009276,2023-08-23 22:55:08.617397,0 days 00:00:03.608121,0.8,3,0.5,0.9591426808757826,0.0034934282057592363,30,116,COMPLETE,0.0,,,,,,,,,,,,,,,,,,,,
135,135,0.6627937477819439,2023-08-23 22:55:07.140643,2023-08-23 22:55:11.435161,0 days 00:00:04.294518,0.8,3,0.6000000000000001,0.41200742967953563,0.0014881226949973085,30,117,COMPLETE,0.0,,,,,,,,,,,,,,,,,,,,
136,136,0.6794628984302566,2023-08-23 22:55:07.230066,2023-08-23 22:55:10.272971,0 days 00:00:03.042905,0.8,3,0.6000000000000001,0.9275686051088096,1.3337242179668878e-05,30,74,COMPLETE,0.0,,,,,,,,,,,,,,,,,,,,
137,137,0.6821821390488514,2023-08-23 22:55:07.407241,2023-08-23 22:55:09.869156,0 days 00:00:02.461915,0.8,3,0.6000000000000001,0.3686953449798464,0.0014470692345186222,30,54,COMPLETE,0.0,,,,,,,,,,,,,,,,,,,,
138,138,0.6752979976564077,2023-08-23 22:55:07.848932,2023-08-23 22:55:11.987713,0 days 00:00:04.138781,0.9,3,0.6000000000000001,0.9267787941881944,0.001238818550210003,40,175,COMPLETE,0.0,,,,,,,,,,,,,,,,,,,,
139,139,0.6715098761298963,2023-08-23 22:55:08.358421,2023-08-23 22:55:11.016042,0 days 00:00:02.657621,0.9,3,0.6000000000000001,0.9424631590559526,0.015935781489023932,40,50,COMPLETE,0.0,,,,,,,,,,,,,,,,,,,,
140,140,0.6746048830665277,2023-08-23 22:55:08.660933,2023-08-23 22:55:11.596837,0 days 00:00:02.935904,0.9,3,0.6000000000000001,0.5941718469303631,0.012093733191619964,40,73,COMPLETE,0.0,,,,,,,,,,,,,,,,,,,,
141,141,0.676585931444458,2023-08-23 22:55:09.170075,2023-08-23 22:55:12.208841,0 days 00:00:03.038766,0.9,3,0.6000000000000001,0.24973319673130379,0.011022284808148403,40,75,COMPLETE,0.0,,,,,,,,,,,,,,,,,,,,
142,142,0.6857329486131041,2023-08-23 22:55:09.488745,2023-08-23 22:55:12.344057,0 days 00:00:02.855312,0.9,3,0.6000000000000001,0.54754258145656,4.731076627961218e-05,40,58,COMPLETE,0.0,,,,,,,,,,,,,,,,,,,,
143,143,0.6617629101192197,2023-08-23 22:55:09.922336,2023-08-23 22:55:12.518664,0 days 00:00:02.596328,0.9,3,0.4,0.22689853684243488,0.011237382245604482,40,74,COMPLETE,0.0,,,,,,,,,,,,,,,,,,,,
144,144,0.6805383153000617,2023-08-23 22:55:10.316169,2023-08-23 22:55:12.259961,0 days 00:00:01.943792,0.9,3,0.4,0.24820559585040905,0.01838464455654632,40,48,COMPLETE,0.0,,,,,,,,,,,,,,,,,,,,
145,145,0.6727743131311181,2023-08-23 22:55:11.059956,2023-08-23 22:55:17.455936,0 days 00:00:06.395980,0.9,3,0.4,0.25451530102235076,4.524461547074033e-05,10,175,COMPLETE,0.0,,,,,,,,,,,,,,,,,,,,
146,146,0.6784879627416656,2023-08-23 22:55:11.484501,2023-08-23 22:55:13.717438,0 days 00:00:02.232937,0.9,3,0.4,0.24005541134049108,3.047895745169011e-05,10,58,COMPLETE,0.0,,,,,,,,,,,,,,,,,,,,
147,147,0.6759582194620698,2023-08-23 22:55:11.650873,2023-08-23 22:55:14.083002,0 days 00:00:02.432129,0.9,3,0.4,0.20843287795823606,3.0048183679257697e-05,10,57,COMPLETE,0.0,,,,,,,,,,,,,,,,,,,,
148,148,0.6994420493635776,2023-08-23 22:55:12.037323,2023-08-23 22:55:14.220349,0 days 00:00:02.183026,0.9,3,0.4,0.25285729890416325,0.0006562892298899463,30,61,COMPLETE,0.0,,,,,,,,,,,,,,,,,,,,
149,149,0.6723052709327222,2023-08-23 22:55:12.255141,2023-08-23 22:55:16.372596,0 days 00:00:04.117455,0.9,3,0.4,0.22628774153006453,0.0006222363852305401,30,105,COMPLETE,0.0,,,,,,,,,,,,,,,,,,,,
150,150,0.6597806366485238,2023-08-23 22:55:12.311775,2023-08-23 22:55:16.561132,0 days 00:00:04.249357,0.9,3,0.4,0.2472225383805633,0.00042012015919829106,10,103,COMPLETE,0.0,,,,,,,,,,,,,,,,,,,,
151,151,0.6633498337719281,2023-08-23 22:55:12.392588,2023-08-23 22:55:15.214369,0 days 00:00:02.821781,0.9,3,0.7000000000000001,0.23497097789447333,2.760671799242033e-05,10,58,COMPLETE,0.0,,,,,,,,,,,,,,,,,,,,
152,152,0.6728444141228129,2023-08-23 22:55:12.566492,2023-08-23 22:55:15.113532,0 days 00:00:02.547040,0.9,3,0.7000000000000001,0.5520430106193658,4.388843369556419e-05,10,56,COMPLETE,0.0,,,,,,,,,,,,,,,,,,,,
153,153,0.6859477796052631,2023-08-23 22:55:13.766047,2023-08-23 22:55:15.830010,0 days 00:00:02.063963,0.9,3,0.7000000000000001,0.5528722641867786,4.5446849634189974e-05,10,39,COMPLETE,0.0,,,,,,,,,,,,,,,,,,,,
154,154,0.6615297148715205,2023-08-23 22:55:14.137528,2023-08-23 22:55:19.624622,0 days 00:00:05.487094,0.9,3,0.7000000000000001,0.5806830041248993,6.109293913134519e-05,30,191,COMPLETE,0.0,,,,,,,,,,,,,,,,,,,,
155,155,0.6802372662798195,2023-08-23 22:55:14.271695,2023-08-23 22:55:16.435165,0 days 00:00:02.163470,1.0,3,0.4,0.5075380599547633,4.950245708910617e-05,30,63,COMPLETE,0.0,,,,,,,,,,,,,,,,,,,,
156,156,0.6713781236240779,2023-08-23 22:55:15.166859,2023-08-23 22:55:17.524425,0 days 00:00:02.357566,1.0,3,0.4,0.5980426747272338,0.0003486862710585611,30,65,COMPLETE,0.0,,,,,,,,,,,,,,,,,,,,
157,157,0.6784595945018506,2023-08-23 22:55:15.262837,2023-08-23 22:55:17.154748,0 days 00:00:01.891911,1.0,3,0.4,0.5710026379135499,5.830583937866668e-05,30,44,COMPLETE,0.0,,,,,,,,,,,,,,,,,,,,
158,158,0.6867715666438139,2023-08-23 22:55:15.877401,2023-08-23 22:55:17.673677,0 days 00:00:01.796276,1.0,3,0.4,0.579229940690714,4.771193161888601e-05,30,45,COMPLETE,0.0,,,,,,,,,,,,,,,,,,,,
159,159,0.6867720636482939,2023-08-23 22:55:16.418485,2023-08-23 22:55:18.443327,0 days 00:00:02.024842,0.9,3,0.5,0.638824886414772,4.861653518593737e-05,30,39,COMPLETE,0.0,,,,,,,,,,,,,,,,,,,,
160,160,0.676104143596611,2023-08-23 22:55:16.497573,2023-08-23 22:55:19.013446,0 days 00:00:02.515873,0.9,3,0.9,0.6222916670774382,5.923911415670769e-05,10,41,COMPLETE,0.0,,,,,,,,,,,,,,,,,,,,
161,161,0.6815774740486207,2023-08-23 22:55:16.608617,2023-08-23 22:55:18.589302,0 days 00:00:01.980685,0.9,3,0.5,0.6148354153977438,5.734904378245512e-05,30,40,COMPLETE,0.0,,,,,,,,,,,,,,,,,,,,
162,162,0.6628722606929862,2023-08-23 22:55:17.201336,2023-08-23 22:55:18.941095,0 days 00:00:01.739759,0.9,3,0.5,0.09868849513001193,5.626394899716224e-06,30,41,COMPLETE,0.0,,,,,,,,,,,,,,,,,,,,
163,163,0.6457304964539008,2023-08-23 22:55:17.503203,2023-08-23 22:55:20.110645,0 days 00:00:02.607442,0.4,3,0.5,0.09787121164297626,0.00016061053833332407,30,67,COMPLETE,0.0,,,,,,,,,,,,,,,,,,,,
164,164,0.6564414979852924,2023-08-23 22:55:17.571541,2023-08-23 22:55:20.981698,0 days 00:00:03.410157,0.4,3,0.9,0.0899930948565454,7.308898282184425e-06,30,88,COMPLETE,0.0,,,,,,,,,,,,,,,,,,,,
165,165,0.67655726828064,2023-08-23 22:55:17.719072,2023-08-23 22:55:19.823935,0 days 00:00:02.104863,1.0,3,0.4,0.6226623920278204,2.059804499712176e-05,30,45,COMPLETE,0.0,,,,,,,,,,,,,,,,,,,,
166,166,0.690683209149549,2023-08-23 22:55:18.485892,2023-08-23 22:55:20.045294,0 days 00:00:01.559402,1.0,3,0.4,0.5658772835413626,5.760092106675073e-05,30,37,COMPLETE,0.0,,,,,,,,,,,,,,,,,,,,
167,167,0.6735733135411512,2023-08-23 22:55:18.633245,2023-08-23 22:55:20.288480,0 days 00:00:01.655235,1.0,3,0.4,0.47506331161471405,1.8812863353788413e-05,30,32,COMPLETE,0.0,,,,,,,,,,,,,,,,,,,,
168,168,0.6781708725053603,2023-08-23 22:55:18.990103,2023-08-23 22:55:20.592542,0 days 00:00:01.602439,1.0,3,0.4,0.4902389374165234,2.0358910372753233e-05,30,31,COMPLETE,0.0,,,,,,,,,,,,,,,,,,,,
169,169,0.6699013157894737,2023-08-23 22:55:19.059115,2023-08-23 22:55:21.104464,0 days 00:00:02.045349,1.0,3,0.4,0.362296835692378,0.00015630162034940565,30,52,COMPLETE,0.0,,,,,,,,,,,,,,,,,,,,
170,170,0.6882401315789474,2023-08-23 22:55:19.673523,2023-08-23 22:55:21.573099,0 days 00:00:01.899576,1.0,3,0.4,0.403854470995169,1.7482935414697428e-05,30,33,COMPLETE,0.0,,,,,,,,,,,,,,,,,,,,
171,171,0.671158621097157,2023-08-23 22:55:19.872083,2023-08-23 22:55:21.356875,0 days 00:00:01.484792,1.0,3,0.4,0.3451783846601479,1.4436103414312302e-05,30,32,COMPLETE,0.0,,,,,,,,,,,,,,,,,,,,
172,172,0.6699013157894737,2023-08-23 22:55:20.093776,2023-08-23 22:55:21.930295,0 days 00:00:01.836519,1.0,3,0.4,0.9832951879638715,0.0001669719469424082,30,35,COMPLETE,0.0,,,,,,,,,,,,,,,,,,,,
173,173,0.6819595955695428,2023-08-23 22:55:20.153573,2023-08-23 22:55:21.789873,0 days 00:00:01.636300,1.0,3,0.4,0.40999405033747743,2.2211483825487034e-05,30,30,COMPLETE,0.0,,,,,,,,,,,,,,,,,,,,
174,174,0.6749204393799404,2023-08-23 22:55:20.336811,2023-08-23 22:55:21.523283,0 days 00:00:01.186472,1.0,3,0.4,0.40287370089537383,0.00014794049873799412,30,27,COMPLETE,0.0,,,,,,,,,,,,,,,,,,,,
175,175,0.6829955447966831,2023-08-23 22:55:20.636463,2023-08-23 22:55:22.184860,0 days 00:00:01.548397,1.0,3,0.4,0.3539773804117509,8.155637426480725e-05,30,35,COMPLETE,0.0,,,,,,,,,,,,,,,,,,,,
176,176,0.6721936677631579,2023-08-23 22:55:21.024641,2023-08-23 22:55:22.716185,0 days 00:00:01.691544,1.0,3,0.4,0.3463114630512295,8.800078166965501e-05,30,35,COMPLETE,0.0,,,,,,,,,,,,,,,,,,,,
177,177,0.6724142358917464,2023-08-23 22:55:21.150510,2023-08-23 22:55:22.835942,0 days 00:00:01.685432,1.0,3,0.4,0.3638964573212558,4.032185462349092e-05,40,36,COMPLETE,0.0,,,,,,,,,,,,,,,,,,,,
178,178,0.6692689795944733,2023-08-23 22:55:21.400423,2023-08-23 22:55:23.127634,0 days 00:00:01.727211,0.9,3,0.4,0.9834238439536711,8.76293109152845e-05,30,36,COMPLETE,0.0,,,,,,,,,,,,,,,,,,,,
179,179,0.6846845462230078,2023-08-23 22:55:21.569209,2023-08-23 22:55:24.040948,0 days 00:00:02.471739,0.9,3,0.5,0.874439754833686,7.895863108889207e-05,30,52,COMPLETE,0.0,,,,,,,,,,,,,,,,,,,,
180,180,0.67655726828064,2023-08-23 22:55:21.621618,2023-08-23 22:55:23.251105,0 days 00:00:01.629487,1.0,3,0.4,0.973240132500721,3.3854311364576976e-05,40,36,COMPLETE,0.0,,,,,,,,,,,,,,,,,,,,
181,181,0.6715939630677262,2023-08-23 22:55:21.833579,2023-08-23 22:55:24.467584,0 days 00:00:02.634005,1.0,3,0.4,0.9574210383385553,3.5592399985287636e-05,40,48,COMPLETE,0.0,,,,,,,,,,,,,,,,,,,,
182,182,0.6811571550282818,2023-08-23 22:55:21.976494,2023-08-23 22:55:24.308456,0 days 00:00:02.331962,1.0,3,0.4,0.9948684282125947,3.9400403344894264e-05,40,48,COMPLETE,0.0,,,,,,,,,,,,,,,,,,,,
183,183,0.681503719467944,2023-08-23 22:55:22.242994,2023-08-23 22:55:23.311724,0 days 00:00:01.068730,1.0,3,0.4,0.7078409021760306,4.0518598532706234e-05,20,20,COMPLETE,0.0,,,,,,,,,,,,,,,,,,,,
184,184,0.6824011054339794,2023-08-23 22:55:22.761995,2023-08-23 22:55:25.123796,0 days 00:00:02.361801,0.9,3,0.4,0.763269316395865,2.9453613570536403e-05,40,50,COMPLETE,0.0,,,,,,,,,,,,,,,,,,,,
185,185,0.6865522367887552,2023-08-23 22:55:22.884796,2023-08-23 22:55:24.118156,0 days 00:00:01.233360,0.9,3,0.4,0.9815772926164575,3.169083974511477e-05,20,20,COMPLETE,0.0,,,,,,,,,,,,,,,,,,,,
186,186,0.6684138562639641,2023-08-23 22:55:23.176053,2023-08-23 22:55:25.586222,0 days 00:00:02.410169,0.9,3,0.4,0.6812768982118188,3.974803473820033e-05,20,51,COMPLETE,0.0,,,,,,,,,,,,,,,,,,,,
187,187,0.6823033881857412,2023-08-23 22:55:23.309523,2023-08-23 22:55:24.690394,0 days 00:00:01.380871,0.9,3,0.5,0.5766719032305246,1.2379488527638046e-05,20,20,COMPLETE,0.0,,,,,,,,,,,,,,,,,,,,
188,188,0.675521706995726,2023-08-23 22:55:23.373804,2023-08-23 22:55:25.786727,0 days 00:00:02.412923,0.9,3,0.5,0.18605486918233838,9.220720679397994e-06,30,51,COMPLETE,0.0,,,,,,,,,,,,,,,,,,,,
189,189,0.6688215998560826,2023-08-23 22:55:24.091886,2023-08-23 22:55:26.943440,0 days 00:00:02.851554,0.9,3,0.5,0.17577282179644357,1.2664753215816373e-05,30,61,COMPLETE,0.0,,,,,,,,,,,,,,,,,,,,
190,190,0.6619923108838373,2023-08-23 22:55:24.169339,2023-08-23 22:55:26.326569,0 days 00:00:02.157230,0.9,3,0.4,0.16854535301764445,1.0172989639920387e-05,20,47,COMPLETE,0.0,,,,,,,,,,,,,,,,,,,,
191,191,0.6804696519874649,2023-08-23 22:55:24.365626,2023-08-23 22:55:26.799077,0 days 00:00:02.433451,0.9,3,0.4,0.00020600024849286365,1.300357357169635e-05,20,59,COMPLETE,0.0,,,,,,,,,,,,,,,,,,,,
192,192,0.6844768528463325,2023-08-23 22:55:24.515647,2023-08-23 22:55:27.778094,0 days 00:00:03.262447,0.9,3,0.7000000000000001,0.16483117393906507,1.1964115783498394e-05,20,60,COMPLETE,0.0,,,,,,,,,,,,,,,,,,,,
193,193,0.6823996516304208,2023-08-23 22:55:24.738011,2023-08-23 22:55:31.396640,0 days 00:00:06.658629,0.9,3,0.7000000000000001,0.17125704650980575,2.5461628112516753e-05,20,156,COMPLETE,0.0,,,,,,,,,,,,,,,,,,,,
194,194,0.6776267224409449,2023-08-23 22:55:25.172384,2023-08-23 22:55:28.087538,0 days 00:00:02.915154,0.9,3,0.7000000000000001,0.1507706968537738,0.00028162784125892705,20,61,COMPLETE,0.0,,,,,,,,,,,,,,,,,,,,
195,195,0.679286664509402,2023-08-23 22:55:25.643134,2023-08-23 22:55:29.011812,0 days 00:00:03.368678,0.9,3,0.7000000000000001,0.0001511136784148595,9.061799863404868e-06,20,70,COMPLETE,0.0,,,,,,,,,,,,,,,,,,,,
196,196,0.6940743966304561,2023-08-23 22:55:25.836182,2023-08-23 22:55:32.279925,0 days 00:00:06.443743,0.9,3,0.7000000000000001,0.15845796357131642,0.0007598680172172166,20,157,COMPLETE,0.0,,,,,,,,,,,,,,,,,,,,
197,197,0.6718061532820794,2023-08-23 22:55:26.386379,2023-08-23 22:55:29.185096,0 days 00:00:02.798717,0.9,3,0.7000000000000001,0.27244435880184825,1.5241266016275024e-05,20,63,COMPLETE,0.0,,,,,,,,,,,,,,,,,,,,
198,198,0.6838682835878391,2023-08-23 22:55:26.851318,2023-08-23 22:55:31.104419,0 days 00:00:04.253101,0.9,3,0.5,0.30862354893364813,0.0007804314351496297,30,100,COMPLETE,0.0,,,,,,,,,,,,,,,,,,,,
199,199,0.6635890306926933,2023-08-23 22:55:26.995915,2023-08-23 22:55:30.034820,0 days 00:00:03.038905,0.9,3,0.7000000000000001,0.2943844698412439,0.0006248628438967092,30,70,COMPLETE,0.0,,,,,,,,,,,,,,,,,,,,
200,200,0.6763802835499251,2023-08-23 22:55:27.830141,2023-08-23 22:55:30.762699,0 days 00:00:02.932558,0.9,3,0.5,0.28529037857504314,0.0019670883354545136,30,70,COMPLETE,0.0,,,,,,,,,,,,,,,,,,,,
201,201,0.6875898122633978,2023-08-23 22:55:28.138218,2023-08-23 22:55:31.583623,0 days 00:00:03.445405,0.9,3,0.5,0.30605734721771,0.0020610022956081327,30,100,COMPLETE,0.0,,,,,,,,,,,,,,,,,,,,
202,202,0.6777452533564479,2023-08-23 22:55:29.056284,2023-08-23 22:55:32.613125,0 days 00:00:03.556841,0.9,3,0.5,0.2916025907893497,0.0022242535128040963,30,97,COMPLETE,0.0,,,,,,,,,,,,,,,,,,,,
203,203,0.6684813812335958,2023-08-23 22:55:29.230549,2023-08-23 22:55:33.263537,0 days 00:00:04.032988,0.9,3,0.5,0.48069981911330056,0.0008064680179693349,30,98,COMPLETE,0.0,,,,,,,,,,,,,,,,,,,,
204,204,0.6748396005373913,2023-08-23 22:55:30.087695,2023-08-23 22:55:34.985034,0 days 00:00:04.897339,0.9,3,0.5,0.4893709283936405,5.862222152133988e-05,10,98,COMPLETE,0.0,,,,,,,,,,,,,,,,,,,,
205,205,0.6917828190771262,2023-08-23 22:55:30.808799,2023-08-23 22:55:34.902678,0 days 00:00:04.093879,0.9,3,0.5,0.5332366056501333,6.380393229452375e-05,10,100,COMPLETE,0.0,,,,,,,,,,,,,,,,,,,,
206,206,0.6764273422845997,2023-08-23 22:55:31.155842,2023-08-23 22:55:35.210109,0 days 00:00:04.054267,0.9,3,0.5,0.4899722698768554,5.783714067455393e-05,10,97,COMPLETE,0.0,,,,,,,,,,,,,,,,,,,,
207,207,0.677829862445247,2023-08-23 22:55:31.458673,2023-08-23 22:55:34.804204,0 days 00:00:03.345531,0.9,3,0.5,0.5380159903696483,5.421447742318631e-05,10,87,COMPLETE,0.0,,,,,,,,,,,,,,,,,,,,
208,208,0.6830366821245999,2023-08-23 22:55:31.634860,2023-08-23 22:55:35.948177,0 days 00:00:04.313317,0.9,3,0.5,0.4909501975253911,0.0026869180171105256,30,97,COMPLETE,0.0,,,,,,,,,,,,,,,,,,,,
209,209,0.677829862445247,2023-08-23 22:55:32.341603,2023-08-23 22:55:36.076642,0 days 00:00:03.735039,0.9,3,0.5,0.5010617612535343,0.0011007721831741226,10,99,COMPLETE,0.0,,,,,,,,,,,,,,,,,,,,
