,number,value,datetime_start,datetime_complete,duration,params_bagging_fraction,params_bagging_freq,params_feature_fraction,params_lambda_l1,params_lambda_l2,params_min_child_samples,params_num_leaves,state,best_trial,dev_acc,dev_recall_macro,dev_precision_macro,dev_f1_macro,dev_recall_0,dev_precision_0,dev_f1_0,dev_recall_1,dev_precision_1,dev_f1_1,test_acc,test_recall_macro,test_precision_macro,test_f1_macro,test_recall_0,test_precision_0,test_f1_0,test_recall_1,test_precision_1,test_f1_1
209,209,0.6276240458015268,2023-08-24 12:37:30.534479,2023-08-24 12:37:33.753411,0 days 00:00:03.218932,0.8,2,0.6000000000000001,0.005943211157909985,0.2735549468976585,50,113,COMPLETE,0.0,,,,,,,,,,,,,,,,,,,,
210,210,0.6240542763157895,2023-08-24 12:37:30.695978,2023-08-24 12:37:34.021790,0 days 00:00:03.325812,0.8,2,1.0,0.004801999019103772,0.0062991422130474865,50,146,COMPLETE,0.0,,,,,,,,,,,,,,,,,,,,
211,211,0.6069944496039194,2023-08-24 12:37:31.115755,2023-08-24 12:37:34.669539,0 days 00:00:03.553784,0.8,2,1.0,0.006569829113767364,0.12801451474337716,50,143,COMPLETE,0.0,,,,,,,,,,,,,,,,,,,,
212,212,0.6212902557730144,2023-08-24 12:37:31.949779,2023-08-24 12:37:33.970154,0 days 00:00:02.020375,0.6000000000000001,2,0.4,0.005691532744616522,0.005887622033182679,50,146,COMPLETE,0.0,,,,,,,,,,,,,,,,,,,,
213,213,0.6008579055378112,2023-08-24 12:37:32.417522,2023-08-24 12:37:35.346430,0 days 00:00:02.928908,0.8,2,0.4,9.721094902994205e-05,0.005815751853888302,50,146,COMPLETE,0.0,,,,,,,,,,,,,,,,,,,,
214,214,0.613955080711319,2023-08-24 12:37:32.837731,2023-08-24 12:37:34.794970,0 days 00:00:01.957239,0.8,2,0.4,0.0027689314721431675,0.12314923916845281,100,146,COMPLETE,0.0,,,,,,,,,,,,,,,,,,,,
215,215,0.6316561022443375,2023-08-24 12:37:33.031746,2023-08-24 12:37:34.540719,0 days 00:00:01.508973,0.8,2,0.4,0.004078434773405789,0.006084678297492725,100,228,COMPLETE,0.0,,,,,,,,,,,,,,,,,,,,
216,216,0.6398545469507837,2023-08-24 12:37:33.746587,2023-08-24 12:37:35.509032,0 days 00:00:01.762445,0.8,2,0.4,5.152697870365291e-08,0.007631741802173408,100,146,COMPLETE,0.0,,,,,,,,,,,,,,,,,,,,
217,217,0.6116503349245208,2023-08-24 12:37:33.807664,2023-08-24 12:37:37.174570,0 days 00:00:03.366906,0.8,2,0.6000000000000001,0.0021202646294545082,0.007859339690701133,50,113,COMPLETE,0.0,,,,,,,,,,,,,,,,,,,,
218,218,0.6036030465915194,2023-08-24 12:37:34.016556,2023-08-24 12:37:36.336108,0 days 00:00:02.319552,0.8,2,0.6000000000000001,0.001865053063845031,0.12757465625172495,80,114,COMPLETE,0.0,,,,,,,,,,,,,,,,,,,,
219,219,0.6146295249340097,2023-08-24 12:37:34.083987,2023-08-24 12:37:35.840282,0 days 00:00:01.756295,0.8,2,0.6000000000000001,0.0037275554551576134,0.11174156701950493,100,112,COMPLETE,0.0,,,,,,,,,,,,,,,,,,,,
220,220,0.6316561022443375,2023-08-24 12:37:34.588266,2023-08-24 12:37:36.439706,0 days 00:00:01.851440,0.8,2,0.4,0.0024535140603271777,0.009702642118995968,100,223,COMPLETE,0.0,,,,,,,,,,,,,,,,,,,,
221,221,0.6316561022443375,2023-08-24 12:37:34.717983,2023-08-24 12:37:37.045609,0 days 00:00:02.327626,0.8,2,0.4,0.0020787260742155447,0.009286440803015108,100,252,COMPLETE,0.0,,,,,,,,,,,,,,,,,,,,
222,222,0.6398545469507837,2023-08-24 12:37:34.856208,2023-08-24 12:37:36.551548,0 days 00:00:01.695340,0.8,2,0.4,6.27116891037873e-05,0.008153558167121521,100,177,COMPLETE,0.0,,,,,,,,,,,,,,,,,,,,
223,223,0.621713803989002,2023-08-24 12:37:35.391087,2023-08-24 12:37:37.122081,0 days 00:00:01.730994,0.8,2,0.6000000000000001,0.0018597525131649648,0.008709625069335486,100,114,COMPLETE,0.0,,,,,,,,,,,,,,,,,,,,
224,224,0.6378110889256403,2023-08-24 12:37:35.556653,2023-08-24 12:37:37.785343,0 days 00:00:02.228690,0.8,2,0.4,5.478927184139089e-08,0.010106848611581367,100,184,COMPLETE,0.0,,,,,,,,,,,,,,,,,,,,
225,225,0.6378110889256403,2023-08-24 12:37:35.885095,2023-08-24 12:37:37.460990,0 days 00:00:01.575895,0.8,2,0.4,5.5673256214800575e-08,0.01073516627568418,100,197,COMPLETE,0.0,,,,,,,,,,,,,,,,,,,,
226,226,0.6398545469507837,2023-08-24 12:37:36.382728,2023-08-24 12:37:38.066718,0 days 00:00:01.683990,0.8,2,0.4,5.816554893019996e-08,0.007824218813371135,100,123,COMPLETE,0.0,,,,,,,,,,,,,,,,,,,,
227,227,0.6398545469507837,2023-08-24 12:37:36.492370,2023-08-24 12:37:38.272682,0 days 00:00:01.780312,0.8,2,0.4,4.5940197627924914e-05,0.007156595927634198,100,238,COMPLETE,0.0,,,,,,,,,,,,,,,,,,,,
228,228,0.6316561022443375,2023-08-24 12:37:36.598788,2023-08-24 12:37:38.570850,0 days 00:00:01.972062,0.8,2,0.4,0.0025482121898769247,0.00958338732449044,100,228,COMPLETE,0.0,,,,,,,,,,,,,,,,,,,,
229,229,0.6316561022443375,2023-08-24 12:37:37.097040,2023-08-24 12:37:39.156081,0 days 00:00:02.059041,0.8,2,0.4,0.0029743031736517932,0.009469275594968705,100,251,COMPLETE,0.0,,,,,,,,,,,,,,,,,,,,
230,230,0.6267724588944505,2023-08-24 12:37:37.220168,2023-08-24 12:37:39.202314,0 days 00:00:01.982146,0.8,2,0.4,0.002841127366033126,0.013321736829700467,100,256,COMPLETE,0.0,,,,,,,,,,,,,,,,,,,,
231,231,0.6181933866769498,2023-08-24 12:37:37.226374,2023-08-24 12:37:39.286429,0 days 00:00:02.060055,0.8,2,0.4,7.072815536288143e-05,0.01408339357962143,100,183,COMPLETE,0.0,,,,,,,,,,,,,,,,,,,,
232,232,0.6316561022443375,2023-08-24 12:37:37.505736,2023-08-24 12:37:39.437588,0 days 00:00:01.931852,0.8,2,0.4,0.0031246180624117602,0.011560301185292894,100,234,COMPLETE,0.0,,,,,,,,,,,,,,,,,,,,
233,233,0.6181933866769498,2023-08-24 12:37:37.830154,2023-08-24 12:37:39.632540,0 days 00:00:01.802386,0.8,2,0.4,5.7313457407844784e-08,0.013155305701104295,100,216,COMPLETE,0.0,,,,,,,,,,,,,,,,,,,,
234,234,0.6378110889256403,2023-08-24 12:37:38.111956,2023-08-24 12:37:39.761509,0 days 00:00:01.649553,0.8,2,0.4,5.218665002473574e-08,0.01198308142674931,100,214,COMPLETE,0.0,,,,,,,,,,,,,,,,,,,,
235,235,0.6378110889256403,2023-08-24 12:37:38.319727,2023-08-24 12:37:39.975919,0 days 00:00:01.656192,0.8,2,0.4,5.402191856377705e-08,0.010383455841752737,100,229,COMPLETE,0.0,,,,,,,,,,,,,,,,,,,,
236,236,0.6267724588944505,2023-08-24 12:37:38.618246,2023-08-24 12:37:40.116891,0 days 00:00:01.498645,0.8,2,0.4,0.0028736975702263654,0.013251120404633535,100,229,COMPLETE,0.0,,,,,,,,,,,,,,,,,,,,
237,237,0.6378110889256403,2023-08-24 12:37:39.249513,2023-08-24 12:37:41.545243,0 days 00:00:02.295730,0.8,2,0.4,5.6698394729366316e-08,0.009821001209713218,100,237,COMPLETE,0.0,,,,,,,,,,,,,,,,,,,,
238,238,0.6316561022443375,2023-08-24 12:37:39.260174,2023-08-24 12:37:41.176158,0 days 00:00:01.915984,0.8,2,0.4,0.002843250955793771,0.008754609239319724,100,230,COMPLETE,0.0,,,,,,,,,,,,,,,,,,,,
239,239,0.6316561022443375,2023-08-24 12:37:39.336265,2023-08-24 12:37:41.363100,0 days 00:00:02.026835,0.8,2,0.4,0.0032674243705886723,0.009203877906587398,100,231,COMPLETE,0.0,,,,,,,,,,,,,,,,,,,,
240,240,0.6398545469507837,2023-08-24 12:37:39.485277,2023-08-24 12:37:41.656551,0 days 00:00:02.171274,0.8,2,0.4,0.0009537551586680695,0.007669687791546802,100,233,COMPLETE,0.0,,,,,,,,,,,,,,,,,,,,
241,241,0.6316561022443375,2023-08-24 12:37:39.677576,2023-08-24 12:37:41.909455,0 days 00:00:02.231879,0.8,2,0.4,0.003543966697593593,0.008758300378071232,100,247,COMPLETE,0.0,,,,,,,,,,,,,,,,,,,,
242,242,0.6398545469507837,2023-08-24 12:37:39.819343,2023-08-24 12:37:41.410881,0 days 00:00:01.591538,0.8,2,0.4,9.562537202932041e-08,0.009014658585896042,100,244,COMPLETE,0.0,,,,,,,,,,,,,,,,,,,,
243,243,0.6398545469507837,2023-08-24 12:37:40.044835,2023-08-24 12:37:41.854641,0 days 00:00:01.809806,0.8,2,0.4,4.933005061613301e-08,0.008839443459445824,100,233,COMPLETE,0.0,,,,,,,,,,,,,,,,,,,,
244,244,0.6398545469507837,2023-08-24 12:37:40.165188,2023-08-24 12:37:41.810441,0 days 00:00:01.645253,0.8,2,0.4,9.401269832649097e-08,0.008566043863448322,100,248,COMPLETE,0.0,,,,,,,,,,,,,,,,,,,,
245,245,0.6398545469507837,2023-08-24 12:37:41.230557,2023-08-24 12:37:42.631512,0 days 00:00:01.400955,0.8,2,0.4,5.266946196464453e-08,0.009368377077570395,100,248,COMPLETE,0.0,,,,,,,,,,,,,,,,,,,,
246,246,0.6398545469507837,2023-08-24 12:37:41.455589,2023-08-24 12:37:43.011756,0 days 00:00:01.556167,0.8,2,0.4,5.189129585608831e-08,0.009103244270638734,100,244,COMPLETE,0.0,,,,,,,,,,,,,,,,,,,,
247,247,0.6398545469507837,2023-08-24 12:37:41.460453,2023-08-24 12:37:42.883204,0 days 00:00:01.422751,0.8,2,0.4,5.392882709913527e-08,0.00774377655654822,100,247,COMPLETE,0.0,,,,,,,,,,,,,,,,,,,,
248,248,0.6398545469507837,2023-08-24 12:37:41.592374,2023-08-24 12:37:43.088483,0 days 00:00:01.496109,0.8,2,0.4,4.09526573017424e-08,0.00875146382761833,100,248,COMPLETE,0.0,,,,,,,,,,,,,,,,,,,,
249,249,0.6426682535940944,2023-08-24 12:37:41.721184,2023-08-24 12:37:42.840768,0 days 00:00:01.119584,0.8,2,0.4,9.330400508371608e-08,0.005186452802400877,100,246,COMPLETE,1.0,0.6513452914798207,0.6419436298468557,0.6459724076546507,0.6426682535940944,0.7258064516129032,0.6728971962616822,0.6983511154219205,0.5580808080808081,0.6190476190476191,0.5869853917662683,0.6569148936170213,0.6475885595000191,0.652015732546706,0.6483541269268444,0.7324281150159745,0.6762536873156342,0.7032208588957055,0.5627490039840638,0.6277777777777778,0.5934873949579832
