,number,value,datetime_start,datetime_complete,duration,params_bagging_fraction,params_bagging_freq,params_feature_fraction,params_lambda_l1,params_lambda_l2,params_min_child_samples,params_num_leaves,state,best_trial,dev_acc,dev_recall_macro,dev_precision_macro,dev_f1_macro,dev_recall_0,dev_precision_0,dev_f1_0,dev_recall_1,dev_precision_1,dev_f1_1,test_acc,test_recall_macro,test_precision_macro,test_f1_macro,test_recall_0,test_precision_0,test_f1_0,test_recall_1,test_precision_1,test_f1_1
208,208,0.8320509166904151,2023-08-23 22:49:01.183579,2023-08-23 22:49:02.104532,0 days 00:00:00.920953,1.0,1,0.8,1.6420814081504593e-08,1.4426046283768984e-08,90,156,COMPLETE,0.0,,,,,,,,,,,,,,,,,,,,
209,209,0.8320509166904151,2023-08-23 22:49:01.524005,2023-08-23 22:49:02.157044,0 days 00:00:00.633039,1.0,1,0.8,5.237643101930755e-08,1.4761350702129393e-08,90,157,COMPLETE,0.0,,,,,,,,,,,,,,,,,,,,
210,210,0.8320509166904151,2023-08-23 22:49:01.690547,2023-08-23 22:49:02.330444,0 days 00:00:00.639897,1.0,1,0.8,4.721289476955602e-08,9.037521423060727e-08,90,157,COMPLETE,0.0,,,,,,,,,,,,,,,,,,,,
211,211,0.8320509166904151,2023-08-23 22:49:01.843704,2023-08-23 22:49:02.753091,0 days 00:00:00.909387,1.0,1,0.8,1.3772577061042948e-08,3.020219625202917e-08,90,160,COMPLETE,0.0,,,,,,,,,,,,,,,,,,,,
212,212,0.8320509166904151,2023-08-23 22:49:01.930214,2023-08-23 22:49:02.972690,0 days 00:00:01.042476,1.0,1,0.8,1.3718376428352276e-08,1.8629349292648811e-06,90,159,COMPLETE,0.0,,,,,,,,,,,,,,,,,,,,
213,213,0.8320509166904151,2023-08-23 22:49:02.016926,2023-08-23 22:49:02.875345,0 days 00:00:00.858419,1.0,1,0.8,1.3612689467715648e-08,1.0705398990412421e-07,90,181,COMPLETE,0.0,,,,,,,,,,,,,,,,,,,,
214,214,0.8320509166904151,2023-08-23 22:49:02.023513,2023-08-23 22:49:02.924772,0 days 00:00:00.901259,1.0,1,0.8,1.0014666109009294e-08,1.307423721092835e-07,90,164,COMPLETE,0.0,,,,,,,,,,,,,,,,,,,,
215,215,0.8320509166904151,2023-08-23 22:49:02.101632,2023-08-23 22:49:03.074823,0 days 00:00:00.973191,1.0,1,0.8,1.3610424497445708e-08,1.1955083715223193e-06,90,181,COMPLETE,0.0,,,,,,,,,,,,,,,,,,,,
216,216,0.792533485323454,2023-08-23 22:49:02.145978,2023-08-23 22:49:03.033409,0 days 00:00:00.887431,1.0,1,1.0,3.0276044560088096e-08,1.1017538613206468e-07,90,164,COMPLETE,0.0,,,,,,,,,,,,,,,,,,,,
217,217,0.8320509166904151,2023-08-23 22:49:02.204238,2023-08-23 22:49:03.130374,0 days 00:00:00.926136,1.0,1,0.8,3.026039215368747e-08,9.36219353620466e-08,90,140,COMPLETE,0.0,,,,,,,,,,,,,,,,,,,,
218,218,0.8320509166904151,2023-08-23 22:49:02.376664,2023-08-23 22:49:03.194900,0 days 00:00:00.818236,1.0,1,0.8,1.4094169454482985e-08,3.461493118965571e-08,90,140,COMPLETE,0.0,,,,,,,,,,,,,,,,,,,,
219,219,0.8320509166904151,2023-08-23 22:49:02.797716,2023-08-23 22:49:03.491397,0 days 00:00:00.693681,1.0,1,0.8,3.0867401349183125e-08,3.6751726329253786e-08,90,139,COMPLETE,0.0,,,,,,,,,,,,,,,,,,,,
220,220,0.792533485323454,2023-08-23 22:49:02.918869,2023-08-23 22:49:03.898196,0 days 00:00:00.979327,1.0,1,1.0,1.0083953272336486e-08,3.7140473591657797e-08,90,138,COMPLETE,0.0,,,,,,,,,,,,,,,,,,,,
221,221,0.8320509166904151,2023-08-23 22:49:02.966909,2023-08-23 22:49:04.057061,0 days 00:00:01.090152,1.0,1,0.8,3.220118344883564e-08,3.278171543345872e-08,90,141,COMPLETE,0.0,,,,,,,,,,,,,,,,,,,,
222,222,0.792533485323454,2023-08-23 22:49:03.023604,2023-08-23 22:49:04.011984,0 days 00:00:00.988380,1.0,1,1.0,7.85460782627417e-07,3.474866946714134e-08,90,138,COMPLETE,0.0,,,,,,,,,,,,,,,,,,,,
223,223,0.8320509166904151,2023-08-23 22:49:03.073443,2023-08-23 22:49:03.901235,0 days 00:00:00.827792,1.0,1,0.8,3.400219176466611e-08,3.628112804604681e-08,90,138,COMPLETE,0.0,,,,,,,,,,,,,,,,,,,,
224,224,0.8320509166904151,2023-08-23 22:49:03.121341,2023-08-23 22:49:04.193277,0 days 00:00:01.071936,1.0,1,0.8,2.1909914817805914e-07,3.533006674084139e-08,90,141,COMPLETE,0.0,,,,,,,,,,,,,,,,,,,,
225,225,0.8320509166904151,2023-08-23 22:49:03.176360,2023-08-23 22:49:04.014822,0 days 00:00:00.838462,1.0,1,0.8,6.033122067729903e-07,3.861489965873593e-08,90,140,COMPLETE,0.0,,,,,,,,,,,,,,,,,,,,
226,226,0.8320509166904151,2023-08-23 22:49:03.258273,2023-08-23 22:49:04.142377,0 days 00:00:00.884104,1.0,3,0.8,4.7090397082819744e-07,3.2055834173302484e-08,90,153,COMPLETE,0.0,,,,,,,,,,,,,,,,,,,,
227,227,0.8320509166904151,2023-08-23 22:49:03.549130,2023-08-23 22:49:04.253240,0 days 00:00:00.704110,1.0,3,0.8,0.00016056060658556695,3.48369176724605e-08,90,144,COMPLETE,0.0,,,,,,,,,,,,,,,,,,,,
228,228,0.8320509166904151,2023-08-23 22:49:03.994234,2023-08-23 22:49:04.931903,0 days 00:00:00.937669,1.0,3,0.8,5.756948307571024e-07,3.625074680739319e-06,90,153,COMPLETE,0.0,,,,,,,,,,,,,,,,,,,,
229,229,0.8320509166904151,2023-08-23 22:49:03.999354,2023-08-23 22:49:04.821100,0 days 00:00:00.821746,1.0,3,0.8,2.430325477813877e-08,2.551604558707701e-06,90,252,COMPLETE,0.0,,,,,,,,,,,,,,,,,,,,
230,230,0.803030303030303,2023-08-23 22:49:04.096251,2023-08-23 22:49:05.115367,0 days 00:00:01.019116,1.0,3,0.8,0.0002711718021666355,2.132120517583643e-08,90,154,COMPLETE,0.0,,,,,,,,,,,,,,,,,,,,
231,231,0.8320509166904151,2023-08-23 22:49:04.183573,2023-08-23 22:49:05.272271,0 days 00:00:01.088698,1.0,3,0.8,2.3143870661977924e-08,1.8969496121292066e-08,90,149,COMPLETE,0.0,,,,,,,,,,,,,,,,,,,,
232,232,0.8320509166904151,2023-08-23 22:49:04.191291,2023-08-23 22:49:04.887014,0 days 00:00:00.695723,1.0,3,0.8,8.344110763635783e-08,1.0133983295574054e-08,90,152,COMPLETE,0.0,,,,,,,,,,,,,,,,,,,,
233,233,0.8320509166904151,2023-08-23 22:49:04.243038,2023-08-23 22:49:04.979645,0 days 00:00:00.736607,1.0,3,0.8,2.3241632763013032e-08,2.1269470348634117e-08,90,152,COMPLETE,0.0,,,,,,,,,,,,,,,,,,,,
234,234,0.8320509166904151,2023-08-23 22:49:04.245904,2023-08-23 22:49:05.069376,0 days 00:00:00.823472,1.0,3,0.8,2.396236819198166e-08,1.0039121985714969e-08,90,251,COMPLETE,0.0,,,,,,,,,,,,,,,,,,,,
235,235,0.8320509166904151,2023-08-23 22:49:04.310354,2023-08-23 22:49:05.171664,0 days 00:00:00.861310,1.0,3,0.8,1.385026203989432e-05,2.0655337172076246e-08,90,151,COMPLETE,0.0,,,,,,,,,,,,,,,,,,,,
236,236,0.8320509166904151,2023-08-23 22:49:04.861651,2023-08-23 22:49:05.854491,0 days 00:00:00.992840,1.0,3,0.9,2.112525587291308e-08,2.0314111587851514e-08,90,153,COMPLETE,0.0,,,,,,,,,,,,,,,,,,,,
237,237,0.8320509166904151,2023-08-23 22:49:04.930501,2023-08-23 22:49:06.125522,0 days 00:00:01.195021,1.0,3,0.8,2.1187008073586972e-08,2.4325193034957324e-08,90,153,COMPLETE,0.0,,,,,,,,,,,,,,,,,,,,
238,238,0.8320509166904151,2023-08-23 22:49:04.973517,2023-08-23 22:49:06.021516,0 days 00:00:01.047999,1.0,3,0.8,2.5026939920093642e-08,1.9439568034166148e-08,90,166,COMPLETE,0.0,,,,,,,,,,,,,,,,,,,,
239,239,0.8320509166904151,2023-08-23 22:49:05.024200,2023-08-23 22:49:05.966404,0 days 00:00:00.942204,1.0,3,0.8,1.8684964790761948e-08,1.908315663622129e-08,90,256,COMPLETE,0.0,,,,,,,,,,,,,,,,,,,,
240,240,0.8320509166904151,2023-08-23 22:49:05.158551,2023-08-23 22:49:06.066387,0 days 00:00:00.907836,1.0,3,0.8,1.638987083071492e-08,1.807827911366563e-08,90,165,COMPLETE,0.0,,,,,,,,,,,,,,,,,,,,
241,241,0.8320509166904151,2023-08-23 22:49:05.161986,2023-08-23 22:49:05.788773,0 days 00:00:00.626787,1.0,3,0.8,1.7559668954483583e-08,1.8532732473779725e-08,90,193,COMPLETE,0.0,,,,,,,,,,,,,,,,,,,,
242,242,0.8320509166904151,2023-08-23 22:49:05.219746,2023-08-23 22:49:06.185561,0 days 00:00:00.965815,1.0,3,0.8,1.658992157425162e-08,3.810480299798791e-05,90,193,COMPLETE,0.0,,,,,,,,,,,,,,,,,,,,
243,243,0.8320509166904151,2023-08-23 22:49:05.324087,2023-08-23 22:49:05.918131,0 days 00:00:00.594044,1.0,3,0.8,1.573022739176474e-08,1.858941338735043e-08,90,166,COMPLETE,0.0,,,,,,,,,,,,,,,,,,,,
244,244,0.8320509166904151,2023-08-23 22:49:05.833594,2023-08-23 22:49:06.725383,0 days 00:00:00.891789,1.0,3,0.8,1.0195995425908042e-08,5.192912436527523e-05,90,166,COMPLETE,0.0,,,,,,,,,,,,,,,,,,,,
245,245,0.8308943089430895,2023-08-23 22:49:05.900709,2023-08-23 22:49:06.679734,0 days 00:00:00.779025,1.0,3,0.8,5.688737526213269e-05,0.0001389588479161141,100,165,COMPLETE,0.0,,,,,,,,,,,,,,,,,,,,
246,246,0.8308943089430895,2023-08-23 22:49:06.008079,2023-08-23 22:49:06.638283,0 days 00:00:00.630204,1.0,3,0.8,1.008316517787872e-08,1.016605384612047e-08,100,173,COMPLETE,0.0,,,,,,,,,,,,,,,,,,,,
247,247,0.8308943089430895,2023-08-23 22:49:06.013330,2023-08-23 22:49:06.595866,0 days 00:00:00.582536,1.0,3,0.8,1.0375623639609332e-08,7.198756031112533e-08,100,174,COMPLETE,0.0,,,,,,,,,,,,,,,,,,,,
248,248,0.8320509166904151,2023-08-23 22:49:06.067983,2023-08-23 22:49:06.829942,0 days 00:00:00.761959,1.0,3,0.8,1.0293984398058249e-08,1.0097306327053942e-08,90,170,COMPLETE,0.0,,,,,,,,,,,,,,,,,,,,
249,249,0.8320509166904151,2023-08-23 22:49:06.122465,2023-08-23 22:49:06.772032,0 days 00:00:00.649567,1.0,3,0.8,3.2928879673993726e-08,1.0144510798439744e-08,90,175,COMPLETE,0.0,,,,,,,,,,,,,,,,,,,,
