,number,value,datetime_start,datetime_complete,duration,params_bagging_fraction,params_bagging_freq,params_feature_fraction,params_lambda_l1,params_lambda_l2,params_min_child_samples,params_num_leaves,state,best_trial,dev_acc,dev_recall_macro,dev_precision_macro,dev_f1_macro,dev_recall_0,dev_precision_0,dev_f1_0,dev_recall_1,dev_precision_1,dev_f1_1,test_acc,test_recall_macro,test_precision_macro,test_f1_macro,test_recall_0,test_precision_0,test_f1_0,test_recall_1,test_precision_1,test_f1_1
103,103,0.6716393797819362,2023-08-23 23:07:54.385966,2023-08-23 23:07:55.711676,0 days 00:00:01.325710,1.0,2,0.9,3.281954621761804e-07,1.1210216352378388e-06,60,37,COMPLETE,0.0,,,,,,,,,,,,,,,,,,,,
104,104,0.674207891262553,2023-08-23 23:07:54.976545,2023-08-23 23:07:56.406780,0 days 00:00:01.430235,1.0,2,1.0,1.1117992810800918e-06,1.7931413985822825e-06,70,37,COMPLETE,0.0,,,,,,,,,,,,,,,,,,,,
105,105,0.6439737797540974,2023-08-23 23:07:55.261499,2023-08-23 23:08:00.549624,0 days 00:00:05.288125,0.9,2,1.0,1.1074571844909552e-06,1.984053335276211e-06,70,240,COMPLETE,0.0,,,,,,,,,,,,,,,,,,,,
106,106,0.6439737797540974,2023-08-23 23:07:55.615600,2023-08-23 23:08:01.083302,0 days 00:00:05.467702,0.9,2,1.0,3.727505828137406e-07,1.1886996140412595e-05,70,232,COMPLETE,0.0,,,,,,,,,,,,,,,,,,,,
107,107,0.6781040566020125,2023-08-23 23:07:55.763367,2023-08-23 23:07:56.671616,0 days 00:00:00.908249,0.9,2,1.0,7.950672359339035e-08,1.2181185344346754e-05,70,21,COMPLETE,0.0,,,,,,,,,,,,,,,,,,,,
108,108,0.6731610897689406,2023-08-23 23:07:56.453176,2023-08-23 23:07:57.622493,0 days 00:00:01.169317,0.9,2,0.8,1.0739329552460935e-07,1.2316468080694227e-05,50,21,COMPLETE,0.0,,,,,,,,,,,,,,,,,,,,
109,109,0.6439737797540974,2023-08-23 23:07:56.729361,2023-08-23 23:08:02.784364,0 days 00:00:06.055003,0.9,2,1.0,9.084185307144524e-08,9.139240192815148e-06,70,233,COMPLETE,0.0,,,,,,,,,,,,,,,,,,,,
110,110,0.6722209891813546,2023-08-23 23:07:57.294048,2023-08-23 23:07:58.305528,0 days 00:00:01.011480,0.9,2,1.0,1.0173267468526115e-07,1.2341144038949648e-05,70,22,COMPLETE,0.0,,,,,,,,,,,,,,,,,,,,
111,111,0.6736833138127526,2023-08-23 23:07:57.678379,2023-08-23 23:07:58.748222,0 days 00:00:01.069843,0.9,2,1.0,9.015560428497804e-08,9.184115659768154e-06,70,24,COMPLETE,0.0,,,,,,,,,,,,,,,,,,,,
112,112,0.6740230176101043,2023-08-23 23:07:58.123061,2023-08-23 23:07:59.341783,0 days 00:00:01.218722,0.8,2,1.0,1.7866099615505187e-07,9.939490073971472e-06,70,24,COMPLETE,0.0,,,,,,,,,,,,,,,,,,,,
113,113,0.6445300836070469,2023-08-23 23:07:58.354131,2023-08-23 23:08:04.312554,0 days 00:00:05.958423,0.8,2,0.5,1.9966847879723175e-07,2.4138211075762552e-06,70,242,COMPLETE,0.0,,,,,,,,,,,,,,,,,,,,
114,114,0.6445300836070469,2023-08-23 23:07:58.792714,2023-08-23 23:08:03.392318,0 days 00:00:04.599604,0.8,2,0.5,2.043493909233972e-07,2.341078437021852e-06,70,232,COMPLETE,0.0,,,,,,,,,,,,,,,,,,,,
115,115,0.6735938893167511,2023-08-23 23:07:58.867778,2023-08-23 23:07:59.676541,0 days 00:00:00.808763,0.8,2,0.5,1.9068107535187376e-07,2.2399186789408416e-06,70,9,COMPLETE,0.0,,,,,,,,,,,,,,,,,,,,
116,116,0.6751808461473581,2023-08-23 23:07:59.404789,2023-08-23 23:08:00.262491,0 days 00:00:00.857702,0.9,2,0.5,2.0423086419534142e-07,2.205438809003061e-06,70,11,COMPLETE,0.0,,,,,,,,,,,,,,,,,,,,
117,117,0.6687567937556756,2023-08-23 23:07:59.722205,2023-08-23 23:08:01.151307,0 days 00:00:01.429102,0.9,2,1.0,6.633013148956824e-07,2.471408636275624e-06,50,30,COMPLETE,0.0,,,,,,,,,,,,,,,,,,,,
118,118,0.6744571778497069,2023-08-23 23:07:59.783539,2023-08-23 23:08:00.793547,0 days 00:00:01.010008,0.9,3,0.8,2.55225129302765e-07,2.594350732722283e-05,50,16,COMPLETE,0.0,,,,,,,,,,,,,,,,,,,,
119,119,0.6489088887922554,2023-08-23 23:08:00.309281,2023-08-23 23:08:04.076203,0 days 00:00:03.766922,0.8,3,1.0,4.1653397709629855e-07,2.9178962123817232e-05,50,123,COMPLETE,0.0,,,,,,,,,,,,,,,,,,,,
120,120,0.6673002085862831,2023-08-23 23:08:00.595136,2023-08-23 23:08:01.904465,0 days 00:00:01.309329,0.8,3,0.8,7.13280119924406e-08,5.966999170095508e-06,50,30,COMPLETE,0.0,,,,,,,,,,,,,,,,,,,,
121,121,0.645971303206325,2023-08-23 23:08:00.839902,2023-08-23 23:08:04.502150,0 days 00:00:03.662248,0.8,3,1.0,4.109795124879366e-07,5.365113748031384e-06,50,126,COMPLETE,0.0,,,,,,,,,,,,,,,,,,,,
122,122,0.6683621821880912,2023-08-23 23:08:01.140800,2023-08-23 23:08:02.392101,0 days 00:00:01.251301,0.8,3,1.0,1.3705194178691288e-07,5.369309343349375e-06,50,30,COMPLETE,0.0,,,,,,,,,,,,,,,,,,,,
123,123,0.6518333527832887,2023-08-23 23:08:01.205490,2023-08-23 23:08:04.876577,0 days 00:00:03.671087,0.8,3,1.0,8.253687067064332e-08,5.578009218838766e-06,50,120,COMPLETE,0.0,,,,,,,,,,,,,,,,,,,,
124,124,0.6565068321628302,2023-08-23 23:08:01.954826,2023-08-23 23:08:05.059964,0 days 00:00:03.105138,1.0,3,1.0,4.629776861803935e-06,3.2145871549654696e-05,60,121,COMPLETE,0.0,,,,,,,,,,,,,,,,,,,,
125,125,0.6576325017076172,2023-08-23 23:08:02.440339,2023-08-23 23:08:05.788464,0 days 00:00:03.348125,1.0,2,1.0,4.699376577109486e-07,1.584089235201181e-05,60,117,COMPLETE,0.0,,,,,,,,,,,,,,,,,,,,
126,126,0.6761214077333157,2023-08-23 23:08:02.834162,2023-08-23 23:08:03.233585,0 days 00:00:00.399423,1.0,2,1.0,4.6179625634458093e-07,1.542983901702153e-05,30,8,COMPLETE,0.0,,,,,,,,,,,,,,,,,,,,
127,127,0.6773918970228499,2023-08-23 23:08:03.280675,2023-08-23 23:08:04.143712,0 days 00:00:00.863037,0.7000000000000001,2,1.0,2.793385116881912e-08,3.267637461013933e-05,60,18,COMPLETE,0.0,,,,,,,,,,,,,,,,,,,,
128,128,0.6747797169175405,2023-08-23 23:08:03.440658,2023-08-23 23:08:04.265396,0 days 00:00:00.824738,1.0,2,1.0,3.179497846143967e-08,4.389253490341939e-06,60,15,COMPLETE,0.0,,,,,,,,,,,,,,,,,,,,
129,129,0.6819736883028023,2023-08-23 23:08:04.124845,2023-08-23 23:08:05.441122,0 days 00:00:01.316277,1.0,2,0.8,2.6725392993910732e-08,4.453608120633943e-06,60,16,COMPLETE,0.0,,,,,,,,,,,,,,,,,,,,
130,130,0.6771424145707732,2023-08-23 23:08:04.192990,2023-08-23 23:08:05.323361,0 days 00:00:01.130371,0.7000000000000001,2,1.0,3.0734432511764146e-08,2.6693201881988252e-05,60,14,COMPLETE,0.0,,,,,,,,,,,,,,,,,,,,
131,131,0.6773918970228499,2023-08-23 23:08:04.370159,2023-08-23 23:08:05.880495,0 days 00:00:01.510336,0.7000000000000001,2,1.0,5.4592887182424955e-08,4.406051852445085e-05,60,18,COMPLETE,0.0,,,,,,,,,,,,,,,,,,,,
132,132,0.6695730948017806,2023-08-23 23:08:04.375690,2023-08-23 23:08:06.017085,0 days 00:00:01.641395,0.7000000000000001,2,1.0,1.5257301374246694e-08,4.1598612917601727e-05,60,19,COMPLETE,0.0,,,,,,,,,,,,,,,,,,,,
133,133,0.6774269086829696,2023-08-23 23:08:04.547463,2023-08-23 23:08:05.697682,0 days 00:00:01.150219,0.7000000000000001,2,1.0,5.5926902410117237e-08,3.861464222488428e-05,60,16,COMPLETE,0.0,,,,,,,,,,,,,,,,,,,,
134,134,0.6773918970228499,2023-08-23 23:08:04.922013,2023-08-23 23:08:06.113610,0 days 00:00:01.191597,0.7000000000000001,2,1.0,5.920106412973861e-08,1.6363204225677777e-05,60,18,COMPLETE,0.0,,,,,,,,,,,,,,,,,,,,
135,135,0.6787358998202944,2023-08-23 23:08:05.107336,2023-08-23 23:08:06.380292,0 days 00:00:01.272956,0.7000000000000001,2,1.0,5.547218711407959e-08,4.101193397515835e-05,60,26,COMPLETE,0.0,,,,,,,,,,,,,,,,,,,,
136,136,0.6695730948017806,2023-08-23 23:08:05.366077,2023-08-23 23:08:06.661128,0 days 00:00:01.295051,0.7000000000000001,2,1.0,5.4575659771080197e-08,5.12728867205287e-05,60,19,COMPLETE,0.0,,,,,,,,,,,,,,,,,,,,
137,137,0.6787358998202944,2023-08-23 23:08:05.485410,2023-08-23 23:08:06.819912,0 days 00:00:01.334502,0.7000000000000001,2,1.0,1.4709034054701534e-08,4.037107442038546e-05,60,26,COMPLETE,0.0,,,,,,,,,,,,,,,,,,,,
138,138,0.6685340370576054,2023-08-23 23:08:05.742429,2023-08-23 23:08:07.247475,0 days 00:00:01.505046,0.7000000000000001,2,1.0,5.860427397763445e-08,4.8644585719362555e-05,60,27,COMPLETE,0.0,,,,,,,,,,,,,,,,,,,,
139,139,0.6787358998202944,2023-08-23 23:08:05.833274,2023-08-23 23:08:07.392977,0 days 00:00:01.559703,0.7000000000000001,2,1.0,1.377398769249257e-08,5.114058482270957e-05,60,26,COMPLETE,0.0,,,,,,,,,,,,,,,,,,,,
140,140,0.676010293245408,2023-08-23 23:08:05.926706,2023-08-23 23:08:07.450965,0 days 00:00:01.524259,0.7000000000000001,2,1.0,5.077146689592208e-08,4.0942743098882295e-05,60,25,COMPLETE,0.0,,,,,,,,,,,,,,,,,,,,
141,141,0.6685340370576054,2023-08-23 23:08:06.058604,2023-08-23 23:08:07.665582,0 days 00:00:01.606978,0.7000000000000001,2,1.0,5.005587768013175e-08,4.805641161334192e-05,60,27,COMPLETE,0.0,,,,,,,,,,,,,,,,,,,,
142,142,0.6685340370576054,2023-08-23 23:08:06.156473,2023-08-23 23:08:07.813501,0 days 00:00:01.657028,0.7000000000000001,2,1.0,5.7268652522554375e-08,2.407045663088209e-05,60,27,COMPLETE,0.0,,,,,,,,,,,,,,,,,,,,
143,143,0.6753712536512366,2023-08-23 23:08:06.422098,2023-08-23 23:08:07.720935,0 days 00:00:01.298837,0.7000000000000001,2,1.0,5.6041317958612105e-08,4.4133540073386775e-05,60,28,COMPLETE,0.0,,,,,,,,,,,,,,,,,,,,
144,144,0.6728867135719383,2023-08-23 23:08:06.705138,2023-08-23 23:08:07.348793,0 days 00:00:00.643655,0.7000000000000001,2,1.0,2.4327684623467987e-08,0.00013610674858609823,60,8,COMPLETE,0.0,,,,,,,,,,,,,,,,,,,,
145,145,0.676010293245408,2023-08-23 23:08:06.863398,2023-08-23 23:08:07.989872,0 days 00:00:01.126474,0.7000000000000001,2,1.0,1.404618632527432e-08,9.988040495961361e-05,60,25,COMPLETE,0.0,,,,,,,,,,,,,,,,,,,,
146,146,0.6787358998202944,2023-08-23 23:08:07.290016,2023-08-23 23:08:08.575649,0 days 00:00:01.285633,0.7000000000000001,2,1.0,2.5145030548847556e-08,0.0001468393692437668,60,26,COMPLETE,0.0,,,,,,,,,,,,,,,,,,,,
147,147,0.6648731720887163,2023-08-23 23:08:07.390321,2023-08-23 23:08:09.462316,0 days 00:00:02.071995,0.7000000000000001,2,1.0,1.638902166545008e-08,2.503049628517219e-05,60,49,COMPLETE,0.0,,,,,,,,,,,,,,,,,,,,
148,148,0.6787358998202944,2023-08-23 23:08:07.440700,2023-08-23 23:08:09.184981,0 days 00:00:01.744281,0.7000000000000001,2,1.0,2.267939234881408e-08,7.83890164979218e-05,60,26,COMPLETE,0.0,,,,,,,,,,,,,,,,,,,,
149,149,0.6484428041981999,2023-08-23 23:08:07.494318,2023-08-23 23:08:12.046828,0 days 00:00:04.552510,0.7000000000000001,2,1.0,1.3073472284875511e-08,6.218541639267067e-05,60,143,COMPLETE,0.0,,,,,,,,,,,,,,,,,,,,
150,150,0.6620581081652871,2023-08-23 23:08:07.714188,2023-08-23 23:08:09.531939,0 days 00:00:01.817751,0.7000000000000001,2,1.0,1.2585279080230965e-08,9.691010376997234e-05,60,39,COMPLETE,0.0,,,,,,,,,,,,,,,,,,,,
151,151,0.6700723662926322,2023-08-23 23:08:07.765318,2023-08-23 23:08:10.024742,0 days 00:00:02.259424,0.7000000000000001,2,1.0,1.763102832178401e-08,2.7592139315971644e-05,60,40,COMPLETE,0.0,,,,,,,,,,,,,,,,,,,,
152,152,0.6700723662926322,2023-08-23 23:08:07.856741,2023-08-23 23:08:09.952722,0 days 00:00:02.095981,0.7000000000000001,2,1.0,1.3901718390835327e-08,0.00010561457806474881,60,40,COMPLETE,0.0,,,,,,,,,,,,,,,,,,,,
153,153,0.674471408508736,2023-08-23 23:08:08.033266,2023-08-23 23:08:09.692146,0 days 00:00:01.658880,0.7000000000000001,2,1.0,1.550411753979472e-08,9.446552805563404e-06,20,40,COMPLETE,0.0,,,,,,,,,,,,,,,,,,,,
154,154,0.6463337965961808,2023-08-23 23:08:08.618777,2023-08-23 23:08:12.614302,0 days 00:00:03.995525,0.6000000000000001,2,0.7000000000000001,1.5527095016622586e-08,8.477284793789554e-05,60,147,COMPLETE,0.0,,,,,,,,,,,,,,,,,,,,
155,155,0.6478315891826192,2023-08-23 23:08:09.232331,2023-08-23 23:08:13.404800,0 days 00:00:04.172469,0.6000000000000001,2,0.7000000000000001,1.5625090929646494e-08,8.413484376065754e-05,20,144,COMPLETE,0.0,,,,,,,,,,,,,,,,,,,,
156,156,0.6704143439902592,2023-08-23 23:08:09.507921,2023-08-23 23:08:11.081957,0 days 00:00:01.574036,1.0,2,0.7000000000000001,1.984891204142849e-08,8.788048531848876e-05,80,31,COMPLETE,0.0,,,,,,,,,,,,,,,,,,,,
157,157,0.6721725459646234,2023-08-23 23:08:09.579881,2023-08-23 23:08:10.805656,0 days 00:00:01.225775,1.0,2,1.0,1.0176358927528549e-08,7.89689695093452e-05,70,33,COMPLETE,0.0,,,,,,,,,,,,,,,,,,,,
158,158,0.6695201226870326,2023-08-23 23:08:09.757054,2023-08-23 23:08:11.244793,0 days 00:00:01.487739,0.7000000000000001,2,1.0,2.362637030180331e-08,7.578510511699872e-05,60,31,COMPLETE,0.0,,,,,,,,,,,,,,,,,,,,
159,159,0.6636115468897853,2023-08-23 23:08:09.999665,2023-08-23 23:08:11.802862,0 days 00:00:01.803197,0.6000000000000001,2,0.7000000000000001,2.2323553706009567e-08,7.102835755702256e-05,60,33,COMPLETE,0.0,,,,,,,,,,,,,,,,,,,,
160,160,0.6636115468897853,2023-08-23 23:08:10.071731,2023-08-23 23:08:11.357143,0 days 00:00:01.285412,0.6000000000000001,2,0.7000000000000001,2.4294583026090444e-08,0.00017952906302591936,60,33,COMPLETE,0.0,,,,,,,,,,,,,,,,,,,,
161,161,0.6721620905499848,2023-08-23 23:08:10.850878,2023-08-23 23:08:11.684718,0 days 00:00:00.833840,0.6000000000000001,2,1.0,3.092859594541057e-08,0.0001522870983220259,60,12,COMPLETE,0.0,,,,,,,,,,,,,,,,,,,,
162,162,0.6409132320534484,2023-08-23 23:08:11.128361,2023-08-23 23:08:15.406291,0 days 00:00:04.277930,0.6000000000000001,2,1.0,3.232393274348021e-08,0.00013711464640987753,70,144,COMPLETE,0.0,,,,,,,,,,,,,,,,,,,,
163,163,0.673659956578349,2023-08-23 23:08:11.289391,2023-08-23 23:08:12.182199,0 days 00:00:00.892808,0.6000000000000001,2,1.0,3.6598151190855766e-08,0.0002087189313100039,70,12,COMPLETE,0.0,,,,,,,,,,,,,,,,,,,,
164,164,0.6562396498635521,2023-08-23 23:08:11.400931,2023-08-23 23:08:15.685689,0 days 00:00:04.284758,1.0,2,1.0,8.37119532616396e-08,7.612941900925948e-06,70,136,COMPLETE,0.0,,,,,,,,,,,,,,,,,,,,
165,165,0.6758073236419125,2023-08-23 23:08:11.732843,2023-08-23 23:08:12.452593,0 days 00:00:00.719750,1.0,2,1.0,1.12253496510483e-07,1.4084584112832141e-05,70,7,COMPLETE,0.0,,,,,,,,,,,,,,,,,,,,
166,166,0.6591553374026835,2023-08-23 23:08:11.850418,2023-08-23 23:08:15.967076,0 days 00:00:04.116658,1.0,2,1.0,1.3458187063957696e-07,0.0003567114159491922,70,140,COMPLETE,0.0,,,,,,,,,,,,,,,,,,,,
167,167,0.6781235853855452,2023-08-23 23:08:12.101747,2023-08-23 23:08:13.141881,0 days 00:00:01.040134,1.0,2,1.0,9.963015314481412e-08,7.672286310513535e-06,70,23,COMPLETE,0.0,,,,,,,,,,,,,,,,,,,,
168,168,0.67823072858756,2023-08-23 23:08:12.248632,2023-08-23 23:08:13.318488,0 days 00:00:01.069856,0.7000000000000001,2,1.0,1.0933581675130042e-07,1.4369286116421799e-05,60,23,COMPLETE,0.0,,,,,,,,,,,,,,,,,,,,
169,169,0.6735837684488797,2023-08-23 23:08:12.500278,2023-08-23 23:08:13.764900,0 days 00:00:01.264622,0.7000000000000001,2,1.0,3.4419302986617044e-08,8.106937685804739e-06,60,20,COMPLETE,0.0,,,,,,,,,,,,,,,,,,,,
170,170,0.6735563320129925,2023-08-23 23:08:12.662086,2023-08-23 23:08:13.708449,0 days 00:00:01.046363,0.7000000000000001,2,1.0,3.639270528015762e-08,1.729399859703974e-05,60,22,COMPLETE,0.0,,,,,,,,,,,,,,,,,,,,
171,171,0.6781235853855452,2023-08-23 23:08:13.187905,2023-08-23 23:08:14.199771,0 days 00:00:01.011866,1.0,2,1.0,1.3758836172755642e-07,7.074380573374906e-06,70,23,COMPLETE,0.0,,,,,,,,,,,,,,,,,,,,
172,172,0.6781235853855452,2023-08-23 23:08:13.374306,2023-08-23 23:08:14.660225,0 days 00:00:01.285919,1.0,2,1.0,1.2067393143243523e-07,8.021081062433641e-06,70,23,COMPLETE,0.0,,,,,,,,,,,,,,,,,,,,
173,173,0.6781235853855452,2023-08-23 23:08:13.452283,2023-08-23 23:08:14.447458,0 days 00:00:00.995175,1.0,1,1.0,1.2826852383924536e-07,7.243088697216745e-06,70,23,COMPLETE,0.0,,,,,,,,,,,,,,,,,,,,
174,174,0.679627215704083,2023-08-23 23:08:13.754164,2023-08-23 23:08:14.946907,0 days 00:00:01.192743,1.0,1,1.0,1.5042775448256675e-07,9.994702534834206e-06,70,22,COMPLETE,0.0,,,,,,,,,,,,,,,,,,,,
175,175,0.6781235853855452,2023-08-23 23:08:13.810843,2023-08-23 23:08:15.030337,0 days 00:00:01.219494,1.0,1,1.0,1.3250492481208833e-07,1.1532718237985223e-05,70,23,COMPLETE,0.0,,,,,,,,,,,,,,,,,,,,
176,176,0.6741261915790302,2023-08-23 23:08:14.248054,2023-08-23 23:08:15.459816,0 days 00:00:01.211762,1.0,1,1.0,1.416958206302777e-07,9.098434436677142e-06,70,24,COMPLETE,0.0,,,,,,,,,,,,,,,,,,,,
177,177,0.6652423532340751,2023-08-23 23:08:14.491438,2023-08-23 23:08:17.461099,0 days 00:00:02.969661,1.0,1,1.0,1.4967140974089876e-07,6.85382065673202e-06,80,88,COMPLETE,0.0,,,,,,,,,,,,,,,,,,,,
178,178,0.6741261915790302,2023-08-23 23:08:14.704331,2023-08-23 23:08:15.862593,0 days 00:00:01.158262,1.0,1,1.0,1.3964598618782085e-07,6.606098003293794e-06,70,24,COMPLETE,0.0,,,,,,,,,,,,,,,,,,,,
179,179,0.6740922299662373,2023-08-23 23:08:15.008924,2023-08-23 23:08:16.362062,0 days 00:00:01.353138,1.0,1,1.0,8.799088735588784e-08,9.709355824707316e-06,70,25,COMPLETE,0.0,,,,,,,,,,,,,,,,,,,,
180,180,0.6757891774503071,2023-08-23 23:08:15.084288,2023-08-23 23:08:16.066119,0 days 00:00:00.981831,1.0,1,1.0,9.081425079896211e-08,7.421698462546763e-06,80,12,COMPLETE,0.0,,,,,,,,,,,,,,,,,,,,
181,181,0.6779787194862841,2023-08-23 23:08:15.506834,2023-08-23 23:08:16.417912,0 days 00:00:00.911078,1.0,1,1.0,2.620058937430059e-07,6.7750360758575235e-06,80,11,COMPLETE,0.0,,,,,,,,,,,,,,,,,,,,
182,182,0.6797754376142968,2023-08-23 23:08:15.515344,2023-08-23 23:08:16.545966,0 days 00:00:01.030622,1.0,1,1.0,7.618664110502677e-08,4.124307204453648e-06,80,15,COMPLETE,0.0,,,,,,,,,,,,,,,,,,,,
183,183,0.6725862420902224,2023-08-23 23:08:15.728156,2023-08-23 23:08:16.699289,0 days 00:00:00.971133,1.0,1,1.0,8.979492755566466e-08,4.998778941139428e-06,80,13,COMPLETE,0.0,,,,,,,,,,,,,,,,,,,,
184,184,0.6767227359899168,2023-08-23 23:08:15.908880,2023-08-23 23:08:17.013721,0 days 00:00:01.104841,1.0,1,1.0,7.414199896794974e-08,4.0582802640797525e-06,80,14,COMPLETE,0.0,,,,,,,,,,,,,,,,,,,,
185,185,0.6629453523652313,2023-08-23 23:08:16.011397,2023-08-23 23:08:18.933486,0 days 00:00:02.922089,1.0,1,1.0,8.038351956967814e-08,4.4262700622749676e-06,80,87,COMPLETE,0.0,,,,,,,,,,,,,,,,,,,,
186,186,0.6721725459646234,2023-08-23 23:08:16.110387,2023-08-23 23:08:17.546976,0 days 00:00:01.436589,1.0,1,1.0,2.0965051700468078e-07,3.852184299402713e-06,70,34,COMPLETE,0.0,,,,,,,,,,,,,,,,,,,,
187,187,0.6595532283363558,2023-08-23 23:08:16.408693,2023-08-23 23:08:18.097671,0 days 00:00:01.688978,1.0,1,0.4,7.81544942092972e-08,3.945139048677078e-06,80,34,COMPLETE,0.0,,,,,,,,,,,,,,,,,,,,
188,188,0.6813501072994744,2023-08-23 23:08:16.469914,2023-08-23 23:08:17.899087,0 days 00:00:01.429173,1.0,1,1.0,1.710980444663041e-07,4.207510999835397e-06,70,16,COMPLETE,0.0,,,,,,,,,,,,,,,,,,,,
189,189,0.6782590949112812,2023-08-23 23:08:16.592506,2023-08-23 23:08:17.815175,0 days 00:00:01.222669,1.0,1,1.0,2.1104091287207475e-07,4.212882908937639e-06,80,16,COMPLETE,0.0,,,,,,,,,,,,,,,,,,,,
190,190,0.670234079560501,2023-08-23 23:08:16.745478,2023-08-23 23:08:18.519739,0 days 00:00:01.774261,1.0,1,1.0,1.960355141803733e-07,3.823809656736329e-06,80,35,COMPLETE,0.0,,,,,,,,,,,,,,,,,,,,
191,191,0.670234079560501,2023-08-23 23:08:17.074993,2023-08-23 23:08:18.766343,0 days 00:00:01.691350,1.0,1,1.0,1.9043549347870248e-07,2.9640692502892293e-06,80,35,COMPLETE,0.0,,,,,,,,,,,,,,,,,,,,
192,192,0.6734202241912091,2023-08-23 23:08:17.506058,2023-08-23 23:08:19.389641,0 days 00:00:01.883583,1.0,1,0.8,2.1275593335633572e-07,3.186885921407848e-06,70,35,COMPLETE,0.0,,,,,,,,,,,,,,,,,,,,
193,193,0.6753485611193619,2023-08-23 23:08:17.600052,2023-08-23 23:08:19.235280,0 days 00:00:01.635228,1.0,1,0.8,1.6185183642528313e-05,1.838758509767382e-05,70,30,COMPLETE,0.0,,,,,,,,,,,,,,,,,,,,
194,194,0.6723616482902568,2023-08-23 23:08:17.874573,2023-08-23 23:08:18.668164,0 days 00:00:00.793591,1.0,1,1.0,2.6857086725266246e-07,2.758321558344696e-06,90,5,COMPLETE,0.0,,,,,,,,,,,,,,,,,,,,
195,195,0.6405853141200637,2023-08-23 23:08:17.943761,2023-08-23 23:08:18.355258,0 days 00:00:00.411497,1.0,1,1.0,2.724606712915209e-07,2.5815963689827453e-06,90,2,COMPLETE,0.0,,,,,,,,,,,,,,,,,,,,
196,196,0.6705109337976758,2023-08-23 23:08:18.147721,2023-08-23 23:08:19.029707,0 days 00:00:00.881986,1.0,1,1.0,2.958509346522224e-07,1.9238958877138577e-05,80,9,COMPLETE,0.0,,,,,,,,,,,,,,,,,,,,
197,197,0.6692635357122694,2023-08-23 23:08:18.400979,2023-08-23 23:08:19.167341,0 days 00:00:00.766362,1.0,1,1.0,4.246859083919684e-08,1.8985526573139474e-05,80,6,COMPLETE,0.0,,,,,,,,,,,,,,,,,,,,
198,198,0.6680174241004238,2023-08-23 23:08:18.581112,2023-08-23 23:08:19.459042,0 days 00:00:00.877930,1.0,1,1.0,4.2006498439270227e-08,1.798318183694012e-05,80,7,COMPLETE,0.0,,,,,,,,,,,,,,,,,,,,
199,199,0.6782590949112812,2023-08-23 23:08:18.722622,2023-08-23 23:08:19.873235,0 days 00:00:01.150613,1.0,1,1.0,3.832036313346704e-08,1.6264809072137817e-05,80,16,COMPLETE,0.0,,,,,,,,,,,,,,,,,,,,
200,200,0.6810291094187846,2023-08-23 23:08:18.816876,2023-08-23 23:08:19.815366,0 days 00:00:00.998490,1.0,1,1.0,4.323398421234787e-08,1.613801755332817e-06,80,17,COMPLETE,0.0,,,,,,,,,,,,,,,,,,,,
201,201,0.6810291094187846,2023-08-23 23:08:18.983979,2023-08-23 23:08:20.261892,0 days 00:00:01.277913,1.0,1,1.0,4.9093533597046356e-08,1.4999023294073923e-05,80,17,COMPLETE,0.0,,,,,,,,,,,,,,,,,,,,
202,202,0.6785931926765711,2023-08-23 23:08:19.073573,2023-08-23 23:08:20.438524,0 days 00:00:01.364951,1.0,1,1.0,4.227561286863837e-08,1.3024658211274433e-05,60,19,COMPLETE,0.0,,,,,,,,,,,,,,,,,,,,
203,203,0.6819736883028023,2023-08-23 23:08:19.212604,2023-08-23 23:08:20.543756,0 days 00:00:01.331152,1.0,1,0.8,1.443960852393822e-06,1.3831925007414517e-05,60,16,COMPLETE,0.0,,,,,,,,,,,,,,,,,,,,
204,204,0.6785931926765711,2023-08-23 23:08:19.280766,2023-08-23 23:08:20.843629,0 days 00:00:01.562863,1.0,1,1.0,4.349796788792001e-08,1.7720397968651136e-06,60,19,COMPLETE,0.0,,,,,,,,,,,,,,,,,,,,
205,205,0.6785931926765711,2023-08-23 23:08:19.434621,2023-08-23 23:08:20.716201,0 days 00:00:01.281580,1.0,1,1.0,4.2396105743861914e-08,1.2057916428129324e-05,60,19,COMPLETE,0.0,,,,,,,,,,,,,,,,,,,,
206,206,0.6788672690772419,2023-08-23 23:08:19.505940,2023-08-23 23:08:20.788325,0 days 00:00:01.282385,1.0,2,1.0,1.01255714186877e-08,1.74395506909444e-06,60,18,COMPLETE,0.0,,,,,,,,,,,,,,,,,,,,
207,207,0.6766762350867013,2023-08-23 23:08:19.861314,2023-08-23 23:08:21.054648,0 days 00:00:01.193334,1.0,1,1.0,2.1473479970183743e-08,1.905997589290002e-06,90,17,COMPLETE,0.0,,,,,,,,,,,,,,,,,,,,
