,number,value,datetime_start,datetime_complete,duration,params_bagging_fraction,params_bagging_freq,params_feature_fraction,params_lambda_l1,params_lambda_l2,params_min_child_samples,params_num_leaves,state,best_trial,dev_acc,dev_recall_macro,dev_precision_macro,dev_f1_macro,dev_recall_0,dev_precision_0,dev_f1_0,dev_recall_1,dev_precision_1,dev_f1_1,test_acc,test_recall_macro,test_precision_macro,test_f1_macro,test_recall_0,test_precision_0,test_f1_0,test_recall_1,test_precision_1,test_f1_1
209,209,0.642335379741194,2023-08-23 22:35:12.478712,2023-08-23 22:35:13.732614,0 days 00:00:01.253902,0.6000000000000001,1,0.4,9.936072218642611e-07,0.019523965393787535,50,19,COMPLETE,0.0,,,,,,,,,,,,,,,,,,,,
210,210,0.6379858593875978,2023-08-23 22:35:12.960424,2023-08-23 22:35:14.261370,0 days 00:00:01.300946,0.6000000000000001,1,0.4,1.1564725580897286e-06,0.07054215734107008,50,18,COMPLETE,0.0,,,,,,,,,,,,,,,,,,,,
211,211,0.6448603671827914,2023-08-23 22:35:13.009530,2023-08-23 22:35:14.125394,0 days 00:00:01.115864,0.6000000000000001,1,0.4,3.8568559823073117e-07,0.022330905307745456,50,18,COMPLETE,0.0,,,,,,,,,,,,,,,,,,,,
212,212,0.6427368361313555,2023-08-23 22:35:13.300636,2023-08-23 22:35:14.189120,0 days 00:00:00.888484,0.6000000000000001,1,0.4,1.085836114701204e-06,0.0643473324138777,50,14,COMPLETE,0.0,,,,,,,,,,,,,,,,,,,,
213,213,0.6383428876856582,2023-08-23 22:35:13.456449,2023-08-23 22:35:14.600196,0 days 00:00:01.143747,0.6000000000000001,1,0.5,5.1264601320785614e-05,0.06313736433678412,60,15,COMPLETE,0.0,,,,,,,,,,,,,,,,,,,,
214,214,0.6324638826817381,2023-08-23 22:35:13.543809,2023-08-23 22:35:14.523980,0 days 00:00:00.980171,0.6000000000000001,1,0.5,5.178791484767482e-05,0.06086239379280443,60,12,COMPLETE,0.0,,,,,,,,,,,,,,,,,,,,
215,215,0.6397360500620481,2023-08-23 22:35:13.729125,2023-08-23 22:35:14.711332,0 days 00:00:00.982207,0.6000000000000001,1,0.5,1.7300399473960685e-06,0.0001400963056453757,60,9,COMPLETE,0.0,,,,,,,,,,,,,,,,,,,,
216,216,0.6424065691002503,2023-08-23 22:35:13.780869,2023-08-23 22:35:14.782210,0 days 00:00:01.001341,0.6000000000000001,1,0.5,3.738066143610492e-05,0.00030382276307626573,60,12,COMPLETE,0.0,,,,,,,,,,,,,,,,,,,,
217,217,0.6457773464715836,2023-08-23 22:35:14.169835,2023-08-23 22:35:15.170318,0 days 00:00:01.000483,0.6000000000000001,1,0.4,3.653384644792319e-07,0.0001805282045610531,60,12,COMPLETE,0.0,,,,,,,,,,,,,,,,,,,,
218,218,0.6424271383207474,2023-08-23 22:35:14.235232,2023-08-23 22:35:15.435516,0 days 00:00:01.200284,0.6000000000000001,1,0.4,1.7060133097079209e-06,0.0714337307929992,50,14,COMPLETE,0.0,,,,,,,,,,,,,,,,,,,,
219,219,0.6366137165069328,2023-08-23 22:35:14.307563,2023-08-23 22:35:15.365685,0 days 00:00:01.058122,0.6000000000000001,1,0.4,1.7773390586849262e-06,0.0382827922205538,60,12,COMPLETE,0.0,,,,,,,,,,,,,,,,,,,,
220,220,0.6386676443248449,2023-08-23 22:35:14.568446,2023-08-23 22:35:15.787587,0 days 00:00:01.219141,0.6000000000000001,1,0.4,3.57787465289546e-07,4.9032193040406015e-05,50,10,COMPLETE,0.0,,,,,,,,,,,,,,,,,,,,
221,221,0.6386676443248449,2023-08-23 22:35:14.653158,2023-08-23 22:35:15.892856,0 days 00:00:01.239698,0.6000000000000001,1,0.4,3.5030811926294854e-07,0.0006974979948501409,50,10,COMPLETE,0.0,,,,,,,,,,,,,,,,,,,,
222,222,0.6331349578471152,2023-08-23 22:35:14.759238,2023-08-23 22:35:15.727976,0 days 00:00:00.968738,0.6000000000000001,1,0.4,1.1539598476969986e-07,0.0015614082469768763,50,8,COMPLETE,0.0,,,,,,,,,,,,,,,,,,,,
223,223,0.6334002640629484,2023-08-23 22:35:14.825714,2023-08-23 22:35:16.020940,0 days 00:00:01.195226,0.6000000000000001,1,0.4,2.9537180439811825e-07,0.03675361865236622,50,8,COMPLETE,0.0,,,,,,,,,,,,,,,,,,,,
224,224,0.6146339813558908,2023-08-23 22:35:15.089154,2023-08-23 22:35:18.886694,0 days 00:00:03.797540,0.5,2,0.4,1.7032104830553996e-06,0.0008971673192115124,50,133,COMPLETE,0.0,,,,,,,,,,,,,,,,,,,,
225,225,0.6331349578471152,2023-08-23 22:35:15.215616,2023-08-23 22:35:16.182172,0 days 00:00:00.966556,0.6000000000000001,1,0.4,7.131116586212306e-07,0.0011116837716576612,50,8,COMPLETE,0.0,,,,,,,,,,,,,,,,,,,,
226,226,0.6353178144500287,2023-08-23 22:35:15.409735,2023-08-23 22:35:16.267735,0 days 00:00:00.858000,0.6000000000000001,1,0.4,1.3597337451036343e-07,5.17918113195129e-05,70,7,COMPLETE,0.0,,,,,,,,,,,,,,,,,,,,
227,227,0.6372488423214999,2023-08-23 22:35:15.485312,2023-08-23 22:35:16.345475,0 days 00:00:00.860163,0.6000000000000001,1,0.4,4.6832465245621363e-07,0.001570273851014487,50,7,COMPLETE,0.0,,,,,,,,,,,,,,,,,,,,
228,228,0.637729717332276,2023-08-23 22:35:15.771586,2023-08-23 22:35:17.312221,0 days 00:00:01.540635,0.6000000000000001,2,0.4,3.061383852640877e-07,8.042596420734537e-05,50,19,COMPLETE,0.0,,,,,,,,,,,,,,,,,,,,
229,229,0.6330704742124698,2023-08-23 22:35:15.834471,2023-08-23 22:35:17.189727,0 days 00:00:01.355256,0.6000000000000001,2,0.4,3.6898101483641553e-07,0.032836628871573965,50,20,COMPLETE,0.0,,,,,,,,,,,,,,,,,,,,
230,230,0.6208320891808501,2023-08-23 22:35:15.940468,2023-08-23 22:35:19.585649,0 days 00:00:03.645181,0.5,2,0.4,7.499559977838248e-07,0.0009527378816765252,70,174,COMPLETE,0.0,,,,,,,,,,,,,,,,,,,,
231,231,0.6331047025034731,2023-08-23 22:35:16.070980,2023-08-23 22:35:17.511299,0 days 00:00:01.440319,0.6000000000000001,2,0.4,6.950006253458897e-07,0.0003434669608643388,50,20,COMPLETE,0.0,,,,,,,,,,,,,,,,,,,,
232,232,0.6331047025034731,2023-08-23 22:35:16.227160,2023-08-23 22:35:17.070910,0 days 00:00:00.843750,0.6000000000000001,2,0.4,6.917749190740667e-07,0.0032087873777885603,50,20,COMPLETE,0.0,,,,,,,,,,,,,,,,,,,,
233,233,0.61524319150483,2023-08-23 22:35:16.313542,2023-08-23 22:35:20.967211,0 days 00:00:04.653669,0.5,2,0.4,1.3107690882336067e-06,0.0005449369799676197,50,131,COMPLETE,0.0,,,,,,,,,,,,,,,,,,,,
234,234,0.628705976879398,2023-08-23 22:35:16.392735,2023-08-23 22:35:17.611787,0 days 00:00:01.219052,0.5,2,0.4,1.157104279654875e-06,0.024113339088958293,90,19,COMPLETE,0.0,,,,,,,,,,,,,,,,,,,,
235,235,0.6370023503510738,2023-08-23 22:35:17.130542,2023-08-23 22:35:18.273529,0 days 00:00:01.142987,0.5,1,0.6000000000000001,1.2122605532650889e-06,0.026096071144741335,50,20,COMPLETE,0.0,,,,,,,,,,,,,,,,,,,,
236,236,0.6226484060878965,2023-08-23 22:35:17.239685,2023-08-23 22:35:18.716744,0 days 00:00:01.477059,0.5,1,0.5,1.7287416291184412e-07,0.0004954344741363231,90,31,COMPLETE,0.0,,,,,,,,,,,,,,,,,,,,
237,237,0.6376426704493217,2023-08-23 22:35:17.356215,2023-08-23 22:35:18.950799,0 days 00:00:01.594584,0.5,1,0.5,1.1529678973098096e-06,0.013525368508014751,50,30,COMPLETE,0.0,,,,,,,,,,,,,,,,,,,,
238,238,0.6323732370525217,2023-08-23 22:35:17.561166,2023-08-23 22:35:19.080441,0 days 00:00:01.519275,0.8,1,0.5,0.00019693378957547615,0.0005593694082844699,90,33,COMPLETE,0.0,,,,,,,,,,,,,,,,,,,,
239,239,0.6368838685586258,2023-08-23 22:35:17.668733,2023-08-23 22:35:18.517538,0 days 00:00:00.848805,0.8,1,0.5,0.00013490852113738391,0.23612615510836563,50,14,COMPLETE,0.0,,,,,,,,,,,,,,,,,,,,
240,240,0.6377529405901117,2023-08-23 22:35:18.316941,2023-08-23 22:35:19.409834,0 days 00:00:01.092893,0.8,1,0.5,2.2318571199367403e-06,0.14430794061017235,10,15,COMPLETE,0.0,,,,,,,,,,,,,,,,,,,,
241,241,0.6364706334372664,2023-08-23 22:35:18.567153,2023-08-23 22:35:19.901598,0 days 00:00:01.334445,0.8,1,0.5,0.0001840701850117962,0.013501414275811202,70,30,COMPLETE,0.0,,,,,,,,,,,,,,,,,,,,
242,242,0.6326763336802159,2023-08-23 22:35:18.763444,2023-08-23 22:35:20.394712,0 days 00:00:01.631268,0.8,1,0.5,0.00033038107243571447,0.016169011129385485,10,32,COMPLETE,0.0,,,,,,,,,,,,,,,,,,,,
243,243,0.6323732370525217,2023-08-23 22:35:18.933399,2023-08-23 22:35:20.745579,0 days 00:00:01.812180,0.8,1,0.5,0.0003606958877730149,0.12307959678111619,70,31,COMPLETE,0.0,,,,,,,,,,,,,,,,,,,,
244,244,0.6406273338312173,2023-08-23 22:35:19.004840,2023-08-23 22:35:20.114119,0 days 00:00:01.109279,0.8,1,0.5,2.7202689398380045e-05,0.15338307041242302,70,15,COMPLETE,0.0,,,,,,,,,,,,,,,,,,,,
245,245,0.6401109227946031,2023-08-23 22:35:19.133813,2023-08-23 22:35:20.452835,0 days 00:00:01.319022,0.6000000000000001,1,0.5,8.41401166587858e-06,0.00019458762952518523,10,16,COMPLETE,0.0,,,,,,,,,,,,,,,,,,,,
246,246,0.6127074134614039,2023-08-23 22:35:19.456729,2023-08-23 22:35:21.218681,0 days 00:00:01.761952,0.6000000000000001,1,0.5,8.999243682027549e-06,0.014762439249263022,50,92,COMPLETE,0.0,,,,,,,,,,,,,,,,,,,,
247,247,0.6503898466910546,2023-08-23 22:35:19.628883,2023-08-23 22:35:20.697539,0 days 00:00:01.068656,0.6000000000000001,1,0.5,0.00037259561396699414,0.001939489912471752,50,26,COMPLETE,1.0,0.6505610972568578,0.6503946367957607,0.6505400568947867,0.6503898466910546,0.6355611601513241,0.6499032882011605,0.6426522154925087,0.6652281134401973,0.6511768255884128,0.6581274778896005,0.5958828186856691,0.595960373086166,0.596005557220322,0.5958564596641882,0.6079056423334396,0.5905853205326727,0.5991203267357837,0.5840151038388924,0.6014257939079715,0.5925925925925927
248,248,0.6427665219608298,2023-08-23 22:35:19.942785,2023-08-23 22:35:20.810381,0 days 00:00:00.867596,0.6000000000000001,1,0.4,0.00036356441351944197,0.08692395671837448,50,14,COMPLETE,0.0,,,,,,,,,,,,,,,,,,,,
249,249,0.6452120639622462,2023-08-23 22:35:20.157243,2023-08-23 22:35:20.907708,0 days 00:00:00.750465,0.6000000000000001,1,0.4,6.74254291155036e-05,0.0020771223282470335,50,14,COMPLETE,0.0,,,,,,,,,,,,,,,,,,,,
