,number,value,datetime_start,datetime_complete,duration,params_bagging_fraction,params_bagging_freq,params_feature_fraction,params_lambda_l1,params_lambda_l2,params_min_child_samples,params_num_leaves,state,best_trial,dev_acc,dev_recall_macro,dev_precision_macro,dev_f1_macro,dev_recall_0,dev_precision_0,dev_f1_0,dev_recall_1,dev_precision_1,dev_f1_1,test_acc,test_recall_macro,test_precision_macro,test_f1_macro,test_recall_0,test_precision_0,test_f1_0,test_recall_1,test_precision_1,test_f1_1
103,103,0.5202375805488646,2023-08-23 22:13:39.457739,2023-08-23 22:13:44.369067,0 days 00:00:04.911328,0.8,2,0.9,2.3427440821469647e-05,1.692317305517025e-08,20,180,COMPLETE,0.0,,,,,,,,,,,,,,,,,,,,
104,104,0.5193307090209975,2023-08-23 22:13:39.687983,2023-08-23 22:13:41.092553,0 days 00:00:01.404570,0.5,2,0.9,0.0021922935557048473,1.780610352995961e-07,20,56,COMPLETE,0.0,,,,,,,,,,,,,,,,,,,,
105,105,0.4163639126852719,2023-08-23 22:13:40.518823,2023-08-23 22:13:40.718204,0 days 00:00:00.199381,0.8,2,0.7000000000000001,2.8584524721619822e-05,1.843029546886198e-08,20,2,COMPLETE,0.0,,,,,,,,,,,,,,,,,,,,
106,106,0.5179449130513477,2023-08-23 22:13:40.765685,2023-08-23 22:13:45.228400,0 days 00:00:04.462715,0.7000000000000001,3,0.9,9.292653407114345e-05,3.385408668736734e-08,20,182,COMPLETE,0.0,,,,,,,,,,,,,,,,,,,,
107,107,0.5171206777843766,2023-08-23 22:13:40.836447,2023-08-23 22:13:42.042123,0 days 00:00:01.205676,0.7000000000000001,3,0.4,8.24732324921063e-05,3.587215517567217e-08,100,118,COMPLETE,0.0,,,,,,,,,,,,,,,,,,,,
108,108,0.5366281550382,2023-08-23 22:13:40.999118,2023-08-23 22:13:45.566899,0 days 00:00:04.567781,1.0,2,1.0,9.666707787126353e-05,3.773543106587808e-08,30,176,COMPLETE,0.0,,,,,,,,,,,,,,,,,,,,
109,109,0.5387635928199586,2023-08-23 22:13:41.137972,2023-08-23 22:13:45.150949,0 days 00:00:04.012977,1.0,2,1.0,4.603722344206351e-08,4.048271547131727e-08,40,243,COMPLETE,0.0,,,,,,,,,,,,,,,,,,,,
110,110,0.5387635928199586,2023-08-23 22:13:42.093746,2023-08-23 22:13:46.374180,0 days 00:00:04.280434,1.0,2,1.0,6.649265025970313e-08,3.337557699833261e-07,40,181,COMPLETE,0.0,,,,,,,,,,,,,,,,,,,,
111,111,0.5182087500204593,2023-08-23 22:13:42.358845,2023-08-23 22:13:43.059949,0 days 00:00:00.701104,1.0,2,1.0,6.698488694307707e-08,4.0065422125985763e-07,40,15,COMPLETE,0.0,,,,,,,,,,,,,,,,,,,,
112,112,0.5387635928199586,2023-08-23 22:13:42.764110,2023-08-23 22:13:46.763572,0 days 00:00:03.999462,1.0,2,1.0,8.147626081373724e-08,3.876585271944045e-07,40,208,COMPLETE,0.0,,,,,,,,,,,,,,,,,,,,
113,113,0.5343285429043947,2023-08-23 22:13:42.998008,2023-08-23 22:13:46.267695,0 days 00:00:03.269687,0.7000000000000001,3,0.9,1.6228139545116555e-05,4.21609555009759e-08,30,241,COMPLETE,0.0,,,,,,,,,,,,,,,,,,,,
114,114,0.5238690392496889,2023-08-23 22:13:43.109534,2023-08-23 22:13:45.650065,0 days 00:00:02.540531,0.7000000000000001,3,0.9,0.00023931362826810142,3.619070248624239e-08,30,103,COMPLETE,0.0,,,,,,,,,,,,,,,,,,,,
115,115,0.5366281432105623,2023-08-23 22:13:44.419753,2023-08-23 22:13:48.116782,0 days 00:00:03.697029,0.7000000000000001,3,0.7000000000000001,9.678126858977913e-06,3.5861073720105364e-08,30,248,COMPLETE,0.0,,,,,,,,,,,,,,,,,,,,
116,116,0.5451675207952409,2023-08-23 22:13:45.200447,2023-08-23 22:13:49.244102,0 days 00:00:04.043655,0.7000000000000001,3,0.9,0.000341840812812352,3.4071107260529566e-08,30,247,COMPLETE,0.0,,,,,,,,,,,,,,,,,,,,
117,117,0.5366281432105623,2023-08-23 22:13:45.289070,2023-08-23 22:13:48.891029,0 days 00:00:03.601959,0.7000000000000001,3,0.7000000000000001,9.002531908248893e-06,1.0182928961684327e-08,30,249,COMPLETE,0.0,,,,,,,,,,,,,,,,,,,,
118,118,0.5120575681464474,2023-08-23 22:13:45.614080,2023-08-23 22:13:48.262158,0 days 00:00:02.648078,0.4,3,0.7000000000000001,2.1271361539700174e-07,6.415323778209528e-08,30,249,COMPLETE,0.0,,,,,,,,,,,,,,,,,,,,
119,119,0.5362886425056275,2023-08-23 22:13:45.700329,2023-08-23 22:13:48.045784,0 days 00:00:02.345455,0.4,3,1.0,0.0004119693305601019,1.001719628620784e-08,40,249,COMPLETE,0.0,,,,,,,,,,,,,,,,,,,,
120,120,0.5087847213753638,2023-08-23 22:13:46.322205,2023-08-23 22:13:48.181859,0 days 00:00:01.859654,0.4,2,0.7000000000000001,1.0483224227381087e-05,1.282083407332891e-07,40,218,COMPLETE,0.0,,,,,,,,,,,,,,,,,,,,
121,121,0.526107027724049,2023-08-23 22:13:46.422629,2023-08-23 22:13:48.561778,0 days 00:00:02.139149,0.4,2,0.7000000000000001,0.0003327089845716692,1.1304826016584596e-08,40,218,COMPLETE,0.0,,,,,,,,,,,,,,,,,,,,
122,122,0.5389097744360902,2023-08-23 22:13:46.821740,2023-08-23 22:13:47.584860,0 days 00:00:00.763120,0.4,3,0.7000000000000001,1.141601413874379e-06,1.0119630367313738e-08,30,27,COMPLETE,0.0,,,,,,,,,,,,,,,,,,,,
123,123,0.5389097744360902,2023-08-23 22:13:47.629912,2023-08-23 22:13:48.753283,0 days 00:00:01.123371,0.4,3,0.7000000000000001,9.894362242786054e-06,1.2365815628238764e-08,30,27,COMPLETE,0.0,,,,,,,,,,,,,,,,,,,,
124,124,0.5379522796158257,2023-08-23 22:13:48.097035,2023-08-23 22:13:49.526123,0 days 00:00:01.429088,0.4,3,0.7000000000000001,6.540914685076528e-06,6.329190172930403e-08,30,22,COMPLETE,0.0,,,,,,,,,,,,,,,,,,,,
125,125,0.5217652492393952,2023-08-23 22:13:48.168978,2023-08-23 22:13:50.333068,0 days 00:00:02.164090,0.4,3,0.7000000000000001,1.463254556759069e-06,6.643145259283949e-08,30,52,COMPLETE,0.0,,,,,,,,,,,,,,,,,,,,
126,126,0.5387188863735904,2023-08-23 22:13:48.228152,2023-08-23 22:13:49.626743,0 days 00:00:01.398591,0.4,3,0.8,9.416730756127519e-07,5.753097702674243e-08,30,24,COMPLETE,0.0,,,,,,,,,,,,,,,,,,,,
127,127,0.520351678256262,2023-08-23 22:13:48.310138,2023-08-23 22:13:49.733443,0 days 00:00:01.423305,0.4,3,0.8,1.0217604066558774e-06,1.3535969005845397e-08,30,27,COMPLETE,0.0,,,,,,,,,,,,,,,,,,,,
128,128,0.542935374829695,2023-08-23 22:13:48.614132,2023-08-23 22:13:49.866867,0 days 00:00:01.252735,0.9,3,0.8,0.00048676064342568674,7.175213549509247e-08,30,28,COMPLETE,0.0,,,,,,,,,,,,,,,,,,,,
129,129,0.5246809284915911,2023-08-23 22:13:48.798064,2023-08-23 22:13:50.074773,0 days 00:00:01.276709,0.4,3,0.7000000000000001,7.0269080590505155e-06,1.5490345950805785e-08,30,25,COMPLETE,0.0,,,,,,,,,,,,,,,,,,,,
130,130,0.5147406523967945,2023-08-23 22:13:48.936999,2023-08-23 22:13:49.989704,0 days 00:00:01.052705,0.4,3,0.6000000000000001,1.687901377460737e-05,2.48681961918942e-08,30,24,COMPLETE,0.0,,,,,,,,,,,,,,,,,,,,
131,131,0.5512985396614669,2023-08-23 22:13:49.292647,2023-08-23 22:13:50.524012,0 days 00:00:01.231365,0.4,3,0.9,0.0010837096908750381,2.5119927064922633e-08,30,28,COMPLETE,0.0,,,,,,,,,,,,,,,,,,,,
132,132,0.5241172248089587,2023-08-23 22:13:49.566908,2023-08-23 22:13:51.257129,0 days 00:00:01.690221,0.4,3,0.8,1.0605138109618122e-06,2.4244448234661047e-08,30,41,COMPLETE,0.0,,,,,,,,,,,,,,,,,,,,
133,133,0.5160544835177446,2023-08-23 22:13:49.673529,2023-08-23 22:13:51.039394,0 days 00:00:01.365865,0.4,3,0.6000000000000001,5.539243137298736e-07,2.6150900970552005e-08,90,224,COMPLETE,0.0,,,,,,,,,,,,,,,,,,,,
134,134,0.5212286234794021,2023-08-23 22:13:49.775860,2023-08-23 22:13:51.571009,0 days 00:00:01.795149,0.4,3,0.6000000000000001,0.0005144302793874874,2.3416906679284888e-08,10,41,COMPLETE,0.0,,,,,,,,,,,,,,,,,,,,
135,135,0.5414860515929045,2023-08-23 22:13:49.911832,2023-08-23 22:13:56.093932,0 days 00:00:06.182100,0.9,3,0.9,0.0006016501221954555,2.704216092968673e-08,10,256,COMPLETE,0.0,,,,,,,,,,,,,,,,,,,,
136,136,0.5104542675494685,2023-08-23 22:13:50.039056,2023-08-23 22:13:55.198771,0 days 00:00:05.159715,0.9,3,0.9,0.0003857271968120301,1.4753948038227084e-07,10,237,COMPLETE,0.0,,,,,,,,,,,,,,,,,,,,
137,137,0.5504032258064516,2023-08-23 22:13:50.119798,2023-08-23 22:13:56.292561,0 days 00:00:06.172763,0.9,3,0.9,0.0009829483642951069,1.384606068681537e-07,10,238,COMPLETE,0.0,,,,,,,,,,,,,,,,,,,,
138,138,0.53723792249332,2023-08-23 22:13:50.406097,2023-08-23 22:13:56.693368,0 days 00:00:06.287271,0.9,3,0.9,0.0011113504574451747,2.7539460481741962e-08,10,256,COMPLETE,0.0,,,,,,,,,,,,,,,,,,,,
139,139,0.5121332704552038,2023-08-23 22:13:50.572605,2023-08-23 22:13:57.178857,0 days 00:00:06.606252,0.9,3,0.9,0.0005630799671084863,2.6479375704877577e-08,10,254,COMPLETE,0.0,,,,,,,,,,,,,,,,,,,,
140,140,0.5304284374022724,2023-08-23 22:13:51.096723,2023-08-23 22:13:57.265721,0 days 00:00:06.168998,0.9,3,0.9,0.00099456049868933,1.259942550459184e-07,10,256,COMPLETE,0.0,,,,,,,,,,,,,,,,,,,,
141,141,0.5346896191966615,2023-08-23 22:13:51.321334,2023-08-23 22:13:52.048296,0 days 00:00:00.726962,0.9,3,0.9,0.0011546568590255352,1.59949035469894e-07,10,17,COMPLETE,0.0,,,,,,,,,,,,,,,,,,,,
142,142,0.49961715004033225,2023-08-23 22:13:51.627356,2023-08-23 22:13:52.267642,0 days 00:00:00.640286,0.9,3,0.9,0.0010499277373037274,1.4242436718236173e-07,20,16,COMPLETE,0.0,,,,,,,,,,,,,,,,,,,,
143,143,0.5012146045889136,2023-08-23 22:13:52.102134,2023-08-23 22:13:55.370348,0 days 00:00:03.268214,0.9,3,0.9,0.001036062287745366,0.24247259028003323,20,95,COMPLETE,0.0,,,,,,,,,,,,,,,,,,,,
144,144,0.5415291316049116,2023-08-23 22:13:52.316240,2023-08-23 22:13:58.338967,0 days 00:00:06.022727,0.9,3,0.9,0.0004893751489328744,0.10320652380054254,20,238,COMPLETE,0.0,,,,,,,,,,,,,,,,,,,,
145,145,0.5607901374999342,2023-08-23 22:13:55.251845,2023-08-23 22:13:56.812676,0 days 00:00:01.560831,0.9,3,0.9,0.0017999723911128942,0.11660210542368692,20,50,COMPLETE,1.0,0.5807174887892377,0.5639255457803845,0.5700216377791162,0.5607901374999342,0.7137096774193549,0.6040955631399317,0.6543438077634011,0.41414141414141414,0.5359477124183006,0.4672364672364673,0.5398936170212766,0.5210468032025254,0.5236484553775744,0.5144947007015972,0.6924920127795527,0.5703947368421053,0.6255411255411255,0.34960159362549803,0.47690217391304346,0.40344827586206894
146,146,0.5092669002205787,2023-08-23 22:13:55.416712,2023-08-23 22:13:57.732110,0 days 00:00:02.315398,0.7000000000000001,3,0.9,0.000507021652694113,0.00015080204320163876,20,76,COMPLETE,0.0,,,,,,,,,,,,,,,,,,,,
147,147,0.5365810359231412,2023-08-23 22:13:56.146273,2023-08-23 22:14:00.270435,0 days 00:00:04.124162,0.9,3,0.9,0.0005391690555063259,8.176326334549938e-08,10,142,COMPLETE,0.0,,,,,,,,,,,,,,,,,,,,
148,148,0.5293181877258195,2023-08-23 22:13:56.347604,2023-08-23 22:14:02.268256,0 days 00:00:05.920652,0.9,3,0.9,0.0016764958083765218,8.388257214063916e-08,10,238,COMPLETE,0.0,,,,,,,,,,,,,,,,,,,,
149,149,0.510769150788906,2023-08-23 22:13:56.749885,2023-08-23 22:14:02.361910,0 days 00:00:05.612025,0.9,3,0.9,0.0005645024014131433,8.016096356623301e-08,10,239,COMPLETE,0.0,,,,,,,,,,,,,,,,,,,,
150,150,0.5269131495515457,2023-08-23 22:13:56.876382,2023-08-23 22:13:59.439112,0 days 00:00:02.562730,0.9,3,0.9,0.0005867541803380346,1.0017281315945524e-07,10,78,COMPLETE,0.0,,,,,,,,,,,,,,,,,,,,
151,151,0.5250197884435489,2023-08-23 22:13:57.237841,2023-08-23 22:13:59.659361,0 days 00:00:02.421520,0.9,3,0.9,0.0005499617751486038,2.158604620430588e-07,10,79,COMPLETE,0.0,,,,,,,,,,,,,,,,,,,,
152,152,0.510769150788906,2023-08-23 22:13:57.327197,2023-08-23 22:14:03.277305,0 days 00:00:05.950108,0.9,3,0.9,0.0005663467527443006,8.372053939965484e-08,10,239,COMPLETE,0.0,,,,,,,,,,,,,,,,,,,,
153,153,0.5346225643447966,2023-08-23 22:13:57.779261,2023-08-23 22:13:58.962327,0 days 00:00:01.183066,0.9,3,0.9,0.00021985557479608505,2.371078309914979e-07,10,38,COMPLETE,0.0,,,,,,,,,,,,,,,,,,,,
154,154,0.5336408314066294,2023-08-23 22:13:58.384772,2023-08-23 22:14:04.401352,0 days 00:00:06.016580,0.9,3,0.9,0.00028618172315313757,0.10765031646751894,20,236,COMPLETE,0.0,,,,,,,,,,,,,,,,,,,,
155,155,0.5219944082013048,2023-08-23 22:13:59.010874,2023-08-23 22:14:04.923336,0 days 00:00:05.912462,0.9,3,0.9,0.0018504685781022706,0.11979624670026526,20,241,COMPLETE,0.0,,,,,,,,,,,,,,,,,,,,
156,156,0.5394940629839958,2023-08-23 22:13:59.488088,2023-08-23 22:14:04.970381,0 days 00:00:05.482293,0.9,3,0.9,0.0017951686513647412,0.06957925913978205,20,237,COMPLETE,0.0,,,,,,,,,,,,,,,,,,,,
157,157,0.5421578019892354,2023-08-23 22:13:59.703850,2023-08-23 22:14:06.006877,0 days 00:00:06.303027,0.9,3,0.9,0.0015558770020241246,0.09779053323701235,20,235,COMPLETE,0.0,,,,,,,,,,,,,,,,,,,,
158,158,0.5388751033912325,2023-08-23 22:14:00.324043,2023-08-23 22:14:06.641782,0 days 00:00:06.317739,0.9,3,0.9,0.0017045794684429794,0.10045533958743504,20,239,COMPLETE,0.0,,,,,,,,,,,,,,,,,,,,
159,159,0.5571417431311897,2023-08-23 22:14:02.327253,2023-08-23 22:14:04.745411,0 days 00:00:02.418158,0.9,3,0.9,0.000309289252214005,0.1459011733908955,20,62,COMPLETE,0.0,,,,,,,,,,,,,,,,,,,,
160,160,0.539108768064626,2023-08-23 22:14:02.417395,2023-08-23 22:14:03.635097,0 days 00:00:01.217702,0.9,3,0.9,0.00031403564273419535,0.12118953909069906,20,50,COMPLETE,0.0,,,,,,,,,,,,,,,,,,,,
161,161,0.55184132996633,2023-08-23 22:14:03.321896,2023-08-23 22:14:04.816352,0 days 00:00:01.494456,0.9,3,0.9,0.00034765236559628046,0.04628749631151604,20,51,COMPLETE,0.0,,,,,,,,,,,,,,,,,,,,
162,162,0.507182320441989,2023-08-23 22:14:03.680307,2023-08-23 22:14:09.104634,0 days 00:00:05.424327,0.9,3,0.8,0.0019150388737764342,4.6575568236019366e-08,20,224,COMPLETE,0.0,,,,,,,,,,,,,,,,,,,,
163,163,0.5188053789221307,2023-08-23 22:14:04.448774,2023-08-23 22:14:06.466960,0 days 00:00:02.018186,0.9,3,0.8,0.0017123600900938805,6.691226936399046e-06,20,62,COMPLETE,0.0,,,,,,,,,,,,,,,,,,,,
164,164,0.5406874956818055,2023-08-23 22:14:04.804774,2023-08-23 22:14:07.048533,0 days 00:00:02.243759,0.9,3,0.9,0.0001959995780237774,0.03758211002942967,20,64,COMPLETE,0.0,,,,,,,,,,,,,,,,,,,,
165,165,0.5350776607943293,2023-08-23 22:14:04.875897,2023-08-23 22:14:06.966520,0 days 00:00:02.090623,0.9,1,0.9,0.00020276745369976216,0.042618007448098516,20,63,COMPLETE,0.0,,,,,,,,,,,,,,,,,,,,
166,166,0.5432299654285045,2023-08-23 22:14:05.021702,2023-08-23 22:14:07.332641,0 days 00:00:02.310939,0.9,1,0.9,0.00021772797768085739,0.23159474414092993,20,69,COMPLETE,0.0,,,,,,,,,,,,,,,,,,,,
167,167,0.52851421935457,2023-08-23 22:14:05.023664,2023-08-23 22:14:07.222996,0 days 00:00:02.199332,0.9,3,0.9,0.0002036014732666836,0.04145679317533842,20,70,COMPLETE,0.0,,,,,,,,,,,,,,,,,,,,
168,168,0.5303615303615303,2023-08-23 22:14:06.060065,2023-08-23 22:14:12.009472,0 days 00:00:05.949407,0.9,1,0.9,0.00022546384862776782,0.056623798029108635,20,227,COMPLETE,0.0,,,,,,,,,,,,,,,,,,,,
169,169,0.5281038257062441,2023-08-23 22:14:06.513980,2023-08-23 22:14:08.189349,0 days 00:00:01.675369,0.9,1,0.9,0.00019881526644264572,0.22304449834978884,20,50,COMPLETE,0.0,,,,,,,,,,,,,,,,,,,,
170,170,0.5208473084018111,2023-08-23 22:14:06.683489,2023-08-23 22:14:08.108491,0 days 00:00:01.425002,0.9,3,0.9,0.00023039225461635274,0.17212942893138702,20,53,COMPLETE,0.0,,,,,,,,,,,,,,,,,,,,
171,171,0.5250413564929693,2023-08-23 22:14:07.017064,2023-08-23 22:14:13.012872,0 days 00:00:05.995808,0.9,3,0.9,0.00015454302994196862,0.4801455743226379,20,226,COMPLETE,0.0,,,,,,,,,,,,,,,,,,,,
172,172,0.5424147740521382,2023-08-23 22:14:07.111068,2023-08-23 22:14:09.632838,0 days 00:00:02.521770,0.9,3,0.9,0.0008286563220328184,0.0008862162248512083,20,88,COMPLETE,0.0,,,,,,,,,,,,,,,,,,,,
173,173,0.5408237390709025,2023-08-23 22:14:07.268896,2023-08-23 22:14:08.730120,0 days 00:00:01.461224,0.9,3,0.9,0.00013116359714846498,0.22302929895118115,20,44,COMPLETE,0.0,,,,,,,,,,,,,,,,,,,,
174,174,0.5352382725482667,2023-08-23 22:14:07.382522,2023-08-23 22:14:13.432274,0 days 00:00:06.049752,0.9,1,0.9,0.0003375303199991096,0.253326019611334,20,226,COMPLETE,0.0,,,,,,,,,,,,,,,,,,,,
175,175,0.5069521214480343,2023-08-23 22:14:08.177841,2023-08-23 22:14:10.539007,0 days 00:00:02.361166,0.9,1,0.9,0.00036828506648221593,0.36672675990916176,20,86,COMPLETE,0.0,,,,,,,,,,,,,,,,,,,,
176,176,0.5398512921755791,2023-08-23 22:14:08.244312,2023-08-23 22:14:14.391789,0 days 00:00:06.147477,0.9,3,0.8,0.00033481870349220505,0.6157713721497531,20,226,COMPLETE,0.0,,,,,,,,,,,,,,,,,,,,
177,177,0.5313378231666621,2023-08-23 22:14:08.775457,2023-08-23 22:14:14.311311,0 days 00:00:05.535854,0.9,1,0.8,0.0003413097943258347,0.07892235446785624,20,227,COMPLETE,0.0,,,,,,,,,,,,,,,,,,,,
178,178,0.5506820933499945,2023-08-23 22:14:09.154559,2023-08-23 22:14:11.141656,0 days 00:00:01.987097,0.9,1,0.9,0.0007571875783787105,0.06151085264824126,20,88,COMPLETE,0.0,,,,,,,,,,,,,,,,,,,,
179,179,0.5559991660585843,2023-08-23 22:14:09.686456,2023-08-23 22:14:11.702577,0 days 00:00:02.016121,0.9,3,0.9,0.00037996574334644496,0.000492136631954244,20,70,COMPLETE,0.0,,,,,,,,,,,,,,,,,,,,
180,180,0.5275565139197776,2023-08-23 22:14:10.588508,2023-08-23 22:14:12.665279,0 days 00:00:02.076771,0.9,1,0.9,0.0010350875173808496,0.0013026974929951944,20,70,COMPLETE,0.0,,,,,,,,,,,,,,,,,,,,
181,181,0.5361620511426884,2023-08-23 22:14:11.204064,2023-08-23 22:14:13.266025,0 days 00:00:02.061961,0.9,1,0.9,0.0009448489945802174,0.0013832150131283148,20,68,COMPLETE,0.0,,,,,,,,,,,,,,,,,,,,
182,182,0.5125385684782764,2023-08-23 22:14:11.749888,2023-08-23 22:14:14.535714,0 days 00:00:02.785826,0.8,1,0.9,0.000826164417341178,0.0008961932752038216,30,90,COMPLETE,0.0,,,,,,,,,,,,,,,,,,,,
183,183,0.5309691906427652,2023-08-23 22:14:12.055006,2023-08-23 22:14:14.712442,0 days 00:00:02.657436,0.8,1,0.9,0.0008022021990732801,0.002421606430360317,20,87,COMPLETE,0.0,,,,,,,,,,,,,,,,,,,,
184,184,0.5362886425056275,2023-08-23 22:14:12.721838,2023-08-23 22:14:15.138347,0 days 00:00:02.416509,0.8,1,0.9,0.0008117910848517553,0.000904436438643936,30,83,COMPLETE,0.0,,,,,,,,,,,,,,,,,,,,
185,185,0.5275809156301998,2023-08-23 22:14:13.058937,2023-08-23 22:14:15.411311,0 days 00:00:02.352374,0.8,1,0.9,0.000979822127692845,0.0003464384972898073,30,85,COMPLETE,0.0,,,,,,,,,,,,,,,,,,,,
186,186,0.5254726325863697,2023-08-23 22:14:13.310568,2023-08-23 22:14:15.849797,0 days 00:00:02.539229,0.8,1,0.9,0.0008054768576509447,0.00026835182166167225,30,90,COMPLETE,0.0,,,,,,,,,,,,,,,,,,,,
187,187,0.5316368173429337,2023-08-23 22:14:13.478819,2023-08-23 22:14:15.969862,0 days 00:00:02.491043,0.8,1,0.9,0.0007760965383530272,0.022889801675470126,30,91,COMPLETE,0.0,,,,,,,,,,,,,,,,,,,,
188,188,0.5336408314066294,2023-08-23 22:14:14.357310,2023-08-23 22:14:16.937507,0 days 00:00:02.580197,0.9,1,0.9,0.0007034834820485015,0.02781835985339871,30,90,COMPLETE,0.0,,,,,,,,,,,,,,,,,,,,
189,189,0.5127575851713783,2023-08-23 22:14:14.446282,2023-08-23 22:14:17.216119,0 days 00:00:02.769837,0.9,1,0.9,0.0008439874265032496,0.0006582128017525611,30,88,COMPLETE,0.0,,,,,,,,,,,,,,,,,,,,
190,190,0.5420469631596415,2023-08-23 22:14:14.582281,2023-08-23 22:14:16.473248,0 days 00:00:01.890967,0.9,1,0.9,0.0007366716404436324,0.00033914924561493135,30,59,COMPLETE,0.0,,,,,,,,,,,,,,,,,,,,
191,191,0.5450693616219949,2023-08-23 22:14:14.760392,2023-08-23 22:14:16.540471,0 days 00:00:01.780079,0.9,3,0.9,0.005792334041838125,0.00023767761760628599,30,58,COMPLETE,0.0,,,,,,,,,,,,,,,,,,,,
192,192,0.5405996450304259,2023-08-23 22:14:15.181326,2023-08-23 22:14:17.153407,0 days 00:00:01.972081,0.9,3,0.9,0.0028590265137561806,0.0005386954203009783,30,58,COMPLETE,0.0,,,,,,,,,,,,,,,,,,,,
193,193,0.5501471149273309,2023-08-23 22:14:15.453670,2023-08-23 22:14:17.760865,0 days 00:00:02.307195,0.9,3,0.9,0.00012707289972000647,0.02798477278387915,20,75,COMPLETE,0.0,,,,,,,,,,,,,,,,,,,,
194,194,0.5375371375214664,2023-08-23 22:14:15.901103,2023-08-23 22:14:18.116544,0 days 00:00:02.215441,0.9,3,0.9,0.004858580659837731,0.02322116011810174,20,75,COMPLETE,0.0,,,,,,,,,,,,,,,,,,,,
195,195,0.5393210948870839,2023-08-23 22:14:16.015383,2023-08-23 22:14:17.818710,0 days 00:00:01.803327,0.9,3,0.9,0.006196447571437399,0.004005232476012857,20,58,COMPLETE,0.0,,,,,,,,,,,,,,,,,,,,
196,196,0.5362886425056275,2023-08-23 22:14:16.518218,2023-08-23 22:14:19.278928,0 days 00:00:02.760710,0.9,3,0.9,0.0032259122288636677,0.16686935460012367,20,98,COMPLETE,0.0,,,,,,,,,,,,,,,,,,,,
197,197,0.5509329181263786,2023-08-23 22:14:16.585030,2023-08-23 22:14:19.445105,0 days 00:00:02.860075,0.9,3,0.9,0.004677864231773061,0.15547586651272713,30,101,COMPLETE,0.0,,,,,,,,,,,,,,,,,,,,
198,198,0.5230981419206868,2023-08-23 22:14:16.981700,2023-08-23 22:14:19.562738,0 days 00:00:02.581038,0.9,3,0.9,0.0064325885835548775,0.00013252242497816525,20,74,COMPLETE,0.0,,,,,,,,,,,,,,,,,,,,
199,199,0.5389097744360902,2023-08-23 22:14:17.198628,2023-08-23 22:14:19.741137,0 days 00:00:02.542509,0.9,3,0.9,0.005267827375473635,0.00020329872382846708,20,75,COMPLETE,0.0,,,,,,,,,,,,,,,,,,,,
200,200,0.5273538435371925,2023-08-23 22:14:17.264343,2023-08-23 22:14:19.355717,0 days 00:00:02.091374,0.9,3,0.9,0.0044620739495323525,8.414416523500459e-05,20,73,COMPLETE,0.0,,,,,,,,,,,,,,,,,,,,
201,201,0.5509329181263786,2023-08-23 22:14:17.802946,2023-08-23 22:14:20.081286,0 days 00:00:02.278340,0.9,3,0.9,0.004385184132330845,0.0002345295576798101,20,76,COMPLETE,0.0,,,,,,,,,,,,,,,,,,,,
202,202,0.5573200992555831,2023-08-23 22:14:17.863806,2023-08-23 22:14:20.402131,0 days 00:00:02.538325,0.9,3,0.9,0.00011972788060251524,0.00010471369586888918,20,71,COMPLETE,0.0,,,,,,,,,,,,,,,,,,,,
203,203,0.5327530490983009,2023-08-23 22:14:18.164125,2023-08-23 22:14:20.018650,0 days 00:00:01.854525,1.0,3,0.9,0.00012753059689197722,0.06722106958931812,20,73,COMPLETE,0.0,,,,,,,,,,,,,,,,,,,,
204,204,0.548450820429468,2023-08-23 22:14:19.323478,2023-08-23 22:14:21.644935,0 days 00:00:02.321457,1.0,3,0.9,0.00012464636110808903,7.482857398555784e-05,20,74,COMPLETE,0.0,,,,,,,,,,,,,,,,,,,,
205,205,0.5513952741309488,2023-08-23 22:14:19.409959,2023-08-23 22:14:20.876358,0 days 00:00:01.466399,1.0,3,0.9,0.00010802381119185083,0.06429699652860933,50,33,COMPLETE,0.0,,,,,,,,,,,,,,,,,,,,
206,206,0.5414416222620767,2023-08-23 22:14:19.488954,2023-08-23 22:14:22.145924,0 days 00:00:02.656970,1.0,3,0.9,0.010753188096516812,0.0613104891781228,30,66,COMPLETE,0.0,,,,,,,,,,,,,,,,,,,,
207,207,0.5449588062041868,2023-08-23 22:14:19.610270,2023-08-23 22:14:21.709112,0 days 00:00:02.098842,1.0,3,0.9,0.00010527889263699954,1.0419797320066563e-05,30,66,COMPLETE,0.0,,,,,,,,,,,,,,,,,,,,
