,number,value,datetime_start,datetime_complete,duration,params_bagging_fraction,params_bagging_freq,params_feature_fraction,params_lambda_l1,params_lambda_l2,params_min_child_samples,params_num_leaves,state,best_trial,dev_acc,dev_recall_macro,dev_precision_macro,dev_f1_macro,dev_recall_0,dev_precision_0,dev_f1_0,dev_recall_1,dev_precision_1,dev_f1_1,test_acc,test_recall_macro,test_precision_macro,test_f1_macro,test_recall_0,test_precision_0,test_f1_0,test_recall_1,test_precision_1,test_f1_1
201,201,0.5722332617968895,2023-08-24 13:44:04.169086,2023-08-24 13:44:05.701898,0 days 00:00:01.532812,0.6000000000000001,2,0.5,0.00040337528671268965,0.01277573684734017,90,179,COMPLETE,0.0,,,,,,,,,,,,,,,,,,,,
202,202,0.5722332617968895,2023-08-24 13:44:04.328308,2023-08-24 13:44:05.549537,0 days 00:00:01.221229,0.6000000000000001,2,0.5,0.00027809416440264633,0.007272814216822467,90,178,COMPLETE,0.0,,,,,,,,,,,,,,,,,,,,
203,203,0.5722332617968895,2023-08-24 13:44:05.095061,2023-08-24 13:44:06.844586,0 days 00:00:01.749525,0.6000000000000001,2,0.5,0.0003162647336792926,0.007241196115064207,90,178,COMPLETE,0.0,,,,,,,,,,,,,,,,,,,,
204,204,0.5722332617968895,2023-08-24 13:44:05.172657,2023-08-24 13:44:06.669163,0 days 00:00:01.496506,0.6000000000000001,2,0.5,0.0002675785302988252,0.006959947486053169,90,177,COMPLETE,0.0,,,,,,,,,,,,,,,,,,,,
205,205,0.5722332617968895,2023-08-24 13:44:05.267646,2023-08-24 13:44:07.123482,0 days 00:00:01.855836,0.6000000000000001,2,0.5,0.000253886626988136,0.007266300997247872,90,176,COMPLETE,0.0,,,,,,,,,,,,,,,,,,,,
206,206,0.5594640666571078,2023-08-24 13:44:05.380573,2023-08-24 13:44:07.412387,0 days 00:00:02.031814,0.6000000000000001,2,0.5,0.00029325919771594136,0.011150855885811719,80,173,COMPLETE,0.0,,,,,,,,,,,,,,,,,,,,
207,207,0.5722332617968895,2023-08-24 13:44:05.448974,2023-08-24 13:44:06.928426,0 days 00:00:01.479452,0.6000000000000001,2,0.5,0.00024372038451268266,0.007623224400135887,90,176,COMPLETE,0.0,,,,,,,,,,,,,,,,,,,,
208,208,0.5722332617968895,2023-08-24 13:44:05.521903,2023-08-24 13:44:07.282859,0 days 00:00:01.760956,0.6000000000000001,2,0.5,0.00022474362007612273,0.007064419598760005,90,176,COMPLETE,0.0,,,,,,,,,,,,,,,,,,,,
209,209,0.5722332617968895,2023-08-24 13:44:05.595312,2023-08-24 13:44:07.463863,0 days 00:00:01.868551,0.6000000000000001,2,0.5,0.00022355235888549024,0.005565904370224389,90,172,COMPLETE,0.0,,,,,,,,,,,,,,,,,,,,
210,210,0.5722332617968895,2023-08-24 13:44:05.745855,2023-08-24 13:44:06.995206,0 days 00:00:01.249351,0.6000000000000001,2,0.5,0.0002415279808780136,0.007427151838486413,90,171,COMPLETE,0.0,,,,,,,,,,,,,,,,,,,,
211,211,0.5722332617968895,2023-08-24 13:44:06.714086,2023-08-24 13:44:07.968634,0 days 00:00:01.254548,0.6000000000000001,2,0.5,0.0005844381752793515,0.004481033827738432,90,172,COMPLETE,0.0,,,,,,,,,,,,,,,,,,,,
212,212,0.5722332617968895,2023-08-24 13:44:06.888455,2023-08-24 13:44:08.493120,0 days 00:00:01.604665,0.6000000000000001,2,0.5,0.0007198801398273642,0.003764157700222703,90,172,COMPLETE,0.0,,,,,,,,,,,,,,,,,,,,
213,213,0.5594640666571078,2023-08-24 13:44:06.974805,2023-08-24 13:44:08.631649,0 days 00:00:01.656844,0.6000000000000001,2,0.5,0.000502346439427267,0.004485703082451888,80,171,COMPLETE,0.0,,,,,,,,,,,,,,,,,,,,
214,214,0.55992090246721,2023-08-24 13:44:07.041649,2023-08-24 13:44:08.800038,0 days 00:00:01.758389,0.6000000000000001,2,0.5,0.0006864895316091683,0.014755097426815623,80,172,COMPLETE,0.0,,,,,,,,,,,,,,,,,,,,
215,215,0.5722332617968895,2023-08-24 13:44:07.167516,2023-08-24 13:44:08.929847,0 days 00:00:01.762331,0.6000000000000001,2,0.5,0.000812620854899875,0.004568439589154978,90,157,COMPLETE,0.0,,,,,,,,,,,,,,,,,,,,
216,216,0.55992090246721,2023-08-24 13:44:07.327953,2023-08-24 13:44:09.262034,0 days 00:00:01.934081,0.6000000000000001,2,0.5,0.0008139635578039902,0.01497770693389188,80,172,COMPLETE,0.0,,,,,,,,,,,,,,,,,,,,
217,217,0.5722332617968895,2023-08-24 13:44:07.456044,2023-08-24 13:44:09.165576,0 days 00:00:01.709532,0.6000000000000001,2,0.5,0.0007366849765594622,0.004529183049161629,90,168,COMPLETE,0.0,,,,,,,,,,,,,,,,,,,,
218,218,0.5722332617968895,2023-08-24 13:44:07.510086,2023-08-24 13:44:08.872848,0 days 00:00:01.362762,0.6000000000000001,2,0.5,0.0006522882984232061,0.014243181856374498,90,182,COMPLETE,0.0,,,,,,,,,,,,,,,,,,,,
219,219,0.55992090246721,2023-08-24 13:44:08.021244,2023-08-24 13:44:09.510597,0 days 00:00:01.489353,0.6000000000000001,2,0.5,0.0008602443767582297,0.015435571729540767,80,182,COMPLETE,0.0,,,,,,,,,,,,,,,,,,,,
220,220,0.55992090246721,2023-08-24 13:44:08.543659,2023-08-24 13:44:10.185034,0 days 00:00:01.641375,0.6000000000000001,2,0.5,0.0007974002776714034,0.01385266703582468,80,182,COMPLETE,0.0,,,,,,,,,,,,,,,,,,,,
221,221,0.5722332617968895,2023-08-24 13:44:08.674620,2023-08-24 13:44:10.236169,0 days 00:00:01.561549,0.6000000000000001,2,0.5,0.0008721355726858891,0.015653932292785857,90,182,COMPLETE,0.0,,,,,,,,,,,,,,,,,,,,
222,222,0.5722332617968895,2023-08-24 13:44:08.844712,2023-08-24 13:44:10.344187,0 days 00:00:01.499475,0.6000000000000001,2,0.5,0.0008982772733990948,0.014302823011545828,90,182,COMPLETE,0.0,,,,,,,,,,,,,,,,,,,,
223,223,0.5722332617968895,2023-08-24 13:44:08.918626,2023-08-24 13:44:10.595672,0 days 00:00:01.677046,0.6000000000000001,2,0.5,0.0010317695727637462,0.0029045601185250774,90,183,COMPLETE,0.0,,,,,,,,,,,,,,,,,,,,
224,224,0.5722332617968895,2023-08-24 13:44:08.979242,2023-08-24 13:44:10.467524,0 days 00:00:01.488282,0.6000000000000001,2,0.5,0.00039210421993113233,0.010569789447290062,90,180,COMPLETE,0.0,,,,,,,,,,,,,,,,,,,,
225,225,0.5365810359231412,2023-08-24 13:44:09.209553,2023-08-24 13:44:11.143082,0 days 00:00:01.933529,0.6000000000000001,2,0.8,0.0003822738571398543,0.010190439896356296,60,182,COMPLETE,0.0,,,,,,,,,,,,,,,,,,,,
226,226,0.5722332617968895,2023-08-24 13:44:09.312429,2023-08-24 13:44:10.643052,0 days 00:00:01.330623,0.6000000000000001,2,0.5,0.0003944759591098335,0.009818145711722714,90,184,COMPLETE,0.0,,,,,,,,,,,,,,,,,,,,
227,227,0.5708213213511739,2023-08-24 13:44:09.556874,2023-08-24 13:44:10.751998,0 days 00:00:01.195124,0.6000000000000001,2,0.5,0.00015407675787299915,0.002627240607644204,90,194,COMPLETE,0.0,,,,,,,,,,,,,,,,,,,,
228,228,0.5722332617968895,2023-08-24 13:44:10.231532,2023-08-24 13:44:11.857973,0 days 00:00:01.626441,0.6000000000000001,2,0.5,0.00041034487455449185,0.002823330435408813,90,178,COMPLETE,0.0,,,,,,,,,,,,,,,,,,,,
229,229,0.5722332617968895,2023-08-24 13:44:10.297281,2023-08-24 13:44:12.350550,0 days 00:00:02.053269,0.6000000000000001,2,0.5,0.0003647455705130516,0.010503179188493219,90,194,COMPLETE,0.0,,,,,,,,,,,,,,,,,,,,
230,230,0.5722332617968895,2023-08-24 13:44:10.388700,2023-08-24 13:44:11.941508,0 days 00:00:01.552808,0.6000000000000001,2,0.5,0.00038103341779421505,0.0032550633035223334,90,179,COMPLETE,0.0,,,,,,,,,,,,,,,,,,,,
231,231,0.5287628283127864,2023-08-24 13:44:10.513131,2023-08-24 13:44:12.760626,0 days 00:00:02.247495,0.6000000000000001,2,0.5,0.0003612084799996357,0.002671020688228114,60,194,COMPLETE,0.0,,,,,,,,,,,,,,,,,,,,
232,232,0.5722332617968895,2023-08-24 13:44:10.687018,2023-08-24 13:44:12.622926,0 days 00:00:01.935908,0.6000000000000001,2,0.5,0.00014891135607434462,0.008536836711731744,90,178,COMPLETE,0.0,,,,,,,,,,,,,,,,,,,,
233,233,0.547512593344108,2023-08-24 13:44:10.694217,2023-08-24 13:44:12.135122,0 days 00:00:01.440905,0.6000000000000001,2,0.8,0.000379542292707279,0.00289219248630726,90,177,COMPLETE,0.0,,,,,,,,,,,,,,,,,,,,
234,234,0.5365810359231412,2023-08-24 13:44:10.803181,2023-08-24 13:44:12.848685,0 days 00:00:02.045504,0.6000000000000001,2,0.8,0.00016120539405588798,0.010073416270293381,60,91,COMPLETE,0.0,,,,,,,,,,,,,,,,,,,,
235,235,0.5722332617968895,2023-08-24 13:44:11.186844,2023-08-24 13:44:12.409434,0 days 00:00:01.222590,0.6000000000000001,2,0.5,0.00016978658797276166,0.0057798493843594515,90,192,COMPLETE,0.0,,,,,,,,,,,,,,,,,,,,
236,236,0.5722332617968895,2023-08-24 13:44:11.901058,2023-08-24 13:44:13.405550,0 days 00:00:01.504492,0.6000000000000001,2,0.5,0.00015190928926012154,0.005854611049714064,90,196,COMPLETE,0.0,,,,,,,,,,,,,,,,,,,,
237,237,0.5396138101673279,2023-08-24 13:44:12.001088,2023-08-24 13:44:13.722545,0 days 00:00:01.721457,0.6000000000000001,2,1.0,0.0014683371152058077,0.005655112605651015,90,195,COMPLETE,0.0,,,,,,,,,,,,,,,,,,,,
238,238,0.5722332617968895,2023-08-24 13:44:12.178374,2023-08-24 13:44:13.487123,0 days 00:00:01.308749,0.6000000000000001,2,0.5,0.00018089001810500153,0.005902852785693099,90,192,COMPLETE,0.0,,,,,,,,,,,,,,,,,,,,
239,239,0.5722332617968895,2023-08-24 13:44:12.454663,2023-08-24 13:44:14.297226,0 days 00:00:01.842563,0.6000000000000001,2,0.5,0.00020290311725329474,0.007882898877216138,90,177,COMPLETE,0.0,,,,,,,,,,,,,,,,,,,,
240,240,0.5722332617968895,2023-08-24 13:44:12.463126,2023-08-24 13:44:13.945459,0 days 00:00:01.482333,0.6000000000000001,2,0.5,0.00016966610567334083,0.009046261352312502,90,164,COMPLETE,0.0,,,,,,,,,,,,,,,,,,,,
241,241,0.5722332617968895,2023-08-24 13:44:12.669965,2023-08-24 13:44:14.021679,0 days 00:00:01.351714,0.6000000000000001,2,0.5,0.00018225719491781855,0.005912625275942432,90,186,COMPLETE,0.0,,,,,,,,,,,,,,,,,,,,
242,242,0.5722332617968895,2023-08-24 13:44:12.805437,2023-08-24 13:44:14.115848,0 days 00:00:01.310411,0.6000000000000001,2,0.5,0.001904257373932295,0.006784281497198616,90,163,COMPLETE,0.0,,,,,,,,,,,,,,,,,,,,
243,243,0.5722332617968895,2023-08-24 13:44:12.892410,2023-08-24 13:44:14.253706,0 days 00:00:01.361296,0.6000000000000001,2,0.5,0.0024349448531503135,0.005972469764414397,90,166,COMPLETE,0.0,,,,,,,,,,,,,,,,,,,,
244,244,0.5438967833997266,2023-08-24 13:44:13.450649,2023-08-24 13:44:14.784261,0 days 00:00:01.333612,0.6000000000000001,2,0.5,0.0015361753391225869,0.01979610568863303,90,166,COMPLETE,0.0,,,,,,,,,,,,,,,,,,,,
245,245,0.5722332617968895,2023-08-24 13:44:13.532316,2023-08-24 13:44:14.840300,0 days 00:00:01.307984,0.6000000000000001,2,0.5,9.404188230689043e-05,0.0064926061980891975,90,168,COMPLETE,0.0,,,,,,,,,,,,,,,,,,,,
246,246,0.5438967833997266,2023-08-24 13:44:13.766129,2023-08-24 13:44:14.962818,0 days 00:00:01.196689,0.6000000000000001,2,0.5,0.0016946598472993965,0.021527195135404877,90,165,COMPLETE,0.0,,,,,,,,,,,,,,,,,,,,
247,247,0.5438967833997266,2023-08-24 13:44:14.002078,2023-08-24 13:44:15.142205,0 days 00:00:01.140127,0.6000000000000001,2,0.5,0.0013694877390709338,0.02018936878824816,90,187,COMPLETE,0.0,,,,,,,,,,,,,,,,,,,,
248,248,0.5722332617968895,2023-08-24 13:44:14.065257,2023-08-24 13:44:15.254853,0 days 00:00:01.189596,0.6000000000000001,2,0.5,0.00027364793203764353,0.007956878036758938,90,178,COMPLETE,0.0,,,,,,,,,,,,,,,,,,,,
249,249,0.5438967833997266,2023-08-24 13:44:14.159437,2023-08-24 13:44:15.306488,0 days 00:00:01.147051,0.6000000000000001,2,0.5,0.0002663852986742123,0.022967139613724118,90,176,COMPLETE,0.0,,,,,,,,,,,,,,,,,,,,
