,number,value,datetime_start,datetime_complete,duration,params_bagging_fraction,params_bagging_freq,params_feature_fraction,params_lambda_l1,params_lambda_l2,params_min_child_samples,params_num_leaves,state,best_trial,dev_acc,dev_recall_macro,dev_precision_macro,dev_f1_macro,dev_recall_0,dev_precision_0,dev_f1_0,dev_recall_1,dev_precision_1,dev_f1_1,test_acc,test_recall_macro,test_precision_macro,test_f1_macro,test_recall_0,test_precision_0,test_f1_0,test_recall_1,test_precision_1,test_f1_1
0,0,0.6127162977867203,2023-08-23 22:34:22.956196,2023-08-23 22:34:26.807878,0 days 00:00:03.851682,0.9,1,0.4,0.00022752512850772954,0.008740185769911165,100,230,COMPLETE,0.0,,,,,,,,,,,,,,,,,,,,
1,1,0.6205907480039676,2023-08-23 22:34:22.958596,2023-08-23 22:34:25.064565,0 days 00:00:02.105969,0.4,2,0.4,2.0654952936868107e-08,5.43060772090192e-07,90,98,COMPLETE,0.0,,,,,,,,,,,,,,,,,,,,
2,2,0.6341341990078218,2023-08-23 22:34:22.961024,2023-08-23 22:34:24.136099,0 days 00:00:01.175075,0.7000000000000001,1,0.5,0.00012357845624787764,0.062109479504780844,90,30,COMPLETE,0.0,,,,,,,,,,,,,,,,,,,,
3,3,0.6206875629119908,2023-08-23 22:34:22.965603,2023-08-23 22:34:25.174180,0 days 00:00:02.208577,0.4,1,1.0,0.00012499380332854426,4.2837053394738756e-08,90,67,COMPLETE,0.0,,,,,,,,,,,,,,,,,,,,
4,4,0.6197921856317258,2023-08-23 22:34:22.972170,2023-08-23 22:34:25.387492,0 days 00:00:02.415322,0.8,3,0.9,0.01363933564605096,8.412965656442058e-05,30,60,COMPLETE,0.0,,,,,,,,,,,,,,,,,,,,
5,5,0.6282202652902809,2023-08-23 22:34:22.973645,2023-08-23 22:34:23.841233,0 days 00:00:00.867588,0.5,2,0.9,1.908006205177354e-08,0.0013830023668269114,20,16,COMPLETE,0.0,,,,,,,,,,,,,,,,,,,,
6,6,0.6402066296263469,2023-08-23 22:34:22.984794,2023-08-23 22:34:23.456782,0 days 00:00:00.471988,1.0,3,0.4,1.7983580703523505e-07,0.016001149031830825,30,10,COMPLETE,0.0,,,,,,,,,,,,,,,,,,,,
7,7,0.6398488921332249,2023-08-23 22:34:22.995691,2023-08-23 22:34:23.781453,0 days 00:00:00.785762,1.0,3,0.8,0.0002862725132088797,0.01948434369902736,80,19,COMPLETE,0.0,,,,,,,,,,,,,,,,,,,,
8,8,0.6280677305259189,2023-08-23 22:34:23.518833,2023-08-23 22:34:25.637278,0 days 00:00:02.118445,0.4,2,0.9,7.698232043284855e-07,6.364533740653191e-07,100,101,COMPLETE,0.0,,,,,,,,,,,,,,,,,,,,
9,9,0.618109178158528,2023-08-23 22:34:23.833142,2023-08-23 22:34:27.102467,0 days 00:00:03.269325,0.4,3,0.8,0.005596307323471156,4.545322139310705e-07,60,140,COMPLETE,0.0,,,,,,,,,,,,,,,,,,,,
10,10,0.6233340775101497,2023-08-23 22:34:23.889003,2023-08-23 22:34:27.000606,0 days 00:00:03.111603,1.0,3,0.9,5.420783009602844e-05,0.008486098038071817,10,126,COMPLETE,0.0,,,,,,,,,,,,,,,,,,,,
11,11,0.6170730303789081,2023-08-23 22:34:24.180440,2023-08-23 22:34:27.384305,0 days 00:00:03.203865,0.5,1,0.9,0.00032142923768454964,4.0514365365823127e-07,80,174,COMPLETE,0.0,,,,,,,,,,,,,,,,,,,,
12,12,0.6288215381360416,2023-08-23 22:34:25.110697,2023-08-23 22:34:27.567048,0 days 00:00:02.456351,0.5,1,0.5,0.43700622546187023,0.045977224923046046,100,99,COMPLETE,0.0,,,,,,,,,,,,,,,,,,,,
13,13,0.6096656672304321,2023-08-23 22:34:25.221661,2023-08-23 22:34:30.276759,0 days 00:00:05.055098,0.6000000000000001,1,0.9,4.20133020000275e-06,1.0328864740057351e-07,50,140,COMPLETE,0.0,,,,,,,,,,,,,,,,,,,,
14,14,0.6404098958383461,2023-08-23 22:34:25.443847,2023-08-23 22:34:26.572551,0 days 00:00:01.128704,0.5,3,0.8,0.0004954446095801744,5.5516312859671724e-08,60,32,COMPLETE,0.0,,,,,,,,,,,,,,,,,,,,
15,15,0.6119781457489375,2023-08-23 22:34:25.685577,2023-08-23 22:34:32.162563,0 days 00:00:06.476986,0.8,1,0.4,2.8891241445539104e-07,0.23362817910259137,60,230,COMPLETE,0.0,,,,,,,,,,,,,,,,,,,,
16,16,0.6271297262731514,2023-08-23 22:34:26.622046,2023-08-23 22:34:28.665685,0 days 00:00:02.043639,1.0,2,0.7000000000000001,0.002247624981084872,0.0003309897865134914,80,63,COMPLETE,0.0,,,,,,,,,,,,,,,,,,,,
17,17,0.6190113804379955,2023-08-23 22:34:26.852439,2023-08-23 22:34:31.071917,0 days 00:00:04.219478,0.6000000000000001,3,0.6000000000000001,0.8965437349932829,2.197740102069346e-08,60,175,COMPLETE,0.0,,,,,,,,,,,,,,,,,,,,
18,18,0.6212175854871684,2023-08-23 22:34:27.048775,2023-08-23 22:34:32.225859,0 days 00:00:05.177084,0.6000000000000001,3,0.6000000000000001,0.12515694087881973,0.2753519035217922,50,204,COMPLETE,0.0,,,,,,,,,,,,,,,,,,,,
19,19,0.6150200334539231,2023-08-23 22:34:27.167068,2023-08-23 22:34:31.593599,0 days 00:00:04.426531,0.6000000000000001,3,0.6000000000000001,0.5146249569567842,0.3633133220198681,50,186,COMPLETE,0.0,,,,,,,,,,,,,,,,,,,,
20,20,0.6231862608636412,2023-08-23 22:34:27.429319,2023-08-23 22:34:27.818124,0 days 00:00:00.388805,0.6000000000000001,3,0.6000000000000001,0.21448750789666735,0.5121682110731626,40,3,COMPLETE,0.0,,,,,,,,,,,,,,,,,,,,
21,21,0.6220592360089522,2023-08-23 22:34:27.616788,2023-08-23 22:34:27.999089,0 days 00:00:00.382301,0.7000000000000001,3,0.6000000000000001,1.8505634563864678e-06,0.7622375790442449,40,3,COMPLETE,0.0,,,,,,,,,,,,,,,,,,,,
22,22,0.6212029960518473,2023-08-23 22:34:27.866215,2023-08-23 22:34:29.810966,0 days 00:00:01.944751,0.7000000000000001,3,0.7000000000000001,3.71141723454509e-06,0.0002675276082966634,50,64,COMPLETE,0.0,,,,,,,,,,,,,,,,,,,,
23,23,0.6359289906440573,2023-08-23 22:34:28.049777,2023-08-23 22:34:29.714855,0 days 00:00:01.665078,0.8,2,0.7000000000000001,4.3244207220440856e-06,1.2382310687723569e-08,60,55,COMPLETE,0.0,,,,,,,,,,,,,,,,,,,,
24,24,0.638313335405355,2023-08-23 22:34:28.710804,2023-08-23 22:34:30.488916,0 days 00:00:01.778112,0.8,3,0.7000000000000001,8.685758190337967e-06,1.6855304783864742e-05,60,43,COMPLETE,0.0,,,,,,,,,,,,,,,,,,,,
25,25,0.6119274334080159,2023-08-23 22:34:29.763094,2023-08-23 22:34:34.735916,0 days 00:00:04.972822,0.6000000000000001,3,0.6000000000000001,1.7988844312676202e-07,1.9845630415953148e-05,50,190,COMPLETE,0.0,,,,,,,,,,,,,,,,,,,,
26,26,0.6239721236987502,2023-08-23 22:34:29.877307,2023-08-23 22:34:35.361381,0 days 00:00:05.484074,0.6000000000000001,3,0.6000000000000001,1.0614539326236935e-07,2.1051973040083504e-05,50,204,COMPLETE,0.0,,,,,,,,,,,,,,,,,,,,
27,27,0.613027744270205,2023-08-23 22:34:30.328712,2023-08-23 22:34:36.929979,0 days 00:00:06.601267,0.9,3,0.6000000000000001,3.141671235596113e-07,1.0327476834858344e-05,10,248,COMPLETE,0.0,,,,,,,,,,,,,,,,,,,,
28,28,0.6275738794407004,2023-08-23 22:34:30.541267,2023-08-23 22:34:31.840692,0 days 00:00:01.299425,0.9,3,0.8,1.9917092501707536e-07,6.498165582994688e-06,70,28,COMPLETE,0.0,,,,,,,,,,,,,,,,,,,,
29,29,0.6380387731744126,2023-08-23 22:34:31.118187,2023-08-23 22:34:33.110804,0 days 00:00:01.992617,0.9,3,0.8,0.0009410560151603915,1.012093965012827e-05,70,34,COMPLETE,0.0,,,,,,,,,,,,,,,,,,,,
30,30,0.6332105972998072,2023-08-23 22:34:31.644486,2023-08-23 22:34:32.941674,0 days 00:00:01.297188,0.9,3,0.8,0.001044681282554154,5.636410688040192e-06,70,29,COMPLETE,0.0,,,,,,,,,,,,,,,,,,,,
31,31,0.6336980604299305,2023-08-23 22:34:31.889455,2023-08-23 22:34:33.269428,0 days 00:00:01.379973,0.9,2,0.8,2.003561835954028e-05,0.002045392243783285,70,38,COMPLETE,0.0,,,,,,,,,,,,,,,,,,,,
32,32,0.6349690679174569,2023-08-23 22:34:32.211178,2023-08-23 22:34:33.897621,0 days 00:00:01.686443,0.9,3,0.8,2.3688677471868925e-05,0.0022259702773600766,70,35,COMPLETE,0.0,,,,,,,,,,,,,,,,,,,,
33,33,0.6362722664273793,2023-08-23 22:34:32.278764,2023-08-23 22:34:33.953733,0 days 00:00:01.674969,0.9,2,0.8,3.2220145663615826e-05,0.0025693486672716203,70,33,COMPLETE,0.0,,,,,,,,,,,,,,,,,,,,
34,34,0.6264099118435705,2023-08-23 22:34:32.988652,2023-08-23 22:34:35.431195,0 days 00:00:02.442543,1.0,2,0.8,2.0595793134532828e-05,0.003824650116149819,30,85,COMPLETE,0.0,,,,,,,,,,,,,,,,,,,,
35,35,0.6157556426401166,2023-08-23 22:34:33.155938,2023-08-23 22:34:35.598291,0 days 00:00:02.442353,1.0,2,1.0,4.953595791356962e-05,0.005032515973941479,30,81,COMPLETE,0.0,,,,,,,,,,,,,,,,,,,,
36,36,0.621420394806423,2023-08-23 22:34:33.315616,2023-08-23 22:34:36.043396,0 days 00:00:02.727780,1.0,2,1.0,3.528398092855048e-05,0.007720088591448134,30,82,COMPLETE,0.0,,,,,,,,,,,,,,,,,,,,
37,37,0.6251332346395675,2023-08-23 22:34:33.949270,2023-08-23 22:34:37.357916,0 days 00:00:03.408646,1.0,2,1.0,0.0005016548491154306,0.01191737263129502,30,81,COMPLETE,0.0,,,,,,,,,,,,,,,,,,,,
38,38,0.6275378097035085,2023-08-23 22:34:34.029503,2023-08-23 22:34:36.331069,0 days 00:00:02.301566,1.0,3,0.7000000000000001,0.00045570713537227726,0.02265066307378485,40,77,COMPLETE,0.0,,,,,,,,,,,,,,,,,,,,
39,39,0.6403788500812078,2023-08-23 22:34:34.781607,2023-08-23 22:34:37.252584,0 days 00:00:02.470977,1.0,3,0.7000000000000001,0.00034445948327403893,0.01690898765934313,30,76,COMPLETE,0.0,,,,,,,,,,,,,,,,,,,,
40,40,0.6428918393782384,2023-08-23 22:34:35.414571,2023-08-23 22:34:36.377257,0 days 00:00:00.962686,1.0,3,0.7000000000000001,0.0003924732869874118,0.01600097507991461,30,12,COMPLETE,0.0,,,,,,,,,,,,,,,,,,,,
41,41,0.6380272347844849,2023-08-23 22:34:35.480891,2023-08-23 22:34:36.185808,0 days 00:00:00.704917,1.0,3,0.7000000000000001,0.0003794149153834213,0.02887132460979449,80,14,COMPLETE,0.0,,,,,,,,,,,,,,,,,,,,
42,42,0.6329446303627717,2023-08-23 22:34:35.643761,2023-08-23 22:34:36.557840,0 days 00:00:00.914079,0.8,3,0.7000000000000001,0.0002552700774448741,0.03235307488404931,80,16,COMPLETE,0.0,,,,,,,,,,,,,,,,,,,,
43,43,0.6454279992522629,2023-08-23 22:34:36.090132,2023-08-23 22:34:37.077192,0 days 00:00:00.987060,0.8,3,0.5,0.0003396656646021408,0.03326090091279671,80,14,COMPLETE,0.0,,,,,,,,,,,,,,,,,,,,
44,44,0.6399382979013116,2023-08-23 22:34:36.231285,2023-08-23 22:34:38.151676,0 days 00:00:01.920391,0.8,3,0.5,0.00015326608871283408,0.020898722468559915,40,48,COMPLETE,0.0,,,,,,,,,,,,,,,,,,,,
45,45,0.6346811037225287,2023-08-23 22:34:36.419900,2023-08-23 22:34:37.706327,0 days 00:00:01.286427,0.8,3,0.5,0.0001014536849240278,0.14837773202246268,10,18,COMPLETE,0.0,,,,,,,,,,,,,,,,,,,,
46,46,0.636729990882527,2023-08-23 22:34:36.422647,2023-08-23 22:34:37.449369,0 days 00:00:01.026722,0.8,3,0.5,0.00013327791739999322,0.12967526757929565,10,14,COMPLETE,0.0,,,,,,,,,,,,,,,,,,,,
47,47,0.6429717436165043,2023-08-23 22:34:36.604124,2023-08-23 22:34:37.593931,0 days 00:00:00.989807,1.0,3,0.5,0.0001056703418160591,0.13924406531870986,10,18,COMPLETE,0.0,,,,,,,,,,,,,,,,,,,,
48,48,0.6425674698176693,2023-08-23 22:34:36.971875,2023-08-23 22:34:38.887595,0 days 00:00:01.915720,0.8,3,0.5,8.591064423117631e-05,0.11134798119096652,20,48,COMPLETE,0.0,,,,,,,,,,,,,,,,,,,,
49,49,0.6295858278020567,2023-08-23 22:34:37.121986,2023-08-23 22:34:38.944496,0 days 00:00:01.822510,1.0,3,0.4,0.0001222350881722286,0.11818415916526105,20,50,COMPLETE,0.0,,,,,,,,,,,,,,,,,,,,
50,50,0.6327239252164962,2023-08-23 22:34:37.297931,2023-08-23 22:34:38.784534,0 days 00:00:01.486603,1.0,3,0.4,0.0001166595161171866,0.09916130002697426,20,45,COMPLETE,0.0,,,,,,,,,,,,,,,,,,,,
51,51,0.6234088109587229,2023-08-23 22:34:37.405054,2023-08-23 22:34:39.270940,0 days 00:00:01.865886,0.4,3,0.4,0.00011173774727296106,0.09104430754405206,20,50,COMPLETE,0.0,,,,,,,,,,,,,,,,,,,,
52,52,0.6216648266682612,2023-08-23 22:34:37.492388,2023-08-23 22:34:40.038644,0 days 00:00:02.546256,0.5,3,0.4,0.00012429943335597355,0.0009436710375592534,20,52,COMPLETE,0.0,,,,,,,,,,,,,,,,,,,,
53,53,0.6285688148829587,2023-08-23 22:34:37.639397,2023-08-23 22:34:39.673047,0 days 00:00:02.033650,0.5,3,0.4,0.00010599002679062153,0.09675135669288776,20,57,COMPLETE,0.0,,,,,,,,,,,,,,,,,,,,
54,54,0.6282519265310853,2023-08-23 22:34:37.748037,2023-08-23 22:34:39.126406,0 days 00:00:01.378369,0.5,3,0.4,0.0031820696785045052,0.05682932827265359,20,47,COMPLETE,0.0,,,,,,,,,,,,,,,,,,,,
55,55,0.6202590990815879,2023-08-23 22:34:38.195421,2023-08-23 22:34:41.308386,0 days 00:00:03.112965,1.0,3,0.4,0.003355343411159964,0.9641523936090017,20,111,COMPLETE,0.0,,,,,,,,,,,,,,,,,,,,
56,56,0.614243126715083,2023-08-23 22:34:38.830274,2023-08-23 22:34:42.907842,0 days 00:00:04.077568,0.5,3,0.4,0.003497004369630622,0.04910313802152223,20,106,COMPLETE,0.0,,,,,,,,,,,,,,,,,,,,
57,57,0.6099736986425981,2023-08-23 22:34:38.931853,2023-08-23 22:34:42.703814,0 days 00:00:03.771961,0.7000000000000001,3,0.4,0.0033108081839920787,0.06100677924613205,20,113,COMPLETE,0.0,,,,,,,,,,,,,,,,,,,,
58,58,0.6409453994891914,2023-08-23 22:34:38.993152,2023-08-23 22:34:40.273150,0 days 00:00:01.279998,0.7000000000000001,3,0.5,0.0018085620537044269,0.06257872995587467,20,23,COMPLETE,0.0,,,,,,,,,,,,,,,,,,,,
59,59,0.6347232824687496,2023-08-23 22:34:39.174095,2023-08-23 22:34:40.448652,0 days 00:00:01.274557,0.7000000000000001,3,0.5,0.0008589950236439639,0.04965305601253686,20,21,COMPLETE,0.0,,,,,,,,,,,,,,,,,,,,
60,60,0.6156111188169648,2023-08-23 22:34:39.316102,2023-08-23 22:34:42.805482,0 days 00:00:03.489380,0.7000000000000001,3,0.5,0.0009439345665917989,0.8191615152466176,20,121,COMPLETE,0.0,,,,,,,,,,,,,,,,,,,,
61,61,0.6370126355475093,2023-08-23 22:34:39.722420,2023-08-23 22:34:40.897945,0 days 00:00:01.175525,0.7000000000000001,3,0.5,0.0008107875074680142,0.05321351931400977,90,25,COMPLETE,0.0,,,,,,,,,,,,,,,,,,,,
62,62,0.6183721757028127,2023-08-23 22:34:40.085343,2023-08-23 22:34:43.481891,0 days 00:00:03.396548,0.7000000000000001,3,0.5,0.0006738906714920093,0.8671031084629158,90,120,COMPLETE,0.0,,,,,,,,,,,,,,,,,,,,
63,63,0.6270942728082489,2023-08-23 22:34:40.317983,2023-08-23 22:34:43.869155,0 days 00:00:03.551172,0.7000000000000001,3,0.5,0.009348642986546557,0.6888488450701579,10,114,COMPLETE,0.0,,,,,,,,,,,,,,,,,,,,
64,64,0.6312725708734697,2023-08-23 22:34:40.494356,2023-08-23 22:34:40.845507,0 days 00:00:00.351151,0.7000000000000001,3,0.5,0.008659274758472783,0.809689458769179,90,4,COMPLETE,0.0,,,,,,,,,,,,,,,,,,,,
65,65,0.6259188295467555,2023-08-23 22:34:40.894336,2023-08-23 22:34:44.201413,0 days 00:00:03.307077,0.8,3,0.5,0.002544842677492122,0.25787686449368263,10,113,COMPLETE,0.0,,,,,,,,,,,,,,,,,,,,
66,66,0.6276920349358017,2023-08-23 22:34:40.969962,2023-08-23 22:34:44.659781,0 days 00:00:03.689819,0.8,3,0.5,0.0023633276957543284,0.24463342110816896,10,112,COMPLETE,0.0,,,,,,,,,,,,,,,,,,,,
67,67,0.629691141952923,2023-08-23 22:34:41.354381,2023-08-23 22:34:41.999287,0 days 00:00:00.644906,0.8,3,0.5,0.0015633861283765962,0.25208007232121776,10,8,COMPLETE,0.0,,,,,,,,,,,,,,,,,,,,
68,68,0.619954900486944,2023-08-23 22:34:42.045836,2023-08-23 22:34:44.364739,0 days 00:00:02.318903,0.9,3,0.6000000000000001,0.00026666044383877725,0.011650577774939958,40,71,COMPLETE,0.0,,,,,,,,,,,,,,,,,,,,
69,69,0.6328706818271759,2023-08-23 22:34:42.747172,2023-08-23 22:34:44.991124,0 days 00:00:02.243952,0.9,3,0.5,0.00025011095036818937,0.012842182966296675,30,66,COMPLETE,0.0,,,,,,,,,,,,,,,,,,,,
70,70,0.6175158517135411,2023-08-23 22:34:42.861305,2023-08-23 22:34:45.655204,0 days 00:00:02.793899,0.9,3,0.6000000000000001,0.00030837669743403876,0.011444405802223693,40,72,COMPLETE,0.0,,,,,,,,,,,,,,,,,,,,
71,71,0.6219860791509046,2023-08-23 22:34:42.953078,2023-08-23 22:34:45.343563,0 days 00:00:02.390485,0.9,3,0.6000000000000001,0.00023483212184294784,0.010865317621368227,30,71,COMPLETE,0.0,,,,,,,,,,,,,,,,,,,,
72,72,0.6176043588930871,2023-08-23 22:34:43.526383,2023-08-23 22:34:45.887405,0 days 00:00:02.361022,0.9,3,0.6000000000000001,0.00021738326114700452,0.008081468254392878,30,66,COMPLETE,0.0,,,,,,,,,,,,,,,,,,,,
73,73,0.621641577787905,2023-08-23 22:34:43.912662,2023-08-23 22:34:46.406666,0 days 00:00:02.494004,0.9,3,0.6000000000000001,0.0002519223899557267,0.01492553260289645,30,70,COMPLETE,0.0,,,,,,,,,,,,,,,,,,,,
74,74,0.6358609999763642,2023-08-23 22:34:44.245217,2023-08-23 22:34:45.605033,0 days 00:00:01.359816,0.9,3,0.6000000000000001,0.0002850009544805283,0.010671878626269206,30,24,COMPLETE,0.0,,,,,,,,,,,,,,,,,,,,
75,75,0.6340030596812924,2023-08-23 22:34:44.409985,2023-08-23 22:34:46.355687,0 days 00:00:01.945702,0.9,3,0.6000000000000001,0.00025989412398630754,0.014514453984718198,100,40,COMPLETE,0.0,,,,,,,,,,,,,,,,,,,,
76,76,0.6258148956994793,2023-08-23 22:34:44.704660,2023-08-23 22:34:48.085484,0 days 00:00:03.380824,0.6000000000000001,1,0.6000000000000001,0.0002318142611109512,0.018042567791819137,30,93,COMPLETE,0.0,,,,,,,,,,,,,,,,,,,,
77,77,0.6326468081400051,2023-08-23 22:34:45.035314,2023-08-23 22:34:46.565675,0 days 00:00:01.530361,0.6000000000000001,1,0.6000000000000001,6.447328734643619e-05,0.019774686164776147,100,39,COMPLETE,0.0,,,,,,,,,,,,,,,,,,,,
78,78,0.6335607748266945,2023-08-23 22:34:45.388941,2023-08-23 22:34:46.683111,0 days 00:00:01.294170,1.0,3,0.7000000000000001,6.733775884230396e-05,0.03303146732083079,30,24,COMPLETE,0.0,,,,,,,,,,,,,,,,,,,,
79,79,0.6292845164108851,2023-08-23 22:34:45.647989,2023-08-23 22:34:47.388705,0 days 00:00:01.740716,1.0,1,0.7000000000000001,6.519800521524173e-05,0.41191418635323884,40,39,COMPLETE,0.0,,,,,,,,,,,,,,,,,,,,
80,80,0.6385285343529781,2023-08-23 22:34:45.702000,2023-08-23 22:34:47.334291,0 days 00:00:01.632291,1.0,3,0.7000000000000001,5.9671117860898435e-05,0.02245358910896722,100,39,COMPLETE,0.0,,,,,,,,,,,,,,,,,,,,
81,81,0.6385850343468795,2023-08-23 22:34:45.928815,2023-08-23 22:34:47.632327,0 days 00:00:01.703512,1.0,3,0.7000000000000001,0.0014553788901316678,0.03325185056290764,100,40,COMPLETE,0.0,,,,,,,,,,,,,,,,,,,,
82,82,0.6246370987838915,2023-08-23 22:34:46.399333,2023-08-23 22:34:47.159566,0 days 00:00:00.760233,1.0,3,0.7000000000000001,5.447300775134704e-05,0.032282225840027566,40,7,COMPLETE,0.0,,,,,,,,,,,,,,,,,,,,
83,83,0.6349733739929908,2023-08-23 22:34:46.449554,2023-08-23 22:34:47.219027,0 days 00:00:00.769473,1.0,1,0.7000000000000001,5.374130059609878e-05,0.16443710157607527,40,9,COMPLETE,0.0,,,,,,,,,,,,,,,,,,,,
84,84,0.6422840929656896,2023-08-23 22:34:46.613823,2023-08-23 22:34:47.695695,0 days 00:00:01.081872,1.0,3,0.7000000000000001,1.0272186389523145e-08,0.03302424422262499,40,10,COMPLETE,0.0,,,,,,,,,,,,,,,,,,,,
85,85,0.6404098958383461,2023-08-23 22:34:46.735583,2023-08-23 22:34:47.582471,0 days 00:00:00.846888,1.0,3,0.9,0.0005660515039210307,0.3782070070377128,80,10,COMPLETE,0.0,,,,,,,,,,,,,,,,,,,,
86,86,0.6144734631396196,2023-08-23 22:34:47.217481,2023-08-23 22:34:51.730375,0 days 00:00:04.512894,1.0,3,0.9,0.001547974650066797,0.005213689541446783,60,151,COMPLETE,0.0,,,,,,,,,,,,,,,,,,,,
87,87,0.612117536370493,2023-08-23 22:34:47.269426,2023-08-23 22:34:50.498975,0 days 00:00:03.229549,0.4,2,0.8,0.0012886567670182165,0.39594508356514124,60,158,COMPLETE,0.0,,,,,,,,,,,,,,,,,,,,
88,88,0.626042485060967,2023-08-23 22:34:47.384830,2023-08-23 22:34:49.150405,0 days 00:00:01.765575,0.4,3,0.9,0.0015215514412401465,0.00412708124121677,40,31,COMPLETE,0.0,,,,,,,,,,,,,,,,,,,,
89,89,0.6329574849398544,2023-08-23 22:34:47.436834,2023-08-23 22:34:48.802527,0 days 00:00:01.365693,0.4,3,0.5,0.00047088973320521215,0.07425014383199458,30,17,COMPLETE,0.0,,,,,,,,,,,,,,,,,,,,
90,90,0.6316774388422262,2023-08-23 22:34:47.630664,2023-08-23 22:34:48.727429,0 days 00:00:01.096765,1.0,3,0.9,0.0005239763658678269,0.40384623453946994,80,14,COMPLETE,0.0,,,,,,,,,,,,,,,,,,,,
91,91,0.6265005349057073,2023-08-23 22:34:47.676724,2023-08-23 22:34:50.369069,0 days 00:00:02.692345,0.4,3,0.9,0.0006541409178927246,0.08753360051732567,80,141,COMPLETE,0.0,,,,,,,,,,,,,,,,,,,,
92,92,0.6354666998718741,2023-08-23 22:34:47.745737,2023-08-23 22:34:49.208786,0 days 00:00:01.463049,1.0,3,0.9,0.00041657706613466123,0.40260380818613456,80,31,COMPLETE,0.0,,,,,,,,,,,,,,,,,,,,
93,93,0.6105404992735521,2023-08-23 22:34:48.130831,2023-08-23 22:34:48.334263,0 days 00:00:00.203432,1.0,3,0.9,0.0005537286829736999,0.07395485352324051,80,2,COMPLETE,0.0,,,,,,,,,,,,,,,,,,,,
94,94,0.6339118384892819,2023-08-23 22:34:48.379570,2023-08-23 22:34:49.671648,0 days 00:00:01.292078,1.0,3,0.9,0.0004666469586941989,0.39502272483037704,80,30,COMPLETE,0.0,,,,,,,,,,,,,,,,,,,,
95,95,0.6393142741541735,2023-08-23 22:34:48.770045,2023-08-23 22:34:50.025818,0 days 00:00:01.255773,1.0,3,0.8,0.0015113411275290008,0.08176373086439319,50,29,COMPLETE,0.0,,,,,,,,,,,,,,,,,,,,
96,96,0.6131752551655464,2023-08-23 22:34:48.847797,2023-08-23 22:34:53.328287,0 days 00:00:04.480490,1.0,3,0.8,1.724589904109507e-08,0.18814428030861013,60,153,COMPLETE,0.0,,,,,,,,,,,,,,,,,,,,
97,97,0.6331404032860344,2023-08-23 22:34:49.198241,2023-08-23 22:34:50.621764,0 days 00:00:01.423523,1.0,3,0.8,2.2914983682985133e-08,0.14228630845833398,60,31,COMPLETE,0.0,,,,,,,,,,,,,,,,,,,,
98,98,0.6185255897504762,2023-08-23 22:34:49.261672,2023-08-23 22:34:53.905357,0 days 00:00:04.643685,1.0,3,0.8,3.537083704515679e-08,0.19212877598768893,60,144,COMPLETE,0.0,,,,,,,,,,,,,,,,,,,,
99,99,0.6104000486174415,2023-08-23 22:34:49.715599,2023-08-23 22:34:54.268047,0 days 00:00:04.552448,1.0,3,0.8,1.1371651711719621e-08,0.11208772620778694,50,152,COMPLETE,0.0,,,,,,,,,,,,,,,,,,,,
100,100,0.6346128800105593,2023-08-23 22:34:50.079491,2023-08-23 22:34:50.882992,0 days 00:00:00.803501,1.0,3,0.8,1.0142117061824763e-08,0.1371137086875913,60,11,COMPLETE,0.0,,,,,,,,,,,,,,,,,,,,
101,101,0.6346128800105593,2023-08-23 22:34:50.420199,2023-08-23 22:34:51.237770,0 days 00:00:00.817571,1.0,3,0.8,5.864086241689161e-08,0.1476980687122395,60,11,COMPLETE,0.0,,,,,,,,,,,,,,,,,,,,
102,102,0.6339579510465587,2023-08-23 22:34:50.544991,2023-08-23 22:34:51.297410,0 days 00:00:00.752419,1.0,3,0.8,1.1860630229105679e-08,0.16261200700442083,70,11,COMPLETE,0.0,,,,,,,,,,,,,,,,,,,,
103,103,0.6321512019302837,2023-08-23 22:34:50.672777,2023-08-23 22:34:51.386908,0 days 00:00:00.714131,1.0,3,0.7000000000000001,1.3141956817174938e-05,0.18023310758004596,20,11,COMPLETE,0.0,,,,,,,,,,,,,,,,,,,,
