,number,value,datetime_start,datetime_complete,duration,params_bagging_fraction,params_bagging_freq,params_feature_fraction,params_lambda_l1,params_lambda_l2,params_min_child_samples,params_num_leaves,state,best_trial,dev_acc,dev_recall_macro,dev_precision_macro,dev_f1_macro,dev_recall_0,dev_precision_0,dev_f1_0,dev_recall_1,dev_precision_1,dev_f1_1,test_acc,test_recall_macro,test_precision_macro,test_f1_macro,test_recall_0,test_precision_0,test_f1_0,test_recall_1,test_precision_1,test_f1_1
104,104,0.7015081803883376,2023-08-24 13:31:16.146414,2023-08-24 13:31:17.085274,0 days 00:00:00.938860,0.8,2,0.9,4.261167647132967e-06,0.4904293785202301,20,12,COMPLETE,0.0,,,,,,,,,,,,,,,,,,,,
105,105,0.7034302064150431,2023-08-24 13:31:16.346566,2023-08-24 13:31:17.358809,0 days 00:00:01.012243,0.8,2,0.8,6.203506386016353e-06,0.475931439139366,20,12,COMPLETE,0.0,,,,,,,,,,,,,,,,,,,,
106,106,0.7034196925028922,2023-08-24 13:31:16.530258,2023-08-24 13:31:17.703260,0 days 00:00:01.173002,0.7000000000000001,2,0.8,5.840975138356584e-05,0.4552213141288254,10,12,COMPLETE,0.0,,,,,,,,,,,,,,,,,,,,
107,107,0.7083452244387864,2023-08-24 13:31:16.612685,2023-08-24 13:31:17.612018,0 days 00:00:00.999333,0.6000000000000001,2,0.8,4.202272956058662e-06,0.5546558838026142,10,13,COMPLETE,0.0,,,,,,,,,,,,,,,,,,,,
108,108,0.7140991606953971,2023-08-24 13:31:16.766477,2023-08-24 13:31:17.565160,0 days 00:00:00.798683,0.7000000000000001,2,0.9,6.0475705187767555e-05,0.19525325624163012,10,11,COMPLETE,0.0,,,,,,,,,,,,,,,,,,,,
109,109,0.7063282825738535,2023-08-24 13:31:16.958573,2023-08-24 13:31:17.866459,0 days 00:00:00.907886,0.7000000000000001,2,0.8,6.497345021566242e-06,0.289982409329293,10,11,COMPLETE,0.0,,,,,,,,,,,,,,,,,,,,
110,110,0.7092540251114718,2023-08-24 13:31:17.143773,2023-08-24 13:31:18.228372,0 days 00:00:01.084599,0.7000000000000001,2,0.8,5.366462214355167e-05,0.30459750269275454,10,12,COMPLETE,0.0,,,,,,,,,,,,,,,,,,,,
111,111,0.7020485044096719,2023-08-24 13:31:17.237125,2023-08-24 13:31:18.167011,0 days 00:00:00.929886,0.7000000000000001,2,0.8,7.2558767842674014e-06,0.29892543020836043,10,18,COMPLETE,0.0,,,,,,,,,,,,,,,,,,,,
112,112,0.6991451903285884,2023-08-24 13:31:17.400638,2023-08-24 13:31:18.401887,0 days 00:00:01.001249,0.7000000000000001,2,0.8,4.7224799736986765e-05,0.1915968754001802,10,18,COMPLETE,0.0,,,,,,,,,,,,,,,,,,,,
113,113,0.6971457438747158,2023-08-24 13:31:17.656650,2023-08-24 13:31:18.850088,0 days 00:00:01.193438,0.7000000000000001,2,0.8,9.264603029431821e-06,0.1947450246934846,10,18,COMPLETE,0.0,,,,,,,,,,,,,,,,,,,,
114,114,0.7015349097523437,2023-08-24 13:31:17.660767,2023-08-24 13:31:19.179401,0 days 00:00:01.518634,0.7000000000000001,2,0.8,5.106146903790483e-05,0.27982114630888943,10,18,COMPLETE,0.0,,,,,,,,,,,,,,,,,,,,
115,115,0.6962774573050869,2023-08-24 13:31:17.759227,2023-08-24 13:31:18.942705,0 days 00:00:01.183478,0.7000000000000001,2,0.9,1.0854793756742478e-05,0.1879967943700009,10,19,COMPLETE,0.0,,,,,,,,,,,,,,,,,,,,
116,116,0.7044475162857335,2023-08-24 13:31:17.918225,2023-08-24 13:31:19.094718,0 days 00:00:01.176493,0.7000000000000001,2,0.9,9.559750212338068e-06,0.23538119948560607,10,19,COMPLETE,0.0,,,,,,,,,,,,,,,,,,,,
117,117,0.6953091683937831,2023-08-24 13:31:18.212816,2023-08-24 13:31:24.586432,0 days 00:00:06.373616,0.7000000000000001,2,0.9,1.0232313338946391e-05,0.2039441417793362,10,207,COMPLETE,0.0,,,,,,,,,,,,,,,,,,,,
118,118,0.6924188343443995,2023-08-24 13:31:18.273680,2023-08-24 13:31:24.416863,0 days 00:00:06.143183,0.7000000000000001,2,0.9,9.388870509105911e-05,0.1840990197493393,10,203,COMPLETE,0.0,,,,,,,,,,,,,,,,,,,,
119,119,0.7092947013999646,2023-08-24 13:31:18.445582,2023-08-24 13:31:18.712447,0 days 00:00:00.266865,0.7000000000000001,2,0.9,0.00010195546791264306,0.17014822428598592,20,4,COMPLETE,0.0,,,,,,,,,,,,,,,,,,,,
120,120,0.7072943079601238,2023-08-24 13:31:18.757277,2023-08-24 13:31:19.352538,0 days 00:00:00.595261,0.7000000000000001,2,0.9,1.2020851072871601e-05,0.689815913673741,20,3,COMPLETE,0.0,,,,,,,,,,,,,,,,,,,,
121,121,0.6784071514507148,2023-08-24 13:31:18.900104,2023-08-24 13:31:23.404718,0 days 00:00:04.504614,0.7000000000000001,2,0.9,2.9334563581395518e-05,0.6657110323068323,20,203,COMPLETE,0.0,,,,,,,,,,,,,,,,,,,,
122,122,0.6832358729004039,2023-08-24 13:31:18.989671,2023-08-24 13:31:22.930896,0 days 00:00:03.941225,0.7000000000000001,3,0.9,1.5132008370133237e-05,0.6909203690329776,20,113,COMPLETE,0.0,,,,,,,,,,,,,,,,,,,,
123,123,0.6954991766274211,2023-08-24 13:31:19.145145,2023-08-24 13:31:19.586083,0 days 00:00:00.440938,0.6000000000000001,2,0.9,2.4499081323463687e-05,0.6468289757274347,20,2,COMPLETE,0.0,,,,,,,,,,,,,,,,,,,,
124,124,0.6803475836084532,2023-08-24 13:31:19.224543,2023-08-24 13:31:23.353188,0 days 00:00:04.128645,0.6000000000000001,3,0.9,1.4865572399113228e-05,0.7106423694211128,20,213,COMPLETE,0.0,,,,,,,,,,,,,,,,,,,,
125,125,0.6759943771667645,2023-08-24 13:31:19.401325,2023-08-24 13:31:24.014067,0 days 00:00:04.612742,0.6000000000000001,2,0.9,2.7735893025640982e-05,0.6596730116257157,20,208,COMPLETE,0.0,,,,,,,,,,,,,,,,,,,,
126,126,0.706418664338847,2023-08-24 13:31:19.635022,2023-08-24 13:31:19.953899,0 days 00:00:00.318877,0.6000000000000001,3,0.9,1.635430286174893e-05,0.07241879635940635,20,5,COMPLETE,0.0,,,,,,,,,,,,,,,,,,,,
127,127,0.6861096861446626,2023-08-24 13:31:20.022859,2023-08-24 13:31:24.759199,0 days 00:00:04.736340,0.7000000000000001,2,0.9,2.78055610815318e-05,0.7082412016606905,20,204,COMPLETE,0.0,,,,,,,,,,,,,,,,,,,,
128,128,0.710276713018662,2023-08-24 13:31:21.098785,2023-08-24 13:31:21.595347,0 days 00:00:00.496562,0.7000000000000001,2,0.9,2.9958804702428183e-05,0.6040990170108806,20,9,COMPLETE,0.0,,,,,,,,,,,,,,,,,,,,
129,129,0.70834196031031,2023-08-24 13:31:21.658921,2023-08-24 13:31:22.005790,0 days 00:00:00.346869,0.7000000000000001,2,0.9,2.754221580054865e-05,0.7538604673947771,20,8,COMPLETE,0.0,,,,,,,,,,,,,,,,,,,,
130,130,0.703019574385533,2023-08-24 13:31:22.049650,2023-08-24 13:31:23.108591,0 days 00:00:01.058941,0.7000000000000001,2,0.9,3.383816438631457e-05,0.7241225471813958,20,28,COMPLETE,0.0,,,,,,,,,,,,,,,,,,,,
131,131,0.6991241429793037,2023-08-24 13:31:22.979220,2023-08-24 13:31:24.473404,0 days 00:00:01.494184,0.7000000000000001,2,0.9,3.201166086215599e-05,0.35547278487057804,20,29,COMPLETE,0.0,,,,,,,,,,,,,,,,,,,,
132,132,0.703504889067962,2023-08-24 13:31:23.158570,2023-08-24 13:31:23.920176,0 days 00:00:00.761606,0.7000000000000001,2,0.9,9.332842932491801e-05,0.35905532195063555,20,9,COMPLETE,0.0,,,,,,,,,,,,,,,,,,,,
133,133,0.7049599600824931,2023-08-24 13:31:23.458011,2023-08-24 13:31:24.264594,0 days 00:00:00.806583,0.7000000000000001,2,0.9,1.8260466235414347e-08,0.345002520675059,30,9,COMPLETE,0.0,,,,,,,,,,,,,,,,,,,,
134,134,0.7068655101533998,2023-08-24 13:31:23.467048,2023-08-24 13:31:24.221399,0 days 00:00:00.754351,0.7000000000000001,2,0.9,9.294493408844416e-05,0.373691583496381,30,7,COMPLETE,0.0,,,,,,,,,,,,,,,,,,,,
135,135,0.6945855384127162,2023-08-24 13:31:23.983194,2023-08-24 13:31:24.674797,0 days 00:00:00.691603,0.7000000000000001,2,0.9,1.0173424108373937e-08,0.08373759820490496,10,2,COMPLETE,0.0,,,,,,,,,,,,,,,,,,,,
136,136,0.7107666660837837,2023-08-24 13:31:24.064908,2023-08-24 13:31:24.874443,0 days 00:00:00.809535,0.7000000000000001,2,0.9,2.8510957246847707e-08,0.08923198951238419,30,6,COMPLETE,0.0,,,,,,,,,,,,,,,,,,,,
137,137,0.6945855384127162,2023-08-24 13:31:24.320819,2023-08-24 13:31:25.175869,0 days 00:00:00.855050,0.7000000000000001,2,0.9,1.1086071389953586e-08,0.09156677089816334,20,2,COMPLETE,0.0,,,,,,,,,,,,,,,,,,,,
138,138,0.7025158007059016,2023-08-24 13:31:24.323695,2023-08-24 13:31:26.152137,0 days 00:00:01.828442,0.7000000000000001,2,0.9,0.0003602640665208324,0.17950432606444788,20,14,COMPLETE,0.0,,,,,,,,,,,,,,,,,,,,
139,139,0.6945855384127162,2023-08-24 13:31:24.469860,2023-08-24 13:31:25.281439,0 days 00:00:00.811579,0.7000000000000001,2,0.9,4.1565032818265256e-05,0.23958596282134728,20,2,COMPLETE,0.0,,,,,,,,,,,,,,,,,,,,
140,140,0.7000640175750982,2023-08-24 13:31:24.524676,2023-08-24 13:31:25.664531,0 days 00:00:01.139855,0.7000000000000001,2,0.9,2.570396819989277e-08,0.09386766498583785,20,15,COMPLETE,0.0,,,,,,,,,,,,,,,,,,,,
141,141,0.7024425287356322,2023-08-24 13:31:24.638457,2023-08-24 13:31:25.783462,0 days 00:00:01.145005,0.7000000000000001,2,1.0,2.660288517785269e-08,0.09286249286969664,20,14,COMPLETE,0.0,,,,,,,,,,,,,,,,,,,,
142,142,0.6967444142258633,2023-08-24 13:31:24.717429,2023-08-24 13:31:26.042705,0 days 00:00:01.325276,0.7000000000000001,2,0.4,4.324964957281183e-05,0.5302433996539623,20,14,COMPLETE,0.0,,,,,,,,,,,,,,,,,,,,
143,143,0.704396231801313,2023-08-24 13:31:24.804115,2023-08-24 13:31:25.978971,0 days 00:00:01.174856,0.7000000000000001,2,1.0,4.233383591717425e-05,0.25008073619939947,20,15,COMPLETE,0.0,,,,,,,,,,,,,,,,,,,,
144,144,0.6972406475164847,2023-08-24 13:31:24.920322,2023-08-24 13:31:25.867854,0 days 00:00:00.947532,0.7000000000000001,2,0.4,0.0003415893344623365,0.09931041258203854,30,16,COMPLETE,0.0,,,,,,,,,,,,,,,,,,,,
145,145,0.7044657097288677,2023-08-24 13:31:25.229810,2023-08-24 13:31:26.211053,0 days 00:00:00.981243,0.7000000000000001,2,1.0,3.640310265870798e-08,0.04147848997800139,30,14,COMPLETE,0.0,,,,,,,,,,,,,,,,,,,,
146,146,0.703513184818759,2023-08-24 13:31:25.322646,2023-08-24 13:31:26.323768,0 days 00:00:01.001122,0.7000000000000001,2,1.0,2.7675441128569744e-08,0.05373930365626607,30,15,COMPLETE,0.0,,,,,,,,,,,,,,,,,,,,
147,147,0.7064104501136896,2023-08-24 13:31:25.708387,2023-08-24 13:31:26.570751,0 days 00:00:00.862364,0.7000000000000001,2,1.0,3.595579939976991e-08,0.046979720219010764,30,14,COMPLETE,0.0,,,,,,,,,,,,,,,,,,,,
148,148,0.7044475162857335,2023-08-24 13:31:25.827313,2023-08-24 13:31:26.901481,0 days 00:00:01.074168,0.7000000000000001,2,0.9,1.5090601236477972e-07,0.9957574074240342,30,10,COMPLETE,0.0,,,,,,,,,,,,,,,,,,,,
149,149,0.7034943804504966,2023-08-24 13:31:25.912086,2023-08-24 13:31:26.853939,0 days 00:00:00.941853,0.8,2,0.9,1.53921394070453e-08,0.45364948118908605,40,9,COMPLETE,0.0,,,,,,,,,,,,,,,,,,,,
150,150,0.709262161279791,2023-08-24 13:31:26.021031,2023-08-24 13:31:27.193443,0 days 00:00:01.172412,1.0,2,0.9,1.7387183447420093e-07,0.055813935683417026,40,9,COMPLETE,0.0,,,,,,,,,,,,,,,,,,,,
151,151,0.7126723826965232,2023-08-24 13:31:26.091055,2023-08-24 13:31:27.055652,0 days 00:00:00.964597,0.8,2,0.9,1.8639656151136376e-08,0.05291104676838469,40,7,COMPLETE,0.0,,,,,,,,,,,,,,,,,,,,
152,152,0.7078008319463285,2023-08-24 13:31:26.195334,2023-08-24 13:31:27.150900,0 days 00:00:00.955566,1.0,2,1.0,3.7342355490439597e-07,0.9445472403101152,30,9,COMPLETE,0.0,,,,,,,,,,,,,,,,,,,,
153,153,0.7155581309396253,2023-08-24 13:31:26.261480,2023-08-24 13:31:27.299266,0 days 00:00:01.037786,0.4,2,0.9,1.492004768196568e-08,0.9257020896015926,30,9,COMPLETE,0.0,,,,,,,,,,,,,,,,,,,,
154,154,0.7141284923912599,2023-08-24 13:31:26.369473,2023-08-24 13:31:27.346922,0 days 00:00:00.977449,0.4,2,0.9,7.094929361963338e-05,0.46017520841459975,40,8,COMPLETE,0.0,,,,,,,,,,,,,,,,,,,,
155,155,0.6861401309764292,2023-08-24 13:31:26.617405,2023-08-24 13:31:28.508430,0 days 00:00:01.891025,0.5,2,0.9,1.5890073754501949e-07,0.9186740963015495,40,253,COMPLETE,0.0,,,,,,,,,,,,,,,,,,,,
156,156,0.7102696874848443,2023-08-24 13:31:26.897695,2023-08-24 13:31:27.769988,0 days 00:00:00.872293,1.0,2,0.9,3.6124003268753154e-07,0.8228336302747551,10,7,COMPLETE,0.0,,,,,,,,,,,,,,,,,,,,
157,157,0.6919155036243643,2023-08-24 13:31:26.950685,2023-08-24 13:31:32.378436,0 days 00:00:05.427751,1.0,2,0.9,2.607373960160881e-06,0.005263401605768593,20,246,COMPLETE,0.0,,,,,,,,,,,,,,,,,,,,
158,158,0.7068873818575658,2023-08-24 13:31:27.100318,2023-08-24 13:31:28.079868,0 days 00:00:00.979550,0.8,2,0.9,7.321244867147538e-08,0.1465501205176775,50,6,COMPLETE,0.0,,,,,,,,,,,,,,,,,,,,
159,159,0.7078485243955244,2023-08-24 13:31:27.235258,2023-08-24 13:31:28.203664,0 days 00:00:00.968406,0.8,2,0.9,7.703433149507696e-05,0.032451981111954666,50,6,COMPLETE,0.0,,,,,,,,,,,,,,,,,,,,
160,160,0.7078703214730953,2023-08-24 13:31:27.238076,2023-08-24 13:31:28.128744,0 days 00:00:00.890668,0.8,2,0.9,6.901511585209773e-05,0.023957308842335018,40,6,COMPLETE,0.0,,,,,,,,,,,,,,,,,,,,
161,161,0.7184932188740736,2023-08-24 13:31:27.344645,2023-08-24 13:31:28.004582,0 days 00:00:00.659937,0.4,2,0.9,7.14809545978272e-08,0.02217458765510416,50,5,COMPLETE,1.0,0.7184934814099468,0.7185713832676695,0.7185628211944002,0.7184932188740736,0.7255859375,0.7110047846889952,0.7182213629772837,0.711556829035339,0.7261208576998051,0.7187650747708634,0.6949152542372882,0.6937778620143042,0.6937778620143042,0.6937778620143042,0.6751152073732719,0.6751152073732719,0.6751152073732719,0.7124405166553365,0.7124405166553365,0.7124405166553365
162,162,0.7136624928159327,2023-08-24 13:31:27.400417,2023-08-24 13:31:28.315593,0 days 00:00:00.915176,0.4,2,0.9,2.057593586175815e-08,0.005534813563411669,40,6,COMPLETE,0.0,,,,,,,,,,,,,,,,,,,,
163,163,0.6957990599294945,2023-08-24 13:31:27.811730,2023-08-24 13:31:28.791212,0 days 00:00:00.979482,0.4,2,0.9,1.8037805498746886e-08,0.3753951667598646,50,27,COMPLETE,0.0,,,,,,,,,,,,,,,,,,,,
164,164,0.6986759784664629,2023-08-24 13:31:28.049748,2023-08-24 13:31:29.343475,0 days 00:00:01.293727,0.4,2,0.9,1.4028383008542532e-08,0.027989810457166836,50,20,COMPLETE,0.0,,,,,,,,,,,,,,,,,,,,
165,165,0.6914488000285384,2023-08-24 13:31:28.173676,2023-08-24 13:31:29.280994,0 days 00:00:01.107318,0.4,2,0.9,1.9596926949523437e-08,0.38534264503005483,50,21,COMPLETE,0.0,,,,,,,,,,,,,,,,,,,,
166,166,0.6938419280524544,2023-08-24 13:31:28.177616,2023-08-24 13:31:29.703742,0 days 00:00:01.526126,0.4,2,0.9,1.5352938045075453e-08,0.006295485813580726,50,27,COMPLETE,0.0,,,,,,,,,,,,,,,,,,,,
167,167,0.6991611843447504,2023-08-24 13:31:28.263504,2023-08-24 13:31:29.645970,0 days 00:00:01.382466,0.4,2,0.9,1.7056271400097704e-08,0.37447697824452,40,27,COMPLETE,0.0,,,,,,,,,,,,,,,,,,,,
168,168,0.6957616068230659,2023-08-24 13:31:28.363046,2023-08-24 13:31:29.480153,0 days 00:00:01.117107,0.4,2,0.9,1.6567383664125574e-08,0.0063441003789199485,40,21,COMPLETE,0.0,,,,,,,,,,,,,,,,,,,,
169,169,0.6933822646511254,2023-08-24 13:31:28.555066,2023-08-24 13:31:29.916826,0 days 00:00:01.361760,0.4,2,0.9,1.560906610401581e-08,0.0042163398420127,40,26,COMPLETE,0.0,,,,,,,,,,,,,,,,,,,,
170,170,0.6957616068230659,2023-08-24 13:31:28.833278,2023-08-24 13:31:29.834286,0 days 00:00:01.001008,0.4,2,0.9,1.5403573466108718e-08,0.00585416432475951,40,21,COMPLETE,0.0,,,,,,,,,,,,,,,,,,,,
171,171,0.6979765390625565,2023-08-24 13:31:29.332313,2023-08-24 13:31:30.041477,0 days 00:00:00.709164,0.4,2,0.9,1.4248328527747215e-08,0.0052879498572770325,40,2,COMPLETE,0.0,,,,,,,,,,,,,,,,,,,,
172,172,0.7136552824653986,2023-08-24 13:31:29.394214,2023-08-24 13:31:30.155927,0 days 00:00:00.761713,0.4,2,0.7000000000000001,6.103678430627563e-08,0.010751256885734693,40,3,COMPLETE,0.0,,,,,,,,,,,,,,,,,,,,
173,173,0.7111681098256082,2023-08-24 13:31:29.523744,2023-08-24 13:31:30.309177,0 days 00:00:00.785433,0.4,2,0.9,1.0654094087953053e-08,0.007559689283111652,40,3,COMPLETE,0.0,,,,,,,,,,,,,,,,,,,,
174,174,0.7136552824653986,2023-08-24 13:31:29.693409,2023-08-24 13:31:30.498004,0 days 00:00:00.804595,0.4,2,0.7000000000000001,3.7117402926905146e-08,0.010178103812807713,40,3,COMPLETE,0.0,,,,,,,,,,,,,,,,,,,,
175,175,0.6994012115781318,2023-08-24 13:31:29.753781,2023-08-24 13:31:30.591428,0 days 00:00:00.837647,0.4,2,0.7000000000000001,1.0038593328771753e-08,0.2664254836462115,40,2,COMPLETE,0.0,,,,,,,,,,,,,,,,,,,,
176,176,0.6798621125412538,2023-08-24 13:31:29.874978,2023-08-24 13:31:31.965361,0 days 00:00:02.090383,0.4,2,0.7000000000000001,4.38218326140575e-08,0.2663358385256334,40,95,COMPLETE,0.0,,,,,,,,,,,,,,,,,,,,
177,177,0.6970100639875567,2023-08-24 13:31:29.964593,2023-08-24 13:31:30.745921,0 days 00:00:00.781328,0.4,2,0.7000000000000001,1.0091349008820815e-08,0.0006968457176995794,40,2,COMPLETE,0.0,,,,,,,,,,,,,,,,,,,,
178,178,0.7117310425145226,2023-08-24 13:31:30.086676,2023-08-24 13:31:31.093884,0 days 00:00:01.007208,0.4,2,0.7000000000000001,6.671376405983883e-08,0.5380264121958137,60,6,COMPLETE,0.0,,,,,,,,,,,,,,,,,,,,
179,179,0.7126948920453526,2023-08-24 13:31:30.203132,2023-08-24 13:31:31.035239,0 days 00:00:00.832107,0.4,2,0.7000000000000001,6.995573787418408e-08,0.017813805745955074,40,5,COMPLETE,0.0,,,,,,,,,,,,,,,,,,,,
180,180,0.6970100639875567,2023-08-24 13:31:30.353097,2023-08-24 13:31:30.937543,0 days 00:00:00.584446,0.4,2,0.7000000000000001,6.667904988293011e-08,0.010239315903263414,40,2,COMPLETE,0.0,,,,,,,,,,,,,,,,,,,,
181,181,0.7136552824653986,2023-08-24 13:31:30.542657,2023-08-24 13:31:31.285070,0 days 00:00:00.742413,0.4,2,0.7000000000000001,9.454145613555321e-08,0.01927510968210518,40,3,COMPLETE,0.0,,,,,,,,,,,,,,,,,,,,
182,182,0.7126924804980996,2023-08-24 13:31:30.638126,2023-08-24 13:31:31.418760,0 days 00:00:00.780634,0.4,2,0.6000000000000001,4.9985160883649406e-08,0.009038208205050201,40,6,COMPLETE,0.0,,,,,,,,,,,,,,,,,,,,
183,183,0.700140383126326,2023-08-24 13:31:30.802689,2023-08-24 13:31:31.594689,0 days 00:00:00.792000,0.4,2,0.7000000000000001,7.313979242072838e-08,0.010376226963105622,40,11,COMPLETE,0.0,,,,,,,,,,,,,,,,,,,,
184,184,0.706418664338847,2023-08-24 13:31:30.982072,2023-08-24 13:31:31.879745,0 days 00:00:00.897673,0.4,2,0.7000000000000001,3.268259192828097e-08,0.019950077692366022,40,11,COMPLETE,0.0,,,,,,,,,,,,,,,,,,,,
185,185,0.6784071514507148,2023-08-24 13:31:31.079367,2023-08-24 13:31:32.954742,0 days 00:00:01.875375,0.4,2,0.7000000000000001,9.922890194921906e-08,0.017969069783608467,40,94,COMPLETE,0.0,,,,,,,,,,,,,,,,,,,,
186,186,0.706418664338847,2023-08-24 13:31:31.141713,2023-08-24 13:31:32.101309,0 days 00:00:00.959596,0.4,2,0.7000000000000001,9.015898955402676e-08,0.021142769502914705,40,11,COMPLETE,0.0,,,,,,,,,,,,,,,,,,,,
187,187,0.69241797378192,2023-08-24 13:31:31.331581,2023-08-24 13:31:32.203896,0 days 00:00:00.872315,0.4,2,0.7000000000000001,1.0634715230671203e-07,0.020895800135453082,60,12,COMPLETE,0.0,,,,,,,,,,,,,,,,,,,,
188,188,0.688532724355559,2023-08-24 13:31:31.465099,2023-08-24 13:31:32.255060,0 days 00:00:00.789961,0.4,2,0.7000000000000001,7.919746147280203e-08,0.010765250554155724,60,11,COMPLETE,0.0,,,,,,,,,,,,,,,,,,,,
189,189,0.6841839447102604,2023-08-24 13:31:31.638904,2023-08-24 13:31:32.866310,0 days 00:00:01.227406,0.4,2,0.7000000000000001,1.1229665846470422e-07,0.01484690480041785,60,92,COMPLETE,0.0,,,,,,,,,,,,,,,,,,,,
190,190,0.6970100639875567,2023-08-24 13:31:31.927055,2023-08-24 13:31:32.528303,0 days 00:00:00.601248,0.4,2,0.7000000000000001,1.0356275062642237e-07,0.014485773498702819,60,2,COMPLETE,0.0,,,,,,,,,,,,,,,,,,,,
191,191,0.6970100639875567,2023-08-24 13:31:32.011421,2023-08-24 13:31:32.747880,0 days 00:00:00.736459,0.4,2,0.7000000000000001,9.546584576131476e-08,0.016309103397058933,60,2,COMPLETE,0.0,,,,,,,,,,,,,,,,,,,,
192,192,0.6904865324869871,2023-08-24 13:31:32.146859,2023-08-24 13:31:33.591860,0 days 00:00:01.445001,0.4,2,0.7000000000000001,5.359302094723134e-08,0.01065762764496494,60,17,COMPLETE,0.0,,,,,,,,,,,,,,,,,,,,
193,193,0.6817202450456703,2023-08-24 13:31:32.296747,2023-08-24 13:31:34.249088,0 days 00:00:01.952341,0.4,2,0.6000000000000001,4.5855951080117086e-08,0.011599613166850419,40,68,COMPLETE,0.0,,,,,,,,,,,,,,,,,,,,
194,194,0.6909647093934194,2023-08-24 13:31:32.319560,2023-08-24 13:31:33.526667,0 days 00:00:01.207107,0.4,2,0.7000000000000001,4.6653830427265184e-08,0.01366206248051176,40,18,COMPLETE,0.0,,,,,,,,,,,,,,,,,,,,
195,195,0.6889601376134806,2023-08-24 13:31:32.421675,2023-08-24 13:31:33.707711,0 days 00:00:01.286036,0.4,2,0.6000000000000001,5.856487039642527e-08,0.011967186147238948,40,18,COMPLETE,0.0,,,,,,,,,,,,,,,,,,,,
196,196,0.6890390390390391,2023-08-24 13:31:32.569342,2023-08-24 13:31:34.338806,0 days 00:00:01.769464,0.4,2,0.7000000000000001,5.432784269805321e-08,0.013469551787558598,40,63,COMPLETE,0.0,,,,,,,,,,,,,,,,,,,,
197,197,0.6962817061265734,2023-08-24 13:31:32.801556,2023-08-24 13:31:33.824018,0 days 00:00:01.022462,0.4,2,0.6000000000000001,5.0179933409323456e-08,0.008111337756615565,40,19,COMPLETE,0.0,,,,,,,,,,,,,,,,,,,,
198,198,0.678407151450715,2023-08-24 13:31:32.916518,2023-08-24 13:31:34.941141,0 days 00:00:02.024623,0.4,2,0.6000000000000001,5.1566379474337635e-08,0.007992423334688074,40,64,COMPLETE,0.0,,,,,,,,,,,,,,,,,,,,
199,199,0.7049599600824931,2023-08-24 13:31:32.998156,2023-08-24 13:31:33.419590,0 days 00:00:00.421434,0.4,2,0.6000000000000001,5.5532273693071e-08,0.009099600842476392,40,7,COMPLETE,0.0,,,,,,,,,,,,,,,,,,,,
200,200,0.699650164425518,2023-08-24 13:31:33.463918,2023-08-24 13:31:34.769255,0 days 00:00:01.305337,0.4,2,0.6000000000000001,2.7955592056876867e-08,0.003509551250442231,40,17,COMPLETE,0.0,,,,,,,,,,,,,,,,,,,,
201,201,0.7107407684625502,2023-08-24 13:31:33.581737,2023-08-24 13:31:34.460097,0 days 00:00:00.878360,0.4,2,0.6000000000000001,2.5905389516329604e-08,0.03744555126417334,40,6,COMPLETE,0.0,,,,,,,,,,,,,,,,,,,,
202,202,0.7107407684625502,2023-08-24 13:31:33.641321,2023-08-24 13:31:34.627739,0 days 00:00:00.986418,0.4,2,0.6000000000000001,2.6566716502962183e-08,0.03236798845900474,40,6,COMPLETE,0.0,,,,,,,,,,,,,,,,,,,,
203,203,0.7131707358018613,2023-08-24 13:31:33.751309,2023-08-24 13:31:34.696392,0 days 00:00:00.945083,0.5,2,0.7000000000000001,3.2066351866441165e-08,0.004145522801167656,40,5,COMPLETE,0.0,,,,,,,,,,,,,,,,,,,,
204,204,0.7112451503394763,2023-08-24 13:31:33.865829,2023-08-24 13:31:34.511328,0 days 00:00:00.645499,0.5,2,0.7000000000000001,2.6052980460377887e-08,0.029744890655575798,40,5,COMPLETE,0.0,,,,,,,,,,,,,,,,,,,,
205,205,0.7117331932552692,2023-08-24 13:31:34.290551,2023-08-24 13:31:35.115788,0 days 00:00:00.825237,0.5,2,0.7000000000000001,2.812970941487123e-08,0.003838924560146668,40,6,COMPLETE,0.0,,,,,,,,,,,,,,,,,,,,
