,number,value,datetime_start,datetime_complete,duration,params_bagging_fraction,params_bagging_freq,params_feature_fraction,params_lambda_l1,params_lambda_l2,params_min_child_samples,params_num_leaves,state,best_trial,dev_acc,dev_recall_macro,dev_precision_macro,dev_f1_macro,dev_recall_0,dev_precision_0,dev_f1_0,dev_recall_1,dev_precision_1,dev_f1_1,test_acc,test_recall_macro,test_precision_macro,test_f1_macro,test_recall_0,test_precision_0,test_f1_0,test_recall_1,test_precision_1,test_f1_1
104,104,0.6368318840760129,2023-08-23 22:34:50.934678,2023-08-23 22:34:52.021402,0 days 00:00:01.086724,1.0,3,0.7000000000000001,1.2416170011285644e-05,0.006086389610606105,20,20,COMPLETE,0.0,,,,,,,,,,,,,,,,,,,,
105,105,0.6315482005307015,2023-08-23 22:34:51.285222,2023-08-23 22:34:52.454139,0 days 00:00:01.168917,1.0,3,0.7000000000000001,0.00016330028171989658,0.045245635490027844,20,20,COMPLETE,0.0,,,,,,,,,,,,,,,,,,,,
106,106,0.6348729522549517,2023-08-23 22:34:51.343420,2023-08-23 22:34:52.388447,0 days 00:00:01.045027,1.0,3,0.7000000000000001,0.00016350059960105638,0.04688031949593416,20,21,COMPLETE,0.0,,,,,,,,,,,,,,,,,,,,
107,107,0.6420355578779735,2023-08-23 22:34:51.436895,2023-08-23 22:34:52.824962,0 days 00:00:01.388067,0.8,3,1.0,1.524253686996937e-06,0.0058371623792349125,50,20,COMPLETE,0.0,,,,,,,,,,,,,,,,,,,,
108,108,0.6447857935782452,2023-08-23 22:34:51.771961,2023-08-23 22:34:53.069932,0 days 00:00:01.297971,0.8,3,0.5,0.00015790862464251437,0.04321772398422827,50,20,COMPLETE,0.0,,,,,,,,,,,,,,,,,,,,
109,109,0.6300333687674715,2023-08-23 22:34:52.065273,2023-08-23 22:34:54.498961,0 days 00:00:02.433688,0.8,3,0.5,0.00016320419978822895,0.04164036328418076,50,60,COMPLETE,0.0,,,,,,,,,,,,,,,,,,,,
110,110,0.6301231416659959,2023-08-23 22:34:52.437971,2023-08-23 22:34:55.076653,0 days 00:00:02.638682,0.8,3,0.5,0.00016980823338585686,0.02627839647925145,50,55,COMPLETE,0.0,,,,,,,,,,,,,,,,,,,,
111,111,0.6281362428917793,2023-08-23 22:34:52.503151,2023-08-23 22:34:54.420174,0 days 00:00:01.917023,0.8,3,0.5,2.551872320660865e-06,0.025081754401255086,50,45,COMPLETE,0.0,,,,,,,,,,,,,,,,,,,,
112,112,0.642300381559959,2023-08-23 22:34:52.869132,2023-08-23 22:34:53.470787,0 days 00:00:00.601655,0.8,3,1.0,9.192878701007425e-07,0.025702908514885502,50,4,COMPLETE,0.0,,,,,,,,,,,,,,,,,,,,
113,113,0.6336982454462756,2023-08-23 22:34:53.125350,2023-08-23 22:34:54.574480,0 days 00:00:01.449130,0.8,3,1.0,9.25441904152825e-07,0.027636639820650184,50,25,COMPLETE,0.0,,,,,,,,,,,,,,,,,,,,
114,114,0.6285974106895933,2023-08-23 22:34:53.391092,2023-08-23 22:34:54.855259,0 days 00:00:01.464167,0.8,3,1.0,7.122716059470282e-07,0.022833206504106942,50,26,COMPLETE,0.0,,,,,,,,,,,,,,,,,,,,
115,115,0.6107805461792611,2023-08-23 22:34:53.520730,2023-08-23 22:34:54.029190,0 days 00:00:00.508460,0.8,3,1.0,8.179530237846065e-07,0.02543483845348977,50,2,COMPLETE,0.0,,,,,,,,,,,,,,,,,,,,
116,116,0.642300381559959,2023-08-23 22:34:53.947905,2023-08-23 22:34:54.715076,0 days 00:00:00.767171,0.8,3,1.0,3.7205790335214293e-06,0.029985512359190336,50,4,COMPLETE,0.0,,,,,,,,,,,,,,,,,,,,
117,117,0.642748084481815,2023-08-23 22:34:54.072285,2023-08-23 22:34:55.481571,0 days 00:00:01.409286,0.8,3,1.0,3.177394843160809e-07,0.03952743385342195,50,27,COMPLETE,0.0,,,,,,,,,,,,,,,,,,,,
118,118,0.6439950370665206,2023-08-23 22:34:54.313629,2023-08-23 22:34:55.677661,0 days 00:00:01.364032,0.8,3,1.0,3.1214260711048217e-06,0.007494382992407782,50,26,COMPLETE,0.0,,,,,,,,,,,,,,,,,,,,
119,119,0.636791706070793,2023-08-23 22:34:54.464581,2023-08-23 22:34:55.923398,0 days 00:00:01.458817,0.8,3,1.0,8.614457237357373e-05,0.03842647906629364,50,17,COMPLETE,0.0,,,,,,,,,,,,,,,,,,,,
120,120,0.6334128967335473,2023-08-23 22:34:54.547238,2023-08-23 22:34:56.154710,0 days 00:00:01.607472,0.8,3,1.0,3.532698704339387e-07,0.07320678466800609,50,27,COMPLETE,0.0,,,,,,,,,,,,,,,,,,,,
121,121,0.6324375446973525,2023-08-23 22:34:54.619191,2023-08-23 22:34:56.298842,0 days 00:00:01.679651,0.8,3,1.0,4.822750200187668e-07,0.007618739189606968,50,17,COMPLETE,0.0,,,,,,,,,,,,,,,,,,,,
122,122,0.6372141334742119,2023-08-23 22:34:54.759420,2023-08-23 22:34:56.004701,0 days 00:00:01.245281,0.8,3,1.0,1.2806085549934398e-06,0.0612721564612661,50,7,COMPLETE,0.0,,,,,,,,,,,,,,,,,,,,
123,123,0.6338343888009981,2023-08-23 22:34:54.917389,2023-08-23 22:34:55.583913,0 days 00:00:00.666524,0.8,3,1.0,6.086511683000444e-06,0.058390331293567015,50,6,COMPLETE,0.0,,,,,,,,,,,,,,,,,,,,
124,124,0.6369198816864926,2023-08-23 22:34:55.117858,2023-08-23 22:34:55.785080,0 days 00:00:00.667222,0.8,3,1.0,7.267482815756909e-06,0.07190035688164724,40,5,COMPLETE,0.0,,,,,,,,,,,,,,,,,,,,
125,125,0.6419741708537634,2023-08-23 22:34:55.527191,2023-08-23 22:34:56.455887,0 days 00:00:00.928696,0.8,3,1.0,6.107207171605011e-06,0.06508754608472646,40,6,COMPLETE,0.0,,,,,,,,,,,,,,,,,,,,
126,126,0.6362139916095936,2023-08-23 22:34:55.633592,2023-08-23 22:34:56.880362,0 days 00:00:01.246770,0.8,3,1.0,1.4390747709270963e-06,0.00808905365827981,40,16,COMPLETE,0.0,,,,,,,,,,,,,,,,,,,,
127,127,0.630531666902354,2023-08-23 22:34:55.731313,2023-08-23 22:34:57.092910,0 days 00:00:01.361597,0.8,3,1.0,1.3980654063740064e-06,0.008608283190966697,40,17,COMPLETE,0.0,,,,,,,,,,,,,,,,,,,,
128,128,0.6336281783805245,2023-08-23 22:34:55.832310,2023-08-23 22:34:57.183003,0 days 00:00:01.350693,0.8,3,1.0,2.2156585939441515e-06,0.0070420281519771154,50,16,COMPLETE,0.0,,,,,,,,,,,,,,,,,,,,
129,129,0.6336281783805245,2023-08-23 22:34:55.972453,2023-08-23 22:34:57.409044,0 days 00:00:01.436591,0.8,3,1.0,1.4723811883865683e-06,0.015293309766483932,50,16,COMPLETE,0.0,,,,,,,,,,,,,,,,,,,,
130,130,0.6248553191096395,2023-08-23 22:34:56.051362,2023-08-23 22:34:57.285742,0 days 00:00:01.234380,0.8,3,1.0,3.9280937001749025e-07,0.009004075773916634,40,15,COMPLETE,0.0,,,,,,,,,,,,,,,,,,,,
131,131,0.6371895793031508,2023-08-23 22:34:56.203648,2023-08-23 22:34:57.947074,0 days 00:00:01.743426,0.8,3,1.0,2.4012305161229305e-06,0.0067753279572087865,40,35,COMPLETE,0.0,,,,,,,,,,,,,,,,,,,,
132,132,0.6307567874446856,2023-08-23 22:34:56.346039,2023-08-23 22:34:57.467832,0 days 00:00:01.121793,0.7000000000000001,3,1.0,1.34764214054044e-06,0.008495688153424127,40,14,COMPLETE,0.0,,,,,,,,,,,,,,,,,,,,
133,133,0.6273590302368603,2023-08-23 22:34:56.500989,2023-08-23 22:34:58.174828,0 days 00:00:01.673839,0.8,3,1.0,2.5833035265800386e-06,0.016241585368117345,40,34,COMPLETE,0.0,,,,,,,,,,,,,,,,,,,,
134,134,0.6375979965156793,2023-08-23 22:34:56.930120,2023-08-23 22:34:58.575808,0 days 00:00:01.645688,0.7000000000000001,3,1.0,2.9974984812902896e-06,0.015586826324531813,40,34,COMPLETE,0.0,,,,,,,,,,,,,,,,,,,,
135,135,0.6425880413140866,2023-08-23 22:34:57.138307,2023-08-23 22:34:58.495452,0 days 00:00:01.357145,0.7000000000000001,3,1.0,5.642655251868074e-06,0.016342669483746852,10,22,COMPLETE,0.0,,,,,,,,,,,,,,,,,,,,
136,136,0.64069831110862,2023-08-23 22:34:57.229418,2023-08-23 22:34:59.184675,0 days 00:00:01.955257,0.7000000000000001,3,1.0,3.7527478153261848e-06,0.017130498686916865,40,34,COMPLETE,0.0,,,,,,,,,,,,,,,,,,,,
137,137,0.6317973399112525,2023-08-23 22:34:57.329305,2023-08-23 22:34:59.246875,0 days 00:00:01.917570,0.7000000000000001,3,1.0,4.0923969004373055e-06,0.03382973940031536,40,35,COMPLETE,0.0,,,,,,,,,,,,,,,,,,,,
138,138,0.626251215622204,2023-08-23 22:34:57.452646,2023-08-23 22:34:59.632728,0 days 00:00:02.180082,0.7000000000000001,3,1.0,2.7732698592420988e-06,0.03680423397035168,10,35,COMPLETE,0.0,,,,,,,,,,,,,,,,,,,,
139,139,0.6288204350249933,2023-08-23 22:34:57.518998,2023-08-23 22:34:59.469642,0 days 00:00:01.950644,0.7000000000000001,3,1.0,3.3620462082431206e-06,0.01699085695108674,10,36,COMPLETE,0.0,,,,,,,,,,,,,,,,,,,,
140,140,0.639819471529639,2023-08-23 22:34:57.991254,2023-08-23 22:34:59.104134,0 days 00:00:01.112880,0.7000000000000001,3,0.5,3.4273020747632134e-06,0.016570047866879933,10,23,COMPLETE,0.0,,,,,,,,,,,,,,,,,,,,
141,141,0.6387038846735591,2023-08-23 22:34:58.219745,2023-08-23 22:34:59.406916,0 days 00:00:01.187171,0.7000000000000001,3,0.5,3.5227869410628777e-06,0.041853360866648676,10,22,COMPLETE,0.0,,,,,,,,,,,,,,,,,,,,
142,142,0.6330740366827925,2023-08-23 22:34:58.537169,2023-08-23 22:34:59.876227,0 days 00:00:01.339058,0.7000000000000001,3,1.0,4.121287858828145e-06,0.038462003406517224,10,23,COMPLETE,0.0,,,,,,,,,,,,,,,,,,,,
143,143,0.6426672690374511,2023-08-23 22:34:58.626280,2023-08-23 22:34:59.778264,0 days 00:00:01.151984,0.7000000000000001,3,0.5,4.199743076805881e-06,0.0372990958209443,10,22,COMPLETE,0.0,,,,,,,,,,,,,,,,,,,,
144,144,0.6401566889258254,2023-08-23 22:34:59.147379,2023-08-23 22:35:00.777943,0 days 00:00:01.630564,0.7000000000000001,3,1.0,4.725503307936792e-06,0.03752776193825481,10,22,COMPLETE,0.0,,,,,,,,,,,,,,,,,,,,
145,145,0.607046497490102,2023-08-23 22:34:59.234547,2023-08-23 22:35:00.056598,0 days 00:00:00.822051,0.7000000000000001,3,0.5,4.7461063229335786e-06,0.039107687051430355,10,2,COMPLETE,0.0,,,,,,,,,,,,,,,,,,,,
146,146,0.6289666028192535,2023-08-23 22:34:59.295985,2023-08-23 22:35:00.887153,0 days 00:00:01.591168,0.8,3,0.5,5.231188679290125e-06,0.04082853222004806,10,22,COMPLETE,0.0,,,,,,,,,,,,,,,,,,,,
147,147,0.6251878081861509,2023-08-23 22:34:59.452564,2023-08-23 22:35:00.298351,0 days 00:00:00.845787,0.8,3,0.5,6.570549045188216e-06,0.0036125184441857874,10,3,COMPLETE,0.0,,,,,,,,,,,,,,,,,,,,
148,148,0.6085486396247415,2023-08-23 22:34:59.513331,2023-08-23 22:35:00.229075,0 days 00:00:00.715744,0.7000000000000001,3,1.0,5.687457398371161e-06,0.0038395661109214534,10,2,COMPLETE,0.0,,,,,,,,,,,,,,,,,,,,
149,149,0.6107805461792611,2023-08-23 22:34:59.682977,2023-08-23 22:35:00.448469,0 days 00:00:00.765492,0.8,3,1.0,5.728072021159182e-06,0.10029820018844236,50,2,COMPLETE,0.0,,,,,,,,,,,,,,,,,,,,
150,150,0.6351545304805828,2023-08-23 22:34:59.830238,2023-08-23 22:35:00.664697,0 days 00:00:00.834459,0.8,3,0.5,1.398452249447323e-07,0.1081960889760842,10,4,COMPLETE,0.0,,,,,,,,,,,,,,,,,,,,
151,151,0.6115828218539885,2023-08-23 22:34:59.923608,2023-08-23 22:35:00.557987,0 days 00:00:00.634379,0.8,3,0.5,6.417611747025634e-06,0.10460232941683724,10,2,COMPLETE,0.0,,,,,,,,,,,,,,,,,,,,
152,152,0.6359026472736142,2023-08-23 22:35:00.107218,2023-08-23 22:35:01.023560,0 days 00:00:00.916342,0.8,3,0.5,8.96582806025071e-06,0.09146665423412981,10,9,COMPLETE,0.0,,,,,,,,,,,,,,,,,,,,
153,153,0.6361070624411026,2023-08-23 22:35:00.272984,2023-08-23 22:35:01.254435,0 days 00:00:00.981451,0.8,2,0.5,1.7686642497148514e-07,0.08170437704189258,50,9,COMPLETE,0.0,,,,,,,,,,,,,,,,,,,,
154,154,0.6396826119845471,2023-08-23 22:35:00.345442,2023-08-23 22:35:01.361468,0 days 00:00:01.016026,0.8,3,0.5,2.104562832376535e-07,0.10177408870956281,50,11,COMPLETE,0.0,,,,,,,,,,,,,,,,,,,,
155,155,0.6353654302187801,2023-08-23 22:35:00.491869,2023-08-23 22:35:01.546021,0 days 00:00:01.054152,0.6000000000000001,3,0.5,3.357328418840352e-05,0.10498180698025672,50,10,COMPLETE,0.0,,,,,,,,,,,,,,,,,,,,
156,156,0.6344688418621889,2023-08-23 22:35:00.599753,2023-08-23 22:35:01.670736,0 days 00:00:01.070983,0.6000000000000001,2,0.5,1.0486165031237139e-05,0.057207068377852076,50,9,COMPLETE,0.0,,,,,,,,,,,,,,,,,,,,
157,157,0.6349461079242068,2023-08-23 22:35:00.715280,2023-08-23 22:35:01.877011,0 days 00:00:01.161731,0.6000000000000001,2,0.5,9.349859185647951e-06,0.062205942713715795,20,11,COMPLETE,0.0,,,,,,,,,,,,,,,,,,,,
158,158,0.6437345548510167,2023-08-23 22:35:00.828093,2023-08-23 22:35:01.961784,0 days 00:00:01.133691,0.6000000000000001,3,0.5,8.701010329161207e-06,0.023812868537900416,50,10,COMPLETE,0.0,,,,,,,,,,,,,,,,,,,,
159,159,0.6391459495815066,2023-08-23 22:35:00.930804,2023-08-23 22:35:02.096921,0 days 00:00:01.166117,0.7000000000000001,3,0.5,3.7392574003574846e-05,0.024763927760459006,50,10,COMPLETE,0.0,,,,,,,,,,,,,,,,,,,,
160,160,0.642674193473139,2023-08-23 22:35:01.068150,2023-08-23 22:35:02.620901,0 days 00:00:01.552751,0.7000000000000001,2,0.5,3.308249121315109e-05,0.021958783827563656,50,27,COMPLETE,0.0,,,,,,,,,,,,,,,,,,,,
161,161,0.6297742368138713,2023-08-23 22:35:01.299962,2023-08-23 22:35:03.211355,0 days 00:00:01.911393,0.6000000000000001,3,1.0,1.9733826796690412e-06,0.022544042666077308,30,28,COMPLETE,0.0,,,,,,,,,,,,,,,,,,,,
162,162,0.6336495431310261,2023-08-23 22:35:01.405540,2023-08-23 22:35:02.903864,0 days 00:00:01.498324,0.6000000000000001,3,1.0,3.0364433010254388e-05,0.05906492890245906,30,29,COMPLETE,0.0,,,,,,,,,,,,,,,,,,,,
163,163,0.6291158189000304,2023-08-23 22:35:01.589287,2023-08-23 22:35:03.976077,0 days 00:00:02.386790,0.7000000000000001,3,1.0,1.7824513346855917e-05,0.05708790684811992,30,45,COMPLETE,0.0,,,,,,,,,,,,,,,,,,,,
164,164,0.6381900948743726,2023-08-23 22:35:01.716613,2023-08-23 22:35:03.153757,0 days 00:00:01.437144,0.7000000000000001,3,1.0,1.9143375240896762e-05,0.02065750016670956,30,29,COMPLETE,0.0,,,,,,,,,,,,,,,,,,,,
165,165,0.6338753956588352,2023-08-23 22:35:01.920585,2023-08-23 22:35:03.764955,0 days 00:00:01.844370,0.7000000000000001,3,1.0,1.9391117758010016e-05,0.012304022256521384,30,28,COMPLETE,0.0,,,,,,,,,,,,,,,,,,,,
166,166,0.6381900948743726,2023-08-23 22:35:02.006023,2023-08-23 22:35:03.485067,0 days 00:00:01.479044,0.8,3,0.5,2.0788204019640058e-05,0.023779833953311142,30,28,COMPLETE,0.0,,,,,,,,,,,,,,,,,,,,
167,167,0.6346563835745718,2023-08-23 22:35:02.145604,2023-08-23 22:35:03.581743,0 days 00:00:01.436139,0.9,3,0.5,1.729496134906321e-05,0.011651172839604434,60,29,COMPLETE,0.0,,,,,,,,,,,,,,,,,,,,
168,168,0.6440884351261015,2023-08-23 22:35:02.677940,2023-08-23 22:35:03.859918,0 days 00:00:01.181978,0.6000000000000001,3,0.5,2.5615375171514428e-05,0.023329837500037143,50,20,COMPLETE,0.0,,,,,,,,,,,,,,,,,,,,
169,169,0.6339290013807248,2023-08-23 22:35:02.946736,2023-08-23 22:35:04.358054,0 days 00:00:01.411318,0.7000000000000001,3,0.5,1.3981818083492632e-05,0.011698349141056639,50,28,COMPLETE,0.0,,,,,,,,,,,,,,,,,,,,
170,170,0.6401126120871343,2023-08-23 22:35:03.201067,2023-08-23 22:35:04.732047,0 days 00:00:01.530980,0.9,1,0.5,1.6541875733969983e-05,0.010957095203387862,60,27,COMPLETE,0.0,,,,,,,,,,,,,,,,,,,,
171,171,0.6232186505243467,2023-08-23 22:35:03.262571,2023-08-23 22:35:10.876289,0 days 00:00:07.613718,0.9,3,0.5,1.6573219669717667e-05,0.012789008378753866,60,230,COMPLETE,0.0,,,,,,,,,,,,,,,,,,,,
172,172,0.6368181791656211,2023-08-23 22:35:03.533220,2023-08-23 22:35:04.810081,0 days 00:00:01.276861,0.9,3,0.5,1.4790926269865075e-05,0.012382282824914156,60,19,COMPLETE,0.0,,,,,,,,,,,,,,,,,,,,
173,173,0.6436059641607996,2023-08-23 22:35:03.646578,2023-08-23 22:35:04.936220,0 days 00:00:01.289642,0.8,1,0.5,7.373402205821e-08,0.01293061893099143,50,19,COMPLETE,0.0,,,,,,,,,,,,,,,,,,,,
174,174,0.6441806043507757,2023-08-23 22:35:03.819589,2023-08-23 22:35:05.330765,0 days 00:00:01.511176,0.8,3,0.5,5.44639148697339e-07,0.027055529366163657,50,20,COMPLETE,0.0,,,,,,,,,,,,,,,,,,,,
175,175,0.6353424952978106,2023-08-23 22:35:03.915244,2023-08-23 22:35:05.079695,0 days 00:00:01.164451,0.6000000000000001,3,0.4,1.8290333840152317e-06,0.028230099941302534,50,19,COMPLETE,0.0,,,,,,,,,,,,,,,,,,,,
176,176,0.6448603671827914,2023-08-23 22:35:04.023155,2023-08-23 22:35:05.201141,0 days 00:00:01.177986,0.6000000000000001,1,0.4,8.070720424240706e-05,0.028801247148202556,50,18,COMPLETE,0.0,,,,,,,,,,,,,,,,,,,,
177,177,0.642335379741194,2023-08-23 22:35:04.404252,2023-08-23 22:35:05.518594,0 days 00:00:01.114342,0.6000000000000001,1,0.4,5.72462754585421e-07,0.027397993694154642,50,19,COMPLETE,0.0,,,,,,,,,,,,,,,,,,,,
178,178,0.6416858145478015,2023-08-23 22:35:04.779160,2023-08-23 22:35:06.012978,0 days 00:00:01.233818,0.6000000000000001,3,0.5,9.798438668873618e-05,0.029647551855092904,50,19,COMPLETE,0.0,,,,,,,,,,,,,,,,,,,,
179,179,0.6120833322389096,2023-08-23 22:35:04.858053,2023-08-23 22:35:09.863713,0 days 00:00:05.005660,0.6000000000000001,3,0.5,8.540258339219754e-05,0.028668660265700318,50,232,COMPLETE,0.0,,,,,,,,,,,,,,,,,,,,
180,180,0.6061454024860388,2023-08-23 22:35:04.986654,2023-08-23 22:35:10.027078,0 days 00:00:05.040424,0.6000000000000001,1,0.4,5.033648973170049e-08,0.028611851186176727,50,217,COMPLETE,0.0,,,,,,,,,,,,,,,,,,,,
181,181,0.6416263314513477,2023-08-23 22:35:05.130643,2023-08-23 22:35:06.491448,0 days 00:00:01.360805,0.5,1,0.5,5.62459048539817e-08,0.005242089603450824,50,14,COMPLETE,0.0,,,,,,,,,,,,,,,,,,,,
182,182,0.636221909788915,2023-08-23 22:35:05.257640,2023-08-23 22:35:06.213508,0 days 00:00:00.955868,0.5,1,0.4,7.294859460648696e-08,0.0050067665496343295,50,14,COMPLETE,0.0,,,,,,,,,,,,,,,,,,,,
183,183,0.6061454024860388,2023-08-23 22:35:05.381462,2023-08-23 22:35:10.579894,0 days 00:00:05.198432,0.6000000000000001,1,0.4,9.788483708722077e-05,0.0288329775275331,50,255,COMPLETE,0.0,,,,,,,,,,,,,,,,,,,,
184,184,0.6402603318827262,2023-08-23 22:35:05.572342,2023-08-23 22:35:06.418528,0 days 00:00:00.846186,0.6000000000000001,1,0.4,8.438224766000575e-05,0.020397480971353653,50,15,COMPLETE,0.0,,,,,,,,,,,,,,,,,,,,
185,185,0.6461719434412302,2023-08-23 22:35:06.055919,2023-08-23 22:35:06.928939,0 days 00:00:00.873020,0.6000000000000001,1,0.4,7.115589495369473e-07,0.02003617595816452,50,14,COMPLETE,0.0,,,,,,,,,,,,,,,,,,,,
186,186,0.6461719434412302,2023-08-23 22:35:06.259373,2023-08-23 22:35:07.140755,0 days 00:00:00.881382,0.6000000000000001,1,0.4,4.7567565327293285e-07,0.01916843084044811,50,14,COMPLETE,0.0,,,,,,,,,,,,,,,,,,,,
187,187,0.5989137633402517,2023-08-23 22:35:06.470831,2023-08-23 22:35:12.962035,0 days 00:00:06.491204,0.6000000000000001,1,0.4,5.708092167294995e-07,0.018917040603080953,50,206,COMPLETE,0.0,,,,,,,,,,,,,,,,,,,,
188,188,0.6349409730695005,2023-08-23 22:35:06.540063,2023-08-23 22:35:07.515043,0 days 00:00:00.974980,0.6000000000000001,1,0.4,6.253691241944675e-07,0.03189901915130038,50,22,COMPLETE,0.0,,,,,,,,,,,,,,,,,,,,
189,189,0.6198365955854969,2023-08-23 22:35:06.980328,2023-08-23 22:35:07.896966,0 days 00:00:00.916638,0.6000000000000001,1,0.4,6.71908961716521e-07,0.018482321323643292,50,23,COMPLETE,0.0,,,,,,,,,,,,,,,,,,,,
190,190,0.6373289577094853,2023-08-23 22:35:07.189937,2023-08-23 22:35:08.252856,0 days 00:00:01.062919,0.6000000000000001,1,0.4,5.786439208912312e-07,0.01947021535148272,50,22,COMPLETE,0.0,,,,,,,,,,,,,,,,,,,,
191,191,0.6032445348815502,2023-08-23 22:35:07.560754,2023-08-23 22:35:12.168086,0 days 00:00:04.607332,0.6000000000000001,1,0.4,5.096241955917992e-07,0.01836532571150641,50,206,COMPLETE,0.0,,,,,,,,,,,,,,,,,,,,
192,192,0.642335379741194,2023-08-23 22:35:07.963322,2023-08-23 22:35:08.873344,0 days 00:00:00.910022,0.6000000000000001,1,0.4,5.056760985949539e-07,0.019087093911562596,50,19,COMPLETE,0.0,,,,,,,,,,,,,,,,,,,,
193,193,0.6319519930618618,2023-08-23 22:35:08.302508,2023-08-23 22:35:09.522361,0 days 00:00:01.219853,0.6000000000000001,1,0.4,4.368328575437868e-07,0.016504608072627724,50,41,COMPLETE,0.0,,,,,,,,,,,,,,,,,,,,
194,194,0.6388455077152813,2023-08-23 22:35:08.926114,2023-08-23 22:35:09.797900,0 days 00:00:00.871786,0.6000000000000001,1,0.4,3.103872829973883e-07,0.013765100734734803,50,17,COMPLETE,0.0,,,,,,,,,,,,,,,,,,,,
195,195,0.6343029739370518,2023-08-23 22:35:09.573684,2023-08-23 22:35:10.654966,0 days 00:00:01.081282,0.6000000000000001,1,0.4,2.6374640279546726e-07,0.04551027197729047,50,16,COMPLETE,0.0,,,,,,,,,,,,,,,,,,,,
196,196,0.6085409564087558,2023-08-23 22:35:09.852326,2023-08-23 22:35:15.043043,0 days 00:00:05.190717,0.6000000000000001,1,0.4,2.1416394282678967e-07,0.009593591590905226,50,226,COMPLETE,0.0,,,,,,,,,,,,,,,,,,,,
197,197,0.6436558390537512,2023-08-23 22:35:09.917183,2023-08-23 22:35:11.115205,0 days 00:00:01.198022,0.6000000000000001,1,0.4,1.0213853360892233e-06,0.047417719277996435,50,14,COMPLETE,0.0,,,,,,,,,,,,,,,,,,,,
198,198,0.6436558390537512,2023-08-23 22:35:10.084659,2023-08-23 22:35:10.956161,0 days 00:00:00.871502,0.6000000000000001,1,0.4,9.728326126353316e-07,0.04508037302999834,50,14,COMPLETE,0.0,,,,,,,,,,,,,,,,,,,,
199,199,0.6389767751039377,2023-08-23 22:35:10.622420,2023-08-23 22:35:11.675167,0 days 00:00:01.052747,0.6000000000000001,1,0.4,2.526884928520391e-07,0.04265988199006506,50,13,COMPLETE,0.0,,,,,,,,,,,,,,,,,,,,
200,200,0.6355202688682294,2023-08-23 22:35:10.707064,2023-08-23 22:35:11.997240,0 days 00:00:01.290176,0.6000000000000001,1,0.4,4.946506258952268e-07,0.009524777441334953,50,24,COMPLETE,0.0,,,,,,,,,,,,,,,,,,,,
201,201,0.6353050471832931,2023-08-23 22:35:10.925853,2023-08-23 22:35:12.307145,0 days 00:00:01.381292,0.6000000000000001,1,0.4,8.398945155823334e-07,0.008981873996785275,50,25,COMPLETE,0.0,,,,,,,,,,,,,,,,,,,,
202,202,0.6289392978003384,2023-08-23 22:35:11.015118,2023-08-23 22:35:12.426236,0 days 00:00:01.411118,0.6000000000000001,1,0.4,3.3476658503898223e-07,0.04601820194025473,50,25,COMPLETE,0.0,,,,,,,,,,,,,,,,,,,,
203,203,0.6289392978003384,2023-08-23 22:35:11.159428,2023-08-23 22:35:12.373884,0 days 00:00:01.214456,0.6000000000000001,1,0.4,9.332395787096626e-07,0.04593924437007728,50,25,COMPLETE,0.0,,,,,,,,,,,,,,,,,,,,
204,204,0.6405152995279826,2023-08-23 22:35:11.723912,2023-08-23 22:35:12.914965,0 days 00:00:01.191053,0.6000000000000001,1,0.4,9.86140988585621e-07,0.0011491716396752406,50,25,COMPLETE,0.0,,,,,,,,,,,,,,,,,,,,
205,205,0.6411840589434854,2023-08-23 22:35:12.042739,2023-08-23 22:35:13.411785,0 days 00:00:01.369046,0.6000000000000001,1,0.4,8.568544332031139e-07,0.04480353323816498,50,24,COMPLETE,0.0,,,,,,,,,,,,,,,,,,,,
206,206,0.6436558390537512,2023-08-23 22:35:12.212871,2023-08-23 22:35:13.257986,0 days 00:00:01.045115,0.6000000000000001,1,0.4,9.092548866623157e-07,0.054888680441797615,50,14,COMPLETE,0.0,,,,,,,,,,,,,,,,,,,,
207,207,0.6330388073568809,2023-08-23 22:35:12.360573,2023-08-23 22:35:13.499968,0 days 00:00:01.139395,0.6000000000000001,1,0.4,1.039290002726894e-06,0.05251481148578086,50,15,COMPLETE,0.0,,,,,,,,,,,,,,,,,,,,
208,208,0.6461639662116849,2023-08-23 22:35:12.422287,2023-08-23 22:35:13.684258,0 days 00:00:01.261971,0.6000000000000001,1,0.4,1.0362926733777095e-06,0.0007291043279083465,50,19,COMPLETE,0.0,,,,,,,,,,,,,,,,,,,,
