,number,value,datetime_start,datetime_complete,duration,params_bagging_fraction,params_bagging_freq,params_feature_fraction,params_lambda_l1,params_lambda_l2,params_min_child_samples,params_num_leaves,state,best_trial,dev_acc,dev_recall_macro,dev_precision_macro,dev_f1_macro,dev_recall_0,dev_precision_0,dev_f1_0,dev_recall_1,dev_precision_1,dev_f1_1,test_acc,test_recall_macro,test_precision_macro,test_f1_macro,test_recall_0,test_precision_0,test_f1_0,test_recall_1,test_precision_1,test_f1_1
209,209,0.577904322167943,2023-08-24 14:22:17.879480,2023-08-24 14:22:20.830359,0 days 00:00:02.950879,1.0,3,0.8,0.00011406154031330617,6.004535738193579e-08,50,255,COMPLETE,0.0,,,,,,,,,,,,,,,,,,,,
210,210,0.577904322167943,2023-08-24 14:22:17.990022,2023-08-24 14:22:20.617579,0 days 00:00:02.627557,1.0,3,0.8,0.00016915216082258935,5.407178028021712e-08,50,256,COMPLETE,0.0,,,,,,,,,,,,,,,,,,,,
211,211,0.577904322167943,2023-08-24 14:22:18.094644,2023-08-24 14:22:20.366222,0 days 00:00:02.271578,1.0,3,0.8,9.35876701096005e-05,5.774044230604389e-08,50,120,COMPLETE,0.0,,,,,,,,,,,,,,,,,,,,
212,212,0.577904322167943,2023-08-24 14:22:18.628606,2023-08-24 14:22:21.069913,0 days 00:00:02.441307,1.0,3,0.8,1.1159803450921673e-06,0.0025027207795106994,50,246,COMPLETE,0.0,,,,,,,,,,,,,,,,,,,,
213,213,0.577904322167943,2023-08-24 14:22:19.118437,2023-08-24 14:22:21.716964,0 days 00:00:02.598527,1.0,3,0.8,0.00013485334269353378,6.048618970256261e-08,50,121,COMPLETE,0.0,,,,,,,,,,,,,,,,,,,,
214,214,0.577904322167943,2023-08-24 14:22:19.545453,2023-08-24 14:22:22.164365,0 days 00:00:02.618912,1.0,3,1.0,0.00018070733124086764,5.925655044326586e-08,50,183,COMPLETE,0.0,,,,,,,,,,,,,,,,,,,,
215,215,0.577904322167943,2023-08-24 14:22:19.694733,2023-08-24 14:22:22.097934,0 days 00:00:02.403201,1.0,3,0.6000000000000001,0.00014431890706875203,6.497967784775317e-08,50,255,COMPLETE,0.0,,,,,,,,,,,,,,,,,,,,
216,216,0.577904322167943,2023-08-24 14:22:20.409065,2023-08-24 14:22:22.766444,0 days 00:00:02.357379,1.0,3,0.8,0.00010605697231977018,6.604148613226481e-08,50,246,COMPLETE,0.0,,,,,,,,,,,,,,,,,,,,
217,217,0.577904322167943,2023-08-24 14:22:20.664353,2023-08-24 14:22:23.166036,0 days 00:00:02.501683,1.0,3,1.0,1.4003493981606033e-05,0.003769028099023524,50,183,COMPLETE,0.0,,,,,,,,,,,,,,,,,,,,
218,218,0.577904322167943,2023-08-24 14:22:20.732693,2023-08-24 14:22:23.570443,0 days 00:00:02.837750,1.0,3,0.6000000000000001,7.322871895907334e-05,1.9648491932261862e-07,50,184,COMPLETE,0.0,,,,,,,,,,,,,,,,,,,,
219,219,0.5772026651881021,2023-08-24 14:22:20.874912,2023-08-24 14:22:23.263261,0 days 00:00:02.388349,1.0,3,0.7000000000000001,7.38064297366535e-05,0.07729017339746072,50,153,COMPLETE,0.0,,,,,,,,,,,,,,,,,,,,
220,220,0.577904322167943,2023-08-24 14:22:21.119086,2023-08-24 14:22:23.953894,0 days 00:00:02.834808,1.0,3,0.7000000000000001,1.4449795496670325e-05,2.071266485021084e-07,50,154,COMPLETE,0.0,,,,,,,,,,,,,,,,,,,,
221,221,0.577904322167943,2023-08-24 14:22:21.762858,2023-08-24 14:22:24.351187,0 days 00:00:02.588329,1.0,3,0.7000000000000001,3.274859057820093e-05,2.2445150438516857e-07,50,183,COMPLETE,0.0,,,,,,,,,,,,,,,,,,,,
222,222,0.577904322167943,2023-08-24 14:22:22.147112,2023-08-24 14:22:24.821402,0 days 00:00:02.674290,1.0,3,1.0,2.9162330289107e-05,1.7914127689970016e-07,50,166,COMPLETE,0.0,,,,,,,,,,,,,,,,,,,,
223,223,0.577904322167943,2023-08-24 14:22:22.222663,2023-08-24 14:22:24.906896,0 days 00:00:02.684233,1.0,3,0.7000000000000001,3.009562829917904e-05,2.121971075608618e-07,50,150,COMPLETE,0.0,,,,,,,,,,,,,,,,,,,,
224,224,0.577904322167943,2023-08-24 14:22:22.819540,2023-08-24 14:22:25.119564,0 days 00:00:02.300024,1.0,3,0.7000000000000001,1.3064009985968325e-05,1.6501601208183068e-07,50,150,COMPLETE,0.0,,,,,,,,,,,,,,,,,,,,
225,225,0.577904322167943,2023-08-24 14:22:23.223767,2023-08-24 14:22:25.859336,0 days 00:00:02.635569,1.0,3,0.7000000000000001,7.181968839655117e-05,2.0134738714578012e-07,50,148,COMPLETE,0.0,,,,,,,,,,,,,,,,,,,,
226,226,0.577904322167943,2023-08-24 14:22:23.308235,2023-08-24 14:22:25.548673,0 days 00:00:02.240438,1.0,3,0.7000000000000001,3.501206091872351e-05,1.975289989575634e-07,50,169,COMPLETE,0.0,,,,,,,,,,,,,,,,,,,,
227,227,0.577904322167943,2023-08-24 14:22:23.613665,2023-08-24 14:22:26.188089,0 days 00:00:02.574424,1.0,3,0.7000000000000001,3.258878115821293e-05,1.2614754950244348e-05,50,165,COMPLETE,0.0,,,,,,,,,,,,,,,,,,,,
228,228,0.577904322167943,2023-08-24 14:22:24.004479,2023-08-24 14:22:26.250576,0 days 00:00:02.246097,1.0,3,0.7000000000000001,3.140353080171093e-05,9.533161580729378e-08,50,168,COMPLETE,0.0,,,,,,,,,,,,,,,,,,,,
229,229,0.577904322167943,2023-08-24 14:22:24.400763,2023-08-24 14:22:26.918176,0 days 00:00:02.517413,1.0,3,0.7000000000000001,3.184346729611292e-05,1.3658286912141047e-05,50,166,COMPLETE,0.0,,,,,,,,,,,,,,,,,,,,
230,230,0.5756068481156504,2023-08-24 14:22:24.867206,2023-08-24 14:22:27.462550,0 days 00:00:02.595344,1.0,3,0.7000000000000001,4.428666995074977e-05,0.5533385921366943,50,168,COMPLETE,0.0,,,,,,,,,,,,,,,,,,,,
231,231,0.577904322167943,2023-08-24 14:22:24.951964,2023-08-24 14:22:27.641565,0 days 00:00:02.689601,1.0,3,0.7000000000000001,4.53858146656178e-05,2.0164832725014126e-05,50,170,COMPLETE,0.0,,,,,,,,,,,,,,,,,,,,
232,232,0.5756068481156504,2023-08-24 14:22:25.164453,2023-08-24 14:22:28.090753,0 days 00:00:02.926300,1.0,3,0.7000000000000001,3.218606547488247e-05,0.9351887593466454,50,167,COMPLETE,0.0,,,,,,,,,,,,,,,,,,,,
233,233,0.5573621048181688,2023-08-24 14:22:25.603899,2023-08-24 14:22:26.856774,0 days 00:00:01.252875,0.4,3,0.7000000000000001,4.5055526797804484e-05,0.6098835231311284,50,170,COMPLETE,0.0,,,,,,,,,,,,,,,,,,,,
234,234,0.5756068481156504,2023-08-24 14:22:25.906384,2023-08-24 14:22:28.604305,0 days 00:00:02.697921,1.0,3,0.7000000000000001,4.468365722772208e-05,0.016171039564835017,50,192,COMPLETE,0.0,,,,,,,,,,,,,,,,,,,,
235,235,0.577904322167943,2023-08-24 14:22:26.234037,2023-08-24 14:22:28.735452,0 days 00:00:02.501415,1.0,3,0.8,3.579161760838305e-05,4.0101467393289e-08,50,144,COMPLETE,0.0,,,,,,,,,,,,,,,,,,,,
236,236,0.5756068481156504,2023-08-24 14:22:26.294374,2023-08-24 14:22:28.530359,0 days 00:00:02.235985,1.0,3,0.8,4.449879192237982e-05,0.015545822558512883,50,193,COMPLETE,0.0,,,,,,,,,,,,,,,,,,,,
237,237,0.5715880968475505,2023-08-24 14:22:26.904391,2023-08-24 14:22:28.968672,0 days 00:00:02.064281,1.0,3,0.8,4.914842029428345e-05,4.557828182402367e-08,60,191,COMPLETE,0.0,,,,,,,,,,,,,,,,,,,,
238,238,0.577904322167943,2023-08-24 14:22:26.963759,2023-08-24 14:22:29.369559,0 days 00:00:02.405800,1.0,3,0.7000000000000001,4.897717960324132e-05,4.14330252848705e-08,50,142,COMPLETE,0.0,,,,,,,,,,,,,,,,,,,,
239,239,0.577904322167943,2023-08-24 14:22:27.511117,2023-08-24 14:22:30.107703,0 days 00:00:02.596586,1.0,3,0.8,5.399406035396624e-05,3.817041373475624e-08,50,137,COMPLETE,0.0,,,,,,,,,,,,,,,,,,,,
240,240,0.577904322167943,2023-08-24 14:22:27.684454,2023-08-24 14:22:30.162663,0 days 00:00:02.478209,1.0,3,0.8,5.1790183699657554e-05,4.070003775147517e-08,50,144,COMPLETE,0.0,,,,,,,,,,,,,,,,,,,,
241,241,0.5704263159179092,2023-08-24 14:22:28.146749,2023-08-24 14:22:29.734259,0 days 00:00:01.587510,0.7000000000000001,3,0.8,5.5683177633977096e-05,4.1322414295432285e-08,50,145,COMPLETE,0.0,,,,,,,,,,,,,,,,,,,,
242,242,0.5704263159179092,2023-08-24 14:22:28.578872,2023-08-24 14:22:30.740327,0 days 00:00:02.161455,0.7000000000000001,3,0.8,1.6418278129085285e-05,3.8508527389880526e-08,50,138,COMPLETE,0.0,,,,,,,,,,,,,,,,,,,,
243,243,0.577904322167943,2023-08-24 14:22:28.663374,2023-08-24 14:22:30.986250,0 days 00:00:02.322876,1.0,3,0.8,1.6616794510529665e-05,4.091477373658707e-08,50,139,COMPLETE,0.0,,,,,,,,,,,,,,,,,,,,
244,244,0.5756068481156504,2023-08-24 14:22:28.785032,2023-08-24 14:22:31.378333,0 days 00:00:02.593301,1.0,3,0.8,1.6529986459062236e-05,8.226502056465966e-08,50,103,COMPLETE,0.0,,,,,,,,,,,,,,,,,,,,
245,245,0.577904322167943,2023-08-24 14:22:29.016562,2023-08-24 14:22:31.452519,0 days 00:00:02.435957,1.0,3,0.8,1.4533416642200917e-05,8.802443786640301e-08,50,137,COMPLETE,0.0,,,,,,,,,,,,,,,,,,,,
246,246,0.577904322167943,2023-08-24 14:22:29.413983,2023-08-24 14:22:31.630925,0 days 00:00:02.216942,1.0,3,0.8,1.635408426425401e-05,8.515134383345606e-08,50,138,COMPLETE,0.0,,,,,,,,,,,,,,,,,,,,
247,247,0.577904322167943,2023-08-24 14:22:29.775213,2023-08-24 14:22:31.795045,0 days 00:00:02.019832,1.0,3,0.8,1.718281196470429e-05,8.731022006814777e-08,50,136,COMPLETE,0.0,,,,,,,,,,,,,,,,,,,,
248,248,0.577904322167943,2023-08-24 14:22:30.157578,2023-08-24 14:22:32.139721,0 days 00:00:01.982143,1.0,3,0.7000000000000001,1.6895956723662804e-05,8.716906982945331e-08,50,139,COMPLETE,0.0,,,,,,,,,,,,,,,,,,,,
249,249,0.577904322167943,2023-08-24 14:22:30.232242,2023-08-24 14:22:32.198430,0 days 00:00:01.966188,1.0,3,0.7000000000000001,1.7092003186557583e-05,8.84446164314233e-08,50,128,COMPLETE,0.0,,,,,,,,,,,,,,,,,,,,
