,number,value,datetime_start,datetime_complete,duration,params_bagging_fraction,params_bagging_freq,params_feature_fraction,params_lambda_l1,params_lambda_l2,params_min_child_samples,params_num_leaves,state,best_trial,dev_acc,dev_recall_macro,dev_precision_macro,dev_f1_macro,dev_recall_0,dev_precision_0,dev_f1_0,dev_recall_1,dev_precision_1,dev_f1_1,test_acc,test_recall_macro,test_precision_macro,test_f1_macro,test_recall_0,test_precision_0,test_f1_0,test_recall_1,test_precision_1,test_f1_1
210,210,0.5397268841863859,2023-08-24 13:43:07.229021,2023-08-24 13:43:10.024627,0 days 00:00:02.795606,1.0,2,0.8,0.0006736152001739272,0.006569089342847943,60,233,COMPLETE,0.0,,,,,,,,,,,,,,,,,,,,
211,211,0.5426430749380502,2023-08-24 13:43:07.415884,2023-08-24 13:43:09.937738,0 days 00:00:02.521854,1.0,2,0.8,0.001825694946646903,0.007127873406906204,60,231,COMPLETE,0.0,,,,,,,,,,,,,,,,,,,,
212,212,0.5397268841863859,2023-08-24 13:43:07.767393,2023-08-24 13:43:10.538573,0 days 00:00:02.771180,1.0,2,0.8,0.0006675437015866989,0.0065366159190165226,60,230,COMPLETE,0.0,,,,,,,,,,,,,,,,,,,,
213,213,0.5474837662337663,2023-08-24 13:43:08.011227,2023-08-24 13:43:10.861871,0 days 00:00:02.850644,1.0,2,0.8,0.0006967731895129406,0.007112645680097826,60,214,COMPLETE,0.0,,,,,,,,,,,,,,,,,,,,
214,214,0.5474837662337663,2023-08-24 13:43:08.380229,2023-08-24 13:43:11.521481,0 days 00:00:03.141252,1.0,2,0.8,0.0007430995766681426,0.006755005119642728,60,210,COMPLETE,0.0,,,,,,,,,,,,,,,,,,,,
215,215,0.5426430749380502,2023-08-24 13:43:08.485497,2023-08-24 13:43:11.375807,0 days 00:00:02.890310,1.0,2,0.8,0.002338927372387419,0.006782850802442824,60,239,COMPLETE,0.0,,,,,,,,,,,,,,,,,,,,
216,216,0.5397268841863859,2023-08-24 13:43:08.705013,2023-08-24 13:43:11.449765,0 days 00:00:02.744752,1.0,2,0.8,0.0007839488529594308,0.006383822376309872,60,237,COMPLETE,0.0,,,,,,,,,,,,,,,,,,,,
217,217,0.5397268841863859,2023-08-24 13:43:09.259332,2023-08-24 13:43:11.671050,0 days 00:00:02.411718,1.0,2,0.8,0.0006744991432019806,0.005761010495519464,60,237,COMPLETE,0.0,,,,,,,,,,,,,,,,,,,,
218,218,0.5474837662337663,2023-08-24 13:43:09.986140,2023-08-24 13:43:12.473282,0 days 00:00:02.487142,1.0,2,0.8,0.0007547719009664826,0.006667094292249826,60,235,COMPLETE,0.0,,,,,,,,,,,,,,,,,,,,
219,219,0.5431344449560507,2023-08-24 13:43:10.068063,2023-08-24 13:43:12.985876,0 days 00:00:02.917813,1.0,2,0.8,8.559068695074946e-05,0.013638124385652624,60,242,COMPLETE,0.0,,,,,,,,,,,,,,,,,,,,
220,220,0.5441967507265032,2023-08-24 13:43:10.591699,2023-08-24 13:43:12.937641,0 days 00:00:02.345942,1.0,2,0.8,0.00017029626463297036,0.004057884582492983,60,237,COMPLETE,0.0,,,,,,,,,,,,,,,,,,,,
221,221,0.5431344449560507,2023-08-24 13:43:10.910627,2023-08-24 13:43:13.404149,0 days 00:00:02.493522,1.0,2,0.8,9.960100728923718e-05,0.011590214009315624,60,212,COMPLETE,0.0,,,,,,,,,,,,,,,,,,,,
222,222,0.5374211749087289,2023-08-24 13:43:11.427713,2023-08-24 13:43:14.181529,0 days 00:00:02.753816,1.0,2,0.8,0.0007964310811718079,0.2387246550987819,60,214,COMPLETE,0.0,,,,,,,,,,,,,,,,,,,,
223,223,0.5439744171609517,2023-08-24 13:43:11.496482,2023-08-24 13:43:14.381321,0 days 00:00:02.884839,1.0,2,0.8,0.0008699870911332017,0.011873596649406784,60,213,COMPLETE,0.0,,,,,,,,,,,,,,,,,,,,
224,224,0.5397268841863859,2023-08-24 13:43:11.575973,2023-08-24 13:43:14.263905,0 days 00:00:02.687932,1.0,2,0.8,0.0011008428535230947,0.003975250288068673,60,214,COMPLETE,0.0,,,,,,,,,,,,,,,,,,,,
225,225,0.5358807858807859,2023-08-24 13:43:11.718397,2023-08-24 13:43:14.576181,0 days 00:00:02.857784,1.0,2,0.8,0.0007782944210944962,0.0035370155042417383,60,213,COMPLETE,0.0,,,,,,,,,,,,,,,,,,,,
226,226,0.5470368470415106,2023-08-24 13:43:12.524988,2023-08-24 13:43:14.962455,0 days 00:00:02.437467,1.0,2,0.8,0.0009486202190729924,0.0028882421767182555,60,218,COMPLETE,0.0,,,,,,,,,,,,,,,,,,,,
227,227,0.5470368470415106,2023-08-24 13:43:13.033532,2023-08-24 13:43:15.555696,0 days 00:00:02.522164,1.0,2,0.8,0.0009481774733615786,0.0028777809837235396,60,214,COMPLETE,0.0,,,,,,,,,,,,,,,,,,,,
228,228,0.5358807858807859,2023-08-24 13:43:13.053548,2023-08-24 13:43:15.977406,0 days 00:00:02.923858,1.0,2,0.8,0.0008287199876326918,0.0034438358810909377,60,209,COMPLETE,0.0,,,,,,,,,,,,,,,,,,,,
229,229,0.5441967507265032,2023-08-24 13:43:13.452569,2023-08-24 13:43:16.352198,0 days 00:00:02.899629,1.0,2,0.8,0.000423048404538902,0.0031496018378394763,60,205,COMPLETE,0.0,,,,,,,,,,,,,,,,,,,,
230,230,0.5441967507265032,2023-08-24 13:43:14.227712,2023-08-24 13:43:17.256093,0 days 00:00:03.028381,1.0,2,0.8,0.0003910412918913294,0.0032645830637628233,60,214,COMPLETE,0.0,,,,,,,,,,,,,,,,,,,,
231,231,0.5501858542798472,2023-08-24 13:43:14.320309,2023-08-24 13:43:16.985486,0 days 00:00:02.665177,1.0,2,0.8,0.0004919123374680759,0.008161749320381946,60,250,COMPLETE,0.0,,,,,,,,,,,,,,,,,,,,
232,232,0.5420514958824143,2023-08-24 13:43:14.439662,2023-08-24 13:43:17.123650,0 days 00:00:02.683988,1.0,2,0.8,0.0003400077213218451,0.00875499670467938,60,204,COMPLETE,0.0,,,,,,,,,,,,,,,,,,,,
233,233,0.5397268841863859,2023-08-24 13:43:14.630123,2023-08-24 13:43:17.483496,0 days 00:00:02.853373,1.0,2,0.8,0.0003716419667583254,0.007687865262977865,60,219,COMPLETE,0.0,,,,,,,,,,,,,,,,,,,,
234,234,0.5551954123293649,2023-08-24 13:43:15.005817,2023-08-24 13:43:18.031547,0 days 00:00:03.025730,1.0,2,0.8,0.0004467695367610551,0.002348346346867553,60,219,COMPLETE,0.0,,,,,,,,,,,,,,,,,,,,
235,235,0.5441967507265032,2023-08-24 13:43:15.616341,2023-08-24 13:43:18.154436,0 days 00:00:02.538095,1.0,2,0.8,0.00032456456105573573,0.0033098492564741237,60,204,COMPLETE,0.0,,,,,,,,,,,,,,,,,,,,
236,236,0.5551954123293649,2023-08-24 13:43:16.021871,2023-08-24 13:43:18.939594,0 days 00:00:02.917723,1.0,2,0.8,0.00030429772395437396,0.002556954627212661,60,250,COMPLETE,0.0,,,,,,,,,,,,,,,,,,,,
237,237,0.5551954123293649,2023-08-24 13:43:16.401899,2023-08-24 13:43:19.357232,0 days 00:00:02.955333,1.0,2,0.8,0.0004969718455387002,0.002363031648660943,60,250,COMPLETE,0.0,,,,,,,,,,,,,,,,,,,,
238,238,0.5551954123293649,2023-08-24 13:43:17.029451,2023-08-24 13:43:19.554499,0 days 00:00:02.525048,1.0,2,0.8,0.0003196142675456645,0.0023858940196295223,60,250,COMPLETE,0.0,,,,,,,,,,,,,,,,,,,,
239,239,0.5551954123293649,2023-08-24 13:43:17.186960,2023-08-24 13:43:19.850381,0 days 00:00:02.663421,1.0,2,0.8,0.0002881466125660955,0.0026823083160405553,60,244,COMPLETE,0.0,,,,,,,,,,,,,,,,,,,,
240,240,0.5358807858807859,2023-08-24 13:43:17.316647,2023-08-24 13:43:20.150779,0 days 00:00:02.834132,1.0,2,0.8,0.0005154383923054644,0.004760512395371527,60,218,COMPLETE,0.0,,,,,,,,,,,,,,,,,,,,
241,241,0.5464189642925072,2023-08-24 13:43:17.526181,2023-08-24 13:43:19.938336,0 days 00:00:02.412155,1.0,2,0.8,0.0011397850637914287,0.002115623783626185,60,250,COMPLETE,0.0,,,,,,,,,,,,,,,,,,,,
242,242,0.5551954123293649,2023-08-24 13:43:18.076700,2023-08-24 13:43:20.817825,0 days 00:00:02.741125,1.0,2,0.8,0.0005140791689353504,0.0017580131768956894,60,221,COMPLETE,0.0,,,,,,,,,,,,,,,,,,,,
243,243,0.5441967507265032,2023-08-24 13:43:18.199355,2023-08-24 13:43:20.755129,0 days 00:00:02.555774,1.0,2,0.8,0.0005276490220765407,0.002416831778861136,60,250,COMPLETE,0.0,,,,,,,,,,,,,,,,,,,,
244,244,0.5441967507265032,2023-08-24 13:43:18.992662,2023-08-24 13:43:21.413700,0 days 00:00:02.421038,1.0,2,0.8,0.000625368285959365,0.0022305049684547204,60,220,COMPLETE,0.0,,,,,,,,,,,,,,,,,,,,
245,245,0.5523156603480889,2023-08-24 13:43:19.402269,2023-08-24 13:43:21.525881,0 days 00:00:02.123612,1.0,2,0.8,0.0005304298023559624,0.0016975650186324474,70,251,COMPLETE,0.0,,,,,,,,,,,,,,,,,,,,
246,246,0.5304284374022724,2023-08-24 13:43:19.601236,2023-08-24 13:43:21.709391,0 days 00:00:02.108155,1.0,2,0.8,0.0002316565321293631,0.001763722434006867,70,252,COMPLETE,0.0,,,,,,,,,,,,,,,,,,,,
247,247,0.5551954123293649,2023-08-24 13:43:19.895168,2023-08-24 13:43:22.129313,0 days 00:00:02.234145,1.0,2,0.8,0.00026241187340445335,0.0024056942057275525,60,255,COMPLETE,0.0,,,,,,,,,,,,,,,,,,,,
248,248,0.5254703516283897,2023-08-24 13:43:19.983881,2023-08-24 13:43:22.071136,0 days 00:00:02.087255,1.0,2,0.8,0.00024332239393503786,0.001411043896153192,60,254,COMPLETE,0.0,,,,,,,,,,,,,,,,,,,,
249,249,0.5254703516283897,2023-08-24 13:43:20.195943,2023-08-24 13:43:22.250617,0 days 00:00:02.054674,1.0,2,0.8,0.0002425543959995894,0.0019659444818091627,60,252,COMPLETE,0.0,,,,,,,,,,,,,,,,,,,,
