,number,value,datetime_start,datetime_complete,duration,params_bagging_fraction,params_bagging_freq,params_feature_fraction,params_lambda_l1,params_lambda_l2,params_min_child_samples,params_num_leaves,state,best_trial,dev_acc,dev_recall_macro,dev_precision_macro,dev_f1_macro,dev_recall_0,dev_precision_0,dev_f1_0,dev_recall_1,dev_precision_1,dev_f1_1,test_acc,test_recall_macro,test_precision_macro,test_f1_macro,test_recall_0,test_precision_0,test_f1_0,test_recall_1,test_precision_1,test_f1_1
208,208,0.6093231384592654,2023-08-24 13:26:30.186342,2023-08-24 13:26:30.888927,0 days 00:00:00.702585,0.4,1,0.5,0.017529390416656042,0.00648088879793769,50,2,COMPLETE,0.0,,,,,,,,,,,,,,,,,,,,
209,209,0.6021869860030296,2023-08-24 13:26:30.280168,2023-08-24 13:26:31.168397,0 days 00:00:00.888229,0.4,1,0.5,0.013853872085509939,0.002279294965348988,50,5,COMPLETE,0.0,,,,,,,,,,,,,,,,,,,,
210,210,0.622592878686132,2023-08-24 13:26:30.392114,2023-08-24 13:26:31.370825,0 days 00:00:00.978711,0.4,1,0.5,0.03234724350590915,0.3655825865143414,60,6,COMPLETE,0.0,,,,,,,,,,,,,,,,,,,,
211,211,0.6171016483516483,2023-08-24 13:26:30.506909,2023-08-24 13:26:31.514489,0 days 00:00:01.007580,0.4,1,0.5,0.023038510683991518,0.002607155397754728,60,6,COMPLETE,0.0,,,,,,,,,,,,,,,,,,,,
212,212,0.6144500512948701,2023-08-24 13:26:30.696302,2023-08-24 13:26:31.730982,0 days 00:00:01.034680,0.4,1,0.5,0.019139242908672954,0.002334658638105075,40,4,COMPLETE,0.0,,,,,,,,,,,,,,,,,,,,
213,213,0.6098048711899888,2023-08-24 13:26:30.756494,2023-08-24 13:26:31.791003,0 days 00:00:01.034509,0.4,1,0.5,0.19241998794817494,0.0016675005032308226,40,4,COMPLETE,0.0,,,,,,,,,,,,,,,,,,,,
214,214,0.608473836736023,2023-08-24 13:26:30.934988,2023-08-24 13:26:31.676086,0 days 00:00:00.741098,0.4,1,0.5,0.0689614381041613,0.013471172686597518,60,6,COMPLETE,0.0,,,,,,,,,,,,,,,,,,,,
215,215,0.6118368777301826,2023-08-24 13:26:31.213801,2023-08-24 13:26:32.216819,0 days 00:00:01.003018,0.4,1,0.5,0.2655162445985295,0.3237564213553259,60,122,COMPLETE,0.0,,,,,,,,,,,,,,,,,,,,
216,216,0.6041144527986633,2023-08-24 13:26:31.421079,2023-08-24 13:26:32.541363,0 days 00:00:01.120284,0.8,1,0.5,0.026126586095844086,0.3316692710273106,60,6,COMPLETE,0.0,,,,,,,,,,,,,,,,,,,,
217,217,0.6157922398156966,2023-08-24 13:26:31.477338,2023-08-24 13:26:32.469184,0 days 00:00:00.991846,0.8,1,0.5,0.03234379569329624,0.016023102170861104,60,4,COMPLETE,0.0,,,,,,,,,,,,,,,,,,,,
218,218,0.6045065954140906,2023-08-24 13:26:31.568169,2023-08-24 13:26:32.867644,0 days 00:00:01.299475,0.4,1,0.5,0.024793269299893075,0.013800518717005003,60,8,COMPLETE,0.0,,,,,,,,,,,,,,,,,,,,
219,219,0.6044335669579539,2023-08-24 13:26:31.654954,2023-08-24 13:26:32.799269,0 days 00:00:01.144315,0.4,1,0.5,0.023024416204337293,0.0032524582355114057,60,7,COMPLETE,0.0,,,,,,,,,,,,,,,,,,,,
220,220,0.6041144527986633,2023-08-24 13:26:31.723229,2023-08-24 13:26:32.673487,0 days 00:00:00.950258,0.8,1,0.5,0.031807306358562874,0.3227089896148793,60,6,COMPLETE,0.0,,,,,,,,,,,,,,,,,,,,
221,221,0.6149607113316791,2023-08-24 13:26:31.781642,2023-08-24 13:26:32.936105,0 days 00:00:01.154463,0.4,1,0.5,0.025450103704841735,0.001412571767738143,40,7,COMPLETE,0.0,,,,,,,,,,,,,,,,,,,,
222,222,0.6074350212281248,2023-08-24 13:26:31.837773,2023-08-24 13:26:33.077040,0 days 00:00:01.239267,0.4,1,0.5,0.02699345303290439,0.002095997475886102,60,13,COMPLETE,0.0,,,,,,,,,,,,,,,,,,,,
223,223,0.6063324592736358,2023-08-24 13:26:32.262064,2023-08-24 13:26:33.136755,0 days 00:00:00.874691,0.4,1,0.5,0.01809453926480084,0.003345747592900315,60,13,COMPLETE,0.0,,,,,,,,,,,,,,,,,,,,
224,224,0.6083119348069151,2023-08-24 13:26:32.514289,2023-08-24 13:26:33.445750,0 days 00:00:00.931461,0.8,1,0.5,0.04271577521611336,0.002629321335601938,60,7,COMPLETE,0.0,,,,,,,,,,,,,,,,,,,,
225,225,0.6021822104215068,2023-08-24 13:26:32.588960,2023-08-24 13:26:33.732695,0 days 00:00:01.143735,0.4,1,0.5,0.022552874765653163,0.0033603293508175907,60,12,COMPLETE,0.0,,,,,,,,,,,,,,,,,,,,
226,226,0.6168340395890173,2023-08-24 13:26:32.718809,2023-08-24 13:26:34.565622,0 days 00:00:01.846813,0.4,1,0.5,0.025186235095325114,0.003817573517507944,60,190,COMPLETE,0.0,,,,,,,,,,,,,,,,,,,,
227,227,0.6134319449850785,2023-08-24 13:26:32.844656,2023-08-24 13:26:34.140187,0 days 00:00:01.295531,0.4,1,0.5,0.02111060961769192,0.0036766064285920523,60,13,COMPLETE,0.0,,,,,,,,,,,,,,,,,,,,
228,228,0.6063324592736358,2023-08-24 13:26:32.922426,2023-08-24 13:26:34.298702,0 days 00:00:01.376276,0.4,1,0.5,0.016245806209198802,0.003227288509933665,60,13,COMPLETE,0.0,,,,,,,,,,,,,,,,,,,,
229,229,0.612949216631282,2023-08-24 13:26:32.982405,2023-08-24 13:26:34.205210,0 days 00:00:01.222805,0.4,1,0.5,0.01712334777345274,0.0021797540402896656,40,13,COMPLETE,0.0,,,,,,,,,,,,,,,,,,,,
230,230,0.6093231384592654,2023-08-24 13:26:33.123997,2023-08-24 13:26:33.845753,0 days 00:00:00.721756,0.4,1,0.5,0.01575908725234194,0.0036397472484889976,40,2,COMPLETE,0.0,,,,,,,,,,,,,,,,,,,,
231,231,0.6130699772813573,2023-08-24 13:26:33.183646,2023-08-24 13:26:35.647211,0 days 00:00:02.463565,0.4,1,0.5,0.03565092920074395,0.0062290254763108285,40,207,COMPLETE,0.0,,,,,,,,,,,,,,,,,,,,
232,232,0.6093231384592654,2023-08-24 13:26:33.491657,2023-08-24 13:26:33.919397,0 days 00:00:00.427740,0.4,1,0.5,0.015249114517333972,0.0015297650999930277,40,2,COMPLETE,0.0,,,,,,,,,,,,,,,,,,,,
233,233,0.619421650968199,2023-08-24 13:26:33.794266,2023-08-24 13:26:34.629434,0 days 00:00:00.835168,0.4,1,0.5,0.01354183152463914,0.0013710374974754969,40,3,COMPLETE,0.0,,,,,,,,,,,,,,,,,,,,
234,234,0.5898153264729635,2023-08-24 13:26:33.896894,2023-08-24 13:26:36.871263,0 days 00:00:02.974369,0.5,1,0.5,0.002285011968341446,0.001684544455046557,40,204,COMPLETE,0.0,,,,,,,,,,,,,,,,,,,,
235,235,0.5932887625195318,2023-08-24 13:26:33.965580,2023-08-24 13:26:36.206955,0 days 00:00:02.241375,0.5,1,0.5,0.035592590361024384,0.006542304911838158,40,206,COMPLETE,0.0,,,,,,,,,,,,,,,,,,,,
236,236,0.5992920536237201,2023-08-24 13:26:34.185640,2023-08-24 13:26:36.762090,0 days 00:00:02.576450,0.5,1,0.5,0.03661602595990347,0.006570752318308059,40,204,COMPLETE,0.0,,,,,,,,,,,,,,,,,,,,
237,237,0.596418070517142,2023-08-24 13:26:34.267658,2023-08-24 13:26:36.926283,0 days 00:00:02.658625,0.5,1,0.4,0.06405127628786626,0.0008655700767387333,40,227,COMPLETE,0.0,,,,,,,,,,,,,,,,,,,,
238,238,0.587810450575689,2023-08-24 13:26:34.350128,2023-08-24 13:26:36.135831,0 days 00:00:01.785703,0.4,1,0.4,0.032146064338800115,0.00100858068066634,40,227,COMPLETE,0.0,,,,,,,,,,,,,,,,,,,,
239,239,0.6054457457040432,2023-08-24 13:26:34.613643,2023-08-24 13:26:36.424940,0 days 00:00:01.811297,0.4,1,0.5,0.004466673876906654,0.005530256868327141,40,186,COMPLETE,0.0,,,,,,,,,,,,,,,,,,,,
240,240,0.6047028720505894,2023-08-24 13:26:34.680705,2023-08-24 13:26:36.489450,0 days 00:00:01.808745,0.4,1,0.5,0.031039830577335774,0.0009112332703994917,40,192,COMPLETE,0.0,,,,,,,,,,,,,,,,,,,,
241,241,0.5969957330141138,2023-08-24 13:26:35.696348,2023-08-24 13:26:37.789960,0 days 00:00:02.093612,0.4,1,0.5,0.03026018485114465,0.0008277438098300176,40,189,COMPLETE,0.0,,,,,,,,,,,,,,,,,,,,
242,242,0.6054457457040432,2023-08-24 13:26:36.184437,2023-08-24 13:26:38.255396,0 days 00:00:02.070959,0.4,1,0.5,0.05534934927867309,0.0009571105162080863,40,196,COMPLETE,0.0,,,,,,,,,,,,,,,,,,,,
243,243,0.6033169069185584,2023-08-24 13:26:36.267274,2023-08-24 13:26:38.184101,0 days 00:00:01.916827,0.4,1,0.5,0.010931718017217196,0.0007723584810082223,40,195,COMPLETE,0.0,,,,,,,,,,,,,,,,,,,,
244,244,0.5922359020190969,2023-08-24 13:26:36.474782,2023-08-24 13:26:38.415936,0 days 00:00:01.941154,0.4,1,0.5,0.00965001100297283,0.001682277828021299,40,192,COMPLETE,0.0,,,,,,,,,,,,,,,,,,,,
245,245,0.6087430760691093,2023-08-24 13:26:36.538728,2023-08-24 13:26:38.746544,0 days 00:00:02.207816,0.7000000000000001,1,0.5,0.011222906847741269,0.0013036525819758267,40,195,COMPLETE,0.0,,,,,,,,,,,,,,,,,,,,
246,246,0.6073285259097769,2023-08-24 13:26:36.812590,2023-08-24 13:26:37.480355,0 days 00:00:00.667765,0.7000000000000001,1,0.5,0.01045989921197059,0.0015807119768288405,60,7,COMPLETE,0.0,,,,,,,,,,,,,,,,,,,,
247,247,0.5919044665012407,2023-08-24 13:26:36.918167,2023-08-24 13:26:38.476590,0 days 00:00:01.558423,0.7000000000000001,1,0.5,0.00993499641186203,0.0013661949575806793,90,192,COMPLETE,0.0,,,,,,,,,,,,,,,,,,,,
248,248,0.6140569053874094,2023-08-24 13:26:36.978368,2023-08-24 13:26:37.637291,0 days 00:00:00.658923,0.4,1,0.5,0.010122665500395254,0.028238664740821807,90,6,COMPLETE,0.0,,,,,,,,,,,,,,,,,,,,
249,249,0.6089207234617986,2023-08-24 13:26:37.523983,2023-08-24 13:26:37.868370,0 days 00:00:00.344387,0.4,1,0.5,0.04672420557392512,0.20913982667187908,90,2,COMPLETE,0.0,,,,,,,,,,,,,,,,,,,,
