,number,value,datetime_start,datetime_complete,duration,params_bagging_fraction,params_bagging_freq,params_feature_fraction,params_lambda_l1,params_lambda_l2,params_min_child_samples,params_num_leaves,state,best_trial,dev_acc,dev_recall_macro,dev_precision_macro,dev_f1_macro,dev_recall_0,dev_precision_0,dev_f1_0,dev_recall_1,dev_precision_1,dev_f1_1,test_acc,test_recall_macro,test_precision_macro,test_f1_macro,test_recall_0,test_precision_0,test_f1_0,test_recall_1,test_precision_1,test_f1_1
102,102,0.5200631513356648,2023-08-23 23:31:13.733697,2023-08-23 23:31:17.617801,0 days 00:00:03.884104,0.6000000000000001,1,0.4,1.1979954097791185e-05,1.4700988224651824e-05,10,189,COMPLETE,0.0,,,,,,,,,,,,,,,,,,,,
103,103,0.5400083379168521,2023-08-23 23:31:14.095704,2023-08-23 23:31:18.294458,0 days 00:00:04.198754,0.6000000000000001,1,0.5,7.63351853291413e-05,4.296968422103062e-06,10,175,COMPLETE,0.0,,,,,,,,,,,,,,,,,,,,
104,104,0.5121387539645574,2023-08-23 23:31:14.868019,2023-08-23 23:31:20.697813,0 days 00:00:05.829794,0.6000000000000001,1,0.4,1.3485737701036917e-05,4.165030441761673e-06,10,256,COMPLETE,0.0,,,,,,,,,,,,,,,,,,,,
105,105,0.5235894837236994,2023-08-23 23:31:15.446179,2023-08-23 23:31:19.782364,0 days 00:00:04.336185,0.6000000000000001,1,0.4,7.241979979545702e-05,3.887009577259501e-06,10,189,COMPLETE,0.0,,,,,,,,,,,,,,,,,,,,
106,106,0.520263781053048,2023-08-23 23:31:16.843793,2023-08-23 23:31:22.936208,0 days 00:00:06.092415,0.9,2,0.4,9.97405344513944e-06,1.341768630791239e-05,10,253,COMPLETE,0.0,,,,,,,,,,,,,,,,,,,,
107,107,0.530217304816617,2023-08-23 23:31:17.162305,2023-08-23 23:31:21.300725,0 days 00:00:04.138420,0.9,2,0.7000000000000001,0.0003134041663898606,1.5115887610757826e-05,10,188,COMPLETE,0.0,,,,,,,,,,,,,,,,,,,,
108,108,0.5238081246210532,2023-08-23 23:31:17.323726,2023-08-23 23:31:22.336964,0 days 00:00:05.013238,0.5,1,0.7000000000000001,9.46459442189754e-05,1.3758922041603592e-05,10,256,COMPLETE,0.0,,,,,,,,,,,,,,,,,,,,
109,109,0.5206152754832507,2023-08-23 23:31:17.680190,2023-08-23 23:31:23.550833,0 days 00:00:05.870643,0.5,1,0.7000000000000001,0.00032158628284335367,2.286303624214623e-06,10,256,COMPLETE,0.0,,,,,,,,,,,,,,,,,,,,
110,110,0.5387959428100906,2023-08-23 23:31:18.345402,2023-08-23 23:31:23.909285,0 days 00:00:05.563883,0.9,1,0.5,0.0002758987406782019,2.1903959018156395e-06,10,254,COMPLETE,0.0,,,,,,,,,,,,,,,,,,,,
111,111,0.5350716699031306,2023-08-23 23:31:18.676564,2023-08-23 23:31:22.846687,0 days 00:00:04.170123,0.9,2,0.5,0.0003277985110330452,2.1454948985125345e-06,10,180,COMPLETE,0.0,,,,,,,,,,,,,,,,,,,,
112,112,0.5306808348394259,2023-08-23 23:31:19.834223,2023-08-23 23:31:22.499275,0 days 00:00:02.665052,0.9,2,0.5,0.00026487837900046856,2.2402404155586173e-06,10,117,COMPLETE,0.0,,,,,,,,,,,,,,,,,,,,
113,113,0.5448262442324061,2023-08-23 23:31:20.741286,2023-08-23 23:31:24.081978,0 days 00:00:03.340692,0.9,2,0.5,0.0002837093925932329,2.0506014759384433e-06,30,200,COMPLETE,1.0,0.5451472718493482,0.5449195431888729,0.5449934041376424,0.5448262442324061,0.5244140625,0.5413306451612904,0.5327380952380952,0.565425023877746,0.5486561631139945,0.5569143932267169,0.5340786152181752,0.5313268506016472,0.531489457066201,0.5312608264698093,0.4861751152073733,0.5039808917197452,0.4949179046129789,0.5764785859959212,0.5589980224126566,0.5676037483266398
114,114,0.5448262442324061,2023-08-23 23:31:21.346499,2023-08-23 23:31:25.225163,0 days 00:00:03.878664,0.9,2,0.5,0.0003285577532710844,2.266522948522092e-06,30,201,COMPLETE,0.0,,,,,,,,,,,,,,,,,,,,
115,115,0.5207381178565018,2023-08-23 23:31:22.381948,2023-08-23 23:31:24.320580,0 days 00:00:01.938632,0.4,2,0.5,0.0003031740234452268,2.383950553539925e-06,30,201,COMPLETE,0.0,,,,,,,,,,,,,,,,,,,,
116,116,0.5207381178565018,2023-08-23 23:31:22.546834,2023-08-23 23:31:24.434459,0 days 00:00:01.887625,0.4,2,0.5,0.0001521216348267217,7.660762334367164e-07,30,199,COMPLETE,0.0,,,,,,,,,,,,,,,,,,,,
117,117,0.5359701551060647,2023-08-23 23:31:22.895628,2023-08-23 23:31:26.476346,0 days 00:00:03.580718,0.9,2,0.5,0.002702061251081614,8.386767440584754e-07,30,179,COMPLETE,0.0,,,,,,,,,,,,,,,,,,,,
118,118,0.5363467112090047,2023-08-23 23:31:22.998908,2023-08-23 23:31:26.736059,0 days 00:00:03.737151,0.9,2,0.5,0.0001514888991270385,1.0361394766896646e-06,30,165,COMPLETE,0.0,,,,,,,,,,,,,,,,,,,,
119,119,0.5434734687450795,2023-08-23 23:31:23.599983,2023-08-23 23:31:27.424027,0 days 00:00:03.824044,0.9,2,0.5,0.00016753802551800273,0.00010056845516562426,30,180,COMPLETE,0.0,,,,,,,,,,,,,,,,,,,,
120,120,0.5155290636383246,2023-08-23 23:31:23.957953,2023-08-23 23:31:25.663019,0 days 00:00:01.705066,0.9,2,0.5,3.558006086234964e-05,8.249475280937741e-07,80,233,COMPLETE,0.0,,,,,,,,,,,,,,,,,,,,
121,121,0.5155290636383246,2023-08-23 23:31:24.133558,2023-08-23 23:31:25.613109,0 days 00:00:01.479551,0.9,2,0.5,0.001594641646978716,9.346249089524788e-07,80,147,COMPLETE,0.0,,,,,,,,,,,,,,,,,,,,
122,122,0.5292897052306957,2023-08-23 23:31:24.362391,2023-08-23 23:31:25.828377,0 days 00:00:01.465986,0.9,2,0.5,0.006497376683949723,3.863118841288509e-05,80,179,COMPLETE,0.0,,,,,,,,,,,,,,,,,,,,
123,123,0.5286432296876389,2023-08-23 23:31:24.479920,2023-08-23 23:31:28.698573,0 days 00:00:04.218653,0.9,2,0.5,0.0015207172779036725,8.590274805571948e-07,20,181,COMPLETE,0.0,,,,,,,,,,,,,,,,,,,,
124,124,0.5355591063269138,2023-08-23 23:31:25.270989,2023-08-23 23:31:29.216618,0 days 00:00:03.945629,0.9,2,0.5,0.0030482007988618465,8.305420205608572e-07,30,232,COMPLETE,0.0,,,,,,,,,,,,,,,,,,,,
125,125,0.5298695693602902,2023-08-23 23:31:25.659245,2023-08-23 23:31:28.461080,0 days 00:00:02.801835,0.9,2,0.5,0.0008166471315820047,0.00011307366329362077,40,240,COMPLETE,0.0,,,,,,,,,,,,,,,,,,,,
126,126,0.5345106186518929,2023-08-23 23:31:25.716390,2023-08-23 23:31:28.516636,0 days 00:00:02.800246,0.9,2,0.5,0.0027924158275891026,0.0001297860521054378,40,238,COMPLETE,0.0,,,,,,,,,,,,,,,,,,,,
127,127,0.526610003322471,2023-08-23 23:31:25.882159,2023-08-23 23:31:29.350940,0 days 00:00:03.468781,0.9,2,1.0,0.002835422938158077,0.00011026511332247372,40,238,COMPLETE,0.0,,,,,,,,,,,,,,,,,,,,
128,128,0.5345106186518929,2023-08-23 23:31:26.517121,2023-08-23 23:31:28.977106,0 days 00:00:02.459985,0.9,2,0.5,0.0029521536710831933,1.2239363747932585e-06,40,169,COMPLETE,0.0,,,,,,,,,,,,,,,,,,,,
129,129,0.5248378017359188,2023-08-23 23:31:26.783213,2023-08-23 23:31:30.168212,0 days 00:00:03.384999,0.9,2,0.5,0.0032186918253578616,1.4548690323161815e-06,30,160,COMPLETE,0.0,,,,,,,,,,,,,,,,,,,,
130,130,0.5371408441503905,2023-08-23 23:31:27.466781,2023-08-23 23:31:30.916561,0 days 00:00:03.449780,0.9,2,0.5,1.4840833944878077e-07,6.625905544288863e-07,30,171,COMPLETE,0.0,,,,,,,,,,,,,,,,,,,,
131,131,0.5328789576912301,2023-08-23 23:31:28.512028,2023-08-23 23:31:32.653861,0 days 00:00:04.141833,0.9,2,0.5,0.0030940404626566957,1.2845016909963982e-06,30,173,COMPLETE,0.0,,,,,,,,,,,,,,,,,,,,
132,132,0.5371408441503905,2023-08-23 23:31:28.581235,2023-08-23 23:31:32.379419,0 days 00:00:03.798184,0.9,2,0.5,2.1042935266876842e-07,1.1651516560235787e-06,30,169,COMPLETE,0.0,,,,,,,,,,,,,,,,,,,,
133,133,0.5371408441503905,2023-08-23 23:31:28.752905,2023-08-23 23:31:33.579434,0 days 00:00:04.826529,0.9,2,0.5,8.20941985627392e-08,1.212983729949101e-06,30,170,COMPLETE,0.0,,,,,,,,,,,,,,,,,,,,
134,134,0.5366409953160061,2023-08-23 23:31:29.021886,2023-08-23 23:31:32.458092,0 days 00:00:03.436206,0.9,2,0.5,0.00018666194422228718,5.139588204799044e-07,30,158,COMPLETE,0.0,,,,,,,,,,,,,,,,,,,,
135,135,0.5366409953160061,2023-08-23 23:31:29.259784,2023-08-23 23:31:32.562335,0 days 00:00:03.302551,0.9,2,0.5,2.4191777209386597e-05,0.0002513232222898871,30,158,COMPLETE,0.0,,,,,,,,,,,,,,,,,,,,
136,136,0.5241287254151584,2023-08-23 23:31:29.397033,2023-08-23 23:31:32.884484,0 days 00:00:03.487451,0.9,2,0.5,0.0001724999473779735,0.00025462825531576903,30,158,COMPLETE,0.0,,,,,,,,,,,,,,,,,,,,
137,137,0.5434734687450795,2023-08-23 23:31:30.212248,2023-08-23 23:31:33.433284,0 days 00:00:03.221036,0.9,2,0.5,0.00018311841351434843,1.596875111416594e-06,30,173,COMPLETE,0.0,,,,,,,,,,,,,,,,,,,,
138,138,0.5371408441503905,2023-08-23 23:31:30.962101,2023-08-23 23:31:34.527766,0 days 00:00:03.565665,0.9,2,0.5,1.2367194321540712e-07,5.229174693279591e-07,30,172,COMPLETE,0.0,,,,,,,,,,,,,,,,,,,,
139,139,0.5371408441503905,2023-08-23 23:31:32.442888,2023-08-23 23:31:36.005035,0 days 00:00:03.562147,0.9,2,0.5,1.5685320562891787e-07,4.775863808431231e-07,30,174,COMPLETE,0.0,,,,,,,,,,,,,,,,,,,,
140,140,0.5434734687450795,2023-08-23 23:31:32.515525,2023-08-23 23:31:36.391843,0 days 00:00:03.876318,0.9,2,0.5,2.4718652186107073e-07,0.00029115035396235465,30,172,COMPLETE,0.0,,,,,,,,,,,,,,,,,,,,
141,141,0.5285093940864994,2023-08-23 23:31:32.609691,2023-08-23 23:31:36.963447,0 days 00:00:04.353756,1.0,2,0.5,3.724559377357748e-08,0.0003477544834513171,30,147,COMPLETE,0.0,,,,,,,,,,,,,,,,,,,,
142,142,0.5323426546890386,2023-08-23 23:31:32.712108,2023-08-23 23:31:36.496988,0 days 00:00:03.784880,0.8,2,0.5,1.3184583233020963e-07,1.7848748598037233e-06,30,166,COMPLETE,0.0,,,,,,,,,,,,,,,,,,,,
143,143,0.5323426546890386,2023-08-23 23:31:32.932862,2023-08-23 23:31:36.242277,0 days 00:00:03.309415,0.8,2,0.5,1.0961725773185935e-07,6.098690298522083e-07,30,171,COMPLETE,0.0,,,,,,,,,,,,,,,,,,,,
144,144,0.5235627895353305,2023-08-23 23:31:33.491254,2023-08-23 23:31:35.743436,0 days 00:00:02.252182,0.8,2,0.5,1.3166809725693322e-07,1.6150083091124163e-06,40,173,COMPLETE,0.0,,,,,,,,,,,,,,,,,,,,
145,145,0.5357679878921751,2023-08-23 23:31:33.627749,2023-08-23 23:31:35.097868,0 days 00:00:01.470119,0.8,2,0.5,1.0216010055933262e-07,0.0004455044090260257,40,88,COMPLETE,0.0,,,,,,,,,,,,,,,,,,,,
146,146,0.5235627895353305,2023-08-23 23:31:34.584608,2023-08-23 23:31:37.903424,0 days 00:00:03.318816,0.8,2,0.5,2.1896537387096456e-06,1.709838608440113e-06,40,190,COMPLETE,0.0,,,,,,,,,,,,,,,,,,,,
147,147,0.5403171390013496,2023-08-23 23:31:35.139337,2023-08-23 23:31:37.768642,0 days 00:00:02.629305,1.0,2,0.5,5.450876044490303e-05,1.7368501152826016e-06,50,185,COMPLETE,0.0,,,,,,,,,,,,,,,,,,,,
148,148,0.5363467112090047,2023-08-23 23:31:35.789248,2023-08-23 23:31:39.246319,0 days 00:00:03.457071,0.9,2,0.5,7.295228743518384e-08,1.8103543900705756e-06,30,165,COMPLETE,0.0,,,,,,,,,,,,,,,,,,,,
149,149,0.5202704974687564,2023-08-23 23:31:36.057442,2023-08-23 23:31:39.668961,0 days 00:00:03.611519,1.0,2,0.5,6.362168933226611e-08,3.0065400342776164e-06,30,166,COMPLETE,0.0,,,,,,,,,,,,,,,,,,,,
150,150,0.5376800358670677,2023-08-23 23:31:36.287126,2023-08-23 23:31:39.821197,0 days 00:00:03.534071,0.9,2,0.5,2.323301085722186e-06,3.0984721786137407e-06,30,166,COMPLETE,0.0,,,,,,,,,,,,,,,,,,,,
151,151,0.5385756884462107,2023-08-23 23:31:36.439165,2023-08-23 23:31:40.747844,0 days 00:00:04.308679,1.0,2,0.5,4.033287406193112e-07,8.463077000021059e-05,20,186,COMPLETE,0.0,,,,,,,,,,,,,,,,,,,,
152,152,0.5336631535672908,2023-08-23 23:31:36.546431,2023-08-23 23:31:40.905211,0 days 00:00:04.358780,1.0,2,0.5,3.894898698574915e-07,0.00036360235983686433,20,184,COMPLETE,0.0,,,,,,,,,,,,,,,,,,,,
153,153,0.5403171390013496,2023-08-23 23:31:37.015113,2023-08-23 23:31:39.507138,0 days 00:00:02.492025,0.9,2,0.5,8.630285656967756e-07,0.0021577933572574405,50,249,COMPLETE,0.0,,,,,,,,,,,,,,,,,,,,
154,154,0.5403171390013496,2023-08-23 23:31:37.813715,2023-08-23 23:31:39.558975,0 days 00:00:01.745260,1.0,2,0.5,5.477406690846239e-05,9.210991567802777e-05,50,184,COMPLETE,0.0,,,,,,,,,,,,,,,,,,,,
155,155,0.5248071900528017,2023-08-23 23:31:37.953599,2023-08-23 23:31:40.843018,0 days 00:00:02.889419,1.0,2,1.0,5.248198988062802e-05,3.222658707827367e-06,50,181,COMPLETE,0.0,,,,,,,,,,,,,,,,,,,,
156,156,0.5248071900528017,2023-08-23 23:31:39.293520,2023-08-23 23:31:41.879913,0 days 00:00:02.586393,1.0,2,1.0,5.307275201766582e-05,0.0001785565255286464,50,185,COMPLETE,0.0,,,,,,,,,,,,,,,,,,,,
157,157,0.5403171390013496,2023-08-23 23:31:39.560120,2023-08-23 23:31:42.159313,0 days 00:00:02.599193,1.0,2,0.5,7.673773900163015e-05,2.8315605086823384e-06,50,183,COMPLETE,0.0,,,,,,,,,,,,,,,,,,,,
158,158,0.5403171390013496,2023-08-23 23:31:39.639736,2023-08-23 23:31:42.491161,0 days 00:00:02.851425,1.0,2,0.5,6.343772003487609e-05,0.00019569921630279954,50,184,COMPLETE,0.0,,,,,,,,,,,,,,,,,,,,
159,159,0.5300451788946019,2023-08-23 23:31:39.718049,2023-08-23 23:31:42.676667,0 days 00:00:02.958618,1.0,2,1.0,6.929371883643505e-05,0.007555151641711196,50,250,COMPLETE,0.0,,,,,,,,,,,,,,,,,,,,
160,160,0.5369906907409912,2023-08-23 23:31:39.867975,2023-08-23 23:31:42.258796,0 days 00:00:02.390821,1.0,2,0.5,5.697752152384671e-07,0.0017303540168985012,50,251,COMPLETE,0.0,,,,,,,,,,,,,,,,,,,,
161,161,0.5403171390013496,2023-08-23 23:31:40.801626,2023-08-23 23:31:43.385132,0 days 00:00:02.583506,1.0,2,0.5,4.388490937901999e-07,7.888215501422014e-05,50,181,COMPLETE,0.0,,,,,,,,,,,,,,,,,,,,
162,162,0.5240557472488396,2023-08-23 23:31:40.885508,2023-08-23 23:31:43.488839,0 days 00:00:02.603331,1.0,2,0.5,4.177885211199324e-07,7.729513438598819e-05,50,184,COMPLETE,0.0,,,,,,,,,,,,,,,,,,,,
163,163,0.524043088179677,2023-08-23 23:31:40.954178,2023-08-23 23:31:41.480683,0 days 00:00:00.526505,1.0,2,0.5,8.575709093258703e-07,8.630847267051886e-05,50,15,COMPLETE,0.0,,,,,,,,,,,,,,,,,,,,
164,164,0.5403171390013496,2023-08-23 23:31:41.525543,2023-08-23 23:31:44.546882,0 days 00:00:03.021339,1.0,2,0.5,7.569752584304821e-05,0.00017462151000300903,50,187,COMPLETE,0.0,,,,,,,,,,,,,,,,,,,,
165,165,0.5240557472488396,2023-08-23 23:31:41.926144,2023-08-23 23:31:45.193519,0 days 00:00:03.267375,1.0,2,0.5,4.627946194135956e-07,8.765663163990453e-05,50,191,COMPLETE,0.0,,,,,,,,,,,,,,,,,,,,
166,166,0.5403171390013496,2023-08-23 23:31:42.218857,2023-08-23 23:31:44.472218,0 days 00:00:02.253361,1.0,2,0.5,8.380741847880271e-05,6.690515257499545e-05,50,192,COMPLETE,0.0,,,,,,,,,,,,,,,,,,,,
167,167,0.5369906907409912,2023-08-23 23:31:42.304465,2023-08-23 23:31:44.664237,0 days 00:00:02.359772,1.0,2,0.5,9.570219303754798e-05,6.954420087638285e-05,50,203,COMPLETE,0.0,,,,,,,,,,,,,,,,,,,,
168,168,0.5240557472488396,2023-08-23 23:31:42.538864,2023-08-23 23:31:44.837116,0 days 00:00:02.298252,1.0,2,0.5,3.455625093149363e-05,7.307876646264282e-05,50,185,COMPLETE,0.0,,,,,,,,,,,,,,,,,,,,
169,169,0.5403171390013496,2023-08-23 23:31:42.723742,2023-08-23 23:31:45.275407,0 days 00:00:02.551665,1.0,2,0.5,0.00010132583803620519,7.661519037226317e-05,50,190,COMPLETE,0.0,,,,,,,,,,,,,,,,,,,,
170,170,0.5403171390013496,2023-08-23 23:31:43.433453,2023-08-23 23:31:45.876080,0 days 00:00:02.442627,1.0,2,0.5,0.00010676183486824706,6.859197434612141e-05,50,191,COMPLETE,0.0,,,,,,,,,,,,,,,,,,,,
171,171,0.5403171390013496,2023-08-23 23:31:43.534975,2023-08-23 23:31:46.067100,0 days 00:00:02.532125,1.0,2,0.5,3.6247583526801396e-05,0.00014302707627212606,50,177,COMPLETE,0.0,,,,,,,,,,,,,,,,,,,,
172,172,0.5403171390013496,2023-08-23 23:31:44.533600,2023-08-23 23:31:47.151121,0 days 00:00:02.617521,1.0,2,0.5,0.00010031817554516349,0.00013159108283729973,50,203,COMPLETE,0.0,,,,,,,,,,,,,,,,,,,,
173,173,0.5369906907409912,2023-08-23 23:31:44.596266,2023-08-23 23:31:47.601181,0 days 00:00:03.004915,1.0,2,0.5,9.993507979420026e-05,0.00015838812646305238,50,192,COMPLETE,0.0,,,,,,,,,,,,,,,,,,,,
174,174,0.5240557472488396,2023-08-23 23:31:44.714534,2023-08-23 23:31:47.510804,0 days 00:00:02.796270,1.0,2,0.5,3.595686011329403e-05,0.00015338951550668948,50,195,COMPLETE,0.0,,,,,,,,,,,,,,,,,,,,
175,175,0.5403171390013496,2023-08-23 23:31:44.898921,2023-08-23 23:31:47.298453,0 days 00:00:02.399532,1.0,2,0.5,2.1784752102367002e-05,0.00014097833687989777,50,192,COMPLETE,0.0,,,,,,,,,,,,,,,,,,,,
176,176,0.5369906907409912,2023-08-23 23:31:45.243204,2023-08-23 23:31:47.739963,0 days 00:00:02.496759,1.0,2,0.5,6.973707285477428e-05,0.00015921592187120276,50,196,COMPLETE,0.0,,,,,,,,,,,,,,,,,,,,
177,177,0.5369906907409912,2023-08-23 23:31:45.327359,2023-08-23 23:31:47.232704,0 days 00:00:01.905345,1.0,2,0.5,0.00011253722559132932,0.0001429391464360051,50,194,COMPLETE,0.0,,,,,,,,,,,,,,,,,,,,
178,178,0.5369906907409912,2023-08-23 23:31:45.917930,2023-08-23 23:31:48.724525,0 days 00:00:02.806595,1.0,2,0.5,0.00010385418754317992,0.00014941039399146618,50,196,COMPLETE,0.0,,,,,,,,,,,,,,,,,,,,
179,179,0.5369906907409912,2023-08-23 23:31:46.110782,2023-08-23 23:31:48.499896,0 days 00:00:02.389114,1.0,2,0.5,0.000124952196199207,4.600987848135092e-05,50,192,COMPLETE,0.0,,,,,,,,,,,,,,,,,,,,
180,180,0.5403171390013496,2023-08-23 23:31:47.206269,2023-08-23 23:31:50.141999,0 days 00:00:02.935730,1.0,2,0.5,0.0001192111816802851,0.00023261186525876486,50,196,COMPLETE,0.0,,,,,,,,,,,,,,,,,,,,
181,181,0.5403171390013496,2023-08-23 23:31:47.279584,2023-08-23 23:31:50.377041,0 days 00:00:03.097457,1.0,2,0.5,6.0741218800473474e-05,4.487795537937716e-05,50,195,COMPLETE,0.0,,,,,,,,,,,,,,,,,,,,
182,182,0.5403171390013496,2023-08-23 23:31:47.347803,2023-08-23 23:31:50.455323,0 days 00:00:03.107520,1.0,2,0.5,6.13375629735415e-05,0.00023546893437341042,50,198,COMPLETE,0.0,,,,,,,,,,,,,,,,,,,,
183,183,0.5403171390013496,2023-08-23 23:31:47.561462,2023-08-23 23:31:49.710326,0 days 00:00:02.148864,1.0,2,0.5,6.211270428812622e-05,4.173310630118576e-05,50,198,COMPLETE,0.0,,,,,,,,,,,,,,,,,,,,
184,184,0.5281563906654076,2023-08-23 23:31:47.655987,2023-08-23 23:31:49.870201,0 days 00:00:02.214214,1.0,2,0.5,5.991391472406091e-05,3.256205415203701e-05,60,181,COMPLETE,0.0,,,,,,,,,,,,,,,,,,,,
185,185,0.5268101613123284,2023-08-23 23:31:47.794167,2023-08-23 23:31:49.986477,0 days 00:00:02.192310,1.0,2,0.5,0.00020379368252800828,4.484950443118929e-05,60,180,COMPLETE,0.0,,,,,,,,,,,,,,,,,,,,
186,186,0.5268101613123284,2023-08-23 23:31:48.540833,2023-08-23 23:31:50.697605,0 days 00:00:02.156772,1.0,2,0.5,0.00020457414640470797,0.00022386329602768707,60,180,COMPLETE,0.0,,,,,,,,,,,,,,,,,,,,
187,187,0.5268101613123284,2023-08-23 23:31:48.766738,2023-08-23 23:31:51.127226,0 days 00:00:02.360488,1.0,2,0.5,0.00020811830213521043,4.264930596776591e-05,60,181,COMPLETE,0.0,,,,,,,,,,,,,,,,,,,,
188,188,0.5268101613123284,2023-08-23 23:31:49.755919,2023-08-23 23:31:52.028497,0 days 00:00:02.272578,1.0,2,0.5,0.0002057480528834744,0.00023857922063395294,60,178,COMPLETE,0.0,,,,,,,,,,,,,,,,,,,,
189,189,0.5403171390013496,2023-08-23 23:31:49.913413,2023-08-23 23:31:52.246832,0 days 00:00:02.333419,1.0,2,0.5,0.00020145171059571205,9.415594506488305e-05,50,178,COMPLETE,0.0,,,,,,,,,,,,,,,,,,,,
190,190,0.5403171390013496,2023-08-23 23:31:50.032652,2023-08-23 23:31:52.515757,0 days 00:00:02.483105,1.0,2,0.5,2.8647540759454846e-05,0.0002203186392870815,50,177,COMPLETE,0.0,,,,,,,,,,,,,,,,,,,,
191,191,0.5374138788266212,2023-08-23 23:31:50.190832,2023-08-23 23:31:53.579752,0 days 00:00:03.388920,1.0,2,0.5,3.794716121043219e-05,0.0002482813066572999,40,188,COMPLETE,0.0,,,,,,,,,,,,,,,,,,,,
192,192,0.5281563906654076,2023-08-23 23:31:50.426090,2023-08-23 23:31:52.739334,0 days 00:00:02.313244,1.0,2,0.5,4.1903766648285215e-05,0.00010794912611566402,60,178,COMPLETE,0.0,,,,,,,,,,,,,,,,,,,,
193,193,0.5281563906654076,2023-08-23 23:31:50.507912,2023-08-23 23:31:52.831072,0 days 00:00:02.323160,1.0,2,0.5,3.588670780113169e-05,0.00010935148780348775,60,177,COMPLETE,0.0,,,,,,,,,,,,,,,,,,,,
194,194,0.5374138788266212,2023-08-23 23:31:50.745538,2023-08-23 23:31:54.051358,0 days 00:00:03.305820,1.0,2,0.5,3.969181767175783e-05,0.00010173669770056242,40,212,COMPLETE,0.0,,,,,,,,,,,,,,,,,,,,
195,195,0.5403171390013496,2023-08-23 23:31:51.176538,2023-08-23 23:31:53.662605,0 days 00:00:02.486067,1.0,2,0.5,0.0003742498879699366,9.863401151838441e-05,50,187,COMPLETE,0.0,,,,,,,,,,,,,,,,,,,,
196,196,0.5374138788266212,2023-08-23 23:31:52.071297,2023-08-23 23:31:54.861525,0 days 00:00:02.790228,1.0,2,0.5,3.400609808459187e-05,9.749230404114206e-05,40,189,COMPLETE,0.0,,,,,,,,,,,,,,,,,,,,
197,197,0.5210852278680304,2023-08-23 23:31:52.291267,2023-08-23 23:31:55.260858,0 days 00:00:02.969591,1.0,2,0.4,4.023977882226213e-05,2.552384866588248e-05,40,188,COMPLETE,0.0,,,,,,,,,,,,,,,,,,,,
198,198,0.5403171390013496,2023-08-23 23:31:52.567046,2023-08-23 23:31:54.926668,0 days 00:00:02.359622,1.0,2,0.5,0.00014410413063248463,9.454576395749307e-05,50,212,COMPLETE,0.0,,,,,,,,,,,,,,,,,,,,
199,199,0.5403171390013496,2023-08-23 23:31:52.783341,2023-08-23 23:31:55.195885,0 days 00:00:02.412544,1.0,2,0.5,1.7663901557465784e-05,0.0005258359287381458,50,188,COMPLETE,0.0,,,,,,,,,,,,,,,,,,,,
200,200,0.5403171390013496,2023-08-23 23:31:52.886615,2023-08-23 23:31:55.653651,0 days 00:00:02.767036,1.0,2,0.5,2.798253047761055e-07,0.0005060849194620466,50,210,COMPLETE,0.0,,,,,,,,,,,,,,,,,,,,
201,201,0.5403171390013496,2023-08-23 23:31:53.626956,2023-08-23 23:31:56.227153,0 days 00:00:02.600197,1.0,2,0.5,1.7616904496495743e-05,0.0006114761205669461,50,212,COMPLETE,0.0,,,,,,,,,,,,,,,,,,,,
202,202,0.5240557472488396,2023-08-23 23:31:53.721454,2023-08-23 23:31:56.130323,0 days 00:00:02.408869,1.0,2,0.5,2.53104786848629e-07,6.737817291991502e-05,50,203,COMPLETE,0.0,,,,,,,,,,,,,,,,,,,,
203,203,0.5403171390013496,2023-08-23 23:31:54.095132,2023-08-23 23:31:56.727440,0 days 00:00:02.632308,1.0,2,0.5,1.7687194018719102e-05,0.0005020540301618813,50,202,COMPLETE,0.0,,,,,,,,,,,,,,,,,,,,
204,204,0.5369906907409912,2023-08-23 23:31:54.907307,2023-08-23 23:31:57.188091,0 days 00:00:02.280784,1.0,2,0.5,0.00013687293380057084,0.0004604249177330803,50,205,COMPLETE,0.0,,,,,,,,,,,,,,,,,,,,
205,205,0.5403171390013496,2023-08-23 23:31:54.986030,2023-08-23 23:31:57.501915,0 days 00:00:02.515885,1.0,2,0.5,1.829744587323281e-05,0.0005139565635005923,50,204,COMPLETE,0.0,,,,,,,,,,,,,,,,,,,,
206,206,0.5403171390013496,2023-08-23 23:31:55.243126,2023-08-23 23:31:58.127308,0 days 00:00:02.884182,1.0,2,0.5,8.013505350183867e-05,6.392494217341975e-05,50,204,COMPLETE,0.0,,,,,,,,,,,,,,,,,,,,
