,number,value,datetime_start,datetime_complete,duration,params_bagging_fraction,params_bagging_freq,params_feature_fraction,params_lambda_l1,params_lambda_l2,params_min_child_samples,params_num_leaves,state,best_trial,dev_acc,dev_recall_macro,dev_precision_macro,dev_f1_macro,dev_recall_0,dev_precision_0,dev_f1_0,dev_recall_1,dev_precision_1,dev_f1_1,test_acc,test_recall_macro,test_precision_macro,test_f1_macro,test_recall_0,test_precision_0,test_f1_0,test_recall_1,test_precision_1,test_f1_1
0,0,0.5677178049832206,2023-08-23 23:08:29.259570,2023-08-23 23:08:34.111070,0 days 00:00:04.851500,0.6000000000000001,1,0.6000000000000001,0.007042719005134134,2.3305568305498318e-05,40,198,COMPLETE,0.0,,,,,,,,,,,,,,,,,,,,
1,1,0.588093570396683,2023-08-23 23:08:29.261992,2023-08-23 23:08:31.815235,0 days 00:00:02.553243,0.5,3,0.8,4.759875603077226e-06,8.729645433866545e-08,100,189,COMPLETE,0.0,,,,,,,,,,,,,,,,,,,,
2,2,0.5823039923306925,2023-08-23 23:08:29.264125,2023-08-23 23:08:32.004192,0 days 00:00:02.740067,0.4,1,0.7000000000000001,1.4767184168383856e-07,0.0002661166582728299,40,99,COMPLETE,0.0,,,,,,,,,,,,,,,,,,,,
3,3,0.6176604553344742,2023-08-23 23:08:29.267787,2023-08-23 23:08:29.720940,0 days 00:00:00.453153,0.4,2,0.9,0.002157467604243135,0.0003095855231202986,30,5,COMPLETE,0.0,,,,,,,,,,,,,,,,,,,,
4,4,0.5759537514061012,2023-08-23 23:08:29.271945,2023-08-23 23:08:34.965051,0 days 00:00:05.693106,1.0,2,1.0,0.3408653094558445,0.002285642600149298,40,222,COMPLETE,0.0,,,,,,,,,,,,,,,,,,,,
5,5,0.587637327647611,2023-08-23 23:08:29.276288,2023-08-23 23:08:31.349464,0 days 00:00:02.073176,0.4,1,0.4,0.10435094216677777,1.7404602657375694e-07,90,43,COMPLETE,0.0,,,,,,,,,,,,,,,,,,,,
6,6,0.5824498887802931,2023-08-23 23:08:29.280741,2023-08-23 23:08:33.927343,0 days 00:00:04.646602,0.9,2,0.5,0.5710656809532852,7.069524216101465e-06,100,166,COMPLETE,0.0,,,,,,,,,,,,,,,,,,,,
7,7,0.6127776926460575,2023-08-23 23:08:29.284129,2023-08-23 23:08:29.507270,0 days 00:00:00.223141,0.4,2,0.7000000000000001,2.481465372631134e-07,0.013891475849593663,50,2,COMPLETE,0.0,,,,,,,,,,,,,,,,,,,,
8,8,0.5790313982257338,2023-08-23 23:08:29.558620,2023-08-23 23:08:31.002397,0 days 00:00:01.443777,0.4,2,0.8,0.02268694462592535,3.554385585378884e-08,40,54,COMPLETE,0.0,,,,,,,,,,,,,,,,,,,,
9,9,0.5889192608513936,2023-08-23 23:08:29.770313,2023-08-23 23:08:33.611492,0 days 00:00:03.841179,0.9,3,0.5,4.2196209763609775e-07,2.5383445981478716e-07,100,184,COMPLETE,0.0,,,,,,,,,,,,,,,,,,,,
10,10,0.5853465470445142,2023-08-23 23:08:31.056467,2023-08-23 23:08:34.467460,0 days 00:00:03.410993,0.4,3,0.7000000000000001,0.20647732173070962,0.06459149718670416,80,191,COMPLETE,0.0,,,,,,,,,,,,,,,,,,,,
11,11,0.5677664573543477,2023-08-23 23:08:31.401196,2023-08-23 23:08:36.698488,0 days 00:00:05.297292,0.6000000000000001,3,0.4,0.0002460787739133501,0.0021037872112439856,20,209,COMPLETE,0.0,,,,,,,,,,,,,,,,,,,,
12,12,0.5885681356869203,2023-08-23 23:08:31.871757,2023-08-23 23:08:34.768157,0 days 00:00:02.896400,0.9,3,0.7000000000000001,3.118935966414549e-06,0.000811667421832276,100,105,COMPLETE,0.0,,,,,,,,,,,,,,,,,,,,
13,13,0.5849501888474771,2023-08-23 23:08:32.058895,2023-08-23 23:08:38.048053,0 days 00:00:05.989158,1.0,2,0.5,3.957326936564916e-06,1.3397762453163135e-05,50,211,COMPLETE,0.0,,,,,,,,,,,,,,,,,,,,
14,14,0.608119069258358,2023-08-23 23:08:33.668282,2023-08-23 23:08:35.349931,0 days 00:00:01.681649,0.7000000000000001,1,0.8,3.9931059777050314e-07,0.0040135442567480785,50,44,COMPLETE,0.0,,,,,,,,,,,,,,,,,,,,
15,15,0.5858692295345183,2023-08-23 23:08:33.978029,2023-08-23 23:08:37.135612,0 days 00:00:03.157583,0.8,1,1.0,0.5042954515073794,8.756125774800843e-07,80,99,COMPLETE,0.0,,,,,,,,,,,,,,,,,,,,
16,16,0.5919028276983919,2023-08-23 23:08:34.155056,2023-08-23 23:08:40.066751,0 days 00:00:05.911695,0.7000000000000001,2,0.5,9.322714461146186e-08,0.23339770013613326,40,232,COMPLETE,0.0,,,,,,,,,,,,,,,,,,,,
17,17,0.5982730057514378,2023-08-23 23:08:34.515165,2023-08-23 23:08:41.286598,0 days 00:00:06.771433,0.7000000000000001,2,1.0,0.00042795024752172536,0.8511420054744016,10,247,COMPLETE,0.0,,,,,,,,,,,,,,,,,,,,
18,18,0.604505071453615,2023-08-23 23:08:34.815519,2023-08-23 23:08:35.259983,0 days 00:00:00.444464,0.7000000000000001,2,1.0,0.0002418751007491418,0.020493275053900622,10,2,COMPLETE,0.0,,,,,,,,,,,,,,,,,,,,
19,19,0.6218887359266074,2023-08-23 23:08:35.017803,2023-08-23 23:08:35.606882,0 days 00:00:00.589079,0.7000000000000001,2,1.0,0.00027028184496486645,0.13014227183830318,10,5,COMPLETE,0.0,,,,,,,,,,,,,,,,,,,,
20,20,0.6076868488353236,2023-08-23 23:08:35.323868,2023-08-23 23:08:35.851394,0 days 00:00:00.527526,0.6000000000000001,2,0.9,1.2638064280608434e-08,0.9207647152965102,60,2,COMPLETE,0.0,,,,,,,,,,,,,,,,,,,,
21,21,0.6086008631836537,2023-08-23 23:08:35.401727,2023-08-23 23:08:35.853623,0 days 00:00:00.451896,0.6000000000000001,2,0.9,1.1158239946771207e-08,0.4912431117870571,10,2,COMPLETE,0.0,,,,,,,,,,,,,,,,,,,,
22,22,0.5950231698105028,2023-08-23 23:08:35.653130,2023-08-23 23:08:38.280371,0 days 00:00:02.627241,0.6000000000000001,2,0.9,0.0006925947196453924,0.5826184188517486,10,78,COMPLETE,0.0,,,,,,,,,,,,,,,,,,,,
23,23,0.594552472849426,2023-08-23 23:08:35.955885,2023-08-23 23:08:38.107523,0 days 00:00:02.151638,0.8,3,0.9,0.0010636075112139586,0.0001057052873940891,20,64,COMPLETE,0.0,,,,,,,,,,,,,,,,,,,,
24,24,0.6085955253244675,2023-08-23 23:08:35.980560,2023-08-23 23:08:38.691953,0 days 00:00:02.711393,0.8,1,0.9,0.0006915067609649702,0.00013283453386229554,20,72,COMPLETE,0.0,,,,,,,,,,,,,,,,,,,,
25,25,0.5849645585354148,2023-08-23 23:08:36.744298,2023-08-23 23:08:38.868967,0 days 00:00:02.124669,0.8,2,0.9,0.0013807955949689539,0.00017231739311427744,20,67,COMPLETE,0.0,,,,,,,,,,,,,,,,,,,,
26,26,0.5971981980046828,2023-08-23 23:08:37.181089,2023-08-23 23:08:39.680892,0 days 00:00:02.499803,0.8,2,0.9,0.0009909349533438361,0.00018852516565488587,20,72,COMPLETE,0.0,,,,,,,,,,,,,,,,,,,,
27,27,0.5818240661409246,2023-08-23 23:08:38.098312,2023-08-23 23:08:44.444837,0 days 00:00:06.346525,0.8,2,0.9,0.0016505435216642589,0.00015361878303395702,20,248,COMPLETE,0.0,,,,,,,,,,,,,,,,,,,,
28,28,0.606930368046356,2023-08-23 23:08:38.176544,2023-08-23 23:08:39.389682,0 days 00:00:01.213138,0.5,2,0.9,1.9619753817756706e-05,0.028566475817544856,20,25,COMPLETE,0.0,,,,,,,,,,,,,,,,,,,,
29,29,0.5591164550595638,2023-08-23 23:08:38.331450,2023-08-23 23:08:44.688487,0 days 00:00:06.357037,0.5,2,1.0,3.5437449797717694e-05,0.03474855951373059,30,253,COMPLETE,0.0,,,,,,,,,,,,,,,,,,,,
30,30,0.6045538218793829,2023-08-23 23:08:38.741540,2023-08-23 23:08:39.946220,0 days 00:00:01.204680,0.5,2,1.0,3.571720494929549e-05,0.015840772751763734,30,29,COMPLETE,0.0,,,,,,,,,,,,,,,,,,,,
31,31,0.6045401975493874,2023-08-23 23:08:38.914701,2023-08-23 23:08:40.221834,0 days 00:00:01.307133,0.5,2,0.6000000000000001,2.9062072098016065e-05,0.012047276890357698,30,28,COMPLETE,0.0,,,,,,,,,,,,,,,,,,,,
32,32,0.6006624935263609,2023-08-23 23:08:39.440794,2023-08-23 23:08:40.773246,0 days 00:00:01.332452,0.5,2,1.0,4.4062500917469057e-05,0.11785938531579963,30,29,COMPLETE,0.0,,,,,,,,,,,,,,,,,,,,
33,33,0.5726317208185912,2023-08-23 23:08:39.729985,2023-08-23 23:08:45.928681,0 days 00:00:06.198696,0.5,2,1.0,5.235504349364684e-05,0.009342978133300109,30,253,COMPLETE,0.0,,,,,,,,,,,,,,,,,,,,
34,34,0.5729555691112214,2023-08-23 23:08:40.004745,2023-08-23 23:08:43.372550,0 days 00:00:03.367805,0.5,2,0.6000000000000001,7.686612484248244e-05,0.12197522150946861,60,140,COMPLETE,0.0,,,,,,,,,,,,,,,,,,,,
35,35,0.5824221515864392,2023-08-23 23:08:40.115352,2023-08-23 23:08:44.137852,0 days 00:00:04.022500,0.5,2,0.6000000000000001,4.48189114197499e-05,0.006528411045333121,60,255,COMPLETE,0.0,,,,,,,,,,,,,,,,,,,,
36,36,0.5850777307194847,2023-08-23 23:08:40.265728,2023-08-23 23:08:43.796716,0 days 00:00:03.530988,0.5,1,0.6000000000000001,0.0056550489423838465,0.09914297120836585,60,254,COMPLETE,0.0,,,,,,,,,,,,,,,,,,,,
37,37,0.5767098058662875,2023-08-23 23:08:40.817021,2023-08-23 23:08:43.447442,0 days 00:00:02.630421,0.4,1,0.6000000000000001,0.007447454676638618,0.06723731803979266,60,135,COMPLETE,0.0,,,,,,,,,,,,,,,,,,,,
38,38,0.6030370939705854,2023-08-23 23:08:41.334180,2023-08-23 23:08:41.903039,0 days 00:00:00.568859,0.6000000000000001,2,0.8,1.140514816130218e-08,0.20155737936033702,60,13,COMPLETE,0.0,,,,,,,,,,,,,,,,,,,,
39,39,0.6054762944943071,2023-08-23 23:08:41.953102,2023-08-23 23:08:42.513247,0 days 00:00:00.560145,0.4,2,0.8,0.007308159232098096,0.03880022428014119,10,14,COMPLETE,0.0,,,,,,,,,,,,,,,,,,,,
40,40,0.608515340691141,2023-08-23 23:08:42.561324,2023-08-23 23:08:42.819916,0 days 00:00:00.258592,0.5,1,0.6000000000000001,0.0031095864879469334,0.08415422644106686,30,2,COMPLETE,0.0,,,,,,,,,,,,,,,,,,,,
41,41,0.5884215583508036,2023-08-23 23:08:42.861832,2023-08-23 23:08:46.054864,0 days 00:00:03.193032,0.4,2,0.7000000000000001,0.00014718964401441752,0.00891921042836146,50,143,COMPLETE,0.0,,,,,,,,,,,,,,,,,,,,
42,42,0.5923742406719991,2023-08-23 23:08:43.419584,2023-08-23 23:08:45.203044,0 days 00:00:01.783460,0.4,3,0.7000000000000001,3.62445343948034e-08,0.006390813128003573,50,45,COMPLETE,0.0,,,,,,,,,,,,,,,,,,,,
43,43,0.6052031938597817,2023-08-23 23:08:43.496241,2023-08-23 23:08:45.159875,0 days 00:00:01.663634,0.6000000000000001,3,0.7000000000000001,4.1004968620740577e-08,0.32443235640147117,50,42,COMPLETE,0.0,,,,,,,,,,,,,,,,,,,,
44,44,0.5828111565707705,2023-08-23 23:08:43.847073,2023-08-23 23:08:45.689680,0 days 00:00:01.842607,0.4,3,0.8,3.274270648852935e-08,0.009550896994748447,50,40,COMPLETE,0.0,,,,,,,,,,,,,,,,,,,,
45,45,0.5926168924952976,2023-08-23 23:08:44.193272,2023-08-23 23:08:45.641679,0 days 00:00:01.448407,0.6000000000000001,3,0.8,2.970956259285564e-08,0.0007006258254509919,50,41,COMPLETE,0.0,,,,,,,,,,,,,,,,,,,,
46,46,0.5886427004314423,2023-08-23 23:08:44.503577,2023-08-23 23:08:46.319452,0 days 00:00:01.815875,0.4,3,0.8,3.6703133052553935e-08,0.0007723949560793969,50,46,COMPLETE,0.0,,,,,,,,,,,,,,,,,,,,
47,47,0.589680901544428,2023-08-23 23:08:44.733759,2023-08-23 23:08:46.681485,0 days 00:00:01.947726,0.4,3,0.8,4.682167269640191e-08,0.289690191351437,50,48,COMPLETE,0.0,,,,,,,,,,,,,,,,,,,,
48,48,0.6075692742987038,2023-08-23 23:08:45.204157,2023-08-23 23:08:46.226310,0 days 00:00:01.022153,0.7000000000000001,1,0.8,0.00014118988336805991,3.66565581568851e-05,10,16,COMPLETE,0.0,,,,,,,,,,,,,,,,,,,,
49,49,0.603967483590785,2023-08-23 23:08:45.261716,2023-08-23 23:08:46.416562,0 days 00:00:01.154846,0.7000000000000001,1,0.8,0.00017469596872402447,0.0004612587768013181,10,18,COMPLETE,0.0,,,,,,,,,,,,,,,,,,,,
50,50,0.6148855392352138,2023-08-23 23:08:45.685914,2023-08-23 23:08:46.955408,0 days 00:00:01.269494,0.9,1,0.9,0.0001909875683981337,7.447114875201354e-05,10,16,COMPLETE,0.0,,,,,,,,,,,,,,,,,,,,
51,51,0.615495283692145,2023-08-23 23:08:45.741845,2023-08-23 23:08:46.809024,0 days 00:00:01.067179,0.7000000000000001,1,0.9,0.00021278596279938555,4.348555052175262e-05,10,14,COMPLETE,0.0,,,,,,,,,,,,,,,,,,,,
52,52,0.6148855392352138,2023-08-23 23:08:45.973695,2023-08-23 23:08:47.037282,0 days 00:00:01.063587,0.9,1,0.9,0.00015968206995340043,5.511471759529534e-05,10,16,COMPLETE,0.0,,,,,,,,,,,,,,,,,,,,
53,53,0.6146589621992582,2023-08-23 23:08:46.099019,2023-08-23 23:08:47.189485,0 days 00:00:01.090466,0.7000000000000001,1,0.9,0.039589553335162855,4.378441058867503e-05,10,15,COMPLETE,0.0,,,,,,,,,,,,,,,,,,,,
54,54,0.5956495840876714,2023-08-23 23:08:46.269966,2023-08-23 23:08:50.335925,0 days 00:00:04.065959,0.9,1,0.9,1.15101343035687e-06,0.002116116274718681,10,118,COMPLETE,0.0,,,,,,,,,,,,,,,,,,,,
55,55,0.5883400017350432,2023-08-23 23:08:46.361757,2023-08-23 23:08:49.006251,0 days 00:00:02.644494,0.9,1,0.9,8.968651211739059e-06,0.0035319632867220735,70,83,COMPLETE,0.0,,,,,,,,,,,,,,,,,,,,
56,56,0.5839332453063106,2023-08-23 23:08:46.459475,2023-08-23 23:08:49.111058,0 days 00:00:02.651583,0.9,1,0.9,5.23443717625416e-07,0.0020652424947973217,70,92,COMPLETE,0.0,,,,,,,,,,,,,,,,,,,,
57,57,0.584664783362906,2023-08-23 23:08:46.726141,2023-08-23 23:08:49.210242,0 days 00:00:02.484101,0.9,1,0.9,3.4421836655889065e-07,0.0015348851670269762,40,95,COMPLETE,0.0,,,,,,,,,,,,,,,,,,,,
58,58,0.5938922202625907,2023-08-23 23:08:46.853679,2023-08-23 23:08:49.457660,0 days 00:00:02.603981,0.9,1,0.9,0.0004099288506580116,5.345857430716117e-05,10,85,COMPLETE,0.0,,,,,,,,,,,,,,,,,,,,
59,59,0.6210578035113083,2023-08-23 23:08:47.000168,2023-08-23 23:08:47.669916,0 days 00:00:00.669748,1.0,1,0.9,4.935303300692681e-07,4.384173899718635e-05,10,11,COMPLETE,0.0,,,,,,,,,,,,,,,,,,,,
60,60,0.6127932216864718,2023-08-23 23:08:47.078832,2023-08-23 23:08:47.938786,0 days 00:00:00.859954,1.0,1,1.0,0.0003755393357701188,5.4714439437091694e-05,70,14,COMPLETE,0.0,,,,,,,,,,,,,,,,,,,,
61,61,0.6139408966604434,2023-08-23 23:08:47.233025,2023-08-23 23:08:48.015188,0 days 00:00:00.782163,1.0,1,0.9,0.0003205028651291623,2.3189599394622472e-05,10,22,COMPLETE,0.0,,,,,,,,,,,,,,,,,,,,
62,62,0.615241911480958,2023-08-23 23:08:47.713889,2023-08-23 23:08:48.749178,0 days 00:00:01.035289,1.0,1,1.0,0.0003771862898309126,1.1306952095889766e-05,10,34,COMPLETE,0.0,,,,,,,,,,,,,,,,,,,,
63,63,0.6151328209078987,2023-08-23 23:08:47.996635,2023-08-23 23:08:49.307712,0 days 00:00:01.311077,0.9,1,0.9,0.00035040032490727785,1.540905661222553e-05,10,33,COMPLETE,0.0,,,,,,,,,,,,,,,,,,,,
64,64,0.6055163609092635,2023-08-23 23:08:48.062798,2023-08-23 23:08:50.018922,0 days 00:00:01.956124,0.9,1,1.0,8.430630357263878e-06,8.912029374060617e-06,20,57,COMPLETE,0.0,,,,,,,,,,,,,,,,,,,,
65,65,0.5988548322547813,2023-08-23 23:08:48.794439,2023-08-23 23:08:50.799129,0 days 00:00:02.004690,0.9,1,1.0,1.2642010595614045e-05,9.674051422590074e-06,20,59,COMPLETE,0.0,,,,,,,,,,,,,,,,,,,,
66,66,0.5959305782434268,2023-08-23 23:08:49.051924,2023-08-23 23:08:52.180561,0 days 00:00:03.128637,1.0,1,1.0,0.000604644534595811,7.198007010757843e-06,20,117,COMPLETE,0.0,,,,,,,,,,,,,,,,,,,,
67,67,0.6072551583229066,2023-08-23 23:08:49.162190,2023-08-23 23:08:51.741233,0 days 00:00:02.579043,1.0,1,1.0,8.199532016307806e-05,7.402185817339804e-06,20,58,COMPLETE,0.0,,,,,,,,,,,,,,,,,,,,
68,68,0.6128032884375475,2023-08-23 23:08:49.261649,2023-08-23 23:08:50.656761,0 days 00:00:01.395112,1.0,1,1.0,9.552374396767528e-05,1.0926139283259183e-05,20,34,COMPLETE,0.0,,,,,,,,,,,,,,,,,,,,
69,69,0.6098279039615188,2023-08-23 23:08:49.357705,2023-08-23 23:08:51.645706,0 days 00:00:02.288001,1.0,1,1.0,0.0005529701284727936,7.945060265093294e-06,20,57,COMPLETE,0.0,,,,,,,,,,,,,,,,,,,,
70,70,0.6059261465157832,2023-08-23 23:08:49.506863,2023-08-23 23:08:50.512938,0 days 00:00:01.006075,1.0,1,1.0,7.486289663179708e-05,4.511497315800355e-06,20,35,COMPLETE,0.0,,,,,,,,,,,,,,,,,,,,
71,71,0.6196003779209502,2023-08-23 23:08:50.061174,2023-08-23 23:08:50.565639,0 days 00:00:00.504465,1.0,1,1.0,0.0008139294582788227,2.734349865366631e-06,20,7,COMPLETE,0.0,,,,,,,,,,,,,,,,,,,,
72,72,0.6128032884375475,2023-08-23 23:08:50.381619,2023-08-23 23:08:51.818070,0 days 00:00:01.436451,1.0,1,1.0,7.99214780366087e-05,3.1920033659068126e-06,20,34,COMPLETE,0.0,,,,,,,,,,,,,,,,,,,,
73,73,0.6170366832529914,2023-08-23 23:08:50.556301,2023-08-23 23:08:51.399677,0 days 00:00:00.843376,1.0,1,1.0,0.0005985631728721131,0.0002670319557186062,20,8,COMPLETE,0.0,,,,,,,,,,,,,,,,,,,,
74,74,0.6144587572677267,2023-08-23 23:08:50.608806,2023-08-23 23:08:51.502938,0 days 00:00:00.894132,1.0,1,1.0,0.0025623328456424706,3.5047098613183473e-06,20,8,COMPLETE,0.0,,,,,,,,,,,,,,,,,,,,
75,75,0.6170366832529914,2023-08-23 23:08:50.715023,2023-08-23 23:08:51.287313,0 days 00:00:00.572290,1.0,1,1.0,0.0005611957909682882,4.223051219975435e-06,20,8,COMPLETE,0.0,,,,,,,,,,,,,,,,,,,,
76,76,0.6170366832529914,2023-08-23 23:08:50.841015,2023-08-23 23:08:51.339773,0 days 00:00:00.498758,1.0,1,1.0,0.0005900562251720604,2.100262191236517e-06,20,8,COMPLETE,0.0,,,,,,,,,,,,,,,,,,,,
77,77,0.6194134400965579,2023-08-23 23:08:51.332026,2023-08-23 23:08:52.404031,0 days 00:00:01.072005,1.0,1,1.0,0.0006374579780799071,4.142362923843125e-06,20,10,COMPLETE,0.0,,,,,,,,,,,,,,,,,,,,
78,78,0.6170366832529914,2023-08-23 23:08:51.390008,2023-08-23 23:08:52.297994,0 days 00:00:00.907986,1.0,1,1.0,0.0006285287639098362,3.255221742638567e-06,20,8,COMPLETE,0.0,,,,,,,,,,,,,,,,,,,,
79,79,0.6196003779209502,2023-08-23 23:08:51.447383,2023-08-23 23:08:52.401946,0 days 00:00:00.954563,1.0,1,1.0,0.0006936238996163436,4.877261494144036e-06,20,7,COMPLETE,0.0,,,,,,,,,,,,,,,,,,,,
80,80,0.6179104430753557,2023-08-23 23:08:51.550750,2023-08-23 23:08:52.575116,0 days 00:00:01.024366,1.0,1,1.0,0.0008625365222622587,1.503805351933696e-06,30,8,COMPLETE,0.0,,,,,,,,,,,,,,,,,,,,
81,81,0.6179104430753557,2023-08-23 23:08:51.693126,2023-08-23 23:08:52.660729,0 days 00:00:00.967603,1.0,1,1.0,0.0008349231182623232,1.3796972794000472e-06,30,8,COMPLETE,0.0,,,,,,,,,,,,,,,,,,,,
82,82,0.6179104430753557,2023-08-23 23:08:51.791679,2023-08-23 23:08:52.811704,0 days 00:00:01.020025,1.0,1,1.0,0.0009111614197770173,1.179977792303111e-06,30,8,COMPLETE,0.0,,,,,,,,,,,,,,,,,,,,
83,83,0.6236444868718243,2023-08-23 23:08:51.865800,2023-08-23 23:08:52.713737,0 days 00:00:00.847937,1.0,1,1.0,0.0008771024024066073,1.4923359896688055e-06,30,7,COMPLETE,0.0,,,,,,,,,,,,,,,,,,,,
84,84,0.6175128798860421,2023-08-23 23:08:52.222648,2023-08-23 23:08:52.971621,0 days 00:00:00.748973,1.0,1,1.0,0.0009471909574798414,0.0002720304333562699,30,6,COMPLETE,0.0,,,,,,,,,,,,,,,,,,,,
85,85,0.6212140109403537,2023-08-23 23:08:52.340404,2023-08-23 23:08:53.474118,0 days 00:00:01.133714,1.0,1,1.0,0.0010580412923173379,1.3802815365180704e-06,30,24,COMPLETE,0.0,,,,,,,,,,,,,,,,,,,,
86,86,0.6037875668999588,2023-08-23 23:08:52.492091,2023-08-23 23:08:53.732940,0 days 00:00:01.240849,1.0,1,0.4,0.0009128818525022008,1.0968741676184309e-06,30,24,COMPLETE,0.0,,,,,,,,,,,,,,,,,,,,
87,87,0.6185391834324766,2023-08-23 23:08:52.496797,2023-08-23 23:08:53.638625,0 days 00:00:01.141828,1.0,1,1.0,0.0010075944196038748,6.25944431659269e-07,30,22,COMPLETE,0.0,,,,,,,,,,,,,,,,,,,,
88,88,0.6189891275598328,2023-08-23 23:08:52.618306,2023-08-23 23:08:53.873344,0 days 00:00:01.255038,1.0,1,1.0,0.000998115685232105,1.0812461321503072e-06,30,23,COMPLETE,0.0,,,,,,,,,,,,,,,,,,,,
89,89,0.6212140109403537,2023-08-23 23:08:52.705015,2023-08-23 23:08:54.271645,0 days 00:00:01.566630,1.0,1,1.0,0.0014143865103261593,1.3022224801623142e-06,30,24,COMPLETE,0.0,,,,,,,,,,,,,,,,,,,,
90,90,0.6110678615375492,2023-08-23 23:08:52.759024,2023-08-23 23:08:54.112794,0 days 00:00:01.353770,1.0,1,1.0,0.001289069885375513,8.722189638237553e-07,40,25,COMPLETE,0.0,,,,,,,,,,,,,,,,,,,,
91,91,0.6189891275598328,2023-08-23 23:08:52.856443,2023-08-23 23:08:54.203268,0 days 00:00:01.346825,1.0,1,1.0,0.0012716903932563086,8.290203240302588e-07,30,23,COMPLETE,0.0,,,,,,,,,,,,,,,,,,,,
92,92,0.6201810610462403,2023-08-23 23:08:53.020873,2023-08-23 23:08:54.037305,0 days 00:00:01.016432,1.0,1,1.0,0.0011647503617708615,8.281763408373468e-07,40,23,COMPLETE,0.0,,,,,,,,,,,,,,,,,,,,
93,93,0.6201810610462403,2023-08-23 23:08:53.518034,2023-08-23 23:08:54.693728,0 days 00:00:01.175694,1.0,1,1.0,0.0017006043012598624,5.108133310128117e-07,40,23,COMPLETE,0.0,,,,,,,,,,,,,,,,,,,,
94,94,0.618410243373261,2023-08-23 23:08:53.683992,2023-08-23 23:08:54.954193,0 days 00:00:01.270201,1.0,1,1.0,0.001547187868687734,4.6334661536453437e-07,40,22,COMPLETE,0.0,,,,,,,,,,,,,,,,,,,,
95,95,0.618410243373261,2023-08-23 23:08:53.786665,2023-08-23 23:08:54.842060,0 days 00:00:01.055395,1.0,1,1.0,0.001737983659550527,5.577027678600845e-07,40,22,COMPLETE,0.0,,,,,,,,,,,,,,,,,,,,
96,96,0.6201810610462403,2023-08-23 23:08:53.917455,2023-08-23 23:08:55.187854,0 days 00:00:01.270399,1.0,1,1.0,0.001630999197582998,3.8360106627339473e-07,40,23,COMPLETE,0.0,,,,,,,,,,,,,,,,,,,,
97,97,0.609181367737408,2023-08-23 23:08:54.089981,2023-08-23 23:08:55.627998,0 days 00:00:01.538017,1.0,1,1.0,0.0016987775541738644,4.5272385436697305e-07,40,25,COMPLETE,0.0,,,,,,,,,,,,,,,,,,,,
98,98,0.618410243373261,2023-08-23 23:08:54.156486,2023-08-23 23:08:55.497800,0 days 00:00:01.341314,1.0,1,1.0,0.001942399435871936,6.978698798378389e-07,40,22,COMPLETE,0.0,,,,,,,,,,,,,,,,,,,,
99,99,0.5888293591235996,2023-08-23 23:08:54.244299,2023-08-23 23:08:59.363717,0 days 00:00:05.119418,1.0,1,1.0,0.002131763695265758,4.7674072493191486e-07,40,172,COMPLETE,0.0,,,,,,,,,,,,,,,,,,,,
100,100,0.6138071972188293,2023-08-23 23:08:54.328334,2023-08-23 23:08:55.439102,0 days 00:00:01.110768,1.0,1,1.0,0.0019142014249849783,3.666631086206708e-07,40,19,COMPLETE,0.0,,,,,,,,,,,,,,,,,,,,
101,101,0.6038459157933243,2023-08-23 23:08:54.738040,2023-08-23 23:08:55.106930,0 days 00:00:00.368890,1.0,1,1.0,0.002007236441632693,4.19082707845522e-07,40,2,COMPLETE,0.0,,,,,,,,,,,,,,,,,,,,
102,102,0.5856388884011059,2023-08-23 23:08:54.884804,2023-08-23 23:08:59.260896,0 days 00:00:04.376092,1.0,1,1.0,0.0023407200869343683,3.7616708600748457e-07,40,170,COMPLETE,0.0,,,,,,,,,,,,,,,,,,,,
103,103,0.6024987249656854,2023-08-23 23:08:54.998411,2023-08-23 23:08:56.556079,0 days 00:00:01.557668,1.0,1,1.0,0.003619094567519707,2.708079313679491e-07,40,51,COMPLETE,0.0,,,,,,,,,,,,,,,,,,,,
104,104,0.5882826592217272,2023-08-23 23:08:55.151410,2023-08-23 23:08:59.546529,0 days 00:00:04.395119,1.0,1,1.0,0.004694729862258767,2.802627241567061e-07,40,167,COMPLETE,0.0,,,,,,,,,,,,,,,,,,,,
