,number,value,datetime_start,datetime_complete,duration,params_bagging_fraction,params_bagging_freq,params_feature_fraction,params_lambda_l1,params_lambda_l2,params_min_child_samples,params_num_leaves,state,best_trial,dev_acc,dev_recall_macro,dev_precision_macro,dev_f1_macro,dev_recall_0,dev_precision_0,dev_f1_0,dev_recall_1,dev_precision_1,dev_f1_1,test_acc,test_recall_macro,test_precision_macro,test_f1_macro,test_recall_0,test_precision_0,test_f1_0,test_recall_1,test_precision_1,test_f1_1
104,104,0.6179371829266416,2023-08-24 12:36:58.723243,2023-08-24 12:37:01.860838,0 days 00:00:03.137595,1.0,2,0.8,0.04748096012669933,0.027291362823291875,40,82,COMPLETE,0.0,,,,,,,,,,,,,,,,,,,,
105,105,0.6056667705847179,2023-08-24 12:36:59.306697,2023-08-24 12:37:02.388815,0 days 00:00:03.082118,1.0,2,1.0,0.008518475133806299,0.02484913680787193,70,104,COMPLETE,0.0,,,,,,,,,,,,,,,,,,,,
106,106,0.6105623783328453,2023-08-24 12:36:59.368824,2023-08-24 12:37:02.747069,0 days 00:00:03.378245,0.9,2,0.9,0.04455917620076831,0.025085954994913007,70,133,COMPLETE,0.0,,,,,,,,,,,,,,,,,,,,
107,107,0.605226192537859,2023-08-24 12:36:59.485939,2023-08-24 12:37:02.176238,0 days 00:00:02.690299,0.9,2,0.9,0.04308751217001309,0.2169292102083152,70,104,COMPLETE,0.0,,,,,,,,,,,,,,,,,,,,
108,108,0.6122314454699664,2023-08-24 12:37:00.038464,2023-08-24 12:37:02.668643,0 days 00:00:02.630179,0.9,2,0.9,0.041899473909644165,0.02740561475234668,70,104,COMPLETE,0.0,,,,,,,,,,,,,,,,,,,,
109,109,0.6209729339960341,2023-08-24 12:37:00.671447,2023-08-24 12:37:04.465885,0 days 00:00:03.794438,0.9,2,0.5,0.7407997614381183,0.005107593539127671,70,131,COMPLETE,0.0,,,,,,,,,,,,,,,,,,,,
110,110,0.6159002538641987,2023-08-24 12:37:00.724428,2023-08-24 12:37:03.416752,0 days 00:00:02.692324,0.9,2,0.5,0.08010760376886969,0.005464646001842542,70,131,COMPLETE,0.0,,,,,,,,,,,,,,,,,,,,
111,111,0.6245515803293881,2023-08-24 12:37:01.239013,2023-08-24 12:37:04.006110,0 days 00:00:02.767097,0.9,2,0.5,0.6610973093468436,0.05468193861566457,70,130,COMPLETE,0.0,,,,,,,,,,,,,,,,,,,,
112,112,0.5974210186976145,2023-08-24 12:37:01.915483,2023-08-24 12:37:04.733499,0 days 00:00:02.818016,0.9,2,0.9,0.31850073935530226,0.0057319017019902265,70,104,COMPLETE,0.0,,,,,,,,,,,,,,,,,,,,
113,113,0.6222552597197819,2023-08-24 12:37:02.223173,2023-08-24 12:37:04.518702,0 days 00:00:02.295529,0.9,2,0.5,0.2610528437511227,0.05439173985077918,70,104,COMPLETE,0.0,,,,,,,,,,,,,,,,,,,,
114,114,0.6253111516760703,2023-08-24 12:37:02.434760,2023-08-24 12:37:06.426537,0 days 00:00:03.991777,0.9,2,0.5,0.7258592591704224,0.15174170579830756,20,133,COMPLETE,0.0,,,,,,,,,,,,,,,,,,,,
115,115,0.6063324592736358,2023-08-24 12:37:02.714944,2023-08-24 12:37:05.892759,0 days 00:00:03.177815,0.9,2,0.5,0.29890356329053824,0.0056958823619646225,60,127,COMPLETE,0.0,,,,,,,,,,,,,,,,,,,,
116,116,0.6199589391101757,2023-08-24 12:37:02.796914,2023-08-24 12:37:05.276348,0 days 00:00:02.479434,0.9,2,0.5,0.6959007002220521,0.05089544489588134,60,157,COMPLETE,0.0,,,,,,,,,,,,,,,,,,,,
117,117,0.6148149675875857,2023-08-24 12:37:03.460555,2023-08-24 12:37:06.204678,0 days 00:00:02.744123,0.9,2,0.5,0.298062335837139,0.05476933202516563,60,158,COMPLETE,0.0,,,,,,,,,,,,,,,,,,,,
118,118,0.6334764401817238,2023-08-24 12:37:04.048096,2023-08-24 12:37:05.783613,0 days 00:00:01.735517,0.8,2,0.4,0.30427853090302975,0.008728058705699442,100,94,COMPLETE,0.0,,,,,,,,,,,,,,,,,,,,
119,119,0.6122314454699664,2023-08-24 12:37:04.515902,2023-08-24 12:37:06.080331,0 days 00:00:01.564429,0.5,2,0.4,0.2829222181516552,0.007736847990390445,100,49,COMPLETE,0.0,,,,,,,,,,,,,,,,,,,,
120,120,0.6375457131247461,2023-08-24 12:37:04.579322,2023-08-24 12:37:05.731970,0 days 00:00:01.152648,0.8,2,0.4,0.3090959477614396,0.008825313359169472,90,24,COMPLETE,0.0,,,,,,,,,,,,,,,,,,,,
121,121,0.6056165190523638,2023-08-24 12:37:04.777533,2023-08-24 12:37:07.334403,0 days 00:00:02.556870,0.8,2,0.4,1.7238792361302107e-05,0.016829366053603554,60,95,COMPLETE,0.0,,,,,,,,,,,,,,,,,,,,
122,122,0.6208693180717133,2023-08-24 12:37:05.318161,2023-08-24 12:37:06.845852,0 days 00:00:01.527691,0.8,2,0.4,0.3041113079343291,0.00839582706489203,100,51,COMPLETE,0.0,,,,,,,,,,,,,,,,,,,,
123,123,0.6328362845604225,2023-08-24 12:37:05.778065,2023-08-24 12:37:07.174795,0 days 00:00:01.396730,0.8,2,0.4,0.1988415885438316,0.009276086286928813,100,25,COMPLETE,0.0,,,,,,,,,,,,,,,,,,,,
124,124,0.6207013854527461,2023-08-24 12:37:05.842599,2023-08-24 12:37:07.904907,0 days 00:00:02.062308,0.8,2,0.4,0.20211217053990932,0.010495448437571327,100,97,COMPLETE,0.0,,,,,,,,,,,,,,,,,,,,
125,125,0.6304222510448192,2023-08-24 12:37:05.939004,2023-08-24 12:37:07.757893,0 days 00:00:01.818889,0.8,2,0.4,0.19231647049693068,0.010907049837446113,100,91,COMPLETE,0.0,,,,,,,,,,,,,,,,,,,,
126,126,0.6238935077163448,2023-08-24 12:37:06.128156,2023-08-24 12:37:08.119432,0 days 00:00:01.991276,0.8,2,0.4,0.21501848492207837,0.010369918346796318,90,90,COMPLETE,0.0,,,,,,,,,,,,,,,,,,,,
127,127,0.6211551445253853,2023-08-24 12:37:06.249612,2023-08-24 12:37:08.806469,0 days 00:00:02.556857,0.8,2,0.4,0.1866908237176505,0.15716877933559167,90,96,COMPLETE,0.0,,,,,,,,,,,,,,,,,,,,
128,128,0.6117843990626046,2023-08-24 12:37:06.469812,2023-08-24 12:37:08.501742,0 days 00:00:02.031930,0.8,2,0.4,0.5688266025809965,0.15853833978030205,90,93,COMPLETE,0.0,,,,,,,,,,,,,,,,,,,,
129,129,0.6156679773776206,2023-08-24 12:37:06.887492,2023-08-24 12:37:09.920665,0 days 00:00:03.033173,0.8,2,0.4,0.9832187504765486,0.15721852851914966,20,91,COMPLETE,0.0,,,,,,,,,,,,,,,,,,,,
130,130,0.607123795903351,2023-08-24 12:37:07.219370,2023-08-24 12:37:08.179137,0 days 00:00:00.959767,0.8,2,0.4,0.9852137447455466,0.01461913320550973,90,17,COMPLETE,0.0,,,,,,,,,,,,,,,,,,,,
131,131,0.6193744609378546,2023-08-24 12:37:07.378637,2023-08-24 12:37:08.618685,0 days 00:00:01.240048,0.8,2,0.4,0.20291648970179738,0.0021866278395437973,90,24,COMPLETE,0.0,,,,,,,,,,,,,,,,,,,,
132,132,0.6088023874399897,2023-08-24 12:37:07.800378,2023-08-24 12:37:08.989759,0 days 00:00:01.189381,0.8,2,0.4,0.18517621050605343,0.003936403868427567,90,15,COMPLETE,0.0,,,,,,,,,,,,,,,,,,,,
133,133,0.6221647114733944,2023-08-24 12:37:07.948950,2023-08-24 12:37:09.194323,0 days 00:00:01.245373,0.8,2,0.4,0.17382632219262734,0.0039291452247220155,90,24,COMPLETE,0.0,,,,,,,,,,,,,,,,,,,,
134,134,0.6231740638585113,2023-08-24 12:37:08.164722,2023-08-24 12:37:09.432641,0 days 00:00:01.267919,0.8,2,0.4,0.07027070756678186,0.004230505557465696,90,22,COMPLETE,0.0,,,,,,,,,,,,,,,,,,,,
135,135,0.6196822607462816,2023-08-24 12:37:08.235511,2023-08-24 12:37:09.619181,0 days 00:00:01.383670,0.8,2,0.4,0.5749467255001403,0.0021915915001122655,100,26,COMPLETE,0.0,,,,,,,,,,,,,,,,,,,,
136,136,0.61305527319344,2023-08-24 12:37:08.549173,2023-08-24 12:37:09.851657,0 days 00:00:01.302484,0.8,2,0.4,0.07609558094690026,0.0036361060129912128,100,24,COMPLETE,0.0,,,,,,,,,,,,,,,,,,,,
137,137,0.6245515803293881,2023-08-24 12:37:08.664535,2023-08-24 12:37:10.316246,0 days 00:00:01.651711,0.8,2,0.4,0.07600975725721176,0.0007827002433952355,100,40,COMPLETE,0.0,,,,,,,,,,,,,,,,,,,,
138,138,0.6109367579955814,2023-08-24 12:37:08.847743,2023-08-24 12:37:12.276712,0 days 00:00:03.428969,0.8,2,0.4,0.4601328514301284,0.2744452289405055,20,113,COMPLETE,0.0,,,,,,,,,,,,,,,,,,,,
139,139,0.622998257550614,2023-08-24 12:37:09.034765,2023-08-24 12:37:10.175501,0 days 00:00:01.140736,0.8,2,0.4,0.4685915345512937,0.004881951573705167,100,23,COMPLETE,0.0,,,,,,,,,,,,,,,,,,,,
140,140,0.6199774150497896,2023-08-24 12:37:09.237408,2023-08-24 12:37:10.981648,0 days 00:00:01.744240,0.8,2,0.7000000000000001,0.4807439196818913,0.015630498447073093,20,38,COMPLETE,0.0,,,,,,,,,,,,,,,,,,,,
141,141,0.6166491672328247,2023-08-24 12:37:09.480329,2023-08-24 12:37:11.480527,0 days 00:00:02.000198,0.8,2,0.7000000000000001,0.46908544976977096,0.01770131939673719,100,38,COMPLETE,0.0,,,,,,,,,,,,,,,,,,,,
142,142,0.607741695164286,2023-08-24 12:37:09.665092,2023-08-24 12:37:13.379361,0 days 00:00:03.714269,0.9,2,0.7000000000000001,0.4714325507660059,0.33707766512696047,20,113,COMPLETE,0.0,,,,,,,,,,,,,,,,,,,,
143,143,0.6162598264981172,2023-08-24 12:37:09.908679,2023-08-24 12:37:11.656437,0 days 00:00:01.747758,0.9,2,0.7000000000000001,0.4906181471941904,0.0009184773471802662,100,39,COMPLETE,0.0,,,,,,,,,,,,,,,,,,,,
144,144,0.6260910264520874,2023-08-24 12:37:09.975871,2023-08-24 12:37:11.973565,0 days 00:00:01.997694,0.9,2,0.7000000000000001,0.38059371751312954,0.31878758720631806,100,114,COMPLETE,0.0,,,,,,,,,,,,,,,,,,,,
145,145,0.6060375954996977,2023-08-24 12:37:10.223306,2023-08-24 12:37:14.040928,0 days 00:00:03.817622,0.9,2,0.7000000000000001,0.027378718910578696,0.32010619348937897,10,111,COMPLETE,0.0,,,,,,,,,,,,,,,,,,,,
146,146,0.6159002538641987,2023-08-24 12:37:10.360773,2023-08-24 12:37:14.162858,0 days 00:00:03.802085,0.9,1,0.7000000000000001,5.521149756063813e-07,0.00773251220146282,10,114,COMPLETE,0.0,,,,,,,,,,,,,,,,,,,,
147,147,0.6173907667100753,2023-08-24 12:37:11.032563,2023-08-24 12:37:12.946055,0 days 00:00:01.913492,0.9,1,0.7000000000000001,0.02560224452552724,0.009158360157386847,100,114,COMPLETE,0.0,,,,,,,,,,,,,,,,,,,,
148,148,0.6240634365634365,2023-08-24 12:37:11.527016,2023-08-24 12:37:12.193935,0 days 00:00:00.666919,0.9,2,0.7000000000000001,0.024229888002645188,0.007644415755151021,10,8,COMPLETE,0.0,,,,,,,,,,,,,,,,,,,,
149,149,0.6367928418274782,2023-08-24 12:37:11.699655,2023-08-24 12:37:15.296705,0 days 00:00:03.597050,0.9,2,0.6000000000000001,4.745004787323592e-07,0.03588573345348342,50,115,COMPLETE,0.0,,,,,,,,,,,,,,,,,,,,
150,150,0.6235345430288569,2023-08-24 12:37:12.019111,2023-08-24 12:37:13.877760,0 days 00:00:01.858649,0.9,2,0.7000000000000001,0.028598051600391923,0.2608812683085837,100,112,COMPLETE,0.0,,,,,,,,,,,,,,,,,,,,
151,151,0.6221647114733944,2023-08-24 12:37:12.239784,2023-08-24 12:37:14.286879,0 days 00:00:02.047095,0.9,2,0.7000000000000001,7.616018028555916e-07,0.5175165629441951,100,115,COMPLETE,0.0,,,,,,,,,,,,,,,,,,,,
152,152,0.6201453554394731,2023-08-24 12:37:12.322441,2023-08-24 12:37:14.651417,0 days 00:00:02.328976,0.9,1,0.7000000000000001,0.00023507184947558018,0.25768697952550945,100,121,COMPLETE,0.0,,,,,,,,,,,,,,,,,,,,
153,153,0.5987176826509475,2023-08-24 12:37:12.991575,2023-08-24 12:37:16.556845,0 days 00:00:03.565270,0.9,2,0.6000000000000001,0.0001302408608667312,0.35885761077483913,50,148,COMPLETE,0.0,,,,,,,,,,,,,,,,,,,,
154,154,0.6184226030379876,2023-08-24 12:37:13.427197,2023-08-24 12:37:16.424508,0 days 00:00:02.997311,0.9,2,0.6000000000000001,5.76880008481714e-07,0.3761957573890384,50,149,COMPLETE,0.0,,,,,,,,,,,,,,,,,,,,
155,155,0.6145327425294919,2023-08-24 12:37:13.927689,2023-08-24 12:37:17.616306,0 days 00:00:03.688617,0.9,2,1.0,0.7651513829290472,0.4093326104645141,50,150,COMPLETE,0.0,,,,,,,,,,,,,,,,,,,,
156,156,0.6194141918551966,2023-08-24 12:37:14.092567,2023-08-24 12:37:18.128641,0 days 00:00:04.036074,0.9,3,0.6000000000000001,4.3585756239624655e-07,0.08433123644292378,50,139,COMPLETE,0.0,,,,,,,,,,,,,,,,,,,,
157,157,0.6274986650945165,2023-08-24 12:37:14.208112,2023-08-24 12:37:17.926031,0 days 00:00:03.717919,0.9,3,0.6000000000000001,0.0001791311769450037,0.4078046592873386,50,143,COMPLETE,0.0,,,,,,,,,,,,,,,,,,,,
158,158,0.616160759817239,2023-08-24 12:37:14.345998,2023-08-24 12:37:17.033478,0 days 00:00:02.687480,0.8,2,0.5,0.10599843090857358,0.03362639424802222,50,123,COMPLETE,0.0,,,,,,,,,,,,,,,,,,,,
159,159,0.5992920536237201,2023-08-24 12:37:14.698700,2023-08-24 12:37:17.326231,0 days 00:00:02.627531,0.8,2,0.5,0.6760855767203141,0.035921151525541456,50,142,COMPLETE,0.0,,,,,,,,,,,,,,,,,,,,
160,160,0.6153662978909634,2023-08-24 12:37:15.344195,2023-08-24 12:37:18.639647,0 days 00:00:03.295452,0.9,2,0.6000000000000001,1.3056989330067003e-07,0.07611892611924123,50,124,COMPLETE,0.0,,,,,,,,,,,,,,,,,,,,
161,161,0.60719013159589,2023-08-24 12:37:16.467302,2023-08-24 12:37:20.094233,0 days 00:00:03.626931,0.9,2,0.6000000000000001,7.475820352131411e-08,0.08403661000499245,50,125,COMPLETE,0.0,,,,,,,,,,,,,,,,,,,,
162,162,0.6146639005437398,2023-08-24 12:37:16.603493,2023-08-24 12:37:19.858312,0 days 00:00:03.254819,0.9,3,0.6000000000000001,8.99256186553088e-08,0.08212613424106131,50,127,COMPLETE,0.0,,,,,,,,,,,,,,,,,,,,
163,163,0.6337131711323273,2023-08-24 12:37:17.082438,2023-08-24 12:37:19.296782,0 days 00:00:02.214344,0.5,3,0.6000000000000001,1.805958040371366e-08,0.08308899620953028,50,124,COMPLETE,0.0,,,,,,,,,,,,,,,,,,,,
164,164,0.6267724588944505,2023-08-24 12:37:17.388163,2023-08-24 12:37:20.944198,0 days 00:00:03.556035,0.9,3,0.6000000000000001,5.917229971811373e-08,0.09194158824623092,50,136,COMPLETE,0.0,,,,,,,,,,,,,,,,,,,,
165,165,0.6319000164041995,2023-08-24 12:37:17.662316,2023-08-24 12:37:19.606720,0 days 00:00:01.944404,0.5,3,0.6000000000000001,2.671274234970031e-06,0.1851249581256211,50,106,COMPLETE,0.0,,,,,,,,,,,,,,,,,,,,
166,166,0.6047360975641265,2023-08-24 12:37:17.973848,2023-08-24 12:37:21.347721,0 days 00:00:03.373873,1.0,3,0.6000000000000001,7.634451398477138e-08,0.0745815354405598,50,126,COMPLETE,0.0,,,,,,,,,,,,,,,,,,,,
167,167,0.6083414692102259,2023-08-24 12:37:18.174520,2023-08-24 12:37:21.947734,0 days 00:00:03.773214,1.0,3,0.6000000000000001,2.612247769809777e-06,7.68516421983462e-06,50,126,COMPLETE,0.0,,,,,,,,,,,,,,,,,,,,
168,168,0.6286389802631579,2023-08-24 12:37:18.694514,2023-08-24 12:37:21.750251,0 days 00:00:03.055737,0.9,3,0.6000000000000001,0.0018260933884077012,0.5170992985474777,50,107,COMPLETE,0.0,,,,,,,,,,,,,,,,,,,,
169,169,0.6176342253324683,2023-08-24 12:37:19.346289,2023-08-24 12:37:21.092079,0 days 00:00:01.745790,0.5,3,0.6000000000000001,1.8026691824916225e-06,0.18444562050571406,50,127,COMPLETE,0.0,,,,,,,,,,,,,,,,,,,,
170,170,0.6034325889164598,2023-08-24 12:37:19.654281,2023-08-24 12:37:22.182290,0 days 00:00:02.528009,0.5,3,0.6000000000000001,1.726415174994502e-05,0.11930813564167272,50,128,COMPLETE,0.0,,,,,,,,,,,,,,,,,,,,
171,171,0.60719013159589,2023-08-24 12:37:19.908720,2023-08-24 12:37:22.360316,0 days 00:00:02.451596,0.5,3,0.6000000000000001,1.0677213200534194e-06,0.1560286576534755,50,109,COMPLETE,0.0,,,,,,,,,,,,,,,,,,,,
172,172,0.6176342253324683,2023-08-24 12:37:20.158807,2023-08-24 12:37:22.412503,0 days 00:00:02.253696,0.5,3,0.6000000000000001,5.557363387352508e-06,0.18439882525316145,50,108,COMPLETE,0.0,,,,,,,,,,,,,,,,,,,,
173,173,0.6148744130628351,2023-08-24 12:37:20.991544,2023-08-24 12:37:23.281478,0 days 00:00:02.289934,0.6000000000000001,3,0.6000000000000001,5.623324188378864e-06,0.19335274475461645,50,108,COMPLETE,0.0,,,,,,,,,,,,,,,,,,,,
174,174,0.6074350212281248,2023-08-24 12:37:21.139760,2023-08-24 12:37:21.891397,0 days 00:00:00.751637,0.5,3,0.6000000000000001,2.2807504876536328e-08,0.5830496892646275,50,13,COMPLETE,0.0,,,,,,,,,,,,,,,,,,,,
175,175,0.6080438378825476,2023-08-24 12:37:21.392571,2023-08-24 12:37:23.682744,0 days 00:00:02.290173,0.5,3,0.6000000000000001,0.0015102797311634176,0.012784550856167283,50,106,COMPLETE,0.0,,,,,,,,,,,,,,,,,,,,
176,176,0.6161377084454007,2023-08-24 12:37:21.793229,2023-08-24 12:37:23.807934,0 days 00:00:02.014705,0.5,3,0.6000000000000001,4.025692216433457e-08,0.5527754943380203,50,109,COMPLETE,0.0,,,,,,,,,,,,,,,,,,,,
177,177,0.6258312231074876,2023-08-24 12:37:21.935840,2023-08-24 12:37:24.126571,0 days 00:00:02.190731,0.5,3,0.6000000000000001,0.0010969148297694405,0.6897214938816945,50,106,COMPLETE,0.0,,,,,,,,,,,,,,,,,,,,
178,178,0.6112237266279819,2023-08-24 12:37:21.992086,2023-08-24 12:37:24.281702,0 days 00:00:02.289616,0.5,3,0.6000000000000001,0.001474848245360916,0.1981976161132764,50,99,COMPLETE,0.0,,,,,,,,,,,,,,,,,,,,
179,179,0.6097626253268277,2023-08-24 12:37:22.224698,2023-08-24 12:37:24.068055,0 days 00:00:01.843357,0.5,3,0.6000000000000001,0.0013266178635558258,0.5191500675003566,50,107,COMPLETE,0.0,,,,,,,,,,,,,,,,,,,,
180,180,0.626039227827119,2023-08-24 12:37:22.406973,2023-08-24 12:37:25.164183,0 days 00:00:02.757210,0.5,3,0.6000000000000001,1.625785351051183e-08,0.7471589425787813,50,108,COMPLETE,0.0,,,,,,,,,,,,,,,,,,,,
181,181,0.6138691822639091,2023-08-24 12:37:22.457786,2023-08-24 12:37:24.487268,0 days 00:00:02.029482,0.5,3,0.6000000000000001,1.6903164805815628e-08,0.6971970643143816,50,117,COMPLETE,0.0,,,,,,,,,,,,,,,,,,,,
182,182,0.6301572610821504,2023-08-24 12:37:23.328175,2023-08-24 12:37:25.518249,0 days 00:00:02.190074,0.5,3,0.6000000000000001,0.0023878978946284104,0.7972067588184993,50,119,COMPLETE,0.0,,,,,,,,,,,,,,,,,,,,
183,183,0.6138691822639091,2023-08-24 12:37:23.729892,2023-08-24 12:37:26.192220,0 days 00:00:02.462328,0.5,3,0.6000000000000001,1.1040492853052952e-08,0.630270763682015,50,100,COMPLETE,0.0,,,,,,,,,,,,,,,,,,,,
184,184,0.6204255319148936,2023-08-24 12:37:23.852975,2023-08-24 12:37:25.091632,0 days 00:00:01.238657,0.5,3,0.6000000000000001,1.5985808882024238e-07,0.7628452161463831,100,98,COMPLETE,0.0,,,,,,,,,,,,,,,,,,,,
185,185,0.6127948600038902,2023-08-24 12:37:24.112971,2023-08-24 12:37:26.666983,0 days 00:00:02.554012,0.5,3,0.6000000000000001,1.7304218903241406e-07,0.03969209350884791,40,119,COMPLETE,0.0,,,,,,,,,,,,,,,,,,,,
186,186,0.6166491672328247,2023-08-24 12:37:24.192062,2023-08-24 12:37:25.468893,0 days 00:00:01.276831,0.5,3,0.6000000000000001,2.591752046706574e-07,0.03572617775545594,100,119,COMPLETE,0.0,,,,,,,,,,,,,,,,,,,,
187,187,0.6123275059533912,2023-08-24 12:37:24.330715,2023-08-24 12:37:26.067300,0 days 00:00:01.736585,0.7000000000000001,3,0.6000000000000001,0.3209418716922684,0.8869660296770592,100,119,COMPLETE,0.0,,,,,,,,,,,,,,,,,,,,
188,188,0.6075147363492339,2023-08-24 12:37:24.535827,2023-08-24 12:37:26.440855,0 days 00:00:01.905028,0.8,3,0.6000000000000001,0.012540152035787197,0.045473058679101924,100,135,COMPLETE,0.0,,,,,,,,,,,,,,,,,,,,
189,189,0.6199774150497896,2023-08-24 12:37:25.136587,2023-08-24 12:37:27.934473,0 days 00:00:02.797886,0.8,3,0.8,1.1444578139965907e-08,0.11654631062886389,60,137,COMPLETE,0.0,,,,,,,,,,,,,,,,,,,,
190,190,0.6036163040147102,2023-08-24 12:37:25.226904,2023-08-24 12:37:28.050863,0 days 00:00:02.823959,0.5,3,0.8,3.622331518729276e-08,0.045267485360252636,40,119,COMPLETE,0.0,,,,,,,,,,,,,,,,,,,,
191,191,0.6250264345583495,2023-08-24 12:37:25.512108,2023-08-24 12:37:28.188699,0 days 00:00:02.676591,0.5,3,0.6000000000000001,1.458382889550108e-08,0.8643719989851428,40,136,COMPLETE,0.0,,,,,,,,,,,,,,,,,,,,
192,192,0.6134319449850785,2023-08-24 12:37:25.562938,2023-08-24 12:37:26.148692,0 days 00:00:00.585754,0.6000000000000001,3,0.9,0.0026485942373237906,0.908231285612384,40,4,COMPLETE,0.0,,,,,,,,,,,,,,,,,,,,
193,193,0.5957044629291031,2023-08-24 12:37:26.114805,2023-08-24 12:37:29.038277,0 days 00:00:02.923472,0.4,3,0.9,0.011984336945888466,0.011804171128786298,40,87,COMPLETE,0.0,,,,,,,,,,,,,,,,,,,,
194,194,0.6044345898004435,2023-08-24 12:37:26.236755,2023-08-24 12:37:27.793347,0 days 00:00:01.556592,0.4,3,0.8,0.0006661066937948743,0.011366792233737792,60,137,COMPLETE,0.0,,,,,,,,,,,,,,,,,,,,
195,195,0.6248142941118209,2023-08-24 12:37:26.240690,2023-08-24 12:37:29.713147,0 days 00:00:03.472457,0.9,3,0.6000000000000001,0.01099665935093919,0.053602235628302054,60,135,COMPLETE,0.0,,,,,,,,,,,,,,,,,,,,
196,196,0.6094348323980372,2023-08-24 12:37:26.494195,2023-08-24 12:37:27.410445,0 days 00:00:00.916250,0.9,3,0.8,0.009061075325149881,0.019877005931676833,60,16,COMPLETE,0.0,,,,,,,,,,,,,,,,,,,,
197,197,0.5954148111495959,2023-08-24 12:37:26.713584,2023-08-24 12:37:29.452560,0 days 00:00:02.738976,0.9,3,0.8,0.00031620178989958064,0.02020573640525761,60,89,COMPLETE,0.0,,,,,,,,,,,,,,,,,,,,
198,198,0.619688720063168,2023-08-24 12:37:27.456201,2023-08-24 12:37:29.357509,0 days 00:00:01.901308,0.5,3,0.6000000000000001,0.0006726083756422175,0.4431297581204767,50,88,COMPLETE,0.0,,,,,,,,,,,,,,,,,,,,
199,199,0.6184026059706416,2023-08-24 12:37:27.838411,2023-08-24 12:37:30.355192,0 days 00:00:02.516781,0.5,3,0.6000000000000001,0.0002051639103686542,0.3429930598230266,50,88,COMPLETE,0.0,,,,,,,,,,,,,,,,,,,,
200,200,0.6176626185005696,2023-08-24 12:37:27.983792,2023-08-24 12:37:29.918770,0 days 00:00:01.934978,0.5,3,0.6000000000000001,3.958605141082075e-08,0.44805146830321363,50,116,COMPLETE,0.0,,,,,,,,,,,,,,,,,,,,
201,201,0.6077396657871592,2023-08-24 12:37:28.097038,2023-08-24 12:37:31.071100,0 days 00:00:02.974062,0.9,3,0.6000000000000001,1.6367337306087064e-08,0.4362634878397205,50,88,COMPLETE,0.0,,,,,,,,,,,,,,,,,,,,
202,202,0.6131095370085207,2023-08-24 12:37:28.236122,2023-08-24 12:37:30.648797,0 days 00:00:02.412675,0.9,3,0.6000000000000001,0.0004977443920294572,0.38835843366233447,50,65,COMPLETE,0.0,,,,,,,,,,,,,,,,,,,,
203,203,0.6147467948094395,2023-08-24 12:37:29.098129,2023-08-24 12:37:30.489702,0 days 00:00:01.391573,0.9,3,0.6000000000000001,0.00033231897313606756,0.43951850145300636,50,31,COMPLETE,0.0,,,,,,,,,,,,,,,,,,,,
204,204,0.6258230868402317,2023-08-24 12:37:29.402231,2023-08-24 12:37:31.903891,0 days 00:00:02.501660,0.9,1,1.0,2.9011835966301846e-08,0.2906682515028137,50,67,COMPLETE,0.0,,,,,,,,,,,,,,,,,,,,
205,205,0.6171600248547471,2023-08-24 12:37:29.501990,2023-08-24 12:37:32.772992,0 days 00:00:03.271002,0.9,1,0.6000000000000001,0.006213621031024174,0.27951168115103836,50,100,COMPLETE,0.0,,,,,,,,,,,,,,,,,,,,
206,206,0.6105623783328453,2023-08-24 12:37:29.756560,2023-08-24 12:37:33.693724,0 days 00:00:03.937164,0.9,1,1.0,1.7043317577297758e-08,0.2912038207248525,50,230,COMPLETE,0.0,,,,,,,,,,,,,,,,,,,,
207,207,0.6184226030379876,2023-08-24 12:37:29.967806,2023-08-24 12:37:32.366969,0 days 00:00:02.399163,0.9,1,1.0,1.6924179624577803e-08,0.3572616334137374,50,61,COMPLETE,0.0,,,,,,,,,,,,,,,,,,,,
208,208,0.6130699772813573,2023-08-24 12:37:30.404843,2023-08-24 12:37:32.982370,0 days 00:00:02.577527,0.8,2,1.0,0.005763715688515121,0.23517488949955487,50,65,COMPLETE,0.0,,,,,,,,,,,,,,,,,,,,
