,number,value,datetime_start,datetime_complete,duration,params_bagging_fraction,params_bagging_freq,params_feature_fraction,params_lambda_l1,params_lambda_l2,params_min_child_samples,params_num_leaves,state,best_trial,dev_acc,dev_recall_macro,dev_precision_macro,dev_f1_macro,dev_recall_0,dev_precision_0,dev_f1_0,dev_recall_1,dev_precision_1,dev_f1_1,test_acc,test_recall_macro,test_precision_macro,test_f1_macro,test_recall_0,test_precision_0,test_f1_0,test_recall_1,test_precision_1,test_f1_1
100,100,0.8079128997764168,2023-08-24 13:17:10.082160,2023-08-24 13:17:11.222041,0 days 00:00:01.139881,0.7000000000000001,3,0.4,0.0035139602234283782,0.00010323307885482254,30,171,COMPLETE,0.0,,,,,,,,,,,,,,,,,,,,
101,101,0.8496385542168674,2023-08-24 13:17:10.156634,2023-08-24 13:17:10.994022,0 days 00:00:00.837388,0.6000000000000001,3,0.4,0.003567282793720342,0.00010633482288465038,60,171,COMPLETE,0.0,,,,,,,,,,,,,,,,,,,,
102,102,0.8320509166904151,2023-08-24 13:17:10.220060,2023-08-24 13:17:10.948103,0 days 00:00:00.728043,0.6000000000000001,3,0.4,0.11015724330090501,4.7685630071828616e-05,60,170,COMPLETE,0.0,,,,,,,,,,,,,,,,,,,,
103,103,0.8496385542168674,2023-08-24 13:17:10.304739,2023-08-24 13:17:11.057337,0 days 00:00:00.752598,0.6000000000000001,3,0.4,0.003106805667734154,5.046331442973533e-05,60,198,COMPLETE,0.0,,,,,,,,,,,,,,,,,,,,
104,104,0.8402457757296466,2023-08-24 13:17:10.426952,2023-08-24 13:17:11.341544,0 days 00:00:00.914592,0.7000000000000001,3,0.4,0.002315241582226612,2.079186482767336e-05,60,196,COMPLETE,0.0,,,,,,,,,,,,,,,,,,,,
105,105,0.8308943089430895,2023-08-24 13:17:10.487742,2023-08-24 13:17:11.271364,0 days 00:00:00.783622,0.6000000000000001,3,0.4,0.0009002500498265649,1.7289434822718172e-05,40,197,COMPLETE,0.0,,,,,,,,,,,,,,,,,,,,
106,106,0.7911047345767577,2023-08-24 13:17:10.640405,2023-08-24 13:17:10.888777,0 days 00:00:00.248372,0.6000000000000001,3,0.4,0.061826599734503634,4.8833656363818844e-05,100,199,COMPLETE,0.0,,,,,,,,,,,,,,,,,,,,
107,107,0.8389469608981803,2023-08-24 13:17:10.932045,2023-08-24 13:17:11.971197,0 days 00:00:01.039152,0.7000000000000001,3,0.4,0.024377735893082918,1.5715149342472285e-05,60,183,COMPLETE,0.0,,,,,,,,,,,,,,,,,,,,
108,108,0.8402457757296466,2023-08-24 13:17:11.036796,2023-08-24 13:17:11.761266,0 days 00:00:00.724470,0.6000000000000001,3,0.4,0.0230270597230169,4.249489503684737e-05,60,182,COMPLETE,0.0,,,,,,,,,,,,,,,,,,,,
109,109,0.8320509166904151,2023-08-24 13:17:11.042833,2023-08-24 13:17:11.831361,0 days 00:00:00.788528,0.6000000000000001,3,0.4,0.10634506750878664,5.0166808093913894e-05,60,136,COMPLETE,0.0,,,,,,,,,,,,,,,,,,,,
110,110,0.8308943089430895,2023-08-24 13:17:11.100976,2023-08-24 13:17:11.876634,0 days 00:00:00.775658,0.7000000000000001,3,0.4,0.0038174741000495207,0.00029546696709165245,70,196,COMPLETE,0.0,,,,,,,,,,,,,,,,,,,,
111,111,0.8295903614457831,2023-08-24 13:17:11.183610,2023-08-24 13:17:12.114771,0 days 00:00:00.931161,0.7000000000000001,3,0.4,0.022709274683863752,0.00027910291701449503,60,184,COMPLETE,0.0,,,,,,,,,,,,,,,,,,,,
112,112,0.8389469608981803,2023-08-24 13:17:11.270556,2023-08-24 13:17:12.159613,0 days 00:00:00.889057,0.7000000000000001,3,0.4,0.023417755116677364,0.0003222472488376231,60,182,COMPLETE,0.0,,,,,,,,,,,,,,,,,,,,
113,113,0.8402457757296466,2023-08-24 13:17:11.321193,2023-08-24 13:17:12.114355,0 days 00:00:00.793162,0.7000000000000001,3,0.4,0.0013150679895870766,0.0021526394074183773,60,210,COMPLETE,0.0,,,,,,,,,,,,,,,,,,,,
114,114,0.8402457757296466,2023-08-24 13:17:11.388212,2023-08-24 13:17:12.071243,0 days 00:00:00.683031,0.7000000000000001,3,0.4,0.0012557619459439247,0.0003038178686910271,60,228,COMPLETE,0.0,,,,,,,,,,,,,,,,,,,,
115,115,0.8095421686746989,2023-08-24 13:17:11.802218,2023-08-24 13:17:12.641753,0 days 00:00:00.839535,0.7000000000000001,3,0.9,0.0014364793947684513,7.62597206958963e-05,70,212,COMPLETE,0.0,,,,,,,,,,,,,,,,,,,,
116,116,0.801753717117804,2023-08-24 13:17:11.874221,2023-08-24 13:17:12.714631,0 days 00:00:00.840410,0.7000000000000001,3,0.4,0.001341597845074402,0.00025933768527513807,70,206,COMPLETE,0.0,,,,,,,,,,,,,,,,,,,,
117,117,0.8402457757296466,2023-08-24 13:17:11.924413,2023-08-24 13:17:12.986074,0 days 00:00:01.061661,0.7000000000000001,3,0.4,0.0011688411275550745,1.1922713024325754e-05,60,183,COMPLETE,0.0,,,,,,,,,,,,,,,,,,,,
118,118,0.8402457757296466,2023-08-24 13:17:12.015075,2023-08-24 13:17:12.791008,0 days 00:00:00.775933,0.7000000000000001,3,0.4,0.0014178881092522697,1.0295299727333033e-05,60,207,COMPLETE,0.0,,,,,,,,,,,,,,,,,,,,
119,119,0.8109995217599235,2023-08-24 13:17:12.163670,2023-08-24 13:17:13.065362,0 days 00:00:00.901692,0.6000000000000001,3,0.4,0.009501625121898562,1.169458146168305e-05,70,211,COMPLETE,0.0,,,,,,,,,,,,,,,,,,,,
120,120,0.818815331010453,2023-08-24 13:17:12.222301,2023-08-24 13:17:12.834590,0 days 00:00:00.612289,0.6000000000000001,3,0.4,0.0017786887726681181,1.1235875043673791e-05,70,146,COMPLETE,0.0,,,,,,,,,,,,,,,,,,,,
121,121,0.8109995217599235,2023-08-24 13:17:12.271778,2023-08-24 13:17:12.884727,0 days 00:00:00.612949,0.6000000000000001,3,0.4,0.009638049232790519,2.2357292225073478e-05,70,147,COMPLETE,0.0,,,,,,,,,,,,,,,,,,,,
122,122,0.8109995217599235,2023-08-24 13:17:12.277101,2023-08-24 13:17:12.931941,0 days 00:00:00.654840,0.6000000000000001,3,0.4,0.009135602710273624,8.000572711594972e-05,70,146,COMPLETE,0.0,,,,,,,,,,,,,,,,,,,,
123,123,0.8109995217599235,2023-08-24 13:17:12.687249,2023-08-24 13:17:13.496030,0 days 00:00:00.808781,0.6000000000000001,3,0.4,0.009358350074007918,2.244057923683469e-05,70,174,COMPLETE,0.0,,,,,,,,,,,,,,,,,,,,
124,124,0.8109995217599235,2023-08-24 13:17:12.759525,2023-08-24 13:17:13.595907,0 days 00:00:00.836382,0.6000000000000001,3,0.4,0.009175932819625001,2.16354865750284e-05,70,189,COMPLETE,0.0,,,,,,,,,,,,,,,,,,,,
125,125,0.8215783454060236,2023-08-24 13:17:12.880258,2023-08-24 13:17:13.787583,0 days 00:00:00.907325,0.6000000000000001,3,0.4,0.007329501055506487,4.204798983890366e-05,60,191,COMPLETE,0.0,,,,,,,,,,,,,,,,,,,,
126,126,0.8496385542168674,2023-08-24 13:17:12.885386,2023-08-24 13:17:13.661553,0 days 00:00:00.776167,0.6000000000000001,3,0.4,0.000634993070937534,4.302088831174596e-05,60,190,COMPLETE,0.0,,,,,,,,,,,,,,,,,,,,
127,127,0.8402457757296466,2023-08-24 13:17:12.932888,2023-08-24 13:17:13.957539,0 days 00:00:01.024651,0.7000000000000001,3,0.4,0.0025865378058913114,4.146147896310381e-05,60,213,COMPLETE,0.0,,,,,,,,,,,,,,,,,,,,
128,128,0.8402457757296466,2023-08-24 13:17:12.980631,2023-08-24 13:17:13.913891,0 days 00:00:00.933260,0.7000000000000001,3,0.4,0.0023878495743633052,2.2738195475578305e-05,60,213,COMPLETE,0.0,,,,,,,,,,,,,,,,,,,,
129,129,0.8496385542168674,2023-08-24 13:17:13.036768,2023-08-24 13:17:13.662085,0 days 00:00:00.625317,0.6000000000000001,3,0.4,0.0006183343093782384,2.186039244958906e-05,60,192,COMPLETE,0.0,,,,,,,,,,,,,,,,,,,,
130,130,0.8402457757296466,2023-08-24 13:17:13.115572,2023-08-24 13:17:13.840734,0 days 00:00:00.725162,0.7000000000000001,3,0.4,0.0023331457495575376,4.035815757608258e-05,60,191,COMPLETE,0.0,,,,,,,,,,,,,,,,,,,,
131,131,0.8402457757296466,2023-08-24 13:17:13.535757,2023-08-24 13:17:14.142635,0 days 00:00:00.606878,0.7000000000000001,3,0.4,0.0006020728675397967,0.0008626663066274082,60,163,COMPLETE,0.0,,,,,,,,,,,,,,,,,,,,
132,132,0.8402457757296466,2023-08-24 13:17:13.635215,2023-08-24 13:17:14.436255,0 days 00:00:00.801040,0.7000000000000001,3,0.4,0.002236756543114435,0.0009700362599129611,60,229,COMPLETE,0.0,,,,,,,,,,,,,,,,,,,,
133,133,0.8402457757296466,2023-08-24 13:17:13.703029,2023-08-24 13:17:14.567040,0 days 00:00:00.864011,0.6000000000000001,3,0.4,0.0029883249451592123,0.00011027381836306062,50,163,COMPLETE,0.0,,,,,,,,,,,,,,,,,,,,
134,134,0.8295903614457831,2023-08-24 13:17:13.751616,2023-08-24 13:17:14.637962,0 days 00:00:00.886346,0.6000000000000001,3,0.4,0.0006735201400138096,4.16850130235344e-05,50,162,COMPLETE,0.0,,,,,,,,,,,,,,,,,,,,
135,135,0.8308943089430895,2023-08-24 13:17:13.828592,2023-08-24 13:17:14.743874,0 days 00:00:00.915282,0.6000000000000001,3,0.5,0.0005696076065697008,0.00013336588437192563,50,165,COMPLETE,0.0,,,,,,,,,,,,,,,,,,,,
136,136,0.8308943089430895,2023-08-24 13:17:13.884679,2023-08-24 13:17:14.841328,0 days 00:00:00.956649,0.6000000000000001,3,0.5,0.0006410812692070661,0.00011518695627653558,50,162,COMPLETE,0.0,,,,,,,,,,,,,,,,,,,,
137,137,0.8308943089430895,2023-08-24 13:17:13.956609,2023-08-24 13:17:14.789512,0 days 00:00:00.832903,0.6000000000000001,3,0.5,0.0005213861498890301,0.00010299060719779553,50,163,COMPLETE,0.0,,,,,,,,,,,,,,,,,,,,
138,138,0.8295903614457831,2023-08-24 13:17:14.000003,2023-08-24 13:17:14.684238,0 days 00:00:00.684235,0.6000000000000001,3,0.4,0.0006581475893609503,0.00011609267492114917,50,201,COMPLETE,0.0,,,,,,,,,,,,,,,,,,,,
139,139,0.8295903614457831,2023-08-24 13:17:14.184465,2023-08-24 13:17:14.895904,0 days 00:00:00.711439,0.6000000000000001,3,0.4,0.0007099579068325021,0.00012633781567419157,50,202,COMPLETE,0.0,,,,,,,,,,,,,,,,,,,,
140,140,0.8308943089430895,2023-08-24 13:17:14.475358,2023-08-24 13:17:15.090771,0 days 00:00:00.615413,0.6000000000000001,3,0.5,0.00074354009157826,0.00013578121551167477,50,176,COMPLETE,0.0,,,,,,,,,,,,,,,,,,,,
141,141,0.8295903614457831,2023-08-24 13:17:14.608337,2023-08-24 13:17:15.545714,0 days 00:00:00.937377,0.6000000000000001,3,0.4,0.00031087823905935207,6.387586536464712e-05,50,201,COMPLETE,0.0,,,,,,,,,,,,,,,,,,,,
142,142,0.8308943089430895,2023-08-24 13:17:14.678823,2023-08-24 13:17:15.481203,0 days 00:00:00.802380,0.6000000000000001,3,0.5,0.0009044243199667073,0.00013419908282940514,60,201,COMPLETE,0.0,,,,,,,,,,,,,,,,,,,,
143,143,0.8308943089430895,2023-08-24 13:17:14.731605,2023-08-24 13:17:15.601837,0 days 00:00:00.870232,0.6000000000000001,3,0.5,0.0008858180419052458,6.731109460266981e-05,60,180,COMPLETE,0.0,,,,,,,,,,,,,,,,,,,,
144,144,0.8308943089430895,2023-08-24 13:17:14.784054,2023-08-24 13:17:15.727868,0 days 00:00:00.943814,0.6000000000000001,3,0.5,0.0003897139081155017,2.9268285097633843e-05,60,177,COMPLETE,0.0,,,,,,,,,,,,,,,,,,,,
145,145,0.8496385542168674,2023-08-24 13:17:14.842789,2023-08-24 13:17:15.668474,0 days 00:00:00.825685,0.6000000000000001,3,0.4,0.0009823502417120134,7.003136981292703e-05,60,178,COMPLETE,0.0,,,,,,,,,,,,,,,,,,,,
146,146,0.8215783454060236,2023-08-24 13:17:14.885836,2023-08-24 13:17:15.783217,0 days 00:00:00.897381,0.6000000000000001,3,0.4,0.00031296597339990854,8.391195217756265e-06,60,180,COMPLETE,0.0,,,,,,,,,,,,,,,,,,,,
147,147,0.8215783454060236,2023-08-24 13:17:14.938156,2023-08-24 13:17:15.889256,0 days 00:00:00.951100,0.6000000000000001,3,0.4,0.0003246834410973169,6.655355034069082e-05,60,178,COMPLETE,0.0,,,,,,,,,,,,,,,,,,,,
148,148,0.8402457757296466,2023-08-24 13:17:15.133748,2023-08-24 13:17:15.831303,0 days 00:00:00.697555,0.7000000000000001,3,0.4,0.00039118976945603373,0.002534856514380753,60,173,COMPLETE,0.0,,,,,,,,,,,,,,,,,,,,
149,149,0.8402457757296466,2023-08-24 13:17:15.523328,2023-08-24 13:17:16.381270,0 days 00:00:00.857942,0.7000000000000001,3,0.4,0.0003043664039755204,0.0020864695720102916,60,180,COMPLETE,0.0,,,,,,,,,,,,,,,,,,,,
150,150,0.8295903614457831,2023-08-24 13:17:15.592976,2023-08-24 13:17:16.735828,0 days 00:00:01.142852,0.7000000000000001,3,0.4,0.0048313262940355385,2.823017302828374e-05,60,181,COMPLETE,0.0,,,,,,,,,,,,,,,,,,,,
151,151,0.8295903614457831,2023-08-24 13:17:15.649190,2023-08-24 13:17:16.666700,0 days 00:00:01.017510,0.7000000000000001,3,0.4,0.005461860484355974,3.188866156376386e-05,60,173,COMPLETE,0.0,,,,,,,,,,,,,,,,,,,,
152,152,0.8496385542168674,2023-08-24 13:17:15.714221,2023-08-24 13:17:16.801176,0 days 00:00:01.086955,0.6000000000000001,3,0.4,0.004968730346369587,3.0871977447749485e-05,60,180,COMPLETE,0.0,,,,,,,,,,,,,,,,,,,,
153,153,0.8496385542168674,2023-08-24 13:17:15.772575,2023-08-24 13:17:16.458117,0 days 00:00:00.685542,0.6000000000000001,3,0.4,0.0049929096147003395,2.962728797941362e-05,60,174,COMPLETE,0.0,,,,,,,,,,,,,,,,,,,,
154,154,0.8496385542168674,2023-08-24 13:17:15.838002,2023-08-24 13:17:16.566075,0 days 00:00:00.728073,0.6000000000000001,3,0.4,0.004136142926118786,1.7439013385853437e-05,60,156,COMPLETE,0.0,,,,,,,,,,,,,,,,,,,,
155,155,0.8215783454060236,2023-08-24 13:17:15.888266,2023-08-24 13:17:16.615211,0 days 00:00:00.726945,0.6000000000000001,3,0.4,0.005884266460490843,1.774666735484605e-05,60,156,COMPLETE,0.0,,,,,,,,,,,,,,,,,,,,
156,156,0.8079128997764168,2023-08-24 13:17:15.947352,2023-08-24 13:17:17.025323,0 days 00:00:01.077971,0.7000000000000001,1,0.4,0.004716992557665711,1.7553385094181535e-05,20,157,COMPLETE,0.0,,,,,,,,,,,,,,,,,,,,
157,157,0.8095421686746989,2023-08-24 13:17:16.422470,2023-08-24 13:17:17.378942,0 days 00:00:00.956472,0.6000000000000001,1,0.4,0.005939863033200468,1.7983050687707412e-05,20,157,COMPLETE,0.0,,,,,,,,,,,,,,,,,,,,
158,158,0.8496385542168674,2023-08-24 13:17:16.498770,2023-08-24 13:17:17.310888,0 days 00:00:00.812118,0.6000000000000001,3,0.4,0.004874700481703895,3.2790690878134944e-05,60,156,COMPLETE,0.0,,,,,,,,,,,,,,,,,,,,
159,159,0.8295903614457831,2023-08-24 13:17:16.610865,2023-08-24 13:17:17.463119,0 days 00:00:00.852254,0.6000000000000001,3,0.4,0.005145506621474904,1.5076620959002372e-05,60,158,COMPLETE,0.0,,,,,,,,,,,,,,,,,,,,
160,160,0.8295903614457831,2023-08-24 13:17:16.662820,2023-08-24 13:17:18.043147,0 days 00:00:01.380327,0.6000000000000001,3,0.4,0.005275601181162746,2.5862416903733128e-05,20,136,COMPLETE,0.0,,,,,,,,,,,,,,,,,,,,
161,161,0.828132594536794,2023-08-24 13:17:16.716263,2023-08-24 13:17:18.046346,0 days 00:00:01.330083,0.6000000000000001,1,0.4,0.004305457406193043,7.340637425778466e-06,20,157,COMPLETE,0.0,,,,,,,,,,,,,,,,,,,,
162,162,0.8079128997764168,2023-08-24 13:17:16.782141,2023-08-24 13:17:18.140072,0 days 00:00:01.357931,0.6000000000000001,1,0.4,0.0019393131867180978,1.6836316444221717e-05,20,156,COMPLETE,0.0,,,,,,,,,,,,,,,,,,,,
163,163,0.7894939759036144,2023-08-24 13:17:16.843896,2023-08-24 13:17:17.999493,0 days 00:00:01.155597,0.6000000000000001,3,0.4,0.003812298730541841,1.3470383830320534e-05,20,168,COMPLETE,0.0,,,,,,,,,,,,,,,,,,,,
164,164,0.796875,2023-08-24 13:17:17.071352,2023-08-24 13:17:17.953113,0 days 00:00:00.881761,0.6000000000000001,3,0.4,0.0034696731145237923,7.314251515233505e-06,20,136,COMPLETE,0.0,,,,,,,,,,,,,,,,,,,,
165,165,0.8496385542168674,2023-08-24 13:17:17.356908,2023-08-24 13:17:17.798369,0 days 00:00:00.441461,0.6000000000000001,3,0.4,0.004181266466464165,5.726137044647072e-05,60,167,COMPLETE,0.0,,,,,,,,,,,,,,,,,,,,
166,166,0.8496385542168674,2023-08-24 13:17:17.426021,2023-08-24 13:17:17.857399,0 days 00:00:00.431378,0.6000000000000001,3,0.4,0.003387083971579762,5.063985061767681e-05,60,167,COMPLETE,0.0,,,,,,,,,,,,,,,,,,,,
167,167,0.8496385542168674,2023-08-24 13:17:17.506231,2023-08-24 13:17:18.258758,0 days 00:00:00.752527,0.6000000000000001,3,0.4,0.003491475473302578,5.109640116464923e-05,60,170,COMPLETE,0.0,,,,,,,,,,,,,,,,,,,,
168,168,0.8496385542168674,2023-08-24 13:17:17.837588,2023-08-24 13:17:18.765417,0 days 00:00:00.927829,0.6000000000000001,3,0.4,0.0032490127496447563,5.521583926817489e-05,60,169,COMPLETE,0.0,,,,,,,,,,,,,,,,,,,,
169,169,0.8496385542168674,2023-08-24 13:17:17.900273,2023-08-24 13:17:18.990558,0 days 00:00:01.090285,0.6000000000000001,3,0.4,0.0033643491697975436,5.6309733474011534e-05,60,167,COMPLETE,0.0,,,,,,,,,,,,,,,,,,,,
170,170,0.7911047345767577,2023-08-24 13:17:18.040713,2023-08-24 13:17:18.678935,0 days 00:00:00.638222,0.6000000000000001,3,0.4,0.001849539965160511,5.705338848393307e-05,90,170,COMPLETE,0.0,,,,,,,,,,,,,,,,,,,,
171,171,0.8496385542168674,2023-08-24 13:17:18.088117,2023-08-24 13:17:18.892512,0 days 00:00:00.804395,0.6000000000000001,3,0.4,0.0020677732841114737,5.850795730042212e-05,60,171,COMPLETE,0.0,,,,,,,,,,,,,,,,,,,,
172,172,0.8496385542168674,2023-08-24 13:17:18.132692,2023-08-24 13:17:19.088381,0 days 00:00:00.955689,0.6000000000000001,3,0.4,0.0018674839997897047,6.159499713095396e-05,60,170,COMPLETE,0.0,,,,,,,,,,,,,,,,,,,,
173,173,0.8496385542168674,2023-08-24 13:17:18.134205,2023-08-24 13:17:18.941382,0 days 00:00:00.807177,0.6000000000000001,3,0.4,0.003273646064693568,5.335003114057807e-05,60,171,COMPLETE,0.0,,,,,,,,,,,,,,,,,,,,
174,174,0.8496385542168674,2023-08-24 13:17:18.192819,2023-08-24 13:17:18.821012,0 days 00:00:00.628193,0.6000000000000001,3,0.4,0.0029749326533618963,5.322562404262779e-05,60,168,COMPLETE,0.0,,,,,,,,,,,,,,,,,,,,
175,175,0.8215783454060236,2023-08-24 13:17:18.303189,2023-08-24 13:17:19.046653,0 days 00:00:00.743464,0.6000000000000001,3,0.4,0.007002443554799076,4.533238400516664e-05,60,170,COMPLETE,0.0,,,,,,,,,,,,,,,,,,,,
176,176,0.8496385542168674,2023-08-24 13:17:18.720143,2023-08-24 13:17:19.473555,0 days 00:00:00.753412,0.6000000000000001,3,0.4,0.0029661848766476978,3.9815222454814556e-05,60,187,COMPLETE,0.0,,,,,,,,,,,,,,,,,,,,
177,177,0.8215783454060236,2023-08-24 13:17:18.808972,2023-08-24 13:17:19.882351,0 days 00:00:01.073379,0.6000000000000001,3,0.4,0.006928142699142255,3.292233654206914e-05,60,188,COMPLETE,0.0,,,,,,,,,,,,,,,,,,,,
178,178,0.8215783454060236,2023-08-24 13:17:18.867255,2023-08-24 13:17:19.785379,0 days 00:00:00.918124,0.6000000000000001,3,0.4,0.007015630049796089,3.867528520433511e-05,60,188,COMPLETE,0.0,,,,,,,,,,,,,,,,,,,,
179,179,0.8402457757296466,2023-08-24 13:17:18.944602,2023-08-24 13:17:19.837245,0 days 00:00:00.892643,0.6000000000000001,3,0.4,0.012717448006252439,3.7567014753942935e-05,60,186,COMPLETE,0.0,,,,,,,,,,,,,,,,,,,,
180,180,0.8215783454060236,2023-08-24 13:17:19.040279,2023-08-24 13:17:19.672220,0 days 00:00:00.631941,0.6000000000000001,3,0.4,0.007431048275446709,3.496189802236091e-05,60,186,COMPLETE,0.0,,,,,,,,,,,,,,,,,,,,
181,181,0.8215783454060236,2023-08-24 13:17:19.042427,2023-08-24 13:17:19.725499,0 days 00:00:00.683072,0.6000000000000001,3,0.4,0.00708912438782962,3.568076268143117e-05,60,189,COMPLETE,0.0,,,,,,,,,,,,,,,,,,,,
182,182,0.8402457757296466,2023-08-24 13:17:19.138702,2023-08-24 13:17:19.973098,0 days 00:00:00.834396,0.6000000000000001,3,0.4,0.011576116636152807,3.5440837168306527e-05,60,186,COMPLETE,0.0,,,,,,,,,,,,,,,,,,,,
183,183,0.8402457757296466,2023-08-24 13:17:19.140069,2023-08-24 13:17:19.880314,0 days 00:00:00.740245,0.6000000000000001,3,0.4,0.01239622746587554,8.421306611347165e-05,60,187,COMPLETE,0.0,,,,,,,,,,,,,,,,,,,,
184,184,0.8308943089430895,2023-08-24 13:17:19.513940,2023-08-24 13:17:20.130766,0 days 00:00:00.616826,0.6000000000000001,3,0.4,0.011210683149747802,3.0303090402272817e-05,60,193,COMPLETE,0.0,,,,,,,,,,,,,,,,,,,,
185,185,0.8402457757296466,2023-08-24 13:17:19.714766,2023-08-24 13:17:20.898716,0 days 00:00:01.183950,0.6000000000000001,3,0.4,0.01434714625998445,8.130623748247446e-05,60,175,COMPLETE,0.0,,,,,,,,,,,,,,,,,,,,
186,186,0.8109995217599235,2023-08-24 13:17:19.769602,2023-08-24 13:17:20.853164,0 days 00:00:01.083562,0.6000000000000001,3,0.4,0.012020972260796419,9.032634882374269e-05,70,175,COMPLETE,0.0,,,,,,,,,,,,,,,,,,,,
187,187,0.8109995217599235,2023-08-24 13:17:19.831810,2023-08-24 13:17:20.804775,0 days 00:00:00.972965,0.6000000000000001,3,0.4,0.01153630130268956,8.497608975879968e-05,70,163,COMPLETE,0.0,,,,,,,,,,,,,,,,,,,,
188,188,0.8496385542168674,2023-08-24 13:17:19.968290,2023-08-24 13:17:20.614874,0 days 00:00:00.646584,0.6000000000000001,3,0.4,0.003913775252483437,8.465841662867058e-05,60,163,COMPLETE,0.0,,,,,,,,,,,,,,,,,,,,
189,189,0.8496385542168674,2023-08-24 13:17:19.970304,2023-08-24 13:17:20.943397,0 days 00:00:00.973093,0.6000000000000001,3,0.4,0.004251537097964004,8.183885473372593e-05,60,164,COMPLETE,0.0,,,,,,,,,,,,,,,,,,,,
190,190,0.818815331010453,2023-08-24 13:17:20.017028,2023-08-24 13:17:20.561557,0 days 00:00:00.544529,0.6000000000000001,3,0.4,0.00392107015843961,8.222629078448298e-05,70,165,COMPLETE,0.0,,,,,,,,,,,,,,,,,,,,
191,191,0.818815331010453,2023-08-24 13:17:20.027597,2023-08-24 13:17:20.695415,0 days 00:00:00.667818,0.6000000000000001,3,0.4,0.0038803439853996157,8.205945288640813e-05,70,165,COMPLETE,0.0,,,,,,,,,,,,,,,,,,,,
192,192,0.818815331010453,2023-08-24 13:17:20.173934,2023-08-24 13:17:20.743722,0 days 00:00:00.569788,0.6000000000000001,3,0.4,0.003908895951926524,8.700052014791953e-05,70,166,COMPLETE,0.0,,,,,,,,,,,,,,,,,,,,
193,193,0.828132594536794,2023-08-24 13:17:20.601595,2023-08-24 13:17:22.465412,0 days 00:00:01.863817,0.6000000000000001,3,0.4,0.003472150172908596,8.52628537399825e-05,10,165,COMPLETE,0.0,,,,,,,,,,,,,,,,,,,,
194,194,0.7765625,2023-08-24 13:17:20.675057,2023-08-24 13:17:22.294612,0 days 00:00:01.619555,0.6000000000000001,3,0.4,0.002805268547435561,2.2956269424235467e-05,10,176,COMPLETE,0.0,,,,,,,,,,,,,,,,,,,,
195,195,0.8109995217599235,2023-08-24 13:17:20.784316,2023-08-24 13:17:22.574369,0 days 00:00:01.790053,0.6000000000000001,3,0.4,0.0014422330438814406,2.3475351885184946e-05,10,175,COMPLETE,0.0,,,,,,,,,,,,,,,,,,,,
196,196,0.7765625,2023-08-24 13:17:20.791019,2023-08-24 13:17:22.639659,0 days 00:00:01.848640,0.6000000000000001,3,0.4,0.0027129191489515514,0.00016217897275813697,10,176,COMPLETE,0.0,,,,,,,,,,,,,,,,,,,,
197,197,0.7948717948717948,2023-08-24 13:17:20.848309,2023-08-24 13:17:22.370850,0 days 00:00:01.522541,0.5,3,0.4,0.0012505150425573283,0.00019662665369549648,10,174,COMPLETE,0.0,,,,,,,,,,,,,,,,,,,,
198,198,0.8496385542168674,2023-08-24 13:17:20.942250,2023-08-24 13:17:21.618828,0 days 00:00:00.676578,0.6000000000000001,3,0.4,0.002344318148842656,5.5858738052489634e-05,60,174,COMPLETE,0.0,,,,,,,,,,,,,,,,,,,,
199,199,0.8496385542168674,2023-08-24 13:17:20.990672,2023-08-24 13:17:21.515710,0 days 00:00:00.525038,0.6000000000000001,3,0.4,0.0022770731733077363,0.0001741419187340998,60,151,COMPLETE,0.0,,,,,,,,,,,,,,,,,,,,
200,200,0.8496385542168674,2023-08-24 13:17:20.995201,2023-08-24 13:17:21.683166,0 days 00:00:00.687965,0.6000000000000001,3,0.4,0.002528833125775759,2.3572929485863183e-05,60,174,COMPLETE,0.0,,,,,,,,,,,,,,,,,,,,
