,number,value,datetime_start,datetime_complete,duration,params_bagging_fraction,params_bagging_freq,params_feature_fraction,params_lambda_l1,params_lambda_l2,params_min_child_samples,params_num_leaves,state,best_trial,dev_acc,dev_recall_macro,dev_precision_macro,dev_f1_macro,dev_recall_0,dev_precision_0,dev_f1_0,dev_recall_1,dev_precision_1,dev_f1_1,test_acc,test_recall_macro,test_precision_macro,test_f1_macro,test_recall_0,test_precision_0,test_f1_0,test_recall_1,test_precision_1,test_f1_1
213,213,0.675,2023-08-24 13:40:30.162440,2023-08-24 13:40:31.113126,0 days 00:00:00.950686,1.0,3,0.9,0.006970706213970575,0.12202890976929971,30,159,COMPLETE,0.0,,,,,,,,,,,,,,,,,,,,
214,214,0.6778939217963609,2023-08-24 13:40:30.264909,2023-08-24 13:40:31.183550,0 days 00:00:00.918641,1.0,3,0.9,0.007880421344405544,0.1384987109439398,30,133,COMPLETE,0.0,,,,,,,,,,,,,,,,,,,,
215,215,0.7128205128205128,2023-08-24 13:40:30.514206,2023-08-24 13:40:31.513953,0 days 00:00:00.999747,1.0,3,0.9,0.007042054330252317,0.11123320887605545,30,144,COMPLETE,1.0,0.7307692307692307,0.7087304613038505,0.7267080745341614,0.7128205128205128,0.5813953488372093,0.7142857142857143,0.6410256410256411,0.8360655737704918,0.7391304347826086,0.7846153846153846,0.5608856088560885,0.5570883315158124,0.5602832795946568,0.552997435719731,0.44274809160305345,0.5576923076923077,0.49361702127659574,0.6714285714285714,0.562874251497006,0.6123778501628664
216,216,0.6865947312141538,2023-08-24 13:40:30.600493,2023-08-24 13:40:32.210828,0 days 00:00:01.610335,1.0,3,0.9,0.007061075889298357,0.0011187304224922678,20,160,COMPLETE,0.0,,,,,,,,,,,,,,,,,,,,
217,217,0.6692048192771083,2023-08-24 13:40:30.711227,2023-08-24 13:40:32.272669,0 days 00:00:01.561442,1.0,3,1.0,0.00718139536911919,0.00013597584828138297,20,140,COMPLETE,0.0,,,,,,,,,,,,,,,,,,,,
218,218,0.6577622919086333,2023-08-24 13:40:30.808687,2023-08-24 13:40:32.411997,0 days 00:00:01.603310,1.0,3,0.9,0.007721446328761195,0.007733705263055657,30,143,COMPLETE,0.0,,,,,,,,,,,,,,,,,,,,
219,219,0.6577622919086333,2023-08-24 13:40:30.906207,2023-08-24 13:40:32.617154,0 days 00:00:01.710947,1.0,3,0.9,0.014467280847672676,0.007358837851066882,20,228,COMPLETE,0.0,,,,,,,,,,,,,,,,,,,,
220,220,0.6577622919086333,2023-08-24 13:40:30.957177,2023-08-24 13:40:31.997595,0 days 00:00:01.040418,1.0,3,0.9,0.015316562752647983,0.0053345689746066224,30,244,COMPLETE,0.0,,,,,,,,,,,,,,,,,,,,
221,221,0.6605222734254992,2023-08-24 13:40:31.164600,2023-08-24 13:40:32.531925,0 days 00:00:01.367325,1.0,3,1.0,0.014939595338922368,0.32387039873853946,20,245,COMPLETE,0.0,,,,,,,,,,,,,,,,,,,,
222,222,0.6836424295947405,2023-08-24 13:40:31.229926,2023-08-24 13:40:32.480269,0 days 00:00:01.250343,1.0,3,1.0,0.014633660941828216,0.005842252585812483,20,244,COMPLETE,0.0,,,,,,,,,,,,,,,,,,,,
223,223,0.6980255516840882,2023-08-24 13:40:31.557467,2023-08-24 13:40:32.678762,0 days 00:00:01.121295,1.0,3,1.0,0.014736480380756022,0.3055983479996874,20,145,COMPLETE,0.0,,,,,,,,,,,,,,,,,,,,
224,224,0.6577622919086333,2023-08-24 13:40:32.051616,2023-08-24 13:40:33.090865,0 days 00:00:01.039249,1.0,3,1.0,0.012505540065077154,0.29402515974676113,20,229,COMPLETE,0.0,,,,,,,,,,,,,,,,,,,,
225,225,0.6916307986609278,2023-08-24 13:40:32.255198,2023-08-24 13:40:33.710305,0 days 00:00:01.455107,1.0,3,1.0,0.011771814662399585,0.29263769310944154,20,148,COMPLETE,0.0,,,,,,,,,,,,,,,,,,,,
226,226,0.6892530120481927,2023-08-24 13:40:32.321204,2023-08-24 13:40:33.605851,0 days 00:00:01.284647,1.0,3,1.0,0.013341849552665075,0.2902427232013729,20,149,COMPLETE,0.0,,,,,,,,,,,,,,,,,,,,
227,227,0.6778939217963609,2023-08-24 13:40:32.455556,2023-08-24 13:40:34.386760,0 days 00:00:01.931204,1.0,3,1.0,0.013291103860109335,0.2802425288213229,20,178,COMPLETE,0.0,,,,,,,,,,,,,,,,,,,,
228,228,0.7040525954273379,2023-08-24 13:40:32.579101,2023-08-24 13:40:33.871426,0 days 00:00:01.292325,1.0,3,0.9,0.004565933850053028,0.46164872282190605,30,148,COMPLETE,0.0,,,,,,,,,,,,,,,,,,,,
229,229,0.6865947312141538,2023-08-24 13:40:32.587026,2023-08-24 13:40:33.980347,0 days 00:00:01.393321,1.0,3,0.9,0.004692672144845835,0.004190382549498968,30,227,COMPLETE,0.0,,,,,,,,,,,,,,,,,,,,
230,230,0.6778939217963609,2023-08-24 13:40:32.675609,2023-08-24 13:40:34.042139,0 days 00:00:01.366530,1.0,3,1.0,0.00429527697838334,0.0024649141911170405,30,119,COMPLETE,0.0,,,,,,,,,,,,,,,,,,,,
231,231,0.675,2023-08-24 13:40:32.745518,2023-08-24 13:40:34.115002,0 days 00:00:01.369484,0.8,3,1.0,0.010668451629224251,0.5006035144271291,20,147,COMPLETE,0.0,,,,,,,,,,,,,,,,,,,,
232,232,0.675,2023-08-24 13:40:33.149672,2023-08-24 13:40:34.198404,0 days 00:00:01.048732,0.8,3,1.0,0.0049339281310063305,0.04207296508279906,20,147,COMPLETE,0.0,,,,,,,,,,,,,,,,,,,,
233,233,0.6892530120481927,2023-08-24 13:40:33.650790,2023-08-24 13:40:34.649801,0 days 00:00:00.999011,1.0,3,1.0,0.004642677455876532,0.4825382313695747,30,147,COMPLETE,0.0,,,,,,,,,,,,,,,,,,,,
234,234,0.6836424295947405,2023-08-24 13:40:33.757679,2023-08-24 13:40:34.590762,0 days 00:00:00.833083,0.8,3,1.0,0.00482619586454189,0.4739540058655885,30,163,COMPLETE,0.0,,,,,,,,,,,,,,,,,,,,
235,235,0.6461553416933994,2023-08-24 13:40:33.921693,2023-08-24 13:40:34.970346,0 days 00:00:01.048653,0.8,3,1.0,0.5608059970520988,0.5058453678757396,30,191,COMPLETE,0.0,,,,,,,,,,,,,,,,,,,,
236,236,0.675,2023-08-24 13:40:34.026993,2023-08-24 13:40:35.615206,0 days 00:00:01.588213,1.0,3,1.0,0.005100003133906702,0.47221012374337495,20,138,COMPLETE,0.0,,,,,,,,,,,,,,,,,,,,
237,237,0.6778939217963609,2023-08-24 13:40:34.089633,2023-08-24 13:40:35.938096,0 days 00:00:01.848463,0.8,3,1.0,0.3940297859656747,0.5566148144234886,20,131,COMPLETE,0.0,,,,,,,,,,,,,,,,,,,,
238,238,0.6953125,2023-08-24 13:40:34.165358,2023-08-24 13:40:35.358010,0 days 00:00:01.192652,1.0,3,1.0,0.005470910238071237,0.45593463328849176,30,137,COMPLETE,0.0,,,,,,,,,,,,,,,,,,,,
239,239,0.6836424295947405,2023-08-24 13:40:34.262371,2023-08-24 13:40:35.441581,0 days 00:00:01.179210,1.0,3,1.0,0.44265990978300124,0.5393937136561352,30,163,COMPLETE,0.0,,,,,,,,,,,,,,,,,,,,
240,240,0.663232263762143,2023-08-24 13:40:34.434541,2023-08-24 13:40:35.893005,0 days 00:00:01.458464,1.0,3,1.0,0.4427428129859016,0.5279950769996636,30,162,COMPLETE,0.0,,,,,,,,,,,,,,,,,,,,
241,241,0.6717948717948719,2023-08-24 13:40:34.639625,2023-08-24 13:40:35.661521,0 days 00:00:01.021896,1.0,3,1.0,0.009560592186557613,0.49206297611005717,30,162,COMPLETE,0.0,,,,,,,,,,,,,,,,,,,,
242,242,0.6546875,2023-08-24 13:40:34.696906,2023-08-24 13:40:35.734242,0 days 00:00:01.037336,1.0,3,1.0,0.5177977434414957,0.7544383149645385,30,195,COMPLETE,0.0,,,,,,,,,,,,,,,,,,,,
243,243,0.663232263762143,2023-08-24 13:40:35.014106,2023-08-24 13:40:35.815056,0 days 00:00:00.800950,1.0,3,1.0,0.009475186051491204,0.996995581469892,30,162,COMPLETE,0.0,,,,,,,,,,,,,,,,,,,,
244,244,0.6923076923076923,2023-08-24 13:40:35.402004,2023-08-24 13:40:36.233236,0 days 00:00:00.831232,1.0,3,0.9,0.3676165249259617,0.9905851958843555,30,165,COMPLETE,0.0,,,,,,,,,,,,,,,,,,,,
245,245,0.6953125,2023-08-24 13:40:35.490007,2023-08-24 13:40:36.498745,0 days 00:00:01.008738,1.0,3,0.9,0.01879982717544722,0.9864789650149693,30,129,COMPLETE,0.0,,,,,,,,,,,,,,,,,,,,
246,246,0.6953125,2023-08-24 13:40:35.706388,2023-08-24 13:40:36.683282,0 days 00:00:00.976894,1.0,3,0.9,0.28113712502867777,0.8069617601768315,30,130,COMPLETE,0.0,,,,,,,,,,,,,,,,,,,,
247,247,0.6778939217963609,2023-08-24 13:40:35.715344,2023-08-24 13:40:36.750317,0 days 00:00:01.034973,1.0,3,0.9,8.572803736232429e-06,0.9639726035656833,30,256,COMPLETE,0.0,,,,,,,,,,,,,,,,,,,,
248,248,0.6865947312141538,2023-08-24 13:40:35.779484,2023-08-24 13:40:36.804286,0 days 00:00:01.024802,1.0,3,0.9,0.0026771438328985725,0.0879981732136462,30,131,COMPLETE,0.0,,,,,,,,,,,,,,,,,,,,
249,249,0.6836424295947405,2023-08-24 13:40:35.875681,2023-08-24 13:40:36.848751,0 days 00:00:00.973070,1.0,3,0.9,0.019712391671201854,1.4355804903155355e-05,30,241,COMPLETE,0.0,,,,,,,,,,,,,,,,,,,,
