,number,value,datetime_start,datetime_complete,duration,params_bagging_fraction,params_bagging_freq,params_feature_fraction,params_lambda_l1,params_lambda_l2,params_min_child_samples,params_num_leaves,state,best_trial,dev_acc,dev_recall_macro,dev_precision_macro,dev_f1_macro,dev_recall_0,dev_precision_0,dev_f1_0,dev_recall_1,dev_precision_1,dev_f1_1,test_acc,test_recall_macro,test_precision_macro,test_f1_macro,test_recall_0,test_precision_0,test_f1_0,test_recall_1,test_precision_1,test_f1_1
205,205,0.6597600872410033,2023-08-24 14:04:20.959208,2023-08-24 14:04:21.726409,0 days 00:00:00.767201,0.4,3,0.8,0.0033874755661136317,0.0005114076171992573,70,246,COMPLETE,0.0,,,,,,,,,,,,,,,,,,,,
206,206,0.6597600872410033,2023-08-24 14:04:20.968661,2023-08-24 14:04:21.866799,0 days 00:00:00.898138,0.4,3,0.8,0.003060284033992674,0.0005562748536564846,70,220,COMPLETE,0.0,,,,,,,,,,,,,,,,,,,,
207,207,0.6597600872410033,2023-08-24 14:04:21.028094,2023-08-24 14:04:21.515957,0 days 00:00:00.487863,0.4,3,0.8,0.000823685092157362,0.0004847804259944436,70,247,COMPLETE,0.0,,,,,,,,,,,,,,,,,,,,
208,208,0.6597600872410033,2023-08-24 14:04:21.502060,2023-08-24 14:04:22.422866,0 days 00:00:00.920806,0.4,3,0.8,0.0007308915844376678,0.0005901622219859022,70,245,COMPLETE,0.0,,,,,,,,,,,,,,,,,,,,
209,209,0.6597600872410033,2023-08-24 14:04:21.565032,2023-08-24 14:04:22.726078,0 days 00:00:01.161046,0.4,3,0.7000000000000001,0.0029099833452609276,0.0003459197271304624,70,247,COMPLETE,0.0,,,,,,,,,,,,,,,,,,,,
210,210,0.6597600872410033,2023-08-24 14:04:21.655973,2023-08-24 14:04:22.519237,0 days 00:00:00.863264,0.4,3,0.7000000000000001,0.0015750594562185577,0.00033184203968469054,70,232,COMPLETE,0.0,,,,,,,,,,,,,,,,,,,,
211,211,0.6597600872410033,2023-08-24 14:04:21.660775,2023-08-24 14:04:22.522584,0 days 00:00:00.861809,0.4,3,0.7000000000000001,0.001463867960292387,0.0005317018095734516,70,231,COMPLETE,0.0,,,,,,,,,,,,,,,,,,,,
212,212,0.6597600872410033,2023-08-24 14:04:21.721717,2023-08-24 14:04:22.668820,0 days 00:00:00.947103,0.4,3,0.7000000000000001,0.00251048689210316,0.0003465936860205337,70,232,COMPLETE,0.0,,,,,,,,,,,,,,,,,,,,
213,213,0.6597600872410033,2023-08-24 14:04:21.816634,2023-08-24 14:04:22.472766,0 days 00:00:00.656132,0.4,3,0.7000000000000001,0.0014520895283483002,0.0002682269876361672,70,233,COMPLETE,0.0,,,,,,,,,,,,,,,,,,,,
214,214,0.6597600872410033,2023-08-24 14:04:21.819736,2023-08-24 14:04:22.363810,0 days 00:00:00.544074,0.4,3,0.7000000000000001,0.0014807728159999072,0.0003507805148176539,70,30,COMPLETE,0.0,,,,,,,,,,,,,,,,,,,,
215,215,0.6597600872410033,2023-08-24 14:04:21.930611,2023-08-24 14:04:22.784497,0 days 00:00:00.853886,0.4,3,0.7000000000000001,0.001455573791658908,0.0003399863698099438,70,234,COMPLETE,0.0,,,,,,,,,,,,,,,,,,,,
216,216,0.6597600872410033,2023-08-24 14:04:22.412028,2023-08-24 14:04:23.667285,0 days 00:00:01.255257,0.4,3,0.4,0.00017256123341412874,0.0003669779995088056,70,232,COMPLETE,0.0,,,,,,,,,,,,,,,,,,,,
217,217,0.6597600872410033,2023-08-24 14:04:22.473552,2023-08-24 14:04:23.418239,0 days 00:00:00.944687,0.4,3,0.4,0.0012835343328864348,0.00029528874407341844,70,231,COMPLETE,0.0,,,,,,,,,,,,,,,,,,,,
218,218,0.6597600872410033,2023-08-24 14:04:22.620689,2023-08-24 14:04:23.499204,0 days 00:00:00.878515,0.4,3,0.4,0.0004607153862364774,0.0002154796970755925,70,231,COMPLETE,0.0,,,,,,,,,,,,,,,,,,,,
219,219,0.6597600872410033,2023-08-24 14:04:22.625381,2023-08-24 14:04:23.560096,0 days 00:00:00.934715,0.4,3,0.4,0.00046802352709840347,0.0002039560392244553,70,252,COMPLETE,0.0,,,,,,,,,,,,,,,,,,,,
220,220,0.6597600872410033,2023-08-24 14:04:22.626714,2023-08-24 14:04:23.287967,0 days 00:00:00.661253,0.4,3,0.4,0.00044631613871743916,0.00021087045692911628,70,242,COMPLETE,0.0,,,,,,,,,,,,,,,,,,,,
221,221,0.6597600872410033,2023-08-24 14:04:22.720943,2023-08-24 14:04:23.345540,0 days 00:00:00.624597,0.4,3,0.4,0.00047229245099454474,0.00021981493289751594,70,253,COMPLETE,0.0,,,,,,,,,,,,,,,,,,,,
222,222,0.6597600872410033,2023-08-24 14:04:22.775997,2023-08-24 14:04:23.605675,0 days 00:00:00.829678,0.4,3,0.4,0.0005287710944472441,0.00020052111175415012,70,252,COMPLETE,0.0,,,,,,,,,,,,,,,,,,,,
223,223,0.6597600872410033,2023-08-24 14:04:22.838551,2023-08-24 14:04:23.712501,0 days 00:00:00.873950,0.4,3,0.4,0.0005130024696244381,0.00019495698408445215,70,252,COMPLETE,0.0,,,,,,,,,,,,,,,,,,,,
224,224,0.6597600872410033,2023-08-24 14:04:23.334096,2023-08-24 14:04:24.248023,0 days 00:00:00.913927,0.4,3,0.4,0.00017019029143795143,0.00021467728752030482,70,252,COMPLETE,0.0,,,,,,,,,,,,,,,,,,,,
225,225,0.6597600872410033,2023-08-24 14:04:23.401773,2023-08-24 14:04:24.493997,0 days 00:00:01.092224,0.4,3,0.4,0.00014559541312250077,0.0007119107833570641,70,217,COMPLETE,0.0,,,,,,,,,,,,,,,,,,,,
226,226,0.6174990321331785,2023-08-24 14:04:23.464314,2023-08-24 14:04:24.385679,0 days 00:00:00.921365,0.4,3,0.4,0.001053900863906984,0.0007803258304160439,80,241,COMPLETE,0.0,,,,,,,,,,,,,,,,,,,,
227,227,0.6597600872410033,2023-08-24 14:04:23.607333,2023-08-24 14:04:24.302753,0 days 00:00:00.695420,0.4,3,0.4,1.895672259558993e-05,0.0001002845327164115,70,241,COMPLETE,0.0,,,,,,,,,,,,,,,,,,,,
228,228,0.6597600872410033,2023-08-24 14:04:23.710012,2023-08-24 14:04:24.601550,0 days 00:00:00.891538,0.4,3,0.4,0.000881837637439065,0.0007731424949660793,70,240,COMPLETE,0.0,,,,,,,,,,,,,,,,,,,,
229,229,0.6597600872410033,2023-08-24 14:04:23.766936,2023-08-24 14:04:24.538805,0 days 00:00:00.771869,0.4,3,0.4,0.0009596817141216604,7.600119537627403e-05,70,239,COMPLETE,0.0,,,,,,,,,,,,,,,,,,,,
230,230,0.6597600872410033,2023-08-24 14:04:23.770716,2023-08-24 14:04:24.446672,0 days 00:00:00.675956,0.4,3,0.4,0.000916786033051936,0.0007754264217273882,70,241,COMPLETE,0.0,,,,,,,,,,,,,,,,,,,,
231,231,0.6597600872410033,2023-08-24 14:04:23.774017,2023-08-24 14:04:24.700854,0 days 00:00:00.926837,0.4,3,0.4,0.0008577822056791009,0.0007401118048013984,70,240,COMPLETE,0.0,,,,,,,,,,,,,,,,,,,,
232,232,0.6597600872410033,2023-08-24 14:04:24.346063,2023-08-24 14:04:25.167631,0 days 00:00:00.821568,0.4,3,0.4,0.017696231328625064,0.0008323253912586716,70,240,COMPLETE,0.0,,,,,,,,,,,,,,,,,,,,
233,233,0.6597600872410033,2023-08-24 14:04:24.351021,2023-08-24 14:04:25.306434,0 days 00:00:00.955413,0.4,3,0.4,0.018813362654651944,0.0008101128951039865,70,240,COMPLETE,0.0,,,,,,,,,,,,,,,,,,,,
234,234,0.6597600872410033,2023-08-24 14:04:24.435607,2023-08-24 14:04:25.489890,0 days 00:00:01.054283,0.4,3,0.7000000000000001,0.007709240623066563,0.0008393505996183358,70,218,COMPLETE,0.0,,,,,,,,,,,,,,,,,,,,
235,235,0.603507434235608,2023-08-24 14:04:24.539681,2023-08-24 14:04:25.424503,0 days 00:00:00.884822,0.4,3,0.7000000000000001,0.009569360082967462,9.570239366602045e-08,100,219,COMPLETE,0.0,,,,,,,,,,,,,,,,,,,,
236,236,0.6597600872410033,2023-08-24 14:04:24.588073,2023-08-24 14:04:25.563135,0 days 00:00:00.975062,0.4,3,0.7000000000000001,0.008847415399106839,0.0019264197734023627,70,218,COMPLETE,0.0,,,,,,,,,,,,,,,,,,,,
237,237,0.603507434235608,2023-08-24 14:04:24.597942,2023-08-24 14:04:25.366757,0 days 00:00:00.768815,0.4,3,0.7000000000000001,0.00696913515176392,0.00041616628214831213,100,198,COMPLETE,0.0,,,,,,,,,,,,,,,,,,,,
238,238,0.603507434235608,2023-08-24 14:04:24.652461,2023-08-24 14:04:25.244066,0 days 00:00:00.591605,0.4,3,0.7000000000000001,0.007554947406237192,0.004399925343958807,100,210,COMPLETE,0.0,,,,,,,,,,,,,,,,,,,,
239,239,0.6597600872410033,2023-08-24 14:04:24.750481,2023-08-24 14:04:25.611919,0 days 00:00:00.861438,0.4,3,0.7000000000000001,0.002184931175915298,0.01328982530515658,70,200,COMPLETE,0.0,,,,,,,,,,,,,,,,,,,,
240,240,0.6597600872410033,2023-08-24 14:04:25.212220,2023-08-24 14:04:26.103790,0 days 00:00:00.891570,0.4,3,0.7000000000000001,0.009724443254926884,0.002236093632017528,70,208,COMPLETE,0.0,,,,,,,,,,,,,,,,,,,,
241,241,0.6597600872410033,2023-08-24 14:04:25.293216,2023-08-24 14:04:26.223691,0 days 00:00:00.930475,0.4,3,0.7000000000000001,0.0023602734289152605,0.004366764549679867,70,204,COMPLETE,0.0,,,,,,,,,,,,,,,,,,,,
242,242,0.6597600872410033,2023-08-24 14:04:25.358026,2023-08-24 14:04:26.171722,0 days 00:00:00.813696,0.4,3,0.7000000000000001,0.002182635906314507,0.004938628279860967,70,219,COMPLETE,0.0,,,,,,,,,,,,,,,,,,,,
243,243,0.6597600872410033,2023-08-24 14:04:25.413244,2023-08-24 14:04:26.280084,0 days 00:00:00.866840,0.4,3,0.7000000000000001,0.0021556684987866135,0.005053083466799552,70,202,COMPLETE,0.0,,,,,,,,,,,,,,,,,,,,
244,244,0.6597600872410033,2023-08-24 14:04:25.474818,2023-08-24 14:04:26.332850,0 days 00:00:00.858032,0.4,3,0.7000000000000001,0.0019673513323563417,0.004374018332137721,70,201,COMPLETE,0.0,,,,,,,,,,,,,,,,,,,,
245,245,0.6597600872410033,2023-08-24 14:04:25.536659,2023-08-24 14:04:26.455246,0 days 00:00:00.918587,0.4,3,0.7000000000000001,0.0021569667980620125,0.004012324797869412,70,200,COMPLETE,0.0,,,,,,,,,,,,,,,,,,,,
246,246,0.6597600872410033,2023-08-24 14:04:25.654717,2023-08-24 14:04:26.410348,0 days 00:00:00.755631,0.4,3,0.7000000000000001,0.003886016308551451,0.006512084497053943,70,205,COMPLETE,0.0,,,,,,,,,,,,,,,,,,,,
247,247,0.6597600872410033,2023-08-24 14:04:25.674874,2023-08-24 14:04:26.501357,0 days 00:00:00.826483,0.4,3,0.7000000000000001,0.0033305239101502717,0.0038964059810900147,70,208,COMPLETE,0.0,,,,,,,,,,,,,,,,,,,,
248,248,0.6597600872410033,2023-08-24 14:04:26.149035,2023-08-24 14:04:26.661931,0 days 00:00:00.512896,0.4,3,0.7000000000000001,0.0035354664773631236,0.0033597149976468217,70,197,COMPLETE,0.0,,,,,,,,,,,,,,,,,,,,
249,249,0.6597600872410033,2023-08-24 14:04:26.218648,2023-08-24 14:04:26.703919,0 days 00:00:00.485271,0.4,3,0.7000000000000001,0.004156125464897051,0.0039590005092568275,70,196,COMPLETE,0.0,,,,,,,,,,,,,,,,,,,,
