,number,value,datetime_start,datetime_complete,duration,params_bagging_fraction,params_bagging_freq,params_feature_fraction,params_lambda_l1,params_lambda_l2,params_min_child_samples,params_num_leaves,state,best_trial,dev_acc,dev_recall_macro,dev_precision_macro,dev_f1_macro,dev_recall_0,dev_precision_0,dev_f1_0,dev_recall_1,dev_precision_1,dev_f1_1,test_acc,test_recall_macro,test_precision_macro,test_f1_macro,test_recall_0,test_precision_0,test_f1_0,test_recall_1,test_precision_1,test_f1_1
101,101,0.6663750364537766,2023-08-23 22:08:07.797628,2023-08-23 22:08:08.893274,0 days 00:00:01.095646,0.5,1,0.6000000000000001,1.1661711333863424e-05,0.00016287664518517994,20,198,COMPLETE,0.0,,,,,,,,,,,,,,,,,,,,
102,102,0.663232263762143,2023-08-23 22:08:07.890941,2023-08-23 22:08:09.021304,0 days 00:00:01.130363,0.5,1,0.8,7.161705770163152e-06,0.00018514740367988632,20,198,COMPLETE,0.0,,,,,,,,,,,,,,,,,,,,
103,103,0.6923076923076923,2023-08-23 22:08:07.981127,2023-08-23 22:08:08.503619,0 days 00:00:00.522492,0.5,1,0.8,7.994655925726042e-06,0.00015330416552372742,60,70,COMPLETE,0.0,,,,,,,,,,,,,,,,,,,,
104,104,0.7128205128205128,2023-08-23 22:08:08.180067,2023-08-23 22:08:08.718220,0 days 00:00:00.538153,0.5,1,0.6000000000000001,1.0545632877085651e-05,0.002495217361320992,60,149,COMPLETE,0.0,,,,,,,,,,,,,,,,,,,,
105,105,0.7128205128205128,2023-08-23 22:08:08.285094,2023-08-23 22:08:08.833363,0 days 00:00:00.548269,0.5,1,0.6000000000000001,1.9708605499140648e-08,0.0022742810725532095,60,149,COMPLETE,0.0,,,,,,,,,,,,,,,,,,,,
106,106,0.7333333333333334,2023-08-23 22:08:08.360948,2023-08-23 22:08:09.070827,0 days 00:00:00.709879,0.6000000000000001,1,0.6000000000000001,8.723677454264767e-06,2.1607077581022845e-07,60,149,COMPLETE,1.0,0.75,0.72855508959207,0.74824016563147,0.7333333333333334,0.6046511627906976,0.7428571428571429,0.6666666666666666,0.8524590163934426,0.7536231884057971,0.8,0.5859778597785977,0.5803435114503817,0.591072823646918,0.5706525146442594,0.41068702290076337,0.6058558558558559,0.4895359417652411,0.75,0.5762897914379802,0.6517690875232776
107,107,0.7333333333333334,2023-08-23 22:08:08.549469,2023-08-23 22:08:09.274613,0 days 00:00:00.725144,0.6000000000000001,1,0.6000000000000001,2.0383746693380602e-08,1.393492620883941e-08,60,149,COMPLETE,0.0,,,,,,,,,,,,,,,,,,,,
108,108,0.7150684931506849,2023-08-23 22:08:08.602726,2023-08-23 22:08:09.347345,0 days 00:00:00.744619,0.5,1,0.6000000000000001,2.1971417893088242e-08,2.9204393982368613e-07,50,176,COMPLETE,0.0,,,,,,,,,,,,,,,,,,,,
109,109,0.663232263762143,2023-08-23 22:08:08.762071,2023-08-23 22:08:09.534651,0 days 00:00:00.772580,0.6000000000000001,1,0.6000000000000001,2.012027106129899e-08,4.315899508234014e-07,50,148,COMPLETE,0.0,,,,,,,,,,,,,,,,,,,,
110,110,0.663232263762143,2023-08-23 22:08:08.877155,2023-08-23 22:08:09.713834,0 days 00:00:00.836679,0.6000000000000001,1,0.6000000000000001,2.1760607842050616e-08,2.651945385929108e-07,50,175,COMPLETE,0.0,,,,,,,,,,,,,,,,,,,,
111,111,0.663232263762143,2023-08-23 22:08:08.937074,2023-08-23 22:08:09.810265,0 days 00:00:00.873191,0.6000000000000001,1,0.6000000000000001,2.0416695530612797e-08,2.7728167699340934e-07,50,146,COMPLETE,0.0,,,,,,,,,,,,,,,,,,,,
112,112,0.663232263762143,2023-08-23 22:08:09.004092,2023-08-23 22:08:09.884602,0 days 00:00:00.880510,0.6000000000000001,1,0.6000000000000001,2.0967105137787298e-08,1.8258101914553223e-07,50,17,COMPLETE,0.0,,,,,,,,,,,,,,,,,,,,
113,113,0.663232263762143,2023-08-23 22:08:09.066019,2023-08-23 22:08:10.033653,0 days 00:00:00.967634,0.6000000000000001,1,0.6000000000000001,2.0338674283451264e-08,1.7988849197525847e-07,50,149,COMPLETE,0.0,,,,,,,,,,,,,,,,,,,,
114,114,0.663232263762143,2023-08-23 22:08:09.126774,2023-08-23 22:08:09.964942,0 days 00:00:00.838168,0.6000000000000001,1,0.6000000000000001,1.951950716280855e-08,2.5375598047343533e-08,50,28,COMPLETE,0.0,,,,,,,,,,,,,,,,,,,,
115,115,0.7063331988705123,2023-08-23 22:08:09.317539,2023-08-23 22:08:09.923461,0 days 00:00:00.605922,0.6000000000000001,1,0.6000000000000001,1.9449842805137425e-08,3.524916925957927e-08,70,152,COMPLETE,0.0,,,,,,,,,,,,,,,,,,,,
116,116,0.7063331988705123,2023-08-23 22:08:09.395159,2023-08-23 22:08:10.078007,0 days 00:00:00.682848,0.6000000000000001,1,0.6000000000000001,3.673990193824155e-08,1.970890183902326e-08,70,134,COMPLETE,0.0,,,,,,,,,,,,,,,,,,,,
117,117,0.7063331988705123,2023-08-23 22:08:09.575744,2023-08-23 22:08:10.220006,0 days 00:00:00.644262,0.6000000000000001,1,0.6000000000000001,1.0132127132559543e-08,1.4876685836573128e-08,70,21,COMPLETE,0.0,,,,,,,,,,,,,,,,,,,,
118,118,0.7063331988705123,2023-08-23 22:08:09.768440,2023-08-23 22:08:10.479285,0 days 00:00:00.710845,0.6000000000000001,1,0.6000000000000001,3.78504948800229e-08,2.411410751419538e-08,70,136,COMPLETE,0.0,,,,,,,,,,,,,,,,,,,,
119,119,0.7063331988705123,2023-08-23 22:08:09.855897,2023-08-23 22:08:10.662228,0 days 00:00:00.806331,0.6000000000000001,1,0.6000000000000001,1.5783785950340926e-05,2.37898159860248e-08,70,134,COMPLETE,0.0,,,,,,,,,,,,,,,,,,,,
120,120,0.6601307189542484,2023-08-23 22:08:10.003814,2023-08-23 22:08:10.719768,0 days 00:00:00.715954,0.4,1,0.6000000000000001,8.767092972770092e-07,1.046874814612384e-08,60,135,COMPLETE,0.0,,,,,,,,,,,,,,,,,,,,
121,121,0.6601307189542484,2023-08-23 22:08:10.008024,2023-08-23 22:08:10.853912,0 days 00:00:00.845888,0.4,1,0.6000000000000001,1.037818935305025e-08,1.6870245760274668e-08,60,167,COMPLETE,0.0,,,,,,,,,,,,,,,,,,,,
122,122,0.6601307189542484,2023-08-23 22:08:10.010436,2023-08-23 22:08:10.954482,0 days 00:00:00.944046,0.4,1,0.6000000000000001,3.6850262855885255e-08,1.629352303425118e-08,60,135,COMPLETE,0.0,,,,,,,,,,,,,,,,,,,,
123,123,0.7026143790849673,2023-08-23 22:08:10.129848,2023-08-23 22:08:10.802132,0 days 00:00:00.672284,0.4,1,0.5,1.0009434014538007e-08,1.071126448692662e-07,60,168,COMPLETE,0.0,,,,,,,,,,,,,,,,,,,,
124,124,0.7026143790849673,2023-08-23 22:08:10.134306,2023-08-23 22:08:10.900593,0 days 00:00:00.766287,0.4,1,0.5,1.0317219869505801e-08,1.3544006540578942e-08,60,169,COMPLETE,0.0,,,,,,,,,,,,,,,,,,,,
125,125,0.7026143790849673,2023-08-23 22:08:10.266771,2023-08-23 22:08:11.024873,0 days 00:00:00.758102,0.4,1,0.5,1.843116649103017e-05,0.00031424620953786786,60,186,COMPLETE,0.0,,,,,,,,,,,,,,,,,,,,
126,126,0.7026143790849673,2023-08-23 22:08:10.522398,2023-08-23 22:08:11.114397,0 days 00:00:00.591999,0.4,1,0.5,6.57121774821447e-07,1.1564701549766421e-07,60,171,COMPLETE,0.0,,,,,,,,,,,,,,,,,,,,
127,127,0.7026143790849673,2023-08-23 22:08:10.703445,2023-08-23 22:08:11.485887,0 days 00:00:00.782442,0.4,1,0.5,1.5675881560694802e-07,1.0943253962733098e-07,60,169,COMPLETE,0.0,,,,,,,,,,,,,,,,,,,,
128,128,0.7128205128205128,2023-08-23 22:08:10.763728,2023-08-23 22:08:11.561143,0 days 00:00:00.797415,0.5,1,0.6000000000000001,6.247336855838251e-06,9.91836397517202e-07,60,168,COMPLETE,0.0,,,,,,,,,,,,,,,,,,,,
129,129,0.7150684931506849,2023-08-23 22:08:10.848064,2023-08-23 22:08:11.702675,0 days 00:00:00.854611,0.5,1,0.6000000000000001,5.447471908561908e-06,1.0676576745858134e-06,50,43,COMPLETE,0.0,,,,,,,,,,,,,,,,,,,,
130,130,0.7128205128205128,2023-08-23 22:08:10.899212,2023-08-23 22:08:11.820933,0 days 00:00:00.921721,0.5,1,0.4,1.4276398798577334e-07,0.0013848804754008344,50,84,COMPLETE,0.0,,,,,,,,,,,,,,,,,,,,
131,131,0.6803806880142758,2023-08-23 22:08:10.943818,2023-08-23 22:08:11.654252,0 days 00:00:00.710434,0.5,1,0.4,1.467240989599277e-07,1.4249981437210074e-06,100,154,COMPLETE,0.0,,,,,,,,,,,,,,,,,,,,
132,132,0.7150684931506849,2023-08-23 22:08:11.003708,2023-08-23 22:08:11.765281,0 days 00:00:00.761573,0.5,1,0.6000000000000001,2.68293461219531e-06,4.3051662132541345e-08,50,101,COMPLETE,0.0,,,,,,,,,,,,,,,,,,,,
133,133,0.7216218895608209,2023-08-23 22:08:11.069725,2023-08-23 22:08:11.964353,0 days 00:00:00.894628,0.5,1,0.4,2.407416337728619e-06,9.25175009887948e-07,50,152,COMPLETE,0.0,,,,,,,,,,,,,,,,,,,,
134,134,0.7216218895608209,2023-08-23 22:08:11.167965,2023-08-23 22:08:11.883857,0 days 00:00:00.715892,0.5,1,0.4,5.39907955372549e-06,1.501502626240618e-06,50,100,COMPLETE,0.0,,,,,,,,,,,,,,,,,,,,
135,135,0.7150684931506849,2023-08-23 22:08:11.526738,2023-08-23 22:08:12.337881,0 days 00:00:00.811143,0.5,1,0.6000000000000001,2.5036287537592995e-06,1.277823268996758e-06,50,100,COMPLETE,0.0,,,,,,,,,,,,,,,,,,,,
136,136,0.6803806880142758,2023-08-23 22:08:11.601054,2023-08-23 22:08:12.449405,0 days 00:00:00.848351,0.5,1,0.4,7.797101569338185e-08,0.0015572821404817561,100,154,COMPLETE,0.0,,,,,,,,,,,,,,,,,,,,
137,137,0.7244627612599353,2023-08-23 22:08:11.695840,2023-08-23 22:08:12.674015,0 days 00:00:00.978175,0.5,1,0.7000000000000001,4.5016991091495674e-07,0.0012388186951903216,50,123,COMPLETE,0.0,,,,,,,,,,,,,,,,,,,,
138,138,0.7304625199362041,2023-08-23 22:08:11.748134,2023-08-23 22:08:12.925420,0 days 00:00:01.177286,0.5,1,0.6000000000000001,7.246041560011104e-08,0.0021984665023786145,50,187,COMPLETE,0.0,,,,,,,,,,,,,,,,,,,,
139,139,0.7150684931506849,2023-08-23 22:08:11.811793,2023-08-23 22:08:12.881359,0 days 00:00:01.069566,0.5,1,0.6000000000000001,7.00306382671776e-08,0.000770724822557041,50,187,COMPLETE,0.0,,,,,,,,,,,,,,,,,,,,
140,140,0.7150684931506849,2023-08-23 22:08:11.867578,2023-08-23 22:08:12.770997,0 days 00:00:00.903419,0.5,1,0.6000000000000001,7.37463162435759e-08,0.0007905315862221806,50,163,COMPLETE,0.0,,,,,,,,,,,,,,,,,,,,
141,141,0.7216218895608209,2023-08-23 22:08:11.947088,2023-08-23 22:08:12.615316,0 days 00:00:00.668228,0.5,1,0.4,2.6563820456331754e-06,4.815284179133993e-07,50,120,COMPLETE,0.0,,,,,,,,,,,,,,,,,,,,
142,142,0.7216218895608209,2023-08-23 22:08:12.015428,2023-08-23 22:08:12.821061,0 days 00:00:00.805633,0.5,1,0.4,2.2076751384548913e-06,5.140925111817755e-07,50,117,COMPLETE,0.0,,,,,,,,,,,,,,,,,,,,
143,143,0.675,2023-08-23 22:08:12.378347,2023-08-23 22:08:13.037134,0 days 00:00:00.658787,0.5,1,0.4,3.7899181332543356e-06,6.685018687896248e-07,40,115,COMPLETE,0.0,,,,,,,,,,,,,,,,,,,,
144,144,0.7128205128205128,2023-08-23 22:08:12.490438,2023-08-23 22:08:13.111531,0 days 00:00:00.621093,0.5,1,0.4,4.825414770419755e-06,0.0008792560942094617,50,120,COMPLETE,0.0,,,,,,,,,,,,,,,,,,,,
145,145,0.675,2023-08-23 22:08:12.655308,2023-08-23 22:08:13.507006,0 days 00:00:00.851698,0.5,1,0.4,2.8875490795513042e-06,4.968244082300073e-07,40,119,COMPLETE,0.0,,,,,,,,,,,,,,,,,,,,
146,146,0.7216218895608209,2023-08-23 22:08:12.720154,2023-08-23 22:08:13.746804,0 days 00:00:01.026650,0.5,1,0.4,5.657424836910025e-07,2.0503185847319696e-06,50,116,COMPLETE,0.0,,,,,,,,,,,,,,,,,,,,
147,147,0.7216218895608209,2023-08-23 22:08:12.818955,2023-08-23 22:08:13.704785,0 days 00:00:00.885830,0.5,1,0.4,1.135281879654858e-06,6.807576248615358e-07,50,127,COMPLETE,0.0,,,,,,,,,,,,,,,,,,,,
148,148,0.7216218895608209,2023-08-23 22:08:12.868923,2023-08-23 22:08:13.794905,0 days 00:00:00.925982,0.5,1,0.4,4.4511204173558807e-07,5.617999410493442e-07,50,94,COMPLETE,0.0,,,,,,,,,,,,,,,,,,,,
149,149,0.7216218895608209,2023-08-23 22:08:12.964947,2023-08-23 22:08:13.851535,0 days 00:00:00.886588,0.5,1,0.4,8.903329284855479e-07,5.619241872915015e-07,50,127,COMPLETE,0.0,,,,,,,,,,,,,,,,,,,,
150,150,0.7216218895608209,2023-08-23 22:08:12.968015,2023-08-23 22:08:13.604057,0 days 00:00:00.636042,0.5,1,0.4,3.136341533114919e-06,7.365744885900731e-07,50,126,COMPLETE,0.0,,,,,,,,,,,,,,,,,,,,
151,151,0.7128205128205128,2023-08-23 22:08:13.084357,2023-08-23 22:08:13.656573,0 days 00:00:00.572216,0.5,1,0.4,4.556841806470058e-07,0.0026450008437434998,50,122,COMPLETE,0.0,,,,,,,,,,,,,,,,,,,,
152,152,0.7216218895608209,2023-08-23 22:08:13.161203,2023-08-23 22:08:13.931426,0 days 00:00:00.770223,0.5,1,0.4,4.2572694722277864e-07,3.754060887937423e-06,50,127,COMPLETE,0.0,,,,,,,,,,,,,,,,,,,,
153,153,0.7216218895608209,2023-08-23 22:08:13.547502,2023-08-23 22:08:14.321924,0 days 00:00:00.774422,0.5,1,0.4,4.835550830161903e-07,2.554027980114946e-06,50,127,COMPLETE,0.0,,,,,,,,,,,,,,,,,,,,
154,154,0.7216218895608209,2023-08-23 22:08:13.653729,2023-08-23 22:08:14.601521,0 days 00:00:00.947792,0.5,1,0.4,7.021149131794381e-07,2.465309694584875e-06,50,145,COMPLETE,0.0,,,,,,,,,,,,,,,,,,,,
155,155,0.7244627612599353,2023-08-23 22:08:13.702487,2023-08-23 22:08:14.749156,0 days 00:00:01.046669,0.5,1,0.7000000000000001,3.124597001797849e-08,3.4039192399110387e-06,50,193,COMPLETE,0.0,,,,,,,,,,,,,,,,,,,,
156,156,0.7244627612599353,2023-08-23 22:08:13.790361,2023-08-23 22:08:14.700907,0 days 00:00:00.910546,0.5,1,0.7000000000000001,8.472946489770667e-07,2.961175964262069e-06,50,143,COMPLETE,0.0,,,,,,,,,,,,,,,,,,,,
157,157,0.7128205128205128,2023-08-23 22:08:13.845364,2023-08-23 22:08:14.554606,0 days 00:00:00.709242,0.5,1,0.4,9.73867688919672e-07,0.002119820389973619,50,209,COMPLETE,0.0,,,,,,,,,,,,,,,,,,,,
158,158,0.7244627612599353,2023-08-23 22:08:13.852516,2023-08-23 22:08:14.605434,0 days 00:00:00.752918,0.5,1,0.7000000000000001,1.0652180645255713e-06,3.1109096707700146e-06,50,205,COMPLETE,0.0,,,,,,,,,,,,,,,,,,,,
159,159,0.7244627612599353,2023-08-23 22:08:13.915454,2023-08-23 22:08:14.703535,0 days 00:00:00.788081,0.5,1,0.7000000000000001,2.255944169267584e-06,3.2059937565725677e-06,50,111,COMPLETE,0.0,,,,,,,,,,,,,,,,,,,,
160,160,0.7244627612599353,2023-08-23 22:08:13.978891,2023-08-23 22:08:14.879201,0 days 00:00:00.900310,0.5,1,0.7000000000000001,1.729246820614804e-06,3.5613969583201994e-07,50,111,COMPLETE,0.0,,,,,,,,,,,,,,,,,,,,
161,161,0.7244627612599353,2023-08-23 22:08:14.362669,2023-08-23 22:08:15.102893,0 days 00:00:00.740224,0.5,1,0.7000000000000001,1.9377568494401e-06,3.62932610185945e-07,50,206,COMPLETE,0.0,,,,,,,,,,,,,,,,,,,,
162,162,0.664380798709157,2023-08-23 22:08:14.602405,2023-08-23 22:08:15.759399,0 days 00:00:01.156994,0.5,1,0.7000000000000001,3.015508490887534e-08,0.001188799439633794,40,191,COMPLETE,0.0,,,,,,,,,,,,,,,,,,,,
163,163,0.6803806880142758,2023-08-23 22:08:14.648141,2023-08-23 22:08:15.566106,0 days 00:00:00.917965,0.5,1,0.7000000000000001,3.205635659037915e-08,0.008009627350346377,50,205,COMPLETE,0.0,,,,,,,,,,,,,,,,,,,,
164,164,0.664380798709157,2023-08-23 22:08:14.702493,2023-08-23 22:08:15.994944,0 days 00:00:01.292451,0.5,1,0.7000000000000001,1.7733300793127671e-06,1.561950012240743e-06,40,161,COMPLETE,0.0,,,,,,,,,,,,,,,,,,,,
165,165,0.664380798709157,2023-08-23 22:08:14.790189,2023-08-23 22:08:15.798786,0 days 00:00:01.008597,0.5,1,0.7000000000000001,3.416890292325575e-08,5.753960591143599e-06,40,207,COMPLETE,0.0,,,,,,,,,,,,,,,,,,,,
166,166,0.664380798709157,2023-08-23 22:08:14.791695,2023-08-23 22:08:15.872668,0 days 00:00:01.080973,0.5,1,0.7000000000000001,3.049526446268211e-08,9.192638359913967e-06,40,218,COMPLETE,0.0,,,,,,,,,,,,,,,,,,,,
167,167,0.664380798709157,2023-08-23 22:08:14.864514,2023-08-23 22:08:15.606883,0 days 00:00:00.742369,0.5,1,0.7000000000000001,3.12491230803113e-08,3.805667001035085e-06,40,205,COMPLETE,0.0,,,,,,,,,,,,,,,,,,,,
168,168,0.664380798709157,2023-08-23 22:08:14.940460,2023-08-23 22:08:15.933357,0 days 00:00:00.992897,0.5,1,0.7000000000000001,1.4996289772753081e-06,6.575510382945395e-06,40,204,COMPLETE,0.0,,,,,,,,,,,,,,,,,,,,
169,169,0.664380798709157,2023-08-23 22:08:15.153385,2023-08-23 22:08:15.657934,0 days 00:00:00.504549,0.5,1,0.7000000000000001,1.547406263936631e-06,5.5940420540275044e-06,40,206,COMPLETE,0.0,,,,,,,,,,,,,,,,,,,,
170,170,0.7244627612599353,2023-08-23 22:08:15.646485,2023-08-23 22:08:16.615002,0 days 00:00:00.968517,0.5,1,0.7000000000000001,1.703226843557684e-06,5.526750986595361e-06,50,215,COMPLETE,0.0,,,,,,,,,,,,,,,,,,,,
171,171,0.7244627612599353,2023-08-23 22:08:15.648086,2023-08-23 22:08:16.766426,0 days 00:00:01.118340,0.5,1,0.7000000000000001,1.4136843832843978e-06,8.245535494146436e-06,50,226,COMPLETE,0.0,,,,,,,,,,,,,,,,,,,,
172,172,0.7244627612599353,2023-08-23 22:08:15.702470,2023-08-23 22:08:16.499347,0 days 00:00:00.796877,0.5,1,0.7000000000000001,1.7841254331233947e-06,8.37231478874577e-06,50,214,COMPLETE,0.0,,,,,,,,,,,,,,,,,,,,
173,173,0.7244627612599353,2023-08-23 22:08:15.842068,2023-08-23 22:08:16.718789,0 days 00:00:00.876721,0.5,1,0.7000000000000001,1.3156234137123914e-06,1.0344451969381535e-05,50,221,COMPLETE,0.0,,,,,,,,,,,,,,,,,,,,
174,174,0.6803806880142758,2023-08-23 22:08:15.843395,2023-08-23 22:08:16.667723,0 days 00:00:00.824328,0.5,1,0.7000000000000001,1.249459861899861e-06,0.0034688749325963233,50,233,COMPLETE,0.0,,,,,,,,,,,,,,,,,,,,
175,175,0.7244627612599353,2023-08-23 22:08:15.927928,2023-08-23 22:08:16.666648,0 days 00:00:00.738720,0.5,1,0.7000000000000001,1.8906228273524126e-06,1.1308864670835631e-05,50,213,COMPLETE,0.0,,,,,,,,,,,,,,,,,,,,
176,176,0.7244627612599353,2023-08-23 22:08:15.980579,2023-08-23 22:08:16.919335,0 days 00:00:00.938756,0.5,1,0.7000000000000001,1.1545453408196298e-06,1.3817509369321299e-05,50,186,COMPLETE,0.0,,,,,,,,,,,,,,,,,,,,
177,177,0.6803806880142758,2023-08-23 22:08:16.039988,2023-08-23 22:08:16.851426,0 days 00:00:00.811438,0.5,1,0.7000000000000001,8.005441071154233e-07,0.0032750990555350727,50,184,COMPLETE,0.0,,,,,,,,,,,,,,,,,,,,
178,178,0.7244627612599353,2023-08-23 22:08:16.540790,2023-08-23 22:08:17.322476,0 days 00:00:00.781686,0.5,1,0.7000000000000001,1.039999729059778e-06,1.5398888270535584e-05,50,212,COMPLETE,0.0,,,,,,,,,,,,,,,,,,,,
179,179,0.7244627612599353,2023-08-23 22:08:16.661771,2023-08-23 22:08:17.898965,0 days 00:00:01.237194,0.5,1,0.7000000000000001,1.1392232502061247e-06,1.1559554217240488e-05,50,242,COMPLETE,0.0,,,,,,,,,,,,,,,,,,,,
180,180,0.7244627612599353,2023-08-23 22:08:16.763620,2023-08-23 22:08:17.683677,0 days 00:00:00.920057,0.5,1,0.7000000000000001,1.04345450341276e-06,0.0016084083393430053,50,179,COMPLETE,0.0,,,,,,,,,,,,,,,,,,,,
181,181,0.7244627612599353,2023-08-23 22:08:16.904664,2023-08-23 22:08:17.607044,0 days 00:00:00.702380,0.5,1,0.7000000000000001,2.599447294988344e-07,0.0015749730272117284,50,192,COMPLETE,0.0,,,,,,,,,,,,,,,,,,,,
182,182,0.7150684931506849,2023-08-23 22:08:16.915489,2023-08-23 22:08:18.097446,0 days 00:00:01.181957,0.7000000000000001,1,0.7000000000000001,3.158753449289096e-07,3.34517969980161e-06,50,194,COMPLETE,0.0,,,,,,,,,,,,,,,,,,,,
183,183,0.7150684931506849,2023-08-23 22:08:16.917653,2023-08-23 22:08:17.743642,0 days 00:00:00.825989,0.7000000000000001,1,0.7000000000000001,1.4618404772751846e-08,6.528514308880736e-08,50,193,COMPLETE,0.0,,,,,,,,,,,,,,,,,,,,
184,184,0.715625,2023-08-23 22:08:16.973468,2023-08-23 22:08:17.852505,0 days 00:00:00.879037,0.5,1,0.7000000000000001,2.9876189257559027e-07,3.203906581619866e-06,60,194,COMPLETE,0.0,,,,,,,,,,,,,,,,,,,,
185,185,0.715625,2023-08-23 22:08:16.976252,2023-08-23 22:08:17.793917,0 days 00:00:00.817665,0.5,1,0.7000000000000001,2.9790734838378503e-07,3.5221392066771468e-06,60,192,COMPLETE,0.0,,,,,,,,,,,,,,,,,,,,
186,186,0.6923076923076923,2023-08-23 22:08:17.379089,2023-08-23 22:08:18.024124,0 days 00:00:00.645035,0.7000000000000001,1,0.7000000000000001,1.376102012350677e-08,0.0020011006898390856,60,192,COMPLETE,0.0,,,,,,,,,,,,,,,,,,,,
187,187,0.6923076923076923,2023-08-23 22:08:17.650444,2023-08-23 22:08:18.594383,0 days 00:00:00.943939,0.7000000000000001,1,0.7000000000000001,1.3943931060368278e-08,3.89935609098981e-06,60,180,COMPLETE,0.0,,,,,,,,,,,,,,,,,,,,
188,188,0.7244627612599353,2023-08-23 22:08:17.795741,2023-08-23 22:08:18.891879,0 days 00:00:01.096138,0.5,1,0.7000000000000001,6.780202792571702e-07,2.527405636728851e-06,50,230,COMPLETE,0.0,,,,,,,,,,,,,,,,,,,,
189,189,0.7244627612599353,2023-08-23 22:08:17.838679,2023-08-23 22:08:18.723212,0 days 00:00:00.884533,0.5,1,0.7000000000000001,3.6177092524219463e-06,2.761581687614539e-06,50,237,COMPLETE,0.0,,,,,,,,,,,,,,,,,,,,
190,190,0.7244627612599353,2023-08-23 22:08:17.850732,2023-08-23 22:08:19.006252,0 days 00:00:01.155520,0.5,1,0.7000000000000001,6.448730675495578e-07,3.2020999163673475e-06,50,228,COMPLETE,0.0,,,,,,,,,,,,,,,,,,,,
191,191,0.7244627612599353,2023-08-23 22:08:17.956089,2023-08-23 22:08:18.940642,0 days 00:00:00.984553,0.5,1,0.7000000000000001,4.17001498678156e-06,3.337818732023659e-08,50,147,COMPLETE,0.0,,,,,,,,,,,,,,,,,,,,
192,192,0.7244627612599353,2023-08-23 22:08:17.965238,2023-08-23 22:08:19.006754,0 days 00:00:01.041516,0.5,1,0.7000000000000001,6.935906761384556e-07,1.9356247184677102e-06,50,226,COMPLETE,0.0,,,,,,,,,,,,,,,,,,,,
193,193,0.7244627612599353,2023-08-23 22:08:18.073784,2023-08-23 22:08:18.839287,0 days 00:00:00.765503,0.5,1,0.7000000000000001,7.368846644157719e-07,1.5679697161643138e-07,50,145,COMPLETE,0.0,,,,,,,,,,,,,,,,,,,,
194,194,0.7244627612599353,2023-08-23 22:08:18.160405,2023-08-23 22:08:18.766011,0 days 00:00:00.605606,0.5,1,0.7000000000000001,5.836284952902621e-07,1.8175162419670231e-06,50,226,COMPLETE,0.0,,,,,,,,,,,,,,,,,,,,
195,195,0.7244627612599353,2023-08-23 22:08:18.638999,2023-08-23 22:08:19.301540,0 days 00:00:00.662541,0.5,1,0.7000000000000001,3.549041134030772e-06,1.7536018772629256e-06,50,111,COMPLETE,0.0,,,,,,,,,,,,,,,,,,,,
196,196,0.7150684931506849,2023-08-23 22:08:18.810253,2023-08-23 22:08:19.762485,0 days 00:00:00.952232,0.5,1,0.6000000000000001,6.907531510022386e-07,1.6879558373569313e-07,50,144,COMPLETE,0.0,,,,,,,,,,,,,,,,,,,,
197,197,0.7150684931506849,2023-08-23 22:08:18.811896,2023-08-23 22:08:19.678382,0 days 00:00:00.866486,0.5,1,0.6000000000000001,6.347184069177409e-07,5.330511313298638e-06,50,144,COMPLETE,0.0,,,,,,,,,,,,,,,,,,,,
198,198,0.7244627612599353,2023-08-23 22:08:18.887957,2023-08-23 22:08:20.108641,0 days 00:00:01.220684,0.5,1,0.7000000000000001,2.255852456489627e-06,6.170661228654276e-06,50,226,COMPLETE,0.0,,,,,,,,,,,,,,,,,,,,
199,199,0.7244627612599353,2023-08-23 22:08:18.936306,2023-08-23 22:08:20.171709,0 days 00:00:01.235403,0.5,1,0.7000000000000001,2.1145908443728396e-06,6.938180605229132e-06,50,215,COMPLETE,0.0,,,,,,,,,,,,,,,,,,,,
200,200,0.7150684931506849,2023-08-23 22:08:18.997889,2023-08-23 22:08:19.986694,0 days 00:00:00.988805,0.5,1,0.6000000000000001,1.8949854043872788e-06,5.759589891032796e-06,50,222,COMPLETE,0.0,,,,,,,,,,,,,,,,,,,,
