,number,value,datetime_start,datetime_complete,duration,params_bagging_fraction,params_bagging_freq,params_feature_fraction,params_lambda_l1,params_lambda_l2,params_min_child_samples,params_num_leaves,state,best_trial,dev_acc,dev_recall_macro,dev_precision_macro,dev_f1_macro,dev_recall_0,dev_precision_0,dev_f1_0,dev_recall_1,dev_precision_1,dev_f1_1,test_acc,test_recall_macro,test_precision_macro,test_f1_macro,test_recall_0,test_precision_0,test_f1_0,test_recall_1,test_precision_1,test_f1_1
0,0,0.5250817079599367,2023-08-24 13:42:02.171916,2023-08-24 13:42:03.477223,0 days 00:00:01.305307,0.9,2,0.5,0.059843442072511494,1.9074116521561057e-05,40,52,COMPLETE,0.0,,,,,,,,,,,,,,,,,,,,
1,1,0.531958229942101,2023-08-24 13:42:02.174226,2023-08-24 13:42:04.376293,0 days 00:00:02.202067,0.9,1,0.9,0.0002763195587009387,0.0019306384583764654,60,143,COMPLETE,0.0,,,,,,,,,,,,,,,,,,,,
2,2,0.49650210224126806,2023-08-24 13:42:02.176055,2023-08-24 13:42:03.089540,0 days 00:00:00.913485,0.6000000000000001,3,1.0,7.80054910427298e-08,5.383060048491462e-05,10,26,COMPLETE,0.0,,,,,,,,,,,,,,,,,,,,
3,3,0.5166051277796215,2023-08-24 13:42:02.177980,2023-08-24 13:42:06.434466,0 days 00:00:04.256486,1.0,1,1.0,4.776432293534511e-08,1.5608327797079052e-08,30,197,COMPLETE,0.0,,,,,,,,,,,,,,,,,,,,
4,4,0.5224213286713286,2023-08-24 13:42:02.181658,2023-08-24 13:42:02.671015,0 days 00:00:00.489357,0.4,1,0.7000000000000001,2.711751739663939e-07,2.3742224450565962e-07,100,16,COMPLETE,0.0,,,,,,,,,,,,,,,,,,,,
5,5,0.49833750793173703,2023-08-24 13:42:02.183933,2023-08-24 13:42:02.928307,0 days 00:00:00.744374,0.4,1,0.5,5.537319279915178e-06,0.0012314855166484437,100,197,COMPLETE,0.0,,,,,,,,,,,,,,,,,,,,
6,6,0.5335601898101898,2023-08-24 13:42:02.188340,2023-08-24 13:42:03.637858,0 days 00:00:01.449518,1.0,3,0.6000000000000001,0.00019420910624773818,0.0006171464147950936,90,109,COMPLETE,0.0,,,,,,,,,,,,,,,,,,,,
7,7,0.506371780731797,2023-08-24 13:42:02.189570,2023-08-24 13:42:07.218489,0 days 00:00:05.028919,0.9,1,0.6000000000000001,2.576208940863972e-06,0.0009030330365870461,10,207,COMPLETE,0.0,,,,,,,,,,,,,,,,,,,,
8,8,0.5217652492393952,2023-08-24 13:42:02.718356,2023-08-24 13:42:05.357693,0 days 00:00:02.639337,0.5,3,0.6000000000000001,2.9141335878803348e-05,2.602973434156203e-08,30,149,COMPLETE,0.0,,,,,,,,,,,,,,,,,,,,
9,9,0.5142992424242425,2023-08-24 13:42:02.974741,2023-08-24 13:42:04.619069,0 days 00:00:01.644328,0.4,1,1.0,2.4459735950776018e-06,2.624981232912355e-08,40,206,COMPLETE,0.0,,,,,,,,,,,,,,,,,,,,
10,10,0.5123968792768014,2023-08-24 13:42:03.136468,2023-08-24 13:42:04.860014,0 days 00:00:01.723546,0.7000000000000001,1,0.7000000000000001,0.32469150457677864,2.0038916647128488e-08,70,229,COMPLETE,0.0,,,,,,,,,,,,,,,,,,,,
11,11,0.5142992424242425,2023-08-24 13:42:03.519648,2023-08-24 13:42:04.953977,0 days 00:00:01.434329,0.7000000000000001,1,1.0,0.00011075234985608003,8.924574756784013e-07,80,139,COMPLETE,0.0,,,,,,,,,,,,,,,,,,,,
12,12,0.518895909896095,2023-08-24 13:42:03.681210,2023-08-24 13:42:04.999649,0 days 00:00:01.318439,0.5,1,0.6000000000000001,9.086137532808068e-07,1.5498803932688686e-08,80,175,COMPLETE,0.0,,,,,,,,,,,,,,,,,,,,
13,13,0.5218538677222497,2023-08-24 13:42:04.420996,2023-08-24 13:42:08.239573,0 days 00:00:03.818577,1.0,2,0.4,2.602114104778913e-05,7.841933834670027e-07,40,216,COMPLETE,0.0,,,,,,,,,,,,,,,,,,,,
14,14,0.5503234025237189,2023-08-24 13:42:04.660912,2023-08-24 13:42:06.870865,0 days 00:00:02.209953,1.0,2,0.7000000000000001,0.015217194246074166,0.00042454225582562753,60,222,COMPLETE,0.0,,,,,,,,,,,,,,,,,,,,
15,15,0.5169012690923672,2023-08-24 13:42:04.901986,2023-08-24 13:42:07.328266,0 days 00:00:02.426280,0.8,1,0.9,0.39498340143134925,1.6354261249200627e-05,10,106,COMPLETE,0.0,,,,,,,,,,,,,,,,,,,,
16,16,0.5227319222598159,2023-08-24 13:42:05.000447,2023-08-24 13:42:07.005440,0 days 00:00:02.004993,1.0,3,0.4,0.004652526352121066,0.23586451211274498,40,84,COMPLETE,0.0,,,,,,,,,,,,,,,,,,,,
17,17,0.5114654285598512,2023-08-24 13:42:05.075708,2023-08-24 13:42:06.931213,0 days 00:00:01.855505,1.0,3,0.4,1.6518399026024304e-08,0.19822205933839923,10,80,COMPLETE,0.0,,,,,,,,,,,,,,,,,,,,
18,18,0.5495902687364597,2023-08-24 13:42:05.400061,2023-08-24 13:42:07.524077,0 days 00:00:02.124016,1.0,2,0.8,0.0014407180656764162,0.11071818077947138,60,96,COMPLETE,0.0,,,,,,,,,,,,,,,,,,,,
19,19,0.5268211383695518,2023-08-24 13:42:06.483479,2023-08-24 13:42:08.718969,0 days 00:00:02.235490,0.9,2,0.8,0.0006329413201896376,0.07186879326156201,60,92,COMPLETE,0.0,,,,,,,,,,,,,,,,,,,,
20,20,0.5358878465179174,2023-08-24 13:42:06.915485,2023-08-24 13:42:08.918063,0 days 00:00:02.002578,1.0,2,0.8,0.0032743081386817805,0.15897597538210165,80,91,COMPLETE,0.0,,,,,,,,,,,,,,,,,,,,
21,21,0.5226857333499055,2023-08-24 13:42:06.989214,2023-08-24 13:42:08.972307,0 days 00:00:01.983093,0.8,2,0.8,0.0025052255179633257,0.0013871500158637669,80,93,COMPLETE,0.0,,,,,,,,,,,,,,,,,,,,
22,22,0.5217524509803921,2023-08-24 13:42:07.069455,2023-08-24 13:42:09.073383,0 days 00:00:02.003928,0.8,2,0.8,0.004103052323336369,0.0013500457226268798,90,95,COMPLETE,0.0,,,,,,,,,,,,,,,,,,,,
23,23,0.5156113126028102,2023-08-24 13:42:07.262016,2023-08-24 13:42:09.021717,0 days 00:00:01.759701,0.8,2,0.8,0.0020006102195629905,0.019064394763657042,90,256,COMPLETE,0.0,,,,,,,,,,,,,,,,,,,,
24,24,0.5156113126028102,2023-08-24 13:42:07.373509,2023-08-24 13:42:08.773324,0 days 00:00:01.399815,0.8,2,0.8,0.000983956287427381,0.010385159784128363,90,256,COMPLETE,0.0,,,,,,,,,,,,,,,,,,,,
25,25,0.5386659105706425,2023-08-24 13:42:07.563265,2023-08-24 13:42:09.450353,0 days 00:00:01.887088,0.8,2,0.8,0.002516277282216471,0.02660499745255957,60,243,COMPLETE,0.0,,,,,,,,,,,,,,,,,,,,
26,26,0.520351678256262,2023-08-24 13:42:08.289937,2023-08-24 13:42:10.219078,0 days 00:00:01.929141,0.8,2,0.8,0.004941118988005372,0.02555361632142667,60,252,COMPLETE,0.0,,,,,,,,,,,,,,,,,,,,
27,27,0.5313849639487787,2023-08-24 13:42:08.760095,2023-08-24 13:42:10.634241,0 days 00:00:01.874146,0.8,2,0.8,0.004799289372812384,0.040072702023084064,70,254,COMPLETE,0.0,,,,,,,,,,,,,,,,,,,,
28,28,0.531658461165023,2023-08-24 13:42:08.829125,2023-08-24 13:42:10.834368,0 days 00:00:02.005243,0.8,2,0.8,0.007995901247110889,0.022750134749369398,70,117,COMPLETE,0.0,,,,,,,,,,,,,,,,,,,,
29,29,0.5307239057239057,2023-08-24 13:42:08.960778,2023-08-24 13:42:10.723838,0 days 00:00:01.763060,0.8,2,0.8,0.00817029371913903,0.6417329391169776,70,62,COMPLETE,0.0,,,,,,,,,,,,,,,,,,,,
30,30,0.5175937766410912,2023-08-24 13:42:09.016033,2023-08-24 13:42:10.519587,0 days 00:00:01.503554,0.9,2,0.8,0.01624244473594775,0.5514785533125811,70,41,COMPLETE,0.0,,,,,,,,,,,,,,,,,,,,
31,31,0.5217897950329203,2023-08-24 13:42:09.069996,2023-08-24 13:42:11.071691,0 days 00:00:02.001695,0.9,2,0.9,0.018596064691248054,0.6416024099425927,70,56,COMPLETE,0.0,,,,,,,,,,,,,,,,,,,,
32,32,0.5114031880618606,2023-08-24 13:42:09.144254,2023-08-24 13:42:10.783621,0 days 00:00:01.639367,0.9,2,0.9,0.015133208727190964,0.63464078322947,70,49,COMPLETE,0.0,,,,,,,,,,,,,,,,,,,,
33,33,0.5275809156301998,2023-08-24 13:42:09.493370,2023-08-24 13:42:12.114897,0 days 00:00:02.621527,0.9,2,0.9,0.021554141925718792,0.42028528533827464,50,174,COMPLETE,0.0,,,,,,,,,,,,,,,,,,,,
34,34,0.523926482094649,2023-08-24 13:42:10.261650,2023-08-24 13:42:13.081958,0 days 00:00:02.820308,0.9,2,0.9,0.022324322958212902,0.8961326286870713,50,165,COMPLETE,0.0,,,,,,,,,,,,,,,,,,,,
35,35,0.5283550365729655,2023-08-24 13:42:10.576571,2023-08-24 13:42:12.624084,0 days 00:00:02.047513,0.6000000000000001,2,0.9,0.027341389221830218,0.8222294929470456,50,165,COMPLETE,0.0,,,,,,,,,,,,,,,,,,,,
36,36,0.5345112689461382,2023-08-24 13:42:10.680621,2023-08-24 13:42:14.864509,0 days 00:00:04.183888,0.9,2,0.9,0.04289635717662629,0.8851437423277838,50,164,COMPLETE,0.0,,,,,,,,,,,,,,,,,,,,
37,37,0.5434131093093679,2023-08-24 13:42:10.773362,2023-08-24 13:42:12.801540,0 days 00:00:02.028178,0.6000000000000001,3,0.9,0.04174111394818396,0.006221745970216631,50,167,COMPLETE,0.0,,,,,,,,,,,,,,,,,,,,
38,38,0.5327530490983009,2023-08-24 13:42:10.830352,2023-08-24 13:42:15.273871,0 days 00:00:04.443519,1.0,2,0.7000000000000001,0.03896502630932746,0.009804442940705458,50,164,COMPLETE,0.0,,,,,,,,,,,,,,,,,,,,
39,39,0.536769218663939,2023-08-24 13:42:10.891300,2023-08-24 13:42:12.497795,0 days 00:00:01.606495,1.0,2,0.9,0.04626160700655141,0.0050031687886203,50,67,COMPLETE,0.0,,,,,,,,,,,,,,,,,,,,
40,40,0.5356958811396408,2023-08-24 13:42:11.117669,2023-08-24 13:42:13.894994,0 days 00:00:02.777325,1.0,2,0.7000000000000001,0.06177779396331191,0.007213346506239461,50,166,COMPLETE,0.0,,,,,,,,,,,,,,,,,,,,
41,41,0.5300144503393482,2023-08-24 13:42:12.157252,2023-08-24 13:42:15.444830,0 days 00:00:03.287578,1.0,2,0.7000000000000001,0.06313629034992631,0.006875659739386425,50,236,COMPLETE,0.0,,,,,,,,,,,,,,,,,,,,
42,42,0.530721306936176,2023-08-24 13:42:12.541721,2023-08-24 13:42:14.458770,0 days 00:00:01.917049,1.0,2,0.7000000000000001,0.07190408351784211,0.005821182015841956,50,69,COMPLETE,0.0,,,,,,,,,,,,,,,,,,,,
43,43,0.533159399459451,2023-08-24 13:42:12.688922,2023-08-24 13:42:15.205375,0 days 00:00:02.516453,1.0,3,0.7000000000000001,0.08350557090159216,0.005581280645234605,50,234,COMPLETE,0.0,,,,,,,,,,,,,,,,,,,,
44,44,0.5117222189716485,2023-08-24 13:42:12.846727,2023-08-24 13:42:14.709526,0 days 00:00:01.862799,0.6000000000000001,3,0.7000000000000001,0.13583598401719885,0.004809573047788122,60,236,COMPLETE,0.0,,,,,,,,,,,,,,,,,,,,
45,45,0.5264969753031268,2023-08-24 13:42:13.125716,2023-08-24 13:42:14.651757,0 days 00:00:01.526041,0.6000000000000001,3,0.7000000000000001,0.09588785016264464,0.006708177780111142,60,236,COMPLETE,0.0,,,,,,,,,,,,,,,,,,,,
46,46,0.525456872133316,2023-08-24 13:42:13.941346,2023-08-24 13:42:15.723540,0 days 00:00:01.782194,0.6000000000000001,3,0.7000000000000001,0.0005133358609928991,0.003568172074880728,60,238,COMPLETE,0.0,,,,,,,,,,,,,,,,,,,,
47,47,0.52683867528626,2023-08-24 13:42:14.509759,2023-08-24 13:42:16.363297,0 days 00:00:01.853538,0.6000000000000001,3,0.7000000000000001,0.00046462841907492187,0.0003695601835683777,60,230,COMPLETE,0.0,,,,,,,,,,,,,,,,,,,,
48,48,0.5142464848347201,2023-08-24 13:42:14.699979,2023-08-24 13:42:17.888030,0 days 00:00:03.188051,0.6000000000000001,3,1.0,0.965021270491582,0.00038108343618262837,30,126,COMPLETE,0.0,,,,,,,,,,,,,,,,,,,,
49,49,0.5405219780219781,2023-08-24 13:42:14.770803,2023-08-24 13:42:17.516304,0 days 00:00:02.745501,0.5,3,1.0,0.8187173984504306,0.0005303431484197076,30,128,COMPLETE,0.0,,,,,,,,,,,,,,,,,,,,
50,50,0.518340444542282,2023-08-24 13:42:14.930749,2023-08-24 13:42:17.663962,0 days 00:00:02.733213,0.5,3,1.0,0.18593691264119488,0.00036677502536761747,30,188,COMPLETE,0.0,,,,,,,,,,,,,,,,,,,,
51,51,0.5327953866578161,2023-08-24 13:42:15.252213,2023-08-24 13:42:18.036674,0 days 00:00:02.784461,0.5,3,1.0,0.0005259947570204789,0.09047939598520706,30,186,COMPLETE,0.0,,,,,,,,,,,,,,,,,,,,
52,52,0.5147467738345036,2023-08-24 13:42:15.319632,2023-08-24 13:42:16.942053,0 days 00:00:01.622421,0.5,3,1.0,0.0005008212058896939,0.0024924053442711537,60,126,COMPLETE,0.0,,,,,,,,,,,,,,,,,,,,
53,53,0.5418722771663949,2023-08-24 13:42:15.490608,2023-08-24 13:42:17.891351,0 days 00:00:02.400743,0.5,3,1.0,0.21952681679920547,0.0003516767737362211,30,190,COMPLETE,0.0,,,,,,,,,,,,,,,,,,,,
54,54,0.5169933726105904,2023-08-24 13:42:15.769189,2023-08-24 13:42:18.685485,0 days 00:00:02.916296,0.5,3,1.0,0.0013308595417846796,0.000433383499334356,30,190,COMPLETE,0.0,,,,,,,,,,,,,,,,,,,,
55,55,0.5250784350391656,2023-08-24 13:42:16.428142,2023-08-24 13:42:20.527611,0 days 00:00:04.099469,0.5,1,1.0,0.5922685150192649,0.088899489909973,20,193,COMPLETE,0.0,,,,,,,,,,,,,,,,,,,,
56,56,0.5108308198519331,2023-08-24 13:42:16.988948,2023-08-24 13:42:20.141501,0 days 00:00:03.152553,0.7000000000000001,1,0.6000000000000001,0.8885706541825082,0.07280189582823443,30,198,COMPLETE,0.0,,,,,,,,,,,,,,,,,,,,
57,57,0.5360764706263821,2023-08-24 13:42:17.562422,2023-08-24 13:42:20.044692,0 days 00:00:02.482270,0.5,3,1.0,0.7205340039426902,0.0003583610600245763,30,195,COMPLETE,0.0,,,,,,,,,,,,,,,,,,,,
58,58,0.5193044091052765,2023-08-24 13:42:17.709357,2023-08-24 13:42:21.603803,0 days 00:00:03.894446,0.7000000000000001,3,1.0,0.5267793946543415,0.0005879537405932975,20,133,COMPLETE,0.0,,,,,,,,,,,,,,,,,,,,
59,59,0.5167685838000475,2023-08-24 13:42:17.998369,2023-08-24 13:42:21.079969,0 days 00:00:03.081600,0.4,3,1.0,0.24229598020497542,7.668478100788963e-05,20,148,COMPLETE,0.0,,,,,,,,,,,,,,,,,,,,
60,60,0.4997678555592072,2023-08-24 13:42:18.007057,2023-08-24 13:42:20.909988,0 days 00:00:02.902931,0.4,3,1.0,0.3159855939258729,0.00014103098062520086,20,217,COMPLETE,0.0,,,,,,,,,,,,,,,,,,,,
61,61,0.5074979571103602,2023-08-24 13:42:18.078825,2023-08-24 13:42:21.490199,0 days 00:00:03.411374,0.4,3,0.6000000000000001,0.31949772020654005,0.0007266429592290388,20,215,COMPLETE,0.0,,,,,,,,,,,,,,,,,,,,
62,62,0.5267318066867277,2023-08-24 13:42:18.735183,2023-08-24 13:42:21.401752,0 days 00:00:02.666569,0.4,3,0.6000000000000001,0.27933939379648937,0.00011248029142354566,20,216,COMPLETE,0.0,,,,,,,,,,,,,,,,,,,,
63,63,0.5316860483865766,2023-08-24 13:42:20.090318,2023-08-24 13:42:23.216063,0 days 00:00:03.125745,0.4,3,0.6000000000000001,0.2515014475669801,0.0001569440551102038,20,217,COMPLETE,0.0,,,,,,,,,,,,,,,,,,,,
64,64,0.5116849124678138,2023-08-24 13:42:20.188006,2023-08-24 13:42:23.473621,0 days 00:00:03.285615,0.4,3,0.9,0.2556944167258063,0.00012165572930854094,20,219,COMPLETE,0.0,,,,,,,,,,,,,,,,,,,,
65,65,0.5133660665575559,2023-08-24 13:42:20.571484,2023-08-24 13:42:22.246097,0 days 00:00:01.674613,0.4,3,0.6000000000000001,0.2614079690346841,0.00011985469398555737,40,219,COMPLETE,0.0,,,,,,,,,,,,,,,,,,,,
66,66,0.5064627680012295,2023-08-24 13:42:20.955781,2023-08-24 13:42:23.987000,0 days 00:00:03.031219,0.4,3,0.6000000000000001,0.2598120336817324,0.0025719137520955966,20,147,COMPLETE,0.0,,,,,,,,,,,,,,,,,,,,
67,67,0.526107027724049,2023-08-24 13:42:21.125720,2023-08-24 13:42:23.780817,0 days 00:00:02.655097,0.7000000000000001,3,0.6000000000000001,0.36438325962980994,0.0015730332951575487,40,215,COMPLETE,0.0,,,,,,,,,,,,,,,,,,,,
68,68,0.5427772600186394,2023-08-24 13:42:21.449337,2023-08-24 13:42:24.675238,0 days 00:00:03.225901,0.7000000000000001,2,0.9,0.14644955225807044,0.0008916525355085796,40,110,COMPLETE,0.0,,,,,,,,,,,,,,,,,,,,
69,69,0.48823866896156054,2023-08-24 13:42:21.552944,2023-08-24 13:42:21.918829,0 days 00:00:00.365885,0.7000000000000001,2,0.9,0.13352460877206787,0.002168019129139181,40,4,COMPLETE,0.0,,,,,,,,,,,,,,,,,,,,
70,70,0.5237803961968536,2023-08-24 13:42:21.651404,2023-08-24 13:42:22.694543,0 days 00:00:01.043139,0.7000000000000001,2,0.9,0.010695879361146758,0.0374328283206754,40,19,COMPLETE,0.0,,,,,,,,,,,,,,,,,,,,
71,71,0.523721553817313,2023-08-24 13:42:21.967222,2023-08-24 13:42:24.578818,0 days 00:00:02.611596,1.0,2,0.9,0.008908404137215541,0.0014548062677651125,40,107,COMPLETE,0.0,,,,,,,,,,,,,,,,,,,,
72,72,0.522608604845447,2023-08-24 13:42:22.287937,2023-08-24 13:42:25.047037,0 days 00:00:02.759100,1.0,2,0.9,0.00851283015088849,0.0010265135947780018,40,107,COMPLETE,0.0,,,,,,,,,,,,,,,,,,,,
73,73,0.5179559353531897,2023-08-24 13:42:22.738663,2023-08-24 13:42:25.437341,0 days 00:00:02.698678,1.0,2,0.5,0.007799185875845084,0.0013293636202264044,40,102,COMPLETE,0.0,,,,,,,,,,,,,,,,,,,,
74,74,0.5267336980822654,2023-08-24 13:42:23.258705,2023-08-24 13:42:25.746337,0 days 00:00:02.487632,1.0,2,0.9,0.03458591795009222,0.001357391466753755,60,114,COMPLETE,0.0,,,,,,,,,,,,,,,,,,,,
75,75,0.5377177157476958,2023-08-24 13:42:23.516467,2023-08-24 13:42:25.640877,0 days 00:00:02.124410,1.0,2,0.8,0.03424570484176537,0.0012678412562456814,40,76,COMPLETE,0.0,,,,,,,,,,,,,,,,,,,,
76,76,0.5433875167014627,2023-08-24 13:42:23.831358,2023-08-24 13:42:26.747416,0 days 00:00:02.916058,1.0,2,0.8,0.04033009747997947,0.01633865749523712,60,104,COMPLETE,0.0,,,,,,,,,,,,,,,,,,,,
77,77,0.5391644619807168,2023-08-24 13:42:24.032704,2023-08-24 13:42:26.446525,0 days 00:00:02.413821,1.0,2,0.9,0.04457822686795153,0.013949413720617906,60,104,COMPLETE,0.0,,,,,,,,,,,,,,,,,,,,
78,78,0.5373047058031596,2023-08-24 13:42:24.621811,2023-08-24 13:42:26.510503,0 days 00:00:01.888692,0.5,2,1.0,0.035397361276151285,0.0009811196809326455,60,206,COMPLETE,0.0,,,,,,,,,,,,,,,,,,,,
79,79,0.5432299654285045,2023-08-24 13:42:24.732594,2023-08-24 13:42:27.451677,0 days 00:00:02.719083,1.0,2,0.8,0.15510536407824557,0.010903678637133216,60,115,COMPLETE,0.0,,,,,,,,,,,,,,,,,,,,
80,80,0.533545930296121,2023-08-24 13:42:25.088428,2023-08-24 13:42:26.914739,0 days 00:00:01.826311,0.6000000000000001,2,0.8,0.03889912822046322,0.015959389340612452,60,118,COMPLETE,0.0,,,,,,,,,,,,,,,,,,,,
81,81,0.533545930296121,2023-08-24 13:42:25.486016,2023-08-24 13:42:27.200604,0 days 00:00:01.714588,0.6000000000000001,2,0.8,0.039085715598782086,0.015252126316510054,60,117,COMPLETE,0.0,,,,,,,,,,,,,,,,,,,,
82,82,0.5212963690148956,2023-08-24 13:42:25.687489,2023-08-24 13:42:27.355636,0 days 00:00:01.668147,0.6000000000000001,2,0.8,0.03221145049172391,0.016127047536085414,60,120,COMPLETE,0.0,,,,,,,,,,,,,,,,,,,,
83,83,0.5354816645680797,2023-08-24 13:42:25.808266,2023-08-24 13:42:28.638982,0 days 00:00:02.830716,0.6000000000000001,2,0.8,0.10730282778324869,0.013638056592923975,30,246,COMPLETE,0.0,,,,,,,,,,,,,,,,,,,,
84,84,0.5185099781988931,2023-08-24 13:42:26.495235,2023-08-24 13:42:28.520667,0 days 00:00:02.025432,0.6000000000000001,2,0.8,0.11499152249802193,0.01393466602109359,60,155,COMPLETE,0.0,,,,,,,,,,,,,,,,,,,,
85,85,0.503985171455051,2023-08-24 13:42:26.572132,2023-08-24 13:42:28.108335,0 days 00:00:01.536203,0.6000000000000001,2,0.8,0.1038464211567298,0.015555873846789083,70,244,COMPLETE,0.0,,,,,,,,,,,,,,,,,,,,
86,86,0.5478162709632239,2023-08-24 13:42:26.792702,2023-08-24 13:42:29.355554,0 days 00:00:02.562852,0.9,2,0.8,0.12890233642163718,0.015941429989332036,60,87,COMPLETE,0.0,,,,,,,,,,,,,,,,,,,,
87,87,0.5263137979940581,2023-08-24 13:42:26.966204,2023-08-24 13:42:28.960033,0 days 00:00:01.993829,0.9,2,0.8,0.11575806273672218,0.013508474976774138,70,99,COMPLETE,0.0,,,,,,,,,,,,,,,,,,,,
88,88,0.5227469616600608,2023-08-24 13:42:27.247961,2023-08-24 13:42:29.156412,0 days 00:00:01.908451,0.9,2,0.8,0.11668729641048281,0.03643137724005729,70,246,COMPLETE,0.0,,,,,,,,,,,,,,,,,,,,
89,89,0.5211299906181591,2023-08-24 13:42:27.406607,2023-08-24 13:42:29.700638,0 days 00:00:02.294031,0.9,2,0.8,0.1315022121615816,0.032017191257640014,70,98,COMPLETE,0.0,,,,,,,,,,,,,,,,,,,,
90,90,0.5269995581087052,2023-08-24 13:42:27.496124,2023-08-24 13:42:29.655139,0 days 00:00:02.159015,0.9,2,0.9,0.12140450149521759,0.011865409833574505,70,97,COMPLETE,0.0,,,,,,,,,,,,,,,,,,,,
91,91,0.5263137979940581,2023-08-24 13:42:28.147849,2023-08-24 13:42:30.316917,0 days 00:00:02.169068,0.9,2,0.9,0.14768363818264166,0.0037702279521402895,70,137,COMPLETE,0.0,,,,,,,,,,,,,,,,,,,,
92,92,0.5295948203842941,2023-08-24 13:42:28.562670,2023-08-24 13:42:30.633092,0 days 00:00:02.070422,0.9,2,0.9,0.16296974173472692,0.04237855502363074,70,97,COMPLETE,0.0,,,,,,,,,,,,,,,,,,,,
93,93,0.5244080651490086,2023-08-24 13:42:28.683724,2023-08-24 13:42:31.036715,0 days 00:00:02.352991,0.9,2,0.9,0.1461287720665811,0.00349668357413059,70,97,COMPLETE,0.0,,,,,,,,,,,,,,,,,,,,
94,94,0.5315003632144742,2023-08-24 13:42:29.003909,2023-08-24 13:42:31.263628,0 days 00:00:02.259719,1.0,2,0.9,0.4735757936411552,0.030998056306331432,50,87,COMPLETE,0.0,,,,,,,,,,,,,,,,,,,,
95,95,0.5381588485036761,2023-08-24 13:42:29.197829,2023-08-24 13:42:31.358237,0 days 00:00:02.160408,1.0,2,0.9,0.06550750884746188,0.009381048640262086,50,86,COMPLETE,0.0,,,,,,,,,,,,,,,,,,,,
96,96,0.5188507835566659,2023-08-24 13:42:29.401724,2023-08-24 13:42:31.771096,0 days 00:00:02.369372,0.9,2,0.9,0.06891935726516095,0.002947165014868992,50,84,COMPLETE,0.0,,,,,,,,,,,,,,,,,,,,
97,97,0.5283568671621567,2023-08-24 13:42:29.699620,2023-08-24 13:42:32.332168,0 days 00:00:02.632548,1.0,2,0.9,0.06414107181540447,0.0030979708590574973,50,89,COMPLETE,0.0,,,,,,,,,,,,,,,,,,,,
98,98,0.5351082807832725,2023-08-24 13:42:29.744913,2023-08-24 13:42:33.173075,0 days 00:00:03.428162,1.0,2,0.9,0.07292063803163198,0.0038984827024629897,50,135,COMPLETE,0.0,,,,,,,,,,,,,,,,,,,,
99,99,0.5271479274527042,2023-08-24 13:42:30.361282,2023-08-24 13:42:32.584282,0 days 00:00:02.223000,1.0,2,0.9,0.059679556789986314,0.009097694429136022,50,85,COMPLETE,0.0,,,,,,,,,,,,,,,,,,,,
100,100,0.5337105968820354,2023-08-24 13:42:30.674294,2023-08-24 13:42:33.111477,0 days 00:00:02.437183,1.0,2,0.9,0.05442384844629938,0.0032696268561739172,50,86,COMPLETE,0.0,,,,,,,,,,,,,,,,,,,,
101,101,0.5295948203842941,2023-08-24 13:42:31.094764,2023-08-24 13:42:33.535323,0 days 00:00:02.440559,1.0,2,1.0,0.054150101811480555,0.00907938742804592,50,88,COMPLETE,0.0,,,,,,,,,,,,,,,,,,,,
102,102,0.5556077228456213,2023-08-24 13:42:31.308078,2023-08-24 13:42:33.054732,0 days 00:00:01.746654,1.0,2,0.7000000000000001,0.05856024271863895,0.009017567584790265,50,79,COMPLETE,1.0,0.5717488789237668,0.5573884001303355,0.5610895532094777,0.5556077228456213,0.6854838709677419,0.6007067137809188,0.64030131826742,0.4292929292929293,0.5214723926380368,0.4709141274238227,0.5412234042553191,0.5262894110459122,0.5281382645827923,0.5233381517492769,0.6621405750798722,0.57529493407356,0.6156702562198292,0.3904382470119522,0.48098159509202454,0.4310060472787246
