,number,value,datetime_start,datetime_complete,duration,params_bagging_fraction,params_bagging_freq,params_feature_fraction,params_lambda_l1,params_lambda_l2,params_min_child_samples,params_num_leaves,state,best_trial,dev_acc,dev_recall_macro,dev_precision_macro,dev_f1_macro,dev_recall_0,dev_precision_0,dev_f1_0,dev_recall_1,dev_precision_1,dev_f1_1,test_acc,test_recall_macro,test_precision_macro,test_f1_macro,test_recall_0,test_precision_0,test_f1_0,test_recall_1,test_precision_1,test_f1_1
105,105,0.8255943856597687,2023-08-23 22:26:43.987404,2023-08-23 22:26:47.738438,0 days 00:00:03.751034,1.0,2,1.0,4.124214537905072e-06,0.001584214082347419,100,182,COMPLETE,0.0,,,,,,,,,,,,,,,,,,,,
106,106,0.822132852379192,2023-08-23 22:26:44.097418,2023-08-23 22:26:44.670019,0 days 00:00:00.572601,1.0,1,0.9,5.215868380698454e-06,0.0018722048441122158,100,7,COMPLETE,0.0,,,,,,,,,,,,,,,,,,,,
107,107,0.8250220793212453,2023-08-23 22:26:44.724791,2023-08-23 22:26:52.504565,0 days 00:00:07.779774,1.0,1,1.0,1.670945882823495e-06,0.0016798506133715292,40,120,COMPLETE,0.0,,,,,,,,,,,,,,,,,,,,
108,108,0.8241243124497226,2023-08-23 22:26:45.396246,2023-08-23 22:26:51.615388,0 days 00:00:06.219142,0.9,2,0.8,1.6084555915529752e-06,0.027087929496080406,40,182,COMPLETE,0.0,,,,,,,,,,,,,,,,,,,,
109,109,0.8193802130068893,2023-08-23 22:26:46.754134,2023-08-23 22:26:50.792502,0 days 00:00:04.038368,0.6000000000000001,2,0.9,3.929401221523802e-06,0.0017796912713282833,40,119,COMPLETE,0.0,,,,,,,,,,,,,,,,,,,,
110,110,0.8255108601915895,2023-08-23 22:26:47.180193,2023-08-23 22:26:51.079952,0 days 00:00:03.899759,0.6000000000000001,2,0.8,1.819366054657925e-06,0.0018466763314873259,40,106,COMPLETE,0.0,,,,,,,,,,,,,,,,,,,,
111,111,0.8255214477665409,2023-08-23 22:26:47.804812,2023-08-23 22:26:53.430423,0 days 00:00:05.625611,0.9,2,0.8,1.8151852908263817e-06,0.029039888231529063,40,121,COMPLETE,0.0,,,,,,,,,,,,,,,,,,,,
112,112,0.8240868826598713,2023-08-23 22:26:47.901133,2023-08-23 22:26:52.643209,0 days 00:00:04.742076,0.9,2,0.8,2.0297407142023794e-06,0.030137047539464484,40,82,COMPLETE,0.0,,,,,,,,,,,,,,,,,,,,
113,113,0.8206987916774888,2023-08-23 22:26:50.198681,2023-08-23 22:26:54.667405,0 days 00:00:04.468724,0.9,1,0.8,1.710460474682453e-06,0.0009435692985074388,40,85,COMPLETE,0.0,,,,,,,,,,,,,,,,,,,,
114,114,0.8231975614808015,2023-08-23 22:26:50.569209,2023-08-23 22:26:54.561395,0 days 00:00:03.992186,0.6000000000000001,2,0.8,2.7933619149353005e-06,0.0008005152415033603,40,119,COMPLETE,0.0,,,,,,,,,,,,,,,,,,,,
115,115,0.8226319583440388,2023-08-23 22:26:50.841798,2023-08-23 22:26:56.860455,0 days 00:00:06.018657,0.9,2,0.8,2.0369430427319966e-06,0.000454502056113231,30,94,COMPLETE,0.0,,,,,,,,,,,,,,,,,,,,
116,116,0.8193013316411754,2023-08-23 22:26:51.131888,2023-08-23 22:26:56.485025,0 days 00:00:05.353137,0.9,2,1.0,1.2391714041606913e-05,0.0008811905110026258,40,81,COMPLETE,0.0,,,,,,,,,,,,,,,,,,,,
117,117,0.8212252626549379,2023-08-23 22:26:51.666040,2023-08-23 22:26:56.617903,0 days 00:00:04.951863,0.9,1,1.0,1.2570201506788132e-05,0.0007527623683161394,50,146,COMPLETE,0.0,,,,,,,,,,,,,,,,,,,,
118,118,0.8265358569803727,2023-08-23 22:26:52.557698,2023-08-23 22:26:58.042435,0 days 00:00:05.484737,0.9,2,0.9,1.0680273610272927e-05,0.0008538212247660676,50,155,COMPLETE,0.0,,,,,,,,,,,,,,,,,,,,
119,119,0.8241410521993917,2023-08-23 22:26:52.694175,2023-08-23 22:26:58.813856,0 days 00:00:06.119681,0.8,1,0.9,2.982623167919392e-06,0.0006998658351197492,50,150,COMPLETE,0.0,,,,,,,,,,,,,,,,,,,,
120,120,0.8256293676854425,2023-08-23 22:26:53.484753,2023-08-23 22:26:57.955611,0 days 00:00:04.470858,0.8,1,0.9,1.0774284957630582e-05,0.0004963210355613732,50,155,COMPLETE,0.0,,,,,,,,,,,,,,,,,,,,
121,121,0.828994362743726,2023-08-23 22:26:54.633689,2023-08-23 22:26:59.451273,0 days 00:00:04.817584,0.8,1,0.9,1.2234370103502644e-05,0.0003426968459422511,50,156,COMPLETE,0.0,,,,,,,,,,,,,,,,,,,,
122,122,0.8332738684303436,2023-08-23 22:26:54.725467,2023-08-23 22:26:59.663418,0 days 00:00:04.937951,0.8,1,0.9,3.166274285250343e-06,0.002428867426177037,50,155,COMPLETE,0.0,,,,,,,,,,,,,,,,,,,,
123,123,0.8226420571418438,2023-08-23 22:26:56.548913,2023-08-23 22:27:01.512343,0 days 00:00:04.963430,0.8,1,0.9,1.1009921333754519e-05,0.0005810103340606012,50,155,COMPLETE,0.0,,,,,,,,,,,,,,,,,,,,
124,124,0.8232110870619845,2023-08-23 22:26:56.690893,2023-08-23 22:27:01.581370,0 days 00:00:04.890477,0.8,1,0.9,1.0333137487858338e-06,0.006536781831971335,50,152,COMPLETE,0.0,,,,,,,,,,,,,,,,,,,,
125,125,0.8265358569803727,2023-08-23 22:26:56.915841,2023-08-23 22:27:00.539123,0 days 00:00:03.623282,0.8,1,0.9,3.753032896591923e-05,0.006291490569891588,60,155,COMPLETE,0.0,,,,,,,,,,,,,,,,,,,,
126,126,0.8246281495692411,2023-08-23 22:26:58.004397,2023-08-23 22:27:03.208325,0 days 00:00:05.203928,1.0,1,1.0,6.492059113377194e-07,0.006893571603667601,60,170,COMPLETE,0.0,,,,,,,,,,,,,,,,,,,,
127,127,0.8241328468379354,2023-08-23 22:26:58.097705,2023-08-23 22:27:00.896841,0 days 00:00:02.799136,0.5,1,0.7000000000000001,7.434981490070789e-07,0.0023682955410014176,60,140,COMPLETE,0.0,,,,,,,,,,,,,,,,,,,,
128,128,0.8313918022029343,2023-08-23 22:26:58.861046,2023-08-23 22:27:04.049008,0 days 00:00:05.187962,1.0,2,1.0,6.029744277448893e-06,0.0025504608576735863,60,139,COMPLETE,0.0,,,,,,,,,,,,,,,,,,,,
129,129,0.8270549958292668,2023-08-23 22:26:59.501679,2023-08-23 22:27:03.091113,0 days 00:00:03.589434,0.7000000000000001,1,0.9,6.642734301496135e-06,0.00024133373010479765,60,171,COMPLETE,0.0,,,,,,,,,,,,,,,,,,,,
130,130,0.8289385019151653,2023-08-23 22:26:59.715701,2023-08-23 22:27:02.765768,0 days 00:00:03.050067,0.7000000000000001,1,0.7000000000000001,7.428869074959289e-07,0.006263162079448558,60,138,COMPLETE,0.0,,,,,,,,,,,,,,,,,,,,
131,131,0.8294515321327849,2023-08-23 22:27:00.585497,2023-08-23 22:27:04.397917,0 days 00:00:03.812420,0.7000000000000001,1,1.0,7.844100581450717e-07,0.0024273488683369386,60,169,COMPLETE,0.0,,,,,,,,,,,,,,,,,,,,
132,132,0.8270317559559914,2023-08-23 22:27:00.946301,2023-08-23 22:27:03.607458,0 days 00:00:02.661157,0.7000000000000001,1,1.0,6.198680706344614e-06,0.006026929387346503,90,167,COMPLETE,0.0,,,,,,,,,,,,,,,,,,,,
133,133,0.8216440648495746,2023-08-23 22:27:01.566001,2023-08-23 22:27:12.326918,0 days 00:00:10.760917,0.7000000000000001,1,1.0,6.3631493271068956e-06,0.0012022574969782096,10,170,COMPLETE,0.0,,,,,,,,,,,,,,,,,,,,
134,134,0.8241892842416745,2023-08-23 22:27:01.632420,2023-08-23 22:27:04.741596,0 days 00:00:03.109176,0.7000000000000001,1,1.0,7.227144243242666e-06,0.0024621447098758607,80,168,COMPLETE,0.0,,,,,,,,,,,,,,,,,,,,
135,135,0.8266013953721595,2023-08-23 22:27:02.815633,2023-08-23 22:27:06.896744,0 days 00:00:04.081111,1.0,1,1.0,6.558837257920948e-06,0.0024188775077312605,80,170,COMPLETE,0.0,,,,,,,,,,,,,,,,,,,,
136,136,0.825129828568443,2023-08-23 22:27:03.147109,2023-08-23 22:27:07.409173,0 days 00:00:04.262064,1.0,1,1.0,2.3391109424859656e-05,0.0012273051919714263,80,167,COMPLETE,0.0,,,,,,,,,,,,,,,,,,,,
137,137,0.8226420571418438,2023-08-23 22:27:03.260508,2023-08-23 22:27:09.593394,0 days 00:00:06.332886,1.0,1,1.0,3.522841210904915e-06,0.0022985561429419094,50,109,COMPLETE,0.0,,,,,,,,,,,,,,,,,,,,
138,138,0.832858896919009,2023-08-23 22:27:03.668117,2023-08-23 22:27:08.827121,0 days 00:00:05.159004,0.8,1,0.9,2.3106876614900165e-05,0.0024502331698517915,50,109,COMPLETE,0.0,,,,,,,,,,,,,,,,,,,,
139,139,0.8289800020154743,2023-08-23 22:27:04.099355,2023-08-23 22:27:09.829920,0 days 00:00:05.730565,1.0,2,1.0,3.1988256686937442e-06,0.0025984902710263196,60,145,COMPLETE,0.0,,,,,,,,,,,,,,,,,,,,
140,140,0.8236085854407982,2023-08-23 22:27:04.457415,2023-08-23 22:27:09.907340,0 days 00:00:05.449925,1.0,1,1.0,4.1722575407327085e-06,0.0013181690846033175,60,111,COMPLETE,0.0,,,,,,,,,,,,,,,,,,,,
141,141,0.8260482462034673,2023-08-23 22:27:04.793142,2023-08-23 22:27:09.500226,0 days 00:00:04.707084,1.0,1,1.0,3.6719555384968484e-06,0.0012759322545238374,60,111,COMPLETE,0.0,,,,,,,,,,,,,,,,,,,,
142,142,0.8255512489625327,2023-08-23 22:27:06.947976,2023-08-23 22:27:12.503303,0 days 00:00:05.555327,1.0,2,1.0,3.2841737353592093e-06,0.0014947023792153307,60,146,COMPLETE,0.0,,,,,,,,,,,,,,,,,,,,
143,143,0.8226612582406749,2023-08-23 22:27:07.462511,2023-08-23 22:27:12.899409,0 days 00:00:05.436898,1.0,2,1.0,3.921813703854408e-06,0.09780651702239128,60,110,COMPLETE,0.0,,,,,,,,,,,,,,,,,,,,
144,144,0.8274841991125322,2023-08-23 22:27:08.884376,2023-08-23 22:27:13.314376,0 days 00:00:04.430000,0.8,2,1.0,3.141951351985943e-06,0.001272272034566795,60,112,COMPLETE,0.0,,,,,,,,,,,,,,,,,,,,
145,145,0.8255781101672593,2023-08-23 22:27:09.567538,2023-08-23 22:27:14.583959,0 days 00:00:05.016421,0.8,2,1.0,5.4980062896298554e-05,0.0029257063674113935,50,98,COMPLETE,0.0,,,,,,,,,,,,,,,,,,,,
146,146,0.8265444364267205,2023-08-23 22:27:09.664886,2023-08-23 22:27:14.167354,0 days 00:00:04.502468,0.8,2,1.0,5.891379389951099e-05,0.0014920115420001155,60,145,COMPLETE,0.0,,,,,,,,,,,,,,,,,,,,
147,147,0.8260735681092883,2023-08-23 22:27:09.892069,2023-08-23 22:27:15.148429,0 days 00:00:05.256360,0.8,2,1.0,5.234651552202553e-05,0.0015794984755689724,50,97,COMPLETE,0.0,,,,,,,,,,,,,,,,,,,,
148,148,0.8225643827045931,2023-08-23 22:27:09.987102,2023-08-23 22:27:15.259549,0 days 00:00:05.272447,0.8,1,1.0,1.2181480998476407e-08,0.009843316083036048,50,178,COMPLETE,0.0,,,,,,,,,,,,,,,,,,,,
149,149,0.8251226494139514,2023-08-23 22:27:12.382407,2023-08-23 22:27:17.397729,0 days 00:00:05.015322,0.8,1,1.0,9.292693240494877e-08,0.009762833033544562,50,145,COMPLETE,0.0,,,,,,,,,,,,,,,,,,,,
150,150,0.8265682278089772,2023-08-23 22:27:12.555026,2023-08-23 22:27:17.956152,0 days 00:00:05.401126,0.8,1,1.0,2.2692518547714762e-05,0.08061469016432045,50,98,COMPLETE,0.0,,,,,,,,,,,,,,,,,,,,
151,151,0.8236276819014887,2023-08-23 22:27:12.948571,2023-08-23 22:27:17.870583,0 days 00:00:04.922012,0.8,1,1.0,1.2727629397343103e-06,0.009935602814117109,50,99,COMPLETE,0.0,,,,,,,,,,,,,,,,,,,,
152,152,0.8207188735875335,2023-08-23 22:27:13.366628,2023-08-23 22:27:18.353024,0 days 00:00:04.986396,0.8,1,1.0,5.757812256743631e-05,0.0030628652690866927,50,96,COMPLETE,0.0,,,,,,,,,,,,,,,,,,,,
153,153,0.8241062562065541,2023-08-23 22:27:14.221562,2023-08-23 22:27:19.212949,0 days 00:00:04.991387,0.8,1,1.0,1.1648316037503473e-06,0.0029594259681128368,50,96,COMPLETE,0.0,,,,,,,,,,,,,,,,,,,,
154,154,0.8250991498772875,2023-08-23 22:27:14.645975,2023-08-23 22:27:18.704904,0 days 00:00:04.058929,0.9,1,0.5,2.3573001085390522e-05,0.05728563837714264,50,179,COMPLETE,0.0,,,,,,,,,,,,,,,,,,,,
155,155,0.8216653750107639,2023-08-23 22:27:15.212926,2023-08-23 22:27:19.779686,0 days 00:00:04.566760,0.9,1,0.5,1.1763393756386907e-06,0.008884393159909647,50,161,COMPLETE,0.0,,,,,,,,,,,,,,,,,,,,
156,156,0.8211872158905285,2023-08-23 22:27:15.313007,2023-08-23 22:27:20.958551,0 days 00:00:05.645544,0.9,1,0.5,1.014970980464919e-06,0.058339306959325175,30,161,COMPLETE,0.0,,,,,,,,,,,,,,,,,,,,
157,157,0.8270233622445076,2023-08-23 22:27:17.457025,2023-08-23 22:27:21.451786,0 days 00:00:03.994761,0.9,1,0.5,3.3936318637690616e-05,0.05924704073281629,50,125,COMPLETE,0.0,,,,,,,,,,,,,,,,,,,,
158,158,0.8211551639471293,2023-08-23 22:27:17.934308,2023-08-23 22:27:22.682897,0 days 00:00:04.748589,1.0,3,0.9,1.8598667347315413e-05,0.004633684849420143,70,136,COMPLETE,0.0,,,,,,,,,,,,,,,,,,,,
159,159,0.8168721164221763,2023-08-23 22:27:18.028976,2023-08-23 22:27:22.787951,0 days 00:00:04.758975,1.0,3,0.9,3.0948170612774494e-05,0.004757821679867609,70,136,COMPLETE,0.0,,,,,,,,,,,,,,,,,,,,
160,160,0.8211551639471293,2023-08-23 22:27:18.400002,2023-08-23 22:27:26.183643,0 days 00:00:07.783641,1.0,3,0.9,1.8869909781385812e-05,0.004505709861142917,30,133,COMPLETE,0.0,,,,,,,,,,,,,,,,,,,,
161,161,0.8236538505055708,2023-08-23 22:27:18.762897,2023-08-23 22:27:26.091663,0 days 00:00:07.328766,1.0,3,0.9,1.4389350512994049e-05,0.004926375913602869,30,134,COMPLETE,0.0,,,,,,,,,,,,,,,,,,,,
162,162,0.8202102555102924,2023-08-23 22:27:19.261722,2023-08-23 22:27:23.964919,0 days 00:00:04.703197,1.0,3,0.9,1.4369550837500618e-05,0.00475104006752668,70,137,COMPLETE,0.0,,,,,,,,,,,,,,,,,,,,
163,163,0.8241328468379354,2023-08-23 22:27:19.834241,2023-08-23 22:27:24.305043,0 days 00:00:04.470802,1.0,2,0.9,9.13468188604846e-06,0.0045234623838368345,70,134,COMPLETE,0.0,,,,,,,,,,,,,,,,,,,,
164,164,0.8211972297669383,2023-08-23 22:27:21.012240,2023-08-23 22:27:26.526950,0 days 00:00:05.514710,1.0,3,0.9,1.7186247246208856e-05,0.005024350439373526,70,137,COMPLETE,0.0,,,,,,,,,,,,,,,,,,,,
165,165,0.8241892842416745,2023-08-23 22:27:21.508735,2023-08-23 22:27:25.715898,0 days 00:00:04.207163,1.0,3,0.9,1.7181961668732575e-05,0.017680180735821758,70,135,COMPLETE,0.0,,,,,,,,,,,,,,,,,,,,
166,166,0.8236972831168601,2023-08-23 22:27:22.734071,2023-08-23 22:27:27.881590,0 days 00:00:05.147519,1.0,3,0.9,8.353592814830263e-06,0.004868808769427015,60,204,COMPLETE,0.0,,,,,,,,,,,,,,,,,,,,
167,167,0.8236619134787135,2023-08-23 22:27:22.841551,2023-08-23 22:27:27.958488,0 days 00:00:05.116937,1.0,2,0.9,1.7492955852449672e-05,0.2319256005711812,60,128,COMPLETE,0.0,,,,,,,,,,,,,,,,,,,,
168,168,0.8274933765447436,2023-08-23 22:27:24.024320,2023-08-23 22:27:29.178264,0 days 00:00:05.153944,1.0,1,0.9,8.984376084093545e-06,0.0022227473643482445,60,206,COMPLETE,0.0,,,,,,,,,,,,,,,,,,,,
169,169,0.8275022310361924,2023-08-23 22:27:24.355710,2023-08-23 22:27:29.391825,0 days 00:00:05.036115,1.0,1,0.9,8.706558486624872e-06,0.0021712799952343163,60,158,COMPLETE,0.0,,,,,,,,,,,,,,,,,,,,
170,170,0.8289800020154743,2023-08-23 22:27:25.771862,2023-08-23 22:27:30.658505,0 days 00:00:04.886643,1.0,1,0.9,9.11180153466607e-06,0.001964368417219722,60,150,COMPLETE,0.0,,,,,,,,,,,,,,,,,,,,
171,171,0.8274933765447436,2023-08-23 22:27:26.138577,2023-08-23 22:27:30.721364,0 days 00:00:04.582787,1.0,1,0.9,9.024087283363182e-06,0.002096318841677358,60,150,COMPLETE,0.0,,,,,,,,,,,,,,,,,,,,
172,172,0.8275022310361924,2023-08-23 22:27:26.254917,2023-08-23 22:27:31.636346,0 days 00:00:05.381429,1.0,1,0.9,8.060321879373855e-06,0.0021473842541196355,60,150,COMPLETE,0.0,,,,,,,,,,,,,,,,,,,,
173,173,0.8207464788699534,2023-08-23 22:27:26.584336,2023-08-23 22:27:31.469445,0 days 00:00:04.885109,1.0,1,0.9,8.554171022699171e-06,0.00028448462757777116,60,152,COMPLETE,0.0,,,,,,,,,,,,,,,,,,,,
174,174,0.8241636950246221,2023-08-23 22:27:27.938120,2023-08-23 22:27:31.241074,0 days 00:00:03.302954,0.7000000000000001,1,0.6000000000000001,2.2535002614411717e-06,0.002037711879850234,60,158,COMPLETE,0.0,,,,,,,,,,,,,,,,,,,,
175,175,0.8265358569803727,2023-08-23 22:27:28.018082,2023-08-23 22:27:32.447054,0 days 00:00:04.428972,0.7000000000000001,1,0.7000000000000001,2.550333577881793e-06,0.00207825193269747,40,149,COMPLETE,0.0,,,,,,,,,,,,,,,,,,,,
176,176,0.8216548870522258,2023-08-23 22:27:29.225013,2023-08-23 22:27:34.776985,0 days 00:00:05.551972,0.9,1,0.7000000000000001,2.2506710749797874e-06,0.0003164843780245736,40,149,COMPLETE,0.0,,,,,,,,,,,,,,,,,,,,
177,177,0.8217651985482777,2023-08-23 22:27:29.446224,2023-08-23 22:27:33.993294,0 days 00:00:04.547070,0.7000000000000001,1,0.7000000000000001,2.351313139572487e-06,0.00026109853888321276,40,151,COMPLETE,0.0,,,,,,,,,,,,,,,,,,,,
178,178,0.8284506741875322,2023-08-23 22:27:30.708015,2023-08-23 22:27:35.964961,0 days 00:00:05.256946,1.0,2,1.0,5.5560196180315245e-06,0.001020459099795478,60,150,COMPLETE,0.0,,,,,,,,,,,,,,,,,,,,
179,179,0.8245548075879621,2023-08-23 22:27:30.785071,2023-08-23 22:27:35.138393,0 days 00:00:04.353322,0.9,2,0.4,2.514649836802869e-06,0.000958103749751839,40,143,COMPLETE,0.0,,,,,,,,,,,,,,,,,,,,
180,180,0.8293980416769637,2023-08-23 22:27:31.290029,2023-08-23 22:27:39.227077,0 days 00:00:07.937048,0.9,2,1.0,2.4837388302438795e-06,0.003331841468299171,40,165,COMPLETE,0.0,,,,,,,,,,,,,,,,,,,,
181,181,0.8256093564305049,2023-08-23 22:27:31.527863,2023-08-23 22:27:37.956429,0 days 00:00:06.428566,0.9,2,1.0,4.940301136336947e-06,0.0029726772836845415,40,144,COMPLETE,0.0,,,,,,,,,,,,,,,,,,,,
182,182,0.8260959621122637,2023-08-23 22:27:31.686323,2023-08-23 22:27:37.899641,0 days 00:00:06.213318,0.9,2,1.0,4.818103021157523e-06,0.0032112050683937065,40,140,COMPLETE,0.0,,,,,,,,,,,,,,,,,,,,
183,183,0.829417149262532,2023-08-23 22:27:32.505647,2023-08-23 22:27:38.427475,0 days 00:00:05.921828,0.9,2,1.0,5.29158096230107e-06,0.0030259592135344704,50,165,COMPLETE,0.0,,,,,,,,,,,,,,,,,,,,
184,184,0.8342750465024098,2023-08-23 22:27:34.047354,2023-08-23 22:27:40.610653,0 days 00:00:06.563299,0.9,2,1.0,4.360007297604803e-06,0.0008855319509888058,50,163,COMPLETE,0.0,,,,,,,,,,,,,,,,,,,,
185,185,0.8289800020154743,2023-08-23 22:27:34.830878,2023-08-23 22:27:41.018596,0 days 00:00:06.187718,0.9,2,1.0,4.661465079073308e-06,0.0032391324166949316,50,142,COMPLETE,0.0,,,,,,,,,,,,,,,,,,,,
186,186,0.8217372592242691,2023-08-23 22:27:35.188976,2023-08-23 22:27:39.118816,0 days 00:00:03.929840,0.6000000000000001,2,1.0,4.837833801343272e-06,0.00314603512258102,50,142,COMPLETE,0.0,,,,,,,,,,,,,,,,,,,,
187,187,0.829417149262532,2023-08-23 22:27:36.020462,2023-08-23 22:27:41.548223,0 days 00:00:05.527761,0.9,2,1.0,4.573189560956832e-06,0.002977759689168791,50,116,COMPLETE,0.0,,,,,,,,,,,,,,,,,,,,
188,188,0.8283777913221659,2023-08-23 22:27:37.952414,2023-08-23 22:27:44.424793,0 days 00:00:06.472379,1.0,2,1.0,1.7528495421708524e-07,0.00296430513244435,50,164,COMPLETE,0.0,,,,,,,,,,,,,,,,,,,,
189,189,0.8255317083438638,2023-08-23 22:27:38.026961,2023-08-23 22:27:44.758790,0 days 00:00:06.731829,1.0,2,1.0,4.9037792243582394e-06,0.0006671440201127864,50,116,COMPLETE,0.0,,,,,,,,,,,,,,,,,,,,
190,190,0.8240767016283507,2023-08-23 22:27:38.494184,2023-08-23 22:27:43.731590,0 days 00:00:05.237406,0.9,2,1.0,1.5510972534343623e-07,0.0031964385199230176,50,164,COMPLETE,0.0,,,,,,,,,,,,,,,,,,,,
191,191,0.8265358569803727,2023-08-23 22:27:39.170518,2023-08-23 22:27:45.310062,0 days 00:00:06.139544,0.9,2,1.0,2.2410810429069066e-08,0.0005185215864163685,50,165,COMPLETE,0.0,,,,,,,,,,,,,,,,,,,,
192,192,0.8241564762062936,2023-08-23 22:27:39.296341,2023-08-23 22:27:45.216590,0 days 00:00:05.920249,0.9,2,1.0,9.974860204091416e-05,0.04236871933595473,50,165,COMPLETE,0.0,,,,,,,,,,,,,,,,,,,,
193,193,0.8231579625181278,2023-08-23 22:27:40.668448,2023-08-23 22:27:46.694405,0 days 00:00:06.025957,0.9,2,1.0,5.142760760705494e-07,0.040242728662727566,50,164,COMPLETE,0.0,,,,,,,,,,,,,,,,,,,,
194,194,0.831413039092179,2023-08-23 22:27:41.071918,2023-08-23 22:27:47.078487,0 days 00:00:06.006569,0.9,2,1.0,1.993178269899197e-08,0.041774627743484526,50,164,COMPLETE,0.0,,,,,,,,,,,,,,,,,,,,
195,195,0.8255864110479756,2023-08-23 22:27:41.597879,2023-08-23 22:27:46.559525,0 days 00:00:04.961646,0.9,2,1.0,1.4079728977023004e-07,0.12715567898853908,50,176,COMPLETE,0.0,,,,,,,,,,,,,,,,,,,,
196,196,0.828058709612421,2023-08-23 22:27:43.788656,2023-08-23 22:27:49.509092,0 days 00:00:05.720436,0.9,2,1.0,0.007608947698269668,0.03614618253495045,50,174,COMPLETE,0.0,,,,,,,,,,,,,,,,,,,,
197,197,0.8275344215259189,2023-08-23 22:27:44.487797,2023-08-23 22:27:50.033802,0 days 00:00:05.546005,0.9,2,1.0,5.797050661582368e-07,0.15971719187756794,50,105,COMPLETE,0.0,,,,,,,,,,,,,,,,,,,,
198,198,0.8261027765338111,2023-08-23 22:27:44.820266,2023-08-23 22:27:50.401620,0 days 00:00:05.581354,0.9,2,1.0,1.750044003031886e-08,0.006832672218452323,50,104,COMPLETE,0.0,,,,,,,,,,,,,,,,,,,,
199,199,0.8207284109190474,2023-08-23 22:27:45.281306,2023-08-23 22:27:51.990415,0 days 00:00:06.709109,0.9,2,1.0,5.338561770496941e-07,0.13362437078203257,50,175,COMPLETE,0.0,,,,,,,,,,,,,,,,,,,,
200,200,0.8265682278089772,2023-08-23 22:27:45.364288,2023-08-23 22:27:50.687260,0 days 00:00:05.322972,0.9,2,1.0,5.354577129389819e-07,0.147103851574467,50,106,COMPLETE,0.0,,,,,,,,,,,,,,,,,,,,
201,201,0.8256464468307845,2023-08-23 22:27:46.631144,2023-08-23 22:27:52.327793,0 days 00:00:05.696649,0.9,2,1.0,5.191884472446791e-07,0.0014860405061235251,50,173,COMPLETE,0.0,,,,,,,,,,,,,,,,,,,,
202,202,0.8245751137397528,2023-08-23 22:27:46.760912,2023-08-23 22:27:53.977006,0 days 00:00:07.216094,0.9,2,1.0,0.008585055244598067,0.0014389445973945303,40,104,COMPLETE,0.0,,,,,,,,,,,,,,,,,,,,
203,203,0.8313760677240264,2023-08-23 22:27:47.135373,2023-08-23 22:27:53.165987,0 days 00:00:06.030614,0.9,2,1.0,2.584642457146143e-08,0.0015736707379791623,50,174,COMPLETE,0.0,,,,,,,,,,,,,,,,,,,,
204,204,0.8226612582406749,2023-08-23 22:27:49.559246,2023-08-23 22:27:55.070966,0 days 00:00:05.511720,0.9,2,1.0,3.191113906416434e-08,0.07861455432486644,50,104,COMPLETE,0.0,,,,,,,,,,,,,,,,,,,,
205,205,0.8304013532036514,2023-08-23 22:27:50.085815,2023-08-23 22:27:57.561201,0 days 00:00:07.475386,0.9,2,1.0,1.2115422605176452e-08,0.001508304283222137,40,185,COMPLETE,0.0,,,,,,,,,,,,,,,,,,,,
206,206,0.8255781101672593,2023-08-23 22:27:50.459751,2023-08-23 22:27:56.333891,0 days 00:00:05.874140,0.9,2,1.0,6.519232197612837e-08,0.02182725621060623,40,90,COMPLETE,0.0,,,,,,,,,,,,,,,,,,,,
207,207,0.8236276819014887,2023-08-23 22:27:50.744905,2023-08-23 22:27:56.456107,0 days 00:00:05.711202,0.9,2,1.0,3.862920568969315e-08,0.0858837868257256,40,90,COMPLETE,0.0,,,,,,,,,,,,,,,,,,,,
208,208,0.8285492477975888,2023-08-23 22:27:52.046481,2023-08-23 22:27:55.527036,0 days 00:00:03.480555,0.9,2,1.0,1.1705843776402596e-08,0.02354988827744786,90,195,COMPLETE,0.0,,,,,,,,,,,,,,,,,,,,
209,209,0.8285442898197466,2023-08-23 22:27:52.377351,2023-08-23 22:27:56.110061,0 days 00:00:03.732710,0.9,2,1.0,4.521701544503944e-08,0.02041198781400995,90,125,COMPLETE,0.0,,,,,,,,,,,,,,,,,,,,
210,210,0.8149657886639652,2023-08-23 22:27:53.225974,2023-08-23 22:28:00.963947,0 days 00:00:07.737973,0.9,2,1.0,3.121726085063005e-08,0.023969842766845117,40,185,COMPLETE,0.0,,,,,,,,,,,,,,,,,,,,
211,211,0.8260482462034673,2023-08-23 22:27:54.033137,2023-08-23 22:28:01.614990,0 days 00:00:07.581853,0.9,2,1.0,1.6185581421033847e-06,0.0879950217496852,40,158,COMPLETE,0.0,,,,,,,,,,,,,,,,,,,,
