,number,value,datetime_start,datetime_complete,duration,params_bagging_fraction,params_bagging_freq,params_feature_fraction,params_lambda_l1,params_lambda_l2,params_min_child_samples,params_num_leaves,state,best_trial,dev_acc,dev_recall_macro,dev_precision_macro,dev_f1_macro,dev_recall_0,dev_precision_0,dev_f1_0,dev_recall_1,dev_precision_1,dev_f1_1,test_acc,test_recall_macro,test_precision_macro,test_f1_macro,test_recall_0,test_precision_0,test_f1_0,test_recall_1,test_precision_1,test_f1_1
104,104,0.6566452149221946,2023-08-24 13:05:11.978400,2023-08-24 13:05:13.095406,0 days 00:00:01.117006,0.5,3,1.0,4.6723451828232483e-07,2.2684270264475198e-08,100,212,COMPLETE,0.0,,,,,,,,,,,,,,,,,,,,
105,105,0.6603775965015557,2023-08-24 13:05:12.223644,2023-08-24 13:05:13.827767,0 days 00:00:01.604123,0.6000000000000001,3,1.0,4.862152666585951e-07,2.0057335928776447e-08,100,242,COMPLETE,0.0,,,,,,,,,,,,,,,,,,,,
106,106,0.6566452149221946,2023-08-24 13:05:12.287961,2023-08-24 13:05:13.566068,0 days 00:00:01.278107,0.5,3,1.0,4.1411464337922814e-07,1.4914931568011956e-08,100,241,COMPLETE,0.0,,,,,,,,,,,,,,,,,,,,
107,107,0.6566452149221946,2023-08-24 13:05:12.501681,2023-08-24 13:05:13.756909,0 days 00:00:01.255228,0.5,3,1.0,4.565367874259467e-08,1.7236226711750042e-08,100,211,COMPLETE,0.0,,,,,,,,,,,,,,,,,,,,
108,108,0.6749715541256327,2023-08-24 13:05:12.564172,2023-08-24 13:05:14.393762,0 days 00:00:01.829590,0.8,3,1.0,4.397288469835825e-08,0.04371382718486741,90,211,COMPLETE,0.0,,,,,,,,,,,,,,,,,,,,
109,109,0.6766190125751066,2023-08-24 13:05:12.842335,2023-08-24 13:05:14.309533,0 days 00:00:01.467198,0.8,3,1.0,3.88342371740018e-08,1.9264472803521246e-08,100,213,COMPLETE,0.0,,,,,,,,,,,,,,,,,,,,
110,110,0.668795883514095,2023-08-24 13:05:13.150562,2023-08-24 13:05:14.901555,0 days 00:00:01.750993,0.8,3,1.0,4.067142622476295e-08,0.15285269622082404,90,242,COMPLETE,0.0,,,,,,,,,,,,,,,,,,,,
111,111,0.6768265448191443,2023-08-24 13:05:13.276082,2023-08-24 13:05:15.048459,0 days 00:00:01.772377,0.8,3,1.0,4.5551098142418135e-08,0.05069204182127208,90,242,COMPLETE,0.0,,,,,,,,,,,,,,,,,,,,
112,112,0.6716242632201213,2023-08-24 13:05:13.502724,2023-08-24 13:05:15.295346,0 days 00:00:01.792622,0.8,3,1.0,4.8636135613932444e-08,0.038112422335631266,90,241,COMPLETE,0.0,,,,,,,,,,,,,,,,,,,,
113,113,0.6803535481960781,2023-08-24 13:05:13.617921,2023-08-24 13:05:15.656284,0 days 00:00:02.038363,0.8,3,1.0,4.692350865249193e-08,0.037287116310112285,90,212,COMPLETE,1.0,0.680830516658619,0.6804854457676695,0.6812563696176731,0.6803535481960781,0.6494140625,0.687693898655636,0.6680060271220493,0.711556829035339,0.6748188405797102,0.6927010692701069,0.6671474936891453,0.6640314905374882,0.6659016545806726,0.6643311952386179,0.6129032258064516,0.6557107641741988,0.6335847558554981,0.7151597552685248,0.6760925449871465,0.6950776346217377
114,114,0.674102848582993,2023-08-24 13:05:13.799353,2023-08-24 13:05:15.470073,0 days 00:00:01.670720,0.8,3,1.0,1.2485766805552693e-07,0.15495601866691072,90,192,COMPLETE,0.0,,,,,,,,,,,,,,,,,,,,
115,115,0.6803535481960781,2023-08-24 13:05:13.871147,2023-08-24 13:05:15.850005,0 days 00:00:01.978858,0.8,3,1.0,2.1666228040213928e-08,0.03647208698535662,90,194,COMPLETE,0.0,,,,,,,,,,,,,,,,,,,,
116,116,0.6789830875651771,2023-08-24 13:05:14.353938,2023-08-24 13:05:16.299165,0 days 00:00:01.945227,0.8,3,1.0,1.8794249572372915e-08,5.262003073782963e-08,90,194,COMPLETE,0.0,,,,,,,,,,,,,,,,,,,,
117,117,0.6789830875651771,2023-08-24 13:05:14.435938,2023-08-24 13:05:16.078765,0 days 00:00:01.642827,0.8,3,1.0,2.7176725398338744e-08,4.847580270018463e-08,90,190,COMPLETE,0.0,,,,,,,,,,,,,,,,,,,,
118,118,0.6789830875651771,2023-08-24 13:05:14.946225,2023-08-24 13:05:16.889390,0 days 00:00:01.943165,0.8,3,1.0,2.0762425964515465e-08,4.1073960459087544e-08,90,194,COMPLETE,0.0,,,,,,,,,,,,,,,,,,,,
119,119,0.6789830875651771,2023-08-24 13:05:15.097990,2023-08-24 13:05:16.952962,0 days 00:00:01.854972,0.8,3,1.0,2.5162062742729274e-08,4.650171666553023e-08,90,192,COMPLETE,0.0,,,,,,,,,,,,,,,,,,,,
120,120,0.6789830875651771,2023-08-24 13:05:15.340066,2023-08-24 13:05:17.142602,0 days 00:00:01.802536,0.8,3,1.0,1.1919464393755282e-07,4.5576405596153386e-08,90,248,COMPLETE,0.0,,,,,,,,,,,,,,,,,,,,
121,121,0.6789830875651771,2023-08-24 13:05:15.513083,2023-08-24 13:05:17.294399,0 days 00:00:01.781316,0.8,3,1.0,1.9437253522041882e-08,4.919327836344268e-08,90,224,COMPLETE,0.0,,,,,,,,,,,,,,,,,,,,
122,122,0.6696897964349673,2023-08-24 13:05:15.697446,2023-08-24 13:05:17.760914,0 days 00:00:02.063468,0.8,3,1.0,1.8466860374601596e-08,0.05382724268170431,90,254,COMPLETE,0.0,,,,,,,,,,,,,,,,,,,,
123,123,0.6715988028916495,2023-08-24 13:05:15.891502,2023-08-24 13:05:17.458286,0 days 00:00:01.566784,0.8,3,0.9,2.1545321065747288e-08,0.010614709177973759,90,194,COMPLETE,0.0,,,,,,,,,,,,,,,,,,,,
124,124,0.670797249670354,2023-08-24 13:05:16.120253,2023-08-24 13:05:18.018652,0 days 00:00:01.898399,0.8,3,0.9,2.4646058288186635e-08,4.8824411294072035e-08,90,182,COMPLETE,0.0,,,,,,,,,,,,,,,,,,,,
125,125,0.670797249670354,2023-08-24 13:05:16.342777,2023-08-24 13:05:18.064710,0 days 00:00:01.721933,0.8,3,0.9,2.106384825734829e-08,4.6021234240073053e-08,90,195,COMPLETE,0.0,,,,,,,,,,,,,,,,,,,,
126,126,0.670797249670354,2023-08-24 13:05:16.934518,2023-08-24 13:05:18.697084,0 days 00:00:01.762566,0.8,3,0.9,2.0372245627023962e-08,3.278926282213835e-08,90,194,COMPLETE,0.0,,,,,,,,,,,,,,,,,,,,
127,127,0.670797249670354,2023-08-24 13:05:17.007178,2023-08-24 13:05:19.532569,0 days 00:00:02.525391,0.8,3,0.9,2.4858651554536125e-08,2.8489099805705005e-08,90,192,COMPLETE,0.0,,,,,,,,,,,,,,,,,,,,
128,128,0.6789830875651771,2023-08-24 13:05:17.188288,2023-08-24 13:05:19.010021,0 days 00:00:01.821733,0.8,3,1.0,2.061907660478471e-08,3.075882607032016e-08,90,190,COMPLETE,0.0,,,,,,,,,,,,,,,,,,,,
129,129,0.6789830875651771,2023-08-24 13:05:17.338707,2023-08-24 13:05:19.078509,0 days 00:00:01.739802,0.8,3,1.0,1.6972274964609904e-08,3.143895476916224e-08,90,193,COMPLETE,0.0,,,,,,,,,,,,,,,,,,,,
130,130,0.6789830875651771,2023-08-24 13:05:17.516448,2023-08-24 13:05:19.198354,0 days 00:00:01.681906,0.8,3,1.0,2.236700207634385e-08,2.837087318268603e-08,90,182,COMPLETE,0.0,,,,,,,,,,,,,,,,,,,,
131,131,0.6789830875651771,2023-08-24 13:05:17.805297,2023-08-24 13:05:19.429520,0 days 00:00:01.624223,0.8,3,1.0,1.1302421147752668e-08,3.13359806472202e-08,90,206,COMPLETE,0.0,,,,,,,,,,,,,,,,,,,,
132,132,0.6789830875651771,2023-08-24 13:05:18.112195,2023-08-24 13:05:19.867995,0 days 00:00:01.755800,0.8,3,1.0,1.1595677265841558e-08,2.876255735042742e-08,90,190,COMPLETE,0.0,,,,,,,,,,,,,,,,,,,,
133,133,0.6789830875651771,2023-08-24 13:05:18.121115,2023-08-24 13:05:19.985998,0 days 00:00:01.864883,0.8,3,1.0,1.0640328166713538e-08,3.0766408959192216e-08,90,206,COMPLETE,0.0,,,,,,,,,,,,,,,,,,,,
134,134,0.6789830875651771,2023-08-24 13:05:18.738210,2023-08-24 13:05:20.689937,0 days 00:00:01.951727,0.8,3,1.0,1.590995410670696e-08,2.9155647030145485e-08,90,205,COMPLETE,0.0,,,,,,,,,,,,,,,,,,,,
135,135,0.6789830875651771,2023-08-24 13:05:19.050850,2023-08-24 13:05:20.790256,0 days 00:00:01.739406,0.8,3,1.0,1.3413897967111659e-08,6.240448329223568e-08,90,224,COMPLETE,0.0,,,,,,,,,,,,,,,,,,,,
136,136,0.6789830875651771,2023-08-24 13:05:19.120391,2023-08-24 13:05:21.240781,0 days 00:00:02.120390,0.8,3,1.0,1.044495026970843e-08,6.412634021968792e-08,90,206,COMPLETE,0.0,,,,,,,,,,,,,,,,,,,,
137,137,0.6706314945054688,2023-08-24 13:05:19.243619,2023-08-24 13:05:21.023301,0 days 00:00:01.779682,0.8,3,1.0,8.489693280815926e-08,6.365837172506844e-08,80,206,COMPLETE,0.0,,,,,,,,,,,,,,,,,,,,
138,138,0.6789830875651771,2023-08-24 13:05:19.471923,2023-08-24 13:05:21.349860,0 days 00:00:01.877937,0.8,3,1.0,1.1497863968188706e-08,6.598342060972136e-08,90,187,COMPLETE,0.0,,,,,,,,,,,,,,,,,,,,
139,139,0.6789830875651771,2023-08-24 13:05:19.593412,2023-08-24 13:05:21.396570,0 days 00:00:01.803158,0.8,3,1.0,1.0670724775555337e-08,6.836289592828857e-08,90,224,COMPLETE,0.0,,,,,,,,,,,,,,,,,,,,
140,140,0.6706314945054688,2023-08-24 13:05:19.915029,2023-08-24 13:05:21.926434,0 days 00:00:02.011405,0.8,3,1.0,1.0429395767800961e-08,6.225903463954494e-08,80,207,COMPLETE,0.0,,,,,,,,,,,,,,,,,,,,
141,141,0.6706314945054688,2023-08-24 13:05:20.030079,2023-08-24 13:05:21.852540,0 days 00:00:01.822461,0.8,3,1.0,3.1895603461783635e-08,5.938962666233032e-08,80,216,COMPLETE,0.0,,,,,,,,,,,,,,,,,,,,
142,142,0.6706314945054688,2023-08-24 13:05:20.733082,2023-08-24 13:05:22.609914,0 days 00:00:01.876832,0.8,3,1.0,2.8581449966897262e-08,5.7757638641409774e-08,80,223,COMPLETE,0.0,,,,,,,,,,,,,,,,,,,,
143,143,0.6706314945054688,2023-08-24 13:05:20.834827,2023-08-24 13:05:22.857848,0 days 00:00:02.023021,0.8,3,1.0,2.7915349977021096e-08,1.6457988323099018e-07,80,225,COMPLETE,0.0,,,,,,,,,,,,,,,,,,,,
144,144,0.6706314945054688,2023-08-24 13:05:21.066985,2023-08-24 13:05:23.333664,0 days 00:00:02.266679,0.8,3,1.0,3.193276278004112e-08,9.102657749440359e-08,80,235,COMPLETE,0.0,,,,,,,,,,,,,,,,,,,,
145,145,0.6706314945054688,2023-08-24 13:05:21.283558,2023-08-24 13:05:23.750639,0 days 00:00:02.467081,0.8,3,1.0,3.089425000886728e-08,1.6992386130594711e-07,80,187,COMPLETE,0.0,,,,,,,,,,,,,,,,,,,,
146,146,0.6706314945054688,2023-08-24 13:05:21.393558,2023-08-24 13:05:23.169821,0 days 00:00:01.776263,0.8,3,1.0,3.128429155638361e-08,1.0253236393286096e-07,80,235,COMPLETE,0.0,,,,,,,,,,,,,,,,,,,,
147,147,0.6706314945054688,2023-08-24 13:05:21.439507,2023-08-24 13:05:23.278968,0 days 00:00:01.839461,0.8,3,1.0,3.08631245078576e-08,1.9333593464424365e-07,80,213,COMPLETE,0.0,,,,,,,,,,,,,,,,,,,,
148,148,0.6789830875651771,2023-08-24 13:05:21.896278,2023-08-24 13:05:23.621649,0 days 00:00:01.725371,0.8,3,1.0,3.079412297529074e-08,9.696107240213224e-08,90,197,COMPLETE,0.0,,,,,,,,,,,,,,,,,,,,
149,149,0.6789830875651771,2023-08-24 13:05:21.971194,2023-08-24 13:05:23.689682,0 days 00:00:01.718488,0.8,3,1.0,2.8090600656720564e-08,1.8506819117951093e-07,90,236,COMPLETE,0.0,,,,,,,,,,,,,,,,,,,,
150,150,0.6789830875651771,2023-08-24 13:05:22.655529,2023-08-24 13:05:24.370050,0 days 00:00:01.714521,0.8,3,1.0,2.853182291797995e-08,1.3770997593769554e-08,90,184,COMPLETE,0.0,,,,,,,,,,,,,,,,,,,,
151,151,0.6789830875651771,2023-08-24 13:05:22.898297,2023-08-24 13:05:24.566817,0 days 00:00:01.668520,0.8,3,1.0,6.239595621964717e-08,1.0685880883067977e-08,90,197,COMPLETE,0.0,,,,,,,,,,,,,,,,,,,,
152,152,0.6789830875651771,2023-08-24 13:05:23.209822,2023-08-24 13:05:25.028582,0 days 00:00:01.818760,0.8,3,1.0,6.858076123504266e-08,3.158528500854191e-07,90,199,COMPLETE,0.0,,,,,,,,,,,,,,,,,,,,
153,153,0.6789830875651771,2023-08-24 13:05:23.321559,2023-08-24 13:05:25.079340,0 days 00:00:01.757781,0.8,3,1.0,7.442885308126422e-08,1.4981490305607106e-08,90,198,COMPLETE,0.0,,,,,,,,,,,,,,,,,,,,
154,154,0.6789830875651771,2023-08-24 13:05:23.385406,2023-08-24 13:05:25.300555,0 days 00:00:01.915149,0.8,3,1.0,7.009553815795968e-08,1.3888008456505016e-08,90,184,COMPLETE,0.0,,,,,,,,,,,,,,,,,,,,
155,155,0.6766190125751066,2023-08-24 13:05:23.670458,2023-08-24 13:05:25.379596,0 days 00:00:01.709138,0.8,3,1.0,6.921437522019745e-08,1.3616202655103667e-08,100,184,COMPLETE,0.0,,,,,,,,,,,,,,,,,,,,
156,156,0.6766190125751066,2023-08-24 13:05:23.740893,2023-08-24 13:05:25.534556,0 days 00:00:01.793663,0.8,3,1.0,6.869727988711456e-08,1.0481659263980298e-08,100,172,COMPLETE,0.0,,,,,,,,,,,,,,,,,,,,
157,157,0.6766190125751066,2023-08-24 13:05:23.806267,2023-08-24 13:05:25.878796,0 days 00:00:02.072529,0.8,3,1.0,7.00273241645004e-08,1.3350643754946568e-08,100,182,COMPLETE,0.0,,,,,,,,,,,,,,,,,,,,
158,158,0.6789830875651771,2023-08-24 13:05:24.417038,2023-08-24 13:05:26.414632,0 days 00:00:01.997594,0.8,3,1.0,7.95125005342087e-08,1.0029236774988734e-08,90,175,COMPLETE,0.0,,,,,,,,,,,,,,,,,,,,
159,159,0.6789830875651771,2023-08-24 13:05:24.608286,2023-08-24 13:05:26.259235,0 days 00:00:01.650949,0.8,3,1.0,1.733956184377897e-08,3.967439387175298e-08,90,180,COMPLETE,0.0,,,,,,,,,,,,,,,,,,,,
160,160,0.6789830875651771,2023-08-24 13:05:25.073712,2023-08-24 13:05:27.235804,0 days 00:00:02.162092,0.8,3,1.0,1.7530457163214162e-08,4.0230191986517676e-08,90,170,COMPLETE,0.0,,,,,,,,,,,,,,,,,,,,
161,161,0.6766190125751066,2023-08-24 13:05:25.132839,2023-08-24 13:05:26.915872,0 days 00:00:01.783033,0.8,3,1.0,1.504194917015696e-08,4.065046136298867e-08,100,173,COMPLETE,0.0,,,,,,,,,,,,,,,,,,,,
162,162,0.6766190125751066,2023-08-24 13:05:25.347337,2023-08-24 13:05:27.113921,0 days 00:00:01.766584,0.8,3,1.0,1.6545129185196883e-08,2.1148754929937303e-08,100,156,COMPLETE,0.0,,,,,,,,,,,,,,,,,,,,
163,163,0.6789830875651771,2023-08-24 13:05:25.436965,2023-08-24 13:05:27.463089,0 days 00:00:02.026124,0.8,3,1.0,1.780297182455054e-08,3.700862000678911e-08,90,173,COMPLETE,0.0,,,,,,,,,,,,,,,,,,,,
164,164,0.6789830875651771,2023-08-24 13:05:25.580915,2023-08-24 13:05:27.190812,0 days 00:00:01.609897,0.8,3,1.0,1.6802932987962113e-08,3.954985270073586e-08,90,248,COMPLETE,0.0,,,,,,,,,,,,,,,,,,,,
165,165,0.6789830875651771,2023-08-24 13:05:25.922605,2023-08-24 13:05:27.615529,0 days 00:00:01.692924,0.8,3,1.0,1.7381364215420773e-08,4.122706224749008e-08,90,215,COMPLETE,0.0,,,,,,,,,,,,,,,,,,,,
166,166,0.6789830875651771,2023-08-24 13:05:26.303522,2023-08-24 13:05:27.950034,0 days 00:00:01.646512,0.8,3,1.0,1.9398200630094452e-08,2.2769854204874034e-08,90,217,COMPLETE,0.0,,,,,,,,,,,,,,,,,,,,
167,167,0.6789830875651771,2023-08-24 13:05:26.458055,2023-08-24 13:05:28.286505,0 days 00:00:01.828450,0.8,3,1.0,1.845818088697955e-08,2.5058178827456642e-08,90,157,COMPLETE,0.0,,,,,,,,,,,,,,,,,,,,
168,168,0.6789830875651771,2023-08-24 13:05:26.960490,2023-08-24 13:05:28.633984,0 days 00:00:01.673494,0.8,3,1.0,1.8172648019214274e-08,2.320229015982638e-08,90,216,COMPLETE,0.0,,,,,,,,,,,,,,,,,,,,
169,169,0.6789830875651771,2023-08-24 13:05:27.162311,2023-08-24 13:05:29.097160,0 days 00:00:01.934849,0.8,3,1.0,1.960779718862291e-08,2.6577445968586043e-08,90,217,COMPLETE,0.0,,,,,,,,,,,,,,,,,,,,
170,170,0.6789830875651771,2023-08-24 13:05:27.283540,2023-08-24 13:05:28.994516,0 days 00:00:01.710976,0.8,3,1.0,2.2492408253140063e-08,2.5338136963074233e-08,90,217,COMPLETE,0.0,,,,,,,,,,,,,,,,,,,,
171,171,0.6789830875651771,2023-08-24 13:05:27.290248,2023-08-24 13:05:29.207822,0 days 00:00:01.917574,0.8,3,1.0,4.5642580333340465e-08,2.3371295951023595e-08,90,203,COMPLETE,0.0,,,,,,,,,,,,,,,,,,,,
172,172,0.6789830875651771,2023-08-24 13:05:27.503355,2023-08-24 13:05:29.272176,0 days 00:00:01.768821,0.8,3,1.0,4.901955150883518e-08,2.456629446421769e-08,90,216,COMPLETE,0.0,,,,,,,,,,,,,,,,,,,,
173,173,0.6789830875651771,2023-08-24 13:05:27.659828,2023-08-24 13:05:29.458811,0 days 00:00:01.798983,0.8,3,1.0,5.009681223083345e-08,2.4450053053319577e-08,90,203,COMPLETE,0.0,,,,,,,,,,,,,,,,,,,,
174,174,0.6789830875651771,2023-08-24 13:05:27.993255,2023-08-24 13:05:29.880062,0 days 00:00:01.886807,0.8,3,1.0,4.8147415779751927e-08,2.6291304076056995e-08,90,192,COMPLETE,0.0,,,,,,,,,,,,,,,,,,,,
175,175,0.6745745988110551,2023-08-24 13:05:28.331099,2023-08-24 13:05:30.137324,0 days 00:00:01.806225,0.8,3,1.0,4.9824051694477764e-08,0.004309099596515058,90,190,COMPLETE,0.0,,,,,,,,,,,,,,,,,,,,
176,176,0.6789830875651771,2023-08-24 13:05:28.679278,2023-08-24 13:05:30.303677,0 days 00:00:01.624399,0.8,3,1.0,4.104358881569036e-08,7.374112758917568e-07,90,191,COMPLETE,0.0,,,,,,,,,,,,,,,,,,,,
177,177,0.6789830875651771,2023-08-24 13:05:29.038480,2023-08-24 13:05:30.683843,0 days 00:00:01.645363,0.8,3,1.0,4.352687373850544e-08,9.626953559580719e-08,90,190,COMPLETE,0.0,,,,,,,,,,,,,,,,,,,,
178,178,0.6789830875651771,2023-08-24 13:05:29.141341,2023-08-24 13:05:31.036897,0 days 00:00:01.895556,0.8,3,1.0,1.245633925112366e-07,1.4019918472156653e-05,90,191,COMPLETE,0.0,,,,,,,,,,,,,,,,,,,,
179,179,0.6673800666337979,2023-08-24 13:05:29.251347,2023-08-24 13:05:31.353937,0 days 00:00:02.102590,0.8,3,1.0,1.1210596752927715e-07,0.006948140996572987,90,209,COMPLETE,0.0,,,,,,,,,,,,,,,,,,,,
180,180,0.6789830875651771,2023-08-24 13:05:29.317084,2023-08-24 13:05:31.280466,0 days 00:00:01.963382,0.8,3,1.0,1.0792526997703692e-07,3.485032577988258e-05,90,189,COMPLETE,0.0,,,,,,,,,,,,,,,,,,,,
181,181,0.6789830875651771,2023-08-24 13:05:29.501690,2023-08-24 13:05:31.160634,0 days 00:00:01.658944,0.8,3,1.0,1.066677422608143e-07,4.919272738307375e-05,90,190,COMPLETE,0.0,,,,,,,,,,,,,,,,,,,,
182,182,0.6789830875651771,2023-08-24 13:05:29.933266,2023-08-24 13:05:31.654024,0 days 00:00:01.720758,0.8,3,1.0,1.0034568366485105e-08,0.0026215161069236435,90,189,COMPLETE,0.0,,,,,,,,,,,,,,,,,,,,
183,183,0.6789830875651771,2023-08-24 13:05:30.180438,2023-08-24 13:05:32.015215,0 days 00:00:01.834777,0.8,3,1.0,1.0376130022840263e-08,9.346337054113617e-08,90,192,COMPLETE,0.0,,,,,,,,,,,,,,,,,,,,
184,184,0.6789830875651771,2023-08-24 13:05:30.345423,2023-08-24 13:05:32.132863,0 days 00:00:01.787440,0.8,3,1.0,1.2289143142452637e-08,8.690201852687276e-08,90,210,COMPLETE,0.0,,,,,,,,,,,,,,,,,,,,
185,185,0.6789830875651771,2023-08-24 13:05:30.745957,2023-08-24 13:05:32.366616,0 days 00:00:01.620659,0.8,3,1.0,1.1156678077137633e-07,0.001005868384354909,90,208,COMPLETE,0.0,,,,,,,,,,,,,,,,,,,,
186,186,0.6789830875651771,2023-08-24 13:05:31.082127,2023-08-24 13:05:33.366614,0 days 00:00:02.284487,0.8,3,1.0,1.2702051627756436e-08,5.128645835599921e-08,90,209,COMPLETE,0.0,,,,,,,,,,,,,,,,,,,,
187,187,0.6789830875651771,2023-08-24 13:05:31.206866,2023-08-24 13:05:32.959304,0 days 00:00:01.752438,0.8,3,1.0,1.0176962013515685e-08,7.830241329318484e-08,90,197,COMPLETE,0.0,,,,,,,,,,,,,,,,,,,,
188,188,0.6789830875651771,2023-08-24 13:05:31.324390,2023-08-24 13:05:33.415576,0 days 00:00:02.091186,0.8,3,1.0,1.131837294711214e-08,4.837429539701856e-08,90,208,COMPLETE,0.0,,,,,,,,,,,,,,,,,,,,
189,189,0.6789830875651771,2023-08-24 13:05:31.399924,2023-08-24 13:05:33.133806,0 days 00:00:01.733882,0.8,3,1.0,1.5319000004808685e-08,4.8064331377602744e-08,90,209,COMPLETE,0.0,,,,,,,,,,,,,,,,,,,,
190,190,0.6789830875651771,2023-08-24 13:05:31.698479,2023-08-24 13:05:33.225740,0 days 00:00:01.527261,0.8,3,1.0,1.341622579924781e-08,5.2576720329389995e-08,90,203,COMPLETE,0.0,,,,,,,,,,,,,,,,,,,,
191,191,0.6789830875651771,2023-08-24 13:05:32.056417,2023-08-24 13:05:34.011909,0 days 00:00:01.955492,0.8,3,1.0,1.3315702662870279e-08,5.2345911364886057e-08,90,208,COMPLETE,0.0,,,,,,,,,,,,,,,,,,,,
192,192,0.6789830875651771,2023-08-24 13:05:32.177361,2023-08-24 13:05:33.840094,0 days 00:00:01.662733,0.8,3,1.0,1.3538842981083851e-08,4.9816882393839944e-08,90,205,COMPLETE,0.0,,,,,,,,,,,,,,,,,,,,
193,193,0.6789830875651771,2023-08-24 13:05:32.412192,2023-08-24 13:05:34.080999,0 days 00:00:01.668807,0.8,3,1.0,1.3301054245622222e-08,4.657762824948435e-08,90,198,COMPLETE,0.0,,,,,,,,,,,,,,,,,,,,
194,194,0.6789830875651771,2023-08-24 13:05:33.003033,2023-08-24 13:05:34.651997,0 days 00:00:01.648964,0.8,3,1.0,4.676262789799276e-06,5.110723183882932e-08,90,203,COMPLETE,0.0,,,,,,,,,,,,,,,,,,,,
195,195,0.6698085393606743,2023-08-24 13:05:33.193222,2023-08-24 13:05:35.245836,0 days 00:00:02.052614,0.8,3,1.0,2.5119327414465536e-08,0.018877406852964133,90,202,COMPLETE,0.0,,,,,,,,,,,,,,,,,,,,
196,196,0.6789830875651771,2023-08-24 13:05:33.275180,2023-08-24 13:05:34.975646,0 days 00:00:01.700466,0.8,3,1.0,2.4193060525932554e-08,3.3296250546256805e-08,90,224,COMPLETE,0.0,,,,,,,,,,,,,,,,,,,,
197,197,0.6789830875651771,2023-08-24 13:05:33.416414,2023-08-24 13:05:35.427591,0 days 00:00:02.011177,0.8,3,1.0,2.42749249770852e-08,3.4309708043550596e-08,90,198,COMPLETE,0.0,,,,,,,,,,,,,,,,,,,,
198,198,0.6789830875651771,2023-08-24 13:05:33.460981,2023-08-24 13:05:35.325381,0 days 00:00:01.864400,0.8,3,1.0,2.472304116200827e-08,3.083002648007533e-08,90,202,COMPLETE,0.0,,,,,,,,,,,,,,,,,,,,
199,199,0.6789830875651771,2023-08-24 13:05:33.883710,2023-08-24 13:05:35.812773,0 days 00:00:01.929063,0.8,3,1.0,2.62149646932381e-08,3.4238784251938744e-08,90,198,COMPLETE,0.0,,,,,,,,,,,,,,,,,,,,
200,200,0.6789830875651771,2023-08-24 13:05:34.061414,2023-08-24 13:05:36.077730,0 days 00:00:02.016316,0.8,3,1.0,2.5004822068817206e-08,1.6637236669324023e-08,90,223,COMPLETE,0.0,,,,,,,,,,,,,,,,,,,,
201,201,0.6789830875651771,2023-08-24 13:05:34.127495,2023-08-24 13:05:35.866816,0 days 00:00:01.739321,0.8,3,1.0,2.500619534821139e-08,1.7317734683083236e-08,90,224,COMPLETE,0.0,,,,,,,,,,,,,,,,,,,,
202,202,0.6789830875651771,2023-08-24 13:05:34.692766,2023-08-24 13:05:36.360740,0 days 00:00:01.667974,0.8,3,1.0,2.5019844976490477e-08,3.214765348246181e-08,90,196,COMPLETE,0.0,,,,,,,,,,,,,,,,,,,,
203,203,0.6789830875651771,2023-08-24 13:05:35.018884,2023-08-24 13:05:36.720848,0 days 00:00:01.701964,0.8,3,1.0,2.4126412683394486e-08,3.250779929505926e-08,90,179,COMPLETE,0.0,,,,,,,,,,,,,,,,,,,,
204,204,0.6789830875651771,2023-08-24 13:05:35.290151,2023-08-24 13:05:37.569717,0 days 00:00:02.279566,0.8,3,1.0,2.6257580002229994e-08,1.705193014105802e-08,90,135,COMPLETE,0.0,,,,,,,,,,,,,,,,,,,,
205,205,0.6789830875651771,2023-08-24 13:05:35.371380,2023-08-24 13:05:37.183229,0 days 00:00:01.811849,0.8,3,1.0,3.1261785869240456e-07,1.685719588148456e-08,90,197,COMPLETE,0.0,,,,,,,,,,,,,,,,,,,,
206,206,0.6766190125751066,2023-08-24 13:05:35.471453,2023-08-24 13:05:37.053440,0 days 00:00:01.581987,0.8,3,1.0,3.488505066416049e-08,1.7303767479210428e-08,100,222,COMPLETE,0.0,,,,,,,,,,,,,,,,,,,,
207,207,0.6766190125751066,2023-08-24 13:05:35.856391,2023-08-24 13:05:37.686461,0 days 00:00:01.830070,0.8,3,1.0,2.1908596651154496e-05,1.6123866858953394e-08,100,180,COMPLETE,0.0,,,,,,,,,,,,,,,,,,,,
208,208,0.6789830875651771,2023-08-24 13:05:35.908016,2023-08-24 13:05:37.847975,0 days 00:00:01.939959,0.8,3,1.0,3.317599638484777e-07,1.7262751480201663e-08,90,223,COMPLETE,0.0,,,,,,,,,,,,,,,,,,,,
209,209,0.6789830875651771,2023-08-24 13:05:36.122195,2023-08-24 13:05:37.508106,0 days 00:00:01.385911,0.8,3,1.0,3.851400833229263e-08,0.00024630438990096826,90,180,COMPLETE,0.0,,,,,,,,,,,,,,,,,,,,
