,number,value,datetime_start,datetime_complete,duration,params_bagging_fraction,params_bagging_freq,params_feature_fraction,params_lambda_l1,params_lambda_l2,params_min_child_samples,params_num_leaves,state,best_trial,dev_acc,dev_recall_macro,dev_precision_macro,dev_f1_macro,dev_recall_0,dev_precision_0,dev_f1_0,dev_recall_1,dev_precision_1,dev_f1_1,test_acc,test_recall_macro,test_precision_macro,test_f1_macro,test_recall_0,test_precision_0,test_f1_0,test_recall_1,test_precision_1,test_f1_1
106,106,0.6804915514592934,2023-08-24 13:40:12.680783,2023-08-24 13:40:13.103572,0 days 00:00:00.422789,0.6000000000000001,3,0.9,0.09083532909245604,0.16892833173069227,80,255,COMPLETE,0.0,,,,,,,,,,,,,,,,,,,,
107,107,0.663232263762143,2023-08-24 13:40:12.928225,2023-08-24 13:40:13.765167,0 days 00:00:00.836942,0.6000000000000001,2,0.9,0.045408470347546505,0.09143271824440502,60,109,COMPLETE,0.0,,,,,,,,,,,,,,,,,,,,
108,108,0.663232263762143,2023-08-24 13:40:12.973805,2023-08-24 13:40:13.819269,0 days 00:00:00.845464,0.6000000000000001,2,0.9,0.04327020684493709,0.6815297627937392,60,108,COMPLETE,0.0,,,,,,,,,,,,,,,,,,,,
109,109,0.649156626506024,2023-08-24 13:40:13.095158,2023-08-24 13:40:14.631243,0 days 00:00:01.536085,0.6000000000000001,2,1.0,0.03992563561017654,0.6026209465564977,10,253,COMPLETE,0.0,,,,,,,,,,,,,,,,,,,,
110,110,0.649156626506024,2023-08-24 13:40:13.151841,2023-08-24 13:40:14.746953,0 days 00:00:01.595112,0.6000000000000001,2,1.0,0.04781241878121383,0.09057370625132594,10,205,COMPLETE,0.0,,,,,,,,,,,,,,,,,,,,
111,111,0.675,2023-08-24 13:40:13.296757,2023-08-24 13:40:14.854501,0 days 00:00:01.557744,0.6000000000000001,2,0.9,0.03539877763797845,0.09924808142649848,10,187,COMPLETE,0.0,,,,,,,,,,,,,,,,,,,,
112,112,0.663232263762143,2023-08-24 13:40:13.347849,2023-08-24 13:40:14.024280,0 days 00:00:00.676431,0.6000000000000001,2,0.9,0.5234457754817562,0.09291375721886319,60,189,COMPLETE,0.0,,,,,,,,,,,,,,,,,,,,
113,113,0.6836424295947405,2023-08-24 13:40:13.396543,2023-08-24 13:40:14.956889,0 days 00:00:01.560346,0.6000000000000001,2,0.9,0.034884670512137915,0.0982953104870058,10,189,COMPLETE,0.0,,,,,,,,,,,,,,,,,,,,
114,114,0.6597600872410033,2023-08-24 13:40:13.531313,2023-08-24 13:40:14.352642,0 days 00:00:00.821329,0.6000000000000001,3,0.9,0.03370238918264092,0.08627433677397875,20,170,COMPLETE,0.0,,,,,,,,,,,,,,,,,,,,
115,115,0.6923076923076923,2023-08-24 13:40:13.808616,2023-08-24 13:40:14.673663,0 days 00:00:00.865047,0.6000000000000001,3,0.7000000000000001,0.034582493720721884,0.6530523928856581,20,187,COMPLETE,0.0,,,,,,,,,,,,,,,,,,,,
116,116,0.6512820512820513,2023-08-24 13:40:13.862907,2023-08-24 13:40:15.076882,0 days 00:00:01.213975,0.7000000000000001,3,0.7000000000000001,0.03352789171918561,0.08679833364130286,20,188,COMPLETE,0.0,,,,,,,,,,,,,,,,,,,,
117,117,0.6428220979295456,2023-08-24 13:40:14.065006,2023-08-24 13:40:15.034630,0 days 00:00:00.969624,0.7000000000000001,3,0.7000000000000001,0.03394563962367116,0.4003505898099319,20,127,COMPLETE,0.0,,,,,,,,,,,,,,,,,,,,
118,118,0.6629813191002669,2023-08-24 13:40:14.395504,2023-08-24 13:40:15.296124,0 days 00:00:00.900620,0.5,2,1.0,0.02229583014050483,0.6211802672326265,10,214,COMPLETE,0.0,,,,,,,,,,,,,,,,,,,,
119,119,0.663232263762143,2023-08-24 13:40:14.717749,2023-08-24 13:40:16.465270,0 days 00:00:01.747521,0.7000000000000001,3,0.7000000000000001,0.03062313125003095,0.39352992577878504,10,174,COMPLETE,0.0,,,,,,,,,,,,,,,,,,,,
120,120,0.6461553416933994,2023-08-24 13:40:14.721536,2023-08-24 13:40:16.398766,0 days 00:00:01.677230,0.7000000000000001,3,0.7000000000000001,0.02966473742082735,0.4471955190710789,10,126,COMPLETE,0.0,,,,,,,,,,,,,,,,,,,,
121,121,0.6577622919086333,2023-08-24 13:40:14.795075,2023-08-24 13:40:16.527104,0 days 00:00:01.732029,0.7000000000000001,3,0.7000000000000001,0.0033315508939630576,0.40888992718018885,10,188,COMPLETE,0.0,,,,,,,,,,,,,,,,,,,,
122,122,0.6546875,2023-08-24 13:40:14.905572,2023-08-24 13:40:16.071026,0 days 00:00:01.165454,0.7000000000000001,3,0.7000000000000001,0.11351571807903306,0.3790912150372042,20,184,COMPLETE,0.0,,,,,,,,,,,,,,,,,,,,
123,123,0.6376306620209059,2023-08-24 13:40:15.003704,2023-08-24 13:40:16.253626,0 days 00:00:01.249922,0.7000000000000001,3,0.7000000000000001,0.0967659296508249,0.38405439711380907,20,210,COMPLETE,0.0,,,,,,,,,,,,,,,,,,,,
124,124,0.6953125,2023-08-24 13:40:15.077902,2023-08-24 13:40:17.381212,0 days 00:00:02.303310,1.0,3,0.7000000000000001,0.1034147767931348,0.04044591523721638,10,212,COMPLETE,0.0,,,,,,,,,,,,,,,,,,,,
125,125,0.6428220979295456,2023-08-24 13:40:15.123346,2023-08-24 13:40:15.864237,0 days 00:00:00.740891,1.0,3,0.7000000000000001,0.10874191868503875,0.04143013821373709,30,57,COMPLETE,0.0,,,,,,,,,,,,,,,,,,,,
126,126,0.6865947312141538,2023-08-24 13:40:15.339325,2023-08-24 13:40:15.949549,0 days 00:00:00.610224,1.0,3,0.7000000000000001,0.09567781618156565,0.42858488505015113,30,61,COMPLETE,0.0,,,,,,,,,,,,,,,,,,,,
127,127,0.6692048192771083,2023-08-24 13:40:15.905758,2023-08-24 13:40:17.146465,0 days 00:00:01.240707,1.0,3,0.8,0.007935405512211943,0.45377298561529855,20,247,COMPLETE,0.0,,,,,,,,,,,,,,,,,,,,
128,128,0.6307692307692307,2023-08-24 13:40:15.989680,2023-08-24 13:40:16.982461,0 days 00:00:00.992781,0.4,3,0.8,0.0072683476045155146,0.5557145248616613,10,151,COMPLETE,0.0,,,,,,,,,,,,,,,,,,,,
129,129,0.6376306620209059,2023-08-24 13:40:16.114680,2023-08-24 13:40:17.033133,0 days 00:00:00.918453,0.4,3,0.8,0.0035181837587943314,0.6119240481503812,10,148,COMPLETE,0.0,,,,,,,,,,,,,,,,,,,,
130,130,0.6376306620209059,2023-08-24 13:40:16.297251,2023-08-24 13:40:17.273089,0 days 00:00:00.975838,0.4,2,0.8,0.008003880190882572,0.6317708740934134,10,176,COMPLETE,0.0,,,,,,,,,,,,,,,,,,,,
131,131,0.6717948717948719,2023-08-24 13:40:16.442701,2023-08-24 13:40:17.704117,0 days 00:00:01.261416,0.4,2,0.8,0.019697003095969848,0.58812549821015,10,176,COMPLETE,0.0,,,,,,,,,,,,,,,,,,,,
132,132,0.6663750364537766,2023-08-24 13:40:16.509600,2023-08-24 13:40:17.630901,0 days 00:00:01.121301,0.4,2,0.8,0.02132113690629366,0.5420453318742022,10,222,COMPLETE,0.0,,,,,,,,,,,,,,,,,,,,
133,133,0.6376306620209059,2023-08-24 13:40:16.572311,2023-08-24 13:40:17.562107,0 days 00:00:00.989796,0.4,2,0.8,0.019854633580304752,0.6450347251240728,10,145,COMPLETE,0.0,,,,,,,,,,,,,,,,,,,,
134,134,0.6577622919086333,2023-08-24 13:40:17.026518,2023-08-24 13:40:18.374525,0 days 00:00:01.348007,0.4,2,1.0,0.01935541044660472,0.7005228896784691,10,233,COMPLETE,0.0,,,,,,,,,,,,,,,,,,,,
135,135,0.675,2023-08-24 13:40:17.078154,2023-08-24 13:40:18.220737,0 days 00:00:01.142583,1.0,2,1.0,0.00811339334130835,0.28038867188266237,40,224,COMPLETE,0.0,,,,,,,,,,,,,,,,,,,,
136,136,0.6475279106858054,2023-08-24 13:40:17.194908,2023-08-24 13:40:18.003720,0 days 00:00:00.808812,0.5,2,1.0,0.059299164125891264,0.23185176577492422,40,232,COMPLETE,0.0,,,,,,,,,,,,,,,,,,,,
137,137,0.6512820512820513,2023-08-24 13:40:17.316633,2023-08-24 13:40:18.111999,0 days 00:00:00.795366,0.5,2,1.0,0.019066219513483355,0.9821816444674132,40,221,COMPLETE,0.0,,,,,,,,,,,,,,,,,,,,
138,138,0.6865947312141538,2023-08-24 13:40:17.429768,2023-08-24 13:40:19.689539,0 days 00:00:02.259771,1.0,2,1.0,0.017501922500276424,0.24767575371562503,10,222,COMPLETE,0.0,,,,,,,,,,,,,,,,,,,,
139,139,0.6804915514592934,2023-08-24 13:40:17.611594,2023-08-24 13:40:19.821365,0 days 00:00:02.209771,1.0,2,1.0,0.06252595925076473,0.2397900784140351,10,221,COMPLETE,0.0,,,,,,,,,,,,,,,,,,,,
140,140,0.6546875,2023-08-24 13:40:17.677396,2023-08-24 13:40:19.988150,0 days 00:00:02.310754,1.0,2,1.0,0.06803395312144216,0.2348541808926151,10,232,COMPLETE,0.0,,,,,,,,,,,,,,,,,,,,
141,141,0.6663750364537766,2023-08-24 13:40:17.751395,2023-08-24 13:40:19.886830,0 days 00:00:02.135435,1.0,2,1.0,0.07166744836427727,0.2572349844742568,10,194,COMPLETE,0.0,,,,,,,,,,,,,,,,,,,,
142,142,0.675,2023-08-24 13:40:18.050244,2023-08-24 13:40:19.196704,0 days 00:00:01.146460,1.0,2,1.0,0.060447035135966234,0.259962994871665,20,201,COMPLETE,0.0,,,,,,,,,,,,,,,,,,,,
143,143,0.6461553416933994,2023-08-24 13:40:18.170973,2023-08-24 13:40:18.766328,0 days 00:00:00.595355,1.0,2,1.0,0.06097323626724808,0.05708453799575823,20,14,COMPLETE,0.0,,,,,,,,,,,,,,,,,,,,
144,144,0.6804915514592934,2023-08-24 13:40:18.273334,2023-08-24 13:40:19.631795,0 days 00:00:01.358461,1.0,3,1.0,0.06034372929700798,0.2310788567600218,20,196,COMPLETE,0.0,,,,,,,,,,,,,,,,,,,,
145,145,0.6663750364537766,2023-08-24 13:40:18.431663,2023-08-24 13:40:19.116602,0 days 00:00:00.684939,1.0,3,1.0,0.057872244304069044,0.0427403093387382,20,205,COMPLETE,0.0,,,,,,,,,,,,,,,,,,,,
146,146,0.6892530120481927,2023-08-24 13:40:18.811469,2023-08-24 13:40:20.457224,0 days 00:00:01.645755,1.0,3,1.0,0.23568708188448076,0.13319851107478634,10,197,COMPLETE,0.0,,,,,,,,,,,,,,,,,,,,
147,147,0.6865947312141538,2023-08-24 13:40:19.162227,2023-08-24 13:40:21.006311,0 days 00:00:01.844084,1.0,3,1.0,4.408508820902987e-05,0.2411360545246342,10,195,COMPLETE,0.0,,,,,,,,,,,,,,,,,,,,
148,148,0.7004608294930876,2023-08-24 13:40:19.245885,2023-08-24 13:40:21.279272,0 days 00:00:02.033387,1.0,2,1.0,0.07557111454239629,0.13963982766238087,10,194,COMPLETE,0.0,,,,,,,,,,,,,,,,,,,,
149,149,0.6428220979295456,2023-08-24 13:40:19.678318,2023-08-24 13:40:21.077055,0 days 00:00:01.398737,0.4,2,1.0,0.26329773714382165,0.14652645832883646,10,216,COMPLETE,0.0,,,,,,,,,,,,,,,,,,,,
150,150,0.6597600872410033,2023-08-24 13:40:19.749449,2023-08-24 13:40:21.387266,0 days 00:00:01.637817,0.4,2,1.0,2.4697426912628425e-05,0.2800344917045779,10,235,COMPLETE,0.0,,,,,,,,,,,,,,,,,,,,
151,151,0.663232263762143,2023-08-24 13:40:19.872561,2023-08-24 13:40:21.333456,0 days 00:00:01.460895,0.4,2,0.7000000000000001,0.1981550868354407,0.12222087984729418,10,237,COMPLETE,0.0,,,,,,,,,,,,,,,,,,,,
152,152,0.5853269537480064,2023-08-24 13:40:19.942555,2023-08-24 13:40:21.204384,0 days 00:00:01.261829,0.4,2,0.7000000000000001,0.20804817570694228,0.05572733262408194,10,236,COMPLETE,0.0,,,,,,,,,,,,,,,,,,,,
153,153,0.6546875,2023-08-24 13:40:20.040943,2023-08-24 13:40:20.897848,0 days 00:00:00.856905,0.4,2,0.7000000000000001,4.347595203128485e-05,0.12293519876728505,10,243,COMPLETE,0.0,,,,,,,,,,,,,,,,,,,,
154,154,0.6350877192982456,2023-08-24 13:40:20.500816,2023-08-24 13:40:21.557796,0 days 00:00:01.056980,0.4,2,0.7000000000000001,0.4207766071389979,0.1484448522769326,10,243,COMPLETE,0.0,,,,,,,,,,,,,,,,,,,,
155,155,0.6865947312141538,2023-08-24 13:40:20.949907,2023-08-24 13:40:21.880884,0 days 00:00:00.930977,0.4,2,0.7000000000000001,0.15013268446381142,0.9769367717961795,10,216,COMPLETE,0.0,,,,,,,,,,,,,,,,,,,,
156,156,0.6428220979295456,2023-08-24 13:40:21.062340,2023-08-24 13:40:22.659513,0 days 00:00:01.597173,0.4,2,0.7000000000000001,0.14938748559553333,0.03223372697153983,10,237,COMPLETE,0.0,,,,,,,,,,,,,,,,,,,,
157,157,0.663232263762143,2023-08-24 13:40:21.126511,2023-08-24 13:40:22.194082,0 days 00:00:01.067571,0.6000000000000001,2,0.7000000000000001,0.13412105613998368,0.8752003439821554,30,235,COMPLETE,0.0,,,,,,,,,,,,,,,,,,,,
158,158,0.6778939217963609,2023-08-24 13:40:21.261037,2023-08-24 13:40:23.693650,0 days 00:00:02.432613,1.0,3,1.0,0.39818428113855825,0.026214242241096912,10,249,COMPLETE,0.0,,,,,,,,,,,,,,,,,,,,
159,159,0.675,2023-08-24 13:40:21.325763,2023-08-24 13:40:22.904140,0 days 00:00:01.578377,0.6000000000000001,2,1.0,0.09276007232853845,0.02973076296923287,10,248,COMPLETE,0.0,,,,,,,,,,,,,,,,,,,,
160,160,0.6692048192771083,2023-08-24 13:40:21.377337,2023-08-24 13:40:22.992480,0 days 00:00:01.615143,0.6000000000000001,2,1.0,0.12763390608199757,0.34126744631337996,10,250,COMPLETE,0.0,,,,,,,,,,,,,,,,,,,,
161,161,0.6546875,2023-08-24 13:40:21.439418,2023-08-24 13:40:23.067791,0 days 00:00:01.628373,0.6000000000000001,2,1.0,0.12266657700302215,0.9652497748806625,10,250,COMPLETE,0.0,,,,,,,,,,,,,,,,,,,,
162,162,0.6597600872410033,2023-08-24 13:40:21.603119,2023-08-24 13:40:22.598240,0 days 00:00:00.995121,0.6000000000000001,2,1.0,0.04661921168440184,0.025750059981448532,20,211,COMPLETE,0.0,,,,,,,,,,,,,,,,,,,,
163,163,0.6663750364537766,2023-08-24 13:40:21.926937,2023-08-24 13:40:22.501592,0 days 00:00:00.574655,0.5,2,1.0,0.11668679560291068,0.37711071961642234,20,42,COMPLETE,0.0,,,,,,,,,,,,,,,,,,,,
164,164,0.7040525954273379,2023-08-24 13:40:22.238803,2023-08-24 13:40:23.112934,0 days 00:00:00.874131,0.6000000000000001,3,1.0,0.044104866817947806,0.3961619147301888,20,250,COMPLETE,0.0,,,,,,,,,,,,,,,,,,,,
165,165,0.6546875,2023-08-24 13:40:22.556843,2023-08-24 13:40:23.814575,0 days 00:00:01.257732,0.9,3,1.0,0.03803190672058503,0.06518409756329742,20,73,COMPLETE,0.0,,,,,,,,,,,,,,,,,,,,
166,166,0.6804915514592934,2023-08-24 13:40:22.644511,2023-08-24 13:40:24.698964,0 days 00:00:02.054453,0.9,3,1.0,0.5608561144083513,0.0338316035513972,10,249,COMPLETE,0.0,,,,,,,,,,,,,,,,,,,,
167,167,0.6663750364537766,2023-08-24 13:40:22.709019,2023-08-24 13:40:24.743148,0 days 00:00:02.034129,0.9,3,1.0,0.027927837295094175,0.3606960784802021,10,181,COMPLETE,0.0,,,,,,,,,,,,,,,,,,,,
168,168,0.709301204819277,2023-08-24 13:40:22.951610,2023-08-24 13:40:25.085816,0 days 00:00:02.134206,1.0,3,1.0,0.4066198568658406,0.07533972355086194,10,200,COMPLETE,0.0,,,,,,,,,,,,,,,,,,,,
169,169,0.6692048192771083,2023-08-24 13:40:23.045324,2023-08-24 13:40:25.168429,0 days 00:00:02.123105,1.0,3,1.0,0.0288515372578894,0.05738676357076491,10,203,COMPLETE,0.0,,,,,,,,,,,,,,,,,,,,
170,170,0.6953125,2023-08-24 13:40:23.158882,2023-08-24 13:40:24.248609,0 days 00:00:01.089727,1.0,3,1.0,0.028319706932288934,0.6710022877259798,20,226,COMPLETE,0.0,,,,,,,,,,,,,,,,,,,,
171,171,0.6778939217963609,2023-08-24 13:40:23.162967,2023-08-24 13:40:24.635331,0 days 00:00:01.472364,1.0,3,1.0,0.04281709518616231,0.06533660607728312,20,81,COMPLETE,0.0,,,,,,,,,,,,,,,,,,,,
172,172,0.663232263762143,2023-08-24 13:40:23.743339,2023-08-24 13:40:24.433752,0 days 00:00:00.690413,0.6000000000000001,3,1.0,0.04341920781272331,0.06934420027487156,20,78,COMPLETE,0.0,,,,,,,,,,,,,,,,,,,,
173,173,0.7040525954273379,2023-08-24 13:40:23.862242,2023-08-24 13:40:24.480763,0 days 00:00:00.618521,0.6000000000000001,3,1.0,0.02619460189538466,0.602638539175682,20,169,COMPLETE,0.0,,,,,,,,,,,,,,,,,,,,
174,174,0.6865947312141538,2023-08-24 13:40:24.291366,2023-08-24 13:40:25.479439,0 days 00:00:01.188073,1.0,3,1.0,0.02851937990132436,0.6388670301052335,20,225,COMPLETE,0.0,,,,,,,,,,,,,,,,,,,,
175,175,0.6953125,2023-08-24 13:40:24.526751,2023-08-24 13:40:25.649905,0 days 00:00:01.123154,1.0,3,1.0,0.010686129856487104,0.6527160394368765,30,160,COMPLETE,0.0,,,,,,,,,,,,,,,,,,,,
176,176,0.6836424295947405,2023-08-24 13:40:24.534944,2023-08-24 13:40:25.936420,0 days 00:00:01.401476,1.0,3,1.0,0.027672621094700176,0.7028459727266704,30,159,COMPLETE,0.0,,,,,,,,,,,,,,,,,,,,
177,177,0.6577622919086333,2023-08-24 13:40:24.681162,2023-08-24 13:40:25.837041,0 days 00:00:01.155879,0.6000000000000001,3,0.9,0.02586910915992465,0.6115458185110424,30,181,COMPLETE,0.0,,,,,,,,,,,,,,,,,,,,
178,178,0.6836424295947405,2023-08-24 13:40:24.787298,2023-08-24 13:40:25.773717,0 days 00:00:00.986419,0.6000000000000001,3,1.0,0.024664924855491648,0.5642338803821535,30,156,COMPLETE,0.0,,,,,,,,,,,,,,,,,,,,
179,179,0.663232263762143,2023-08-24 13:40:24.799100,2023-08-24 13:40:25.714716,0 days 00:00:00.915616,0.6000000000000001,3,1.0,0.010424001348718182,0.7093212077266482,30,171,COMPLETE,0.0,,,,,,,,,,,,,,,,,,,,
180,180,0.6865947312141538,2023-08-24 13:40:25.130132,2023-08-24 13:40:26.203392,0 days 00:00:01.073260,1.0,3,1.0,0.010613942045006182,0.665205793421236,30,202,COMPLETE,0.0,,,,,,,,,,,,,,,,,,,,
181,181,0.6836424295947405,2023-08-24 13:40:25.224238,2023-08-24 13:40:26.109359,0 days 00:00:00.885121,1.0,3,1.0,0.009723102989069308,0.5513332464348567,30,160,COMPLETE,0.0,,,,,,,,,,,,,,,,,,,,
182,182,0.6953125,2023-08-24 13:40:25.525719,2023-08-24 13:40:26.313515,0 days 00:00:00.787796,0.6000000000000001,3,1.0,0.012060618284509678,0.5071433111120818,30,162,COMPLETE,0.0,,,,,,,,,,,,,,,,,,,,
183,183,0.6923076923076923,2023-08-24 13:40:25.695324,2023-08-24 13:40:26.775481,0 days 00:00:01.080157,0.6000000000000001,3,1.0,0.012336055034690312,0.008879809876279707,30,160,COMPLETE,0.0,,,,,,,,,,,,,,,,,,,,
184,184,0.7040525954273379,2023-08-24 13:40:25.762553,2023-08-24 13:40:27.325096,0 days 00:00:01.562543,1.0,3,0.9,0.005215413335173034,0.4342710168988439,30,160,COMPLETE,0.0,,,,,,,,,,,,,,,,,,,,
185,185,0.6376306620209059,2023-08-24 13:40:25.835608,2023-08-24 13:40:27.240057,0 days 00:00:01.404449,1.0,3,0.9,0.7925613469820115,0.010776855434539937,30,185,COMPLETE,0.0,,,,,,,,,,,,,,,,,,,,
186,186,0.6953125,2023-08-24 13:40:25.882892,2023-08-24 13:40:26.994900,0 days 00:00:01.112008,1.0,3,1.0,0.004836116600296749,0.41255505277053084,30,228,COMPLETE,0.0,,,,,,,,,,,,,,,,,,,,
187,187,0.709301204819277,2023-08-24 13:40:25.982479,2023-08-24 13:40:27.602930,0 days 00:00:01.620451,1.0,3,0.9,0.012383729776507462,0.4212645900087515,20,256,COMPLETE,0.0,,,,,,,,,,,,,,,,,,,,
188,188,0.6778939217963609,2023-08-24 13:40:26.168706,2023-08-24 13:40:27.696310,0 days 00:00:01.527604,1.0,3,1.0,0.9971207242649726,0.38024074737736485,20,165,COMPLETE,0.0,,,,,,,,,,,,,,,,,,,,
189,189,0.706814425974531,2023-08-24 13:40:26.251243,2023-08-24 13:40:27.753366,0 days 00:00:01.502123,1.0,3,1.0,0.005049793762010972,0.008091283571069722,20,163,COMPLETE,0.0,,,,,,,,,,,,,,,,,,,,
190,190,0.6597600872410033,2023-08-24 13:40:26.357482,2023-08-24 13:40:27.462973,0 days 00:00:01.105491,0.6000000000000001,3,0.4,0.004938966310025106,0.359009723722354,20,186,COMPLETE,0.0,,,,,,,,,,,,,,,,,,,,
191,191,0.649156626506024,2023-08-24 13:40:26.821490,2023-08-24 13:40:27.532838,0 days 00:00:00.711348,0.6000000000000001,3,1.0,0.005650960663753338,0.41479896635948127,30,166,COMPLETE,0.0,,,,,,,,,,,,,,,,,,,,
192,192,0.6663750364537766,2023-08-24 13:40:27.040952,2023-08-24 13:40:27.833699,0 days 00:00:00.792747,0.6000000000000001,3,0.4,0.005203216147610303,0.011762709523388875,30,170,COMPLETE,0.0,,,,,,,,,,,,,,,,,,,,
193,193,0.6663750364537766,2023-08-24 13:40:27.284697,2023-08-24 13:40:28.095233,0 days 00:00:00.810536,0.6000000000000001,3,1.0,0.00561660894181116,0.3667667784322723,30,168,COMPLETE,0.0,,,,,,,,,,,,,,,,,,,,
194,194,0.6512820512820513,2023-08-24 13:40:27.377920,2023-08-24 13:40:28.389882,0 days 00:00:01.011962,0.6000000000000001,3,0.5,0.00537716315610817,0.37640346933312807,30,166,COMPLETE,0.0,,,,,,,,,,,,,,,,,,,,
195,195,0.6597600872410033,2023-08-24 13:40:27.510458,2023-08-24 13:40:28.650000,0 days 00:00:01.139542,0.6000000000000001,3,0.9,0.002171452579413519,0.19292714291111127,30,173,COMPLETE,0.0,,,,,,,,,,,,,,,,,,,,
196,196,0.6663750364537766,2023-08-24 13:40:27.580664,2023-08-24 13:40:28.707651,0 days 00:00:01.126987,0.6000000000000001,3,0.9,0.0034092971622987104,0.18302947532166344,30,208,COMPLETE,0.0,,,,,,,,,,,,,,,,,,,,
197,197,0.6953125,2023-08-24 13:40:27.649798,2023-08-24 13:40:29.206669,0 days 00:00:01.556871,1.0,3,0.9,0.007555532499186968,0.1694550445013355,30,254,COMPLETE,0.0,,,,,,,,,,,,,,,,,,,,
198,198,0.6836424295947405,2023-08-24 13:40:27.746041,2023-08-24 13:40:28.943692,0 days 00:00:01.197651,1.0,3,0.9,0.0037841447790152444,0.18621715661352944,30,255,COMPLETE,0.0,,,,,,,,,,,,,,,,,,,,
199,199,0.706814425974531,2023-08-24 13:40:27.807270,2023-08-24 13:40:29.161292,0 days 00:00:01.354022,1.0,3,0.9,0.0037373632007583635,0.17611464491765141,30,151,COMPLETE,0.0,,,,,,,,,,,,,,,,,,,,
200,200,0.6953125,2023-08-24 13:40:27.895506,2023-08-24 13:40:29.007764,0 days 00:00:01.112258,1.0,3,0.9,0.003330272806814361,0.007415139240349332,30,243,COMPLETE,0.0,,,,,,,,,,,,,,,,,,,,
201,201,0.6428220979295456,2023-08-24 13:40:28.143495,2023-08-24 13:40:29.093052,0 days 00:00:00.949557,1.0,3,0.9,0.0034070839415382844,0.19938756147552505,40,254,COMPLETE,0.0,,,,,,,,,,,,,,,,,,,,
202,202,0.6717948717948719,2023-08-24 13:40:28.435016,2023-08-24 13:40:29.276948,0 days 00:00:00.841932,1.0,3,0.9,0.003694353572369759,0.18734307382060642,40,153,COMPLETE,0.0,,,,,,,,,,,,,,,,,,,,
203,203,0.6512820512820513,2023-08-24 13:40:28.696168,2023-08-24 13:40:29.597392,0 days 00:00:00.901224,1.0,3,0.9,0.00333939250045433,0.020182030601236883,40,254,COMPLETE,0.0,,,,,,,,,,,,,,,,,,,,
204,204,0.6865947312141538,2023-08-24 13:40:28.752482,2023-08-24 13:40:29.551686,0 days 00:00:00.799204,1.0,3,0.9,0.0027386956974110054,0.018861095233137996,40,255,COMPLETE,0.0,,,,,,,,,,,,,,,,,,,,
205,205,0.6546875,2023-08-24 13:40:29.001330,2023-08-24 13:40:30.114583,0 days 00:00:01.113253,1.0,3,0.9,0.0024815295215971115,0.9631744398275455,40,153,COMPLETE,0.0,,,,,,,,,,,,,,,,,,,,
206,206,0.675,2023-08-24 13:40:29.055288,2023-08-24 13:40:30.215047,0 days 00:00:01.159759,1.0,3,0.9,0.0011865203795966015,0.019314010661041152,40,154,COMPLETE,0.0,,,,,,,,,,,,,,,,,,,,
207,207,0.6778939217963609,2023-08-24 13:40:29.145450,2023-08-24 13:40:30.908928,0 days 00:00:01.763478,1.0,3,0.9,0.00794940696676054,0.009446967099068978,20,153,COMPLETE,0.0,,,,,,,,,,,,,,,,,,,,
208,208,0.675,2023-08-24 13:40:29.210023,2023-08-24 13:40:30.468171,0 days 00:00:01.258148,1.0,3,0.9,0.002281165831209767,0.01966677134696676,30,155,COMPLETE,0.0,,,,,,,,,,,,,,,,,,,,
209,209,0.6923076923076923,2023-08-24 13:40:29.255272,2023-08-24 13:40:30.756831,0 days 00:00:01.501559,1.0,3,0.9,0.006861436502720744,0.018929922002767302,30,154,COMPLETE,0.0,,,,,,,,,,,,,,,,,,,,
210,210,0.6953125,2023-08-24 13:40:29.328518,2023-08-24 13:40:30.557201,0 days 00:00:01.228683,1.0,3,0.9,0.0015630425095690937,0.12283441541267268,30,154,COMPLETE,0.0,,,,,,,,,,,,,,,,,,,,
211,211,0.675,2023-08-24 13:40:29.642594,2023-08-24 13:40:30.861574,0 days 00:00:01.218980,1.0,3,0.9,0.001495363676687417,0.12363904281294696,30,143,COMPLETE,0.0,,,,,,,,,,,,,,,,,,,,
212,212,0.6546875,2023-08-24 13:40:29.646316,2023-08-24 13:40:30.655788,0 days 00:00:01.009472,1.0,3,0.9,0.001455414565626916,0.11530839434891323,30,155,COMPLETE,0.0,,,,,,,,,,,,,,,,,,,,
