,number,value,datetime_start,datetime_complete,duration,params_bagging_fraction,params_bagging_freq,params_feature_fraction,params_lambda_l1,params_lambda_l2,params_min_child_samples,params_num_leaves,state,best_trial,dev_acc,dev_recall_macro,dev_precision_macro,dev_f1_macro,dev_recall_0,dev_precision_0,dev_f1_0,dev_recall_1,dev_precision_1,dev_f1_1,test_acc,test_recall_macro,test_precision_macro,test_f1_macro,test_recall_0,test_precision_0,test_f1_0,test_recall_1,test_precision_1,test_f1_1
104,104,0.59375,2023-08-24 12:19:04.689012,2023-08-24 12:19:06.055902,0 days 00:00:01.366890,1.0,3,0.7000000000000001,0.0005314457821946685,2.985637131837589e-07,40,253,COMPLETE,0.0,,,,,,,,,,,,,,,,,,,,
105,105,0.5897435897435898,2023-08-24 12:19:04.824801,2023-08-24 12:19:05.634117,0 days 00:00:00.809316,1.0,3,0.8,0.0005834943074594263,9.747938943507224e-06,50,256,COMPLETE,0.0,,,,,,,,,,,,,,,,,,,,
106,106,0.5897435897435898,2023-08-24 12:19:04.826391,2023-08-24 12:19:06.128576,0 days 00:00:01.302185,1.0,3,0.8,0.0005936930173743818,3.453770253427094e-05,50,256,COMPLETE,0.0,,,,,,,,,,,,,,,,,,,,
107,107,0.5897435897435898,2023-08-24 12:19:04.829435,2023-08-24 12:19:06.005648,0 days 00:00:01.176213,1.0,3,0.8,0.0005545212121952353,8.614421137115707e-06,50,256,COMPLETE,0.0,,,,,,,,,,,,,,,,,,,,
108,108,0.5815916004317536,2023-08-24 12:19:04.968323,2023-08-24 12:19:05.736817,0 days 00:00:00.768494,0.9,3,0.8,0.0005877042811915105,3.340478753749911e-07,50,226,COMPLETE,0.0,,,,,,,,,,,,,,,,,,,,
109,109,0.5815916004317536,2023-08-24 12:19:04.970241,2023-08-24 12:19:05.854960,0 days 00:00:00.884719,0.9,3,0.8,4.980667617334312e-05,3.3881986594015607e-07,50,226,COMPLETE,0.0,,,,,,,,,,,,,,,,,,,,
110,110,0.6057159521726451,2023-08-24 12:19:05.032597,2023-08-24 12:19:05.919448,0 days 00:00:00.886851,0.8,3,0.8,0.000583672166251931,4.457404675204855e-06,50,233,COMPLETE,0.0,,,,,,,,,,,,,,,,,,,,
111,111,0.5815916004317536,2023-08-24 12:19:05.266004,2023-08-24 12:19:05.795958,0 days 00:00:00.529954,0.9,3,0.8,4.433587498796544e-05,5.040065552440047e-06,50,233,COMPLETE,0.0,,,,,,,,,,,,,,,,,,,,
112,112,0.5815916004317536,2023-08-24 12:19:05.674991,2023-08-24 12:19:06.452617,0 days 00:00:00.777626,0.9,3,0.8,4.6386518495143256e-05,4.093989432861745e-07,50,225,COMPLETE,0.0,,,,,,,,,,,,,,,,,,,,
113,113,0.580475998386446,2023-08-24 12:19:05.783658,2023-08-24 12:19:06.983964,0 days 00:00:01.200306,0.8,3,0.6000000000000001,5.789179308282323e-05,4.933603981695662e-06,50,232,COMPLETE,0.0,,,,,,,,,,,,,,,,,,,,
114,114,0.585496257412268,2023-08-24 12:19:05.841920,2023-08-24 12:19:06.740804,0 days 00:00:00.898884,0.8,3,0.6000000000000001,0.00034692128867876235,3.35950963380483e-05,60,246,COMPLETE,0.0,,,,,,,,,,,,,,,,,,,,
115,115,0.5978982849211857,2023-08-24 12:19:05.903733,2023-08-24 12:19:06.673514,0 days 00:00:00.769781,0.8,3,0.9,0.0003805722896015091,3.4684765395877234e-05,80,246,COMPLETE,0.0,,,,,,,,,,,,,,,,,,,,
116,116,0.5326797385620915,2023-08-24 12:19:05.964568,2023-08-24 12:19:07.050512,0 days 00:00:01.085944,0.8,3,0.8,0.0005180765216611338,1.3124452916049143e-06,60,235,COMPLETE,0.0,,,,,,,,,,,,,,,,,,,,
117,117,0.553921568627451,2023-08-24 12:19:06.052691,2023-08-24 12:19:06.825684,0 days 00:00:00.772993,0.8,2,0.6000000000000001,0.0003495884148017377,3.813549312702262e-05,60,246,COMPLETE,0.0,,,,,,,,,,,,,,,,,,,,
118,118,0.585496257412268,2023-08-24 12:19:06.107526,2023-08-24 12:19:06.869115,0 days 00:00:00.761589,0.8,3,0.6000000000000001,0.0003376732348370928,1.7482844460696161e-06,60,245,COMPLETE,0.0,,,,,,,,,,,,,,,,,,,,
119,119,0.585496257412268,2023-08-24 12:19:06.176366,2023-08-24 12:19:06.874736,0 days 00:00:00.698370,0.8,3,0.6000000000000001,0.001002322719605184,3.895402449930102e-06,60,235,COMPLETE,0.0,,,,,,,,,,,,,,,,,,,,
120,120,0.585496257412268,2023-08-24 12:19:06.494825,2023-08-24 12:19:07.176322,0 days 00:00:00.681497,0.8,3,0.6000000000000001,0.00013270299665327055,1.8519058281577476e-06,60,235,COMPLETE,0.0,,,,,,,,,,,,,,,,,,,,
121,121,0.585496257412268,2023-08-24 12:19:06.714930,2023-08-24 12:19:07.583938,0 days 00:00:00.869008,0.8,3,0.6000000000000001,0.001036965477878591,1.6565854592407647e-06,60,236,COMPLETE,0.0,,,,,,,,,,,,,,,,,,,,
122,122,0.5933834586466165,2023-08-24 12:19:06.784228,2023-08-24 12:19:07.700343,0 days 00:00:00.916115,0.8,3,0.9,0.0010594813509565953,1.246029330238886e-06,60,234,COMPLETE,0.0,,,,,,,,,,,,,,,,,,,,
123,123,0.5772357723577235,2023-08-24 12:19:06.869973,2023-08-24 12:19:07.914734,0 days 00:00:01.044761,0.8,3,0.9,0.0009383168387560987,4.247126289666044e-06,50,234,COMPLETE,0.0,,,,,,,,,,,,,,,,,,,,
124,124,0.6020017662643509,2023-08-24 12:19:06.960341,2023-08-24 12:19:08.202475,0 days 00:00:01.242134,0.8,3,0.9,0.00012874749979708796,1.0297305649334851e-06,50,235,COMPLETE,0.0,,,,,,,,,,,,,,,,,,,,
125,125,0.6020017662643509,2023-08-24 12:19:06.964352,2023-08-24 12:19:07.852240,0 days 00:00:00.887888,0.8,3,0.9,0.00012627689776035736,1.0649536304892e-06,50,237,COMPLETE,0.0,,,,,,,,,,,,,,,,,,,,
126,126,0.6020017662643509,2023-08-24 12:19:07.032656,2023-08-24 12:19:08.056836,0 days 00:00:01.024180,0.8,3,0.9,0.00010482857203591219,1.230250797333586e-06,50,238,COMPLETE,0.0,,,,,,,,,,,,,,,,,,,,
127,127,0.5645933014354066,2023-08-24 12:19:07.090733,2023-08-24 12:19:08.113500,0 days 00:00:01.022767,0.7000000000000001,3,0.9,0.0001264521122580811,1.077581079802074e-06,50,236,COMPLETE,0.0,,,,,,,,,,,,,,,,,,,,
128,128,0.6020017662643509,2023-08-24 12:19:07.222661,2023-08-24 12:19:07.982317,0 days 00:00:00.759656,0.8,3,0.9,0.00016060731196922644,7.494181629859416e-06,50,218,COMPLETE,0.0,,,,,,,,,,,,,,,,,,,,
129,129,0.6020017662643509,2023-08-24 12:19:07.625919,2023-08-24 12:19:08.371427,0 days 00:00:00.745508,0.8,3,0.9,0.00014512612176870648,6.9517390724281025e-06,50,217,COMPLETE,0.0,,,,,,,,,,,,,,,,,,,,
130,130,0.6020017662643509,2023-08-24 12:19:07.742386,2023-08-24 12:19:08.461505,0 days 00:00:00.719119,0.8,3,0.9,0.00015413848144047953,6.7139209374968046e-06,50,218,COMPLETE,0.0,,,,,,,,,,,,,,,,,,,,
131,131,0.6020017662643509,2023-08-24 12:19:07.892308,2023-08-24 12:19:08.895663,0 days 00:00:01.003355,0.8,3,0.9,0.00016409971699142965,7.233303840258432e-06,50,218,COMPLETE,0.0,,,,,,,,,,,,,,,,,,,,
132,132,0.5645933014354066,2023-08-24 12:19:07.961941,2023-08-24 12:19:09.009706,0 days 00:00:01.047765,0.7000000000000001,3,0.9,0.0001799152144752035,1.909438625085173e-05,50,219,COMPLETE,0.0,,,,,,,,,,,,,,,,,,,,
133,133,0.5645933014354066,2023-08-24 12:19:08.031077,2023-08-24 12:19:09.171261,0 days 00:00:01.140184,0.7000000000000001,3,0.9,0.00011743710458817354,5.756542284745575e-06,50,186,COMPLETE,0.0,,,,,,,,,,,,,,,,,,,,
134,134,0.5282051282051283,2023-08-24 12:19:08.105479,2023-08-24 12:19:09.010368,0 days 00:00:00.904889,0.7000000000000001,3,1.0,0.00017695036729750704,5.9606454735646544e-06,50,218,COMPLETE,0.0,,,,,,,,,,,,,,,,,,,,
135,135,0.6020017662643509,2023-08-24 12:19:08.171965,2023-08-24 12:19:09.262739,0 days 00:00:01.090774,0.8,3,1.0,0.0026480198531830365,5.968825752925695e-06,50,200,COMPLETE,0.0,,,,,,,,,,,,,,,,,,,,
136,136,0.5282051282051283,2023-08-24 12:19:08.249334,2023-08-24 12:19:09.110534,0 days 00:00:00.861200,0.7000000000000001,3,1.0,0.002885613041538968,5.340723798519498e-06,50,198,COMPLETE,0.0,,,,,,,,,,,,,,,,,,,,
137,137,0.5282051282051283,2023-08-24 12:19:08.417642,2023-08-24 12:19:09.382113,0 days 00:00:00.964471,0.7000000000000001,3,1.0,0.00033046444276418137,1.7400879871891755e-05,50,199,COMPLETE,0.0,,,,,,,,,,,,,,,,,,,,
138,138,0.6020017662643509,2023-08-24 12:19:08.515440,2023-08-24 12:19:09.310019,0 days 00:00:00.794579,0.8,3,1.0,0.0004289883458701725,5.496946188505638e-06,50,200,COMPLETE,0.0,,,,,,,,,,,,,,,,,,,,
139,139,0.6020017662643509,2023-08-24 12:19:08.939514,2023-08-24 12:19:09.693779,0 days 00:00:00.754265,0.8,3,1.0,0.0004054494975087204,4.970924174811275e-06,50,201,COMPLETE,0.0,,,,,,,,,,,,,,,,,,,,
140,140,0.6020017662643509,2023-08-24 12:19:09.093825,2023-08-24 12:19:10.249739,0 days 00:00:01.155914,0.8,3,0.9,0.0003492779682761971,4.916284299390443e-06,50,251,COMPLETE,0.0,,,,,,,,,,,,,,,,,,,,
141,141,0.572531328320802,2023-08-24 12:19:09.095130,2023-08-24 12:19:09.950538,0 days 00:00:00.855408,0.8,3,0.9,0.00045002621815862156,5.109013788005329e-06,90,242,COMPLETE,0.0,,,,,,,,,,,,,,,,,,,,
142,142,0.6020017662643509,2023-08-24 12:19:09.156857,2023-08-24 12:19:10.311633,0 days 00:00:01.154776,0.8,3,0.9,0.0004131302671147379,4.031644116418649e-06,50,250,COMPLETE,0.0,,,,,,,,,,,,,,,,,,,,
143,143,0.6020017662643509,2023-08-24 12:19:09.217452,2023-08-24 12:19:10.379729,0 days 00:00:01.162277,0.8,3,0.9,0.00033864284411958803,3.8730748017948665e-06,50,225,COMPLETE,0.0,,,,,,,,,,,,,,,,,,,,
144,144,0.5385235982250909,2023-08-24 12:19:09.362208,2023-08-24 12:19:10.522505,0 days 00:00:01.160297,0.9,3,0.9,0.0007522433556432443,3.471444208083168e-06,40,56,COMPLETE,0.0,,,,,,,,,,,,,,,,,,,,
145,145,0.5772776841479133,2023-08-24 12:19:09.363996,2023-08-24 12:19:10.189719,0 days 00:00:00.825723,0.9,3,0.9,0.00029443016486657925,2.4092184027876833e-05,90,250,COMPLETE,0.0,,,,,,,,,,,,,,,,,,,,
146,146,0.5772776841479133,2023-08-24 12:19:09.436883,2023-08-24 12:19:10.058982,0 days 00:00:00.622099,0.9,3,0.9,0.0007496192759696177,3.7263535849299204e-06,90,250,COMPLETE,0.0,,,,,,,,,,,,,,,,,,,,
147,147,0.5772776841479133,2023-08-24 12:19:09.738169,2023-08-24 12:19:10.138378,0 days 00:00:00.400209,0.9,3,0.9,0.0006907031686509863,3.646846265189929e-06,90,225,COMPLETE,0.0,,,,,,,,,,,,,,,,,,,,
148,148,0.5772357723577235,2023-08-24 12:19:09.992323,2023-08-24 12:19:10.686019,0 days 00:00:00.693696,0.8,3,0.9,0.0006854561802577719,3.196102783876214e-06,50,251,COMPLETE,0.0,,,,,,,,,,,,,,,,,,,,
149,149,0.5772357723577235,2023-08-24 12:19:10.101791,2023-08-24 12:19:11.304594,0 days 00:00:01.202803,0.8,3,0.9,0.0013605708994772888,1.4943683062864516e-05,50,225,COMPLETE,0.0,,,,,,,,,,,,,,,,,,,,
150,150,0.5772357723577235,2023-08-24 12:19:10.182262,2023-08-24 12:19:11.128655,0 days 00:00:00.946393,0.8,3,0.9,0.0016109349268669745,1.9810589466494396e-06,50,225,COMPLETE,0.0,,,,,,,,,,,,,,,,,,,,
151,151,0.6057159521726451,2023-08-24 12:19:10.233264,2023-08-24 12:19:11.190590,0 days 00:00:00.957326,0.8,3,0.8,0.0017733442770080134,2.121911202546402e-06,50,225,COMPLETE,0.0,,,,,,,,,,,,,,,,,,,,
152,152,0.5692307692307692,2023-08-24 12:19:10.297636,2023-08-24 12:19:11.454273,0 days 00:00:01.156637,0.8,3,0.8,0.0012220167266218085,1.1064110763982572e-05,40,224,COMPLETE,0.0,,,,,,,,,,,,,,,,,,,,
153,153,0.5692307692307692,2023-08-24 12:19:10.364687,2023-08-24 12:19:11.365500,0 days 00:00:01.000813,0.8,3,0.8,0.0015911455630741467,2.054017297713584e-06,40,224,COMPLETE,0.0,,,,,,,,,,,,,,,,,,,,
154,154,0.5692307692307692,2023-08-24 12:19:10.428789,2023-08-24 12:19:11.643372,0 days 00:00:01.214583,0.8,3,0.8,0.001679270340499195,2.1783745719877263e-06,40,230,COMPLETE,0.0,,,,,,,,,,,,,,,,,,,,
155,155,0.5692307692307692,2023-08-24 12:19:10.575810,2023-08-24 12:19:11.593684,0 days 00:00:01.017874,0.8,3,0.8,0.0014870447085208879,1.2672952476286652e-05,40,229,COMPLETE,0.0,,,,,,,,,,,,,,,,,,,,
156,156,0.5487179487179487,2023-08-24 12:19:10.728655,2023-08-24 12:19:11.512873,0 days 00:00:00.784218,0.8,3,0.8,8.1001596329055e-05,2.0146685084571946e-06,40,229,COMPLETE,0.0,,,,,,,,,,,,,,,,,,,,
157,157,0.5692307692307692,2023-08-24 12:19:11.171889,2023-08-24 12:19:12.200816,0 days 00:00:01.028927,0.8,3,0.8,0.001330879498692069,1.332035468169797e-05,40,229,COMPLETE,0.0,,,,,,,,,,,,,,,,,,,,
158,158,0.6057159521726451,2023-08-24 12:19:11.235183,2023-08-24 12:19:12.283817,0 days 00:00:01.048634,0.8,3,0.8,0.001337831478549132,1.2303536115456412e-05,50,244,COMPLETE,0.0,,,,,,,,,,,,,,,,,,,,
159,159,0.5692307692307692,2023-08-24 12:19:11.354198,2023-08-24 12:19:12.718615,0 days 00:00:01.364417,0.8,3,0.8,0.001228077600458266,8.942600197520302e-06,40,212,COMPLETE,0.0,,,,,,,,,,,,,,,,,,,,
160,160,0.6057159521726451,2023-08-24 12:19:11.411445,2023-08-24 12:19:12.651819,0 days 00:00:01.240374,0.8,3,0.8,7.029944137756889e-05,2.2815716842268842e-06,50,173,COMPLETE,0.0,,,,,,,,,,,,,,,,,,,,
161,161,0.6057159521726451,2023-08-24 12:19:11.502445,2023-08-24 12:19:12.594569,0 days 00:00:01.092124,0.8,3,0.8,0.00026993442380819676,2.16068190769846e-06,50,173,COMPLETE,0.0,,,,,,,,,,,,,,,,,,,,
162,162,0.6057159521726451,2023-08-24 12:19:11.568115,2023-08-24 12:19:12.543402,0 days 00:00:00.975287,0.8,3,0.8,0.0002520432220213498,9.29646520662219e-06,50,243,COMPLETE,0.0,,,,,,,,,,,,,,,,,,,,
163,163,0.6057159521726451,2023-08-24 12:19:11.641746,2023-08-24 12:19:12.389053,0 days 00:00:00.747307,0.8,3,0.8,6.590116554220397e-05,2.6085299311304866e-06,50,213,COMPLETE,0.0,,,,,,,,,,,,,,,,,,,,
164,164,0.6057159521726451,2023-08-24 12:19:11.691682,2023-08-24 12:19:12.471474,0 days 00:00:00.779792,0.8,3,0.8,0.0002764011700845704,2.4419658327864903e-05,50,208,COMPLETE,0.0,,,,,,,,,,,,,,,,,,,,
165,165,0.6057159521726451,2023-08-24 12:19:12.242713,2023-08-24 12:19:12.969960,0 days 00:00:00.727247,0.8,3,0.8,0.00025189549929229547,7.940061896515408e-06,50,212,COMPLETE,0.0,,,,,,,,,,,,,,,,,,,,
166,166,0.6057159521726451,2023-08-24 12:19:12.323998,2023-08-24 12:19:13.231010,0 days 00:00:00.907012,0.8,3,0.8,0.0024896530167067103,2.5332159010416187e-05,50,243,COMPLETE,0.0,,,,,,,,,,,,,,,,,,,,
167,167,0.6057159521726451,2023-08-24 12:19:12.431160,2023-08-24 12:19:13.546967,0 days 00:00:01.115807,0.8,3,0.8,0.004890976916890823,5.831554176464354e-07,50,243,COMPLETE,0.0,,,,,,,,,,,,,,,,,,,,
168,168,0.6057159521726451,2023-08-24 12:19:12.515851,2023-08-24 12:19:13.490792,0 days 00:00:00.974941,0.8,3,0.8,6.513074998304247e-05,2.1145721769516026e-05,50,243,COMPLETE,0.0,,,,,,,,,,,,,,,,,,,,
169,169,0.6057159521726451,2023-08-24 12:19:12.591464,2023-08-24 12:19:13.766506,0 days 00:00:01.175042,0.8,3,0.8,6.892304694770315e-05,2.420457530934804e-05,50,242,COMPLETE,0.0,,,,,,,,,,,,,,,,,,,,
170,170,0.6057159521726451,2023-08-24 12:19:12.640727,2023-08-24 12:19:13.545021,0 days 00:00:00.904294,0.8,3,0.8,0.0002533526025341949,2.3163814363676572e-05,50,243,COMPLETE,0.0,,,,,,,,,,,,,,,,,,,,
171,171,0.6057159521726451,2023-08-24 12:19:12.697445,2023-08-24 12:19:13.718224,0 days 00:00:01.020779,0.8,3,0.8,6.810063946215909e-05,8.344008580534222e-07,50,192,COMPLETE,0.0,,,,,,,,,,,,,,,,,,,,
172,172,0.6057159521726451,2023-08-24 12:19:12.775860,2023-08-24 12:19:13.656382,0 days 00:00:00.880522,0.8,3,0.8,6.304312751826751e-05,2.3613134309968857e-05,50,169,COMPLETE,0.0,,,,,,,,,,,,,,,,,,,,
173,173,0.6057159521726451,2023-08-24 12:19:13.013693,2023-08-24 12:19:13.835599,0 days 00:00:00.821906,0.8,3,0.8,0.00023976361938724718,7.736048077115237e-07,50,192,COMPLETE,0.0,,,,,,,,,,,,,,,,,,,,
174,174,0.6057159521726451,2023-08-24 12:19:13.275562,2023-08-24 12:19:13.909596,0 days 00:00:00.634034,0.8,3,0.8,0.003670134431817838,2.6819083485984817e-05,50,193,COMPLETE,0.0,,,,,,,,,,,,,,,,,,,,
175,175,0.6057159521726451,2023-08-24 12:19:13.536407,2023-08-24 12:19:14.756065,0 days 00:00:01.219658,0.8,3,0.8,3.9029191618456096e-05,2.4715433593653427e-05,50,244,COMPLETE,0.0,,,,,,,,,,,,,,,,,,,,
176,176,0.5897435897435898,2023-08-24 12:19:13.630054,2023-08-24 12:19:14.754660,0 days 00:00:01.124606,0.8,2,0.8,0.006988512379177051,2.508876024279558e-05,50,174,COMPLETE,0.0,,,,,,,,,,,,,,,,,,,,
177,177,0.5897435897435898,2023-08-24 12:19:13.632113,2023-08-24 12:19:14.835608,0 days 00:00:01.203495,0.8,2,0.8,0.006079287238492731,2.2319108611891613e-05,50,149,COMPLETE,0.0,,,,,,,,,,,,,,,,,,,,
178,178,0.6057159521726451,2023-08-24 12:19:13.701619,2023-08-24 12:19:14.510285,0 days 00:00:00.808666,0.8,3,0.8,0.004891785143859261,1.947230994759348e-05,50,158,COMPLETE,0.0,,,,,,,,,,,,,,,,,,,,
179,179,0.5815916004317536,2023-08-24 12:19:13.810498,2023-08-24 12:19:14.637850,0 days 00:00:00.827352,0.8,3,0.8,0.005487393164538502,2.8168221384151315e-05,50,176,COMPLETE,0.0,,,,,,,,,,,,,,,,,,,,
180,180,0.6057159521726451,2023-08-24 12:19:13.814582,2023-08-24 12:19:14.690004,0 days 00:00:00.875422,0.8,3,0.8,0.005132039144173002,2.2891586879457238e-05,50,243,COMPLETE,0.0,,,,,,,,,,,,,,,,,,,,
181,181,0.6057159521726451,2023-08-24 12:19:13.893311,2023-08-24 12:19:14.932492,0 days 00:00:01.039181,0.8,3,0.8,3.954302081291435e-05,2.216144446660776e-05,50,175,COMPLETE,0.0,,,,,,,,,,,,,,,,,,,,
182,182,0.6057159521726451,2023-08-24 12:19:13.965192,2023-08-24 12:19:14.987355,0 days 00:00:01.022163,0.8,3,0.8,0.0028519938148491098,4.28924657251202e-05,50,152,COMPLETE,0.0,,,,,,,,,,,,,,,,,,,,
183,183,0.6057159521726451,2023-08-24 12:19:14.551972,2023-08-24 12:19:15.201978,0 days 00:00:00.650006,0.8,3,0.8,0.0027781305111898237,3.823048637764864e-05,50,145,COMPLETE,0.0,,,,,,,,,,,,,,,,,,,,
184,184,0.6057159521726451,2023-08-24 12:19:14.678254,2023-08-24 12:19:15.840772,0 days 00:00:01.162518,0.8,3,0.8,0.002221595978311178,4.6693994454089695e-05,50,245,COMPLETE,0.0,,,,,,,,,,,,,,,,,,,,
185,185,0.5978982849211857,2023-08-24 12:19:14.734292,2023-08-24 12:19:17.088620,0 days 00:00:02.354328,0.8,2,0.8,4.103666310799745e-05,5.075284308188889e-07,10,244,COMPLETE,0.0,,,,,,,,,,,,,,,,,,,,
186,186,0.6057159521726451,2023-08-24 12:19:14.875706,2023-08-24 12:19:15.785850,0 days 00:00:00.910144,0.8,3,0.8,5.6923831639647295e-05,6.424397176277217e-07,50,242,COMPLETE,0.0,,,,,,,,,,,,,,,,,,,,
187,187,0.6057159521726451,2023-08-24 12:19:14.882143,2023-08-24 12:19:15.723501,0 days 00:00:00.841358,0.8,3,0.8,5.372539744431054e-05,8.299218929356704e-07,50,244,COMPLETE,0.0,,,,,,,,,,,,,,,,,,,,
188,188,0.6057159521726451,2023-08-24 12:19:14.883696,2023-08-24 12:19:15.910558,0 days 00:00:01.026862,0.8,3,0.8,6.400386011563916e-05,1.30250210537187e-06,50,242,COMPLETE,0.0,,,,,,,,,,,,,,,,,,,,
189,189,0.6057159521726451,2023-08-24 12:19:14.975997,2023-08-24 12:19:15.671593,0 days 00:00:00.695596,0.8,3,0.8,6.485581976651163e-05,4.849754552118918e-07,50,244,COMPLETE,0.0,,,,,,,,,,,,,,,,,,,,
190,190,0.5402487920222063,2023-08-24 12:19:15.046314,2023-08-24 12:19:17.007545,0 days 00:00:01.961231,0.8,3,0.8,5.888243987394832e-05,5.5302998069315115e-05,10,242,COMPLETE,0.0,,,,,,,,,,,,,,,,,,,,
191,191,0.5326797385620915,2023-08-24 12:19:15.245681,2023-08-24 12:19:15.990162,0 days 00:00:00.744481,0.8,3,0.8,6.065245505794079e-05,5.431052476537947e-07,60,243,COMPLETE,0.0,,,,,,,,,,,,,,,,,,,,
192,192,0.5326797385620915,2023-08-24 12:19:15.766738,2023-08-24 12:19:16.701760,0 days 00:00:00.935022,0.8,3,0.8,8.961696229992944e-05,5.241972867392672e-07,60,208,COMPLETE,0.0,,,,,,,,,,,,,,,,,,,,
193,193,0.5326797385620915,2023-08-24 12:19:15.772611,2023-08-24 12:19:16.870089,0 days 00:00:01.097478,0.8,3,0.8,9.394363123906062e-05,5.356702632175286e-07,60,186,COMPLETE,0.0,,,,,,,,,,,,,,,,,,,,
194,194,0.543859649122807,2023-08-24 12:19:15.832228,2023-08-24 12:19:17.597256,0 days 00:00:01.765028,0.8,3,0.8,0.00010626322282917628,5.531278487965147e-05,10,239,COMPLETE,0.0,,,,,,,,,,,,,,,,,,,,
195,195,0.5326797385620915,2023-08-24 12:19:15.905701,2023-08-24 12:19:16.638440,0 days 00:00:00.732739,0.8,3,0.8,9.754428189711211e-05,1.3081089202489002e-06,60,185,COMPLETE,0.0,,,,,,,,,,,,,,,,,,,,
196,196,0.5326797385620915,2023-08-24 12:19:15.964215,2023-08-24 12:19:16.867654,0 days 00:00:00.903439,0.8,3,0.8,1.5613316672404595e-05,1.5768391517649581e-06,60,184,COMPLETE,0.0,,,,,,,,,,,,,,,,,,,,
197,197,0.5326797385620915,2023-08-24 12:19:16.042064,2023-08-24 12:19:16.818249,0 days 00:00:00.776185,0.8,3,0.8,9.256693838520318e-05,2.600579333448134e-06,60,238,COMPLETE,0.0,,,,,,,,,,,,,,,,,,,,
198,198,0.6057159521726451,2023-08-24 12:19:16.689378,2023-08-24 12:19:17.977749,0 days 00:00:01.288371,0.8,3,0.8,3.576729448104556e-05,1.5215374682473696e-05,50,207,COMPLETE,0.0,,,,,,,,,,,,,,,,,,,,
199,199,0.6057159521726451,2023-08-24 12:19:16.748090,2023-08-24 12:19:17.803984,0 days 00:00:01.055894,0.8,3,0.8,2.7896377589504845e-05,1.6947667560552056e-05,50,169,COMPLETE,0.0,,,,,,,,,,,,,,,,,,,,
200,200,0.6057159521726451,2023-08-24 12:19:16.866047,2023-08-24 12:19:18.178732,0 days 00:00:01.312685,0.8,3,0.8,3.152046450906485e-05,6.290094736999105e-05,50,169,COMPLETE,0.0,,,,,,,,,,,,,,,,,,,,
201,201,0.606060606060606,2023-08-24 12:19:16.964853,2023-08-24 12:19:18.875011,0 days 00:00:01.910158,0.8,3,0.8,3.253101955956244e-05,1.4365374105246743e-05,10,250,COMPLETE,0.0,,,,,,,,,,,,,,,,,,,,
202,202,0.6057159521726451,2023-08-24 12:19:16.969962,2023-08-24 12:19:18.127834,0 days 00:00:01.157872,0.8,3,0.8,3.087577360055388e-05,1.5378829175527838e-05,50,170,COMPLETE,0.0,,,,,,,,,,,,,,,,,,,,
203,203,0.6057159521726451,2023-08-24 12:19:17.053190,2023-08-24 12:19:18.066659,0 days 00:00:01.013469,0.8,3,0.8,2.1762787658337878e-05,1.2664707431916045e-05,50,169,COMPLETE,0.0,,,,,,,,,,,,,,,,,,,,
204,204,0.6014521984671238,2023-08-24 12:19:17.155855,2023-08-24 12:19:17.853447,0 days 00:00:00.697592,0.8,3,0.8,0.0001877427763723564,9.839766698134014e-06,80,162,COMPLETE,0.0,,,,,,,,,,,,,,,,,,,,
205,205,0.6057159521726451,2023-08-24 12:19:17.641647,2023-08-24 12:19:18.317487,0 days 00:00:00.675840,0.8,3,0.8,2.723091158620078e-05,1.1397766169641348e-05,50,165,COMPLETE,0.0,,,,,,,,,,,,,,,,,,,,
206,206,0.6057159521726451,2023-08-24 12:19:17.849793,2023-08-24 12:19:18.816555,0 days 00:00:00.966762,0.8,3,0.8,0.00018009538306912329,1.2903678228050736e-05,50,252,COMPLETE,0.0,,,,,,,,,,,,,,,,,,,,
207,207,0.6057159521726451,2023-08-24 12:19:17.906489,2023-08-24 12:19:19.009931,0 days 00:00:01.103442,0.8,3,0.8,2.8247073379918128e-05,1.3321445220088598e-05,50,106,COMPLETE,0.0,,,,,,,,,,,,,,,,,,,,
208,208,0.6057159521726451,2023-08-24 12:19:18.022314,2023-08-24 12:19:19.251909,0 days 00:00:01.229595,0.8,3,0.8,0.0002165223685574069,8.769427315971337e-07,50,129,COMPLETE,0.0,,,,,,,,,,,,,,,,,,,,
209,209,0.6057159521726451,2023-08-24 12:19:18.119422,2023-08-24 12:19:19.353170,0 days 00:00:01.233748,0.8,3,0.8,0.0002574537202058108,7.766940605729789e-07,50,191,COMPLETE,0.0,,,,,,,,,,,,,,,,,,,,
210,210,0.6057159521726451,2023-08-24 12:19:18.225026,2023-08-24 12:19:19.205086,0 days 00:00:00.980060,0.8,3,0.8,0.0002462689991022122,9.270435294683448e-07,50,194,COMPLETE,0.0,,,,,,,,,,,,,,,,,,,,
