,number,value,datetime_start,datetime_complete,duration,params_bagging_fraction,params_bagging_freq,params_feature_fraction,params_lambda_l1,params_lambda_l2,params_min_child_samples,params_num_leaves,state,best_trial,dev_acc,dev_recall_macro,dev_precision_macro,dev_f1_macro,dev_recall_0,dev_precision_0,dev_f1_0,dev_recall_1,dev_precision_1,dev_f1_1,test_acc,test_recall_macro,test_precision_macro,test_f1_macro,test_recall_0,test_precision_0,test_f1_0,test_recall_1,test_precision_1,test_f1_1
0,0,0.6283988586129665,2023-08-24 14:13:45.663354,2023-08-24 14:13:46.431126,0 days 00:00:00.767772,0.4,3,0.6000000000000001,0.004177048799473511,0.002502197354408874,80,154,COMPLETE,0.0,,,,,,,,,,,,,,,,,,,,
1,1,0.6193744609378546,2023-08-24 14:13:45.665855,2023-08-24 14:13:47.443247,0 days 00:00:01.777392,0.5,2,0.9,1.7227063775327915e-08,0.013544403973284568,40,222,COMPLETE,0.0,,,,,,,,,,,,,,,,,,,,
2,2,0.6230001649348508,2023-08-24 14:13:45.667232,2023-08-24 14:13:48.565122,0 days 00:00:02.897890,1.0,1,0.5,0.007796397140211483,0.10683172400617293,50,138,COMPLETE,0.0,,,,,,,,,,,,,,,,,,,,
3,3,0.6365286911669891,2023-08-24 14:13:45.669685,2023-08-24 14:13:49.410369,0 days 00:00:03.740684,0.8,2,0.5,0.001020301459112972,5.717022841483032e-06,30,207,COMPLETE,0.0,,,,,,,,,,,,,,,,,,,,
4,4,0.6572693823060141,2023-08-24 14:13:45.670939,2023-08-24 14:13:45.870632,0 days 00:00:00.199693,0.6000000000000001,2,0.4,3.9712765905361265e-06,0.00032314624913106773,90,3,COMPLETE,0.0,,,,,,,,,,,,,,,,,,,,
5,5,0.6355160361842105,2023-08-24 14:13:45.671761,2023-08-24 14:13:49.722552,0 days 00:00:04.050791,0.4,1,0.9,0.0003938169190689844,0.18402570913710847,20,144,COMPLETE,0.0,,,,,,,,,,,,,,,,,,,,
6,6,0.635430516682101,2023-08-24 14:13:45.672678,2023-08-24 14:13:47.213928,0 days 00:00:01.541250,0.5,2,0.6000000000000001,0.025128315725461085,4.9305544701145205e-08,60,219,COMPLETE,0.0,,,,,,,,,,,,,,,,,,,,
7,7,0.6018671561370088,2023-08-24 14:13:45.673820,2023-08-24 14:13:50.359096,0 days 00:00:04.685276,0.9,2,1.0,1.6146966125723787e-06,2.039957016963662e-08,30,236,COMPLETE,0.0,,,,,,,,,,,,,,,,,,,,
8,8,0.6100490969574373,2023-08-24 14:13:45.917508,2023-08-24 14:13:47.609509,0 days 00:00:01.692001,0.4,1,0.4,8.272201278738584e-08,2.643793134002518e-08,10,70,COMPLETE,0.0,,,,,,,,,,,,,,,,,,,,
9,9,0.6122314454699664,2023-08-24 14:13:46.483900,2023-08-24 14:13:49.523219,0 days 00:00:03.039319,0.7000000000000001,1,0.8,0.0003490937657495093,0.0018720002060844218,10,116,COMPLETE,0.0,,,,,,,,,,,,,,,,,,,,
10,10,0.6396043874384048,2023-08-24 14:13:47.257707,2023-08-24 14:13:48.476785,0 days 00:00:01.219078,0.8,3,0.9,0.010996618215399111,2.633869688321107e-05,60,39,COMPLETE,0.0,,,,,,,,,,,,,,,,,,,,
11,11,0.6333458208458208,2023-08-24 14:13:47.495785,2023-08-24 14:13:48.265118,0 days 00:00:00.769333,0.4,3,0.7000000000000001,0.0014844971442951847,8.177763125498219e-07,80,130,COMPLETE,0.0,,,,,,,,,,,,,,,,,,,,
12,12,0.616103826488537,2023-08-24 14:13:47.654395,2023-08-24 14:13:51.535670,0 days 00:00:03.881275,0.8,1,0.6000000000000001,3.4410383575189244e-06,0.0254150539306237,50,163,COMPLETE,0.0,,,,,,,,,,,,,,,,,,,,
13,13,0.6234581527653527,2023-08-24 14:13:48.326719,2023-08-24 14:13:52.418811,0 days 00:00:04.092092,0.8,3,0.5,0.005223718557501826,0.05364442730020832,20,140,COMPLETE,0.0,,,,,,,,,,,,,,,,,,,,
14,14,0.5967091865322416,2023-08-24 14:13:48.529097,2023-08-24 14:13:51.327328,0 days 00:00:02.798231,0.5,1,1.0,4.7129680364065775e-05,4.648387873682257e-08,30,146,COMPLETE,0.0,,,,,,,,,,,,,,,,,,,,
15,15,0.6237379307675935,2023-08-24 14:13:48.610655,2023-08-24 14:13:52.704537,0 days 00:00:04.093882,0.9,1,0.5,0.7468961773693958,0.00048469318315111907,30,143,COMPLETE,0.0,,,,,,,,,,,,,,,,,,,,
16,16,0.6176755087373988,2023-08-24 14:13:49.457087,2023-08-24 14:13:51.150658,0 days 00:00:01.693571,0.5,2,0.8,0.005001441852575054,8.95496512174282e-08,60,233,COMPLETE,0.0,,,,,,,,,,,,,,,,,,,,
17,17,0.653619136377757,2023-08-24 14:13:49.586754,2023-08-24 14:13:49.820758,0 days 00:00:00.234004,0.6000000000000001,2,0.4,1.3659432179515107e-05,0.00014281838659501795,100,2,COMPLETE,0.0,,,,,,,,,,,,,,,,,,,,
18,18,0.6399037881157814,2023-08-24 14:13:49.768087,2023-08-24 14:13:50.695257,0 days 00:00:00.927170,0.8,3,1.0,0.15555736496458916,8.154661939198128e-05,100,18,COMPLETE,0.0,,,,,,,,,,,,,,,,,,,,
19,19,0.6377180094941461,2023-08-24 14:13:49.866976,2023-08-24 14:13:50.200705,0 days 00:00:00.333729,0.6000000000000001,2,0.4,5.2096286175529575e-06,0.00036626753221263164,100,10,COMPLETE,0.0,,,,,,,,,,,,,,,,,,,,
20,20,0.6583755860812326,2023-08-24 14:13:50.254202,2023-08-24 14:13:50.586061,0 days 00:00:00.331859,0.6000000000000001,2,0.4,1.153362282963981e-05,0.0002719041079220542,100,3,COMPLETE,0.0,,,,,,,,,,,,,,,,,,,,
21,21,0.6363883415992935,2023-08-24 14:13:50.402381,2023-08-24 14:13:50.937904,0 days 00:00:00.535523,0.6000000000000001,2,0.4,3.210574110315194e-05,9.830076527394208e-05,100,9,COMPLETE,0.0,,,,,,,,,,,,,,,,,,,,
22,22,0.6421483072437969,2023-08-24 14:13:50.630969,2023-08-24 14:13:52.158373,0 days 00:00:01.527404,0.6000000000000001,3,0.5,4.57393395832215e-05,3.405243739464816e-05,80,76,COMPLETE,0.0,,,,,,,,,,,,,,,,,,,,
23,23,0.6338463331412552,2023-08-24 14:13:50.739080,2023-08-24 14:13:52.078540,0 days 00:00:01.339460,0.6000000000000001,2,0.5,4.8935973097108106e-05,9.158502417068912e-06,80,72,COMPLETE,0.0,,,,,,,,,,,,,,,,,,,,
24,24,0.6434300451321728,2023-08-24 14:13:50.982302,2023-08-24 14:13:52.516205,0 days 00:00:01.533903,0.7000000000000001,3,0.5,8.507087684248185e-07,0.0010327390217921603,80,56,COMPLETE,0.0,,,,,,,,,,,,,,,,,,,,
25,25,0.6393072843660978,2023-08-24 14:13:51.215155,2023-08-24 14:13:52.925379,0 days 00:00:01.710224,0.7000000000000001,3,0.5,1.1618746986341075e-06,7.239272170595925e-06,80,64,COMPLETE,0.0,,,,,,,,,,,,,,,,,,,,
26,26,0.6393072843660978,2023-08-24 14:13:51.370384,2023-08-24 14:13:52.866294,0 days 00:00:01.495910,0.7000000000000001,3,0.5,5.421434241739373e-07,4.557459782972842e-06,80,66,COMPLETE,0.0,,,,,,,,,,,,,,,,,,,,
27,27,0.6380169561621174,2023-08-24 14:13:51.582055,2023-08-24 14:13:53.221945,0 days 00:00:01.639890,0.7000000000000001,3,0.5,5.423494926433543e-07,0.5841653865951874,80,70,COMPLETE,0.0,,,,,,,,,,,,,,,,,,,,
28,28,0.6417893433236436,2023-08-24 14:13:52.126171,2023-08-24 14:13:53.736268,0 days 00:00:01.610097,0.7000000000000001,2,0.4,5.904314537677083e-07,0.0004924531100131305,90,46,COMPLETE,0.0,,,,,,,,,,,,,,,,,,,,
29,29,0.6385962725176089,2023-08-24 14:13:52.225974,2023-08-24 14:13:53.558512,0 days 00:00:01.332538,0.7000000000000001,2,0.4,7.624425381307144e-07,0.0004883916336166395,90,41,COMPLETE,0.0,,,,,,,,,,,,,,,,,,,,
30,30,0.6546373930890703,2023-08-24 14:13:52.459540,2023-08-24 14:13:53.880546,0 days 00:00:01.421006,0.7000000000000001,2,0.4,7.141667264459456e-07,0.0005265291220430548,90,40,COMPLETE,0.0,,,,,,,,,,,,,,,,,,,,
31,31,0.6451138420945546,2023-08-24 14:13:52.561093,2023-08-24 14:13:53.811700,0 days 00:00:01.250607,0.7000000000000001,2,0.4,6.768023467040795e-06,0.00025691581548380204,90,32,COMPLETE,0.0,,,,,,,,,,,,,,,,,,,,
32,32,0.6303671774852544,2023-08-24 14:13:52.746500,2023-08-24 14:13:54.075775,0 days 00:00:01.329275,0.7000000000000001,2,0.4,9.402773043339935e-06,0.00020061106341666613,90,35,COMPLETE,0.0,,,,,,,,,,,,,,,,,,,,
33,33,0.6388945114830673,2023-08-24 14:13:52.916259,2023-08-24 14:13:54.202142,0 days 00:00:01.285883,0.6000000000000001,2,0.4,1.0269724298082256e-05,0.005457426831324679,90,30,COMPLETE,0.0,,,,,,,,,,,,,,,,,,,,
34,34,0.6361564509132347,2023-08-24 14:13:52.968372,2023-08-24 14:13:54.270567,0 days 00:00:01.302195,0.6000000000000001,2,0.4,8.41583531183137e-06,0.006712937364510454,90,36,COMPLETE,0.0,,,,,,,,,,,,,,,,,,,,
35,35,0.6358659943315463,2023-08-24 14:13:53.264553,2023-08-24 14:13:54.738946,0 days 00:00:01.474393,0.6000000000000001,2,0.4,9.843749508112916e-06,0.0002617659545060134,90,29,COMPLETE,0.0,,,,,,,,,,,,,,,,,,,,
36,36,0.6223794385921171,2023-08-24 14:13:53.600120,2023-08-24 14:13:54.988111,0 days 00:00:01.387991,0.6000000000000001,2,0.4,1.036418388899016e-05,0.009722019205094792,90,98,COMPLETE,0.0,,,,,,,,,,,,,,,,,,,,
37,37,0.6430868042291731,2023-08-24 14:13:53.779712,2023-08-24 14:13:55.568072,0 days 00:00:01.788360,0.6000000000000001,2,0.6000000000000001,9.917628623750295e-06,0.006831796235798358,90,101,COMPLETE,0.0,,,,,,,,,,,,,,,,,,,,
38,38,0.6433277978574452,2023-08-24 14:13:53.855154,2023-08-24 14:13:55.089869,0 days 00:00:01.234715,0.6000000000000001,2,0.4,9.958889578133736e-06,0.003962677436797982,90,28,COMPLETE,0.0,,,,,,,,,,,,,,,,,,,,
39,39,0.6616204082111528,2023-08-24 14:13:53.925134,2023-08-24 14:13:54.401330,0 days 00:00:00.476196,0.6000000000000001,2,0.4,9.069066474636397e-06,0.0029757902149107514,70,3,COMPLETE,0.0,,,,,,,,,,,,,,,,,,,,
40,40,0.6544037482542686,2023-08-24 14:13:54.116208,2023-08-24 14:13:54.515036,0 days 00:00:00.398828,0.6000000000000001,2,0.6000000000000001,1.3906788685833664e-05,0.011302888309012462,70,2,COMPLETE,0.0,,,,,,,,,,,,,,,,,,,,
41,41,0.6444496043033223,2023-08-24 14:13:54.247526,2023-08-24 14:13:56.193305,0 days 00:00:01.945779,0.6000000000000001,2,0.6000000000000001,1.209101399615905e-07,0.0026197862003614573,70,94,COMPLETE,0.0,,,,,,,,,,,,,,,,,,,,
42,42,0.6426282051282051,2023-08-24 14:13:54.316396,2023-08-24 14:13:55.640761,0 days 00:00:01.324365,0.5,2,0.6000000000000001,9.932179303576598e-08,0.0017222565982129617,70,95,COMPLETE,0.0,,,,,,,,,,,,,,,,,,,,
43,43,0.6426282051282051,2023-08-24 14:13:54.444214,2023-08-24 14:13:56.293637,0 days 00:00:01.849423,0.5,2,0.6000000000000001,1.649866133326924e-07,0.002351338783296932,70,89,COMPLETE,0.0,,,,,,,,,,,,,,,,,,,,
44,44,0.6313802063155067,2023-08-24 14:13:54.557811,2023-08-24 14:13:56.067506,0 days 00:00:01.509695,0.5,2,0.7000000000000001,1.8529324395685596e-07,0.002596803359392044,70,108,COMPLETE,0.0,,,,,,,,,,,,,,,,,,,,
45,45,0.6313802063155067,2023-08-24 14:13:54.785210,2023-08-24 14:13:56.420236,0 days 00:00:01.635026,0.5,2,0.7000000000000001,1.2486859178183743e-07,0.002368273125907467,70,112,COMPLETE,0.0,,,,,,,,,,,,,,,,,,,,
46,46,0.6475073222892034,2023-08-24 14:13:55.031981,2023-08-24 14:13:55.787285,0 days 00:00:00.755304,0.5,2,0.7000000000000001,1.6500501615810126e-07,0.0017122441505385692,70,19,COMPLETE,0.0,,,,,,,,,,,,,,,,,,,,
47,47,0.6313802063155067,2023-08-24 14:13:55.133015,2023-08-24 14:13:56.531819,0 days 00:00:01.398804,0.5,2,0.7000000000000001,1.4100198172352648e-07,0.0016168811415245708,70,187,COMPLETE,0.0,,,,,,,,,,,,,,,,,,,,
48,48,0.6585792622912403,2023-08-24 14:13:55.617404,2023-08-24 14:13:56.664494,0 days 00:00:01.047090,0.5,2,0.7000000000000001,1.77789258013504e-07,0.0018553171061931753,70,17,COMPLETE,0.0,,,,,,,,,,,,,,,,,,,,
49,49,0.6627937477819439,2023-08-24 14:13:55.686883,2023-08-24 14:13:56.115674,0 days 00:00:00.428791,0.5,2,0.7000000000000001,2.1666635127237267e-06,0.0011961004843806294,70,2,COMPLETE,0.0,,,,,,,,,,,,,,,,,,,,
50,50,0.6603062846048289,2023-08-24 14:13:55.829863,2023-08-24 14:13:55.999712,0 days 00:00:00.169849,0.5,2,0.6000000000000001,2.492568891791786e-06,0.0012108754355841902,70,2,COMPLETE,0.0,,,,,,,,,,,,,,,,,,,,
51,51,0.6510942516449598,2023-08-24 14:13:56.045148,2023-08-24 14:13:57.007248,0 days 00:00:00.962100,0.4,2,0.8,2.5672692245675876e-06,0.0012440946979848687,70,14,COMPLETE,0.0,,,,,,,,,,,,,,,,,,,,
52,52,0.6324473090011463,2023-08-24 14:13:56.163300,2023-08-24 14:13:58.189421,0 days 00:00:02.026121,0.4,1,0.8,0.00020726727586771576,0.001783821692371597,50,172,COMPLETE,0.0,,,,,,,,,,,,,,,,,,,,
53,53,0.6278672131631544,2023-08-24 14:13:56.167749,2023-08-24 14:13:58.263485,0 days 00:00:02.095736,0.5,1,0.7000000000000001,2.729598217735709e-06,0.0012703200035024135,50,167,COMPLETE,0.0,,,,,,,,,,,,,,,,,,,,
54,54,0.6324473090011463,2023-08-24 14:13:56.241457,2023-08-24 14:13:58.112033,0 days 00:00:01.870576,0.4,1,0.8,2.4921951682644067e-06,0.0009609013186165403,50,169,COMPLETE,0.0,,,,,,,,,,,,,,,,,,,,
55,55,0.6324473090011463,2023-08-24 14:13:56.344375,2023-08-24 14:13:58.350610,0 days 00:00:02.006235,0.4,1,0.8,2.6029181204901976e-06,0.0009631439107634718,50,180,COMPLETE,0.0,,,,,,,,,,,,,,,,,,,,
56,56,0.6361564509132347,2023-08-24 14:13:56.478182,2023-08-24 14:13:57.301413,0 days 00:00:00.823231,0.4,1,0.8,2.002367330164416e-06,0.02128340260010381,50,17,COMPLETE,0.0,,,,,,,,,,,,,,,,,,,,
57,57,0.642073107590349,2023-08-24 14:13:56.576722,2023-08-24 14:13:57.579105,0 days 00:00:01.002383,0.4,1,0.8,2.257720826022479e-06,0.023305584276678608,60,17,COMPLETE,0.0,,,,,,,,,,,,,,,,,,,,
58,58,0.6269159798253168,2023-08-24 14:13:56.708668,2023-08-24 14:13:57.375596,0 days 00:00:00.666928,0.4,1,0.8,2.2618942564239224e-06,0.0010211128658152826,50,18,COMPLETE,0.0,,,,,,,,,,,,,,,,,,,,
59,59,0.6362795819568243,2023-08-24 14:13:57.051203,2023-08-24 14:13:57.943938,0 days 00:00:00.892735,0.4,1,0.8,2.0871696880344926e-08,0.021445811661240537,60,20,COMPLETE,0.0,,,,,,,,,,,,,,,,,,,,
60,60,0.64565139526554,2023-08-24 14:13:57.341516,2023-08-24 14:13:57.897046,0 days 00:00:00.555530,0.4,2,0.8,3.6226360357508814e-06,0.0008925893829074094,60,7,COMPLETE,0.0,,,,,,,,,,,,,,,,,,,,
61,61,0.6299369399269832,2023-08-24 14:13:57.418347,2023-08-24 14:13:58.922224,0 days 00:00:01.503877,0.5,2,0.7000000000000001,3.7582548199702358e-06,0.024703890103160982,60,53,COMPLETE,0.0,,,,,,,,,,,,,,,,,,,,
62,62,0.6479749926736349,2023-08-24 14:13:57.620656,2023-08-24 14:13:57.823768,0 days 00:00:00.203112,0.5,2,0.7000000000000001,4.033032636182614e-06,0.0008531425324164174,40,3,COMPLETE,0.0,,,,,,,,,,,,,,,,,,,,
63,63,0.6237379307675935,2023-08-24 14:13:57.866067,2023-08-24 14:13:59.771816,0 days 00:00:01.905749,1.0,2,0.7000000000000001,9.673141995744655e-05,9.971820406568381e-05,60,54,COMPLETE,0.0,,,,,,,,,,,,,,,,,,,,
64,64,0.6346977927925019,2023-08-24 14:13:57.944787,2023-08-24 14:14:00.074540,0 days 00:00:02.129753,1.0,2,0.9,2.7894954820990723e-05,9.996869516892823e-05,100,58,COMPLETE,0.0,,,,,,,,,,,,,,,,,,,,
65,65,0.6380723468879091,2023-08-24 14:13:57.998898,2023-08-24 14:13:59.614907,0 days 00:00:01.616009,1.0,2,0.9,2.9308468528453584e-05,0.00015764530043291613,100,52,COMPLETE,0.0,,,,,,,,,,,,,,,,,,,,
66,66,0.6558279841453576,2023-08-24 14:13:58.161271,2023-08-24 14:13:59.498080,0 days 00:00:01.336809,0.5,2,0.9,0.00014351173779883207,0.00015343665082740527,100,52,COMPLETE,0.0,,,,,,,,,,,,,,,,,,,,
67,67,0.6276240458015268,2023-08-24 14:13:58.232684,2023-08-24 14:13:59.893054,0 days 00:00:01.660370,0.5,2,0.9,2.061454916118587e-05,0.00011609114017895516,60,48,COMPLETE,0.0,,,,,,,,,,,,,,,,,,,,
68,68,0.6454689984101749,2023-08-24 14:13:58.310640,2023-08-24 14:14:00.189451,0 days 00:00:01.878811,0.8,2,0.5,1.1105871914218034e-06,0.00013303515949841647,100,53,COMPLETE,0.0,,,,,,,,,,,,,,,,,,,,
69,69,0.6571297970038854,2023-08-24 14:13:58.397665,2023-08-24 14:13:59.424167,0 days 00:00:01.026502,0.5,2,0.5,2.8405568397105197e-05,9.379571310907092e-05,100,49,COMPLETE,0.0,,,,,,,,,,,,,,,,,,,,
70,70,0.6419220441108267,2023-08-24 14:13:58.967805,2023-08-24 14:13:59.828141,0 days 00:00:00.860336,1.0,2,0.5,1.0476198632533102e-06,0.00010113339140458806,100,25,COMPLETE,0.0,,,,,,,,,,,,,,,,,,,,
71,71,0.6403076090576091,2023-08-24 14:13:59.470592,2023-08-24 14:14:00.709927,0 days 00:00:01.239335,1.0,2,0.5,2.3421721143792324e-05,0.00013677372465568593,100,26,COMPLETE,0.0,,,,,,,,,,,,,,,,,,,,
72,72,0.6433277978574452,2023-08-24 14:13:59.540566,2023-08-24 14:14:00.437032,0 days 00:00:00.896466,0.5,2,0.5,3.193639193959169e-05,8.170295298363176e-05,100,10,COMPLETE,0.0,,,,,,,,,,,,,,,,,,,,
73,73,0.6501797253215318,2023-08-24 14:13:59.658112,2023-08-24 14:14:01.014210,0 days 00:00:01.356098,0.5,2,0.5,2.2274605376814196e-05,5.3476823229828654e-05,100,25,COMPLETE,0.0,,,,,,,,,,,,,,,,,,,,
74,74,0.6485791742242506,2023-08-24 14:13:59.818326,2023-08-24 14:14:01.301308,0 days 00:00:01.482982,0.5,2,0.5,1.9573093729487666e-05,6.698463515259875e-05,100,24,COMPLETE,0.0,,,,,,,,,,,,,,,,,,,,
75,75,0.6476666106116127,2023-08-24 14:13:59.871446,2023-08-24 14:14:00.872153,0 days 00:00:01.000707,0.5,2,0.5,2.098334921394671e-05,0.0004188344092203271,80,12,COMPLETE,0.0,,,,,,,,,,,,,,,,,,,,
76,76,0.6476666106116127,2023-08-24 14:13:59.941937,2023-08-24 14:14:01.062786,0 days 00:00:01.120849,0.5,2,0.5,5.846451014836715e-06,0.0003486668068845504,80,10,COMPLETE,0.0,,,,,,,,,,,,,,,,,,,,
77,77,0.6420097988116336,2023-08-24 14:14:00.118705,2023-08-24 14:14:00.957045,0 days 00:00:00.838340,0.5,2,0.5,1.3010145078930395e-06,5.6401312189650214e-05,80,11,COMPLETE,0.0,,,,,,,,,,,,,,,,,,,,
78,78,0.6433277978574452,2023-08-24 14:14:00.233103,2023-08-24 14:14:00.769212,0 days 00:00:00.536109,0.5,2,0.5,7.123510099949458e-05,0.00034168191707173966,100,10,COMPLETE,0.0,,,,,,,,,,,,,,,,,,,,
79,79,0.6476666106116127,2023-08-24 14:14:00.480878,2023-08-24 14:14:01.225673,0 days 00:00:00.744795,0.5,2,0.5,8.190703638358736e-05,0.00034745779749936317,80,10,COMPLETE,0.0,,,,,,,,,,,,,,,,,,,,
80,80,0.6373605754195768,2023-08-24 14:14:00.755386,2023-08-24 14:14:01.988634,0 days 00:00:01.233248,0.5,2,1.0,5.432496257303355e-06,0.00033143667898885587,80,9,COMPLETE,0.0,,,,,,,,,,,,,,,,,,,,
81,81,0.6597275204359674,2023-08-24 14:14:00.817265,2023-08-24 14:14:01.565724,0 days 00:00:00.748459,0.6000000000000001,2,0.6000000000000001,6.592570645906313e-06,4.086684608417064e-05,80,3,COMPLETE,0.0,,,,,,,,,,,,,,,,,,,,
82,82,0.6342282398452611,2023-08-24 14:14:00.922254,2023-08-24 14:14:02.952908,0 days 00:00:02.030654,0.6000000000000001,2,1.0,6.365232908884196e-06,0.000599593664495723,80,81,COMPLETE,0.0,,,,,,,,,,,,,,,,,,,,
83,83,0.658767576509512,2023-08-24 14:14:01.002676,2023-08-24 14:14:01.689046,0 days 00:00:00.686370,0.6000000000000001,2,1.0,0.00019688454715003368,0.0003106077791390995,80,2,COMPLETE,0.0,,,,,,,,,,,,,,,,,,,,
84,84,0.6569797452150392,2023-08-24 14:14:01.060528,2023-08-24 14:14:01.761211,0 days 00:00:00.700683,0.6000000000000001,2,0.6000000000000001,6.900507973378676e-06,0.0002093900574599071,80,2,COMPLETE,0.0,,,,,,,,,,,,,,,,,,,,
85,85,0.6569797452150392,2023-08-24 14:14:01.110301,2023-08-24 14:14:01.864856,0 days 00:00:00.754555,0.6000000000000001,2,0.6000000000000001,5.464714665402047e-06,0.00023543930206355458,80,2,COMPLETE,0.0,,,,,,,,,,,,,,,,,,,,
86,86,0.6352723255835084,2023-08-24 14:14:01.274712,2023-08-24 14:14:03.021237,0 days 00:00:01.746525,0.6000000000000001,2,1.0,3.3300900160865635e-07,0.0005968237008217859,90,129,COMPLETE,0.0,,,,,,,,,,,,,,,,,,,,
87,87,0.6374546960753857,2023-08-24 14:14:01.354926,2023-08-24 14:14:03.105759,0 days 00:00:01.750833,0.6000000000000001,2,0.6000000000000001,6.201813662432017e-06,0.00021725782104521657,90,39,COMPLETE,0.0,,,,,,,,,,,,,,,,,,,,
88,88,0.6434300451321728,2023-08-24 14:14:01.611025,2023-08-24 14:14:02.883471,0 days 00:00:01.272446,0.6000000000000001,2,0.6000000000000001,5.366969357251615e-06,0.0006247450723880692,90,46,COMPLETE,0.0,,,,,,,,,,,,,,,,,,,,
89,89,0.6597275204359674,2023-08-24 14:14:01.731094,2023-08-24 14:14:02.294458,0 days 00:00:00.563364,0.6000000000000001,2,0.6000000000000001,6.150984337724824e-06,0.00022273626828083918,80,3,COMPLETE,0.0,,,,,,,,,,,,,,,,,,,,
90,90,0.6590266908418438,2023-08-24 14:14:01.820360,2023-08-24 14:14:02.351477,0 days 00:00:00.531117,0.6000000000000001,2,1.0,3.747420193435796e-07,0.0006035879228270509,70,2,COMPLETE,0.0,,,,,,,,,,,,,,,,,,,,
91,91,0.6422195193819178,2023-08-24 14:14:01.910977,2023-08-24 14:14:03.570644,0 days 00:00:01.659667,0.6000000000000001,2,0.4,3.521218371777245e-07,0.0006306845991059183,70,33,COMPLETE,0.0,,,,,,,,,,,,,,,,,,,,
92,92,0.6374546960753857,2023-08-24 14:14:02.033914,2023-08-24 14:14:03.392153,0 days 00:00:01.358239,0.6000000000000001,2,0.4,4.4381424967568406e-05,0.0006640871946166583,70,39,COMPLETE,0.0,,,,,,,,,,,,,,,,,,,,
93,93,0.644643721976597,2023-08-24 14:14:02.339089,2023-08-24 14:14:03.873554,0 days 00:00:01.534465,0.6000000000000001,2,0.6000000000000001,1.550620698751394e-06,0.0031125921664717274,70,39,COMPLETE,0.0,,,,,,,,,,,,,,,,,,,,
94,94,0.6561139069787365,2023-08-24 14:14:02.407848,2023-08-24 14:14:03.668241,0 days 00:00:01.260393,0.6000000000000001,2,1.0,3.5593048136333143e-07,0.0006166569363962825,70,31,COMPLETE,0.0,,,,,,,,,,,,,,,,,,,,
95,95,0.6491667131803271,2023-08-24 14:14:02.935355,2023-08-24 14:14:04.749893,0 days 00:00:01.814538,0.6000000000000001,2,1.0,3.718681569222606e-07,0.003669562881483735,70,38,COMPLETE,0.0,,,,,,,,,,,,,,,,,,,,
96,96,0.6440208460491103,2023-08-24 14:14:02.999267,2023-08-24 14:14:04.590265,0 days 00:00:01.590998,0.6000000000000001,2,1.0,1.6006559288292872e-06,0.003922704794452817,70,33,COMPLETE,0.0,,,,,,,,,,,,,,,,,,,,
97,97,0.6528702730447352,2023-08-24 14:14:03.084852,2023-08-24 14:14:04.523385,0 days 00:00:01.438533,0.6000000000000001,2,1.0,1.6286785119799945e-06,0.003135466815082991,70,32,COMPLETE,0.0,,,,,,,,,,,,,,,,,,,,
98,98,0.6464908488254792,2023-08-24 14:14:03.157631,2023-08-24 14:14:03.735440,0 days 00:00:00.577809,0.6000000000000001,2,0.4,1.624543296432978e-06,3.171447481555645e-05,70,2,COMPLETE,0.0,,,,,,,,,,,,,,,,,,,,
99,99,0.6620422992085118,2023-08-24 14:14:03.438684,2023-08-24 14:14:04.427205,0 days 00:00:00.988521,0.6000000000000001,2,1.0,1.2558765058316643e-05,0.0033933697118186416,70,21,COMPLETE,0.0,,,,,,,,,,,,,,,,,,,,
100,100,0.6313378908788438,2023-08-24 14:14:03.615345,2023-08-24 14:14:04.877232,0 days 00:00:01.261887,0.7000000000000001,2,1.0,1.6738061731157039e-06,0.00309875355794649,70,21,COMPLETE,0.0,,,,,,,,,,,,,,,,,,,,
