,number,value,datetime_start,datetime_complete,duration,params_bagging_fraction,params_bagging_freq,params_feature_fraction,params_lambda_l1,params_lambda_l2,params_min_child_samples,params_num_leaves,state,best_trial,dev_acc,dev_recall_macro,dev_precision_macro,dev_f1_macro,dev_recall_0,dev_precision_0,dev_f1_0,dev_recall_1,dev_precision_1,dev_f1_1,test_acc,test_recall_macro,test_precision_macro,test_f1_macro,test_recall_0,test_precision_0,test_f1_0,test_recall_1,test_precision_1,test_f1_1
102,102,0.8003072196620584,2023-08-23 22:48:49.171608,2023-08-23 22:48:49.807567,0 days 00:00:00.635959,0.9,1,0.6000000000000001,6.601210051173461e-08,0.5838167430069449,80,131,COMPLETE,0.0,,,,,,,,,,,,,,,,,,,,
103,103,0.8095421686746989,2023-08-23 22:48:49.275154,2023-08-23 22:48:50.129506,0 days 00:00:00.854352,0.9,1,0.6000000000000001,6.477600405239812e-08,3.519912859830518e-07,100,218,COMPLETE,0.0,,,,,,,,,,,,,,,,,,,,
104,104,0.8122922010069346,2023-08-23 22:48:49.317254,2023-08-23 22:48:50.179106,0 days 00:00:00.861852,1.0,1,0.6000000000000001,6.293604325343263e-08,3.2597559366990344e-07,100,219,COMPLETE,0.0,,,,,,,,,,,,,,,,,,,,
105,105,0.8215783454060236,2023-08-23 22:48:49.388437,2023-08-23 22:48:50.255718,0 days 00:00:00.867281,1.0,1,0.6000000000000001,6.409456336723711e-08,5.0784699095282956e-08,90,220,COMPLETE,0.0,,,,,,,,,,,,,,,,,,,,
106,106,0.8215783454060236,2023-08-23 22:48:49.440402,2023-08-23 22:48:50.086855,0 days 00:00:00.646453,1.0,1,0.6000000000000001,6.116845865556098e-08,3.9088046438376575e-07,90,220,COMPLETE,0.0,,,,,,,,,,,,,,,,,,,,
107,107,0.8122922010069346,2023-08-23 22:48:49.500022,2023-08-23 22:48:50.390956,0 days 00:00:00.890934,1.0,1,0.6000000000000001,5.5659325876194376e-08,5.620509156736236e-08,80,221,COMPLETE,0.0,,,,,,,,,,,,,,,,,,,,
108,108,0.8122922010069346,2023-08-23 22:48:49.588047,2023-08-23 22:48:50.299172,0 days 00:00:00.711125,1.0,1,0.8,3.349194844068714e-07,2.6854699354365963e-07,80,144,COMPLETE,0.0,,,,,,,,,,,,,,,,,,,,
109,109,0.8122922010069346,2023-08-23 22:48:49.721162,2023-08-23 22:48:50.436830,0 days 00:00:00.715668,1.0,1,0.8,3.8395175662837945e-07,2.651266269467299e-07,80,144,COMPLETE,0.0,,,,,,,,,,,,,,,,,,,,
110,110,0.8122922010069346,2023-08-23 22:48:49.854140,2023-08-23 22:48:50.494577,0 days 00:00:00.640437,1.0,1,0.8,4.1165670316329395e-07,5.48215088668149e-08,80,155,COMPLETE,0.0,,,,,,,,,,,,,,,,,,,,
111,111,0.8320509166904151,2023-08-23 22:48:50.130388,2023-08-23 22:48:51.096201,0 days 00:00:00.965813,1.0,1,0.8,1.96358128064516e-08,2.405190740428885e-07,90,158,COMPLETE,0.0,,,,,,,,,,,,,,,,,,,,
112,112,0.8320509166904151,2023-08-23 22:48:50.178228,2023-08-23 22:48:51.202729,0 days 00:00:01.024501,1.0,1,0.8,2.2305494710685702e-08,5.4203929039281895e-08,90,221,COMPLETE,0.0,,,,,,,,,,,,,,,,,,,,
113,113,0.8320509166904151,2023-08-23 22:48:50.218989,2023-08-23 22:48:51.095420,0 days 00:00:00.876431,1.0,1,0.8,2.1126148218746968e-08,5.820950522587945e-08,90,157,COMPLETE,0.0,,,,,,,,,,,,,,,,,,,,
114,114,0.8215783454060236,2023-08-23 22:48:50.347215,2023-08-23 22:48:51.054880,0 days 00:00:00.707665,1.0,1,0.6000000000000001,2.2824925970140865e-08,1.2944732079052627e-05,90,126,COMPLETE,0.0,,,,,,,,,,,,,,,,,,,,
115,115,0.8215783454060236,2023-08-23 22:48:50.353020,2023-08-23 22:48:50.969341,0 days 00:00:00.616321,1.0,1,0.6000000000000001,2.360355346297529e-08,2.1122038128513245e-07,90,242,COMPLETE,0.0,,,,,,,,,,,,,,,,,,,,
116,116,0.8215783454060236,2023-08-23 22:48:50.479471,2023-08-23 22:48:51.323894,0 days 00:00:00.844423,1.0,1,0.6000000000000001,2.4798943656988073e-08,5.555967927774071e-08,90,241,COMPLETE,0.0,,,,,,,,,,,,,,,,,,,,
117,117,0.8320509166904151,2023-08-23 22:48:50.545405,2023-08-23 22:48:51.203298,0 days 00:00:00.657893,1.0,1,0.8,1.949911873521712e-08,2.2455341198321652e-08,90,197,COMPLETE,0.0,,,,,,,,,,,,,,,,,,,,
118,118,0.8320509166904151,2023-08-23 22:48:50.552814,2023-08-23 22:48:51.369274,0 days 00:00:00.816460,1.0,1,0.8,2.0802976835231876e-08,2.6137229549660324e-08,90,243,COMPLETE,0.0,,,,,,,,,,,,,,,,,,,,
119,119,0.8215783454060236,2023-08-23 22:48:51.012314,2023-08-23 22:48:51.973185,0 days 00:00:00.960871,1.0,1,0.6000000000000001,2.606139001117047e-08,6.870637935764868e-07,90,232,COMPLETE,0.0,,,,,,,,,,,,,,,,,,,,
120,120,0.8215783454060236,2023-08-23 22:48:51.134531,2023-08-23 22:48:52.148660,0 days 00:00:01.014129,1.0,1,0.6000000000000001,2.1698224687923597e-08,4.76427151789222e-06,90,126,COMPLETE,0.0,,,,,,,,,,,,,,,,,,,,
121,121,0.8215783454060236,2023-08-23 22:48:51.182520,2023-08-23 22:48:52.072850,0 days 00:00:00.890330,1.0,1,0.6000000000000001,1.88803968366664e-08,1.9561718471546817e-07,90,241,COMPLETE,0.0,,,,,,,,,,,,,,,,,,,,
122,122,0.8215783454060236,2023-08-23 22:48:51.184030,2023-08-23 22:48:52.215696,0 days 00:00:01.031666,1.0,1,0.6000000000000001,2.3241165710053263e-08,1.2619451662831534e-05,90,167,COMPLETE,0.0,,,,,,,,,,,,,,,,,,,,
123,123,0.8202764976958525,2023-08-23 22:48:51.285448,2023-08-23 22:48:52.028820,0 days 00:00:00.743372,1.0,1,0.5,1.1889624913066006e-08,1.4488691341922178e-08,90,157,COMPLETE,0.0,,,,,,,,,,,,,,,,,,,,
124,124,0.8202764976958525,2023-08-23 22:48:51.287502,2023-08-23 22:48:52.263896,0 days 00:00:00.976394,1.0,1,0.5,1.0412815371000584e-08,7.472881931556241e-07,90,167,COMPLETE,0.0,,,,,,,,,,,,,,,,,,,,
125,125,0.8320509166904151,2023-08-23 22:48:51.370893,2023-08-23 22:48:52.324004,0 days 00:00:00.953111,1.0,1,0.8,1.3872402427259985e-08,1.6564979154725827e-08,90,166,COMPLETE,0.0,,,,,,,,,,,,,,,,,,,,
126,126,0.8320509166904151,2023-08-23 22:48:51.417146,2023-08-23 22:48:52.395007,0 days 00:00:00.977861,1.0,1,0.8,1.0799571398437356e-08,1.8042368351229327e-08,90,164,COMPLETE,0.0,,,,,,,,,,,,,,,,,,,,
127,127,0.8320509166904151,2023-08-23 22:48:52.017188,2023-08-23 22:48:52.911809,0 days 00:00:00.894621,1.0,1,0.8,1.0065560529893976e-08,1.6550613093244725e-08,90,158,COMPLETE,0.0,,,,,,,,,,,,,,,,,,,,
128,128,0.8320509166904151,2023-08-23 22:48:52.113772,2023-08-23 22:48:53.069712,0 days 00:00:00.955940,1.0,1,0.8,1.0256836630931302e-08,2.5304851100707393e-08,90,252,COMPLETE,0.0,,,,,,,,,,,,,,,,,,,,
129,129,0.8320509166904151,2023-08-23 22:48:52.116493,2023-08-23 22:48:53.241025,0 days 00:00:01.124532,1.0,1,0.8,1.0308520401629914e-08,2.405093941096808e-08,90,232,COMPLETE,0.0,,,,,,,,,,,,,,,,,,,,
130,130,0.8308943089430895,2023-08-23 22:48:52.191428,2023-08-23 22:48:52.869498,0 days 00:00:00.678070,1.0,1,0.8,1.1463801144942222e-08,2.375213832633251e-08,100,256,COMPLETE,0.0,,,,,,,,,,,,,,,,,,,,
131,131,0.8308943089430895,2023-08-23 22:48:52.260724,2023-08-23 22:48:52.965468,0 days 00:00:00.704744,1.0,1,0.8,1.0623138407157153e-08,2.5584420557548417e-08,100,250,COMPLETE,0.0,,,,,,,,,,,,,,,,,,,,
132,132,0.8308943089430895,2023-08-23 22:48:52.316329,2023-08-23 22:48:53.125384,0 days 00:00:00.809055,1.0,1,0.8,4.098988782723016e-08,1.8632433566657974e-08,100,256,COMPLETE,0.0,,,,,,,,,,,,,,,,,,,,
133,133,0.8320509166904151,2023-08-23 22:48:52.373804,2023-08-23 22:48:53.188555,0 days 00:00:00.814751,1.0,3,0.8,1.3986683468871749e-08,2.559014520360656e-08,90,254,COMPLETE,0.0,,,,,,,,,,,,,,,,,,,,
134,134,0.8308943089430895,2023-08-23 22:48:52.458452,2023-08-23 22:48:53.286720,0 days 00:00:00.828268,1.0,1,0.8,1.585646898675271e-08,2.5703775969653875e-08,100,157,COMPLETE,0.0,,,,,,,,,,,,,,,,,,,,
135,135,0.8308943089430895,2023-08-23 22:48:52.953724,2023-08-23 22:48:53.851259,0 days 00:00:00.897535,1.0,3,0.8,1.3545047519192463e-08,2.616270552841866e-08,100,162,COMPLETE,0.0,,,,,,,,,,,,,,,,,,,,
136,136,0.8308943089430895,2023-08-23 22:48:52.961594,2023-08-23 22:48:53.779995,0 days 00:00:00.818401,1.0,3,0.8,1.4040079045102262e-08,1.586703897707355e-08,100,157,COMPLETE,0.0,,,,,,,,,,,,,,,,,,,,
137,137,0.8308943089430895,2023-08-23 22:48:53.010946,2023-08-23 22:48:53.901892,0 days 00:00:00.890946,1.0,1,0.8,1.0221493256455399e-08,2.427021462084437e-08,100,158,COMPLETE,0.0,,,,,,,,,,,,,,,,,,,,
138,138,0.8308943089430895,2023-08-23 22:48:53.113136,2023-08-23 22:48:53.727451,0 days 00:00:00.614315,1.0,1,0.8,1.0049596392891947e-08,2.4127150455136316e-08,100,255,COMPLETE,0.0,,,,,,,,,,,,,,,,,,,,
139,139,0.8308943089430895,2023-08-23 22:48:53.176034,2023-08-23 22:48:53.979155,0 days 00:00:00.803121,1.0,1,0.8,1.0449259250947998e-08,2.550533007501274e-08,100,251,COMPLETE,0.0,,,,,,,,,,,,,,,,,,,,
140,140,0.8308943089430895,2023-08-23 22:48:53.230641,2023-08-23 22:48:54.137049,0 days 00:00:00.906408,1.0,3,0.8,1.0206890158232547e-08,2.5775800429796728e-08,100,250,COMPLETE,0.0,,,,,,,,,,,,,,,,,,,,
141,141,0.8308943089430895,2023-08-23 22:48:53.333031,2023-08-23 22:48:54.081866,0 days 00:00:00.748835,1.0,3,0.8,1.0148550581767986e-08,1.1930522421801512e-08,100,161,COMPLETE,0.0,,,,,,,,,,,,,,,,,,,,
142,142,0.8308943089430895,2023-08-23 22:48:53.337492,2023-08-23 22:48:54.034809,0 days 00:00:00.697317,1.0,3,0.8,1.450974674898888e-08,1.0826345409725877e-08,100,162,COMPLETE,0.0,,,,,,,,,,,,,,,,,,,,
143,143,0.8320509166904151,2023-08-23 22:48:53.769021,2023-08-23 22:48:54.644900,0 days 00:00:00.875879,1.0,3,0.8,1.4700583718701445e-08,1.011821181857456e-08,90,148,COMPLETE,0.0,,,,,,,,,,,,,,,,,,,,
144,144,0.8320509166904151,2023-08-23 22:48:53.821935,2023-08-23 22:48:54.690756,0 days 00:00:00.868821,1.0,3,0.8,1.3447948993491453e-08,1.1035949187219628e-08,90,161,COMPLETE,0.0,,,,,,,,,,,,,,,,,,,,
145,145,0.8320509166904151,2023-08-23 22:48:53.893519,2023-08-23 22:48:54.766122,0 days 00:00:00.872603,1.0,3,0.8,1.4667854700369185e-08,1.00465830792449e-08,90,149,COMPLETE,0.0,,,,,,,,,,,,,,,,,,,,
146,146,0.8320509166904151,2023-08-23 22:48:53.945268,2023-08-23 22:48:54.957446,0 days 00:00:01.012178,1.0,1,0.8,1.7838187935191783e-08,1.0108186064556323e-08,90,149,COMPLETE,0.0,,,,,,,,,,,,,,,,,,,,
147,147,0.8320509166904151,2023-08-23 22:48:54.022430,2023-08-23 22:48:54.996894,0 days 00:00:00.974464,1.0,3,0.8,1.682393337018183e-08,1.1853675763941825e-08,90,147,COMPLETE,0.0,,,,,,,,,,,,,,,,,,,,
148,148,0.8320509166904151,2023-08-23 22:48:54.079337,2023-08-23 22:48:54.864534,0 days 00:00:00.785197,1.0,3,0.8,1.638974628312792e-08,3.713860157597528e-08,90,139,COMPLETE,0.0,,,,,,,,,,,,,,,,,,,,
149,149,0.8320509166904151,2023-08-23 22:48:54.129427,2023-08-23 22:48:54.820665,0 days 00:00:00.691238,1.0,3,0.8,1.7314752822298272e-08,3.4308094674833666e-08,90,150,COMPLETE,0.0,,,,,,,,,,,,,,,,,,,,
150,150,0.8320509166904151,2023-08-23 22:48:54.192205,2023-08-23 22:48:55.054651,0 days 00:00:00.862446,1.0,1,0.8,1.7437183830048505e-08,3.819898384288024e-08,90,148,COMPLETE,0.0,,,,,,,,,,,,,,,,,,,,
151,151,0.8320509166904151,2023-08-23 22:48:54.688289,2023-08-23 22:48:55.704693,0 days 00:00:01.016404,1.0,3,0.8,1.821101871516635e-08,3.771833754308513e-08,90,150,COMPLETE,0.0,,,,,,,,,,,,,,,,,,,,
152,152,0.8320509166904151,2023-08-23 22:48:54.736105,2023-08-23 22:48:55.519000,0 days 00:00:00.782895,1.0,3,0.8,2.7079139235291262e-08,1.523321187519812e-08,90,151,COMPLETE,0.0,,,,,,,,,,,,,,,,,,,,
153,153,0.8320509166904151,2023-08-23 22:48:54.812233,2023-08-23 22:48:55.580253,0 days 00:00:00.768020,1.0,3,0.8,3.046231254096184e-08,1.4070853990870142e-08,90,171,COMPLETE,0.0,,,,,,,,,,,,,,,,,,,,
154,154,0.8320509166904151,2023-08-23 22:48:54.911700,2023-08-23 22:48:55.823906,0 days 00:00:00.912206,1.0,3,0.8,3.252382708080512e-08,1.4904408511083765e-08,90,170,COMPLETE,0.0,,,,,,,,,,,,,,,,,,,,
155,155,0.8320509166904151,2023-08-23 22:48:54.918636,2023-08-23 22:48:55.644876,0 days 00:00:00.726240,1.0,3,0.8,3.401671520931815e-08,1.418529757131907e-08,90,169,COMPLETE,0.0,,,,,,,,,,,,,,,,,,,,
156,156,0.8320509166904151,2023-08-23 22:48:55.038408,2023-08-23 22:48:55.777068,0 days 00:00:00.738660,1.0,3,0.8,3.296326852499747e-08,1.6640220141419667e-08,90,172,COMPLETE,0.0,,,,,,,,,,,,,,,,,,,,
157,157,0.8320509166904151,2023-08-23 22:48:55.045258,2023-08-23 22:48:55.779323,0 days 00:00:00.734065,1.0,3,0.8,3.358946819564423e-08,1.7583262303308552e-08,90,168,COMPLETE,0.0,,,,,,,,,,,,,,,,,,,,
158,158,0.8320509166904151,2023-08-23 22:48:55.101120,2023-08-23 22:48:55.823342,0 days 00:00:00.722222,1.0,3,0.8,2.5208069613462714e-08,1.6542565441814134e-08,90,171,COMPLETE,0.0,,,,,,,,,,,,,,,,,,,,
159,159,0.8320509166904151,2023-08-23 22:48:55.561781,2023-08-23 22:48:56.657660,0 days 00:00:01.095879,1.0,3,0.8,3.425845157167464e-08,1.5736842200596847e-08,90,170,COMPLETE,0.0,,,,,,,,,,,,,,,,,,,,
160,160,0.8320509166904151,2023-08-23 22:48:55.628174,2023-08-23 22:48:56.951129,0 days 00:00:01.322955,1.0,3,0.8,3.233069511502036e-08,1.8547841458188617e-08,90,135,COMPLETE,0.0,,,,,,,,,,,,,,,,,,,,
161,161,0.8320509166904151,2023-08-23 22:48:55.688952,2023-08-23 22:48:56.806851,0 days 00:00:01.117899,1.0,3,0.8,4.0223032380093646e-08,1.8767087616751142e-08,90,165,COMPLETE,0.0,,,,,,,,,,,,,,,,,,,,
162,162,0.8320509166904151,2023-08-23 22:48:55.752260,2023-08-23 22:48:57.130738,0 days 00:00:01.378478,1.0,3,0.8,4.035337339289566e-08,1.756562131652024e-08,90,33,COMPLETE,0.0,,,,,,,,,,,,,,,,,,,,
163,163,0.8215783454060236,2023-08-23 22:48:55.824578,2023-08-23 22:48:57.045069,0 days 00:00:01.220491,1.0,3,0.7000000000000001,4.632877594175229e-08,7.50715247027447e-08,90,137,COMPLETE,0.0,,,,,,,,,,,,,,,,,,,,
164,164,0.8215783454060236,2023-08-23 22:48:55.913547,2023-08-23 22:48:56.897252,0 days 00:00:00.983705,1.0,3,0.7000000000000001,2.2927232634405392e-08,7.685109375071277e-08,90,141,COMPLETE,0.0,,,,,,,,,,,,,,,,,,,,
165,165,0.8215783454060236,2023-08-23 22:48:55.939794,2023-08-23 22:48:56.747828,0 days 00:00:00.808034,1.0,3,0.7000000000000001,2.1466874744085247e-08,7.44117320266877e-08,90,136,COMPLETE,0.0,,,,,,,,,,,,,,,,,,,,
166,166,0.8215783454060236,2023-08-23 22:48:56.026099,2023-08-23 22:48:56.805617,0 days 00:00:00.779518,1.0,3,0.7000000000000001,3.921958855879931e-08,1.0236906369378554e-08,90,134,COMPLETE,0.0,,,,,,,,,,,,,,,,,,,,
167,167,0.7493975903614458,2023-08-23 22:48:56.697749,2023-08-23 22:48:58.033903,0 days 00:00:01.336154,1.0,3,0.7000000000000001,2.2330170509056773e-08,7.653787302373804e-08,30,139,COMPLETE,0.0,,,,,,,,,,,,,,,,,,,,
168,168,0.8320509166904151,2023-08-23 22:48:56.795800,2023-08-23 22:48:57.739828,0 days 00:00:00.944028,1.0,3,0.8,4.45171354970865e-08,4.5678288901589055e-08,90,141,COMPLETE,0.0,,,,,,,,,,,,,,,,,,,,
169,169,0.8320509166904151,2023-08-23 22:48:56.937874,2023-08-23 22:48:57.644594,0 days 00:00:00.706720,1.0,1,0.8,1.5255435918207693e-08,1.0861927229350673e-08,90,22,COMPLETE,0.0,,,,,,,,,,,,,,,,,,,,
170,170,0.8320509166904151,2023-08-23 22:48:56.939945,2023-08-23 22:48:57.799177,0 days 00:00:00.859232,1.0,1,0.8,1.8279774518624456e-08,1.0541114342829013e-08,90,152,COMPLETE,0.0,,,,,,,,,,,,,,,,,,,,
171,171,0.8320509166904151,2023-08-23 22:48:56.949248,2023-08-23 22:48:57.945486,0 days 00:00:00.996238,1.0,1,0.8,1.5872589684023e-08,4.5143858726567873e-08,90,152,COMPLETE,0.0,,,,,,,,,,,,,,,,,,,,
172,172,0.8320509166904151,2023-08-23 22:48:56.999108,2023-08-23 22:48:57.944783,0 days 00:00:00.945675,1.0,1,0.8,1.519863278000516e-08,1.0165665138347384e-08,90,144,COMPLETE,0.0,,,,,,,,,,,,,,,,,,,,
173,173,0.8320509166904151,2023-08-23 22:48:57.089167,2023-08-23 22:48:57.852894,0 days 00:00:00.763727,1.0,1,0.8,1.6040857429994398e-08,1.0506025792374348e-08,90,151,COMPLETE,0.0,,,,,,,,,,,,,,,,,,,,
174,174,0.801753717117804,2023-08-23 22:48:57.183286,2023-08-23 22:48:58.258966,0 days 00:00:01.075680,1.0,1,0.8,1.511450414033714e-08,1.0484338220972539e-08,30,117,COMPLETE,0.0,,,,,,,,,,,,,,,,,,,,
175,175,0.8320509166904151,2023-08-23 22:48:57.687792,2023-08-23 22:48:58.444467,0 days 00:00:00.756675,1.0,1,0.8,1.538730442470393e-08,1.1059625429733825e-08,90,155,COMPLETE,0.0,,,,,,,,,,,,,,,,,,,,
176,176,0.8320509166904151,2023-08-23 22:48:57.787119,2023-08-23 22:48:58.757738,0 days 00:00:00.970619,1.0,1,0.8,1.8395414121966488e-08,3.364351324915202e-08,90,153,COMPLETE,0.0,,,,,,,,,,,,,,,,,,,,
177,177,0.8320509166904151,2023-08-23 22:48:57.842541,2023-08-23 22:48:58.809894,0 days 00:00:00.967353,1.0,1,0.8,1.428262073796957e-08,3.4509763752118806e-08,90,118,COMPLETE,0.0,,,,,,,,,,,,,,,,,,,,
178,178,0.801753717117804,2023-08-23 22:48:57.902616,2023-08-23 22:48:59.239169,0 days 00:00:01.336553,1.0,1,0.8,1.4150962339154745e-08,3.4640614394611205e-08,30,160,COMPLETE,0.0,,,,,,,,,,,,,,,,,,,,
179,179,0.8320509166904151,2023-08-23 22:48:58.028336,2023-08-23 22:48:58.677880,0 days 00:00:00.649544,1.0,1,0.8,2.223911900930884e-08,3.213463232924455e-08,90,145,COMPLETE,0.0,,,,,,,,,,,,,,,,,,,,
180,180,0.8320509166904151,2023-08-23 22:48:58.073091,2023-08-23 22:48:58.863968,0 days 00:00:00.790877,1.0,1,0.8,1.343542481305631e-08,3.093552853982408e-08,90,121,COMPLETE,0.0,,,,,,,,,,,,,,,,,,,,
181,181,0.8320509166904151,2023-08-23 22:48:58.085357,2023-08-23 22:48:58.940694,0 days 00:00:00.855337,1.0,1,0.8,1.3289161230538098e-08,3.2300079194215146e-08,90,145,COMPLETE,0.0,,,,,,,,,,,,,,,,,,,,
182,182,0.8320509166904151,2023-08-23 22:48:58.304844,2023-08-23 22:48:58.992974,0 days 00:00:00.688130,1.0,1,0.8,9.797615917828802e-07,3.266869906602372e-08,90,146,COMPLETE,0.0,,,,,,,,,,,,,,,,,,,,
183,183,0.8320509166904151,2023-08-23 22:48:58.487263,2023-08-23 22:48:59.121536,0 days 00:00:00.634273,1.0,1,0.8,1.0519079653022335e-08,2.8601825711596238e-08,90,245,COMPLETE,0.0,,,,,,,,,,,,,,,,,,,,
184,184,0.8320509166904151,2023-08-23 22:48:58.726419,2023-08-23 22:48:59.722754,0 days 00:00:00.996335,1.0,1,0.8,1.7225893219506765e-06,2.2745125134386558e-08,90,245,COMPLETE,0.0,,,,,,,,,,,,,,,,,,,,
185,185,0.8320509166904151,2023-08-23 22:48:58.804304,2023-08-23 22:49:00.011815,0 days 00:00:01.207511,1.0,3,0.8,1.0096949911279574e-08,2.214973288539027e-08,90,246,COMPLETE,0.0,,,,,,,,,,,,,,,,,,,,
186,186,0.8320509166904151,2023-08-23 22:48:58.858548,2023-08-23 22:48:59.765065,0 days 00:00:00.906517,1.0,3,0.8,1.0027986442354749e-08,2.1091826682699406e-08,90,247,COMPLETE,0.0,,,,,,,,,,,,,,,,,,,,
187,187,0.8320509166904151,2023-08-23 22:48:58.914729,2023-08-23 22:48:59.889204,0 days 00:00:00.974475,1.0,3,0.8,1.1492301004612483e-06,2.189777889487e-08,90,238,COMPLETE,0.0,,,,,,,,,,,,,,,,,,,,
188,188,0.8320509166904151,2023-08-23 22:48:58.991892,2023-08-23 22:48:59.629664,0 days 00:00:00.637772,1.0,3,0.8,1.0414770930774149e-08,2.287788812129624e-08,90,245,COMPLETE,0.0,,,,,,,,,,,,,,,,,,,,
189,189,0.8320509166904151,2023-08-23 22:48:59.039087,2023-08-23 22:49:00.061553,0 days 00:00:01.022466,1.0,3,0.8,2.603436506285107e-08,2.326976016667067e-08,90,246,COMPLETE,0.0,,,,,,,,,,,,,,,,,,,,
190,190,0.8320509166904151,2023-08-23 22:48:59.165182,2023-08-23 22:48:59.932677,0 days 00:00:00.767495,1.0,3,0.8,2.4274848088542354e-08,5.7009815567542055e-08,90,162,COMPLETE,0.0,,,,,,,,,,,,,,,,,,,,
191,191,0.8320509166904151,2023-08-23 22:48:59.293824,2023-08-23 22:48:59.831554,0 days 00:00:00.537730,1.0,3,0.8,2.4760570807063796e-08,1.9880158698253093e-08,90,237,COMPLETE,0.0,,,,,,,,,,,,,,,,,,,,
192,192,0.8320509166904151,2023-08-23 22:48:59.669667,2023-08-23 22:49:00.458359,0 days 00:00:00.788692,1.0,3,0.8,6.131288501220112e-06,5.2564879505455264e-08,90,237,COMPLETE,0.0,,,,,,,,,,,,,,,,,,,,
193,193,0.8215783454060236,2023-08-23 22:48:59.808788,2023-08-23 22:49:00.707105,0 days 00:00:00.898317,0.5,3,0.8,2.467248706732512e-08,4.791250982559008e-08,90,128,COMPLETE,0.0,,,,,,,,,,,,,,,,,,,,
194,194,0.8215783454060236,2023-08-23 22:48:59.810071,2023-08-23 22:49:00.630523,0 days 00:00:00.820452,0.5,3,0.8,2.4746280287517627e-08,1.9341849869365828e-08,90,127,COMPLETE,0.0,,,,,,,,,,,,,,,,,,,,
195,195,0.8122922010069346,2023-08-23 22:48:59.887108,2023-08-23 22:49:00.873688,0 days 00:00:00.986580,1.0,3,0.8,2.8799578924614624e-06,4.9075009172658806e-08,80,127,COMPLETE,0.0,,,,,,,,,,,,,,,,,,,,
196,196,0.8122922010069346,2023-08-23 22:48:59.936198,2023-08-23 22:49:00.920023,0 days 00:00:00.983825,1.0,3,0.8,2.1650595130439212e-08,4.7288275987444115e-08,80,129,COMPLETE,0.0,,,,,,,,,,,,,,,,,,,,
197,197,0.8122922010069346,2023-08-23 22:48:59.994043,2023-08-23 22:49:00.922108,0 days 00:00:00.928065,1.0,3,0.8,4.249348718662408e-06,4.862003915177208e-08,80,130,COMPLETE,0.0,,,,,,,,,,,,,,,,,,,,
198,198,0.8320509166904151,2023-08-23 22:49:00.059130,2023-08-23 22:49:00.828430,0 days 00:00:00.769300,1.0,3,0.8,2.0632046375133522e-08,4.976597619902572e-08,90,128,COMPLETE,0.0,,,,,,,,,,,,,,,,,,,,
199,199,0.8122922010069346,2023-08-23 22:49:00.110834,2023-08-23 22:49:01.040850,0 days 00:00:00.930016,1.0,3,0.8,1.8773209966476963e-08,4.5739157410056906e-08,80,147,COMPLETE,0.0,,,,,,,,,,,,,,,,,,,,
200,200,0.8122922010069346,2023-08-23 22:49:00.502110,2023-08-23 22:49:01.139076,0 days 00:00:00.636966,1.0,3,0.8,1.875830050397438e-08,5.295528424885858e-08,80,148,COMPLETE,0.0,,,,,,,,,,,,,,,,,,,,
201,201,0.8122922010069346,2023-08-23 22:49:00.672084,2023-08-23 22:49:01.482981,0 days 00:00:00.810897,1.0,3,0.8,1.94798717213343e-08,1.3650379780437816e-08,80,148,COMPLETE,0.0,,,,,,,,,,,,,,,,,,,,
202,202,0.8122922010069346,2023-08-23 22:49:00.751312,2023-08-23 22:49:01.650286,0 days 00:00:00.898974,1.0,3,0.8,1.8075915480387743e-08,1.4058435967301874e-08,80,148,COMPLETE,0.0,,,,,,,,,,,,,,,,,,,,
203,203,0.8122922010069346,2023-08-23 22:49:00.870160,2023-08-23 22:49:01.885368,0 days 00:00:01.015208,1.0,3,0.8,1.803206407954606e-08,1.3976680597026238e-08,80,148,COMPLETE,0.0,,,,,,,,,,,,,,,,,,,,
204,204,0.8320509166904151,2023-08-23 22:49:00.917511,2023-08-23 22:49:01.932119,0 days 00:00:01.014608,1.0,3,0.8,1.7899307202802454e-08,1.3942340092815223e-08,90,159,COMPLETE,0.0,,,,,,,,,,,,,,,,,,,,
205,205,0.8320509166904151,2023-08-23 22:49:00.963349,2023-08-23 22:49:02.052738,0 days 00:00:01.089389,1.0,3,0.8,1.730000969741262e-08,1.3275346773818557e-08,90,149,COMPLETE,0.0,,,,,,,,,,,,,,,,,,,,
206,206,0.8320509166904151,2023-08-23 22:49:01.012618,2023-08-23 22:49:01.800821,0 days 00:00:00.788203,1.0,3,0.8,5.157770498818862e-08,1.4374515370454022e-08,90,149,COMPLETE,0.0,,,,,,,,,,,,,,,,,,,,
207,207,0.8320509166904151,2023-08-23 22:49:01.095696,2023-08-23 22:49:01.931320,0 days 00:00:00.835624,1.0,3,0.8,4.882654138855057e-08,1.4246696136620587e-08,90,157,COMPLETE,0.0,,,,,,,,,,,,,,,,,,,,
