,number,value,datetime_start,datetime_complete,duration,params_bagging_fraction,params_bagging_freq,params_feature_fraction,params_lambda_l1,params_lambda_l2,params_min_child_samples,params_num_leaves,state,best_trial,dev_acc,dev_recall_macro,dev_precision_macro,dev_f1_macro,dev_recall_0,dev_precision_0,dev_f1_0,dev_recall_1,dev_precision_1,dev_f1_1,test_acc,test_recall_macro,test_precision_macro,test_f1_macro,test_recall_0,test_precision_0,test_f1_0,test_recall_1,test_precision_1,test_f1_1
101,101,0.5607228502911956,2023-08-24 13:43:43.460741,2023-08-24 13:43:44.997758,0 days 00:00:01.537017,0.6000000000000001,2,0.6000000000000001,1.7163037640103504e-08,0.03016008478667828,100,230,COMPLETE,0.0,,,,,,,,,,,,,,,,,,,,
102,102,0.5765228013463702,2023-08-24 13:43:43.555075,2023-08-24 13:43:44.869618,0 days 00:00:01.314543,0.6000000000000001,2,0.6000000000000001,1.689905081880882e-08,0.3986446020961091,100,229,COMPLETE,0.0,,,,,,,,,,,,,,,,,,,,
103,103,0.5517787210882887,2023-08-24 13:43:43.723697,2023-08-24 13:43:45.187317,0 days 00:00:01.463620,0.6000000000000001,2,0.6000000000000001,2.309265883811709e-07,0.2515256178050814,100,230,COMPLETE,0.0,,,,,,,,,,,,,,,,,,,,
104,104,0.5119793395287089,2023-08-24 13:43:43.817856,2023-08-24 13:43:47.717855,0 days 00:00:03.899999,0.6000000000000001,2,0.6000000000000001,4.1378916995236875e-08,0.3793956190898888,20,229,COMPLETE,0.0,,,,,,,,,,,,,,,,,,,,
105,105,0.5503528621037302,2023-08-24 13:43:44.025380,2023-08-24 13:43:45.523536,0 days 00:00:01.498156,0.6000000000000001,2,0.6000000000000001,2.2956052030933601e-07,0.21218221944354,90,230,COMPLETE,0.0,,,,,,,,,,,,,,,,,,,,
106,106,0.5010225371582122,2023-08-24 13:43:44.257132,2023-08-24 13:43:50.123245,0 days 00:00:05.866113,0.6000000000000001,2,0.6000000000000001,2.545985037251537e-07,0.3282693075841656,10,231,COMPLETE,0.0,,,,,,,,,,,,,,,,,,,,
107,107,0.5156439734124377,2023-08-24 13:43:44.363131,2023-08-24 13:43:48.351357,0 days 00:00:03.988226,0.6000000000000001,2,0.6000000000000001,4.14795075640468e-08,0.3880156920576225,20,229,COMPLETE,0.0,,,,,,,,,,,,,,,,,,,,
108,108,0.5604165010730466,2023-08-24 13:43:44.551994,2023-08-24 13:43:45.741468,0 days 00:00:01.189474,0.6000000000000001,2,0.6000000000000001,4.1157123897252795e-08,0.22700627670661253,90,175,COMPLETE,0.0,,,,,,,,,,,,,,,,,,,,
109,109,0.5755505629891776,2023-08-24 13:43:44.912234,2023-08-24 13:43:46.407808,0 days 00:00:01.495574,0.6000000000000001,2,0.6000000000000001,1.0114705600422996e-08,0.4296808278674282,90,199,COMPLETE,0.0,,,,,,,,,,,,,,,,,,,,
110,110,0.5528037202968684,2023-08-24 13:43:45.040151,2023-08-24 13:43:46.097890,0 days 00:00:01.057739,0.6000000000000001,2,0.6000000000000001,3.159905717394209e-08,0.33723302545601247,90,199,COMPLETE,0.0,,,,,,,,,,,,,,,,,,,,
111,111,0.5044797379104052,2023-08-24 13:43:45.229358,2023-08-24 13:43:49.773055,0 days 00:00:04.543697,0.6000000000000001,2,0.6000000000000001,4.090784397551875e-08,0.41243776010584465,10,186,COMPLETE,0.0,,,,,,,,,,,,,,,,,,,,
112,112,0.49116329239960177,2023-08-24 13:43:45.566224,2023-08-24 13:43:49.320059,0 days 00:00:03.753835,0.6000000000000001,2,0.6000000000000001,3.690673327724081e-08,0.0991498146802859,10,130,COMPLETE,0.0,,,,,,,,,,,,,,,,,,,,
113,113,0.5471404420254,2023-08-24 13:43:45.786822,2023-08-24 13:43:50.188029,0 days 00:00:04.401207,0.6000000000000001,2,0.7000000000000001,2.752154069461057e-08,0.41196534622072817,20,202,COMPLETE,0.0,,,,,,,,,,,,,,,,,,,,
114,114,0.5548088028555451,2023-08-24 13:43:46.154854,2023-08-24 13:43:47.870906,0 days 00:00:01.716052,0.7000000000000001,2,0.7000000000000001,1.172982659294577e-08,0.38954741363303397,80,187,COMPLETE,0.0,,,,,,,,,,,,,,,,,,,,
115,115,0.5615432106047558,2023-08-24 13:43:46.454867,2023-08-24 13:43:47.623003,0 days 00:00:01.168136,0.7000000000000001,2,0.7000000000000001,1.0211864734451224e-08,0.43318325885837955,80,198,COMPLETE,0.0,,,,,,,,,,,,,,,,,,,,
116,116,0.5040841637086773,2023-08-24 13:43:47.670461,2023-08-24 13:43:52.975489,0 days 00:00:05.305028,0.6000000000000001,2,0.6000000000000001,2.779291958036877e-08,0.37923978819617205,10,188,COMPLETE,0.0,,,,,,,,,,,,,,,,,,,,
117,117,0.5755505629891776,2023-08-24 13:43:47.771700,2023-08-24 13:43:48.854612,0 days 00:00:01.082912,0.6000000000000001,2,0.6000000000000001,1.0916887536557517e-07,0.4285440793300582,90,186,COMPLETE,0.0,,,,,,,,,,,,,,,,,,,,
118,118,0.5618321035189067,2023-08-24 13:43:47.917709,2023-08-24 13:43:48.973841,0 days 00:00:01.056132,0.6000000000000001,2,0.6000000000000001,2.453309759580896e-08,0.10713689874900864,90,186,COMPLETE,0.0,,,,,,,,,,,,,,,,,,,,
119,119,0.5622482890322029,2023-08-24 13:43:48.398949,2023-08-24 13:43:49.656723,0 days 00:00:01.257774,0.6000000000000001,2,0.6000000000000001,2.7229855649979162e-08,0.08363034294340992,90,184,COMPLETE,0.0,,,,,,,,,,,,,,,,,,,,
120,120,0.5556897967835095,2023-08-24 13:43:48.896225,2023-08-24 13:43:50.380517,0 days 00:00:01.484292,0.6000000000000001,2,0.6000000000000001,1.1410021914269135e-07,0.11230600091599047,90,174,COMPLETE,0.0,,,,,,,,,,,,,,,,,,,,
121,121,0.5542689756181615,2023-08-24 13:43:49.035478,2023-08-24 13:43:50.473314,0 days 00:00:01.437836,0.6000000000000001,2,0.6000000000000001,1.2092610964283906e-07,0.12138206344752962,90,176,COMPLETE,0.0,,,,,,,,,,,,,,,,,,,,
122,122,0.5552113393311833,2023-08-24 13:43:49.371561,2023-08-24 13:43:50.688803,0 days 00:00:01.317242,0.6000000000000001,2,0.6000000000000001,1.2788151412654274e-07,0.2417468017511884,90,199,COMPLETE,0.0,,,,,,,,,,,,,,,,,,,,
123,123,0.5755768208399787,2023-08-24 13:43:49.712667,2023-08-24 13:43:51.227877,0 days 00:00:01.515210,0.6000000000000001,2,0.6000000000000001,1.3697646485006174e-07,0.9332871609569132,90,174,COMPLETE,0.0,,,,,,,,,,,,,,,,,,,,
124,124,0.5582445916484992,2023-08-24 13:43:49.828950,2023-08-24 13:43:51.037817,0 days 00:00:01.208867,0.6000000000000001,2,0.7000000000000001,1.323430953631009e-07,0.9903176320890708,90,172,COMPLETE,0.0,,,,,,,,,,,,,,,,,,,,
125,125,0.5490781229582954,2023-08-24 13:43:50.167367,2023-08-24 13:43:51.498118,0 days 00:00:01.330751,0.5,2,0.7000000000000001,1.1563753160785758e-07,0.933096436988305,90,177,COMPLETE,0.0,,,,,,,,,,,,,,,,,,,,
126,126,0.5489052477920151,2023-08-24 13:43:50.231458,2023-08-24 13:43:51.417698,0 days 00:00:01.186240,0.5,2,0.6000000000000001,1.0825251135404582e-07,0.1380424860238773,90,172,COMPLETE,0.0,,,,,,,,,,,,,,,,,,,,
127,127,0.5461274162666877,2023-08-24 13:43:50.421993,2023-08-24 13:43:52.261363,0 days 00:00:01.839370,0.9,2,0.6000000000000001,1.2453901305137956e-07,0.22748872322778682,90,208,COMPLETE,0.0,,,,,,,,,,,,,,,,,,,,
128,128,0.5594640666571078,2023-08-24 13:43:50.514215,2023-08-24 13:43:51.732661,0 days 00:00:01.218446,0.6000000000000001,2,0.5,1.2437458980450734e-08,0.22390534270361528,90,197,COMPLETE,0.0,,,,,,,,,,,,,,,,,,,,
129,129,0.5784183880546002,2023-08-24 13:43:50.729478,2023-08-24 13:43:51.908765,0 days 00:00:01.179287,0.6000000000000001,2,0.5,5.314114812318573e-08,0.9417819453282181,100,208,COMPLETE,1.0,0.6031390134529148,0.5833231508634735,0.5955065359477124,0.5784183880546002,0.7600806451612904,0.6160130718954249,0.6805054151624549,0.4065656565656566,0.575,0.47633136094674555,0.5780141843971631,0.5631849598411466,0.5678846890213883,0.5610105469708119,0.6980830670926518,0.6035911602209945,0.6474074074074074,0.42828685258964144,0.5321782178217822,0.4746136865342163
130,130,0.5736790464665183,2023-08-24 13:43:51.080471,2023-08-24 13:43:52.211800,0 days 00:00:01.131329,0.5,2,0.5,5.114752286423213e-08,0.17606441378782778,100,251,COMPLETE,0.0,,,,,,,,,,,,,,,,,,,,
131,131,0.5536661422744213,2023-08-24 13:43:51.284571,2023-08-24 13:43:52.665903,0 days 00:00:01.381332,0.5,2,0.6000000000000001,5.914204547011529e-08,0.690333627146216,80,206,COMPLETE,0.0,,,,,,,,,,,,,,,,,,,,
132,132,0.550479545068749,2023-08-24 13:43:51.464610,2023-08-24 13:43:53.080934,0 days 00:00:01.616324,0.7000000000000001,2,0.6000000000000001,5.290424074286713e-08,0.6912960857411078,80,207,COMPLETE,0.0,,,,,,,,,,,,,,,,,,,,
133,133,0.552303622612472,2023-08-24 13:43:51.546662,2023-08-24 13:43:53.143997,0 days 00:00:01.597335,0.7000000000000001,2,0.6000000000000001,5.053311678643688e-08,0.6162095133093153,80,197,COMPLETE,0.0,,,,,,,,,,,,,,,,,,,,
134,134,0.555176114353649,2023-08-24 13:43:51.772266,2023-08-24 13:43:53.466334,0 days 00:00:01.694068,0.7000000000000001,2,0.6000000000000001,5.9459821861877395e-08,0.6259289984712122,80,110,COMPLETE,0.0,,,,,,,,,,,,,,,,,,,,
135,135,0.5490781229582954,2023-08-24 13:43:51.951056,2023-08-24 13:43:53.548645,0 days 00:00:01.597589,0.7000000000000001,2,0.6000000000000001,1.0271035200313736e-08,0.6097556142341812,80,206,COMPLETE,0.0,,,,,,,,,,,,,,,,,,,,
136,136,0.5670380846375516,2023-08-24 13:43:52.257871,2023-08-24 13:43:53.375150,0 days 00:00:01.117279,0.5,2,0.6000000000000001,5.578886159263202e-08,0.7024269258799226,100,208,COMPLETE,0.0,,,,,,,,,,,,,,,,,,,,
137,137,0.5536661422744213,2023-08-24 13:43:52.308150,2023-08-24 13:43:53.327442,0 days 00:00:01.019292,0.5,2,0.5,5.3320081713489885e-08,0.6638342405275437,100,207,COMPLETE,0.0,,,,,,,,,,,,,,,,,,,,
138,138,0.5512856950332182,2023-08-24 13:43:52.708002,2023-08-24 13:43:53.819170,0 days 00:00:01.111168,0.5,2,0.5,5.2975476577483514e-08,0.5561324857881239,100,180,COMPLETE,0.0,,,,,,,,,,,,,,,,,,,,
139,139,0.5694104786943321,2023-08-24 13:43:53.014575,2023-08-24 13:43:54.423559,0 days 00:00:01.408984,0.5,2,0.5,5.706276545481392e-08,0.5749997431471621,100,216,COMPLETE,0.0,,,,,,,,,,,,,,,,,,,,
140,140,0.5499285755175778,2023-08-24 13:43:53.123626,2023-08-24 13:43:54.246937,0 days 00:00:01.123311,0.5,2,0.5,4.9963839959712637e-08,0.5475483895762835,100,198,COMPLETE,0.0,,,,,,,,,,,,,,,,,,,,
141,141,0.551866028708134,2023-08-24 13:43:53.186645,2023-08-24 13:43:54.305313,0 days 00:00:01.118668,0.5,2,0.5,1.0256084310439469e-08,0.5406270345090134,100,108,COMPLETE,0.0,,,,,,,,,,,,,,,,,,,,
142,142,0.5574901182608138,2023-08-24 13:43:53.369890,2023-08-24 13:43:55.109330,0 days 00:00:01.739440,0.5,2,0.5,1.3422855003983547e-08,0.5043942824380994,100,252,COMPLETE,0.0,,,,,,,,,,,,,,,,,,,,
143,143,0.5536661422744213,2023-08-24 13:43:53.422165,2023-08-24 13:43:54.782908,0 days 00:00:01.360743,0.5,2,0.6000000000000001,1.8592829859964063e-07,3.694269162562656e-05,100,197,COMPLETE,0.0,,,,,,,,,,,,,,,,,,,,
144,144,0.5483845974017298,2023-08-24 13:43:53.508760,2023-08-24 13:43:54.837307,0 days 00:00:01.328547,0.5,2,0.5,1.8356443223379903e-07,0.28740892457867684,100,216,COMPLETE,0.0,,,,,,,,,,,,,,,,,,,,
145,145,0.5537412648822988,2023-08-24 13:43:53.590040,2023-08-24 13:43:54.577068,0 days 00:00:00.987028,0.4,2,0.5,2.0318951322134044e-07,2.1865827386888106e-05,100,181,COMPLETE,0.0,,,,,,,,,,,,,,,,,,,,
146,146,0.5679835649392467,2023-08-24 13:43:53.862245,2023-08-24 13:43:54.929883,0 days 00:00:01.067638,0.5,2,0.5,8.959190011465875e-08,0.9930875821982839,100,195,COMPLETE,0.0,,,,,,,,,,,,,,,,,,,,
147,147,0.5755505629891776,2023-08-24 13:43:54.301100,2023-08-24 13:43:55.708020,0 days 00:00:01.406920,0.4,2,0.5,2.4442410352053756e-08,0.9939512775470839,70,216,COMPLETE,0.0,,,,,,,,,,,,,,,,,,,,
148,148,0.5689289522767302,2023-08-24 13:43:54.361906,2023-08-24 13:43:55.880296,0 days 00:00:01.518390,0.6000000000000001,2,0.4,1.711234134229166e-07,0.27649367201506997,100,217,COMPLETE,0.0,,,,,,,,,,,,,,,,,,,,
149,149,0.5412350131917311,2023-08-24 13:43:54.468047,2023-08-24 13:43:55.544593,0 days 00:00:01.076546,0.4,2,0.5,8.720471060084882e-08,0.9691683756130389,100,217,COMPLETE,0.0,,,,,,,,,,,,,,,,,,,,
150,150,0.5736790464665183,2023-08-24 13:43:54.619081,2023-08-24 13:43:55.809730,0 days 00:00:01.190649,0.5,2,0.5,2.67269990627224e-08,0.16976987369233928,100,219,COMPLETE,0.0,,,,,,,,,,,,,,,,,,,,
151,151,0.5483845974017298,2023-08-24 13:43:54.827525,2023-08-24 13:43:56.266827,0 days 00:00:01.439302,0.5,2,0.5,8.77748130277476e-08,0.2784238243445093,100,214,COMPLETE,0.0,,,,,,,,,,,,,,,,,,,,
152,152,0.5584270367568274,2023-08-24 13:43:54.886487,2023-08-24 13:43:56.373087,0 days 00:00:01.486600,0.5,2,0.5,2.4396643533376897e-08,0.06380156410736075,100,218,COMPLETE,0.0,,,,,,,,,,,,,,,,,,,,
153,153,0.542160558184297,2023-08-24 13:43:54.975374,2023-08-24 13:43:56.195029,0 days 00:00:01.219655,0.4,2,0.5,8.62937843602547e-08,0.9791730146739788,100,217,COMPLETE,0.0,,,,,,,,,,,,,,,,,,,,
154,154,0.5494198948413624,2023-08-24 13:43:55.151963,2023-08-24 13:43:56.050444,0 days 00:00:00.898481,0.4,2,0.5,8.677873250838517e-08,0.17195169133423627,100,121,COMPLETE,0.0,,,,,,,,,,,,,,,,,,,,
155,155,0.5649829845387068,2023-08-24 13:43:55.586489,2023-08-24 13:43:56.860923,0 days 00:00:01.274434,0.6000000000000001,2,0.5,2.9539323778313906e-08,0.17002104153997522,100,192,COMPLETE,0.0,,,,,,,,,,,,,,,,,,,,
156,156,0.5732057416267943,2023-08-24 13:43:55.749799,2023-08-24 13:43:56.987284,0 days 00:00:01.237485,0.4,2,0.5,2.5641485304290363e-08,0.06905627609138135,70,165,COMPLETE,0.0,,,,,,,,,,,,,,,,,,,,
157,157,0.5485997403492039,2023-08-24 13:43:55.852659,2023-08-24 13:43:57.508583,0 days 00:00:01.655924,0.4,2,0.5,2.58619628795766e-08,0.1699806999035614,50,217,COMPLETE,0.0,,,,,,,,,,,,,,,,,,,,
158,158,0.562295734614708,2023-08-24 13:43:55.929458,2023-08-24 13:43:57.302068,0 days 00:00:01.372610,0.4,2,0.5,2.6830038752750552e-08,0.1701103833229028,70,220,COMPLETE,0.0,,,,,,,,,,,,,,,,,,,,
159,159,0.5424458715231525,2023-08-24 13:43:56.092138,2023-08-24 13:43:57.098203,0 days 00:00:01.006065,0.4,2,0.5,2.7272097527718737e-08,0.2684015711688418,100,219,COMPLETE,0.0,,,,,,,,,,,,,,,,,,,,
160,160,0.5436922291926969,2023-08-24 13:43:56.238366,2023-08-24 13:43:58.004497,0 days 00:00:01.766131,0.6000000000000001,2,0.4,3.026897996766931e-08,0.27491928478341243,70,211,COMPLETE,0.0,,,,,,,,,,,,,,,,,,,,
161,161,0.5624718633043736,2023-08-24 13:43:56.307951,2023-08-24 13:43:57.681647,0 days 00:00:01.373696,0.6000000000000001,2,0.4,2.5494861447119516e-08,0.0703789444888497,100,40,COMPLETE,0.0,,,,,,,,,,,,,,,,,,,,
162,162,0.5579253182944544,2023-08-24 13:43:56.418494,2023-08-24 13:43:58.127091,0 days 00:00:01.708597,0.6000000000000001,2,0.4,2.999347580879623e-08,0.17708602122783498,70,225,COMPLETE,0.0,,,,,,,,,,,,,,,,,,,,
163,163,0.5381588485036761,2023-08-24 13:43:56.904531,2023-08-24 13:43:59.060228,0 days 00:00:02.155697,0.6000000000000001,2,0.4,3.408554494521396e-08,0.3081922138508376,50,224,COMPLETE,0.0,,,,,,,,,,,,,,,,,,,,
164,164,0.5410077079789134,2023-08-24 13:43:57.028448,2023-08-24 13:43:59.148607,0 days 00:00:02.120159,0.4,2,0.4,2.3970913628117628e-08,0.0428602607936634,40,165,COMPLETE,0.0,,,,,,,,,,,,,,,,,,,,
165,165,0.558520724113269,2023-08-24 13:43:57.141947,2023-08-24 13:43:58.477099,0 days 00:00:01.335152,0.4,2,0.4,3.475634719954359e-08,0.07189716735129664,70,168,COMPLETE,0.0,,,,,,,,,,,,,,,,,,,,
166,166,0.5626989984185555,2023-08-24 13:43:57.346523,2023-08-24 13:43:58.580945,0 days 00:00:01.234422,0.4,2,0.4,7.390048248017973e-06,0.0665794044379441,70,225,COMPLETE,0.0,,,,,,,,,,,,,,,,,,,,
167,167,0.5440112195957519,2023-08-24 13:43:57.550989,2023-08-24 13:43:58.424806,0 days 00:00:00.873817,0.4,2,0.4,1.4819391413268878e-08,0.06534067651355598,90,167,COMPLETE,0.0,,,,,,,,,,,,,,,,,,,,
168,168,0.562295734614708,2023-08-24 13:43:57.724350,2023-08-24 13:43:58.859376,0 days 00:00:01.135026,0.4,2,0.4,1.4468288623678738e-08,0.3918457521649222,70,168,COMPLETE,0.0,,,,,,,,,,,,,,,,,,,,
169,169,0.5372708779035483,2023-08-24 13:43:58.045469,2023-08-24 13:43:59.817925,0 days 00:00:01.772456,0.4,2,0.5,1.563097002189244e-08,0.36825120978464887,40,226,COMPLETE,0.0,,,,,,,,,,,,,,,,,,,,
170,170,0.5466201148538249,2023-08-24 13:43:58.172929,2023-08-24 13:43:59.341729,0 days 00:00:01.168800,0.4,2,0.5,1.0982401981613675e-05,0.39129623404052893,90,163,COMPLETE,0.0,,,,,,,,,,,,,,,,,,,,
171,171,0.5717828727511127,2023-08-24 13:43:58.466020,2023-08-24 13:44:00.029828,0 days 00:00:01.563808,0.6000000000000001,2,0.5,1.5487868067224963e-05,0.376938139279088,90,189,COMPLETE,0.0,,,,,,,,,,,,,,,,,,,,
172,172,0.5717828727511127,2023-08-24 13:43:58.536580,2023-08-24 13:44:00.083487,0 days 00:00:01.546907,0.6000000000000001,2,0.5,1.740455416299008e-08,0.3901546865968247,90,188,COMPLETE,0.0,,,,,,,,,,,,,,,,,,,,
173,173,0.5693855451892866,2023-08-24 13:43:58.624526,2023-08-24 13:44:00.142450,0 days 00:00:01.517924,0.6000000000000001,2,0.5,1.7159755193932985e-08,0.39811104224392374,90,201,COMPLETE,0.0,,,,,,,,,,,,,,,,,,,,
174,174,0.5161292430843394,2023-08-24 13:43:58.918842,2023-08-24 13:44:01.762655,0 days 00:00:02.843813,0.6000000000000001,2,0.5,2.002439744697781e-08,0.00013229984022899817,40,160,COMPLETE,0.0,,,,,,,,,,,,,,,,,,,,
175,175,0.5708213213511739,2023-08-24 13:43:59.122032,2023-08-24 13:44:00.821438,0 days 00:00:01.699406,0.6000000000000001,2,0.5,1.794750503934162e-08,8.371493585006243e-05,90,202,COMPLETE,0.0,,,,,,,,,,,,,,,,,,,,
176,176,0.5523586483773837,2023-08-24 13:43:59.198250,2023-08-24 13:44:00.981457,0 days 00:00:01.783207,0.8,2,0.5,1.9443995471672626e-08,8.699649624284315e-06,90,201,COMPLETE,0.0,,,,,,,,,,,,,,,,,,,,
177,177,0.5607228502911956,2023-08-24 13:43:59.388090,2023-08-24 13:44:00.591077,0 days 00:00:01.202987,0.6000000000000001,2,0.5,2.825222127538338e-07,0.00012220047465141557,100,185,COMPLETE,0.0,,,,,,,,,,,,,,,,,,,,
178,178,0.5736749032165559,2023-08-24 13:43:59.862878,2023-08-24 13:44:01.257832,0 days 00:00:01.394954,0.6000000000000001,2,0.5,3.2064450781229897e-07,0.11454576984631824,90,186,COMPLETE,0.0,,,,,,,,,,,,,,,,,,,,
179,179,0.571226335361731,2023-08-24 13:44:00.075561,2023-08-24 13:44:01.506579,0 days 00:00:01.431018,0.6000000000000001,2,0.5,4.22210993594313e-05,0.9833896798445617,90,187,COMPLETE,0.0,,,,,,,,,,,,,,,,,,,,
180,180,0.5722332617968895,2023-08-24 13:44:00.128655,2023-08-24 13:44:01.689624,0 days 00:00:01.560969,0.6000000000000001,2,0.5,0.000512694197290607,0.011250791965564723,90,188,COMPLETE,0.0,,,,,,,,,,,,,,,,,,,,
181,181,0.5708213213511739,2023-08-24 13:44:00.189337,2023-08-24 13:44:01.957194,0 days 00:00:01.767857,0.6000000000000001,2,0.5,2.9173077414036803e-05,5.426172651806976e-06,90,188,COMPLETE,0.0,,,,,,,,,,,,,,,,,,,,
182,182,0.5698863598626489,2023-08-24 13:44:00.634979,2023-08-24 13:44:02.035361,0 days 00:00:01.400382,0.6000000000000001,2,0.5,2.0234063242120564e-08,0.11664847852772134,90,202,COMPLETE,0.0,,,,,,,,,,,,,,,,,,,,
183,183,0.5722332617968895,2023-08-24 13:44:00.866010,2023-08-24 13:44:02.325815,0 days 00:00:01.459805,0.6000000000000001,2,0.5,0.0002884082179864641,0.006878874391176566,90,188,COMPLETE,0.0,,,,,,,,,,,,,,,,,,,,
184,184,0.5708213213511739,2023-08-24 13:44:01.025922,2023-08-24 13:44:02.550755,0 days 00:00:01.524833,0.6000000000000001,2,0.5,1.810784784059362e-05,0.0016677684273738481,90,189,COMPLETE,0.0,,,,,,,,,,,,,,,,,,,,
185,185,0.5736749032165559,2023-08-24 13:44:01.310802,2023-08-24 13:44:02.758357,0 days 00:00:01.447555,0.6000000000000001,2,0.5,4.96463493983685e-05,0.11335496748969115,90,183,COMPLETE,0.0,,,,,,,,,,,,,,,,,,,,
186,186,0.5641586375929681,2023-08-24 13:44:01.550015,2023-08-24 13:44:02.996934,0 days 00:00:01.446919,0.6000000000000001,2,0.5,9.465525565340613e-05,0.9955565037787927,90,189,COMPLETE,0.0,,,,,,,,,,,,,,,,,,,,
187,187,0.5708213213511739,2023-08-24 13:44:01.734291,2023-08-24 13:44:03.470497,0 days 00:00:01.736206,0.6000000000000001,2,0.5,5.058721286360701e-05,0.0011141039674707138,90,184,COMPLETE,0.0,,,,,,,,,,,,,,,,,,,,
188,188,0.5542689756181615,2023-08-24 13:44:01.821513,2023-08-24 13:44:03.527936,0 days 00:00:01.706423,0.6000000000000001,2,0.5,4.3530817146808265e-05,0.12463482694100313,90,188,COMPLETE,0.0,,,,,,,,,,,,,,,,,,,,
189,189,0.5708213213511739,2023-08-24 13:44:02.000108,2023-08-24 13:44:03.750721,0 days 00:00:01.750613,0.6000000000000001,2,0.5,0.0001308403124834039,7.365342397700522e-05,90,183,COMPLETE,0.0,,,,,,,,,,,,,,,,,,,,
190,190,0.5708213213511739,2023-08-24 13:44:02.092138,2023-08-24 13:44:03.380267,0 days 00:00:01.288129,0.6000000000000001,2,0.5,5.382047361866778e-05,5.509347993951833e-05,90,183,COMPLETE,0.0,,,,,,,,,,,,,,,,,,,,
191,191,0.5722332617968895,2023-08-24 13:44:02.372269,2023-08-24 13:44:03.667991,0 days 00:00:01.295722,0.6000000000000001,2,0.5,0.0005503759859023738,0.015110640421618061,90,178,COMPLETE,0.0,,,,,,,,,,,,,,,,,,,,
192,192,0.5722332617968895,2023-08-24 13:44:02.594629,2023-08-24 13:44:03.845476,0 days 00:00:01.250847,0.6000000000000001,2,0.5,0.00021565703474098031,0.004913803713233888,90,182,COMPLETE,0.0,,,,,,,,,,,,,,,,,,,,
193,193,0.5712804678635124,2023-08-24 13:44:02.820125,2023-08-24 13:44:04.123944,0 days 00:00:01.303819,0.6000000000000001,2,0.5,0.0005189242086251117,0.0011311954080999531,90,181,COMPLETE,0.0,,,,,,,,,,,,,,,,,,,,
194,194,0.5722332617968895,2023-08-24 13:44:03.039541,2023-08-24 13:44:04.286208,0 days 00:00:01.246667,0.6000000000000001,2,0.5,0.00035055406267672133,0.008277528660415883,90,183,COMPLETE,0.0,,,,,,,,,,,,,,,,,,,,
195,195,0.5722332617968895,2023-08-24 13:44:03.437207,2023-08-24 13:44:05.128887,0 days 00:00:01.691680,0.6000000000000001,2,0.5,0.0002269911244822101,0.004571394249226627,90,178,COMPLETE,0.0,,,,,,,,,,,,,,,,,,,,
196,196,0.5722332617968895,2023-08-24 13:44:03.514920,2023-08-24 13:44:05.046457,0 days 00:00:01.531537,0.6000000000000001,2,0.5,0.0002584379392922388,0.012865360717483603,90,179,COMPLETE,0.0,,,,,,,,,,,,,,,,,,,,
197,197,0.5722332617968895,2023-08-24 13:44:03.571465,2023-08-24 13:44:05.466003,0 days 00:00:01.894538,0.6000000000000001,2,0.5,0.00041229359321260316,0.007031436476898191,90,181,COMPLETE,0.0,,,,,,,,,,,,,,,,,,,,
198,198,0.5675065575073523,2023-08-24 13:44:03.720280,2023-08-24 13:44:05.329308,0 days 00:00:01.609028,0.6000000000000001,2,0.5,0.0004743499221757222,0.045342764866541874,90,180,COMPLETE,0.0,,,,,,,,,,,,,,,,,,,,
199,199,0.5722332617968895,2023-08-24 13:44:03.795017,2023-08-24 13:44:05.222286,0 days 00:00:01.427269,0.6000000000000001,2,0.5,0.0005203349596305058,0.007091730965092547,90,175,COMPLETE,0.0,,,,,,,,,,,,,,,,,,,,
200,200,0.5722332617968895,2023-08-24 13:44:03.891445,2023-08-24 13:44:05.392647,0 days 00:00:01.501202,0.6000000000000001,2,0.5,0.00030570554111040315,0.005630617321870211,90,180,COMPLETE,0.0,,,,,,,,,,,,,,,,,,,,
