,number,value,datetime_start,datetime_complete,duration,params_bagging_fraction,params_bagging_freq,params_feature_fraction,params_lambda_l1,params_lambda_l2,params_min_child_samples,params_num_leaves,state,best_trial,dev_acc,dev_recall_macro,dev_precision_macro,dev_f1_macro,dev_recall_0,dev_precision_0,dev_f1_0,dev_recall_1,dev_precision_1,dev_f1_1,test_acc,test_recall_macro,test_precision_macro,test_f1_macro,test_recall_0,test_precision_0,test_f1_0,test_recall_1,test_precision_1,test_f1_1
101,101,0.5571041424699961,2023-08-24 12:53:04.140612,2023-08-24 12:53:04.945056,0 days 00:00:00.804444,0.8,2,0.5,9.32728737660063e-05,4.708012562532426e-08,50,25,COMPLETE,0.0,,,,,,,,,,,,,,,,,,,,
102,102,0.585496257412268,2023-08-24 12:53:04.260401,2023-08-24 12:53:05.009048,0 days 00:00:00.748647,0.8,2,0.4,9.191100090114788e-05,4.654266160659168e-08,50,25,COMPLETE,0.0,,,,,,,,,,,,,,,,,,,,
103,103,0.585496257412268,2023-08-24 12:53:04.276670,2023-08-24 12:53:05.062996,0 days 00:00:00.786326,0.8,2,0.4,0.00010782760056061716,4.89996846544647e-08,50,26,COMPLETE,0.0,,,,,,,,,,,,,,,,,,,,
104,104,0.585496257412268,2023-08-24 12:53:04.344629,2023-08-24 12:53:05.102857,0 days 00:00:00.758228,0.8,2,0.4,6.653142260323003e-05,4.898462989068738e-08,50,26,COMPLETE,0.0,,,,,,,,,,,,,,,,,,,,
105,105,0.585496257412268,2023-08-24 12:53:04.771588,2023-08-24 12:53:05.425271,0 days 00:00:00.653683,0.8,2,0.4,0.0003278279847219364,6.562317534592144e-07,50,24,COMPLETE,0.0,,,,,,,,,,,,,,,,,,,,
106,106,0.585496257412268,2023-08-24 12:53:04.910964,2023-08-24 12:53:05.703228,0 days 00:00:00.792264,0.8,2,0.4,0.0002829309177324437,7.468523798771686e-07,50,24,COMPLETE,0.0,,,,,,,,,,,,,,,,,,,,
107,107,0.5125,2023-08-24 12:53:04.986797,2023-08-24 12:53:06.166071,0 days 00:00:01.179274,0.8,2,1.0,1.2409925041271595e-05,7.417845746672679e-07,50,39,COMPLETE,0.0,,,,,,,,,,,,,,,,,,,,
108,108,0.5606758832565284,2023-08-24 12:53:05.052818,2023-08-24 12:53:06.007279,0 days 00:00:00.954461,0.7000000000000001,2,0.4,0.001471164838478945,7.060674189552189e-07,50,40,COMPLETE,0.0,,,,,,,,,,,,,,,,,,,,
109,109,0.5973674022454512,2023-08-24 12:53:05.141833,2023-08-24 12:53:06.110174,0 days 00:00:00.968341,0.7000000000000001,2,0.5,0.000271752038506574,6.577879555350843e-07,40,40,COMPLETE,0.0,,,,,,,,,,,,,,,,,,,,
110,110,0.5973674022454512,2023-08-24 12:53:05.147213,2023-08-24 12:53:06.212167,0 days 00:00:01.064954,0.7000000000000001,2,0.5,0.00023433155753593423,2.2358939337017262e-07,40,39,COMPLETE,0.0,,,,,,,,,,,,,,,,,,,,
111,111,0.592156862745098,2023-08-24 12:53:05.221412,2023-08-24 12:53:05.915396,0 days 00:00:00.693984,0.7000000000000001,2,1.0,0.0003645869191214271,2.5343826671543736e-07,40,5,COMPLETE,0.0,,,,,,,,,,,,,,,,,,,,
112,112,0.5734375,2023-08-24 12:53:05.321708,2023-08-24 12:53:05.834095,0 days 00:00:00.512387,0.7000000000000001,2,0.5,0.00027334215363212697,7.756706356213142e-07,40,4,COMPLETE,0.0,,,,,,,,,,,,,,,,,,,,
113,113,0.5231259968102073,2023-08-24 12:53:05.471652,2023-08-24 12:53:06.397278,0 days 00:00:00.925626,1.0,2,0.5,0.0002448548149235135,2.372142290997056e-07,40,184,COMPLETE,0.0,,,,,,,,,,,,,,,,,,,,
114,114,0.5734375,2023-08-24 12:53:05.745756,2023-08-24 12:53:06.306360,0 days 00:00:00.560604,0.7000000000000001,2,0.5,0.00023130348440630565,5.717028735520464e-07,40,5,COMPLETE,0.0,,,,,,,,,,,,,,,,,,,,
115,115,0.5722620755619321,2023-08-24 12:53:05.874540,2023-08-24 12:53:06.554813,0 days 00:00:00.680273,0.7000000000000001,2,0.5,0.0010881102148210123,2.4732833245863125e-07,40,7,COMPLETE,0.0,,,,,,,,,,,,,,,,,,,,
116,116,0.5489156626506024,2023-08-24 12:53:05.956761,2023-08-24 12:53:06.782704,0 days 00:00:00.825943,0.5,2,0.5,0.0012689321998992583,2.5695987326362885e-07,40,193,COMPLETE,0.0,,,,,,,,,,,,,,,,,,,,
117,117,0.5836828059473884,2023-08-24 12:53:06.049010,2023-08-24 12:53:06.901755,0 days 00:00:00.852745,0.5,2,0.5,2.504879696215041e-06,2.409181311371436e-07,40,7,COMPLETE,0.0,,,,,,,,,,,,,,,,,,,,
118,118,0.5531250000000001,2023-08-24 12:53:06.152633,2023-08-24 12:53:07.156484,0 days 00:00:01.003851,0.5,2,0.5,1.0563515065322553e-05,1.735666000839285e-07,40,82,COMPLETE,0.0,,,,,,,,,,,,,,,,,,,,
119,119,0.5531250000000001,2023-08-24 12:53:06.256139,2023-08-24 12:53:07.213485,0 days 00:00:00.957346,0.5,2,0.5,1.713581062840515e-05,1.9172280981790105e-07,40,76,COMPLETE,0.0,,,,,,,,,,,,,,,,,,,,
120,120,0.5531250000000001,2023-08-24 12:53:06.267550,2023-08-24 12:53:07.036623,0 days 00:00:00.769073,0.5,2,0.5,3.2352665201762174e-05,1.9167893845036127e-07,40,77,COMPLETE,0.0,,,,,,,,,,,,,,,,,,,,
121,121,0.5531250000000001,2023-08-24 12:53:06.348314,2023-08-24 12:53:07.292677,0 days 00:00:00.944363,0.5,2,0.5,5.879355355602714e-05,9.447086472815935e-08,40,58,COMPLETE,0.0,,,,,,,,,,,,,,,,,,,,
122,122,0.5531250000000001,2023-08-24 12:53:06.443239,2023-08-24 12:53:07.116518,0 days 00:00:00.673279,0.5,2,0.5,1.7551333892225946e-05,1.63876055181194e-07,40,80,COMPLETE,0.0,,,,,,,,,,,,,,,,,,,,
123,123,0.5722620755619321,2023-08-24 12:53:06.597662,2023-08-24 12:53:07.376350,0 days 00:00:00.778688,0.5,2,0.5,1.8729687491159345e-05,9.011682683601901e-08,30,80,COMPLETE,0.0,,,,,,,,,,,,,,,,,,,,
124,124,0.5407066052227343,2023-08-24 12:53:06.824929,2023-08-24 12:53:07.588594,0 days 00:00:00.763665,0.7000000000000001,2,0.5,3.153079265955885e-05,8.882765587304919e-08,30,65,COMPLETE,0.0,,,,,,,,,,,,,,,,,,,,
125,125,0.5853269537480064,2023-08-24 12:53:06.943221,2023-08-24 12:53:07.520890,0 days 00:00:00.577669,0.7000000000000001,1,0.5,3.387869743029788e-05,2.294647849094818e-05,70,46,COMPLETE,0.0,,,,,,,,,,,,,,,,,,,,
126,126,0.5282051282051283,2023-08-24 12:53:07.076515,2023-08-24 12:53:08.018890,0 days 00:00:00.942375,0.7000000000000001,1,0.5,1.0163577512337327e-05,7.149251231751929e-06,30,80,COMPLETE,0.0,,,,,,,,,,,,,,,,,,,,
127,127,0.5407066052227343,2023-08-24 12:53:07.196529,2023-08-24 12:53:08.313216,0 days 00:00:01.116687,0.7000000000000001,2,0.5,0.00018502600212770158,1.0171612501350133e-07,30,46,COMPLETE,0.0,,,,,,,,,,,,,,,,,,,,
128,128,0.5407066052227343,2023-08-24 12:53:07.200462,2023-08-24 12:53:08.111284,0 days 00:00:00.910822,0.7000000000000001,2,0.5,0.00018028510902356695,8.23287743098542e-08,30,57,COMPLETE,0.0,,,,,,,,,,,,,,,,,,,,
129,129,0.5407066052227343,2023-08-24 12:53:07.259731,2023-08-24 12:53:08.234092,0 days 00:00:00.974361,0.7000000000000001,2,0.5,4.0773617833311154e-05,9.108198919638772e-08,30,46,COMPLETE,0.0,,,,,,,,,,,,,,,,,,,,
130,130,0.5407066052227343,2023-08-24 12:53:07.336837,2023-08-24 12:53:08.388988,0 days 00:00:01.052151,0.7000000000000001,2,0.5,4.7679984587183426e-05,8.928337456454995e-08,30,46,COMPLETE,0.0,,,,,,,,,,,,,,,,,,,,
131,131,0.5282051282051283,2023-08-24 12:53:07.426013,2023-08-24 12:53:08.447078,0 days 00:00:01.021065,0.7000000000000001,1,0.5,0.00017917956639922625,7.03000794743494e-08,30,67,COMPLETE,0.0,,,,,,,,,,,,,,,,,,,,
132,132,0.5125,2023-08-24 12:53:07.562301,2023-08-24 12:53:08.535481,0 days 00:00:00.973180,0.7000000000000001,2,0.4,0.00018978404708625552,7.187512811544814e-08,30,20,COMPLETE,0.0,,,,,,,,,,,,,,,,,,,,
133,133,0.5125,2023-08-24 12:53:07.641454,2023-08-24 12:53:08.487922,0 days 00:00:00.846468,0.7000000000000001,2,0.4,0.00018053071720341496,3.061136007944148e-08,30,20,COMPLETE,0.0,,,,,,,,,,,,,,,,,,,,
134,134,0.5324725011956002,2023-08-24 12:53:08.061736,2023-08-24 12:53:08.712408,0 days 00:00:00.650672,0.7000000000000001,2,0.4,0.0001858604977412212,3.670469167784141e-05,70,20,COMPLETE,0.0,,,,,,,,,,,,,,,,,,,,
135,135,0.59375,2023-08-24 12:53:08.158281,2023-08-24 12:53:08.944385,0 days 00:00:00.786104,0.7000000000000001,2,0.4,0.00039347995763940014,3.2145629170137724e-08,10,20,COMPLETE,0.0,,,,,,,,,,,,,,,,,,,,
136,136,0.5689638554216867,2023-08-24 12:53:08.275596,2023-08-24 12:53:09.547987,0 days 00:00:01.272391,0.7000000000000001,2,0.4,5.514826394229232e-05,2.8565611004163545e-08,10,21,COMPLETE,0.0,,,,,,,,,,,,,,,,,,,,
137,137,0.5487179487179487,2023-08-24 12:53:08.352668,2023-08-24 12:53:09.121349,0 days 00:00:00.768681,0.7000000000000001,2,0.4,0.0004115161354994448,4.0008603162468295e-05,100,20,COMPLETE,0.0,,,,,,,,,,,,,,,,,,,,
138,138,0.5487179487179487,2023-08-24 12:53:08.432645,2023-08-24 12:53:09.243633,0 days 00:00:00.810988,0.7000000000000001,2,0.4,0.00015033768949320578,4.4812746552248385e-07,100,18,COMPLETE,0.0,,,,,,,,,,,,,,,,,,,,
139,139,0.5407712687665588,2023-08-24 12:53:08.534421,2023-08-24 12:53:09.593191,0 days 00:00:01.058770,0.7000000000000001,2,0.6000000000000001,0.00011430429201679105,3.716286834624183e-05,40,19,COMPLETE,0.0,,,,,,,,,,,,,,,,,,,,
140,140,0.5566570833746406,2023-08-24 12:53:08.578258,2023-08-24 12:53:09.477964,0 days 00:00:00.899706,0.7000000000000001,2,0.6000000000000001,0.00012375573255453247,4.403156630417463e-05,40,10,COMPLETE,0.0,,,,,,,,,,,,,,,,,,,,
141,141,0.5692307692307692,2023-08-24 12:53:08.583008,2023-08-24 12:53:09.287820,0 days 00:00:00.704812,0.7000000000000001,2,0.6000000000000001,0.00012968810442111453,4.6301060999577876e-07,100,11,COMPLETE,0.0,,,,,,,,,,,,,,,,,,,,
142,142,0.5369725125822687,2023-08-24 12:53:08.752533,2023-08-24 12:53:09.660385,0 days 00:00:00.907852,0.7000000000000001,2,0.6000000000000001,6.38028002294855e-05,1.7344270399958655e-05,40,11,COMPLETE,0.0,,,,,,,,,,,,,,,,,,,,
143,143,0.5566570833746406,2023-08-24 12:53:08.988737,2023-08-24 12:53:09.719314,0 days 00:00:00.730577,0.7000000000000001,2,0.6000000000000001,0.00011263175018541142,1.370163685616223e-07,40,10,COMPLETE,0.0,,,,,,,,,,,,,,,,,,,,
144,144,0.5566570833746406,2023-08-24 12:53:09.178933,2023-08-24 12:53:09.902537,0 days 00:00:00.723604,0.7000000000000001,2,0.6000000000000001,0.00012924564953778524,1.3721430985645665e-07,40,10,COMPLETE,0.0,,,,,,,,,,,,,,,,,,,,
145,145,0.5168408826945412,2023-08-24 12:53:09.330885,2023-08-24 12:53:10.054373,0 days 00:00:00.723488,0.6000000000000001,2,0.6000000000000001,6.678016075735236e-05,2.2652379079915664e-08,40,34,COMPLETE,0.0,,,,,,,,,,,,,,,,,,,,
146,146,0.5168408826945412,2023-08-24 12:53:09.334223,2023-08-24 12:53:09.988116,0 days 00:00:00.653893,0.6000000000000001,2,0.6000000000000001,6.099238200331e-05,1.2168449487988773e-07,40,35,COMPLETE,0.0,,,,,,,,,,,,,,,,,,,,
147,147,0.5369725125822687,2023-08-24 12:53:09.520788,2023-08-24 12:53:10.421973,0 days 00:00:00.901185,0.6000000000000001,2,0.5,5.742731862971908e-05,1.7156464709612574e-05,40,28,COMPLETE,0.0,,,,,,,,,,,,,,,,,,,,
148,148,0.5973674022454512,2023-08-24 12:53:09.635226,2023-08-24 12:53:10.688673,0 days 00:00:01.053447,0.7000000000000001,2,0.5,5.976919919124674e-05,1.4254803890456093e-07,40,28,COMPLETE,0.0,,,,,,,,,,,,,,,,,,,,
149,149,0.5973674022454512,2023-08-24 12:53:09.641282,2023-08-24 12:53:10.606347,0 days 00:00:00.965065,0.7000000000000001,2,0.5,7.330491949373278e-05,2.1817594924792076e-05,40,35,COMPLETE,0.0,,,,,,,,,,,,,,,,,,,,
150,150,0.5231259968102073,2023-08-24 12:53:09.707366,2023-08-24 12:53:10.768918,0 days 00:00:01.061552,0.6000000000000001,2,0.5,0.00037573822531726205,1.294780309897952e-07,40,29,COMPLETE,0.0,,,,,,,,,,,,,,,,,,,,
151,151,0.5231259968102073,2023-08-24 12:53:09.768534,2023-08-24 12:53:10.514868,0 days 00:00:00.746334,0.6000000000000001,2,0.5,0.0009324825783808851,1.4226635499054987e-07,40,34,COMPLETE,0.0,,,,,,,,,,,,,,,,,,,,
152,152,0.5231259968102073,2023-08-24 12:53:09.949949,2023-08-24 12:53:10.823708,0 days 00:00:00.873759,0.6000000000000001,2,0.5,0.0004292319879856392,1.179714205033691e-07,40,30,COMPLETE,0.0,,,,,,,,,,,,,,,,,,,,
153,153,0.5973674022454512,2023-08-24 12:53:10.042478,2023-08-24 12:53:10.823046,0 days 00:00:00.780568,0.7000000000000001,2,0.5,0.0003951650089999832,5.770154525988216e-08,40,30,COMPLETE,0.0,,,,,,,,,,,,,,,,,,,,
154,154,0.5973674022454512,2023-08-24 12:53:10.103985,2023-08-24 12:53:10.928961,0 days 00:00:00.824976,0.7000000000000001,2,0.5,0.0003761819254024348,9.211850659754006e-05,40,30,COMPLETE,0.0,,,,,,,,,,,,,,,,,,,,
155,155,0.5973674022454512,2023-08-24 12:53:10.461957,2023-08-24 12:53:11.168342,0 days 00:00:00.706385,0.7000000000000001,2,0.5,0.0004284072000135873,6.010898058864138e-08,40,29,COMPLETE,0.0,,,,,,,,,,,,,,,,,,,,
156,156,0.5815916004317536,2023-08-24 12:53:10.559209,2023-08-24 12:53:11.389755,0 days 00:00:00.830546,0.7000000000000001,2,0.5,0.00037663131356502404,6.009842895234993e-08,50,97,COMPLETE,0.0,,,,,,,,,,,,,,,,,,,,
157,157,0.5815916004317536,2023-08-24 12:53:10.650366,2023-08-24 12:53:11.613582,0 days 00:00:00.963216,0.7000000000000001,2,0.5,0.0004287607593163028,3.6138201367950907e-07,50,99,COMPLETE,0.0,,,,,,,,,,,,,,,,,,,,
158,158,0.5489156626506024,2023-08-24 12:53:10.731439,2023-08-24 12:53:11.747727,0 days 00:00:01.016288,0.7000000000000001,3,0.5,0.000398761756284594,5.985814551839827e-08,50,15,COMPLETE,0.0,,,,,,,,,,,,,,,,,,,,
159,159,0.5489156626506024,2023-08-24 12:53:10.815726,2023-08-24 12:53:11.801611,0 days 00:00:00.985885,0.7000000000000001,3,0.5,0.0002962709933921993,6.653348732535611e-08,50,15,COMPLETE,0.0,,,,,,,,,,,,,,,,,,,,
160,160,0.5328125,2023-08-24 12:53:10.907440,2023-08-24 12:53:11.889421,0 days 00:00:00.981981,0.7000000000000001,1,0.5,0.00028181988921640813,3.7026960814504002e-06,50,15,COMPLETE,0.0,,,,,,,,,,,,,,,,,,,,
161,161,0.5328125,2023-08-24 12:53:10.909459,2023-08-24 12:53:11.944019,0 days 00:00:01.034560,0.7000000000000001,1,0.5,0.00022941706086357713,5.268310624389801e-08,50,16,COMPLETE,0.0,,,,,,,,,,,,,,,,,,,,
162,162,0.5830163462526987,2023-08-24 12:53:10.978837,2023-08-24 12:53:11.458438,0 days 00:00:00.479601,0.7000000000000001,1,0.5,0.00017848359591425046,6.113729940025258e-08,50,2,COMPLETE,0.0,,,,,,,,,,,,,,,,,,,,
163,163,0.5645933014354066,2023-08-24 12:53:11.213951,2023-08-24 12:53:11.551828,0 days 00:00:00.337877,0.7000000000000001,1,0.5,0.00022964652571616124,4.2057194894782914e-08,50,3,COMPLETE,0.0,,,,,,,,,,,,,,,,,,,,
164,164,0.5328125,2023-08-24 12:53:11.431285,2023-08-24 12:53:12.307485,0 days 00:00:00.876200,0.7000000000000001,1,0.5,0.0008257026382136734,4.113296627755725e-06,50,13,COMPLETE,0.0,,,,,,,,,,,,,,,,,,,,
165,165,0.5385235982250909,2023-08-24 12:53:11.498698,2023-08-24 12:53:12.366105,0 days 00:00:00.867407,0.7000000000000001,3,0.5,0.00026364888652145527,3.8278120715241654e-08,70,15,COMPLETE,0.0,,,,,,,,,,,,,,,,,,,,
166,166,0.5385235982250909,2023-08-24 12:53:11.609767,2023-08-24 12:53:12.476369,0 days 00:00:00.866602,0.7000000000000001,3,0.5,0.0007752538236989242,3.2589851204564547e-07,70,12,COMPLETE,0.0,,,,,,,,,,,,,,,,,,,,
167,167,0.5385235982250909,2023-08-24 12:53:11.662884,2023-08-24 12:53:12.556791,0 days 00:00:00.893907,0.7000000000000001,3,0.5,9.693960313082735e-05,4.255143836458843e-06,70,14,COMPLETE,0.0,,,,,,,,,,,,,,,,,,,,
168,168,0.5611814345991561,2023-08-24 12:53:11.793669,2023-08-24 12:53:12.645227,0 days 00:00:00.851558,0.7000000000000001,2,0.5,0.00024875080525331715,1.0710626514675805e-06,70,15,COMPLETE,0.0,,,,,,,,,,,,,,,,,,,,
169,169,0.5973674022454512,2023-08-24 12:53:11.847189,2023-08-24 12:53:12.760934,0 days 00:00:00.913745,0.7000000000000001,2,0.5,0.0009138698365912029,1.0607101139149108e-06,40,217,COMPLETE,0.0,,,,,,,,,,,,,,,,,,,,
170,170,0.5973674022454512,2023-08-24 12:53:11.939668,2023-08-24 12:53:12.811780,0 days 00:00:00.872112,0.7000000000000001,2,0.5,0.00014406633435988056,2.7492081314090453e-07,40,55,COMPLETE,0.0,,,,,,,,,,,,,,,,,,,,
171,171,0.5973674022454512,2023-08-24 12:53:11.990305,2023-08-24 12:53:12.812203,0 days 00:00:00.821898,0.7000000000000001,2,0.5,2.5933024302703136e-06,1.0373108610718527e-06,40,54,COMPLETE,0.0,,,,,,,,,,,,,,,,,,,,
172,172,0.5973674022454512,2023-08-24 12:53:12.349482,2023-08-24 12:53:13.159924,0 days 00:00:00.810442,0.7000000000000001,2,0.5,2.307198591996036e-06,2.9596458846150895e-07,40,24,COMPLETE,0.0,,,,,,,,,,,,,,,,,,,,
173,173,0.5973674022454512,2023-08-24 12:53:12.406821,2023-08-24 12:53:13.324296,0 days 00:00:00.917475,0.7000000000000001,2,0.5,0.00013762633047598733,2.5462868861965384e-07,40,222,COMPLETE,0.0,,,,,,,,,,,,,,,,,,,,
174,174,0.5973674022454512,2023-08-24 12:53:12.518140,2023-08-24 12:53:13.545655,0 days 00:00:01.027515,0.7000000000000001,2,0.5,0.00014303441414426345,2.2409525444093027e-07,40,56,COMPLETE,0.0,,,,,,,,,,,,,,,,,,,,
175,175,0.5973674022454512,2023-08-24 12:53:12.603011,2023-08-24 12:53:13.602003,0 days 00:00:00.998992,0.7000000000000001,2,0.5,0.00014148819269132844,2.2225903067159946e-07,40,219,COMPLETE,0.0,,,,,,,,,,,,,,,,,,,,
176,176,0.5973674022454512,2023-08-24 12:53:12.698567,2023-08-24 12:53:13.811727,0 days 00:00:01.113160,0.7000000000000001,2,0.5,0.00015507816588122017,2.6238851769716887e-07,40,25,COMPLETE,0.0,,,,,,,,,,,,,,,,,,,,
177,177,0.5973674022454512,2023-08-24 12:53:12.806146,2023-08-24 12:53:13.706424,0 days 00:00:00.900278,0.7000000000000001,2,0.5,2.2273456836866837e-06,2.075947535730666e-07,40,24,COMPLETE,0.0,,,,,,,,,,,,,,,,,,,,
178,178,0.5973674022454512,2023-08-24 12:53:12.893125,2023-08-24 12:53:13.864020,0 days 00:00:00.970895,0.7000000000000001,2,0.5,0.00015193340149184916,2.1347117109964792e-07,40,38,COMPLETE,0.0,,,,,,,,,,,,,,,,,,,,
179,179,0.5973674022454512,2023-08-24 12:53:12.897769,2023-08-24 12:53:13.749044,0 days 00:00:00.851275,0.7000000000000001,2,0.5,0.00015352975369193185,1.9638286275207417e-07,40,38,COMPLETE,0.0,,,,,,,,,,,,,,,,,,,,
180,180,0.5973674022454512,2023-08-24 12:53:13.201369,2023-08-24 12:53:13.924686,0 days 00:00:00.723317,0.7000000000000001,2,0.5,0.0001664817650441845,2.298510618538363e-07,40,41,COMPLETE,0.0,,,,,,,,,,,,,,,,,,,,
181,181,0.5973674022454512,2023-08-24 12:53:13.366942,2023-08-24 12:53:14.063458,0 days 00:00:00.696516,0.7000000000000001,2,0.5,0.00020421687176937035,1.794338184202098e-07,40,41,COMPLETE,0.0,,,,,,,,,,,,,,,,,,,,
182,182,0.5973674022454512,2023-08-24 12:53:13.589704,2023-08-24 12:53:14.558682,0 days 00:00:00.968978,0.7000000000000001,2,0.5,9.96860813725343e-07,5.510505327059132e-07,40,38,COMPLETE,0.0,,,,,,,,,,,,,,,,,,,,
183,183,0.5973674022454512,2023-08-24 12:53:13.649075,2023-08-24 12:53:14.631118,0 days 00:00:00.982043,0.7000000000000001,2,0.5,0.00020462870920654025,4.905212027741861e-07,40,40,COMPLETE,0.0,,,,,,,,,,,,,,,,,,,,
184,184,0.4926829268292683,2023-08-24 12:53:13.789331,2023-08-24 12:53:14.909979,0 days 00:00:01.120648,0.7000000000000001,2,0.8,0.00023341687287302848,1.0329466425559783e-07,40,40,COMPLETE,0.0,,,,,,,,,,,,,,,,,,,,
185,185,0.5973674022454512,2023-08-24 12:53:13.794254,2023-08-24 12:53:15.045654,0 days 00:00:01.251400,0.7000000000000001,2,0.5,8.805524138462612e-05,4.943561038829576e-07,40,45,COMPLETE,0.0,,,,,,,,,,,,,,,,,,,,
186,186,0.5973674022454512,2023-08-24 12:53:13.855443,2023-08-24 12:53:14.978497,0 days 00:00:01.123054,0.7000000000000001,2,0.5,7.922532553094738e-07,4.437914344044368e-07,40,38,COMPLETE,0.0,,,,,,,,,,,,,,,,,,,,
187,187,0.5973674022454512,2023-08-24 12:53:13.911609,2023-08-24 12:53:14.813868,0 days 00:00:00.902259,0.7000000000000001,2,0.5,1.0282111848864296e-06,9.749521700737094e-08,40,43,COMPLETE,0.0,,,,,,,,,,,,,,,,,,,,
188,188,0.5973674022454512,2023-08-24 12:53:13.968295,2023-08-24 12:53:14.696822,0 days 00:00:00.728527,0.7000000000000001,2,0.5,8.595171196220975e-05,1.1490370809480191e-07,40,65,COMPLETE,0.0,,,,,,,,,,,,,,,,,,,,
189,189,0.5973674022454512,2023-08-24 12:53:14.111040,2023-08-24 12:53:14.739974,0 days 00:00:00.628934,0.7000000000000001,2,0.5,8.345571942847042e-05,1.0254714919002445e-07,40,23,COMPLETE,0.0,,,,,,,,,,,,,,,,,,,,
190,190,0.4926829268292683,2023-08-24 12:53:14.599111,2023-08-24 12:53:15.692774,0 days 00:00:01.093663,0.7000000000000001,2,0.8,9.960983310214937e-05,1.0912644367068266e-07,40,22,COMPLETE,0.0,,,,,,,,,,,,,,,,,,,,
191,191,0.5638581776591689,2023-08-24 12:53:14.676596,2023-08-24 12:53:15.757881,0 days 00:00:01.081285,0.7000000000000001,2,0.5,9.137876545444651e-05,1.01288318173652e-07,40,7,COMPLETE,0.0,,,,,,,,,,,,,,,,,,,,
192,192,0.5973674022454512,2023-08-24 12:53:14.738591,2023-08-24 12:53:15.840509,0 days 00:00:01.101918,0.7000000000000001,2,0.7000000000000001,9.261111603496426e-05,8.896902100935348e-08,40,7,COMPLETE,0.0,,,,,,,,,,,,,,,,,,,,
193,193,0.5487179487179487,2023-08-24 12:53:14.787636,2023-08-24 12:53:15.648898,0 days 00:00:00.861262,0.7000000000000001,2,0.8,2.829669731527153e-05,8.277712029398756e-08,40,7,COMPLETE,0.0,,,,,,,,,,,,,,,,,,,,
194,194,0.5652765626518907,2023-08-24 12:53:14.860342,2023-08-24 12:53:16.003529,0 days 00:00:01.143187,0.7000000000000001,2,0.7000000000000001,3.103436211968047e-05,1.400258346281717e-07,40,27,COMPLETE,0.0,,,,,,,,,,,,,,,,,,,,
195,195,0.5689638554216867,2023-08-24 12:53:14.971376,2023-08-24 12:53:15.900898,0 days 00:00:00.929522,0.7000000000000001,2,0.5,3.9078293873384795e-05,1.536889227830159e-08,40,8,COMPLETE,0.0,,,,,,,,,,,,,,,,,,,,
196,196,0.5251141552511416,2023-08-24 12:53:15.090282,2023-08-24 12:53:16.109659,0 days 00:00:01.019377,0.7000000000000001,2,0.5,0.0005816625174970116,6.981753469507024e-06,20,20,COMPLETE,0.0,,,,,,,,,,,,,,,,,,,,
197,197,0.5638581776591689,2023-08-24 12:53:15.107081,2023-08-24 12:53:15.604043,0 days 00:00:00.496962,0.7000000000000001,2,0.5,3.786309983092662e-05,1.4438455544661425e-07,40,7,COMPLETE,0.0,,,,,,,,,,,,,,,,,,,,
198,198,0.5973674022454512,2023-08-24 12:53:15.689456,2023-08-24 12:53:16.884342,0 days 00:00:01.194886,0.7000000000000001,2,0.5,3.6834349617449738e-06,2.5897766529538895e-05,40,20,COMPLETE,0.0,,,,,,,,,,,,,,,,,,,,
199,199,0.5099749373433584,2023-08-24 12:53:15.693883,2023-08-24 12:53:17.276998,0 days 00:00:01.583115,0.7000000000000001,2,0.5,6.462728765569724e-05,8.241922286393129e-06,20,28,COMPLETE,0.0,,,,,,,,,,,,,,,,,,,,
200,200,0.5973674022454512,2023-08-24 12:53:15.737456,2023-08-24 12:53:16.604337,0 days 00:00:00.866881,0.7000000000000001,2,0.5,2.26241815619446e-05,2.2619736009499815e-05,40,20,COMPLETE,0.0,,,,,,,,,,,,,,,,,,,,
201,201,0.5973674022454512,2023-08-24 12:53:15.805779,2023-08-24 12:53:16.795851,0 days 00:00:00.990072,0.7000000000000001,2,0.5,3.5750900496536304e-06,5.916790775320755e-05,40,29,COMPLETE,0.0,,,,,,,,,,,,,,,,,,,,
