,number,value,datetime_start,datetime_complete,duration,params_bagging_fraction,params_bagging_freq,params_feature_fraction,params_lambda_l1,params_lambda_l2,params_min_child_samples,params_num_leaves,state,best_trial,dev_acc,dev_recall_macro,dev_precision_macro,dev_f1_macro,dev_recall_0,dev_precision_0,dev_f1_0,dev_recall_1,dev_precision_1,dev_f1_1,test_acc,test_recall_macro,test_precision_macro,test_f1_macro,test_recall_0,test_precision_0,test_f1_0,test_recall_1,test_precision_1,test_f1_1
100,100,0.49686874011597254,2023-08-23 23:29:26.039778,2023-08-23 23:29:28.445300,0 days 00:00:02.405522,0.7000000000000001,2,0.4,0.0003111985324706115,0.000283311762172518,40,86,COMPLETE,0.0,,,,,,,,,,,,,,,,,,,,
101,101,0.5320219537244795,2023-08-23 23:29:26.454592,2023-08-23 23:29:29.149193,0 days 00:00:02.694601,0.7000000000000001,3,0.8,0.0004962706326389831,0.00041379737955940646,40,102,COMPLETE,0.0,,,,,,,,,,,,,,,,,,,,
102,102,0.507182320441989,2023-08-23 23:29:26.677468,2023-08-23 23:29:29.629752,0 days 00:00:02.952284,0.7000000000000001,2,0.8,0.0005559843709080462,0.00022946205196141035,40,102,COMPLETE,0.0,,,,,,,,,,,,,,,,,,,,
103,103,0.5283775252525253,2023-08-23 23:29:26.900674,2023-08-23 23:29:28.753774,0 days 00:00:01.853100,0.7000000000000001,2,0.8,0.0006833001966297148,0.000408039003797045,60,102,COMPLETE,0.0,,,,,,,,,,,,,,,,,,,,
104,104,0.5091183889705146,2023-08-23 23:29:27.419792,2023-08-23 23:29:29.881325,0 days 00:00:02.461533,0.8,2,0.4,0.0005255539318185521,0.0004396925840687288,40,102,COMPLETE,0.0,,,,,,,,,,,,,,,,,,,,
105,105,0.5212542632789572,2023-08-23 23:29:27.762312,2023-08-23 23:29:29.211667,0 days 00:00:01.449355,0.8,2,0.4,0.0006213116556292644,0.000429698051760621,40,45,COMPLETE,0.0,,,,,,,,,,,,,,,,,,,,
106,106,0.4956935531066662,2023-08-23 23:29:27.871492,2023-08-23 23:29:30.333285,0 days 00:00:02.461793,0.8,2,0.4,6.119709670182678e-05,0.00022293947071143556,40,86,COMPLETE,0.0,,,,,,,,,,,,,,,,,,,,
107,107,0.5086756190063034,2023-08-23 23:29:27.983230,2023-08-23 23:29:30.093715,0 days 00:00:02.110485,0.6000000000000001,1,0.5,5.2815410335330074e-05,4.71232295345257e-05,40,86,COMPLETE,0.0,,,,,,,,,,,,,,,,,,,,
108,108,0.5320901198625646,2023-08-23 23:29:28.490927,2023-08-23 23:29:30.679018,0 days 00:00:02.188091,0.8,2,0.5,0.0007526568394200837,4.30764753694468e-05,60,112,COMPLETE,0.0,,,,,,,,,,,,,,,,,,,,
109,109,0.49359772281518416,2023-08-23 23:29:28.797873,2023-08-23 23:29:31.713736,0 days 00:00:02.915863,0.8,2,0.4,5.1992494062991093e-05,1.879378920869729e-05,60,111,COMPLETE,0.0,,,,,,,,,,,,,,,,,,,,
110,110,0.5100746971313791,2023-08-23 23:29:29.198775,2023-08-23 23:29:31.982762,0 days 00:00:02.783987,0.8,3,0.4,5.443463999600473e-05,4.5069862283079586e-05,40,145,COMPLETE,0.0,,,,,,,,,,,,,,,,,,,,
111,111,0.5305477743605816,2023-08-23 23:29:29.269496,2023-08-23 23:29:31.076341,0 days 00:00:01.806845,0.6000000000000001,3,0.5,5.055578106699247e-05,8.899069104978844e-05,50,145,COMPLETE,0.0,,,,,,,,,,,,,,,,,,,,
112,112,0.5190862404724694,2023-08-23 23:29:29.671463,2023-08-23 23:29:33.154403,0 days 00:00:03.482940,0.6000000000000001,3,0.5,5.506179466998666e-05,4.233363225743996e-05,20,146,COMPLETE,0.0,,,,,,,,,,,,,,,,,,,,
113,113,0.476486819626189,2023-08-23 23:29:29.923905,2023-08-23 23:29:33.286061,0 days 00:00:03.362156,0.6000000000000001,1,0.5,7.248047476379297e-05,0.00010038177299973151,20,147,COMPLETE,0.0,,,,,,,,,,,,,,,,,,,,
114,114,0.5305477743605816,2023-08-23 23:29:30.149613,2023-08-23 23:29:31.892187,0 days 00:00:01.742574,0.6000000000000001,3,0.5,0.00020514893103741608,0.00010647562716782806,50,114,COMPLETE,0.0,,,,,,,,,,,,,,,,,,,,
115,115,0.5305477743605816,2023-08-23 23:29:30.375216,2023-08-23 23:29:32.370167,0 days 00:00:01.994951,0.6000000000000001,3,0.5,0.000219597812199132,0.00010573447389435202,50,122,COMPLETE,0.0,,,,,,,,,,,,,,,,,,,,
116,116,0.5315003632144742,2023-08-23 23:29:30.725180,2023-08-23 23:29:32.965834,0 days 00:00:02.240654,0.9,3,0.5,0.0012452541411510113,3.947440240584588e-05,60,123,COMPLETE,0.0,,,,,,,,,,,,,,,,,,,,
117,117,0.5249373433583959,2023-08-23 23:29:31.119789,2023-08-23 23:29:33.857407,0 days 00:00:02.737618,0.9,3,0.5,0.0013243016302252435,8.155875483549295e-05,50,144,COMPLETE,0.0,,,,,,,,,,,,,,,,,,,,
118,118,0.5249373433583959,2023-08-23 23:29:31.757748,2023-08-23 23:29:34.716794,0 days 00:00:02.959046,0.9,3,0.5,0.001367998174325183,9.197480239094585e-05,50,144,COMPLETE,0.0,,,,,,,,,,,,,,,,,,,,
119,119,0.51022283721214,2023-08-23 23:29:31.937491,2023-08-23 23:29:35.124695,0 days 00:00:03.187204,0.9,3,0.5,0.00021573575370355543,8.074659151589474e-05,50,145,COMPLETE,0.0,,,,,,,,,,,,,,,,,,,,
120,120,0.51022283721214,2023-08-23 23:29:32.036373,2023-08-23 23:29:35.166280,0 days 00:00:03.129907,0.9,3,0.5,0.00019932102276022916,9.735536457529192e-05,50,147,COMPLETE,0.0,,,,,,,,,,,,,,,,,,,,
121,121,0.5287385181930407,2023-08-23 23:29:32.418724,2023-08-23 23:29:35.073562,0 days 00:00:02.654838,1.0,3,0.5,0.00182373647434593,7.417565821186696e-05,50,137,COMPLETE,0.0,,,,,,,,,,,,,,,,,,,,
122,122,0.5269569235292882,2023-08-23 23:29:33.009250,2023-08-23 23:29:34.373723,0 days 00:00:01.364473,0.6000000000000001,3,0.5,0.001277699485047694,8.217113149316966e-05,60,134,COMPLETE,0.0,,,,,,,,,,,,,,,,,,,,
123,123,0.5274110210611902,2023-08-23 23:29:33.201074,2023-08-23 23:29:35.290632,0 days 00:00:02.089558,0.8,3,0.5,0.0014044454211997086,6.579226246717092e-05,60,135,COMPLETE,0.0,,,,,,,,,,,,,,,,,,,,
124,124,0.5315003632144742,2023-08-23 23:29:33.329612,2023-08-23 23:29:35.854681,0 days 00:00:02.525069,0.9,3,0.5,0.0013561518848651463,6.512437830240932e-05,60,135,COMPLETE,0.0,,,,,,,,,,,,,,,,,,,,
125,125,0.5340124193525041,2023-08-23 23:29:33.906000,2023-08-23 23:29:36.219093,0 days 00:00:02.313093,1.0,3,0.5,0.0018225006615854996,6.0742589349161855e-05,60,135,COMPLETE,0.0,,,,,,,,,,,,,,,,,,,,
126,126,0.5246151261210173,2023-08-23 23:29:34.419605,2023-08-23 23:29:36.543371,0 days 00:00:02.123766,0.9,3,0.5,0.0032604152242218607,2.3297728405432587e-05,60,136,COMPLETE,0.0,,,,,,,,,,,,,,,,,,,,
127,127,0.5269569235292882,2023-08-23 23:29:34.761597,2023-08-23 23:29:36.643185,0 days 00:00:01.881588,0.6000000000000001,3,0.5,0.003152853420689318,2.297563292362287e-05,60,124,COMPLETE,0.0,,,,,,,,,,,,,,,,,,,,
128,128,0.5203795466526093,2023-08-23 23:29:35.121732,2023-08-23 23:29:37.936293,0 days 00:00:02.814561,0.9,3,0.5,0.003908773751835825,1.4795172235783015e-05,60,123,COMPLETE,0.0,,,,,,,,,,,,,,,,,,,,
129,129,0.5269569235292882,2023-08-23 23:29:35.210105,2023-08-23 23:29:37.017534,0 days 00:00:01.807429,0.6000000000000001,3,0.5,0.0031468620083972155,1.4085007689637784e-05,60,113,COMPLETE,0.0,,,,,,,,,,,,,,,,,,,,
130,130,0.5241529009234391,2023-08-23 23:29:35.217896,2023-08-23 23:29:37.729231,0 days 00:00:02.511335,1.0,3,0.5,3.675367227570565e-05,2.304689105697532e-05,60,122,COMPLETE,0.0,,,,,,,,,,,,,,,,,,,,
131,131,0.5269569235292882,2023-08-23 23:29:35.335434,2023-08-23 23:29:37.197167,0 days 00:00:01.861733,0.6000000000000001,3,0.5,0.0038862976169054216,2.6837308317367385e-05,60,119,COMPLETE,0.0,,,,,,,,,,,,,,,,,,,,
132,132,0.5152320634573909,2023-08-23 23:29:35.898173,2023-08-23 23:29:38.495172,0 days 00:00:02.596999,1.0,3,0.6000000000000001,0.005669285528086076,2.2666446813446125e-05,60,121,COMPLETE,0.0,,,,,,,,,,,,,,,,,,,,
133,133,0.5400583855413783,2023-08-23 23:29:36.262624,2023-08-23 23:29:38.905906,0 days 00:00:02.643282,1.0,3,0.6000000000000001,0.0009204225146253639,2.4534752694602023e-05,60,125,COMPLETE,0.0,,,,,,,,,,,,,,,,,,,,
134,134,0.526014366779283,2023-08-23 23:29:36.599543,2023-08-23 23:29:38.809721,0 days 00:00:02.210178,1.0,3,0.6000000000000001,0.0025331151255469355,1.453203512005844e-05,70,122,COMPLETE,0.0,,,,,,,,,,,,,,,,,,,,
135,135,0.5400583855413783,2023-08-23 23:29:36.686925,2023-08-23 23:29:39.232688,0 days 00:00:02.545763,1.0,3,0.6000000000000001,0.0008718997446729116,1.418492116306134e-05,60,119,COMPLETE,0.0,,,,,,,,,,,,,,,,,,,,
136,136,0.5152320634573909,2023-08-23 23:29:37.064909,2023-08-23 23:29:39.910175,0 days 00:00:02.845266,1.0,3,0.6000000000000001,0.0053642848644128134,3.87306062807729e-05,60,242,COMPLETE,0.0,,,,,,,,,,,,,,,,,,,,
137,137,0.5166456228956229,2023-08-23 23:29:37.242891,2023-08-23 23:29:39.727273,0 days 00:00:02.484382,1.0,2,0.6000000000000001,0.0008836997819392605,4.751360839461547e-05,70,242,COMPLETE,0.0,,,,,,,,,,,,,,,,,,,,
138,138,0.5166456228956229,2023-08-23 23:29:37.772844,2023-08-23 23:29:39.661835,0 days 00:00:01.888991,1.0,3,0.6000000000000001,0.0008493457517795697,4.278142156679303e-05,70,241,COMPLETE,0.0,,,,,,,,,,,,,,,,,,,,
139,139,0.5264969753031268,2023-08-23 23:29:37.981824,2023-08-23 23:29:40.061706,0 days 00:00:02.079882,1.0,3,0.6000000000000001,0.0020653250255085035,4.477205040006672e-05,70,140,COMPLETE,0.0,,,,,,,,,,,,,,,,,,,,
140,140,0.5166456228956229,2023-08-23 23:29:38.549420,2023-08-23 23:29:40.742959,0 days 00:00:02.193539,1.0,3,0.6000000000000001,0.0008675770808076396,4.390911522863367e-05,70,132,COMPLETE,0.0,,,,,,,,,,,,,,,,,,,,
141,141,0.5166456228956229,2023-08-23 23:29:38.854970,2023-08-23 23:29:41.169731,0 days 00:00:02.314761,1.0,3,0.5,0.0009362420508620311,4.035428085754299e-05,70,240,COMPLETE,0.0,,,,,,,,,,,,,,,,,,,,
142,142,0.5166456228956229,2023-08-23 23:29:38.989485,2023-08-23 23:29:41.023539,0 days 00:00:02.034054,1.0,2,0.6000000000000001,0.0008947845071496161,3.355025732254393e-05,70,127,COMPLETE,0.0,,,,,,,,,,,,,,,,,,,,
143,143,0.5166456228956229,2023-08-23 23:29:39.275693,2023-08-23 23:29:41.464816,0 days 00:00:02.189123,1.0,3,0.6000000000000001,0.0009520377935050682,3.813837341227788e-05,70,131,COMPLETE,0.0,,,,,,,,,,,,,,,,,,,,
144,144,0.5400583855413783,2023-08-23 23:29:39.705853,2023-08-23 23:29:42.340235,0 days 00:00:02.634382,1.0,3,0.6000000000000001,0.0009317264365606763,3.501051747248363e-05,60,133,COMPLETE,0.0,,,,,,,,,,,,,,,,,,,,
145,145,0.5340124193525041,2023-08-23 23:29:39.778032,2023-08-23 23:29:41.858305,0 days 00:00:02.080273,1.0,3,0.6000000000000001,0.0020186538958849743,7.0462863221861015e-06,60,130,COMPLETE,0.0,,,,,,,,,,,,,,,,,,,,
146,146,0.5264969753031268,2023-08-23 23:29:39.954829,2023-08-23 23:29:42.024588,0 days 00:00:02.069759,1.0,3,0.6000000000000001,0.002045099326263648,7.748418382294575e-06,70,133,COMPLETE,0.0,,,,,,,,,,,,,,,,,,,,
147,147,0.5405614215812515,2023-08-23 23:29:40.106225,2023-08-23 23:29:43.393341,0 days 00:00:03.287116,1.0,3,0.6000000000000001,0.00041072013481596243,1.1020260594791491e-05,30,133,COMPLETE,0.0,,,,,,,,,,,,,,,,,,,,
148,148,0.5302568315507318,2023-08-23 23:29:40.785082,2023-08-23 23:29:43.056663,0 days 00:00:02.271581,1.0,2,0.6000000000000001,0.000356692298878678,7.155172720486712e-06,60,96,COMPLETE,0.0,,,,,,,,,,,,,,,,,,,,
149,149,0.5161844875295329,2023-08-23 23:29:41.064475,2023-08-23 23:29:43.775942,0 days 00:00:02.711467,0.9,3,0.5,0.0017762936932194688,7.106868827831066e-06,60,116,COMPLETE,0.0,,,,,,,,,,,,,,,,,,,,
150,150,0.5226857333499055,2023-08-23 23:29:41.213323,2023-08-23 23:29:43.520107,0 days 00:00:02.306784,1.0,2,0.6000000000000001,0.0003922001485040966,7.188569113075167e-06,60,97,COMPLETE,0.0,,,,,,,,,,,,,,,,,,,,
151,151,0.5291695192503671,2023-08-23 23:29:41.508193,2023-08-23 23:29:43.966805,0 days 00:00:02.458612,0.9,2,1.0,0.0004476466838061324,9.240646821311145e-06,60,115,COMPLETE,0.0,,,,,,,,,,,,,,,,,,,,
152,152,0.5446477656483154,2023-08-23 23:29:41.899862,2023-08-23 23:29:44.442479,0 days 00:00:02.542617,1.0,3,0.6000000000000001,0.00047842852686759733,7.741371349665976e-06,60,114,COMPLETE,0.0,,,,,,,,,,,,,,,,,,,,
153,153,0.5315003632144742,2023-08-23 23:29:42.068985,2023-08-23 23:29:44.384635,0 days 00:00:02.315650,0.9,3,0.6000000000000001,0.001607617100949087,9.086846263317447e-06,60,117,COMPLETE,0.0,,,,,,,,,,,,,,,,,,,,
154,154,0.5250817079599367,2023-08-23 23:29:42.385840,2023-08-23 23:29:45.032077,0 days 00:00:02.646237,1.0,3,0.6000000000000001,0.00044960546941132145,5.9522613699778145e-06,20,116,COMPLETE,0.0,,,,,,,,,,,,,,,,,,,,
155,155,0.5311851240625016,2023-08-23 23:29:43.101841,2023-08-23 23:29:45.884454,0 days 00:00:02.782613,1.0,3,0.6000000000000001,0.0004871735678832107,9.143097818634678e-06,20,115,COMPLETE,0.0,,,,,,,,,,,,,,,,,,,,
156,156,0.5250784350391656,2023-08-23 23:29:43.435360,2023-08-23 23:29:46.959469,0 days 00:00:03.524109,1.0,3,0.6000000000000001,0.00048328637832318916,1.146893526702411e-05,30,139,COMPLETE,0.0,,,,,,,,,,,,,,,,,,,,
157,157,0.5304284374022724,2023-08-23 23:29:43.569284,2023-08-23 23:29:46.872215,0 days 00:00:03.302931,1.0,3,0.6000000000000001,0.0005279414406812216,2.6974914976938326e-06,30,116,COMPLETE,0.0,,,,,,,,,,,,,,,,,,,,
158,158,0.5275565139197776,2023-08-23 23:29:43.820906,2023-08-23 23:29:46.585514,0 days 00:00:02.764608,1.0,3,0.6000000000000001,0.0004781024260518169,3.3661407847760435e-06,30,140,COMPLETE,0.0,,,,,,,,,,,,,,,,,,,,
159,159,0.5058610796092962,2023-08-23 23:29:44.010949,2023-08-23 23:29:47.158013,0 days 00:00:03.147064,1.0,3,0.6000000000000001,0.0005798383386290964,1.1809822454024046e-05,30,127,COMPLETE,0.0,,,,,,,,,,,,,,,,,,,,
160,160,0.5377177157476958,2023-08-23 23:29:44.427196,2023-08-23 23:29:46.807714,0 days 00:00:02.380518,1.0,3,0.6000000000000001,0.0005729802113292754,2.529047319992005e-06,30,126,COMPLETE,0.0,,,,,,,,,,,,,,,,,,,,
161,161,0.5494210647161085,2023-08-23 23:29:44.485668,2023-08-23 23:29:47.469958,0 days 00:00:02.984290,1.0,3,0.6000000000000001,0.0005406183762250829,4.729475693679864e-06,30,109,COMPLETE,0.0,,,,,,,,,,,,,,,,,,,,
162,162,0.49096348138629253,2023-08-23 23:29:45.073976,2023-08-23 23:29:45.590469,0 days 00:00:00.516493,1.0,3,0.6000000000000001,0.00027429538638003076,2.754621680891008e-06,30,21,COMPLETE,0.0,,,,,,,,,,,,,,,,,,,,
163,163,0.5277454085461059,2023-08-23 23:29:45.638110,2023-08-23 23:29:47.334925,0 days 00:00:01.696815,1.0,3,0.6000000000000001,0.0006344874333767746,1.2801777122816745e-05,30,55,COMPLETE,0.0,,,,,,,,,,,,,,,,,,,,
164,164,0.5277851304009342,2023-08-23 23:29:45.925581,2023-08-23 23:29:49.330539,0 days 00:00:03.404958,1.0,3,0.6000000000000001,0.00016302337954864857,4.393148123768959e-06,30,151,COMPLETE,0.0,,,,,,,,,,,,,,,,,,,,
165,165,0.5207930576088278,2023-08-23 23:29:46.628695,2023-08-23 23:29:49.268665,0 days 00:00:02.639970,1.0,3,0.7000000000000001,0.0006275914679590251,1.2257781073509891e-05,30,108,COMPLETE,0.0,,,,,,,,,,,,,,,,,,,,
166,166,0.5275565139197776,2023-08-23 23:29:46.862081,2023-08-23 23:29:49.425560,0 days 00:00:02.563479,1.0,3,0.6000000000000001,0.000731260691094186,1.4078810114110655e-05,30,140,COMPLETE,0.0,,,,,,,,,,,,,,,,,,,,
167,167,0.5215464491972482,2023-08-23 23:29:46.928380,2023-08-23 23:29:50.704416,0 days 00:00:03.776036,1.0,3,0.6000000000000001,0.0006696083928455622,1.5636731931649916e-05,30,151,COMPLETE,0.0,,,,,,,,,,,,,,,,,,,,
168,168,0.504420957286022,2023-08-23 23:29:47.012061,2023-08-23 23:29:50.099742,0 days 00:00:03.087681,1.0,3,0.6000000000000001,0.00028781177346453907,1.4404054184006423e-05,30,108,COMPLETE,0.0,,,,,,,,,,,,,,,,,,,,
169,169,0.5281695984069035,2023-08-23 23:29:47.205521,2023-08-23 23:29:52.220318,0 days 00:00:05.014797,1.0,3,0.7000000000000001,0.0002884376484894042,1.4964639756810991e-05,20,217,COMPLETE,0.0,,,,,,,,,,,,,,,,,,,,
170,170,0.5394483157067809,2023-08-23 23:29:47.382024,2023-08-23 23:29:49.788475,0 days 00:00:02.406451,1.0,3,0.7000000000000001,0.0001272483524183082,5.1441468168293046e-06,20,109,COMPLETE,0.0,,,,,,,,,,,,,,,,,,,,
171,171,0.5091556907381944,2023-08-23 23:29:47.520479,2023-08-23 23:29:50.641800,0 days 00:00:03.121321,1.0,3,0.6000000000000001,0.0002731586017653066,5.412978649204819e-06,20,109,COMPLETE,0.0,,,,,,,,,,,,,,,,,,,,
172,172,0.5291695192503671,2023-08-23 23:29:49.314303,2023-08-23 23:29:52.837945,0 days 00:00:03.523642,1.0,3,0.6000000000000001,0.00011169638665726547,4.9756047125481536e-06,20,150,COMPLETE,0.0,,,,,,,,,,,,,,,,,,,,
173,173,0.5339218436322635,2023-08-23 23:29:49.374976,2023-08-23 23:29:53.563010,0 days 00:00:04.188034,1.0,3,0.6000000000000001,0.0003040803269260449,1.2041393912044633e-06,20,227,COMPLETE,0.0,,,,,,,,,,,,,,,,,,,,
174,174,0.534918313082259,2023-08-23 23:29:49.473539,2023-08-23 23:29:54.296042,0 days 00:00:04.822503,1.0,3,0.6000000000000001,0.007030244434880516,1.9207242961779105e-06,20,227,COMPLETE,0.0,,,,,,,,,,,,,,,,,,,,
175,175,0.5213383838383838,2023-08-23 23:29:49.840981,2023-08-23 23:29:52.897733,0 days 00:00:03.056752,1.0,3,0.7000000000000001,9.105645099171417e-05,4.151807923309446e-06,20,127,COMPLETE,0.0,,,,,,,,,,,,,,,,,,,,
176,176,0.5189923573982352,2023-08-23 23:29:50.155356,2023-08-23 23:29:53.677635,0 days 00:00:03.522279,1.0,3,0.7000000000000001,0.0001236804107806218,2.0027462403966354e-06,20,158,COMPLETE,0.0,,,,,,,,,,,,,,,,,,,,
177,177,0.5223622988744769,2023-08-23 23:29:50.690038,2023-08-23 23:29:54.820197,0 days 00:00:04.130159,1.0,3,0.7000000000000001,9.023196986599995e-05,3.5586802429315745e-06,20,161,COMPLETE,0.0,,,,,,,,,,,,,,,,,,,,
178,178,0.5196366133866134,2023-08-23 23:29:50.769812,2023-08-23 23:29:56.111986,0 days 00:00:05.342174,1.0,3,0.7000000000000001,9.892750814386654e-05,2.249513953637493e-06,20,219,COMPLETE,0.0,,,,,,,,,,,,,,,,,,,,
179,179,0.5213383838383838,2023-08-23 23:29:52.271528,2023-08-23 23:29:54.959300,0 days 00:00:02.687772,1.0,3,0.7000000000000001,9.274853299717405e-05,1.976253724249293e-06,20,127,COMPLETE,0.0,,,,,,,,,,,,,,,,,,,,
180,180,0.5222406868310672,2023-08-23 23:29:52.888627,2023-08-23 23:29:56.250291,0 days 00:00:03.361664,1.0,3,0.7000000000000001,0.00015011521243001543,2.5283565797814323e-06,20,125,COMPLETE,0.0,,,,,,,,,,,,,,,,,,,,
181,181,0.5236847643097643,2023-08-23 23:29:52.974137,2023-08-23 23:29:55.951811,0 days 00:00:02.977674,1.0,3,0.6000000000000001,0.00014894680640173774,1.9435864884042344e-05,20,130,COMPLETE,0.0,,,,,,,,,,,,,,,,,,,,
182,182,0.5406874956818055,2023-08-23 23:29:53.612157,2023-08-23 23:29:59.195542,0 days 00:00:05.583385,1.0,3,0.6000000000000001,0.00015822358961659316,2.2502335828249276e-06,20,254,COMPLETE,0.0,,,,,,,,,,,,,,,,,,,,
183,183,0.5217395852949177,2023-08-23 23:29:53.729789,2023-08-23 23:29:58.249999,0 days 00:00:04.520210,1.0,3,0.6000000000000001,0.00018681393119573006,5.208060321475159e-06,20,225,COMPLETE,0.0,,,,,,,,,,,,,,,,,,,,
184,184,0.5453387615483187,2023-08-23 23:29:54.355980,2023-08-23 23:29:58.981899,0 days 00:00:04.625919,1.0,3,0.6000000000000001,0.008928189903700513,1.67539680509549e-06,20,232,COMPLETE,0.0,,,,,,,,,,,,,,,,,,,,
185,185,0.5295948203842941,2023-08-23 23:29:54.865774,2023-08-23 23:29:58.978860,0 days 00:00:04.113086,1.0,3,0.6000000000000001,0.009885787948343997,1.9207162722597306e-06,20,218,COMPLETE,0.0,,,,,,,,,,,,,,,,,,,,
186,186,0.52851421935457,2023-08-23 23:29:55.008103,2023-08-23 23:29:59.864830,0 days 00:00:04.856727,1.0,3,0.6000000000000001,0.014991634986646405,1.3451868166243974e-06,20,230,COMPLETE,0.0,,,,,,,,,,,,,,,,,,,,
187,187,0.5246809284915911,2023-08-23 23:29:55.994723,2023-08-23 23:30:00.234314,0 days 00:00:04.239591,1.0,3,0.6000000000000001,0.009307868631788936,1.3569725933298237e-06,30,256,COMPLETE,0.0,,,,,,,,,,,,,,,,,,,,
188,188,0.5165690480388124,2023-08-23 23:29:56.160675,2023-08-23 23:30:01.381033,0 days 00:00:05.220358,1.0,3,0.6000000000000001,0.007706660572853734,2.248914777561548e-06,10,221,COMPLETE,0.0,,,,,,,,,,,,,,,,,,,,
189,189,0.5363402256161193,2023-08-23 23:29:56.300876,2023-08-23 23:30:01.286955,0 days 00:00:04.986079,1.0,3,0.6000000000000001,0.00858505276049481,1.0491462652310313e-06,10,249,COMPLETE,0.0,,,,,,,,,,,,,,,,,,,,
190,190,0.5263137979940581,2023-08-23 23:29:58.295569,2023-08-23 23:30:04.485296,0 days 00:00:06.189727,1.0,3,0.6000000000000001,0.005899724254395124,1.1687268939020848e-06,10,256,COMPLETE,0.0,,,,,,,,,,,,,,,,,,,,
191,191,0.5294715248607991,2023-08-23 23:29:59.027516,2023-08-23 23:30:03.363122,0 days 00:00:04.335606,1.0,3,0.6000000000000001,0.00856897260782509,1.2150931935871433e-06,30,253,COMPLETE,0.0,,,,,,,,,,,,,,,,,,,,
192,192,0.5185260153107565,2023-08-23 23:29:59.101726,2023-08-23 23:30:04.117896,0 days 00:00:05.016170,1.0,3,0.6000000000000001,0.006635118444875257,1.4487328006258917e-06,30,251,COMPLETE,0.0,,,,,,,,,,,,,,,,,,,,
193,193,0.513667450083635,2023-08-23 23:29:59.266800,2023-08-23 23:30:03.029340,0 days 00:00:03.762540,1.0,3,0.6000000000000001,0.00888269465626471,9.351708607991774e-07,10,226,COMPLETE,0.0,,,,,,,,,,,,,,,,,,,,
194,194,0.5358204122935681,2023-08-23 23:29:59.914519,2023-08-23 23:30:05.127834,0 days 00:00:05.213315,1.0,3,0.6000000000000001,0.008487648009251399,6.19201255171149e-07,20,256,COMPLETE,0.0,,,,,,,,,,,,,,,,,,,,
195,195,0.5446477656483154,2023-08-23 23:30:00.293835,2023-08-23 23:30:05.638325,0 days 00:00:05.344490,1.0,3,0.6000000000000001,0.0026119045996314118,8.112832273623103e-07,10,246,COMPLETE,0.0,,,,,,,,,,,,,,,,,,,,
196,196,0.5255219688076471,2023-08-23 23:30:01.338862,2023-08-23 23:30:06.512076,0 days 00:00:05.173214,1.0,3,0.6000000000000001,0.005318510535112429,4.917736005702272e-07,10,250,COMPLETE,0.0,,,,,,,,,,,,,,,,,,,,
197,197,0.5180565141088085,2023-08-23 23:30:01.444280,2023-08-23 23:30:06.679752,0 days 00:00:05.235472,1.0,3,0.6000000000000001,0.002739071501824744,5.597809887096656e-07,10,233,COMPLETE,0.0,,,,,,,,,,,,,,,,,,,,
198,198,0.534473080538192,2023-08-23 23:30:03.074408,2023-08-23 23:30:08.054015,0 days 00:00:04.979607,1.0,3,0.6000000000000001,0.015799981967601934,7.02379463086753e-07,10,250,COMPLETE,0.0,,,,,,,,,,,,,,,,,,,,
199,199,0.5283550365729655,2023-08-23 23:30:03.418608,2023-08-23 23:30:08.770189,0 days 00:00:05.351581,1.0,3,0.6000000000000001,0.01333605301521689,9.140189343642404e-07,10,253,COMPLETE,0.0,,,,,,,,,,,,,,,,,,,,
200,200,0.5277887793955602,2023-08-23 23:30:04.167266,2023-08-23 23:30:09.701416,0 days 00:00:05.534150,1.0,3,0.6000000000000001,0.0024263648927100165,6.524803809423577e-07,10,253,COMPLETE,0.0,,,,,,,,,,,,,,,,,,,,
201,201,0.5077443802656267,2023-08-23 23:30:04.537947,2023-08-23 23:30:09.823099,0 days 00:00:05.285152,1.0,3,0.6000000000000001,0.019125600286231892,9.094870125023691e-07,10,247,COMPLETE,0.0,,,,,,,,,,,,,,,,,,,,
