,number,value,datetime_start,datetime_complete,duration,params_bagging_fraction,params_bagging_freq,params_feature_fraction,params_lambda_l1,params_lambda_l2,params_min_child_samples,params_num_leaves,state,best_trial,dev_acc,dev_recall_macro,dev_precision_macro,dev_f1_macro,dev_recall_0,dev_precision_0,dev_f1_0,dev_recall_1,dev_precision_1,dev_f1_1,test_acc,test_recall_macro,test_precision_macro,test_f1_macro,test_recall_0,test_precision_0,test_f1_0,test_recall_1,test_precision_1,test_f1_1
103,103,0.6280304247417814,2023-08-23 23:47:12.554756,2023-08-23 23:47:13.378897,0 days 00:00:00.824141,0.9,3,0.9,4.2837007598054855e-07,0.02209931577604996,80,8,COMPLETE,0.0,,,,,,,,,,,,,,,,,,,,
104,104,0.6358217566269379,2023-08-23 23:47:12.630952,2023-08-23 23:47:14.149113,0 days 00:00:01.518161,0.9,3,0.9,1.91312179952954e-07,0.019783835867462154,100,29,COMPLETE,0.0,,,,,,,,,,,,,,,,,,,,
105,105,0.6315455618210736,2023-08-23 23:47:12.724414,2023-08-23 23:47:13.549468,0 days 00:00:00.825054,0.9,3,0.9,1.8898914484287194e-07,0.006145143814807256,80,10,COMPLETE,0.0,,,,,,,,,,,,,,,,,,,,
106,106,0.6268194260939122,2023-08-23 23:47:12.993102,2023-08-23 23:47:13.770581,0 days 00:00:00.777479,0.9,3,0.9,2.671785908860417e-07,0.005205081117884555,80,7,COMPLETE,0.0,,,,,,,,,,,,,,,,,,,,
107,107,0.6291925448327774,2023-08-23 23:47:13.309605,2023-08-23 23:47:14.754716,0 days 00:00:01.445111,0.9,3,0.9,2.2055526049748058e-07,0.005243834430955316,80,28,COMPLETE,0.0,,,,,,,,,,,,,,,,,,,,
108,108,0.6314944284739674,2023-08-23 23:47:13.432277,2023-08-23 23:47:14.367844,0 days 00:00:00.935567,0.9,3,0.9,3.2740477427139834e-07,0.007243227899419515,80,16,COMPLETE,0.0,,,,,,,,,,,,,,,,,,,,
109,109,0.638959512224705,2023-08-23 23:47:13.593149,2023-08-23 23:47:15.105420,0 days 00:00:01.512271,0.9,3,0.9,2.1212230813696372e-07,0.003905015129863901,80,29,COMPLETE,0.0,,,,,,,,,,,,,,,,,,,,
110,110,0.6105473642678794,2023-08-23 23:47:13.667589,2023-08-23 23:47:17.760591,0 days 00:00:04.093002,0.9,3,0.9,2.573836273035158e-07,0.005052138101395605,90,134,COMPLETE,0.0,,,,,,,,,,,,,,,,,,,,
111,111,0.633595699186871,2023-08-23 23:47:13.823943,2023-08-23 23:47:14.932534,0 days 00:00:01.108591,0.9,3,0.9,1.5866048064792783e-07,0.016593342808931554,90,19,COMPLETE,0.0,,,,,,,,,,,,,,,,,,,,
112,112,0.6339987879621867,2023-08-23 23:47:14.194566,2023-08-23 23:47:15.513558,0 days 00:00:01.318992,0.9,3,0.9,1.8838919764724186e-07,0.00450710314415992,90,30,COMPLETE,0.0,,,,,,,,,,,,,,,,,,,,
113,113,0.6307847837455844,2023-08-23 23:47:14.414734,2023-08-23 23:47:15.925035,0 days 00:00:01.510301,0.9,3,0.9,1.8870990102718837e-07,0.004018931395784077,90,29,COMPLETE,0.0,,,,,,,,,,,,,,,,,,,,
114,114,0.6373543390051434,2023-08-23 23:47:14.808341,2023-08-23 23:47:16.268779,0 days 00:00:01.460438,0.9,3,0.9,1.2539107925063382e-06,0.015685415434303237,90,36,COMPLETE,0.0,,,,,,,,,,,,,,,,,,,,
115,115,0.6156708986806074,2023-08-23 23:47:14.978917,2023-08-23 23:47:18.820321,0 days 00:00:03.841404,0.9,3,0.9,9.629668419954565e-08,0.004413851132586,90,129,COMPLETE,0.0,,,,,,,,,,,,,,,,,,,,
116,116,0.6267170757299549,2023-08-23 23:47:15.158148,2023-08-23 23:47:16.892898,0 days 00:00:01.734750,0.9,3,0.9,1.4795833051854715e-06,0.003779347280651654,90,47,COMPLETE,0.0,,,,,,,,,,,,,,,,,,,,
117,117,0.6162948095593727,2023-08-23 23:47:15.555206,2023-08-23 23:47:19.473596,0 days 00:00:03.918390,0.9,3,0.9,7.696924757189957e-08,0.0038458615459216424,90,135,COMPLETE,0.0,,,,,,,,,,,,,,,,,,,,
118,118,0.6316671260318094,2023-08-23 23:47:15.612502,2023-08-23 23:47:17.258455,0 days 00:00:01.645953,0.9,3,0.9,1.605724343983645e-06,0.0025466698781164403,90,48,COMPLETE,0.0,,,,,,,,,,,,,,,,,,,,
119,119,0.6330388073568809,2023-08-23 23:47:15.985027,2023-08-23 23:47:17.404696,0 days 00:00:01.419669,0.9,3,0.9,8.49663056533863e-08,0.004251255505609382,70,34,COMPLETE,0.0,,,,,,,,,,,,,,,,,,,,
120,120,0.6280677305259189,2023-08-23 23:47:16.312680,2023-08-23 23:47:17.709079,0 days 00:00:01.396399,0.9,3,0.9,1.267611314072752e-06,0.014879030984819516,90,37,COMPLETE,0.0,,,,,,,,,,,,,,,,,,,,
121,121,0.6323652327489803,2023-08-23 23:47:16.888226,2023-08-23 23:47:18.596113,0 days 00:00:01.707887,0.9,3,0.9,7.939912855095307e-08,0.004228784212209458,90,45,COMPLETE,0.0,,,,,,,,,,,,,,,,,,,,
122,122,0.6267440710987002,2023-08-23 23:47:16.940484,2023-08-23 23:47:18.376365,0 days 00:00:01.435881,0.9,3,0.9,7.016012682813476e-08,0.03578289947032678,70,35,COMPLETE,0.0,,,,,,,,,,,,,,,,,,,,
123,123,0.627376126492817,2023-08-23 23:47:17.301495,2023-08-23 23:47:18.890194,0 days 00:00:01.588699,0.9,3,0.9,5.529035040725476e-07,0.036736100965688495,70,38,COMPLETE,0.0,,,,,,,,,,,,,,,,,,,,
124,124,0.6321003665156752,2023-08-23 23:47:17.451784,2023-08-23 23:47:18.992998,0 days 00:00:01.541214,0.9,3,0.9,7.432784623100812e-08,0.03205025551951643,90,37,COMPLETE,0.0,,,,,,,,,,,,,,,,,,,,
125,125,0.6343359515560612,2023-08-23 23:47:17.754966,2023-08-23 23:47:19.288094,0 days 00:00:01.533128,0.9,3,0.9,8.184282107399854e-08,0.033925574990620974,90,38,COMPLETE,0.0,,,,,,,,,,,,,,,,,,,,
126,126,0.6309873959282892,2023-08-23 23:47:17.819140,2023-08-23 23:47:20.034129,0 days 00:00:02.214989,0.9,3,0.9,5.804082655586855e-08,0.03390116058577754,60,62,COMPLETE,0.0,,,,,,,,,,,,,,,,,,,,
127,127,0.6283919519855707,2023-08-23 23:47:18.426642,2023-08-23 23:47:19.969203,0 days 00:00:01.542561,0.8,3,0.9,5.446069304266115e-07,0.032866711841538464,60,37,COMPLETE,0.0,,,,,,,,,,,,,,,,,,,,
128,128,0.6340158599294812,2023-08-23 23:47:18.638437,2023-08-23 23:47:20.215830,0 days 00:00:01.577393,0.9,3,0.9,5.135919331607773e-07,0.0014924183582523563,100,30,COMPLETE,0.0,,,,,,,,,,,,,,,,,,,,
129,129,0.6299328370008853,2023-08-23 23:47:18.865399,2023-08-23 23:47:20.473119,0 days 00:00:01.607720,0.9,3,0.9,5.73782012999768e-07,0.14316769047131897,60,29,COMPLETE,0.0,,,,,,,,,,,,,,,,,,,,
130,130,0.6340158599294812,2023-08-23 23:47:18.936531,2023-08-23 23:47:20.632201,0 days 00:00:01.695670,0.9,3,0.9,9.381723272876422e-07,0.0013969712571591407,100,30,COMPLETE,0.0,,,,,,,,,,,,,,,,,,,,
131,131,0.6338655719358173,2023-08-23 23:47:19.038031,2023-08-23 23:47:21.190484,0 days 00:00:02.152453,0.9,3,0.9,2.5288639139941366e-06,0.013919688103928811,60,61,COMPLETE,0.0,,,,,,,,,,,,,,,,,,,,
132,132,0.620855527447223,2023-08-23 23:47:19.332406,2023-08-23 23:47:21.400117,0 days 00:00:02.067711,0.8,3,0.9,3.3665535353687064e-05,0.1399639512464106,60,60,COMPLETE,0.0,,,,,,,,,,,,,,,,,,,,
133,133,0.6112900659758027,2023-08-23 23:47:19.517985,2023-08-23 23:47:24.725247,0 days 00:00:05.207262,0.8,3,0.9,3.277150489294147e-05,0.007037837697233363,60,199,COMPLETE,0.0,,,,,,,,,,,,,,,,,,,,
134,134,0.6308594197968803,2023-08-23 23:47:20.013311,2023-08-23 23:47:21.463296,0 days 00:00:01.449985,0.9,3,0.9,1.0244662418996355e-06,0.01372700104860107,80,28,COMPLETE,0.0,,,,,,,,,,,,,,,,,,,,
135,135,0.6330119861054833,2023-08-23 23:47:20.085720,2023-08-23 23:47:21.752421,0 days 00:00:01.666701,0.8,3,0.9,9.494378119098233e-07,0.06480758635929453,100,30,COMPLETE,0.0,,,,,,,,,,,,,,,,,,,,
136,136,0.6330610603127937,2023-08-23 23:47:20.262722,2023-08-23 23:47:21.622030,0 days 00:00:01.359308,0.9,3,0.9,9.440073122377917e-07,0.06584748871184178,100,30,COMPLETE,0.0,,,,,,,,,,,,,,,,,,,,
137,137,0.6332881789296384,2023-08-23 23:47:20.519605,2023-08-23 23:47:21.966048,0 days 00:00:01.446443,0.8,3,0.9,2.970228056429118e-07,0.0022927869223692064,100,20,COMPLETE,0.0,,,,,,,,,,,,,,,,,,,,
138,138,0.6299080916566197,2023-08-23 23:47:20.678523,2023-08-23 23:47:21.817766,0 days 00:00:01.139243,0.9,3,0.9,9.412678504110911e-07,0.001268961632319431,100,19,COMPLETE,0.0,,,,,,,,,,,,,,,,,,,,
139,139,0.6243765221042354,2023-08-23 23:47:21.235359,2023-08-23 23:47:22.469836,0 days 00:00:01.234477,0.9,3,0.6000000000000001,2.4386018360946423e-07,0.0017481024019589785,100,20,COMPLETE,0.0,,,,,,,,,,,,,,,,,,,,
140,140,0.6299080916566197,2023-08-23 23:47:21.444381,2023-08-23 23:47:22.763989,0 days 00:00:01.319608,0.9,3,0.9,8.88359049598768e-07,0.0011816543777207252,100,19,COMPLETE,0.0,,,,,,,,,,,,,,,,,,,,
141,141,0.628115436321173,2023-08-23 23:47:21.507985,2023-08-23 23:47:22.685487,0 days 00:00:01.177502,0.9,3,0.6000000000000001,2.8668924054082003e-07,0.001759048174677301,100,21,COMPLETE,0.0,,,,,,,,,,,,,,,,,,,,
142,142,0.6296238418164749,2023-08-23 23:47:21.666018,2023-08-23 23:47:22.886985,0 days 00:00:01.220967,0.9,3,0.9,3.679035016120403e-07,0.002504364559120497,100,20,COMPLETE,0.0,,,,,,,,,,,,,,,,,,,,
143,143,0.5994183117143721,2023-08-23 23:47:21.797000,2023-08-23 23:47:23.016845,0 days 00:00:01.219845,0.9,3,0.4,3.3768805621380027e-07,0.00116012767086966,100,22,COMPLETE,0.0,,,,,,,,,,,,,,,,,,,,
144,144,0.6313901125586037,2023-08-23 23:47:21.861220,2023-08-23 23:47:23.739458,0 days 00:00:01.878238,0.9,3,0.9,3.1059438377687897e-07,0.0016608126347501197,100,48,COMPLETE,0.0,,,,,,,,,,,,,,,,,,,,
145,145,0.6294678482926624,2023-08-23 23:47:22.012921,2023-08-23 23:47:23.619371,0 days 00:00:01.606450,0.9,3,0.9,1.2374337663257348e-07,0.00713449021597989,100,45,COMPLETE,0.0,,,,,,,,,,,,,,,,,,,,
146,146,0.6313901125586037,2023-08-23 23:47:22.519644,2023-08-23 23:47:24.228764,0 days 00:00:01.709120,0.9,3,0.9,1.510332720486827e-07,0.0006582341062788508,100,48,COMPLETE,0.0,,,,,,,,,,,,,,,,,,,,
147,147,0.624816222630989,2023-08-23 23:47:22.735516,2023-08-23 23:47:25.028346,0 days 00:00:02.292830,0.9,3,0.9,4.5145870419733057e-07,0.008472013695252781,100,49,COMPLETE,0.0,,,,,,,,,,,,,,,,,,,,
148,148,0.638353246218107,2023-08-23 23:47:22.807219,2023-08-23 23:47:24.641321,0 days 00:00:01.834102,0.9,3,0.9,3.6456488513764762e-06,0.014695821288917693,10,46,COMPLETE,0.0,,,,,,,,,,,,,,,,,,,,
149,149,0.6385484940800581,2023-08-23 23:47:22.931330,2023-08-23 23:47:24.851884,0 days 00:00:01.920554,0.9,3,0.9,2.0087560644340692e-06,0.007142881621452332,100,47,COMPLETE,0.0,,,,,,,,,,,,,,,,,,,,
150,150,0.6273112103441663,2023-08-23 23:47:23.058967,2023-08-23 23:47:24.797101,0 days 00:00:01.738134,0.9,3,0.9,3.0602806375917145e-06,0.007812806564955027,90,48,COMPLETE,0.0,,,,,,,,,,,,,,,,,,,,
151,151,0.6273842394213431,2023-08-23 23:47:23.662918,2023-08-23 23:47:25.314271,0 days 00:00:01.651353,0.9,3,0.9,3.997730983609704e-06,0.014761740326451644,90,41,COMPLETE,0.0,,,,,,,,,,,,,,,,,,,,
152,152,0.630531666902354,2023-08-23 23:47:23.783553,2023-08-23 23:47:25.178406,0 days 00:00:01.394853,0.9,3,0.9,3.7930218387901303e-06,0.0006781910953275506,90,33,COMPLETE,0.0,,,,,,,,,,,,,,,,,,,,
153,153,0.6273842394213431,2023-08-23 23:47:24.277433,2023-08-23 23:47:25.821994,0 days 00:00:01.544561,0.9,3,0.9,3.603382819629426e-06,0.01766514730325621,90,41,COMPLETE,0.0,,,,,,,,,,,,,,,,,,,,
154,154,0.632470975782178,2023-08-23 23:47:24.687357,2023-08-23 23:47:26.481415,0 days 00:00:01.794058,0.9,3,0.9,1.678874085226701e-06,0.024823882136518843,10,42,COMPLETE,0.0,,,,,,,,,,,,,,,,,,,,
155,155,0.6301944685385836,2023-08-23 23:47:24.772377,2023-08-23 23:47:27.058847,0 days 00:00:02.286470,0.9,3,0.9,4.873322498382831e-07,0.02278698350648874,90,41,COMPLETE,0.0,,,,,,,,,,,,,,,,,,,,
156,156,0.6301944685385836,2023-08-23 23:47:24.846146,2023-08-23 23:47:26.675920,0 days 00:00:01.829774,0.9,3,1.0,1.8870968805567397e-06,0.023301214756093154,90,41,COMPLETE,0.0,,,,,,,,,,,,,,,,,,,,
157,157,0.6289693030199359,2023-08-23 23:47:24.900435,2023-08-23 23:47:26.776279,0 days 00:00:01.875844,0.9,3,1.0,3.6023113435471722e-06,0.021272123860306125,100,40,COMPLETE,0.0,,,,,,,,,,,,,,,,,,,,
158,158,0.6302473707023057,2023-08-23 23:47:25.075502,2023-08-23 23:47:26.587078,0 days 00:00:01.511576,0.9,3,0.9,4.150270801858753e-06,0.02299249542389742,10,33,COMPLETE,0.0,,,,,,,,,,,,,,,,,,,,
159,159,0.6289693030199359,2023-08-23 23:47:25.223353,2023-08-23 23:47:26.944798,0 days 00:00:01.721445,0.9,3,0.9,1.949235772929178e-06,0.023790663217729702,100,40,COMPLETE,0.0,,,,,,,,,,,,,,,,,,,,
160,160,0.6285587042007548,2023-08-23 23:47:25.363320,2023-08-23 23:47:27.235552,0 days 00:00:01.872232,0.9,3,1.0,5.247217066138891e-06,0.02359592667256693,100,41,COMPLETE,0.0,,,,,,,,,,,,,,,,,,,,
161,161,0.6352458108311401,2023-08-23 23:47:25.870183,2023-08-23 23:47:27.491684,0 days 00:00:01.621501,0.9,3,1.0,1.4327961635665384e-06,0.02388919116458379,10,33,COMPLETE,0.0,,,,,,,,,,,,,,,,,,,,
162,162,0.6352458108311401,2023-08-23 23:47:26.528144,2023-08-23 23:47:28.223664,0 days 00:00:01.695520,0.9,3,1.0,1.7567941427308395e-06,0.02318392199181501,10,33,COMPLETE,0.0,,,,,,,,,,,,,,,,,,,,
163,163,0.6321003665156752,2023-08-23 23:47:26.629802,2023-08-23 23:47:28.052628,0 days 00:00:01.422826,0.9,3,1.0,2.3210474793392416e-06,0.052234642990461225,10,26,COMPLETE,0.0,,,,,,,,,,,,,,,,,,,,
164,164,0.6230344020403817,2023-08-23 23:47:26.721980,2023-08-23 23:47:28.292277,0 days 00:00:01.570297,0.9,3,0.7000000000000001,2.1090825853047263e-07,0.04700735033700639,100,26,COMPLETE,0.0,,,,,,,,,,,,,,,,,,,,
165,165,0.6246830276976656,2023-08-23 23:47:26.818192,2023-08-23 23:47:28.108598,0 days 00:00:01.290406,1.0,3,0.7000000000000001,1.3132293981178259e-05,0.04747584050008229,10,26,COMPLETE,0.0,,,,,,,,,,,,,,,,,,,,
166,166,0.6312340914689218,2023-08-23 23:47:26.985963,2023-08-23 23:47:27.865032,0 days 00:00:00.879069,1.0,3,0.7000000000000001,1.814948990097396e-07,0.04505693174396002,10,13,COMPLETE,0.0,,,,,,,,,,,,,,,,,,,,
167,167,0.6290379505549777,2023-08-23 23:47:27.107378,2023-08-23 23:47:28.417920,0 days 00:00:01.310542,1.0,3,0.7000000000000001,1.8620919005001486e-07,0.057438123854856374,10,26,COMPLETE,0.0,,,,,,,,,,,,,,,,,,,,
168,168,0.6327517650932333,2023-08-23 23:47:27.278183,2023-08-23 23:47:28.546185,0 days 00:00:01.268002,0.9,3,0.9,2.138417690244725e-06,0.01198730331843367,50,26,COMPLETE,0.0,,,,,,,,,,,,,,,,,,,,
169,169,0.6318317755102141,2023-08-23 23:47:27.535867,2023-08-23 23:47:28.712558,0 days 00:00:01.176691,0.9,3,0.7000000000000001,1.0757731690458682e-05,0.05030405271903578,10,25,COMPLETE,0.0,,,,,,,,,,,,,,,,,,,,
170,170,0.6274806982438762,2023-08-23 23:47:27.908749,2023-08-23 23:47:29.073094,0 days 00:00:01.164345,0.9,3,1.0,6.658907739353911e-07,0.011443850578429485,100,27,COMPLETE,0.0,,,,,,,,,,,,,,,,,,,,
171,171,0.6119002606294006,2023-08-23 23:47:28.097658,2023-08-23 23:47:32.149847,0 days 00:00:04.052189,0.9,3,0.9,1.1546722332941453e-05,0.013291790957224206,100,236,COMPLETE,0.0,,,,,,,,,,,,,,,,,,,,
172,172,0.631488841618152,2023-08-23 23:47:28.158682,2023-08-23 23:47:29.929134,0 days 00:00:01.770452,0.9,3,0.9,1.3722463109399118e-06,0.012036286100708102,10,35,COMPLETE,0.0,,,,,,,,,,,,,,,,,,,,
173,173,0.6339361771199807,2023-08-23 23:47:28.272495,2023-08-23 23:47:29.795162,0 days 00:00:01.522667,0.9,3,1.0,1.3458634940475751e-06,0.07149100544986775,10,33,COMPLETE,0.0,,,,,,,,,,,,,,,,,,,,
174,174,0.6330659099577995,2023-08-23 23:47:28.339848,2023-08-23 23:47:30.329081,0 days 00:00:01.989233,0.9,3,1.0,1.4539344502757425e-06,0.014364432425770669,20,34,COMPLETE,0.0,,,,,,,,,,,,,,,,,,,,
175,175,0.6346173282560257,2023-08-23 23:47:28.479716,2023-08-23 23:47:30.466565,0 days 00:00:01.986849,0.9,3,1.0,1.4540739980573432e-06,0.012457462918553347,20,34,COMPLETE,0.0,,,,,,,,,,,,,,,,,,,,
176,176,0.6373698480481276,2023-08-23 23:47:28.591129,2023-08-23 23:47:30.404138,0 days 00:00:01.813009,0.9,3,1.0,1.3088273587992321e-06,0.08409733260678845,20,33,COMPLETE,0.0,,,,,,,,,,,,,,,,,,,,
177,177,0.6312263513917302,2023-08-23 23:47:28.758943,2023-08-23 23:47:30.143187,0 days 00:00:01.384244,0.9,2,1.0,1.3034964683809518e-06,0.013582304774034321,20,34,COMPLETE,0.0,,,,,,,,,,,,,,,,,,,,
178,178,0.634936432082059,2023-08-23 23:47:29.116399,2023-08-23 23:47:30.568746,0 days 00:00:01.452347,0.9,3,1.0,1.0929301735328138e-07,0.002668506216068737,10,33,COMPLETE,0.0,,,,,,,,,,,,,,,,,,,,
179,179,0.6292911458272085,2023-08-23 23:47:29.838547,2023-08-23 23:47:31.168048,0 days 00:00:01.329501,0.9,3,1.0,7.116916542653046e-07,0.0056609387973827145,20,32,COMPLETE,0.0,,,,,,,,,,,,,,,,,,,,
180,180,0.6252412208066456,2023-08-23 23:47:29.974895,2023-08-23 23:47:32.042036,0 days 00:00:02.067141,0.9,3,1.0,1.1805061146050354e-07,0.002652348869823131,20,55,COMPLETE,0.0,,,,,,,,,,,,,,,,,,,,
181,181,0.627432909574664,2023-08-23 23:47:30.190985,2023-08-23 23:47:31.858680,0 days 00:00:01.667695,0.9,3,0.9,9.506390595211765e-08,0.0029218472756424086,20,55,COMPLETE,0.0,,,,,,,,,,,,,,,,,,,,
182,182,0.6324469745934594,2023-08-23 23:47:30.376002,2023-08-23 23:47:32.795509,0 days 00:00:02.419507,0.9,3,0.9,6.99354934054043e-07,0.0031994892520499276,10,54,COMPLETE,0.0,,,,,,,,,,,,,,,,,,,,
183,183,0.6333273850969854,2023-08-23 23:47:30.452757,2023-08-23 23:47:32.649502,0 days 00:00:02.196745,0.9,3,1.0,5.485596606656238e-06,0.08602518596701256,20,53,COMPLETE,0.0,,,,,,,,,,,,,,,,,,,,
184,184,0.6314829680742504,2023-08-23 23:47:30.511739,2023-08-23 23:47:32.525439,0 days 00:00:02.013700,0.9,3,1.0,5.44934290360983e-06,0.10699342577106576,20,55,COMPLETE,0.0,,,,,,,,,,,,,,,,,,,,
185,185,0.6302577193553265,2023-08-23 23:47:30.617459,2023-08-23 23:47:32.730087,0 days 00:00:02.112628,0.9,3,1.0,2.7258540386049763e-06,0.11790409990505106,20,54,COMPLETE,0.0,,,,,,,,,,,,,,,,,,,,
186,186,0.6298536978168645,2023-08-23 23:47:31.211752,2023-08-23 23:47:33.066982,0 days 00:00:01.855230,0.9,3,1.0,2.803421668117102e-06,0.10200409435557249,20,55,COMPLETE,0.0,,,,,,,,,,,,,,,,,,,,
187,187,0.6124796219980865,2023-08-23 23:47:31.901644,2023-08-23 23:47:38.254394,0 days 00:00:06.352750,0.9,3,1.0,2.2589668162206692e-06,0.09316688426168551,20,235,COMPLETE,0.0,,,,,,,,,,,,,,,,,,,,
188,188,0.6274543435850217,2023-08-23 23:47:32.087190,2023-08-23 23:47:33.950379,0 days 00:00:01.863189,0.9,3,1.0,2.43654489284985e-06,0.03418037984766009,10,47,COMPLETE,0.0,,,,,,,,,,,,,,,,,,,,
189,189,0.6218695288450391,2023-08-23 23:47:32.194541,2023-08-23 23:47:34.022504,0 days 00:00:01.827963,0.9,3,1.0,2.677653807551675e-06,0.03100097103141686,10,51,COMPLETE,0.0,,,,,,,,,,,,,,,,,,,,
190,190,0.6320801993320093,2023-08-23 23:47:32.572097,2023-08-23 23:47:34.689419,0 days 00:00:02.117322,0.9,3,1.0,1.926284373071361e-06,0.03272125001940812,10,46,COMPLETE,0.0,,,,,,,,,,,,,,,,,,,,
191,191,0.6302526888324629,2023-08-23 23:47:32.701025,2023-08-23 23:47:33.863782,0 days 00:00:01.162757,0.9,3,1.0,2.373911453661351e-06,0.03190660724207792,10,37,COMPLETE,0.0,,,,,,,,,,,,,,,,,,,,
192,192,0.6308256937802763,2023-08-23 23:47:32.780458,2023-08-23 23:47:34.625369,0 days 00:00:01.844911,0.9,3,1.0,1.0211892500777638e-06,0.0008567875521628332,10,37,COMPLETE,0.0,,,,,,,,,,,,,,,,,,,,
193,193,0.6318449411096383,2023-08-23 23:47:32.852524,2023-08-23 23:47:34.555957,0 days 00:00:01.703433,0.9,3,1.0,5.3513872936880376e-08,0.028926547116229624,10,38,COMPLETE,0.0,,,,,,,,,,,,,,,,,,,,
194,194,0.6327650410865189,2023-08-23 23:47:33.116301,2023-08-23 23:47:34.405815,0 days 00:00:01.289514,0.9,3,1.0,1.0281103603867373e-06,0.03234785639627691,10,37,COMPLETE,0.0,,,,,,,,,,,,,,,,,,,,
195,195,0.6324023926395572,2023-08-23 23:47:33.910899,2023-08-23 23:47:35.699924,0 days 00:00:01.789025,0.9,3,1.0,1.051838565996565e-06,0.03143293950429509,10,46,COMPLETE,0.0,,,,,,,,,,,,,,,,,,,,
196,196,0.6346597916426169,2023-08-23 23:47:34.001225,2023-08-23 23:47:35.128144,0 days 00:00:01.126919,0.9,3,1.0,1.0768512357107922e-06,0.008288055454136092,10,14,COMPLETE,0.0,,,,,,,,,,,,,,,,,,,,
197,197,0.6228179551122195,2023-08-23 23:47:34.069797,2023-08-23 23:47:36.101220,0 days 00:00:02.031423,0.9,3,1.0,1.1202309658880646e-06,0.007999930573872084,10,45,COMPLETE,0.0,,,,,,,,,,,,,,,,,,,,
198,198,0.6276920349358017,2023-08-23 23:47:34.450748,2023-08-23 23:47:35.746422,0 days 00:00:01.295674,0.9,3,1.0,1.3408682670709686e-07,0.0077486794264433785,100,31,COMPLETE,0.0,,,,,,,,,,,,,,,,,,,,
199,199,0.6338753956588352,2023-08-23 23:47:34.606203,2023-08-23 23:47:36.688902,0 days 00:00:02.082699,0.9,3,0.9,1.1169767588421076e-07,0.0009252577936328237,100,31,COMPLETE,0.0,,,,,,,,,,,,,,,,,,,,
200,200,0.6273500468296088,2023-08-23 23:47:34.675073,2023-08-23 23:47:36.259575,0 days 00:00:01.584502,0.9,3,0.9,1.2808210111106237e-07,0.0074060261050874045,100,31,COMPLETE,0.0,,,,,,,,,,,,,,,,,,,,
201,201,0.6251432926592162,2023-08-23 23:47:34.735360,2023-08-23 23:47:36.330166,0 days 00:00:01.594806,0.7000000000000001,3,0.9,1.3569379530028315e-07,0.007909010683197023,100,31,COMPLETE,0.0,,,,,,,,,,,,,,,,,,,,
202,202,0.6355967687002944,2023-08-23 23:47:35.173849,2023-08-23 23:47:35.960534,0 days 00:00:00.786685,0.9,3,1.0,5.198444939544264e-07,0.006368058809255293,10,15,COMPLETE,0.0,,,,,,,,,,,,,,,,,,,,
203,203,0.6111754615877338,2023-08-23 23:47:35.744090,2023-08-23 23:47:36.449798,0 days 00:00:00.705708,0.9,3,1.0,5.009416933982878e-07,0.016499933630554423,10,3,COMPLETE,0.0,,,,,,,,,,,,,,,,,,,,
204,204,0.634936432082059,2023-08-23 23:47:35.800355,2023-08-23 23:47:36.855919,0 days 00:00:01.055564,0.9,3,1.0,8.161559750397263e-06,0.018598535990811103,10,15,COMPLETE,0.0,,,,,,,,,,,,,,,,,,,,
205,205,0.5952646626211706,2023-08-23 23:47:36.007985,2023-08-23 23:47:36.587968,0 days 00:00:00.579983,0.9,3,1.0,5.053672698738832e-07,0.007954884252927365,10,2,COMPLETE,0.0,,,,,,,,,,,,,,,,,,,,
206,206,0.6352798368449222,2023-08-23 23:47:36.147627,2023-08-23 23:47:37.015171,0 days 00:00:00.867544,0.9,3,1.0,4.395329359628251e-07,0.01779065658335092,10,14,COMPLETE,0.0,,,,,,,,,,,,,,,,,,,,
207,207,0.633085877733709,2023-08-23 23:47:36.303261,2023-08-23 23:47:37.405598,0 days 00:00:01.102337,0.9,3,1.0,5.502098779095322e-07,0.01754068646185889,10,11,COMPLETE,0.0,,,,,,,,,,,,,,,,,,,,
208,208,0.5952646626211706,2023-08-23 23:47:36.374005,2023-08-23 23:47:37.193993,0 days 00:00:00.819988,0.9,3,1.0,4.976385205451168e-07,0.019929699892428824,10,2,COMPLETE,0.0,,,,,,,,,,,,,,,,,,,,
209,209,0.6374431455701769,2023-08-23 23:47:36.493429,2023-08-23 23:47:37.677695,0 days 00:00:01.184266,0.9,3,1.0,1.42543544434354e-06,0.017658866751732463,10,13,COMPLETE,0.0,,,,,,,,,,,,,,,,,,,,
210,210,0.6351981637444497,2023-08-23 23:47:36.629555,2023-08-23 23:47:37.907663,0 days 00:00:01.278108,0.9,3,1.0,6.951662703733962e-07,0.01724390028745344,10,18,COMPLETE,0.0,,,,,,,,,,,,,,,,,,,,
