,number,value,datetime_start,datetime_complete,duration,params_bagging_fraction,params_bagging_freq,params_feature_fraction,params_lambda_l1,params_lambda_l2,params_min_child_samples,params_num_leaves,state,best_trial,dev_acc,dev_recall_macro,dev_precision_macro,dev_f1_macro,dev_recall_0,dev_precision_0,dev_f1_0,dev_recall_1,dev_precision_1,dev_f1_1,test_acc,test_recall_macro,test_precision_macro,test_f1_macro,test_recall_0,test_precision_0,test_f1_0,test_recall_1,test_precision_1,test_f1_1
0,0,0.679286664509402,2023-08-23 22:54:14.251563,2023-08-23 22:54:15.844520,0 days 00:00:01.592957,0.8,2,0.6000000000000001,1.323229683736623e-07,0.4791130075135105,30,31,COMPLETE,0.0,,,,,,,,,,,,,,,,,,,,
1,1,0.6771814955721092,2023-08-23 22:54:14.253929,2023-08-23 22:54:15.156261,0 days 00:00:00.902332,1.0,1,0.4,2.440160392346728e-06,0.19974218051654385,90,30,COMPLETE,0.0,,,,,,,,,,,,,,,,,,,,
2,2,0.6703418540190946,2023-08-23 22:54:14.256516,2023-08-23 22:54:19.367031,0 days 00:00:05.110515,0.7000000000000001,1,0.5,0.005220036322638563,1.3995642394542092e-07,10,147,COMPLETE,0.0,,,,,,,,,,,,,,,,,,,,
3,3,0.6723489453725212,2023-08-23 22:54:14.259671,2023-08-23 22:54:18.767876,0 days 00:00:04.508205,0.5,2,0.6000000000000001,1.807961558698145e-08,0.001771443583694021,20,250,COMPLETE,0.0,,,,,,,,,,,,,,,,,,,,
4,4,0.6758720930232558,2023-08-23 22:54:14.264133,2023-08-23 22:54:20.249352,0 days 00:00:05.985219,1.0,1,0.9,8.246623662704449e-05,3.6412685147132522e-06,10,149,COMPLETE,0.0,,,,,,,,,,,,,,,,,,,,
5,5,0.6682688115231319,2023-08-23 22:54:14.276356,2023-08-23 22:54:16.339439,0 days 00:00:02.063083,0.5,2,1.0,9.653188908177728e-05,5.7991455254562016e-05,60,182,COMPLETE,0.0,,,,,,,,,,,,,,,,,,,,
6,6,0.6758720930232558,2023-08-23 22:54:14.289735,2023-08-23 22:54:15.332066,0 days 00:00:01.042331,0.5,3,0.4,0.19344678496078058,4.859969171188739e-08,90,241,COMPLETE,0.0,,,,,,,,,,,,,,,,,,,,
7,7,0.6628722606929862,2023-08-23 22:54:14.295211,2023-08-23 22:54:18.278431,0 days 00:00:03.983220,1.0,1,0.7000000000000001,0.016447327376055126,9.482512928291395e-06,50,248,COMPLETE,0.0,,,,,,,,,,,,,,,,,,,,
8,8,0.6734501986504868,2023-08-23 22:54:15.202612,2023-08-23 22:54:17.010781,0 days 00:00:01.808169,1.0,3,0.7000000000000001,0.6747001923377193,1.7216060152668775e-05,100,178,COMPLETE,0.0,,,,,,,,,,,,,,,,,,,,
9,9,0.6582059076157118,2023-08-23 22:54:15.376963,2023-08-23 22:54:20.417724,0 days 00:00:05.040761,0.4,3,0.5,3.266970204045307e-05,1.1191724896555333e-07,10,159,COMPLETE,0.0,,,,,,,,,,,,,,,,,,,,
10,10,0.6769958549701836,2023-08-23 22:54:15.895581,2023-08-23 22:54:17.802599,0 days 00:00:01.907018,0.7000000000000001,3,0.9,3.676982116085526e-05,0.04206845249647204,90,100,COMPLETE,0.0,,,,,,,,,,,,,,,,,,,,
11,11,0.6738070098632536,2023-08-23 22:54:16.383591,2023-08-23 22:54:23.993615,0 days 00:00:07.610024,1.0,2,0.6000000000000001,0.000627286221526334,3.7922790127788056e-08,10,223,COMPLETE,0.0,,,,,,,,,,,,,,,,,,,,
12,12,0.6671504745434707,2023-08-23 22:54:17.064085,2023-08-23 22:54:20.168884,0 days 00:00:03.104799,0.8,3,0.9,1.1300087502217412e-08,0.0007073600662185958,10,61,COMPLETE,0.0,,,,,,,,,,,,,,,,,,,,
13,13,0.6907407122054949,2023-08-23 22:54:17.853679,2023-08-23 22:54:20.582259,0 days 00:00:02.728580,0.7000000000000001,3,0.4,0.3703900596768087,4.640789497195938e-06,50,84,COMPLETE,0.0,,,,,,,,,,,,,,,,,,,,
14,14,0.6823996516304208,2023-08-23 22:54:18.332869,2023-08-23 22:54:19.538732,0 days 00:00:01.205863,0.9,1,0.6000000000000001,0.02206869978209451,0.001296599928117235,90,30,COMPLETE,0.0,,,,,,,,,,,,,,,,,,,,
15,15,0.6820654279471245,2023-08-23 22:54:18.815127,2023-08-23 22:54:26.151902,0 days 00:00:07.336775,0.9,3,0.5,0.48591350000897643,2.1782392277513977e-07,10,239,COMPLETE,0.0,,,,,,,,,,,,,,,,,,,,
16,16,0.6722196401386387,2023-08-23 22:54:19.414353,2023-08-23 22:54:22.176142,0 days 00:00:02.761789,0.4,3,0.6000000000000001,0.004666499325511648,2.2211249062419998e-05,20,71,COMPLETE,0.0,,,,,,,,,,,,,,,,,,,,
17,17,0.6620450961518769,2023-08-23 22:54:19.589034,2023-08-23 22:54:22.376231,0 days 00:00:02.787197,0.8,1,0.8,0.002690861186973656,0.0014236591171301054,70,82,COMPLETE,0.0,,,,,,,,,,,,,,,,,,,,
18,18,0.6802372662798195,2023-08-23 22:54:20.214278,2023-08-23 22:54:21.040384,0 days 00:00:00.826106,0.8,2,0.6000000000000001,5.557529628736236e-07,0.5394164391411315,40,5,COMPLETE,0.0,,,,,,,,,,,,,,,,,,,,
19,19,0.6776267224409449,2023-08-23 22:54:20.316212,2023-08-23 22:54:20.740333,0 days 00:00:00.424121,0.8,2,0.6000000000000001,6.606716148905625e-07,0.33700538476466363,40,2,COMPLETE,0.0,,,,,,,,,,,,,,,,,,,,
20,20,0.6784879627416656,2023-08-23 22:54:20.466807,2023-08-23 22:54:21.284258,0 days 00:00:00.817451,0.8,2,0.6000000000000001,0.002814890766208501,0.5617335029623476,40,9,COMPLETE,0.0,,,,,,,,,,,,,,,,,,,,
21,21,0.6751322154226533,2023-08-23 22:54:20.626973,2023-08-23 22:54:23.207172,0 days 00:00:02.580199,0.8,2,0.5,0.0061118921114253185,0.0006927281111485384,60,84,COMPLETE,0.0,,,,,,,,,,,,,,,,,,,,
22,22,0.672014707860634,2023-08-23 22:54:20.789392,2023-08-23 22:54:23.595890,0 days 00:00:02.806498,0.9,2,0.5,0.003935177792075369,0.0006795829663660983,70,92,COMPLETE,0.0,,,,,,,,,,,,,,,,,,,,
23,23,0.6717415024808021,2023-08-23 22:54:21.091824,2023-08-23 22:54:23.528867,0 days 00:00:02.437043,0.9,1,0.5,0.0046300194927429,0.0005602034718338712,70,94,COMPLETE,0.0,,,,,,,,,,,,,,,,,,,,
24,24,0.6674625748985765,2023-08-23 22:54:21.330793,2023-08-23 22:54:23.734353,0 days 00:00:02.403560,0.9,1,0.4,0.0769745627823489,1.2039058619324761e-06,70,87,COMPLETE,0.0,,,,,,,,,,,,,,,,,,,,
25,25,0.6591325330153532,2023-08-23 22:54:22.228043,2023-08-23 22:54:25.323234,0 days 00:00:03.095191,0.9,1,0.8,0.049126822553569864,8.695005928283837e-07,70,102,COMPLETE,0.0,,,,,,,,,,,,,,,,,,,,
26,26,0.6790721912158797,2023-08-23 22:54:22.424592,2023-08-23 22:54:24.983680,0 days 00:00:02.559088,0.9,2,0.5,0.1347915119487415,1.6668404974646112e-06,70,102,COMPLETE,0.0,,,,,,,,,,,,,,,,,,,,
27,27,0.6612116755650757,2023-08-23 22:54:23.253356,2023-08-23 22:54:25.499266,0 days 00:00:02.245910,0.9,1,0.4,0.07064556543468939,1.799224282607224e-06,80,113,COMPLETE,0.0,,,,,,,,,,,,,,,,,,,,
28,28,0.6807481383132252,2023-08-23 22:54:23.576651,2023-08-23 22:54:25.404449,0 days 00:00:01.827798,0.6000000000000001,2,0.4,0.10027607304128017,0.02458413761492906,50,43,COMPLETE,0.0,,,,,,,,,,,,,,,,,,,,
29,29,0.6634739759778256,2023-08-23 22:54:23.648305,2023-08-23 22:54:25.226832,0 days 00:00:01.578527,0.6000000000000001,2,0.4,0.06187689958407859,0.013280829998428648,50,43,COMPLETE,0.0,,,,,,,,,,,,,,,,,,,,
30,30,0.6672320230142339,2023-08-23 22:54:23.798463,2023-08-23 22:54:26.339359,0 days 00:00:02.540896,0.6000000000000001,2,0.8,0.9992410812580264,0.015657690435995117,50,47,COMPLETE,0.0,,,,,,,,,,,,,,,,,,,,
31,31,0.6752979976564077,2023-08-23 22:54:24.039265,2023-08-23 22:54:25.950866,0 days 00:00:01.911601,0.6000000000000001,3,0.8,0.9012227184622543,0.03974077355523455,50,42,COMPLETE,0.0,,,,,,,,,,,,,,,,,,,,
32,32,0.6651578724848981,2023-08-23 22:54:25.028958,2023-08-23 22:54:27.285497,0 days 00:00:02.256539,0.6000000000000001,3,0.8,0.9854326130825516,0.025859898351690648,50,47,COMPLETE,0.0,,,,,,,,,,,,,,,,,,,,
33,33,0.637578130190579,2023-08-23 22:54:25.272608,2023-08-23 22:54:28.029502,0 days 00:00:02.756894,0.6000000000000001,3,0.8,0.5060732340414247,0.012459844376430778,30,51,COMPLETE,0.0,,,,,,,,,,,,,,,,,,,,
34,34,0.664944957880311,2023-08-23 22:54:25.372646,2023-08-23 22:54:27.939043,0 days 00:00:02.566397,0.6000000000000001,3,0.7000000000000001,0.8387389591264263,9.360391867395335e-05,40,51,COMPLETE,0.0,,,,,,,,,,,,,,,,,,,,
35,35,0.6773669543503305,2023-08-23 22:54:25.465693,2023-08-23 22:54:26.961772,0 days 00:00:01.496079,0.6000000000000001,3,0.4,0.9471019989213207,0.00015355699727941785,80,54,COMPLETE,0.0,,,,,,,,,,,,,,,,,,,,
36,36,0.6865712219218557,2023-08-23 22:54:25.550637,2023-08-23 22:54:27.446867,0 days 00:00:01.896230,0.6000000000000001,3,0.4,0.5631787007879588,8.894745374316256e-05,30,46,COMPLETE,0.0,,,,,,,,,,,,,,,,,,,,
37,37,0.6679900744416873,2023-08-23 22:54:25.994415,2023-08-23 22:54:28.376278,0 days 00:00:02.381863,0.6000000000000001,3,0.4,0.30113187595684693,0.00010346151507194434,30,58,COMPLETE,0.0,,,,,,,,,,,,,,,,,,,,
38,38,0.6609601881956537,2023-08-23 22:54:26.194601,2023-08-23 22:54:28.441367,0 days 00:00:02.246766,0.6000000000000001,3,0.4,0.43155517656328707,0.00011342529442027574,30,56,COMPLETE,0.0,,,,,,,,,,,,,,,,,,,,
39,39,0.6761832169548676,2023-08-23 22:54:26.384872,2023-08-23 22:54:27.533739,0 days 00:00:01.148867,0.7000000000000001,3,0.4,0.23708699727777957,1.3741014306939531e-08,30,23,COMPLETE,0.0,,,,,,,,,,,,,,,,,,,,
40,40,0.6672320230142339,2023-08-23 22:54:27.007428,2023-08-23 22:54:28.257721,0 days 00:00:01.250293,0.7000000000000001,3,0.4,0.20018074378557338,1.1915222171732493e-08,30,25,COMPLETE,0.0,,,,,,,,,,,,,,,,,,,,
41,41,0.6672153093247306,2023-08-23 22:54:27.332707,2023-08-23 22:54:28.614076,0 days 00:00:01.281369,0.7000000000000001,3,0.4,0.2480175284831904,3.777836042321736e-07,30,22,COMPLETE,0.0,,,,,,,,,,,,,,,,,,,,
42,42,0.6636932089234511,2023-08-23 22:54:27.489070,2023-08-23 22:54:28.916997,0 days 00:00:01.427927,0.7000000000000001,3,0.5,0.235053677083711,3.5600476468706287e-07,30,25,COMPLETE,0.0,,,,,,,,,,,,,,,,,,,,
43,43,0.6659810102232915,2023-08-23 22:54:27.577899,2023-08-23 22:54:31.569167,0 days 00:00:03.991268,0.7000000000000001,3,0.5,0.27558649695199433,2.541267281627306e-07,30,121,COMPLETE,0.0,,,,,,,,,,,,,,,,,,,,
44,44,0.670935441370224,2023-08-23 22:54:27.983002,2023-08-23 22:54:29.499064,0 days 00:00:01.516062,0.7000000000000001,3,0.5,0.28636018362100535,6.704304986839254e-06,20,27,COMPLETE,0.0,,,,,,,,,,,,,,,,,,,,
45,45,0.6554405048736847,2023-08-23 22:54:28.075183,2023-08-23 22:54:29.326714,0 days 00:00:01.251531,0.7000000000000001,3,0.5,0.021206354587974898,2.4595449508836174e-07,20,24,COMPLETE,0.0,,,,,,,,,,,,,,,,,,,,
46,46,0.6846845462230078,2023-08-23 22:54:28.302415,2023-08-23 22:54:32.643662,0 days 00:00:04.341247,0.5,3,0.5,0.024120749727044637,4.461238184057949e-07,20,121,COMPLETE,0.0,,,,,,,,,,,,,,,,,,,,
47,47,0.6638244286690016,2023-08-23 22:54:28.424756,2023-08-23 22:54:32.290164,0 days 00:00:03.865408,0.5,3,0.5,0.026471285055321658,3.927282405871198e-07,20,128,COMPLETE,0.0,,,,,,,,,,,,,,,,,,,,
48,48,0.6564559737126502,2023-08-23 22:54:28.491311,2023-08-23 22:54:32.566211,0 days 00:00:04.074900,0.5,3,0.5,0.04440589118149791,4.090039863607746e-07,20,119,COMPLETE,0.0,,,,,,,,,,,,,,,,,,,,
49,49,0.648477644434118,2023-08-23 22:54:28.672557,2023-08-23 22:54:33.125665,0 days 00:00:04.453108,0.5,3,0.5,0.022243815267098413,4.579377509399134e-06,20,206,COMPLETE,0.0,,,,,,,,,,,,,,,,,,,,
50,50,0.6784595945018506,2023-08-23 22:54:28.963102,2023-08-23 22:54:31.627925,0 days 00:00:02.664823,1.0,1,0.5,0.032372936636166624,9.383525332633702e-06,20,70,COMPLETE,0.0,,,,,,,,,,,,,,,,,,,,
51,51,0.6709751786674862,2023-08-23 22:54:29.372314,2023-08-23 22:54:30.414152,0 days 00:00:01.041838,0.5,1,0.5,0.023901591694838156,0.0050602349337633724,100,120,COMPLETE,0.0,,,,,,,,,,,,,,,,,,,,
52,52,0.6655726209624275,2023-08-23 22:54:29.543575,2023-08-23 22:54:30.576890,0 days 00:00:01.033315,0.5,1,0.5,0.02780436133921299,0.0033526880588374843,100,130,COMPLETE,0.0,,,,,,,,,,,,,,,,,,,,
53,53,0.6588953906169797,2023-08-23 22:54:30.459953,2023-08-23 22:54:32.142508,0 days 00:00:01.682555,0.5,2,0.5,0.09250221785276266,0.1324948565649116,60,221,COMPLETE,0.0,,,,,,,,,,,,,,,,,,,,
54,54,0.6740932184160023,2023-08-23 22:54:30.620181,2023-08-23 22:54:33.041218,0 days 00:00:02.421037,1.0,2,0.6000000000000001,0.12013315778369761,0.13100775455787622,60,69,COMPLETE,0.0,,,,,,,,,,,,,,,,,,,,
55,55,0.6717415024808021,2023-08-23 22:54:31.617062,2023-08-23 22:54:33.936371,0 days 00:00:02.319309,0.5,2,0.6000000000000001,0.11910562143773289,0.12204327381977406,60,199,COMPLETE,0.0,,,,,,,,,,,,,,,,,,,,
56,56,0.6618356002971387,2023-08-23 22:54:31.677862,2023-08-23 22:54:33.866093,0 days 00:00:02.188231,0.5,2,0.6000000000000001,0.10726658284641517,3.649428080070967e-05,60,211,COMPLETE,0.0,,,,,,,,,,,,,,,,,,,,
57,57,0.6553477881911061,2023-08-23 22:54:32.188132,2023-08-23 22:54:34.477235,0 days 00:00:02.289103,0.5,2,0.6000000000000001,0.08023148651898931,1.726215558347974e-05,60,204,COMPLETE,0.0,,,,,,,,,,,,,,,,,,,,
58,58,0.6749204393799404,2023-08-23 22:54:32.349779,2023-08-23 22:54:33.475281,0 days 00:00:01.125502,0.8,2,0.6000000000000001,8.456637040949953e-08,0.564812621378144,40,8,COMPLETE,0.0,,,,,,,,,,,,,,,,,,,,
59,59,0.6744860197368421,2023-08-23 22:54:32.614364,2023-08-23 22:54:33.594473,0 days 00:00:00.980109,0.8,2,0.6000000000000001,0.10923692241610988,0.794953938096218,40,11,COMPLETE,0.0,,,,,,,,,,,,,,,,,,,,
60,60,0.6699013157894737,2023-08-23 22:54:32.703817,2023-08-23 22:54:38.394666,0 days 00:00:05.690849,0.4,3,0.6000000000000001,0.11127785864457658,1.810592796315072e-05,10,165,COMPLETE,0.0,,,,,,,,,,,,,,,,,,,,
61,61,0.6730032838589264,2023-08-23 22:54:33.091302,2023-08-23 22:54:39.339106,0 days 00:00:06.247804,0.4,3,0.6000000000000001,0.010908817986883666,8.523435988129025e-08,10,183,COMPLETE,0.0,,,,,,,,,,,,,,,,,,,,
62,62,0.6852926785300404,2023-08-23 22:54:33.173266,2023-08-23 22:54:38.679077,0 days 00:00:05.505811,0.4,3,0.7000000000000001,0.12959524120390734,2.3857115944306394e-05,10,159,COMPLETE,0.0,,,,,,,,,,,,,,,,,,,,
63,63,0.6582573866604748,2023-08-23 22:54:33.539341,2023-08-23 22:54:37.942045,0 days 00:00:04.402704,0.4,3,0.4,0.1469809873503772,1.8858909325323588e-05,10,165,COMPLETE,0.0,,,,,,,,,,,,,,,,,,,,
64,64,0.6505855187201055,2023-08-23 22:54:33.643213,2023-08-23 22:54:37.760279,0 days 00:00:04.117066,0.4,3,0.4,0.0077651800446803506,3.461186340749259e-05,10,150,COMPLETE,0.0,,,,,,,,,,,,,,,,,,,,
65,65,0.6480041132427135,2023-08-23 22:54:33.925385,2023-08-23 22:54:39.291465,0 days 00:00:05.366080,0.4,3,0.7000000000000001,0.009507967861559457,2.5582945140560478e-05,10,163,COMPLETE,0.0,,,,,,,,,,,,,,,,,,,,
66,66,0.6551830776843147,2023-08-23 22:54:34.002235,2023-08-23 22:54:39.747057,0 days 00:00:05.744822,0.4,3,0.7000000000000001,0.008933956459809727,1.0262473827676993e-07,10,162,COMPLETE,0.0,,,,,,,,,,,,,,,,,,,,
67,67,0.6649123010847634,2023-08-23 22:54:34.531454,2023-08-23 22:54:39.846996,0 days 00:00:05.315542,0.4,3,0.7000000000000001,0.008067846641142575,2.771782619309087e-06,10,153,COMPLETE,0.0,,,,,,,,,,,,,,,,,,,,
68,68,0.6844857283464567,2023-08-23 22:54:37.811830,2023-08-23 22:54:43.016390,0 days 00:00:05.204560,0.9,3,0.7000000000000001,0.012304465621973609,0.30872916142860984,40,181,COMPLETE,0.0,,,,,,,,,,,,,,,,,,,,
69,69,0.6778148398084771,2023-08-23 22:54:37.998609,2023-08-23 22:54:40.106805,0 days 00:00:02.108196,0.9,2,0.7000000000000001,0.5238647745311743,0.2894799199159877,40,40,COMPLETE,0.0,,,,,,,,,,,,,,,,,,,,
70,70,0.6671504745434707,2023-08-23 22:54:38.451117,2023-08-23 22:54:40.285764,0 days 00:00:01.834647,0.9,2,0.7000000000000001,0.010486541976042851,0.2940926452429669,40,36,COMPLETE,0.0,,,,,,,,,,,,,,,,,,,,
71,71,0.666119142466483,2023-08-23 22:54:38.721741,2023-08-23 22:54:44.431844,0 days 00:00:05.710103,0.4,3,0.7000000000000001,0.4497541160786731,3.2860599104389763e-06,10,182,COMPLETE,0.0,,,,,,,,,,,,,,,,,,,,
72,72,0.6658853513022995,2023-08-23 22:54:39.380526,2023-08-23 22:54:41.087598,0 days 00:00:01.707072,0.9,3,0.7000000000000001,0.4839527703001557,2.451359866948316e-06,80,34,COMPLETE,0.0,,,,,,,,,,,,,,,,,,,,
73,73,0.6790721912158797,2023-08-23 22:54:39.383446,2023-08-23 22:54:42.417868,0 days 00:00:03.034422,0.9,3,0.7000000000000001,0.454900324486389,3.0066236149419477e-06,80,254,COMPLETE,0.0,,,,,,,,,,,,,,,,,,,,
74,74,0.6738565701194568,2023-08-23 22:54:39.793116,2023-08-23 22:54:41.825376,0 days 00:00:02.032260,0.9,3,0.7000000000000001,0.4519445051878498,2.5322527193078922e-06,80,239,COMPLETE,0.0,,,,,,,,,,,,,,,,,,,,
75,75,0.6676512727538113,2023-08-23 22:54:39.891347,2023-08-23 22:54:42.076500,0 days 00:00:02.185153,0.9,3,0.4,0.4756307711374381,9.041813029968977e-07,80,76,COMPLETE,0.0,,,,,,,,,,,,,,,,,,,,
76,76,0.6805383153000617,2023-08-23 22:54:40.151634,2023-08-23 22:54:43.649151,0 days 00:00:03.497517,0.9,3,0.4,0.4457710901961695,0.0002830226001668358,50,243,COMPLETE,0.0,,,,,,,,,,,,,,,,,,,,
77,77,0.6640560429319708,2023-08-23 22:54:40.330151,2023-08-23 22:54:41.699123,0 days 00:00:01.368972,0.6000000000000001,3,0.4,0.5088237726133791,0.00021208167391223787,80,240,COMPLETE,0.0,,,,,,,,,,,,,,,,,,,,
78,78,0.6750928826400524,2023-08-23 22:54:41.137553,2023-08-23 22:54:45.087105,0 days 00:00:03.949552,0.8,3,1.0,0.05471164808417373,0.00030778290648004943,50,250,COMPLETE,0.0,,,,,,,,,,,,,,,,,,,,
79,79,0.6630242598684211,2023-08-23 22:54:41.747287,2023-08-23 22:54:44.551533,0 days 00:00:02.804246,0.8,1,0.4,0.05828678462773771,9.653344400604778e-07,50,77,COMPLETE,0.0,,,,,,,,,,,,,,,,,,,,
80,80,0.6757417762038167,2023-08-23 22:54:41.873638,2023-08-23 22:54:42.646952,0 days 00:00:00.773314,0.8,1,0.4,0.048897352284127754,0.000275051301619263,50,15,COMPLETE,0.0,,,,,,,,,,,,,,,,,,,,
81,81,0.6738070098632536,2023-08-23 22:54:42.123672,2023-08-23 22:54:45.832915,0 days 00:00:03.709243,0.8,1,0.4,0.039639619282124706,6.226329946724367e-05,50,135,COMPLETE,0.0,,,,,,,,,,,,,,,,,,,,
82,82,0.6757417762038167,2023-08-23 22:54:42.464308,2023-08-23 22:54:43.306726,0 days 00:00:00.842418,0.8,1,0.4,0.051113204017258614,0.0002723513877602016,50,15,COMPLETE,0.0,,,,,,,,,,,,,,,,,,,,
83,83,0.6723489453725212,2023-08-23 22:54:42.696119,2023-08-23 22:54:43.206063,0 days 00:00:00.509944,0.8,2,1.0,0.0018371595179456136,1.082729193290815e-05,50,4,COMPLETE,0.0,,,,,,,,,,,,,,,,,,,,
84,84,0.6635890306926933,2023-08-23 22:54:43.066899,2023-08-23 22:54:46.437638,0 days 00:00:03.370739,1.0,3,0.4,0.05673210581110393,6.70843794881187e-05,50,136,COMPLETE,0.0,,,,,,,,,,,,,,,,,,,,
85,85,0.6624397878222273,2023-08-23 22:54:43.248932,2023-08-23 22:54:47.740367,0 days 00:00:04.491435,0.6000000000000001,3,0.4,0.04551429610555019,7.126604451660619e-05,20,138,COMPLETE,0.0,,,,,,,,,,,,,,,,,,,,
86,86,0.6763325304181336,2023-08-23 22:54:43.371053,2023-08-23 22:54:49.454862,0 days 00:00:06.083809,1.0,3,0.8,0.03953139900668743,4.833180014120531e-05,20,174,COMPLETE,0.0,,,,,,,,,,,,,,,,,,,,
87,87,0.6794355072435766,2023-08-23 22:54:43.698665,2023-08-23 22:54:48.860754,0 days 00:00:05.162089,1.0,3,0.8,0.176789443612707,0.0014034732881497414,20,140,COMPLETE,0.0,,,,,,,,,,,,,,,,,,,,
88,88,0.674263348197524,2023-08-23 22:54:44.481370,2023-08-23 22:54:47.679890,0 days 00:00:03.198520,1.0,3,0.4,0.17020349110042016,0.0010268133152033022,50,143,COMPLETE,0.0,,,,,,,,,,,,,,,,,,,,
89,89,0.670935441370224,2023-08-23 22:54:44.614814,2023-08-23 22:54:48.492658,0 days 00:00:03.877844,1.0,3,0.4,0.2042620797820761,3.820397944719462e-05,40,232,COMPLETE,0.0,,,,,,,,,,,,,,,,,,,,
90,90,0.6672320230142339,2023-08-23 22:54:45.135195,2023-08-23 22:54:49.349049,0 days 00:00:04.213854,1.0,3,0.4,0.15529622828529238,7.265665891171855e-05,40,230,COMPLETE,0.0,,,,,,,,,,,,,,,,,,,,
91,91,0.6611846832974028,2023-08-23 22:54:45.884075,2023-08-23 22:54:49.892873,0 days 00:00:04.008798,1.0,3,0.4,0.21787445787143095,0.0004549003600254204,40,232,COMPLETE,0.0,,,,,,,,,,,,,,,,,,,,
92,92,0.6899023135587241,2023-08-23 22:54:46.485578,2023-08-23 22:54:48.387228,0 days 00:00:01.901650,1.0,3,0.4,0.18401870835290512,0.001643942975042401,40,64,COMPLETE,0.0,,,,,,,,,,,,,,,,,,,,
93,93,0.6751322154226533,2023-08-23 22:54:47.724752,2023-08-23 22:54:52.057510,0 days 00:00:04.332758,0.9,3,0.5,0.015422556001747767,0.00194533821148938,40,228,COMPLETE,0.0,,,,,,,,,,,,,,,,,,,,
94,94,0.7017903891949164,2023-08-23 22:54:47.794694,2023-08-23 22:54:50.507663,0 days 00:00:02.712969,0.9,3,0.5,0.19357461801562303,0.00014475342941144896,20,61,COMPLETE,1.0,0.7085201793721974,0.7004826490713587,0.7052434066506827,0.7017903891949164,0.7721774193548387,0.7226415094339622,0.746588693957115,0.6287878787878788,0.6878453038674033,0.6569920844327177,0.6954787234042553,0.6913098405101639,0.6916625155914385,0.6914748659646178,0.7292332268370607,0.7240285487708168,0.7266215678471946,0.6533864541832669,0.6592964824120603,0.6563281640820411
95,95,0.6696755080312919,2023-08-23 22:54:48.433486,2023-08-23 22:54:50.803083,0 days 00:00:02.369597,1.0,3,0.5,0.01607719675228531,0.0025432387657772166,40,63,COMPLETE,0.0,,,,,,,,,,,,,,,,,,,,
96,96,0.6634930784232234,2023-08-23 22:54:48.552620,2023-08-23 22:54:50.743865,0 days 00:00:02.191245,1.0,3,0.5,0.016260465894739794,0.002030755760254926,90,65,COMPLETE,0.0,,,,,,,,,,,,,,,,,,,,
97,97,0.6627937477819439,2023-08-23 22:54:48.905287,2023-08-23 22:54:50.339405,0 days 00:00:01.434118,0.6000000000000001,3,0.5,0.019637823700653208,0.0024930895181387767,90,66,COMPLETE,0.0,,,,,,,,,,,,,,,,,,,,
98,98,0.683640558600707,2023-08-23 22:54:49.401319,2023-08-23 22:54:53.722735,0 days 00:00:04.321416,0.9,3,0.5,0.2904832841235254,0.00038051106341772923,30,108,COMPLETE,0.0,,,,,,,,,,,,,,,,,,,,
99,99,0.6842130824255948,2023-08-23 22:54:49.499959,2023-08-23 22:54:53.222220,0 days 00:00:03.722261,0.9,3,0.5,0.29628682164261744,0.0006401808318001824,30,106,COMPLETE,0.0,,,,,,,,,,,,,,,,,,,,
100,100,0.6730032838589264,2023-08-23 22:54:49.939302,2023-08-23 22:54:51.976654,0 days 00:00:02.037352,0.9,3,0.5,0.2999535493954582,0.00016661941591012837,90,191,COMPLETE,0.0,,,,,,,,,,,,,,,,,,,,
101,101,0.67655726828064,2023-08-23 22:54:50.389654,2023-08-23 22:54:55.531744,0 days 00:00:05.142090,0.9,3,0.5,0.6922998568321965,0.00014516299468681038,30,191,COMPLETE,0.0,,,,,,,,,,,,,,,,,,,,
