,number,value,datetime_start,datetime_complete,duration,params_bagging_fraction,params_bagging_freq,params_feature_fraction,params_lambda_l1,params_lambda_l2,params_min_child_samples,params_num_leaves,state,best_trial,dev_acc,dev_recall_macro,dev_precision_macro,dev_f1_macro,dev_recall_0,dev_precision_0,dev_f1_0,dev_recall_1,dev_precision_1,dev_f1_1,test_acc,test_recall_macro,test_precision_macro,test_f1_macro,test_recall_0,test_precision_0,test_f1_0,test_recall_1,test_precision_1,test_f1_1
103,103,0.5973754963464973,2023-08-24 13:26:09.989406,2023-08-24 13:26:10.916852,0 days 00:00:00.927446,0.8,3,0.7000000000000001,3.626767653374255e-05,0.9447433873093232,20,10,COMPLETE,0.0,,,,,,,,,,,,,,,,,,,,
104,104,0.6084792952274096,2023-08-24 13:26:10.139720,2023-08-24 13:26:11.423493,0 days 00:00:01.283773,0.8,3,0.7000000000000001,0.00014038160464605398,0.00018424886374026982,20,29,COMPLETE,0.0,,,,,,,,,,,,,,,,,,,,
105,105,0.58665216941079,2023-08-24 13:26:10.464159,2023-08-24 13:26:11.878195,0 days 00:00:01.414036,0.8,3,1.0,3.834829882459433e-05,0.00021489009814076672,20,27,COMPLETE,0.0,,,,,,,,,,,,,,,,,,,,
106,106,0.612115012922144,2023-08-24 13:26:10.724265,2023-08-24 13:26:11.323796,0 days 00:00:00.599531,0.8,3,1.0,4.534989986440693e-05,0.5277486021093819,20,9,COMPLETE,0.0,,,,,,,,,,,,,,,,,,,,
107,107,0.6061626046666251,2023-08-24 13:26:10.827184,2023-08-24 13:26:12.151872,0 days 00:00:01.324688,0.8,3,0.7000000000000001,3.182064719821603e-05,0.6362806462993934,20,23,COMPLETE,0.0,,,,,,,,,,,,,,,,,,,,
108,108,0.6048127594086649,2023-08-24 13:26:10.962509,2023-08-24 13:26:11.794536,0 days 00:00:00.832027,0.8,3,0.7000000000000001,4.156126739789696e-05,0.00026580999471092744,60,20,COMPLETE,0.0,,,,,,,,,,,,,,,,,,,,
109,109,0.6025017229139786,2023-08-24 13:26:11.368297,2023-08-24 13:26:12.689636,0 days 00:00:01.321339,0.8,3,0.8,0.00011561020460479457,0.0002644230004726565,70,21,COMPLETE,0.0,,,,,,,,,,,,,,,,,,,,
110,110,0.6008194897848322,2023-08-24 13:26:11.469977,2023-08-24 13:26:13.901497,0 days 00:00:02.431520,0.8,3,0.8,1.0268936638364292e-06,2.7465375510838192e-05,70,210,COMPLETE,0.0,,,,,,,,,,,,,,,,,,,,
111,111,0.6002042240072336,2023-08-24 13:26:11.843719,2023-08-24 13:26:13.059384,0 days 00:00:01.215665,0.8,3,0.8,5.89718322707335e-07,3.277875213100662e-05,70,23,COMPLETE,0.0,,,,,,,,,,,,,,,,,,,,
112,112,0.5762002352445671,2023-08-24 13:26:11.935514,2023-08-24 13:26:13.838081,0 days 00:00:01.902567,0.7000000000000001,1,0.8,6.4770938501291e-06,0.000564371007483703,70,210,COMPLETE,0.0,,,,,,,,,,,,,,,,,,,,
113,113,0.5949830147445652,2023-08-24 13:26:12.215703,2023-08-24 13:26:14.016334,0 days 00:00:01.800631,0.7000000000000001,1,0.8,8.1440837878436e-07,0.0006706199556805236,70,240,COMPLETE,0.0,,,,,,,,,,,,,,,,,,,,
114,114,0.5991259743681137,2023-08-24 13:26:12.343555,2023-08-24 13:26:14.332303,0 days 00:00:01.988748,0.7000000000000001,1,0.8,6.689872263988619e-06,0.0005585309247629899,80,243,COMPLETE,0.0,,,,,,,,,,,,,,,,,,,,
115,115,0.5991259743681137,2023-08-24 13:26:12.734820,2023-08-24 13:26:14.527373,0 days 00:00:01.792553,0.7000000000000001,1,0.8,1.4325384786994135e-05,8.906580901200856e-05,80,238,COMPLETE,0.0,,,,,,,,,,,,,,,,,,,,
116,116,0.5991259743681137,2023-08-24 13:26:12.788770,2023-08-24 13:26:14.642537,0 days 00:00:01.853767,0.7000000000000001,1,0.8,8.288766327420733e-07,0.0006655676760294635,80,185,COMPLETE,0.0,,,,,,,,,,,,,,,,,,,,
117,117,0.5971238618297442,2023-08-24 13:26:13.104340,2023-08-24 13:26:14.861657,0 days 00:00:01.757317,0.7000000000000001,1,0.9,8.782896536640838e-07,0.0005862368807243609,80,211,COMPLETE,0.0,,,,,,,,,,,,,,,,,,,,
118,118,0.5938210689937631,2023-08-24 13:26:13.885831,2023-08-24 13:26:16.091568,0 days 00:00:02.205737,0.9,1,0.6000000000000001,9.226461160440479e-07,0.0001000342600728949,80,247,COMPLETE,0.0,,,,,,,,,,,,,,,,,,,,
119,119,0.6008734249713631,2023-08-24 13:26:13.946323,2023-08-24 13:26:16.587446,0 days 00:00:02.641123,0.9,1,0.6000000000000001,6.712721109371638e-06,8.145815615029639e-05,60,246,COMPLETE,0.0,,,,,,,,,,,,,,,,,,,,
120,120,0.5938210689937631,2023-08-24 13:26:14.063225,2023-08-24 13:26:16.355563,0 days 00:00:02.292338,0.9,1,0.6000000000000001,9.28140203392595e-06,8.565543493271332e-05,80,222,COMPLETE,0.0,,,,,,,,,,,,,,,,,,,,
121,121,0.6106503710170231,2023-08-24 13:26:14.220504,2023-08-24 13:26:14.910030,0 days 00:00:00.689526,0.9,1,0.6000000000000001,2.9049472136175315e-06,9.884754409995006e-05,80,5,COMPLETE,0.0,,,,,,,,,,,,,,,,,,,,
122,122,0.6008734249713631,2023-08-24 13:26:14.376731,2023-08-24 13:26:16.838070,0 days 00:00:02.461339,0.9,1,0.6000000000000001,2.550682245748504e-06,9.647102359203184e-05,60,186,COMPLETE,0.0,,,,,,,,,,,,,,,,,,,,
123,123,0.601895201253237,2023-08-24 13:26:14.572181,2023-08-24 13:26:17.049332,0 days 00:00:02.477151,0.9,1,0.6000000000000001,2.3704588340098717e-06,0.00036023195210382707,60,221,COMPLETE,0.0,,,,,,,,,,,,,,,,,,,,
124,124,0.5994569757727652,2023-08-24 13:26:14.688571,2023-08-24 13:26:15.187073,0 days 00:00:00.498502,0.9,1,0.6000000000000001,2.8610739052996008e-06,0.00010434597406345273,60,6,COMPLETE,0.0,,,,,,,,,,,,,,,,,,,,
125,125,0.6008734249713631,2023-08-24 13:26:14.904985,2023-08-24 13:26:17.405921,0 days 00:00:02.500936,0.9,1,0.6000000000000001,8.885095314925549e-06,0.00010553732364136435,60,225,COMPLETE,0.0,,,,,,,,,,,,,,,,,,,,
126,126,0.601895201253237,2023-08-24 13:26:14.958330,2023-08-24 13:26:17.968781,0 days 00:00:03.010451,0.9,1,0.6000000000000001,2.6819795565523306e-06,0.00034122895315111663,60,222,COMPLETE,0.0,,,,,,,,,,,,,,,,,,,,
127,127,0.612342459800087,2023-08-24 13:26:15.234484,2023-08-24 13:26:16.695924,0 days 00:00:01.461440,0.4,1,0.6000000000000001,3.176148799413279e-07,0.22970836176024495,60,247,COMPLETE,0.0,,,,,,,,,,,,,,,,,,,,
128,128,0.616103826488537,2023-08-24 13:26:16.137256,2023-08-24 13:26:18.531633,0 days 00:00:02.394377,0.9,1,0.6000000000000001,8.290321459759667e-06,0.23201309399070036,60,222,COMPLETE,0.0,,,,,,,,,,,,,,,,,,,,
129,129,0.601895201253237,2023-08-24 13:26:16.403449,2023-08-24 13:26:19.193945,0 days 00:00:02.790496,0.9,1,0.6000000000000001,3.5883477352556266e-06,0.0003585089703601835,60,199,COMPLETE,0.0,,,,,,,,,,,,,,,,,,,,
130,130,0.6123275059533912,2023-08-24 13:26:16.631198,2023-08-24 13:26:19.137285,0 days 00:00:02.506087,0.9,1,0.6000000000000001,2.168163692267898e-06,0.0003645878060520001,70,198,COMPLETE,0.0,,,,,,,,,,,,,,,,,,,,
131,131,0.5935190456457783,2023-08-24 13:26:16.739179,2023-08-24 13:26:18.306760,0 days 00:00:01.567581,0.5,1,0.6000000000000001,1.820461370614352e-07,0.18291748034713307,60,255,COMPLETE,0.0,,,,,,,,,,,,,,,,,,,,
132,132,0.6024283408898794,2023-08-24 13:26:16.879051,2023-08-24 13:26:18.413830,0 days 00:00:01.534779,0.4,1,0.7000000000000001,3.5023105360157406e-07,0.2133235947983875,50,252,COMPLETE,0.0,,,,,,,,,,,,,,,,,,,,
133,133,0.5889363985402227,2023-08-24 13:26:17.097036,2023-08-24 13:26:18.632787,0 days 00:00:01.535751,0.4,1,0.7000000000000001,3.1570227395734384e-07,0.13257546269447915,50,256,COMPLETE,0.0,,,,,,,,,,,,,,,,,,,,
134,134,0.6110460113269338,2023-08-24 13:26:17.449306,2023-08-24 13:26:19.083232,0 days 00:00:01.633926,0.4,1,0.5,8.804261302411555e-08,0.22895217853692848,50,255,COMPLETE,0.0,,,,,,,,,,,,,,,,,,,,
135,135,0.5972777285420463,2023-08-24 13:26:18.011809,2023-08-24 13:26:19.646777,0 days 00:00:01.634968,0.4,1,0.7000000000000001,3.0672867219179843e-07,0.19697155087485974,50,233,COMPLETE,0.0,,,,,,,,,,,,,,,,,,,,
136,136,0.6140815327959619,2023-08-24 13:26:18.355876,2023-08-24 13:26:20.278327,0 days 00:00:01.922451,0.4,1,0.5,3.619378269146913e-07,0.21304238626892574,50,234,COMPLETE,0.0,,,,,,,,,,,,,,,,,,,,
137,137,0.613955080711319,2023-08-24 13:26:18.459145,2023-08-24 13:26:19.689649,0 days 00:00:01.230504,0.4,1,0.9,0.00011203111375928485,0.09388404762371924,70,16,COMPLETE,0.0,,,,,,,,,,,,,,,,,,,,
138,138,0.6082624967510559,2023-08-24 13:26:18.580149,2023-08-24 13:26:20.221235,0 days 00:00:01.641086,0.4,1,0.5,0.00010283518829909821,0.04992764481067534,50,233,COMPLETE,0.0,,,,,,,,,,,,,,,,,,,,
139,139,0.5817870965172902,2023-08-24 13:26:18.674685,2023-08-24 13:26:21.240546,0 days 00:00:02.565861,0.4,1,0.5,4.766068013069792e-06,0.0971511568587532,30,234,COMPLETE,0.0,,,,,,,,,,,,,,,,,,,,
140,140,0.596418070517142,2023-08-24 13:26:19.138216,2023-08-24 13:26:20.718450,0 days 00:00:01.580234,0.4,1,0.6000000000000001,3.894738158359505e-06,0.05463481945262234,70,234,COMPLETE,0.0,,,,,,,,,,,,,,,,,,,,
141,141,0.6081989532977048,2023-08-24 13:26:19.189735,2023-08-24 13:26:20.839254,0 days 00:00:01.649519,0.4,1,0.6000000000000001,4.41219680547666e-06,0.09717186388576768,70,199,COMPLETE,0.0,,,,,,,,,,,,,,,,,,,,
142,142,0.6143536532641591,2023-08-24 13:26:19.239264,2023-08-24 13:26:20.033811,0 days 00:00:00.794547,0.4,1,0.5,9.971059939537529e-05,0.045364114807346076,70,14,COMPLETE,0.0,,,,,,,,,,,,,,,,,,,,
143,143,0.6133596769414502,2023-08-24 13:26:19.734319,2023-08-24 13:26:20.570568,0 days 00:00:00.836249,0.4,1,0.9,9.233357280420755e-05,0.07230331890110119,70,12,COMPLETE,0.0,,,,,,,,,,,,,,,,,,,,
144,144,0.6056165190523638,2023-08-24 13:26:19.742061,2023-08-24 13:26:20.773064,0 days 00:00:01.031003,0.4,1,0.9,0.00037439595810051805,0.044511069685552296,70,17,COMPLETE,0.0,,,,,,,,,,,,,,,,,,,,
145,145,0.5968221006575853,2023-08-24 13:26:20.082472,2023-08-24 13:26:21.082104,0 days 00:00:00.999632,0.4,1,0.9,9.028264262572535e-05,0.09790189552330694,70,14,COMPLETE,0.0,,,,,,,,,,,,,,,,,,,,
146,146,0.6149607113316791,2023-08-24 13:26:20.265191,2023-08-24 13:26:21.399040,0 days 00:00:01.133849,0.4,1,0.9,0.00020945935516701963,0.10555157624097049,70,13,COMPLETE,0.0,,,,,,,,,,,,,,,,,,,,
147,147,0.6044951045469631,2023-08-24 13:26:20.329647,2023-08-24 13:26:21.150471,0 days 00:00:00.820824,0.4,1,0.5,0.00041601496985933946,0.10803718686316108,40,10,COMPLETE,0.0,,,,,,,,,,,,,,,,,,,,
148,148,0.610645342920754,2023-08-24 13:26:20.613668,2023-08-24 13:26:21.549806,0 days 00:00:00.936138,0.4,1,0.9,0.00025341039455403455,0.104739835340408,40,12,COMPLETE,0.0,,,,,,,,,,,,,,,,,,,,
149,149,0.6025958641291751,2023-08-24 13:26:20.762140,2023-08-24 13:26:21.983007,0 days 00:00:01.220867,0.4,1,0.9,0.0002083936329781802,0.11312292375688558,40,15,COMPLETE,0.0,,,,,,,,,,,,,,,,,,,,
150,150,0.6025958641291751,2023-08-24 13:26:20.823688,2023-08-24 13:26:21.857295,0 days 00:00:01.033607,0.4,1,0.9,0.00020355976878764785,0.10414865751142925,40,15,COMPLETE,0.0,,,,,,,,,,,,,,,,,,,,
151,151,0.616103826488537,2023-08-24 13:26:20.894606,2023-08-24 13:26:21.935524,0 days 00:00:01.040918,0.4,1,0.9,0.0005165024400802403,0.10460661435671793,40,13,COMPLETE,0.0,,,,,,,,,,,,,,,,,,,,
152,152,0.6094348323980372,2023-08-24 13:26:21.138542,2023-08-24 13:26:22.275554,0 days 00:00:01.137012,0.4,1,0.5,0.0001877237060852885,0.13628546414532774,40,13,COMPLETE,0.0,,,,,,,,,,,,,,,,,,,,
153,153,0.6176881223693667,2023-08-24 13:26:21.198955,2023-08-24 13:26:22.376237,0 days 00:00:01.177282,0.4,1,0.9,0.00019750383781762227,0.42090444109478536,30,15,COMPLETE,0.0,,,,,,,,,,,,,,,,,,,,
154,154,0.5912572446701754,2023-08-24 13:26:21.290276,2023-08-24 13:26:23.007580,0 days 00:00:01.717304,0.5,1,0.9,0.00016978078553601153,0.47255630700343654,50,38,COMPLETE,0.0,,,,,,,,,,,,,,,,,,,,
155,155,0.6090465865852666,2023-08-24 13:26:21.444346,2023-08-24 13:26:22.526929,0 days 00:00:01.082583,0.4,1,0.9,0.000159513946123409,0.06480623360663511,80,15,COMPLETE,0.0,,,,,,,,,,,,,,,,,,,,
156,156,0.6061249198775016,2023-08-24 13:26:21.599054,2023-08-24 13:26:22.754513,0 days 00:00:01.155459,0.5,1,0.9,5.54031911172503e-05,0.35787363752976675,80,17,COMPLETE,0.0,,,,,,,,,,,,,,,,,,,,
157,157,0.5921029087221903,2023-08-24 13:26:21.899652,2023-08-24 13:26:22.598279,0 days 00:00:00.698627,0.5,1,0.9,0.00018138394489469455,0.40702857898131484,80,2,COMPLETE,0.0,,,,,,,,,,,,,,,,,,,,
158,158,0.5997436649854002,2023-08-24 13:26:21.978176,2023-08-24 13:26:22.660248,0 days 00:00:00.682072,0.5,1,0.9,0.0001336678878575093,0.07018534568489505,30,2,COMPLETE,0.0,,,,,,,,,,,,,,,,,,,,
159,159,0.5969930833540794,2023-08-24 13:26:22.029192,2023-08-24 13:26:22.820429,0 days 00:00:00.791237,0.5,1,0.9,0.0008839564710941232,0.5033073773101708,30,2,COMPLETE,0.0,,,,,,,,,,,,,,,,,,,,
160,160,0.6223794385921171,2023-08-24 13:26:22.318137,2023-08-24 13:26:23.106285,0 days 00:00:00.788148,0.5,1,0.9,0.00012606658771916536,0.5099494218592489,80,3,COMPLETE,0.0,,,,,,,,,,,,,,,,,,,,
161,161,0.6104564836795058,2023-08-24 13:26:22.418073,2023-08-24 13:26:23.171374,0 days 00:00:00.753301,0.5,1,0.9,0.0001484568710113495,0.44497672297933355,80,4,COMPLETE,0.0,,,,,,,,,,,,,,,,,,,,
162,162,0.6008579055378112,2023-08-24 13:26:22.570532,2023-08-24 13:26:24.289741,0 days 00:00:01.719209,0.5,1,0.9,0.0005488525137924572,0.5768965625930531,30,38,COMPLETE,0.0,,,,,,,,,,,,,,,,,,,,
163,163,0.6008579055378112,2023-08-24 13:26:22.648919,2023-08-24 13:26:24.421945,0 days 00:00:01.773026,0.4,1,0.9,0.0005824603351746539,0.26923595535797207,30,27,COMPLETE,0.0,,,,,,,,,,,,,,,,,,,,
164,164,0.6088023874399897,2023-08-24 13:26:22.708863,2023-08-24 13:26:23.692373,0 days 00:00:00.983510,0.4,1,0.9,0.0007919285068611008,0.583160314765679,30,8,COMPLETE,0.0,,,,,,,,,,,,,,,,,,,,
165,165,0.6021414569876924,2023-08-24 13:26:22.798283,2023-08-24 13:26:24.192231,0 days 00:00:01.393948,0.4,1,0.9,9.12596035767364e-05,0.5882821959605976,30,24,COMPLETE,0.0,,,,,,,,,,,,,,,,,,,,
166,166,0.5985927016854853,2023-08-24 13:26:22.876609,2023-08-24 13:26:24.568186,0 days 00:00:01.691577,0.4,1,0.9,8.74195910583771e-05,0.6712877433789207,30,27,COMPLETE,0.0,,,,,,,,,,,,,,,,,,,,
167,167,0.5978585517047055,2023-08-24 13:26:23.051781,2023-08-24 13:26:24.637408,0 days 00:00:01.585627,0.4,1,0.9,9.913863298663643e-05,0.034056730285387096,30,26,COMPLETE,0.0,,,,,,,,,,,,,,,,,,,,
168,168,0.6006491049151097,2023-08-24 13:26:23.149427,2023-08-24 13:26:24.847234,0 days 00:00:01.697807,0.4,1,0.9,9.44333706023158e-05,0.6958902541372509,30,25,COMPLETE,0.0,,,,,,,,,,,,,,,,,,,,
169,169,0.5975551913621904,2023-08-24 13:26:23.220112,2023-08-24 13:26:24.685003,0 days 00:00:01.464891,0.4,1,0.9,0.0001079545667292991,0.7492484762679393,30,24,COMPLETE,0.0,,,,,,,,,,,,,,,,,,,,
170,170,0.6074671113581619,2023-08-24 13:26:23.734637,2023-08-24 13:26:24.975374,0 days 00:00:01.240737,0.4,1,0.9,0.00010723970378418911,0.28708046915705787,70,29,COMPLETE,0.0,,,,,,,,,,,,,,,,,,,,
171,171,0.6140569053874094,2023-08-24 13:26:24.252376,2023-08-24 13:26:25.176118,0 days 00:00:00.923742,0.4,1,0.9,0.00011196562314940602,0.03719482998972728,70,8,COMPLETE,0.0,,,,,,,,,,,,,,,,,,,,
172,172,0.5869171778151867,2023-08-24 13:26:24.335370,2023-08-24 13:26:25.869900,0 days 00:00:01.534530,0.4,1,0.9,6.168116534829005e-05,0.2611717119032926,70,30,COMPLETE,0.0,,,,,,,,,,,,,,,,,,,,
173,173,0.6054342933711347,2023-08-24 13:26:24.477735,2023-08-24 13:26:25.488801,0 days 00:00:01.011066,0.4,1,0.9,7.275491422907428e-05,0.9094772067766779,70,8,COMPLETE,0.0,,,,,,,,,,,,,,,,,,,,
174,174,0.6135241779497098,2023-08-24 13:26:24.612424,2023-08-24 13:26:26.269107,0 days 00:00:01.656683,0.4,1,0.8,6.284003361863365e-05,0.9592474717801172,70,20,COMPLETE,0.0,,,,,,,,,,,,,,,,,,,,
175,175,0.6117925073693427,2023-08-24 13:26:24.681991,2023-08-24 13:26:25.802044,0 days 00:00:01.120053,0.6000000000000001,1,0.8,6.023606666141679e-05,0.1686237261717446,70,8,COMPLETE,0.0,,,,,,,,,,,,,,,,,,,,
176,176,0.5982206253253253,2023-08-24 13:26:24.732288,2023-08-24 13:26:25.599731,0 days 00:00:00.867443,0.6000000000000001,1,0.8,5.1308433640786586e-05,0.17259004400984113,70,7,COMPLETE,0.0,,,,,,,,,,,,,,,,,,,,
177,177,0.6141101640417646,2023-08-24 13:26:24.893483,2023-08-24 13:26:25.703501,0 days 00:00:00.810018,0.6000000000000001,1,0.8,5.9782671189956286e-05,0.1690034134797789,70,6,COMPLETE,0.0,,,,,,,,,,,,,,,,,,,,
178,178,0.6057382133995036,2023-08-24 13:26:25.026512,2023-08-24 13:26:26.211301,0 days 00:00:01.184789,0.6000000000000001,3,0.8,5.9363703114022754e-05,0.16734566691093156,70,19,COMPLETE,0.0,,,,,,,,,,,,,,,,,,,,
179,179,0.612432961745232,2023-08-24 13:26:25.218929,2023-08-24 13:26:25.968387,0 days 00:00:00.749458,0.6000000000000001,1,0.8,0.0002789711279195758,0.01811653734456282,70,8,COMPLETE,0.0,,,,,,,,,,,,,,,,,,,,
180,180,0.5853027321049451,2023-08-24 13:26:25.529137,2023-08-24 13:26:27.239932,0 days 00:00:01.710795,0.6000000000000001,1,0.8,0.0003049167528985709,0.1695050609648583,70,89,COMPLETE,0.0,,,,,,,,,,,,,,,,,,,,
181,181,0.6083414692102259,2023-08-24 13:26:25.644698,2023-08-24 13:26:26.575573,0 days 00:00:00.930875,0.4,1,0.8,2.843229218273706e-05,0.023629235871698684,70,9,COMPLETE,0.0,,,,,,,,,,,,,,,,,,,,
182,182,0.6021822104215068,2023-08-24 13:26:25.744175,2023-08-24 13:26:26.819907,0 days 00:00:01.075732,0.6000000000000001,1,0.8,2.679681591539626e-05,0.021259168849924775,70,9,COMPLETE,0.0,,,,,,,,,,,,,,,,,,,,
183,183,0.6100490969574373,2023-08-24 13:26:25.847613,2023-08-24 13:26:26.863930,0 days 00:00:01.016317,0.4,1,0.8,0.00029271734708172204,0.04376080620703256,80,11,COMPLETE,0.0,,,,,,,,,,,,,,,,,,,,
184,184,0.5962162837162837,2023-08-24 13:26:25.933320,2023-08-24 13:26:27.041353,0 days 00:00:01.108033,0.6000000000000001,1,0.8,0.00028488813972119584,0.04369723043578643,80,10,COMPLETE,0.0,,,,,,,,,,,,,,,,,,,,
185,185,0.60172816055169,2023-08-24 13:26:26.020536,2023-08-24 13:26:27.176788,0 days 00:00:01.156252,0.4,1,0.8,3.202101701335926e-05,0.04044718154302862,80,12,COMPLETE,0.0,,,,,,,,,,,,,,,,,,,,
186,186,0.6083414692102259,2023-08-24 13:26:26.260471,2023-08-24 13:26:27.336332,0 days 00:00:01.075861,0.4,1,0.8,3.0828806803182684e-05,0.0012123014629147465,80,12,COMPLETE,0.0,,,,,,,,,,,,,,,,,,,,
187,187,0.6004280703656799,2023-08-24 13:26:26.313661,2023-08-24 13:26:27.457746,0 days 00:00:01.144085,0.4,1,0.8,2.8695773129342395e-05,0.002311623945849983,80,20,COMPLETE,0.0,,,,,,,,,,,,,,,,,,,,
188,188,0.6011269644334161,2023-08-24 13:26:26.619389,2023-08-24 13:26:27.630953,0 days 00:00:01.011564,0.4,1,0.8,3.091857265751382e-05,0.04274932945821347,80,19,COMPLETE,0.0,,,,,,,,,,,,,,,,,,,,
189,189,0.601017294784753,2023-08-24 13:26:26.860538,2023-08-24 13:26:27.993229,0 days 00:00:01.132691,0.4,1,0.8,0.00027935220888484466,0.0011280325746302797,80,20,COMPLETE,0.0,,,,,,,,,,,,,,,,,,,,
190,190,0.6014298480786416,2023-08-24 13:26:26.909966,2023-08-24 13:26:28.230132,0 days 00:00:01.320166,0.4,1,0.8,1.7121746130512546e-05,0.06636371942755925,80,20,COMPLETE,0.0,,,,,,,,,,,,,,,,,,,,
191,191,0.6070408433509247,2023-08-24 13:26:27.086271,2023-08-24 13:26:28.485186,0 days 00:00:01.398915,0.4,1,1.0,3.206158079672999e-05,0.0710410772331946,80,17,COMPLETE,0.0,,,,,,,,,,,,,,,,,,,,
192,192,0.6054457457040432,2023-08-24 13:26:27.224602,2023-08-24 13:26:28.713457,0 days 00:00:01.488855,0.4,1,1.0,0.006381698520855412,0.0011533029069924917,70,19,COMPLETE,0.0,,,,,,,,,,,,,,,,,,,,
193,193,0.5974210186976145,2023-08-24 13:26:27.300027,2023-08-24 13:26:29.504399,0 days 00:00:02.204372,0.4,1,0.9,0.03568938092438567,0.06794011642733687,50,179,COMPLETE,0.0,,,,,,,,,,,,,,,,,,,,
194,194,0.6013991401759711,2023-08-24 13:26:27.391283,2023-08-24 13:26:28.800372,0 days 00:00:01.409089,0.4,1,0.9,0.007807194584750652,0.06821051423166521,50,19,COMPLETE,0.0,,,,,,,,,,,,,,,,,,,,
195,195,0.5894698085419734,2023-08-24 13:26:27.509465,2023-08-24 13:26:29.455765,0 days 00:00:01.946300,0.4,1,0.9,0.00013609684603455247,0.9779476575958181,50,178,COMPLETE,0.0,,,,,,,,,,,,,,,,,,,,
196,196,0.5996137983950893,2023-08-24 13:26:27.684557,2023-08-24 13:26:29.687932,0 days 00:00:02.003375,0.4,1,1.0,1.915729765137289e-05,0.07781765740948936,50,168,COMPLETE,0.0,,,,,,,,,,,,,,,,,,,,
197,197,0.6249011791223025,2023-08-24 13:26:28.049585,2023-08-24 13:26:28.387947,0 days 00:00:00.338362,0.4,1,1.0,0.021942199000265922,0.007725040002795646,50,3,COMPLETE,0.0,,,,,,,,,,,,,,,,,,,,
198,198,0.6224154211845918,2023-08-24 13:26:28.275695,2023-08-24 13:26:28.923962,0 days 00:00:00.648267,0.4,1,0.5,0.03937048063873862,0.24832311083872183,70,4,COMPLETE,0.0,,,,,,,,,,,,,,,,,,,,
199,199,0.5935407237502304,2023-08-24 13:26:28.430327,2023-08-24 13:26:30.461705,0 days 00:00:02.031378,0.4,1,1.0,0.04137381824893114,0.0752347933841292,50,162,COMPLETE,0.0,,,,,,,,,,,,,,,,,,,,
200,200,0.5937882160309054,2023-08-24 13:26:28.529058,2023-08-24 13:26:30.345081,0 days 00:00:01.816023,0.4,1,1.0,0.011411165892198406,0.2711009023302989,50,163,COMPLETE,0.0,,,,,,,,,,,,,,,,,,,,
201,201,0.6097628367487911,2023-08-24 13:26:28.759224,2023-08-24 13:26:30.708608,0 days 00:00:01.949384,0.4,1,1.0,0.00013215542109402031,0.010107314777410116,50,179,COMPLETE,0.0,,,,,,,,,,,,,,,,,,,,
202,202,0.6299369399269832,2023-08-24 13:26:28.857356,2023-08-24 13:26:29.403904,0 days 00:00:00.546548,0.4,1,1.0,0.037382149154652475,0.0087971127781946,50,3,COMPLETE,1.0,0.6412556053811659,0.6295617464972304,0.6355924978687127,0.6299369399269832,0.7338709677419355,0.6594202898550725,0.6946564885496184,0.5252525252525253,0.611764705882353,0.5652173913043479,0.6529255319148937,0.6426132530580553,0.647985553606439,0.6432783813065504,0.7364217252396166,0.6705454545454546,0.7019413779977159,0.548804780876494,0.6254256526674233,0.5846153846153846
203,203,0.6036899497151897,2023-08-24 13:26:28.970474,2023-08-24 13:26:30.650387,0 days 00:00:01.679913,0.4,1,0.5,0.04468367576727119,0.009659151319684492,50,164,COMPLETE,0.0,,,,,,,,,,,,,,,,,,,,
204,204,0.5889259238928541,2023-08-24 13:26:29.451678,2023-08-24 13:26:31.603599,0 days 00:00:02.151921,0.4,1,1.0,0.047797593770639614,0.011110806152251993,50,163,COMPLETE,0.0,,,,,,,,,,,,,,,,,,,,
205,205,0.5937834734809855,2023-08-24 13:26:29.550612,2023-08-24 13:26:31.427590,0 days 00:00:01.876978,0.4,1,1.0,0.07370309357328232,0.00981036358307712,50,166,COMPLETE,0.0,,,,,,,,,,,,,,,,,,,,
206,206,0.6108836529718764,2023-08-24 13:26:29.564250,2023-08-24 13:26:30.224237,0 days 00:00:00.659987,0.4,1,1.0,0.0703362334656271,0.00833339026037504,50,2,COMPLETE,0.0,,,,,,,,,,,,,,,,,,,,
207,207,0.6019876519834813,2023-08-24 13:26:29.738263,2023-08-24 13:26:30.133970,0 days 00:00:00.395707,0.5,1,1.0,0.09615458571685144,0.004186214673922656,50,2,COMPLETE,0.0,,,,,,,,,,,,,,,,,,,,
