,number,value,datetime_start,datetime_complete,duration,params_bagging_fraction,params_bagging_freq,params_feature_fraction,params_lambda_l1,params_lambda_l2,params_min_child_samples,params_num_leaves,state,best_trial,dev_acc,dev_recall_macro,dev_precision_macro,dev_f1_macro,dev_recall_0,dev_precision_0,dev_f1_0,dev_recall_1,dev_precision_1,dev_f1_1,test_acc,test_recall_macro,test_precision_macro,test_f1_macro,test_recall_0,test_precision_0,test_f1_0,test_recall_1,test_precision_1,test_f1_1
208,208,0.5472630649132398,2023-08-23 22:14:19.784302,2023-08-23 22:14:21.841132,0 days 00:00:02.056830,0.9,3,0.9,0.012335496879907822,0.9389128476002586,30,66,COMPLETE,0.0,,,,,,,,,,,,,,,,,,,,
209,209,0.5437878668660006,2023-08-23 22:14:20.064381,2023-08-23 22:14:22.289640,0 days 00:00:02.225259,0.9,3,0.9,0.010558784972518963,0.1626286573224161,30,66,COMPLETE,0.0,,,,,,,,,,,,,,,,,,,,
210,210,0.5231555728558454,2023-08-23 22:14:20.127453,2023-08-23 22:14:22.050122,0 days 00:00:01.922669,0.9,3,0.9,0.011658423111694275,6.235591504727066e-05,30,66,COMPLETE,0.0,,,,,,,,,,,,,,,,,,,,
211,211,0.5516531846383413,2023-08-23 22:14:20.443955,2023-08-23 22:14:22.427054,0 days 00:00:01.983099,0.9,3,0.9,0.01180166260470703,6.965305331910256e-05,20,66,COMPLETE,0.0,,,,,,,,,,,,,,,,,,,,
212,212,0.534356008818123,2023-08-23 22:14:20.921738,2023-08-23 22:14:23.201817,0 days 00:00:02.280079,1.0,3,0.9,5.436301382230912e-05,0.061597601005655755,40,67,COMPLETE,0.0,,,,,,,,,,,,,,,,,,,,
213,213,0.5418771413154422,2023-08-23 22:14:21.691329,2023-08-23 22:14:24.229771,0 days 00:00:02.538442,1.0,3,0.9,0.00010078142332286499,7.47022668919634e-05,50,65,COMPLETE,0.0,,,,,,,,,,,,,,,,,,,,
214,214,0.5306745238345786,2023-08-23 22:14:21.754890,2023-08-23 22:14:24.138715,0 days 00:00:02.383825,1.0,3,0.9,0.00011172781970561821,5.993669013030489e-05,50,81,COMPLETE,0.0,,,,,,,,,,,,,,,,,,,,
215,215,0.5287612069796587,2023-08-23 22:14:21.886990,2023-08-23 22:14:25.494199,0 days 00:00:03.607209,1.0,3,0.9,6.862113340980388e-05,1.1611747133953883e-05,50,122,COMPLETE,0.0,,,,,,,,,,,,,,,,,,,,
216,216,0.5199315313044757,2023-08-23 22:14:22.093796,2023-08-23 22:14:23.900114,0 days 00:00:01.806318,1.0,3,0.9,9.390746908460636e-05,0.7712224176269163,50,62,COMPLETE,0.0,,,,,,,,,,,,,,,,,,,,
217,217,0.5490253309704993,2023-08-23 22:14:22.193335,2023-08-23 22:14:23.660619,0 days 00:00:01.467284,1.0,3,0.9,0.00010385278132998963,0.977656167675974,40,62,COMPLETE,0.0,,,,,,,,,,,,,,,,,,,,
218,218,0.5214038971448912,2023-08-23 22:14:22.345739,2023-08-23 22:14:25.029430,0 days 00:00:02.683691,1.0,3,0.9,7.680925433097825e-05,5.232259209395514e-05,40,80,COMPLETE,0.0,,,,,,,,,,,,,,,,,,,,
219,219,0.532360197368421,2023-08-23 22:14:22.470912,2023-08-23 22:14:24.959637,0 days 00:00:02.488725,1.0,3,0.9,0.00010494128827153948,0.00011614032441461194,40,82,COMPLETE,0.0,,,,,,,,,,,,,,,,,,,,
220,220,0.5324146879460231,2023-08-23 22:14:23.245379,2023-08-23 22:14:25.259400,0 days 00:00:02.014021,1.0,3,0.9,0.0001082348337579499,3.317020419037114e-05,60,79,COMPLETE,0.0,,,,,,,,,,,,,,,,,,,,
221,221,0.5297118161607347,2023-08-23 22:14:23.706871,2023-08-23 22:14:26.194991,0 days 00:00:02.488120,1.0,3,0.9,0.00010325780929850049,4.31879807228221e-05,50,79,COMPLETE,0.0,,,,,,,,,,,,,,,,,,,,
222,222,0.5349658290834761,2023-08-23 22:14:23.945707,2023-08-23 22:14:26.083318,0 days 00:00:02.137611,1.0,3,0.9,7.669272295630035e-05,0.9803586005994728,50,79,COMPLETE,0.0,,,,,,,,,,,,,,,,,,,,
223,223,0.5540627099314159,2023-08-23 22:14:24.181002,2023-08-23 22:14:25.625623,0 days 00:00:01.444621,1.0,3,0.9,7.697118784594979e-05,0.912873390504358,50,50,COMPLETE,0.0,,,,,,,,,,,,,,,,,,,,
224,224,0.5366900639117664,2023-08-23 22:14:24.276911,2023-08-23 22:14:25.977315,0 days 00:00:01.700404,1.0,3,0.9,7.782048699324868e-05,0.00011562247708976782,40,54,COMPLETE,0.0,,,,,,,,,,,,,,,,,,,,
225,225,0.5358807858807859,2023-08-23 22:14:25.004908,2023-08-23 22:14:27.107919,0 days 00:00:02.103011,1.0,3,0.9,7.555931935170761e-05,0.7895432187019881,60,54,COMPLETE,0.0,,,,,,,,,,,,,,,,,,,,
226,226,0.518340444542282,2023-08-23 22:14:25.087219,2023-08-23 22:14:28.473760,0 days 00:00:03.386541,1.0,3,0.9,5.5675566131392116e-05,3.5717180192508576e-05,20,122,COMPLETE,0.0,,,,,,,,,,,,,,,,,,,,
227,227,0.5274110210611902,2023-08-23 22:14:25.306369,2023-08-23 22:14:27.200499,0 days 00:00:01.894130,1.0,3,0.9,4.817897830926094e-05,0.0001893345284739998,20,54,COMPLETE,0.0,,,,,,,,,,,,,,,,,,,,
228,228,0.5366900639117664,2023-08-23 22:14:25.535843,2023-08-23 22:14:27.536130,0 days 00:00:02.000287,1.0,3,0.9,4.671231251489157e-05,0.00019968654811060494,40,54,COMPLETE,0.0,,,,,,,,,,,,,,,,,,,,
229,229,0.527959484849076,2023-08-23 22:14:25.669246,2023-08-23 22:14:27.019876,0 days 00:00:01.350630,1.0,3,0.9,0.00015341798985799896,0.7882261904654853,50,51,COMPLETE,0.0,,,,,,,,,,,,,,,,,,,,
230,230,0.5546412932813456,2023-08-23 22:14:26.023764,2023-08-23 22:14:27.603161,0 days 00:00:01.579397,1.0,3,0.9,0.0001273155484192916,0.9631828671607614,50,48,COMPLETE,0.0,,,,,,,,,,,,,,,,,,,,
231,231,0.5511555789596864,2023-08-23 22:14:26.127883,2023-08-23 22:14:27.744411,0 days 00:00:01.616528,1.0,3,0.9,4.433428838725245e-05,0.46874345458214667,70,47,COMPLETE,0.0,,,,,,,,,,,,,,,,,,,,
232,232,0.5430131286150621,2023-08-23 22:14:26.245063,2023-08-23 22:14:27.346295,0 days 00:00:01.101232,1.0,3,0.9,4.8811240601699463e-05,0.48948235120696465,70,47,COMPLETE,0.0,,,,,,,,,,,,,,,,,,,,
233,233,0.5335319472616633,2023-08-23 22:14:27.063356,2023-08-23 22:14:28.738675,0 days 00:00:01.675319,1.0,3,0.9,4.7383005036091454e-05,0.44219443360171495,20,45,COMPLETE,0.0,,,,,,,,,,,,,,,,,,,,
234,234,0.5420140726652138,2023-08-23 22:14:27.151516,2023-08-23 22:14:28.800512,0 days 00:00:01.648996,1.0,3,0.9,4.819837423260891e-05,0.38564079592592515,20,46,COMPLETE,0.0,,,,,,,,,,,,,,,,,,,,
235,235,0.5327757748618877,2023-08-23 22:14:27.243898,2023-08-23 22:14:28.603706,0 days 00:00:01.359808,0.9,3,0.9,4.6624417049902045e-05,0.4198434245399194,20,32,COMPLETE,0.0,,,,,,,,,,,,,,,,,,,,
236,236,0.5251007753799842,2023-08-23 22:14:27.391936,2023-08-23 22:14:29.041018,0 days 00:00:01.649082,0.9,3,0.9,0.018375506704165195,0.35824035736776083,20,35,COMPLETE,0.0,,,,,,,,,,,,,,,,,,,,
237,237,0.5199271524311692,2023-08-23 22:14:27.581716,2023-08-23 22:14:29.390009,0 days 00:00:01.808293,0.9,3,0.9,0.0001682344549332089,0.40717105084954347,20,43,COMPLETE,0.0,,,,,,,,,,,,,,,,,,,,
238,238,0.5388751033912325,2023-08-23 22:14:27.646996,2023-08-23 22:14:29.664049,0 days 00:00:02.017053,1.0,3,0.9,0.0001444864147207538,0.44754917988067444,50,61,COMPLETE,0.0,,,,,,,,,,,,,,,,,,,,
239,239,0.5443583391560269,2023-08-23 22:14:27.789583,2023-08-23 22:14:28.960989,0 days 00:00:01.171406,1.0,3,0.9,0.01585840028309871,0.9689456112173923,80,32,COMPLETE,0.0,,,,,,,,,,,,,,,,,,,,
240,240,0.536365411304068,2023-08-23 22:14:28.514991,2023-08-23 22:14:30.070899,0 days 00:00:01.555908,0.9,3,0.9,0.016538865627427957,0.9729464493826313,50,44,COMPLETE,0.0,,,,,,,,,,,,,,,,,,,,
241,241,0.5399451505242658,2023-08-23 22:14:28.645212,2023-08-23 22:14:31.191605,0 days 00:00:02.546393,0.9,3,0.9,0.00016583930791316598,0.9515430411166905,60,105,COMPLETE,0.0,,,,,,,,,,,,,,,,,,,,
242,242,0.5316405183458299,2023-08-23 22:14:28.787406,2023-08-23 22:14:30.525922,0 days 00:00:01.738516,0.9,3,0.9,0.020208410867901323,0.6709745515389065,90,40,COMPLETE,0.0,,,,,,,,,,,,,,,,,,,,
243,243,0.5241529009234391,2023-08-23 22:14:28.844633,2023-08-23 22:14:30.433436,0 days 00:00:01.588803,0.9,3,0.9,0.0001597268958847043,0.9344364279345898,50,39,COMPLETE,0.0,,,,,,,,,,,,,,,,,,,,
244,244,0.530279094260137,2023-08-23 22:14:29.005030,2023-08-23 22:14:31.068165,0 days 00:00:02.063135,0.9,3,0.9,0.007689848453597759,0.598323274607652,50,60,COMPLETE,0.0,,,,,,,,,,,,,,,,,,,,
245,245,0.5389097744360902,2023-08-23 22:14:29.084747,2023-08-23 22:14:30.684675,0 days 00:00:01.599928,0.9,3,0.9,0.00016180943901391407,0.6983826517332591,80,41,COMPLETE,0.0,,,,,,,,,,,,,,,,,,,,
246,246,0.5159316458339509,2023-08-23 22:14:29.431540,2023-08-23 22:14:31.864508,0 days 00:00:02.432968,0.9,3,0.9,0.00014073777905752326,9.264150098515123e-05,50,108,COMPLETE,0.0,,,,,,,,,,,,,,,,,,,,
247,247,0.5362740765771621,2023-08-23 22:14:29.711627,2023-08-23 22:14:31.565348,0 days 00:00:01.853721,0.9,3,0.9,0.008618901345805213,0.6568855245158239,50,60,COMPLETE,0.0,,,,,,,,,,,,,,,,,,,,
248,248,0.5480977436261425,2023-08-23 22:14:30.112703,2023-08-23 22:14:31.521562,0 days 00:00:01.408859,1.0,3,0.9,0.006343148357129462,9.895762254070945e-05,90,61,COMPLETE,0.0,,,,,,,,,,,,,,,,,,,,
249,249,0.527266081871345,2023-08-23 22:14:30.477731,2023-08-23 22:14:31.760389,0 days 00:00:01.282658,1.0,3,0.9,0.0072833483003631,8.31283334696584e-05,30,59,COMPLETE,0.0,,,,,,,,,,,,,,,,,,,,
