,number,value,datetime_start,datetime_complete,duration,params_bagging_fraction,params_bagging_freq,params_feature_fraction,params_lambda_l1,params_lambda_l2,params_min_child_samples,params_num_leaves,state,best_trial,dev_acc,dev_recall_macro,dev_precision_macro,dev_f1_macro,dev_recall_0,dev_precision_0,dev_f1_0,dev_recall_1,dev_precision_1,dev_f1_1,test_acc,test_recall_macro,test_precision_macro,test_f1_macro,test_recall_0,test_precision_0,test_f1_0,test_recall_1,test_precision_1,test_f1_1
201,201,0.5853269537480064,2023-08-24 14:31:18.264630,2023-08-24 14:31:19.941381,0 days 00:00:01.676751,0.6000000000000001,3,0.4,1.491373651475961e-08,3.386267120434713e-07,10,131,COMPLETE,0.0,,,,,,,,,,,,,,,,,,,,
202,202,0.5853269537480064,2023-08-24 14:31:18.312455,2023-08-24 14:31:19.767646,0 days 00:00:01.455191,0.6000000000000001,3,0.4,9.347292527544081e-07,2.837375420623457e-07,10,245,COMPLETE,0.0,,,,,,,,,,,,,,,,,,,,
203,203,0.580475998386446,2023-08-24 14:31:18.328026,2023-08-24 14:31:19.869891,0 days 00:00:01.541865,0.6000000000000001,3,0.4,1.2584678519077072e-06,0.06358669178008058,10,219,COMPLETE,0.0,,,,,,,,,,,,,,,,,,,,
204,204,0.5771035345636535,2023-08-24 14:31:18.373853,2023-08-24 14:31:20.285244,0 days 00:00:01.911391,0.6000000000000001,2,0.4,1.505778373616395e-08,3.0061487119943664e-07,10,221,COMPLETE,0.0,,,,,,,,,,,,,,,,,,,,
205,205,0.5853269537480064,2023-08-24 14:31:19.039071,2023-08-24 14:31:20.462471,0 days 00:00:01.423400,0.6000000000000001,3,0.4,1.0794093300606083e-06,2.820748529849443e-07,10,246,COMPLETE,0.0,,,,,,,,,,,,,,,,,,,,
206,206,0.5853269537480064,2023-08-24 14:31:19.088773,2023-08-24 14:31:20.345104,0 days 00:00:01.256331,0.6000000000000001,3,0.4,1.348265340191626e-08,3.2385742609154554e-07,10,150,COMPLETE,0.0,,,,,,,,,,,,,,,,,,,,
207,207,0.5853269537480064,2023-08-24 14:31:19.406387,2023-08-24 14:31:20.779026,0 days 00:00:01.372639,0.6000000000000001,3,0.4,1.6719449377311445e-08,3.1248655384551597e-07,10,183,COMPLETE,0.0,,,,,,,,,,,,,,,,,,,,
208,208,0.5853269537480064,2023-08-24 14:31:19.716141,2023-08-24 14:31:21.093145,0 days 00:00:01.377004,0.6000000000000001,3,0.4,1.4685035799822962e-08,1.483944361312509e-07,10,245,COMPLETE,0.0,,,,,,,,,,,,,,,,,,,,
209,209,0.5853269537480064,2023-08-24 14:31:19.810217,2023-08-24 14:31:21.500434,0 days 00:00:01.690217,0.6000000000000001,3,0.4,1.4765723869840667e-08,3.1899752661209926e-07,10,245,COMPLETE,0.0,,,,,,,,,,,,,,,,,,,,
210,210,0.5853269537480064,2023-08-24 14:31:19.912854,2023-08-24 14:31:21.353956,0 days 00:00:01.441102,0.6000000000000001,3,0.4,1.775086773923949e-08,1.7892945104972986e-07,10,217,COMPLETE,0.0,,,,,,,,,,,,,,,,,,,,
211,211,0.5853269537480064,2023-08-24 14:31:19.986863,2023-08-24 14:31:21.566354,0 days 00:00:01.579491,0.6000000000000001,3,0.4,1.0628640126503588e-08,1.4986261185445165e-07,10,217,COMPLETE,0.0,,,,,,,,,,,,,,,,,,,,
212,212,0.5933834586466165,2023-08-24 14:31:20.337047,2023-08-24 14:31:21.824935,0 days 00:00:01.487888,0.6000000000000001,3,0.4,5.0495259723571387e-08,0.15055403520331442,10,214,COMPLETE,0.0,,,,,,,,,,,,,,,,,,,,
213,213,0.5594997983057685,2023-08-24 14:31:20.403389,2023-08-24 14:31:21.886386,0 days 00:00:01.482997,0.6000000000000001,3,0.4,1.3189816474965679e-08,0.21858187580690755,10,128,COMPLETE,0.0,,,,,,,,,,,,,,,,,,,,
214,214,0.5853269537480064,2023-08-24 14:31:20.510711,2023-08-24 14:31:21.980953,0 days 00:00:01.470242,0.6000000000000001,3,0.4,1.027248743456387e-08,1.7828422935789211e-07,10,149,COMPLETE,0.0,,,,,,,,,,,,,,,,,,,,
215,215,0.5853269537480064,2023-08-24 14:31:20.822621,2023-08-24 14:31:22.082835,0 days 00:00:01.260214,0.6000000000000001,3,0.4,1.552811418833502e-08,1.651584705289752e-07,10,181,COMPLETE,0.0,,,,,,,,,,,,,,,,,,,,
216,216,0.5853269537480064,2023-08-24 14:31:21.140948,2023-08-24 14:31:22.375079,0 days 00:00:01.234131,0.6000000000000001,3,0.4,1.5877857319559196e-08,1.4818021789223135e-07,10,215,COMPLETE,0.0,,,,,,,,,,,,,,,,,,,,
217,217,0.5853269537480064,2023-08-24 14:31:21.412835,2023-08-24 14:31:22.668705,0 days 00:00:01.255870,0.6000000000000001,3,0.4,1.5682782380612963e-08,1.5096672399587316e-07,10,214,COMPLETE,0.0,,,,,,,,,,,,,,,,,,,,
218,218,0.5853269537480064,2023-08-24 14:31:21.544664,2023-08-24 14:31:22.850098,0 days 00:00:01.305434,0.6000000000000001,3,0.4,1.3488258154721704e-08,1.334228037411142e-07,10,215,COMPLETE,0.0,,,,,,,,,,,,,,,,,,,,
219,219,0.5853269537480064,2023-08-24 14:31:21.614385,2023-08-24 14:31:22.950154,0 days 00:00:01.335769,0.6000000000000001,3,0.4,1.0023158597516239e-08,1.4740568608928375e-07,10,212,COMPLETE,0.0,,,,,,,,,,,,,,,,,,,,
220,220,0.5853269537480064,2023-08-24 14:31:21.870614,2023-08-24 14:31:23.859832,0 days 00:00:01.989218,0.6000000000000001,3,0.4,1.548653696283539e-08,1.411339108795535e-07,10,185,COMPLETE,0.0,,,,,,,,,,,,,,,,,,,,
221,221,0.5853269537480064,2023-08-24 14:31:21.931203,2023-08-24 14:31:23.483369,0 days 00:00:01.552166,0.6000000000000001,3,0.4,1.6603382946806264e-08,1.4771999962801286e-07,10,214,COMPLETE,0.0,,,,,,,,,,,,,,,,,,,,
222,222,0.553921568627451,2023-08-24 14:31:22.025936,2023-08-24 14:31:23.206574,0 days 00:00:01.180638,0.6000000000000001,3,0.4,1.5618171874880568e-08,1.5606229266709452e-07,10,24,COMPLETE,0.0,,,,,,,,,,,,,,,,,,,,
223,223,0.5853269537480064,2023-08-24 14:31:22.128658,2023-08-24 14:31:23.589472,0 days 00:00:01.460814,0.6000000000000001,3,0.4,1.7384592792991457e-08,1.8617186242175344e-07,10,182,COMPLETE,0.0,,,,,,,,,,,,,,,,,,,,
224,224,0.5853269537480064,2023-08-24 14:31:22.427134,2023-08-24 14:31:23.699700,0 days 00:00:01.272566,0.6000000000000001,3,0.4,1.0370083707667527e-08,1.6576244664719419e-07,10,214,COMPLETE,0.0,,,,,,,,,,,,,,,,,,,,
225,225,0.5853269537480064,2023-08-24 14:31:22.712887,2023-08-24 14:31:23.998690,0 days 00:00:01.285803,0.6000000000000001,3,0.4,1.0700045125426158e-08,1.507587216200267e-07,10,212,COMPLETE,0.0,,,,,,,,,,,,,,,,,,,,
226,226,0.5853269537480064,2023-08-24 14:31:22.891243,2023-08-24 14:31:24.700521,0 days 00:00:01.809278,0.6000000000000001,3,0.4,1.0617698580195648e-08,1.5010807514084865e-07,10,183,COMPLETE,0.0,,,,,,,,,,,,,,,,,,,,
227,227,0.5853269537480064,2023-08-24 14:31:22.994995,2023-08-24 14:31:24.253540,0 days 00:00:01.258545,0.6000000000000001,3,0.4,1.7768609954562542e-08,1.7584332221304596e-07,10,184,COMPLETE,0.0,,,,,,,,,,,,,,,,,,,,
228,228,0.5853269537480064,2023-08-24 14:31:23.249391,2023-08-24 14:31:24.611810,0 days 00:00:01.362419,0.6000000000000001,3,0.4,1.7345615990201373e-08,2.2671725891424786e-07,10,216,COMPLETE,0.0,,,,,,,,,,,,,,,,,,,,
229,229,0.5853269537480064,2023-08-24 14:31:23.528345,2023-08-24 14:31:24.895509,0 days 00:00:01.367164,0.6000000000000001,3,0.4,1.0299716450365408e-08,2.3670486971320548e-07,10,185,COMPLETE,0.0,,,,,,,,,,,,,,,,,,,,
230,230,0.5853269537480064,2023-08-24 14:31:23.638727,2023-08-24 14:31:25.190197,0 days 00:00:01.551470,0.6000000000000001,3,0.4,1.0128269668502017e-08,2.381802466276515e-07,10,216,COMPLETE,0.0,,,,,,,,,,,,,,,,,,,,
231,231,0.5853269537480064,2023-08-24 14:31:23.751108,2023-08-24 14:31:25.011210,0 days 00:00:01.260102,0.6000000000000001,3,0.4,1.862220653223197e-08,9.601389569802695e-08,10,202,COMPLETE,0.0,,,,,,,,,,,,,,,,,,,,
232,232,0.5853269537480064,2023-08-24 14:31:23.904682,2023-08-24 14:31:25.477604,0 days 00:00:01.572922,0.6000000000000001,3,0.4,1.988887152321997e-08,9.467952470280685e-08,10,217,COMPLETE,0.0,,,,,,,,,,,,,,,,,,,,
233,233,0.5853269537480064,2023-08-24 14:31:24.042267,2023-08-24 14:31:25.271998,0 days 00:00:01.229731,0.6000000000000001,3,0.4,2.337675601955417e-08,2.601893020145597e-07,10,200,COMPLETE,0.0,,,,,,,,,,,,,,,,,,,,
234,234,0.5853269537480064,2023-08-24 14:31:24.297058,2023-08-24 14:31:25.619292,0 days 00:00:01.322234,0.6000000000000001,3,0.4,2.2562006617245835e-08,3.176931387383597e-07,10,201,COMPLETE,0.0,,,,,,,,,,,,,,,,,,,,
235,235,0.5853269537480064,2023-08-24 14:31:24.655190,2023-08-24 14:31:26.228181,0 days 00:00:01.572991,0.6000000000000001,3,0.4,3.165601643224142e-08,9.488457167095197e-08,10,205,COMPLETE,0.0,,,,,,,,,,,,,,,,,,,,
236,236,0.5853269537480064,2023-08-24 14:31:24.746843,2023-08-24 14:31:26.064039,0 days 00:00:01.317196,0.6000000000000001,3,0.4,2.8627325905040804e-08,9.46508382153583e-08,10,204,COMPLETE,0.0,,,,,,,,,,,,,,,,,,,,
237,237,0.5853269537480064,2023-08-24 14:31:24.938907,2023-08-24 14:31:26.438121,0 days 00:00:01.499214,0.6000000000000001,3,0.4,2.6370706981090738e-08,8.50424113085438e-08,10,205,COMPLETE,0.0,,,,,,,,,,,,,,,,,,,,
238,238,0.5853269537480064,2023-08-24 14:31:25.069713,2023-08-24 14:31:26.314396,0 days 00:00:01.244683,0.6000000000000001,3,0.4,3.073143602919297e-08,9.095430318747017e-08,10,206,COMPLETE,0.0,,,,,,,,,,,,,,,,,,,,
239,239,0.5853269537480064,2023-08-24 14:31:25.239866,2023-08-24 14:31:26.609111,0 days 00:00:01.369245,0.6000000000000001,3,0.4,2.803301314752826e-08,1.0412465726841752e-07,10,208,COMPLETE,0.0,,,,,,,,,,,,,,,,,,,,
240,240,0.5853269537480064,2023-08-24 14:31:25.316220,2023-08-24 14:31:26.672052,0 days 00:00:01.355832,0.6000000000000001,3,0.4,3.1427093125954256e-08,8.496524731921676e-08,10,206,COMPLETE,0.0,,,,,,,,,,,,,,,,,,,,
241,241,0.5853269537480064,2023-08-24 14:31:25.522038,2023-08-24 14:31:26.971144,0 days 00:00:01.449106,0.6000000000000001,3,0.4,3.065976783831887e-08,4.510124300456475e-07,10,207,COMPLETE,0.0,,,,,,,,,,,,,,,,,,,,
242,242,0.5853269537480064,2023-08-24 14:31:25.662729,2023-08-24 14:31:26.880996,0 days 00:00:01.218267,0.6000000000000001,3,0.4,3.4380412002808596e-08,6.594405950962617e-08,10,209,COMPLETE,0.0,,,,,,,,,,,,,,,,,,,,
243,243,0.5853269537480064,2023-08-24 14:31:26.114637,2023-08-24 14:31:27.384057,0 days 00:00:01.269420,0.6000000000000001,3,0.4,4.848699363889208e-08,5.9420274880729374e-08,10,150,COMPLETE,0.0,,,,,,,,,,,,,,,,,,,,
244,244,0.5853269537480064,2023-08-24 14:31:26.271431,2023-08-24 14:31:27.558853,0 days 00:00:01.287422,0.6000000000000001,3,0.4,4.654570010000867e-08,5.944751304325397e-08,10,210,COMPLETE,0.0,,,,,,,,,,,,,,,,,,,,
245,245,0.5853269537480064,2023-08-24 14:31:26.361172,2023-08-24 14:31:27.605155,0 days 00:00:01.243983,0.6000000000000001,3,0.4,1.4688351543698152e-08,3.943366610503182e-07,10,192,COMPLETE,0.0,,,,,,,,,,,,,,,,,,,,
246,246,0.5853269537480064,2023-08-24 14:31:26.481704,2023-08-24 14:31:27.846751,0 days 00:00:01.365047,0.6000000000000001,3,0.4,4.604160068294497e-08,3.608679536856753e-07,10,211,COMPLETE,0.0,,,,,,,,,,,,,,,,,,,,
247,247,0.5853269537480064,2023-08-24 14:31:26.659704,2023-08-24 14:31:27.927739,0 days 00:00:01.268035,0.6000000000000001,3,0.4,4.8649204980617435e-08,4.269780752403063e-07,10,211,COMPLETE,0.0,,,,,,,,,,,,,,,,,,,,
248,248,0.47559499798305765,2023-08-24 14:31:26.718362,2023-08-24 14:31:27.985968,0 days 00:00:01.267606,0.6000000000000001,3,0.9,1.2825285961722562e-08,4.929492165593351e-08,10,167,COMPLETE,0.0,,,,,,,,,,,,,,,,,,,,
249,249,0.5853269537480064,2023-08-24 14:31:26.923883,2023-08-24 14:31:28.043343,0 days 00:00:01.119460,0.6000000000000001,3,0.4,1.417599692752176e-08,4.000345992060053e-07,10,193,COMPLETE,0.0,,,,,,,,,,,,,,,,,,,,
