,number,value,datetime_start,datetime_complete,duration,params_bagging_fraction,params_bagging_freq,params_feature_fraction,params_lambda_l1,params_lambda_l2,params_min_child_samples,params_num_leaves,state,best_trial,dev_acc,dev_recall_macro,dev_precision_macro,dev_f1_macro,dev_recall_0,dev_precision_0,dev_f1_0,dev_recall_1,dev_precision_1,dev_f1_1,test_acc,test_recall_macro,test_precision_macro,test_f1_macro,test_recall_0,test_precision_0,test_f1_0,test_recall_1,test_precision_1,test_f1_1
210,210,0.6813630756578948,2023-08-23 22:55:32.660456,2023-08-23 22:55:36.184726,0 days 00:00:03.524270,0.9,3,0.5,0.47912511143390135,0.0010402924076376673,10,84,COMPLETE,0.0,,,,,,,,,,,,,,,,,,,,
211,211,0.6790721912158797,2023-08-23 22:55:33.312611,2023-08-23 22:55:36.700834,0 days 00:00:03.388223,0.9,3,0.7000000000000001,0.5019093403475953,0.0011699775458421523,10,79,COMPLETE,0.0,,,,,,,,,,,,,,,,,,,,
212,212,0.6815774740486207,2023-08-23 22:55:34.868103,2023-08-23 22:55:41.358091,0 days 00:00:06.489988,0.6000000000000001,3,0.7000000000000001,0.4685960484654149,0.0011855733044775568,10,149,COMPLETE,0.0,,,,,,,,,,,,,,,,,,,,
213,213,0.6788715432363699,2023-08-23 22:55:34.952034,2023-08-23 22:55:38.393249,0 days 00:00:03.441215,0.9,3,0.5,0.46945696186845287,0.00011644656710819114,30,89,COMPLETE,0.0,,,,,,,,,,,,,,,,,,,,
214,214,0.677372932586438,2023-08-23 22:55:35.040981,2023-08-23 22:55:38.828271,0 days 00:00:03.787290,0.9,3,0.5,0.46404454646498566,0.0013373460928720069,60,89,COMPLETE,0.0,,,,,,,,,,,,,,,,,,,,
215,215,0.6759582194620698,2023-08-23 22:55:35.265152,2023-08-23 22:55:41.047843,0 days 00:00:05.782691,0.9,3,0.5,0.649617303418642,0.0011621336593938033,30,217,COMPLETE,0.0,,,,,,,,,,,,,,,,,,,,
216,216,0.6696755080312919,2023-08-23 22:55:35.999461,2023-08-23 22:55:39.579045,0 days 00:00:03.579584,0.9,3,0.5,0.6919803703740648,0.00045491206152429165,30,90,COMPLETE,0.0,,,,,,,,,,,,,,,,,,,,
217,217,0.671969428114408,2023-08-23 22:55:36.137069,2023-08-23 22:55:39.246480,0 days 00:00:03.109411,0.9,3,0.4,0.0014014828554745748,0.0001241326156702445,60,89,COMPLETE,0.0,,,,,,,,,,,,,,,,,,,,
218,218,0.6903207887793362,2023-08-23 22:55:36.234073,2023-08-23 22:55:38.670230,0 days 00:00:02.436157,0.9,3,0.7000000000000001,0.6591777514179403,0.0004616833869420874,20,42,COMPLETE,0.0,,,,,,,,,,,,,,,,,,,,
219,219,0.6615840439369851,2023-08-23 22:55:36.752507,2023-08-23 22:55:41.522196,0 days 00:00:04.769689,0.9,3,0.4,0.2413052648267723,0.0001328285469120566,30,148,COMPLETE,0.0,,,,,,,,,,,,,,,,,,,,
220,220,0.6769958549701836,2023-08-23 22:55:38.458781,2023-08-23 22:55:40.532445,0 days 00:00:02.073664,0.9,3,0.4,9.554981469504256e-06,0.0004523214269016302,60,42,COMPLETE,0.0,,,,,,,,,,,,,,,,,,,,
221,221,0.6744860197368421,2023-08-23 22:55:38.723985,2023-08-23 22:55:40.405082,0 days 00:00:01.681097,0.9,3,0.4,1.7844321098237328e-05,0.0006137048076460531,60,43,COMPLETE,0.0,,,,,,,,,,,,,,,,,,,,
222,222,0.6752979976564077,2023-08-23 22:55:38.892557,2023-08-23 22:55:40.937730,0 days 00:00:02.045173,0.9,3,0.4,0.7253880455342415,0.0005378774660371027,20,43,COMPLETE,0.0,,,,,,,,,,,,,,,,,,,,
223,223,0.6905324835526316,2023-08-23 22:55:39.295134,2023-08-23 22:55:41.251043,0 days 00:00:01.955909,0.9,3,0.4,0.6612904557524999,0.0005515921917166576,20,42,COMPLETE,0.0,,,,,,,,,,,,,,,,,,,,
224,224,0.6703418540190946,2023-08-23 22:55:39.624936,2023-08-23 22:55:41.618937,0 days 00:00:01.994001,0.9,3,0.4,0.7064600480011108,0.0002722009220192283,20,42,COMPLETE,0.0,,,,,,,,,,,,,,,,,,,,
225,225,0.6841294458229943,2023-08-23 22:55:40.457679,2023-08-23 22:55:41.747509,0 days 00:00:01.289830,0.9,3,0.4,0.7552762958086306,0.0003327448953459533,20,16,COMPLETE,0.0,,,,,,,,,,,,,,,,,,,,
226,226,0.6627937477819439,2023-08-23 22:55:40.592552,2023-08-23 22:55:42.395760,0 days 00:00:01.803208,0.9,3,0.7000000000000001,0.7051556512610662,0.0002807944879359374,20,28,COMPLETE,0.0,,,,,,,,,,,,,,,,,,,,
227,227,0.6702436938312061,2023-08-23 22:55:40.996330,2023-08-23 22:55:42.298373,0 days 00:00:01.302043,0.9,3,0.7000000000000001,0.29537525922160257,0.0003353980290558541,20,13,COMPLETE,0.0,,,,,,,,,,,,,,,,,,,,
228,228,0.6681816719119057,2023-08-23 22:55:41.097530,2023-08-23 22:55:42.892311,0 days 00:00:01.794781,0.9,3,0.7000000000000001,0.24048627167373515,0.00023043009949868696,20,27,COMPLETE,0.0,,,,,,,,,,,,,,,,,,,,
229,229,0.6813630756578948,2023-08-23 22:55:41.309700,2023-08-23 22:55:42.834719,0 days 00:00:01.525019,0.9,3,0.4,0.0041920907175076036,0.0003313536177020383,20,26,COMPLETE,0.0,,,,,,,,,,,,,,,,,,,,
230,230,0.6853252259359748,2023-08-23 22:55:41.405446,2023-08-23 22:55:43.282142,0 days 00:00:01.876696,0.9,3,0.4,0.23863440130148156,0.00027719505469009343,20,27,COMPLETE,0.0,,,,,,,,,,,,,,,,,,,,
231,231,0.664659488020877,2023-08-23 22:55:41.570142,2023-08-23 22:55:43.763674,0 days 00:00:02.193532,0.9,3,0.4,0.006741577729138849,0.0002740579828132956,20,26,COMPLETE,0.0,,,,,,,,,,,,,,,,,,,,
232,232,0.6961162843515785,2023-08-23 22:55:41.665835,2023-08-23 22:55:43.018795,0 days 00:00:01.352960,0.9,3,0.4,0.3357986172126502,0.0003695469874707665,20,13,COMPLETE,0.0,,,,,,,,,,,,,,,,,,,,
233,233,0.6809235583554649,2023-08-23 22:55:41.797533,2023-08-23 22:55:43.636947,0 days 00:00:01.839414,0.9,3,0.4,0.3305153189008008,8.013021950487975e-05,20,27,COMPLETE,0.0,,,,,,,,,,,,,,,,,,,,
234,234,0.6658853513022995,2023-08-23 22:55:42.345652,2023-08-23 22:55:44.239503,0 days 00:00:01.893851,0.9,3,0.4,0.3586683561824456,4.8054412863164285e-06,20,37,COMPLETE,0.0,,,,,,,,,,,,,,,,,,,,
235,235,0.6679457404781133,2023-08-23 22:55:42.440355,2023-08-23 22:55:44.998560,0 days 00:00:02.558205,0.9,3,0.4,0.34666837458059324,7.74831140837265e-05,20,55,COMPLETE,0.0,,,,,,,,,,,,,,,,,,,,
236,236,0.6564619520264682,2023-08-23 22:55:42.888578,2023-08-23 22:55:46.756770,0 days 00:00:03.868192,0.9,3,0.4,0.3587135806440962,8.865606773998003e-05,20,105,COMPLETE,0.0,,,,,,,,,,,,,,,,,,,,
237,237,0.6928248355263158,2023-08-23 22:55:42.941889,2023-08-23 22:55:45.755795,0 days 00:00:02.813906,1.0,3,0.4,0.34082231673887114,7.5511365061692e-05,20,55,COMPLETE,0.0,,,,,,,,,,,,,,,,,,,,
238,238,0.6898869459967552,2023-08-23 22:55:43.064549,2023-08-23 22:55:44.131028,0 days 00:00:01.066479,0.9,3,0.4,0.34988852078425337,8.282014207106314e-05,20,10,COMPLETE,0.0,,,,,,,,,,,,,,,,,,,,
239,239,0.6736613196203342,2023-08-23 22:55:43.356638,2023-08-23 22:55:45.305827,0 days 00:00:01.949189,0.9,3,0.4,0.37996516047530365,0.00071574939150597,20,38,COMPLETE,0.0,,,,,,,,,,,,,,,,,,,,
240,240,0.6752979976564077,2023-08-23 22:55:43.687267,2023-08-23 22:55:45.621512,0 days 00:00:01.934245,0.9,3,0.4,0.3349468172765566,4.070529792099116e-06,20,39,COMPLETE,0.0,,,,,,,,,,,,,,,,,,,,
241,241,0.6800486885808443,2023-08-23 22:55:43.808359,2023-08-23 22:55:44.603832,0 days 00:00:00.795473,0.9,3,0.4,0.3749398262614711,0.0006804670367065982,30,10,COMPLETE,0.0,,,,,,,,,,,,,,,,,,,,
242,242,0.6856990367226807,2023-08-23 22:55:44.186751,2023-08-23 22:55:44.790036,0 days 00:00:00.603285,0.9,3,0.4,0.3567944254479684,4.293315177293022e-06,20,4,COMPLETE,0.0,,,,,,,,,,,,,,,,,,,,
243,243,0.6761710506904757,2023-08-23 22:55:44.287786,2023-08-23 22:55:46.428652,0 days 00:00:02.140866,1.0,3,0.4,0.028543946026833487,0.0007432808071254667,20,40,COMPLETE,0.0,,,,,,,,,,,,,,,,,,,,
244,244,0.690566428497463,2023-08-23 22:55:44.650424,2023-08-23 22:55:45.402964,0 days 00:00:00.752540,1.0,3,0.4,0.2050020994228909,7.946016059687022e-05,20,8,COMPLETE,0.0,,,,,,,,,,,,,,,,,,,,
245,245,0.6876137697473494,2023-08-23 22:55:44.836811,2023-08-23 22:55:46.127353,0 days 00:00:01.290542,1.0,3,0.4,0.2005662906396559,0.00018684399470149805,20,19,COMPLETE,0.0,,,,,,,,,,,,,,,,,,,,
246,246,0.6800012388247683,2023-08-23 22:55:45.060880,2023-08-23 22:55:46.223541,0 days 00:00:01.162661,1.0,3,0.4,0.20734608418167305,0.00019465322525042964,20,18,COMPLETE,0.0,,,,,,,,,,,,,,,,,,,,
247,247,0.6824011054339794,2023-08-23 22:55:45.351997,2023-08-23 22:55:46.513767,0 days 00:00:01.161770,1.0,3,0.4,0.20459668867337888,0.001795388120264189,20,19,COMPLETE,0.0,,,,,,,,,,,,,,,,,,,,
248,248,0.6756837887180522,2023-08-23 22:55:45.460989,2023-08-23 22:55:46.078166,0 days 00:00:00.617177,1.0,3,0.4,0.20163266980130026,8.152225443460119e-05,20,6,COMPLETE,0.0,,,,,,,,,,,,,,,,,,,,
249,249,0.6730947907418495,2023-08-23 22:55:45.673435,2023-08-23 22:55:46.288905,0 days 00:00:00.615470,1.0,3,0.4,0.12265323266823022,8.684303708627953e-05,20,7,COMPLETE,0.0,,,,,,,,,,,,,,,,,,,,
